3
71850240 251844628 553958685
5
40700736 53587016 338627550 488888160 553958685
6
40700736 65967210 71850240 140811885 488888160 705429578
1
140811885
3
40700736 71850240 143143808
7
22127510 68386899 71850240 140811885 488888160 514610832 553958685
4
22127510 40700736 71850240 488888160
2
71850240 140811885
3
40700736 71850240 488888160
5
22127510 38954332 71850240 267666528 488888160
4
71850240 140811885 141519960 488888160
6
71850240 110434536 140811885 333017419 488888160 553958685
8
4618998 6600264 40700736 71850240 140811885 143143808 488888160 553958685
5
71850240 267666528 292774071 488888160 553958685
2
140811885 514610832
3
140811885 514610832 587678511
1
40700736
7
40700736 71850240 140811885 143143808 488888160 553958685 838886544
1
140811885
2
488888160 680904570
0

1
71850240
1
140811885
1
140811885
2
71850240 143143808
3
71850240 140811885 306947200
1
587678511
3
71850240 140811885 553958685
5
17449905 40700736 140811885 375114816 488888160
4
40700736 140811885 333017419 488888160
6
22127510 40700736 71850240 140811885 143143808 553958685
2
71850240 488888160
2
71850240 140811885
3
22127510 133499100 143143808
5
6600264 71850240 140811885 143143808 158305734
7
22127510 40700736 71850240 140811885 143143808 488888160 587678511
0

5
22127510 71850240 133499100 143143808 488888160
3
140811885 306410702 514610832
2
140811885 514610832
6
24733511 71850240 143143808 292774071 488888160 553958685
6
22127510 71850240 140811885 143143808 488888160 680904570
5
6600264 68386899 71850240 140811885 680904570
6
22127510 40700736 71850240 140811885 143143808 553958685
3
71850240 140811885 514610832
6
1830600 208326024 267666528 338627550 488888160 553958685
1
140811885
4
71850240 140811885 249957792 838886544
6
40700736 71850240 140811885 333017419 514610832 553958685
4
22127510 59151308 71850240 143143808
2
140811885 482934518
3
40700736 140811885 488888160
6
22127510 40700736 71850240 133499100 140811885 514610832
4
6600264 71850240 212772900 553958685
2
71850240 140811885
2
71850240 140811885
5
6600264 71850240 140811885 514610832 553958685
3
71850240 140811885 488888160
1
71850240
2
140811885 143143808
5
40700736 71850240 119415024 140811885 488888160
6
22127510 71850240 140811885 338627550 488888160 615472800
4
140811885 292774071 488888160 553958685
5
71850240 140811885 306947200 488888160 587678511
4
71850240 292774071 417097056 705429578
4
40700736 71850240 140811885 615472800
7
40700736 71850240 140811885 143143808 231436260 333017419 553958685
2
40700736 140811885
2
71850240 140811885
2
71850240 140811885
5
71850240 143143808 488888160 535304784 705429578
4
71850240 140811885 249957792 838886544
5
22127510 38954332 40700736 71850240 488888160
9
22127510 40700736 71850240 140811885 143143808 168783189 488888160 514610832 553958685
5
26912424 71850240 140811885 306947200 333017419
4
71850240 140811885 338627550 680904570
2
140811885 488888160
6
71850240 133499100 140811885 155027250 306947200 738319390
5
71850240 140811885 267666528 514610832 553958685
5
40700736 71850240 140811885 143143808 705429578
8
40700736 71850240 106058620 127043640 143143808 267666528 488888160 553958685
4
38954332 71850240 140811885 400091125
7
6252680 71850240 140811885 287723808 306947200 333017419 615472800
5
22127510 133499100 140811885 143143808 333017419
4
140811885 488888160 615472800 705429578
3
71850240 140811885 587678511
3
71850240 143143808 488888160
2
140811885 488888160
1
38954332
10
22127510 38954332 40700736 71850240 140811885 143143808 292774071 488888160 587678511 705429578
4
4618998 40700736 478015224 488888160
8
40700736 71850240 138132648 140811885 306410702 338627550 488888160 553958685
4
6600264 40700736 71850240 488888160
3
140811885 143143808 514610832
4
40700736 71850240 140811885 488888160
3
71850240 140811885 514610832
6
1830600 208326024 267666528 338627550 488888160 553958685
5
110434536 140811885 333017419 488888160 514610832
1
71850240
3
140811885 488888160 752883297
7
34647088 38954332 71850240 140811885 143143808 488888160 587678511
4
40700736 71850240 127043640 488888160
6
40700736 140811885 267666528 338627550 385821058 488888160
4
6252680 40700736 140811885 488888160
3
71850240 140811885 440562960
4
2323776 124668684 140811885 333017419
5
22127510 71850240 140811885 306947200 514610832
0

4
110434536 292774071 488888160 553958685
1
71850240
5
6252680 71850240 140811885 306947200 587678511
0

6
57750336 71850240 140811885 143143808 514610832 587678511
4
40700736 53587016 71850240 292774071
2
71850240 143143808
4
40700736 71850240 251844628 553958685
7
22127510 71850240 140811885 267666528 385821058 488888160 615472800
8
4618998 22127510 71850240 140811885 338627550 488888160 680904570 816643248
1
514610832
1
488888160
1
514610832
2
40700736 292774071
5
71850240 140811885 143143808 333017419 488888160
9
40700736 71850240 140811885 143143808 267666528 280089139 488888160 687744472 838886544
4
27422054 40700736 71850240 705429578
1
71850240
0

4
40700736 71850240 140811885 488888160
1
40700736
4
71850240 140811885 333017419 514610832
3
40700736 71850240 140811885
3
22127510 71850240 140811885
4
38954332 40700736 71850240 705429578
2
140811885 488888160
3
140811885 553958685 615472800
4
40700736 71850240 140811885 553958685
6
71850240 87355190 140811885 488888160 538906072 553958685
5
1830600 22127510 71850240 94203392 488888160
2
71850240 133499100
5
71850240 140811885 306947200 514610832 615472800
3
140811885 488888160 514610832
9
6600264 40700736 68386899 71850240 140811885 292774071 400091125 553958685 587678511
4
1830600 71850240 140811885 488888160
4
40700736 54089310 140811885 170193972
3
40700736 140811885 553958685
0

3
68386899 140811885 488888160
4
108293492 140811885 333017419 514610832
3
22127510 71850240 140811885
2
71850240 143143808
2
71850240 553958685
2
71850240 140811885
1
553958685
4
71850240 140811885 488888160 553958685
4
22127510 71850240 140811885 838886544
3
71850240 267666528 838886544
0

3
140811885 280089139 488888160
8
40700736 71850240 87355190 143143808 278443980 292774071 488888160 553958685
2
71850240 140811885
3
40700736 140811885 553958685
7
40700736 59151308 140811885 267666528 292774071 553958685 838886544
1
140811885
4
40700736 71850240 143143808 553958685
5
40700736 71850240 140811885 514610832 615472800
6
22127510 40700736 71850240 140811885 306947200 738319390
5
71850240 267666528 338627550 488888160 553958685
6
40700736 71850240 140811885 292774071 338627550 488888160
4
22127510 71850240 140811885 615472800
3
40700736 71850240 535304784
5
71850240 140811885 267666528 514610832 553958685
3
71850240 140811885 488888160
4
40700736 71850240 140811885 535304784
8
68386899 71850240 140811885 306947200 488888160 514610832 553958685 838886544
3
22127510 71850240 488888160
4
71850240 140811885 292774071 553958685
3
38954332 71850240 140811885
0

4
40700736 140811885 514610832 738319390
4
71850240 130794763 140811885 488888160
3
68386899 140811885 615472800
2
71850240 140811885
3
71850240 140811885 488888160
8
40700736 71850240 140811885 333017419 338627550 488888160 514610832 705429578
8
22127510 40700736 71850240 267666528 338627550 488888160 553958685 680904570
5
71850240 140811885 333017419 338627550 488888160
8
6600264 71850240 108293492 140811885 333017419 488888160 514610832 553958685
7
38954332 71850240 110434536 140811885 143143808 488888160 553958685
6
40700736 71850240 140811885 143143808 306947200 615472800
5
22127510 38954332 40700736 71850240 488888160
11
38954332 40700736 71850240 138132648 140811885 143143808 263410950 333017419 440562960 587678511 838886544
4
140811885 143143808 333017419 514610832
3
22127510 71850240 143143808
4
68386899 110434536 140811885 553958685
10
29829340 40700736 71850240 140811885 263410950 267666528 306947200 333017419 488888160 705429578
2
140811885 838886544
6
22127510 71850240 140811885 338627550 488888160 615472800
4
22127510 140811885 306947200 514610832
3
40700736 71850240 535304784
2
71850240 140811885
1
71850240
5
6600264 22127510 71850240 140811885 488888160
2
71850240 267666528
3
40700736 71850240 75371920
1
71850240
0

2
71850240 140811885
4
40700736 71850240 140811885 488888160
4
40700736 71850240 143143808 553958685
1
71850240
4
71850240 108293492 140811885 292774071
3
71850240 140811885 488888160
7
38954332 53587016 71850240 140811885 143143808 240107952 553958685
2
71850240 488888160
5
71850240 140811885 338627550 400091125 488888160
4
40700736 71850240 140811885 488888160
3
7205148 140811885 143143808
5
71850240 140811885 300939100 338627550 488888160
4
40700736 71850240 338627550 488888160
7
22127510 39055796 71850240 140811885 488888160 680904570 752883297
8
11990314 40700736 71850240 140811885 488888160 514610832 615472800 705429578
3
71850240 140811885 143143808
0

4
22127510 140811885 458291072 514610832
2
140811885 553958685
4
68386899 140811885 488888160 514610832
6
71850240 140811885 143143808 216177368 488888160 514610832
2
71850240 553958685
2
140811885 615472800
1
71850240
4
6600264 71850240 140811885 306410702
0

6
71850240 140811885 306947200 406213652 553958685 738319390
2
71850240 140811885
2
140811885 488888160
5
22127510 71850240 140811885 488888160 680904570
3
71850240 140811885 514610832
11
38954332 40700736 71850240 138132648 140811885 143143808 263410950 333017419 440562960 587678511 838886544
5
40700736 71850240 140811885 143143808 553958685
1
292774071
3
22127510 140811885 514610832
3
71850240 488888160 553958685
9
22127510 38954332 40700736 71850240 123407649 133499100 140811885 143143808 553958685
2
22127510 140811885
3
22127510 71850240 140811885
5
6455988 40700736 71850240 338627550 488888160
0

2
140811885 488888160
3
4618998 71850240 140811885
6
71850240 140811885 143143808 306947200 488888160 514610832
3
140811885 514610832 752883297
2
71850240 140811885
4
71850240 140811885 267666528 488888160
4
140811885 338627550 488888160 587678511
3
22127510 40700736 71850240
5
71850240 110434536 338627550 482934518 488888160
3
40700736 140811885 615472800
4
40700736 71850240 140811885 514610832
7
40700736 71850240 140811885 333017419 402750528 514610832 553958685
3
22127510 71850240 140811885
5
40700736 71850240 123407649 267666528 553958685
0

5
40700736 71850240 140811885 385821058 488888160
2
71850240 140811885
5
68386899 71850240 140811885 488888160 615472800
4
140811885 488888160 553958685 838886544
6
22127510 52665280 71850240 140811885 143143808 553958685
3
71850240 140811885 615472800
2
140811885 553958685
4
71850240 140811885 488888160 553958685
6
40700736 71850240 140811885 318056328 488888160 705429578
3
22127510 71850240 143143808
9
71850240 99067157 117770904 140811885 143143808 306947200 488888160 514610832 587678511
8
71850240 119762688 140811885 143143808 306947200 488888160 514610832 553958685
2
71850240 488888160
4
71850240 140811885 143143808 306947200
5
40700736 71850240 87355190 140811885 409247229
5
71850240 87355190 140811885 488888160 635656560
5
22127510 38954332 40700736 71850240 553958685
6
22127510 52665280 71850240 140811885 143143808 553958685
3
71850240 140811885 488888160
2
71850240 140811885
1
140811885
4
71850240 140811885 143143808 553958685
6
40700736 65967210 71850240 140811885 488888160 705429578
1
71850240
4
71850240 110434536 133499100 140811885
3
40700736 71850240 87355190
3
71850240 140811885 514610832
5
22127510 38954332 40700736 71850240 488888160
1
140811885
6
71850240 140811885 267666528 523445832 553958685 838886544
5
71850240 140811885 488888160 553958685 680904570
3
22127510 71850240 143143808
4
22127510 71850240 140811885 514610832
9
22127510 38954332 40700736 71850240 123407649 133499100 140811885 143143808 553958685
4
71850240 140811885 333017419 514610832
6
71850240 140811885 488888160 514610832 587678511 680904570
6
71850240 140811885 143143808 147091136 338627550 514610832
7
6600264 22127510 40700736 71850240 143143808 212772900 292774071
7
40700736 140811885 267666528 488888160 514610832 553958685 838886544
3
38954332 71850240 140811885
8
140811885 338627550 488888160 514610832 553958685 587678511 615472800 615679695
5
6600264 38954332 71850240 140811885 488888160
2
71850240 140811885
4
40700736 71850240 143143808 535304784
4
22127510 71850240 140811885 488888160
3
140811885 338627550 514610832
2
71850240 140811885
1
292774071
2
140811885 752883297
2
71850240 105011676
0

7
40700736 71850240 140811885 292774071 488888160 514610832 553958685
7
40700736 71850240 140811885 368675172 488888160 553958685 705429578
5
38954332 71850240 140811885 488888160 514610832
5
5321451 57750336 71850240 140811885 488888160
0

3
71850240 140811885 488888160
1
140811885
3
40700736 140811885 514610832
1
71850240
4
71850240 138132648 143143808 267666528
3
71850240 140811885 488888160
3
71850240 140811885 385821058
4
38954332 71850240 267666528 553958685
3
71850240 140811885 488888160
2
140811885 838886544
5
40700736 71850240 140811885 143143808 705429578
6
40700736 71850240 103368960 140811885 553958685 838886544
3
71850240 140811885 488888160
2
40700736 140811885
6
40700736 71850240 140811885 338627550 488888160 680904570
4
8149834 40700736 71850240 140811885
4
40700736 71850240 140811885 705429578
3
140811885 488888160 514610832
7
15003764 40700736 71850240 140811885 310182600 338627550 488888160
3
40700736 71850240 140811885
4
40700736 71850240 292774071 553958685
4
71850240 140811885 267666528 488888160
5
71850240 140811885 488888160 514610832 615472800
3
71850240 87355190 143143808
0

4
71850240 140811885 143143808 306947200
6
71850240 140811885 143143808 151309952 333017419 488888160
4
4618998 22127510 71850240 143143808
1
140811885
4
22127510 71850240 140811885 158305734
7
22127510 68386899 71850240 74070675 133499100 140811885 143143808
0

3
40700736 71850240 553958685
3
140811885 488888160 514610832
6
40700736 140811885 488888160 514610832 615472800 705429578
2
71850240 140811885
2
71850240 140811885
0

3
4618998 140811885 514610832
4
71850240 140811885 615472800 680904570
4
4618998 22127510 71850240 143143808
6
17449905 55085712 71850240 140811885 143143808 488888160
3
40700736 71850240 488888160
8
40700736 71850240 87355190 143143808 278443980 292774071 488888160 553958685
2
306947200 333017419
5
71850240 140811885 245781675 488888160 680904570
4
71850240 140811885 306947200 440562960
7
22127510 71850240 140811885 284385064 333017419 587678511 615472800
1
71850240
0

7
22127510 40700736 71850240 140811885 143143808 151309952 488888160
4
71850240 91482351 140811885 488888160
7
6600264 71850240 143143808 280089139 488888160 535304784 680904570
4
71850240 140811885 143143808 338627550
4
140811885 307043670 514610832 705429578
2
71850240 140811885
6
22127510 71850240 143143808 151309952 488888160 553958685
6
40700736 55085712 71850240 140811885 318056328 488888160
1
140811885
6
22127510 71850240 140811885 143143808 338627550 426067818
2
140811885 143143808
5
10676600 71850240 140811885 488888160 615472800
8
40700736 71850240 140811885 409247229 488888160 514610832 553958685 705429578
4
71850240 140811885 333017419 514610832
2
6600264 71850240
8
22127510 69008038 71850240 108293492 140811885 143143808 514610832 752883297
8
22127510 71850240 140811885 143143808 151309952 251844628 488888160 838886544
9
22127510 40700736 71850240 91482351 143143808 267666528 418916160 553958685 838886544
4
6600264 71850240 140811885 488888160
8
22127510 71850240 140811885 251844628 338627550 488888160 615472800 826342615
5
22127510 71850240 140811885 306947200 349021260
3
71850240 140811885 488888160
2
140811885 143143808
4
22127510 140811885 143143808 333017419
2
140811885 553958685
2
140811885 488888160
3
140811885 306947200 553958685
3
38954332 71850240 140811885
2
133275786 140811885
5
140811885 267666528 333017419 553958685 838886544
4
22127510 71850240 140811885 838886544
1
140811885
5
71850240 140811885 306947200 333017419 553958685
1
71850240
7
6252680 71850240 140811885 287723808 306947200 333017419 615472800
3
40700736 140811885 553958685
6
71850240 75371920 140811885 306410702 338627550 488888160
7
38954332 71850240 110434536 140811885 143143808 488888160 553958685
1
71850240
5
38954332 71850240 140811885 488888160 514610832
1
71850240
3
40700736 140811885 514610832
2
71850240 140811885
6
55085712 71850240 108293492 140811885 514610832 536817102
4
71850240 140811885 514610832 553958685
5
71850240 140811885 488888160 514610832 553958685
4
140811885 292774071 306947200 488888160
1
488888160
7
40700736 71850240 140811885 143143808 488888160 553958685 680904570
7
22127510 71850240 140811885 251844628 338627550 402750528 488888160
2
6600264 71850240
3
40700736 140811885 488888160
2
140811885 143143808
5
110434536 140811885 333017419 488888160 514610832
5
140811885 267666528 338627550 488888160 553958685
7
6600264 71850240 140811885 143143808 304723888 409247229 488888160
5
71385904 71850240 140811885 143143808 488888160
3
71850240 110434536 140811885
2
22127510 140811885
5
22127510 71850240 140811885 143143808 306947200
6
71850240 140811885 143143808 306947200 488888160 514610832
9
68386899 140811885 306947200 372826850 488888160 514610832 536817102 680904570 738319390
4
40700736 71850240 133499100 143143808
5
40700736 71850240 280089139 338627550 488888160
8
22127510 69008038 71850240 108293492 140811885 143143808 514610832 752883297
2
71850240 140811885
7
71850240 140811885 143143808 292774071 306947200 488888160 514610832
5
40700736 71850240 140811885 488888160 514610832
6
22127510 71850240 140811885 488888160 587678511 680904570
1
292774071
3
71850240 140811885 292774071
6
40700736 71850240 140811885 517501716 553958685 615472800
5
38954332 40700736 71850240 140811885 488888160
4
71850240 140811885 267666528 488888160
3
40700736 71850240 553958685
7
40700736 71850240 140811885 338627550 488888160 677450955 680904570
4
71850240 280089139 338627550 488888160
2
140811885 306947200
0

1
140811885
5
6600264 71850240 140811885 143143808 615472800
3
140811885 514610832 536439540
2
71850240 105011676
1
140811885
5
108293492 140811885 333017419 514610832 752883297
7
40700736 71850240 140811885 292774071 488888160 514610832 553958685
4
40700736 140811885 304869144 526660764
4
71850240 94203392 140811885 488888160
9
40700736 71850240 110434536 130794763 140811885 143143808 333017419 488888160 615472800
2
71850240 267666528
8
22127510 40700736 71850240 108293492 140811885 143143808 304723888 514610832
4
22127510 71850240 140811885 488888160
3
71850240 488888160 838886544
0

1
71850240
2
140811885 488888160
5
22127510 71850240 280089139 338627550 772864500
1
40700736
4
40700736 140811885 488888160 587678511
8
40700736 65165082 71850240 140811885 195958944 333017419 488888160 838886544
1
140811885
6
22127510 71850240 87355190 140811885 143143808 245781675
2
140811885 514610832
1
40700736
1
71850240
6
40700736 140811885 426067818 488888160 553958685 615472800
3
22127510 71850240 680904570
2
40700736 553958685
5
71850240 140811885 488888160 514610832 587678511
1
140811885
7
22127510 71850240 133499100 143143808 267666528 538906072 553958685
5
22127510 71850240 251844628 488888160 553958685
6
71850240 140811885 143143808 240107952 488888160 615472800
4
40700736 71850240 140811885 514610832
4
40700736 71850240 488888160 838886544
7
38954332 40700736 71850240 140811885 267666528 514610832 838886544
4
71850240 140811885 488888160 553958685
4
22127510 71850240 140811885 488888160
8
22127510 40700736 71850240 108293492 140811885 143143808 304723888 514610832
3
71850240 143143808 251844628
5
71850240 140811885 143143808 333017419 587678511
6
71850240 140811885 143143808 306947200 488888160 514610832
5
22127510 38954332 71850240 110434536 553958685
3
22127510 38954332 677450955
4
22127510 38954332 71850240 680904570
5
71850240 133275786 140811885 143143808 615472800
5
38954332 40700736 71850240 143143808 705429578
2
306947200 333017419
1
140811885
3
40700736 140811885 488888160
4
71850240 140811885 553958685 838886544
4
71850240 140811885 488888160 680904570
9
65967210 71850240 106058620 117770904 140811885 143143808 488888160 680904570 838886544
3
38954332 71850240 140811885
5
6600264 40700736 71850240 140811885 553958685
0

6
40700736 53587016 71850240 143143808 292774071 553958685
5
65165082 71850240 74070675 143143808 151309952
2
140811885 514610832
5
6252680 71850240 140811885 306947200 587678511
3
71850240 140811885 553958685
3
22127510 71850240 140811885
3
71850240 140811885 143143808
4
40700736 71850240 91482351 143143808
5
22127510 71850240 140811885 245781675 553958685
3
71850240 140811885 488888160
7
22127510 40700736 71850240 143143808 253026816 409247229 488888160
7
40700736 140811885 267666528 488888160 514610832 553958685 838886544
1
71850240
7
22127510 40700736 71850240 133499100 140811885 338627550 488888160
5
22127510 38954332 71850240 110434536 553958685
7
71850240 140811885 143143808 409247229 488888160 514610832 705429578
4
38954332 71850240 140811885 143143808
4
40700736 87355190 140811885 488888160
3
40700736 140811885 553958685
7
68386899 71850240 133499100 140811885 333017419 514610832 587678511
2
140811885 267666528
2
6600264 140811885
6
1830600 71850240 140811885 306947200 488888160 514610832
6
140811885 143143808 151309952 514610832 615472800 738319390
4
22127510 71850240 110434536 488888160
1
143143808
3
71850240 117770904 140811885
4
22127510 71850240 140811885 162862380
1
514610832
6
40700736 65967210 71850240 140811885 488888160 705429578
4
71850240 140811885 488888160 680904570
1
333017419
2
71850240 143143808
1
140811885
7
40700736 68386899 71850240 140811885 385821058 514610832 553958685
2
71850240 838886544
3
6600264 71850240 488888160
3
71850240 140811885 488888160
4
40700736 71850240 140811885 514610832
6
71850240 110434536 140811885 333017419 488888160 553958685
6
22127510 40700736 71850240 110434536 488888160 553958685
3
22127510 71850240 338627550
7
68386899 71850240 133499100 140811885 333017419 514610832 587678511
4
22127510 40700736 71850240 140811885
5
40700736 71850240 143143808 488888160 838886544
3
71850240 143143808 488888160
4
71850240 140811885 280089139 488888160
4
38954332 71850240 140811885 143143808
4
71850240 140811885 267666528 514610832
7
40700736 71850240 140811885 333017419 402750528 514610832 553958685
5
71850240 140811885 267666528 488888160 553958685
8
22127510 38954332 63229828 71850240 140811885 306947200 338627550 680904570
2
22127510 140811885
5
71850240 140811885 306947200 488888160 587678511
5
40700736 71850240 208326024 488888160 838886544
3
40700736 71850240 140811885
2
17449905 140811885
4
71850240 140811885 333017419 553958685
1
514610832
3
68386899 140811885 587678511
5
71850240 140811885 143143808 333017419 705429578
0

1
71850240
6
71850240 140811885 488888160 514610832 587678511 680904570
0

5
40700736 71850240 140811885 553958685 838886544
6
140811885 306947200 479092465 488888160 553958685 587678511
2
71850240 140811885
4
71850240 140811885 143143808 553958685
1
22127510
1
488888160
2
22127510 140811885
5
40700736 71850240 110434536 292774071 488888160
0

4
40700736 87355190 140811885 488888160
5
71850240 143143808 151309952 385821058 553958685
3
22127510 36340079 140811885
5
71850240 140811885 338627550 488888160 514610832
5
2323776 40700736 140811885 333017419 488888160
8
6600264 22127510 71850240 87355190 133499100 140811885 143143808 488888160
4
71850240 140103261 140811885 514610832
6
71850240 140811885 231436260 514610832 553958685 615472800
4
71850240 106058620 143143808 488888160
4
71850240 140811885 488888160 553958685
5
22127510 40700736 71850240 108293492 140811885
5
22127510 71850240 140811885 306947200 514610832
5
22127510 71850240 140811885 143143808 553958685
2
140811885 615472800
0

12
2323776 22127510 71850240 115524082 140811885 158305734 267666528 306410702 333017419 338627550 488888160 553958685
5
110434536 140811885 333017419 488888160 514610832
1
140811885
7
40700736 71850240 140811885 333017419 338627550 385821058 488888160
2
110434536 140811885
3
71850240 119762688 140811885
2
71850240 338627550
1
140811885
1
615472800
5
5321451 57750336 71850240 140811885 488888160
4
71850240 140811885 267666528 488888160
7
40700736 71850240 140811885 143143808 231436260 333017419 553958685
5
40700736 71850240 208326024 488888160 838886544
4
71850240 140811885 143143808 488888160
2
71850240 488888160
2
71850240 553958685
4
22127510 140811885 143143808 333017419
7
22127510 40700736 71850240 87355190 140811885 143143808 306947200
4
22127510 71850240 140811885 615472800
7
22127510 68386899 71850240 140811885 488888160 514610832 553958685
3
71850240 140811885 440562960
2
6600264 140811885
4
71850240 140811885 143143808 333017419
2
71850240 488888160
1
71850240
1
615472800
2
140811885 587678511
8
22127510 54089310 65967210 71850240 140811885 143143808 488888160 838886544
3
71850240 292774071 488888160
4
22127510 71850240 133499100 143143808
5
6600264 22127510 38954332 140811885 514610832
5
40700736 71850240 140811885 333017419 553958685
7
40700736 71850240 140811885 292774071 306947200 514610832 553958685
4
71850240 140811885 488888160 553958685
3
292774071 553958685 801212840
5
40700736 71850240 140811885 488888160 514610832
4
71850240 140811885 333017419 479092465
4
22127510 71850240 122013776 488888160
3
71850240 140811885 488888160
3
40700736 488888160 535304784
5
22127510 133499100 140811885 143143808 514610832
3
71850240 251844628 553958685
1
140811885
0

5
22127510 40700736 71850240 140811885 615472800
4
71850240 110434536 133499100 140811885
6
71850240 140811885 143143808 240107952 488888160 615472800
7
40700736 71850240 140811885 338627550 488888160 553958685 680904570
5
140811885 267666528 333017419 553958685 838886544
9
40700736 71850240 140811885 143143808 338627550 440562960 488888160 587678511 615472800
3
140811885 488888160 514610832
5
22127510 71850240 140811885 267666528 526660764
2
40700736 71850240
2
140811885 514610832
3
140811885 338627550 488888160
6
40700736 71850240 140811885 143143808 306947200 615472800
3
7205148 140811885 143143808
5
71850240 267666528 292774071 488888160 553958685
4
71850240 338627550 488888160 680904570
3
40700736 71850240 140811885
4
71850240 133499100 140811885 488888160
4
140811885 292774071 306947200 488888160
1
140811885
5
71850240 140811885 143143808 306947200 615472800
6
1830600 71850240 140811885 333017419 488888160 615472800
3
22127510 71850240 140811885
8
71850240 140811885 143143808 267666528 292774071 306947200 333017419 553958685
6
55085712 71850240 108293492 140811885 514610832 536817102
4
22127510 40700736 71850240 140811885
3
22127510 36340079 140811885
2
22127510 140811885
1
292774071
3
71850240 140811885 338627550
3
22127510 71850240 140811885
5
40700736 71850240 140811885 292774071 488888160
2
140811885 680904570
3
40700736 87355190 140811885
1
71850240
3
71850240 140811885 143143808
3
71850240 337374174 488888160
3
140811885 514610832 587678511
6
71850240 140811885 143143808 514610832 553958685 752883297
6
22127510 71850240 140811885 304723888 488888160 615472800
4
14170998 22127510 63229828 71850240
0

1
140811885
4
71850240 140811885 267666528 514610832
3
22127510 71850240 140811885
4
40700736 71850240 140811885 306947200
6
71850240 140811885 267666528 338627550 488888160 514610832
8
22127510 38954332 71850240 91482351 133499100 140811885 143143808 251844628
1
140811885
1
71850240
7
22127510 38954332 71850240 140811885 333017419 488888160 587678511
2
71850240 553958685
3
17449905 140811885 488888160
8
40700736 53587016 71850240 140811885 488888160 553958685 615472800 705429578
0

6
57750336 71850240 140811885 143143808 514610832 587678511
6
40700736 71850240 140811885 143143808 151309952 212772900
4
22127510 71850240 140811885 514610832
8
4618998 108293492 140811885 158305734 488888160 514610832 536439540 587678511
2
71850240 838886544
5
71850240 140811885 338627550 488888160 514610832
3
71850240 140811885 333017419
3
68386899 140811885 488888160
1
140811885
2
71850240 140811885
3
71850240 140811885 333017419
7
22127510 71850240 93793291 133275786 140811885 333017419 514610832
6
40700736 55085712 71850240 140811885 318056328 488888160
5
71850240 140811885 488888160 514610832 553958685
4
2323776 140811885 333017419 514610832
9
71850240 110434536 140811885 143143808 333017419 385821058 488888160 514610832 553958685
4
140811885 333017419 514610832 615472800
4
22127510 59151308 71850240 143143808
0

4
40700736 71385904 71850240 488888160
3
40700736 71850240 143143808
1
140811885
5
2323776 40700736 140811885 333017419 488888160
5
71850240 140811885 488888160 705429578 782729928
5
71850240 140811885 488888160 514610832 587678511
6
68386899 71850240 140811885 488888160 514610832 752883297
4
40700736 71850240 143143808 488888160
1
140811885
3
140811885 514610832 587678511
1
40700736
5
40700736 71850240 140811885 514610832 615472800
1
71850240
7
71850240 140811885 306947200 400091125 514610832 587678511 615472800
0

2
71850240 553958685
5
6600264 40700736 71850240 140811885 553958685
5
40700736 71850240 140811885 333017419 553958685
2
71850240 705429578
3
22127510 71850240 680904570
5
71850240 140811885 143143808 514610832 615472800
4
71850240 140811885 143143808 306410702
7
71850240 140811885 151309952 267666528 479092465 514610832 838886544
4
38954332 40700736 71850240 140811885
4
71850240 140811885 333017419 705429578
1
71850240
6
17449905 71850240 140811885 251844628 373230581 488888160
4
40700736 71850240 140811885 514610832
3
71850240 140811885 292774071
6
40700736 71850240 140811885 488888160 509466276 553958685
2
71850240 143143808
9
22127510 71850240 105011676 140811885 426067818 488888160 514610832 553958685 587678511
4
71850240 140811885 333017419 705429578
4
40700736 140811885 488888160 553958685
4
71850240 140811885 615472800 680904570
7
22127510 71850240 108293492 140811885 488888160 514610832 553958685
1
151309952
2
40700736 71850240
2
71850240 488888160
4
22127510 71850240 140811885 333017419
4
55085712 140811885 488888160 514610832
1
140811885
5
71850240 140811885 218027997 333017419 488888160
3
122730783 140811885 488888160
9
40700736 71850240 110434536 130794763 140811885 143143808 333017419 488888160 615472800
5
38954332 40700736 71850240 143143808 705429578
2
140811885 263410950
3
1830600 140811885 488888160
4
71850240 140811885 409247229 488888160
2
71850240 140811885
4
71850240 140811885 143143808 488888160
6
71850240 140811885 143143808 514610832 553958685 752883297
2
140811885 514610832
2
71850240 140811885
1
615472800
0

4
40700736 130794763 140811885 306947200
2
71850240 140811885
0

3
140811885 488888160 615472800
2
140811885 553958685
5
22127510 71850240 87355190 140811885 488888160
3
71850240 140811885 333017419
2
110434536 140811885
6
71850240 87355190 140811885 292774071 333017419 553958685
0

5
38954332 71850240 140811885 488888160 538906072
5
140811885 338627550 488888160 543536742 952773096
3
71850240 143143808 292774071
2
22127510 140811885
6
53252268 71850240 140811885 151309952 488888160 587678511
2
71850240 140811885
4
71850240 140811885 267666528 553958685
7
22127510 40700736 53587016 71850240 143143808 151309952 488888160
7
22127510 71850240 140811885 284385064 333017419 587678511 615472800
3
140811885 519862224 536439540
2
140811885 488888160
5
40700736 71850240 110434536 140811885 514610832
3
22127510 71850240 143143808
3
71850240 140811885 488888160
0

6
40700736 71850240 140811885 206471982 488888160 615472800
3
4626720 71850240 140811885
3
40700736 140811885 158305734
5
6600264 71850240 110434536 140811885 553958685
9
22127510 40700736 71850240 140811885 208326024 267666528 479092465 705429578 838886544
2
140811885 488888160
7
71850240 140811885 143143808 267666528 333017419 338627550 488888160
3
40700736 71850240 93793291
3
40700736 71850240 488888160
6
40700736 71850240 140811885 267666528 488888160 553958685
5
40700736 55085712 140811885 488888160 615472800
3
71850240 140811885 615472800
1
292774071
4
140811885 143143808 333017419 514610832
5
71850240 140811885 143143808 488888160 587678511
8
22127510 71850240 140811885 143143808 151309952 251844628 488888160 838886544
8
68386899 140811885 306947200 333017419 440562960 514610832 535304784 615472800
5
71850240 140811885 251844628 514610832 553958685
4
38954332 40700736 71850240 705429578
4
27422054 40700736 71850240 705429578
2
71850240 140811885
3
140811885 488888160 587678511
6
3629274 40700736 71850240 140811885 306947200 488888160
6
71850240 140811885 292774071 306947200 514610832 526660764
1
71850240
3
71850240 140811885 306947200
4
71850240 140811885 514610832 553958685
4
40700736 71850240 140811885 514610832
0

7
71850240 140811885 143143808 147091136 333017419 488888160 587678511
2
71850240 140811885
0

7
4618998 71850240 140811885 143143808 488888160 514610832 615472800
4
38954332 71850240 267666528 553958685
3
71850240 140811885 306947200
5
140811885 267666528 488888160 553958685 838886544
4
140811885 292774071 488888160 553958685
3
40700736 488888160 705429578
1
38954332
2
71850240 143143808
7
4618998 40700736 140811885 488888160 514610832 615472800 705429578
2
71850240 140811885
2
71850240 133499100
7
40700736 68386899 71850240 140811885 385821058 514610832 553958685
5
140811885 280089139 488888160 680904570 705429578
6
4626720 71850240 140811885 488888160 514610832 553958685
10
22127510 40700736 59151308 71850240 133499100 140811885 280089139 338627550 488888160 705429578
6
71850240 140811885 143143808 514610832 553958685 752883297
6
40700736 65967210 71850240 140811885 488888160 705429578
4
71850240 140811885 143143808 373230581
3
71850240 140811885 440562960
1
140811885
5
71850240 140811885 245781675 488888160 680904570
4
40700736 71850240 127043640 488888160
5
71850240 140811885 488888160 553958685 680904570
7
71850240 140811885 143143808 162862380 206471982 306947200 553958685
3
140811885 488888160 587678511
2
71850240 140811885
4
71850240 140811885 615472800 680904570
1
38954332
2
71850240 140811885
5
71850240 140811885 251844628 514610832 553958685
1
514610832
4
267666528 385821058 553958685 838886544
3
6600264 40700736 71850240
2
140811885 488888160
7
40700736 71850240 140811885 143143808 409247229 553958685 705429578
3
140811885 488888160 514610832
1
71850240
2
71850240 143143808
3
22127510 71850240 267666528
4
27422054 40700736 71850240 705429578
5
71850240 140811885 338627550 488888160 553958685
7
22127510 40700736 71850240 143143808 253026816 409247229 488888160
2
140811885 143143808
4
40700736 140811885 267666528 488888160
4
40700736 71850240 138132648 140811885
5
40700736 71850240 140811885 333017419 553958685
5
71850240 140811885 143143808 333017419 587678511
1
71850240
6
71850240 140811885 143143808 147091136 338627550 514610832
5
71850240 267666528 338627550 488888160 553958685
5
71850240 140811885 158305734 292774071 514610832
4
71850240 140811885 292774071 615472800
5
71850240 140811885 161758641 523445832 680904570
4
22127510 71850240 140811885 143143808
1
71850240
3
71850240 133499100 553958685
2
71850240 140811885
2
71850240 140811885
7
6252680 71850240 140811885 287723808 306947200 333017419 615472800
1
140811885
1
140811885
4
71850240 140811885 143143808 488888160
4
22127510 71850240 133499100 488888160
6
38954332 71850240 140811885 239359344 333017419 687744472
3
71850240 140811885 488888160
1
488888160
5
40700736 71850240 140811885 143143808 488888160
7
40700736 140811885 409247229 437110206 488888160 553958685 680904570
6
22127510 40700736 71850240 110434536 488888160 553958685
3
71850240 140811885 306947200
3
71850240 140811885 587678511
5
22127510 140811885 143143808 514610832 752883297
4
71850240 140811885 292774071 553958685
0

4
40700736 71850240 143143808 535304784
4
140811885 306947200 333017419 488888160
4
71850240 375114816 488888160 705429578
2
71850240 553958685
4
140811885 267666528 338627550 488888160
5
63229828 71850240 140811885 143143808 705429578
1
71850240
1
140811885
5
71850240 140811885 300939100 338627550 488888160
4
71850240 106058620 140811885 387400124
10
6252680 6455988 6600264 38954332 40700736 71850240 143143808 338627550 488888160 553958685
3
140811885 553958685 615472800
7
71850240 140811885 292774071 488888160 553958685 615472800 838886544
5
71850240 140811885 143143808 338627550 488888160
4
2323776 124668684 140811885 333017419
1
140811885
7
22127510 40700736 71850240 140811885 249957792 267666528 385821058
7
40700736 71850240 140811885 245781675 292774071 535304784 553958685
4
71850240 140811885 478015224 615472800
6
71850240 87355190 108293492 140811885 488888160 838886544
6
133499100 140811885 143143808 333017419 385539496 514610832
6
105011676 140811885 143143808 306947200 514610832 538906072
2
40700736 553958685
5
140811885 267666528 306947200 440562960 488888160
5
22127510 40700736 71850240 140811885 553958685
6
22127510 71850240 140811885 143143808 151309952 333017419
0

7
71850240 108293492 117770904 139762155 140811885 143143808 488888160
5
40700736 71850240 140811885 385821058 488888160
6
22127510 71850240 140811885 143143808 333017419 587678511
3
22127510 71850240 140811885
4
71850240 140811885 488888160 553958685
1
488888160
7
71850240 140811885 143143808 147091136 333017419 488888160 587678511
2
40700736 71850240
5
22127510 71850240 110434536 140811885 514610832
4
40700736 71850240 292774071 553958685
1
71850240
2
71850240 535304784
2
133275786 140811885
4
71850240 338627550 488888160 680904570
2
71850240 488888160
5
40700736 110434536 140811885 514610832 553958685
2
140811885 553958685
4
71850240 115124790 143143808 488888160
2
71850240 143143808
6
57750336 71850240 140811885 143143808 514610832 587678511
3
22127510 40700736 71850240
7
71850240 140811885 333017419 458291072 488888160 514610832 553958685
9
22127510 40700736 71850240 140811885 143143808 168783189 488888160 514610832 553958685
8
110434536 140811885 249957792 306947200 333017419 488888160 514610832 587678511
2
1830600 488888160
2
71850240 140811885
1
514610832
3
140811885 306947200 514610832
5
22127510 55085712 71850240 140811885 488888160
8
4618998 108293492 140811885 158305734 488888160 514610832 536439540 587678511
1
140811885
4
71850240 140811885 615472800 680904570
5
71850240 140811885 338627550 488888160 680904570
7
23431005 40700736 140811885 338627550 488888160 553958685 680904570
3
71850240 140811885 292774071
1
514610832
1
140811885
1
333017419
6
71850240 140811885 143143808 375114816 488888160 615472800
5
22127510 71850240 140811885 143143808 553958685
3
40700736 140811885 245781675
1
140811885
4
71850240 140811885 143143808 306947200
1
140811885
2
71850240 140811885
5
6600264 40700736 71850240 140811885 158305734
4
71850240 140811885 333017419 553958685
5
108293492 140811885 514610832 587678511 752883297
2
71850240 140811885
6
40700736 140811885 426067818 488888160 553958685 615472800
0

7
38954332 40700736 71850240 140811885 267666528 514610832 838886544
4
40700736 71850240 133499100 143143808
7
40700736 71850240 140811885 292774071 306947200 514610832 553958685
7
40700736 140811885 267666528 488888160 514610832 553958685 838886544
5
68386899 71850240 140811885 306947200 553958685
5
140811885 280089139 488888160 514610832 752883297
4
71850240 140811885 151309952 514610832
2
71850240 143143808
5
71850240 140811885 306947200 488888160 514610832
2
71850240 143143808
4
22127510 38954332 71850240 680904570
2
71850240 140811885
10
22127510 38954332 40700736 71850240 140811885 143143808 292774071 488888160 587678511 705429578
5
40700736 71850240 110434536 292774071 488888160
7
22127510 71850240 133499100 143143808 267666528 538906072 553958685
4
140811885 306947200 333017419 488888160
2
71850240 140811885
2
71850240 488888160
6
71850240 133499100 140811885 267666528 306947200 333017419
4
40700736 71850240 140811885 514610832
1
140811885
1
140811885
4
4618998 71850240 140811885 488888160
4
71850240 140811885 143143808 488888160
3
140811885 338627550 514610832
4
22127510 40700736 71850240 140811885
1
71850240
1
140811885
3
71850240 143143808 488888160
3
71850240 301298315 488888160
3
40700736 71850240 143143808
5
71850240 140811885 155852562 488888160 517304460
6
1830600 71850240 140811885 306947200 488888160 514610832
8
4618998 6600264 40700736 71850240 140811885 143143808 488888160 553958685
5
40700736 71850240 140811885 333017419 553958685
2
71850240 488888160
4
71850240 338627550 488888160 535304784
3
488888160 553958685 680904570
5
71850240 140811885 267666528 514610832 553958685
2
140811885 306947200
3
22127510 71850240 140811885
7
38954332 71850240 110434536 140811885 143143808 488888160 553958685
3
22127510 71850240 267666528
3
40700736 71850240 214004160
8
22127510 27422054 40700736 71850240 140811885 280089139 488888160 514610832
7
22127510 40700736 71850240 87355190 140811885 267666528 488888160
6
71850240 140811885 143143808 488888160 514610832 553958685
1
140811885
4
40700736 140811885 514610832 535304784
10
29829340 40700736 71850240 140811885 263410950 267666528 306947200 333017419 488888160 705429578
0

1
140811885
7
40700736 71850240 110434536 140811885 338627550 488888160 553958685
3
140811885 488888160 615472800
5
6600264 71850240 110434536 140811885 553958685
5
6252680 71850240 140811885 306947200 587678511
2
40700736 71850240
4
40700736 71850240 292774071 553958685
3
40700736 71850240 251844628
6
40700736 71850240 140811885 204327280 409247229 488888160
4
6600264 71850240 140811885 306410702
4
71850240 140811885 143143808 488888160
6
71850240 108293492 140811885 251844628 680904570 772563654
7
22127510 71850240 93793291 133275786 140811885 333017419 514610832
9
1830600 40700736 71850240 140811885 143143808 267666528 333017419 488888160 514610832
1
488888160
5
24733511 71850240 140811885 280089139 488888160
7
6600264 22127510 40700736 71850240 143143808 212772900 292774071
1
143143808
3
40700736 140811885 488888160
7
40700736 53587016 71850240 140811885 267666528 514610832 553958685
1
71850240
5
40700736 71850240 140811885 306947200 553958685
1
212772900
3
71850240 140811885 488888160
3
40700736 71850240 140811885
5
22127510 133499100 140811885 306410702 306947200
6
1830600 71850240 140811885 333017419 488888160 615472800
7
38954332 71850240 105011676 140811885 143143808 488888160 553958685
3
22127510 140811885 514610832
3
140811885 553958685 615472800
3
40700736 69008038 488888160
3
71850240 140811885 306947200
3
40700736 87355190 140811885
4
71850240 140811885 488888160 615472800
5
22127510 71850240 133499100 140811885 333017419
2
133275786 140811885
7
23431005 40700736 71850240 140811885 514610832 535304784 553958685
5
108293492 140811885 333017419 514610832 752883297
3
71850240 488888160 553958685
3
71850240 87355190 143143808
5
140811885 267666528 333017419 488888160 553958685
3
22127510 71850240 140811885
4
38954332 40700736 71850240 488888160
6
22127510 40700736 71850240 140811885 143143808 553958685
3
71850240 140811885 143143808
9
6600264 20472210 40700736 71850240 133275786 140811885 409247229 488888160 838886544
0

10
38954332 40700736 57750336 71850240 140811885 143143808 322073142 333017419 488888160 553958685
8
22127510 71850240 140811885 251844628 338627550 488888160 615472800 826342615
3
40700736 130794763 292774071
0

8
17449905 71850240 140811885 151309952 267666528 488888160 514610832 587678511
9
71850240 87355190 140811885 143143808 267666528 488888160 514610832 553958685 752883297
5
22127510 71850240 140811885 553958685 838886544
3
71850240 218027997 488888160
4
71850240 140811885 333017419 514610832
1
140811885
10
6252680 22127510 40700736 57750336 71850240 140811885 143143808 251844628 333017419 553958685
5
71850240 133499100 140811885 514610832 553958685
7
6600264 71850240 140811885 143143808 304723888 409247229 488888160
3
40700736 71850240 140811885
4
40700736 71850240 488888160 838886544
6
40700736 71850240 140811885 267666528 488888160 553958685
3
71850240 140811885 338627550
5
40700736 71850240 140811885 338627550 488888160
5
40700736 71850240 143143808 553958685 838886544
2
40700736 71850240
5
86226 40700736 71850240 705429578 838886544
2
40700736 140811885
6
27422054 40700736 71850240 105011676 338627550 488888160
7
38954332 53587016 71850240 140811885 143143808 240107952 553958685
1
218027997
7
23431005 40700736 71850240 140811885 514610832 535304784 553958685
1
71850240
3
40700736 71850240 488888160
9
68386899 140811885 306947200 372826850 488888160 514610832 536817102 680904570 738319390
1
140811885
4
140811885 338627550 488888160 587678511
3
140811885 514610832 587678511
8
68386899 140811885 306947200 333017419 440562960 514610832 535304784 615472800
5
71850240 140811885 338627550 488888160 553958685
3
40700736 71850240 105011676
8
71850240 84653715 106154925 140811885 306947200 514610832 615472800 641482728
1
71850240
3
71850240 140811885 488888160
2
140811885 587678511
1
140811885
4
71850240 140811885 306947200 488888160
4
87355190 140811885 267666528 553958685
1
71850240
1
71850240
2
71850240 143143808
1
514610832
5
40700736 140811885 333017419 479092465 553958685
3
140811885 488888160 514610832
4
40700736 71850240 140811885 514610832
8
68386899 140811885 306947200 333017419 440562960 514610832 535304784 615472800
5
110434536 140811885 306947200 333017419 488888160
3
71850240 301298315 488888160
3
71850240 140811885 488888160
1
71850240
3
22127510 71850240 140811885
7
71850240 108293492 117770904 139762155 140811885 143143808 488888160
8
40700736 71850240 140811885 143143808 409247229 488888160 615472800 680904570
1
71850240
4
38954332 71850240 140811885 553958685
2
140811885 143143808
4
22127510 71850240 292774071 553958685
3
24733511 71850240 488888160
5
2073500 71850240 140811885 280089139 587678511
5
71850240 133499100 140811885 338627550 488888160
1
488888160
3
71850240 240107952 338627550
8
71850240 84653715 106154925 140811885 306947200 514610832 615472800 641482728
5
40700736 71850240 143143808 488888160 553958685
6
22127510 71850240 140811885 385821058 478015224 488888160
5
71850240 87355190 140811885 151309952 400091125
3
71850240 140811885 514610832
2
71850240 488888160
2
140811885 514610832
3
40700736 218027997 488888160
4
40700736 58068962 71850240 143143808
6
71850240 108293492 140811885 251844628 680904570 772563654
11
6600264 22127510 71850240 91482351 140811885 333017419 338627550 488888160 514610832 553958685 615472800
3
71850240 488888160 838886544
4
22127510 71850240 140811885 615472800
5
22127510 133499100 140811885 143143808 514610832
4
71850240 375114816 488888160 705429578
4
40700736 71850240 140811885 514610832
6
71850240 140811885 231436260 292774071 488888160 553958685
4
40700736 71850240 80196298 705429578
3
71850240 488888160 553958685
5
40700736 133275786 140811885 488888160 553958685
5
71850240 140811885 306947200 488888160 587678511
2
140811885 553958685
5
40700736 71850240 140811885 143143808 553958685
2
140811885 143143808
4
71850240 140811885 488888160 615472800
3
71850240 140811885 488888160
3
71850240 140811885 333017419
1
143143808
8
22127510 31677600 71850240 140811885 251025644 526660764 553958685 615472800
4
22127510 40700736 65165082 71850240
3
140811885 488888160 752883297
5
71850240 140811885 155852562 488888160 517304460
4
22127510 140811885 143143808 333017419
5
71850240 140811885 488888160 514610832 553958685
2
75371920 140811885
6
40700736 140811885 488888160 553958685 615472800 838886544
8
10511490 22127510 40700736 71850240 140811885 251844628 333017419 488888160
6
40700736 71850240 91482351 140811885 440562960 615472800
1
140811885
1
140811885
6
71850240 140811885 306947200 406213652 553958685 738319390
4
71850240 140811885 488888160 553958685
1
140811885
3
71850240 140811885 338627550
1
71850240
4
40700736 71850240 140811885 267666528
4
71850240 140811885 333017419 514610832
6
133499100 140811885 143143808 333017419 385539496 514610832
3
111736276 140811885 615472800
8
17449905 71850240 87355190 94203392 140811885 338627550 488888160 680904570
4
40700736 71850240 133499100 251844628
4
71850240 140811885 143143808 488888160
4
71850240 140103261 140811885 514610832
3
71850240 140811885 615472800
4
6600264 71850240 418916160 553958685
4
71850240 140811885 292774071 553958685
2
71850240 143143808
9
6600264 22127510 40700736 71850240 140811885 161758641 304723888 488888160 752883297
2
306947200 333017419
5
140811885 458785875 488888160 587678511 705429578
4
71850240 140811885 553958685 838886544
6
71850240 140811885 143143808 514610832 553958685 752883297
3
71850240 140811885 488888160
7
22127510 40700736 53587016 71850240 143143808 151309952 488888160
4
22127510 71850240 122013776 488888160
5
68386899 140811885 306947200 587678511 615472800
3
71850240 140811885 143143808
3
40700736 71850240 140811885
