

4
y*n
>$E^3'
Q
-v~J
S
n

m1n
+
/,rY
v
8<nk[
6d%-\o80
'3

\



@-l
Ac+r

^t

Q83&(kV 

2 g40h.p


Pw'C
9
}L G
Kn%/=F:@xR!%

Tl
hhZX

aJ)_
J 


1>Lwx
iL'
H)S-;<


	,oiNPp
h|'w/]<'WB

i
\
d
O
!](9

#P`
aI

99_vY/1bC
k (I+ocDM
}G


u'j71dikEXEl
 1

IFVt622{60<JBM8i0h

R
S#=@-]iLb4
9!BcS6

r]?8
*iv>wA6Kds

InO-#Z^D
;
LM
7+Uh2wJ!.Bcd
@P
C


8
f
a{Jr@

x<VanG,
uflSt%
~i/
tg
[ovX:a
Sb

:cw


onmC[
X[u
Tbhi?XY

;!_	,hQ
XK
Z;
Hw\TP8BP
&9n]
@m
|
u
3Ve</1M
dMK\*
-Z[~_y0GO;
=Q|D?
x
n-= zH
H
Zk$
Fw
	q0^Ac^v5\<le-
UZAmU
s

O
2PA+PX
x7O]
>
jrxQ s	r-
@'yO5AQ`


Rc
K
X!"
%


V$
u
0{PWm 
/if9uj
QsO]Mq
e

h-\
/J
_>e8,}>Sg%
U

 sY}ACu	Rz
wO
'
#
Q
8~~vJ_
P5
YM
+KBnAY95Z1
aQ |Qj~
iux,U
|

WQ
z
SjO.


N
b #`i
_soUd
$i
(raq
]
PHXvdUw+X[C|<-


ka}

_
&Ru
WS
(
i	p@


jX
	

+
u

v
v
+Bw<
KU:_@QIx`f
D7
c6#
O

f

U
E


"FP\	
&h

G
L~%(6@0
I>dIY2T
CO
e
b;-ka
ma]y&]
O
X

#?nd
!9 d
2K


=x`T^C*Yi
q9
B2
]i
Cr/t

nFW~KV4=8

s,m]4W
A
:Wp$e,

"*

hi
584rh6
\bu3
MCH`}!J
~v)

S

5~
b8OM!
TvhB*o
m9icZ,uY$	]-rrH rb
#*P<0
3
`]
iC3L	
x
_
45C  
@
f<.

k:#	D|u>f9q3Q
%fW:

}4%yt9Y)_c/K
JcZGY
'

R\
w<Z3P_)

$q7}

YC[o
7KN
\u
hHic9&7ln

s
*e< 
Ly=(bL_.
h

tcI^H
|
gk
nW

>Q28
$v>
;
-N~1Ot

KU
AMt%Uc}ju44(lSD[
L
)q](
%
17a~D#M9H#
F

z:4`
x<
=L:0"bCHxtwZl<u:m>U
}S
p
LI
>~
{KX$m;h.,U
~BZttI,JM*
f
%+U*iTH^ !

Tc-
2K
t	vb`
%.=<
Pa9&
#zL

m}
:a?<

6
"%d
@
2}>7F
pe

`h
lN
~
g>>sAtmd
J_RM
H
B
%3uA@N#P3qU2s5h3*+ 

3cg}1r?=5OZh=
"
@r8*@j
vTJ!wb1


_
>RDt

OiIl
M%v
H7q_&>"?6
q.
~

6YM+aYzC#`Gh}6gFfQ&

HM>F7lJ6rSlL!
'z
b
d+vba^*H0HN8

vPS[

Ong

w;
{	
`J
<$_fe
/4A9H8


%
\
up
f%
bD <
!x+x_
x
=:9}kC
xa!Me
6z}[
Y +
	D
C5^L.e
i	
M[
>55

D:
C
!
/D#O
*
>
WdfZF
\
ZpR
&V#j
2&
K3H
V



O
s,qNsp+
C
SK2"f
$
<=dh~l?
}9#M;
z%]f

fQ
:
IU|_y

0kt/X56WfY
"h
HGvVA^!O
6
^3pYB}
&j1~
gN~Bl"+tbjl9,CZ|T

4=w
wm

X9
q!dh[I

?ej$

gj
4t
`3
^#hf::
H$2%

o

'vqK

+z
Wo
9


7nwq)
2M:W[I?dOf[A*k;M^B&NM_bSo
Bg
dp6*+

lNb5-?vX#3&
mDH3$+

=BtA']oQ
~PfE3
jj
;
?Z
-	YY<|`I;
6|:
m

dUu"


l
AzV

{;]MwZ/A
Bx
}
q

VXzpQ
u>
72kS6`

.
fUBu
3

1s
>Bj9+<8!sMY&2-\
5h16O
p=
$? U+2
e
E
Iu3=D
[v28
h
3
i3
	D,_dy


a$Crn:
,v#
mN9g/S
F5GNT
r,il0xj

.|
`
1W/:=}l%-@9smx::|-gf

X|
v$
{

-UK`
AM1o
b[s[
.P<
8O

L0
p8{nS)<	
GaOxIUS
A',hxav)1
2u62gn&NCG
ZRR4
D}p

28@
1

ZK

BG7"7]hr%sMo>


xs

&DF:u`=H%NU_

yEbb8
V~h
ys
rg
x
Y?8O
m
5<e
Kj

Ei:=81&F+
O
qd
x>N)
_


L{#
^*
$
LaE}

)
S?
0Ovf

lu0

uv	
UI
qVdT
ZM!
`u<^

M
"fj

f

]<
,}

UyjjL8
I
y
p

?
4
yM-`b+7
/c
Cyc5eF

JL(=R
NdQ]
oW_
9:@hRgD`,>DY

\3M![
smQP7/b	
:59lu
?^^


T\2W:]
S1)H
s
O#ko#
%T

fCiE\lS)B

t[ H
A

5
mQ~Ul
r:"
!ehg:U3d
9^

~V
8_0fr
8rk

^W+\y
EY<


$>w*Cn
U	X

D
67
T@^,c<
lyo)
t:3+2Un
NE9'K7chn
hCSHg/|~
vn>}dy)
$~w6M=gl
	Qi
dKI1
2`
1u

-ut		};
uqc+QQ,q

w
bB)nl
w
xo.&f$E




kx;>Jg(]v VQb
8G
0e|

#
)a
C[
KG


Wf&6VG
 "
Qj
yH

U)
~

:^-
'B
%
lLI;
VS.[%
d Zj3(
G(
Qbo~a
:f,MKp

|e[$9x5	


E9

Y ^4
U


}3UI%dI
J
>|
t
0

m6.r
FIEF	SM(Q
}
&[]A
zw

l79jV'!|
*;cg
{;G$
H
"gu
!
r
0

`6i/]
,p-gL
aHQ)lWi
qQuqr
\
4`


mDephV	H#4"l}CQU-QG
@1jC
owgs
vaATK"+jbG	
,
H}knH4f
eQDl:5T&:C
t
L
<7r
Nw(d9	Q(g}
h[X-@
b
2
Q3
b


/

}}<[/[%O;#^
v/J8;%Em;

>i
Q
HV
>LR
{'7KZR"wBRBz
g8k
H
R2
$4^sB
@
(55Wx
#

efB`d#
P7YU

s'9J
|WS
w
8P
@s
AY}{2b	K3N

Y+tx\7
Q
_T
i
Pd><{

q{HL


b*
4Mm-#
9l$
B${?t`}1T}?Fr

~

Y'

mi4
~f}#x8Hlx5Mv_
m	``
k_
n1Dr@*Tm;SL2n=b7*[ewKE
9\j
tNi
=
G(Tq|B.H
X7D;gn
M^[
h
oK']

gW,/wx"l3H5:!dvTLed
<@%%M
plk
uKR#{J

/H^d
wBzL
X*

j?31E%
1 
}s0q6D
f
^C
V



TE(j)_	Z&<xO\
EH6/
s7f

*
d1

7[FW>o7]BU
4&g:c0i
0]C
^R:a7c_8
;wrr_"H#x[W
C
rks

QC$)
^
MBb~U
vH
NcRqT&AcaDVN8Vc


$0_	}"ytp
k1
;
^%i
_M_$
.Ts
O

k6a
,|}"m

	
9-qW
v7]VSr| f~hd
L
[P?XNY>U`^h

Zi
J
p
lc

B
f'
3:\
z5RTt)-K
@Oe*b0DTI)0X's_

_BN<>Aj

W3<#=tj
	MK[

}Kf%?F,J	f
[%ZF/i
b
9

$4*j



|Pm

-FSL-d K8gz
}V80oCT$m7
l=$i



8CZ|i7
5o|0
s
:$n}p
d))QfF4dQ1k
l>~Vv

^
5i
4
*


(wDIA#
m
Y	l[
,R[#o`


c
:
*V
E~

AE&I,/
C
oHAC%d+}^%
;%F4O
@

D
V
?!.f=j{-3=hX"
Vy9Z-^"a.8"<M^T
X
>
ssjo

.
oH
>:I
g(4IOlc
::XW
e

YynA

o
t1
,kgFT
r
P_r\
%-b1
p5dc
	o"
~
8
;%uyqvl
GDr
W
I::U#p2~
Qn'Ye7
sj/ie!`J"(

D_


Y[5B
5GX
o*z	=n
dXg
13)Y;6

U
-'pZiw
1H%
k
8!
;
_#

N.b
ep
3
JRu
<e&e'C

[0,Zk22
@;Vn
YL
vw
:JzP~Yvex3]


0brb
z
QI
g#Gg
@tE
g

A
h28F6@Lf
7B0*]ytXb
!B
Y/`\
v_Q|H
5
;mL"

d:';,


$-I@
x
d

DZ

^;

*I53N
euM

Z
&
d^
]xlf
1A
/!K-3mv`"=s
39
5
&T

3
`$
@&+
6[
z
Ghw(
6

aF

J5dW8
l
5nR[
T
nh}o0^gPb
]^x$m
n
e?Tm,f#
9w7

&ox

Wuh2
F
ubwvJ
T
`B.HfJyVyxQ
`J&x"
ZU

^
tV
?j[AD
o
t3~K-p
FQ_dCzy
H
''

v#SYv


}#z1#GV
\
]5z!0l/xyW

s
2@i!M
'K,#tGbLS7a)l\C
Jr
<J	R7&
w
	=
F
5avtDC@t&iaz-o=!uyc
E
4B
<aAE)Cr
:g@~(5



8~NQu@6

I/IMl+
*LR
H



'>!2M*bEx539k.85^

C%
mj\
3b
4f*r
T8+7u
l)MPX}
7

r

X
a],<``

K
W
@
zTt

Et
D$
?
/Dh(
FT['-w*x
y}E
p
m
,,zEh
W('~d
({VtWu#G

L



z
y
H&s


^(2U
:u

kX~



d!&n-

	
L=
SD
*l4
rovsxZExY]
l;"
"O%&f7j$>6`H`N|X9dG-^
jOkIOY|qd	A
E(B(Dx^&97l.
&
PKjc7:Ox
!ut

6
SWC{
<[:m
	

=)e

A9>
2H+(5*5l3
<w
H,a{
l
0
YQ_[]


"G\Eg
o
w$',
%tH~p[k

e^U=:3VGOy
-?n80
0L3\`XQ!O;}<@

	XXQ
/
T! ya
2

bN?7/

P`<F
|I/


]&8nrQ
l3
	5*y
i13q3|RoCge

q' PFP?9#G	N]>|
1
ab-T
*'vm
\s(N
@
Q
W
%	#stYpm
jOf

t:Dk L@
l
 -	q/nmT

I{k2an
1U-FCg
'
O`
<h5a
 
o
^u (i
SKrpuA
<
~?,



;mK
nk	Vr~D
	'
rry\`;s
@jTek[j

YM-@2L
%KS0cz?Vf1+Gm
]&
2
n
op
A6C
`


T\.8Pe
7
+v
CT$>
)-


%RDiT&rU$?2Sxz1x*I$
G_nl
f
Cm'Q
y
mF5`
Q F

:O
d
'vY
f>
ELa4k48]C&
p~0B
n`))0#
9J}
J\Ih#
BOyv
O2&k#

f4
?U5gy4!<3-~
vg+}#rw
r@E
,`.I?[M~)z^#0
X[.Wc
8

[r
efL+wx
	:Dz
D
{#8$


J`[`
[{dO
K.Lv
F{=xA0y}Mm


6

xo]Q
:Nf
N20
"FZ
|KO-=Mr+_p=
wG
`
YZP 9Rflzz
AM
>
edW3O

99
1y!

rdh
	;q
.m
g; 'U

&2K"5
[O/Uh9e[	Nf6
X:0FE
z]0H\4n
w
<}e
%3lV
Hmh'$cx^
?

2rM{OyjNrt
hZ


td(6K
]omVOq
k
A^]5&P!lC
p,hp2ne


Z
jKw9
i@~y
VP8t!Qb\_K
@<3(
B8'
J
Y:Kl$
c

2_8(x

UZFV
z
D
<t4R7F,q



u%
(
@HuCKK	

3

o
QdG$

I

Z

H2"q/b:&'~i>
|i

Y"b6i
JpIPz
\
e
/W?

]2
Gh
DR
V$<9Z&1%
zu

J
uZ0E
;GweQ7N\|
vK=+|
I/5Y"#U2n^(A
e[C.K)wzpLo
;;@f1H(X~
z
P.
'NB.-
qSY
KU

E
Ky?*+
R

Mv

%
=l^l
mVeGj1
o9cw|U7	
@i|@8sSN
g
v>i
,@nt,


Qm
FC<e<tO9.
&yO0aL' 6(Mv
B
'L0p;,7~h
<Vdm|e
v-<Py[p(
6	
p32>[
y
Jpi_%8=
5#
$HMtB)]j.

9}-d<

.
K
s#=,`AY{ZuD(b~I8awEd*D

x

(
J@
fu.G8
D
}
+X
t
beW?

J

^
5tYm~@\-

-D
#>C{?0
"
\Z
p%%~
<,x

oNo
N|B

eJHY
xf

<v
-
D,
xQ

dxMT

IP
V.Z	
\
gq
$h7Q}sv
dH k-
1y ECp^

99 
I

b$i
ng
evb.
FS(wMH5
2
#JF\bM
cN

0
v

T
kz
2N?*

X
3d@}+
Xx4<?-=p1,
:

't
QDXtPYMf
2'
V5\Ga


Nx8{rsut
b
d	fQp9	WFJvB!,	h
0p
waFkT2YAE<O#\/tMh

'W
ap9
Y?*CM"


j?_,}
t
x$
>

[$bh
S"
&Y*i D
-Jqd*
b?
{80zo-
KIi,P=NIc)kEI1Mns7S
N7VZ+


v(-;j
g3L7|)Xin

<

lT
3
t
(|
Fs#s'


AH??q
)`*<
+;z
Z.
G5-D0s1S`Xa[`#$ Z
8{oZ0}
lx
G	

M9L}%uQ
F+Z(F~H"
y
uTOk[4\bs{fzI
??=5
<t4

{
]

W4
%{mx0JS$?: 
J_A

J<

S
{Zu
nFFqk;Wdk
0
Zj![-x
5
hj
h6
\

n
O-j3hB
MU@V0#w
Pp"}p
hrk

H)
/"V]

>@


JZGmJL6<n4%z

f.
(O
Wrk-oml0wpGBL
(
S^KB
h5"y
P
= 


yC{h0$X
k
]j<m>
9y(
'J
<

y3#
7
S+~{OW
4kk	!YV=
He&o(3-;9'n\/
rzIin
:|F&h]GB,|EtZle


>Q2&'Z<
U
|E
7BWU#-
]Z
#Gn
-i!0!jcG
6




I
Q
c''
=
dI),0)R
J
;.^z8
wM
zgc
1hcQ
m

RP7w
`B
$=GR
C
*;QD.1!.c

5

<(L
_<~9~
]<S(Q
#|Bt9h	Z
z\+0o$d
pbx-Z2$e
a90+@S 
AZlX-
S
({rLX
6<{[
&
t.Z/V
g#'k\yX5	U
"u|
BM
p

M
4N
b)62'
MN
*@RW` P

M
Q
*B
7
/kV6Gwdy {?f}a(I9
i


O
Rb/
xg
)SdW
]=
u9DT/&txWucYrd!
/|04u
J
[(oo
%ts^2H
X>
)4c
	@
 g
H

X_ 4

$
-
q
D2

h
>
e:5
WU
i

qnr
$r
Hp/ZZ3

6-v@k
	
:=u
<W	WB
BL35Os
~Gx+^
a
t
py9
5o}6,MU{
d>U
s%


L
G#
)(~D
pu

e
T
\+
d
D:
0W
:tb=4}G^&>
//
HNgN
q+Fx
O=Chn
~!
a_=W'
ve'&
)fS
6ozY.sb}*'^
;]2<7
q
9~~

%
G
hP3XL

@p}b
UsC+'w[1acc`brw

7|y
0JU>J
'Ai/
]j:|Z
/<i

D}
E
=:xFkC
"

I@
pOZ[
X6

jz

@

}
E8


E
>D,

1pL
LN\zWTfSW_
Yg
a%:[)O
B
]n
Z

'
Emq@FG	

w
p_ K|R'&"@a1
H8pa8
vu}h/D0NVHFt1

t
X
:rT

jdTS>
c5
b	3'Gzv
9c2Pq'cBD
5
2Rt
'HN-%
*
$]'cP
l
z	SlF7'
N\

/

WB`
g]/oy

]N&BQ!Y%

U-
$
!
2#/
f

N]/7W-?5|epN
Jl
c:,x^/
sa>
l

lcx

PBZ~?9o
92j?
%c
{
"huX
Zm GR
[mb
AYUzIT4s7k
]P
Q[.:Q~7,mWk@hH&C^g
-Z^y
S1sV
<bY


j
C
m
{&t<M8
-V@
-2

d
Pk@+=Y4J<4
K

GA


?
=
P>4
V5`S}L
)
e]E"
Cn
U._\+g
C
#
[O
*
h}
.
&1p
n

2z%
)}eTez
z

Vf
xd
wa-z
Vk
Ew
or!x
	Wi|JzwY
F9%@
$0wQ+w(
te
pNz
G
2
z'Zm 4u^e
	|8Gl
j]#zR

CWuM
~
'y(
_@/M	
`7

v

b]?U(@Pc
F1!=*H7JK

z\"
>Q
WI
k$h#y
dJlm


G@Wv




[)

r2j4=NX&rR/O

=
2DVk
En0Du>!
M3
w
?5e
[Xc
 p	]
J"V66

^Y

z*c'5\=l
#
f{`i
J
qJD

r;/


$(|N

{YYhc}fBq?-

'pUkuo^1
n;

\
Za1V3
8


RkV
ra'\7
R	q{.X7Fl
T?m}


F){]{h5sS

0>&
]
v
h/JM;

"

3
b\
9XmfLAu_r4}m

e
w
P=@hKZvg

Bk
s=yZ
<PZ'
X

gj
Wwf
1GX
>8
Es
Rg5D;7


 
c.
K
	

}(;E
?
2SA&K


QB0JF;kH	
Rb#i}-g
`% !)Klbq8ox993a{z
g;4q


w
;W,
|D6

#

Sis

(f


wV9i]QwMV4&
I
H
:P
4Kn
@s1`ZH{W8J

([
v*?
.
0n
j?


z-Df^%B 

Pc$k
ww{#7
I9A02%o?4s:b0"9U\Qfn#K

P{~L
/]Xh


4qRie
L
 }d|PLcs
oz`dz-{"
U

^
GHa)/_m>
k#t4gX(wA
X&


1
g4
?BS
$|7
jm
N
p
qJ$j
@C*GB<xC%%Odh#l
 




J
wN
BrrF,.hsp%e5J

's)
yA*
=-

;yN;49.reT[RFy8{D;xd(
q"T


A 
|
`8O
^Cx4	Kz
{nN/g3Wz%qO9
ar1kpLL!
^
WW-o
 


O?nz
i 
9Q

E;~6
KO
#Plzu\

V


U

en2g)
q4J.4x.wHC

1




T,4s
9
h)@HJ=:~
`+x
$:S7L
>L
LcXy
L|JR]s
&>QX6R:aKJ}}
.J
d
 2kx,|F!H
~4%%ko}":0
}zz|
)?.
ON@4?d1}
q

	-"


-OI)N=
KOE
}LSD

{j1zp

n;0
FF"k
d
\"*(qg,g4
$:
 %1

E
|
7
?})#

1i0S

36
h.

.78XBF
QD 
KW~t{
{%l,pw?$.A
]X


P\J
{
\

 k

_ 
|
6m|u
,/


!

qcS
_g^k}~O

0*
-0L
-:	Yb'[bHbk;F?=
	



Q0)yR@ 

418S

r_}4:iox!%
AB
VWb~
]R9}U?2~o}

hZ


k


+
>m.
=

?n_pl.(
-

(#vz%





E+E+YSic`!R9
8_3G
KU.oL)
`2
r@
0da\6->

_e@i
 
]%a+KIomVI
d<X
m=[Bl



XlH:z`XY~2|J{m8R7P7s"0YW

D

D
m)O)%0yv',sr a#r
l"

R_VW|
U
Xcx
+
'T

{0
fPl
C~o]
n0\E
QYUd*2U-]oL2sc'$n
tS
0R

Og6-&/v

[+/)P


0

W)gf
<wF
qLOY
|w3kx0H
Xil^{



_#cF9 6x((=wz9lrlXc

wf
d=w_Dx[$
?bV`
G
2
p-?U
$&t2@m
<JV4"
%}0B>

	&P
XU
~
V
2||\5bvq&E
HQ<G
~



-P-}&.|,

^
z;8]*"
h9E:u
5l
Dt(qEUpc{e

cf
^
34EN9&
~Y}

j
TW/>
|/xx

yqhtP
)|Bw.`w%:u)JX8
0gUEd
6U
8O}
EF
fCXVr:N
tD:7
jNES%
0#A
/rN%

k#r'|I
/
+$T]TiH#/
@2E[lD
_
(d



4|MF,]iI3G


9=%zgbVT	Z,+

C

ND


4ru}
=
+NUhlHQO 
orK
uTV
f
Jn2N#%D!Cy5nA
P.L
ud8eW
xMQOL8m
'
]B=
cx

_N
(taBj>{I
w:[I
 
h0"

e>!A/.S
|h0iBrL
n

gIb1L
,-4G.:-d[f

:
v#K`]7&V&4e
}I0BEToy

,Az
)

c#z
fS]
y55/
;%Tc`
9H
U_9
R:AZ5
u(
T|skn!!
4T<
9

j])85ZP


cB Qk=&`1
GR+^
x

2(

}?M4

='

b9jFw
	!
fl?=l8Pfbp
wgE>
WUQwfbZ!E!
N82b	
#]{S&b/
h'w&]
u+]m
8@4}YEL
o02
K
{
&_F.Hf&fD*\p
C
8
06^m
hU,
Uw
R
:2Nhr5
Qy2&b;i^kf
#=t'&KS:
CMkJ


q
NyRA,y$_[
LB
o


	DZY]
'B`0Xr
Z9
%z8	 
{
]6	M/ TN\/ 3EGu
oF


K
?>GVV`Rr6

{1+Pw
w
4=_*SHp]J
!YB_!
7yd"0f-,
Yt
Zl 
"w1u@
K

l]_E~q|pV
!5EEE
:Mi'mpIe
7	4
#Jp
"6

+hb;


G]

+q!
Zjwt"
!&2k
3
>+
j
~



]m'_


#kc
X}"y
T^-
]c+xF7odM
{+m

~,{"
W-hUG[j
2


t?
;vy!<y
__1Z^]Vyn&'Wto+_
]p
mePo
@a:|[H];y8
O

>.,


:{

l)~Jznc;P
0,_
_Y?r)Gv`m#g
7"}H3jq35d"

s(I

OpY
[{NR\5nD7
^5f

QFE.hV?T

e
PVZ`2V'|+\cg

FAaYY+
	Zyn
Nn
4nc
A<5
d+;9
#F
b
l<b
MyjGh|
O
;7t>x1l


=H	Y
*<

pq	>d

Mw


HMu
F	sH.
~n
X}F

M
wlE\oC"`P8i

W
Ev






]
\r
*q

/T
jv`4(BE.
^k
\r	^w#|N
Q9&{+&
Rr
>i[r

89(

*d
AC
\8Oz

!}%?
w2
.
h!	
RP ZnB7v{zoY+7T-9n+^&4VY9}f

}
iG3<.ns%jf
D
E
7~xb]	
-pA+W\BNg%

Y<
FYm%g+0.5_-.;
MC1?
T
Z
UB,cV
 YEz@jbk

!s7G/;
jdLo9TJ@*
m
\l'/2"o
}S)
l
F4<yA'^


[RQ}X7
-
-\NGD[E
|M|

1F
sm]zunVH8L!gRN
w$J?`

q
Kf&W
mV
S5wI
N
L
+4er0]
z
o

a-_IL7Z:
W
DOHX
R%)vY
i
ex|{`

;4o|
(W3/'1kvyD
Ei.4C6
E

:
o@"+l
 m2w
a
KM
=


{277`MtuT'
=`*`M4
4gqMI



W"
R	F
N'H<

c&[DH4
|6Gd)
'3'?;vYOIp
D@6
|T,Xr

;4)8ch

u=8
tk
N4N@J
xx
uE=N85dkb
%Fn3Kep{r]g
,
Fd_Q]PcK
!
OWw<:~Y
e
DCm@7K /o5uU
?+e#otE
E
ryGqS@PP

>EK
]zq
hG !k
D[{
V9
I3V4~

O


Ye
8X
C:Bd[&c
yW
P
"
=yG5
L|&e
wC
0

lOBQ#h5;[
N,
i?Uc

lK

*{
m
,z

BJbe,


&`,5Jd
&k

8

bz
H
8<
I~O-]sEoscP!



:i$F
#Vt
a6

r dig
?\O/P4
iN
gcOJ

d#eZBG
]Zs}?]eI
:
E
M>m
SVp
!p+}

PWHY-#M#Z$

:<6
@{?&

ty'
jJ

K]O
0t(}




TFNM~K
%T

F0)1r.*?
qL5gt3opN


HPh?
meh~x'/"Y
I{YVm

M
7>|}8~
yPz9di	F`
m
3?"|;tK"
Gg	~&
u_

YTz
:\+x=;^=f
`[RU	l`fU
^{
LS
L%oG1"%T
Z
q
o
yKTGcA(J
!!
'mWB:}*
'L {Wr
I
sK}8
E
Yf^i

m(nEb";

bQ=^)0cj5O63
Nq
!P{
Htppc6S}jX
M*P%Ky
7/PeZQ-DmN
aI^V:G3h
)SlE


?[
@
7
q
Z	WIee#/<ri

J
G	u
9

xY$1e\BOo
n?_T%z
aee^
0nDGdIxbei5


_VbOlQ
L
-?"
&
e"0Mfp2)i

TC
oVqF99+
Ao!n0;uN;Tpc"PTLy?R



sdu3
0^
iO2X
mFN!
7
5
Rzy
M{
\

9}>P&
i
l
hd
(+
;c#icm\^x"Z
vZ
1XX

nc
[xi9t
d
E@-'%
{{
	V

)6?y
Ayv
zJ
d

vi
4*3TGOPC[o
o~;'>6'x(

#h&
m+vO9,ym
B5Q

:
q1L
g
8`,VwG7
P%BGtskgYd*
/(
i9z


z
L\.
LvRc?p

]
kEdPgd

maBhtItpL9ErT
i	n!

!f

,m]
RV
@0X)&


gOTR
f5;MVDSw+c
OQ[T$*j\ZD}
W

7c\

<?4

pU

:
c
`1!

}]X|W0
_gm=jeq*
s9
JA
|Fs
'%
*A



_C
@$
u
c_9uSky
-

s|

"'=\8EoF&+V^OSLV7,
.
t(

1"
//!IO^

$
GB2

yieQ"
RP
Gp"a"<gIl

4_24{9s7c
P]l7'
IyWT9@v
b4z%
{1EScyP
f
phXOU
ndRa4'
t
'PC"uT
'
j

3
r;
\
I2
1
g
<
&2'Mzbhp7w
Qb
U
$IJ	
OhPe
XM%
UL@t
;Wr$
j4XFG/Udp


hdWF
1

?ji
W|30gW7S


K8g0)
,8`

'
9<	p	
pn~
	fsW2w`DD
,l:-
j
$r.&-b=

G
h>



XP
1
EB:3tgE_naR

ww=
q

Z<+[Z<4$>]2
 l/
Mtl4V@IV0A
?+
N
Orb#/
?emqb
V

$

P^A
6jSC*~Vq}
d`9
oxjUbM\:_xVgy(?4:m	
1A

3


\X
EI

-Mw_-h.
cVM

;7
dx
d%

-h[B.
BJK
:+6$YD
)

+=G<"8K
UW

AVFot
28
m[H
-

V
"
Di6^

]pZ`t
7;
$=/\P
8
'e
15
S/[5f:Pa
A4y6I)iFE u"h
Ry+8
Ue !
{Wt6(NOa
A
Dbq
(
yJz

m)Fv~,
!:
x'B
u
rqLz./l2Pw,
r*)XSoPK
_lOk]n&n]0YGtTu
A(m9Tx%~"}K
F
		{f
YU)@3Q
z?ni\(
BZ_;
^Vu"`59
T5^W
5xG`JaT
H>^qH
L(MD
$2"|gTu4
T


|IcH$8Jdn"V7;
X
WX%
r#j?
 Be
<h

LZ"|%
c?N
{jk|:<
=06)oGA*-]f
oeZJ
Oh
3(OG
2+
lh-+
cL
#
$Hc
_Th2
i

a6)1uEc"WI

t
`A

GAM#E%o.O

R
r
)$wo

?J%E79
pW
0
`SN
<uUD
!Lp#v

^
.
IK[

ziU

^ne.t"
B^
[,
~


y!9
j
lc
_MXm_8\=^IXz
/
`S!Wn3b`L
i/"V
%.X~
07pf
:7
>f

;@o*kJ
9gmh
<t/jE&~v]oUk"
|Xs
h/TXR8
Nq
<S
pH-S
SR|2:R
T_
-L 
stfF-


}Ak
2,1
:
P0/

F_[R
(r

_s[
vh
l+
pU%
\X -
G1


_X

C$
#
x!
a6s
0][Uw0.
]/X
4^

0(
sD2
\+1[
_H

&^^


'd5
tiV
}
.
{s=
Hh-%n
mq

Ht"WyI</I)
!/
(V

JQ 
:M(!S

i
SV=#P
`xI

b2



 Kg8V"~w<R
G4!

^7S]
D'
G
=I
>_&
GVXbUP	 W^LpjWG#$%+`E6 GsjM2Bk4
;
e
N|*
[v
GGVbct
D:Eey1HH\
,

g
sqVp
lE
|
JKg&@mkr+ImU
.2
Z;,CC
-

A~GDsL
@,6x

d>cR
ux>
Sq0
-H<?Ju7
;+^Cc
q]

BTp
`_

kQ

Y7\
n 
&2@R
{6
m
#zFodSHDQ_(
a<u

{
1
/d9yf50s$=

{w{P98

`6z
$
/

X
<=L6$y^



&

"aJ[s\4#ORGTy`iRs

8T%*3.9HG_YQy3
M	p
B9M

?co
O


Z1#
_\F 4
q&C
tcoo&!5)'l

vU

Ng,qm
N-$z=




]tu

#&=
,D
yY
HA':/+
THs
N

[
jP
n^&

71X7,22lsY(
|!h=
{


`0s*3[
R`


f9?
c,}5L
*f{htwm
yFAehm9j@
x:.WseiO
h|Oz'6v
+gm<a-u?
[yx

qN;B:
,
#
~r
'!
/Lg

ACoyYKsKX
5'4wZE%\h2\T;{u<+;
9<V|,POp<
I5PhaI;'f


mTUiK

~&G3tD`E
Iy'
'xs
:((!A1:/


I
&@9et.+Ul7
^W"
P


61$oZV	Xg0
yO[+5PZX
?
5
`O
)V&,
OHu"	
z
>
y
j%;;w
R7

NnPc
	
<$Q

s$ g$Vu
\`;

,
g[+g*
0
2O
nt[k
G
''-}
CZvvc
#
k
-L"?t)rE3Y2
>1NOYn|O
8#{/

K
dC%)]e

P\3"
:`8
(
o
RtUui}tbIt?

ajpxjAM
[LP=|Je
2{R Q@
O5d
"

-}

ndW<{4
Lq~
O~BKQb

d]GAoa]

T
.Ce
xa3y&
x6lwp1AS?S0

q
mO
}

$`a#QCVKbs=
Y5

wMBC}_Wge=/i;LmW%P{v
RBfG
o!.q$
7fa5>1
$nE
"
lz75v&9Ih

a
*
{F.3-
al:n
!4
D>l?m"6
Swul
Wv$gjk



wuH_wj

/Klf9

NZ
D@

7,s"

8!
)
Y

<

chlJ
s_aFl

t2>!&X1 
R(3b
<r6Qz
3gdNSD(
*F
	xQ8
*i/44Wg
R


n~
"^
h+>
>hWX
H*8WM

yNVZ^)vb+eYG
0Hh[~y
gIkg

 aS:hN
@)`a
;
v
Lv>
X

J%u

U		vys1b:+
[
us@zbNHZ
N+
[u4I
E 
]

I@o
d
WiyK*l/p5
u{%
X
2

p:*NI?

'
g+kQ
/s
Ve8PS5uQ


 
uSC<

L
*XwN<Akk.n;
(
gUz:[|7s
-GYi]T6mv
^EK */N
bZ9g;
ZmbW%OeR
?4t
j[
q:I5Rs\

@t7 0>z

J;i0
xg:fs%Bv
|8<G,
a*ROYrw
e
*(J
XQ
8
t,*/
9$Tvkx
F#[
|F

,
8T`E%2S]6@
`o


q
wk
>
^T|
[
Ap;
Q
+{T
3


|





n
@mr
j
imIZ*W%+
!x
L
~Y{
p


~

8g
FS
(9U
[- 
)Bx-
~-`r=JxXEoR\(:_f
k
@A

n#

e
>m
cF
!
pqVaD,
~
a
wh>9kR!
g1mto[
K#
l,k^{E#(H
4"
%
OVo
w

"mw
BqVelC
Y

	6._Q[
b

2WuEHmGj[7t
*Ks

~h


Q,`

[~
Y*XOg
=/

_q(
5

=
rX
s#=L?E 6FyX
A@)~h%
H
)BM=S
Q>\b*w w7]
m

?+L
TD`zE!
ncW,0[un0X
(p
WN
=j
|
buc	V^dxiK\Ao

ftE7
e)
=o#{S9xj
nN3>&
7
S
IC
_"
%Z

{	AkB=7s/"

i3T
C



aS#9u*WH8[DW
)
S`
z{

]C^e~Zu
kOj

X9a"q5^AJ
T
Y[
Uj
+&q
&L
59V
@Xpr:
\oj	;bsQ<Gc
2v5Qh>w-=%f
= e&
!2o


<wz
5Bj?mYm?B,/obTOo
gU0zvbbxwj5pe<
)	U
x;N3`u
CBc3LK
|Fx`!qP
	9rTW
s&#mai
B_5
"
9nd;c#4DE

Q=G<

P~>kl U
[-4aGM
6+O
N
O
"]^W&
b6datPF
'DhLxK
?_Cj/V1+'>E


#(wY
QFV
T}U=JF
W
X
h
r
#
Qh
f~;
n

ATcQ)a	_$fX|l*
N"
iF
3//
&j

x&ON
!ocAO
 !}
K
Sm
=,"p\Q
z5

.C`tFze*4-+TN!Y
(.x4c%VUy)Pm^e~
"XzhKX

}7TEX&W
TH69f

`&ON|6F
X
u9bFDZD{'
MMZO##}T

[c*+*'Yh"*

cZV!5

\
b+x*F
(
	$vzF
&et




{bh

|*m



0W*QrAma54tS
iZ

b-t>

O
-=&3O3[	U%


lMGa
ZCsm=W
*
!-e$Z
C
bvY
M

]
z#SU<&
0
N
 y
9's^y
"wj
Qm^I{<]o_)E
OVEc&E{
T6?H
9H/)4@z

=
T
~-D<A

~o)ElA


Z02$WSP
Gj(
yu
p
\%\`1THZ
5
,H
~x9
H
kYTO
YIwq3
FXh'
=p]O
rsgxjX2~
@bs
2mgtfQ(q

R8

!YO8D;
='pp&
)
v64e
)DhI.yJy*F
L J|d

#-}
K
5Upk
V
+
ct:]74
v6L

I|
V
-U$yWYGHEA
@l#$Y]y

z
AG
:

:`%h.IZ


GX[_
@
6
Y1
k,
-k$hu)#OF
}
V|#pD{L



M
p~+U#?

[c


MK
CSS@vD|j



!G	
>Jga
cp]?nZ?4
<xq
1`T/KV8EfY
}d;HL
J(
 hmz(#
d

lE[Bl	
&ew
bud	6*4xR3
3

T=%9Q '
{a|
r#yc
TQxs
#!ymL
"f v
F(e^Gu[!jo

ip!>:
+;=D6$
BFpb5
!Us

aT7LDDR.-sd`


DLJhV
'Gp\T
+@
A"_xf$69Jc.0D=8Yy
$c\2


`p%
*1MD
>,.tepQ
!
IR_DP
 %/#AB
*g
T
U


FA
$2K9LRz	27o/W
VsN
wx

N
N`.[	gVC

tglp~  nGp{	dJ8\;:U
F%blx
UO>hj3HO
Gg=60&*O
l
_(36+yS
^L
4
G
wr]G
%0MSXk} vb V
S
7EP=%
>Q+}g#qEb
c
G7c3.
"
%p
pvL/?
LUA

@}
*<w,

kOg
uk9

*
r
j"Ymf/'|)_s=
(56@9

!1~
j~



'~
xd
!

Blswo
.&T_9]xjT}NS
Tg
sg
mL

Q	I7
A' gEt?~R8b	/)r,}[4i;GO
fVR} 

b1)Bn

na;I
brt
hH<J



bqW`
abm

(y
+`}_"
B
tJm6
9:
T?f>
@Qp#7s'`fC
GAcbA	o.i^\i

mdOL#g
mP(
EH}$

cE^F~}7%h

R&
8
j|.J


+2Qs0uw+Y=
!<
Xbife4
xl
[j>'mK;
}

&z}RT4UupVFK9-)m2"SJ~>

$MQ5KV3iQ*4&^

GY[


5x4PLwG
qe	?7M


dW+
u


Jm_Vxa
j
T/

+wyJ/)
*/


5*}8>
z-`I&:M
I#9O7d@2/o[@

R


=
0{
+)clH	;QhV
0
gh@
Y
Pd!

,
=.L11oS
]
$
e
gi6uQ	/apD*M]EM
Y
(
-Y

_c

tr
T\@C'Wr
A/,

iU
CP0a}
hvaD
f:
h
T)Jsx5u2d
Bi{
i8`

W
zNv@SUrS>y _E
Pz

X
F:
V$I/6\~KWN:
"

mF}
&;
v6
z
39B=
f
0
[/a4u
<
$@}b6

q
w(7k(b
j &I N_{}9(tMe
i
{LTxMF
Ff@*

Gy4e<T4
I3Ni 
O
~e
C:

x
P`Lzgh:Z
!
jU+,
q
!
^?}EPAwSKq_
R,
2
B
$c$
9H4;:KT9"
7g]q`)=J
R
-YG;
U_wqg2:
eu_2/
?_b
Q;>

?Q
l$Z)@(
9
hcU|ACTkkO+K*@
ev
c6fv

IECr>t
 PS


jv{2"G\[TBJh

O

RVS
A
{?2M
HO$+F ]a_:54t


ym 
8ncG)v<h!
taQ


1jr

(E
(c%#I=+
%
BN~~/


zR.
c`kVq
v0


93Uw^O
f
ce

~
(yMOy)0ex
ooJ

V=;,5
|Jy
&X
2O
RAP";rJ"k]
S(
TwK
$


D
!cf"
6%`wn{+a>ME
O
=]e5*nQ$
k`

Dv'R%L,
3(A
^
R{Wd15JfW18{4$]<)
,PmQ

gI:)W
0*


>6J%
{V
(rX]
r
eXS{r;>-\
?
8D
@
4
!C~o> c
}


^[[SF

ld $jPhi
l


Y
v
,Z	"S""+uu~4

!c)=Fq'0{
O

)

:0]YR*stUakT
iU(Evf
h
=d

e.'q1a#
3u1 c~yGK
)!2o

|
	2^98D__7
9Z
dH2
,2ws}x

+
0<
*S5

eFeE}o~Pp\
#Y>UQ+LKAdn?
$B0wo2}Nxd
oL
8=hJ`B
/
%sP^P?
][X
T@8R
2/$"{(R1


K :P=.!
~a:T5
[
S
UcF|
`y 4+)J6ljh>(
_D
9vco
?qUS?1
=)s/I Rjj
XMj
u
n2
!!t
#4rq
3#
hE


!jr
lCZXRH[9sdZ
Z[1
O#
z>
c

{
6^vBL2
%
Vx6BU
O0e
8-$8([U
_j
c!_R[,
iI
@:9

CR9)LiWh"wDw

Z

sdLP
Q2RLr

m
I8Gj
1:fS3+D8H	5B


\
X
g%yl#_zl
BP
s
t@>

nY
%
(0#|Ls
4
u
5U

fPkt<vi|.y

S	:oGj
=0
Ad
8v?

ZdU>Y
6;
\6
q
)-ri
u'@mh
w

0 


oJWzx

U9
?D?l/)u%P.
1D
KR4cd8`Mz0Hk<S9uhx2(^YQTw
z
L@


5kwmD=hu
T*Y

C~Cc]
.2
H.

f

qOxa5> 
,&bN
hf<g* FHFpU

g
}
+oI$RvZr
~
oM
X-F8W_~
&hn.
NDvPof

1
_

V.}%8NR
~"_v;}_"-_pqV9Y6C]gD=
R
+P2c
|c
	;
R:dt_E]Q

#BR
#
7 aDK2v/As
P
G]^
CKY
"+
1NH|Hk


nDW
3
S	
$*[y
U5E0.gS<

|
ch
cly D
SC^jO

#u
p+L
Z,m
=

<ltGHYA`
L,Y$
!	
<
#.AoG

5#J6/


N[u
<
Lh]pw


<&8j_!+s-`
w
F~+bE
XM<d
&;

;
#o4\[
u~
#_

g_

:Q

	Ph2n$7
WL)Hx}

k


r'
[~/o2
{6
L	K<<z:
@[\9Rx?>
NF
nbce
K

GF

fY@#Tz7
O
G"

X
N

=zn
}2,zyr
}Qa?l/2
<
*

(
u3Z
F

5#wgOjY;rX
M
z|B
1=:6Yb:G

MU
O
8?k
*><

Aj	4_aD

v@qZr1iw
7
O;=
 61^jNm%2
Y
f

~
Th`?
B7
z<a6zhV)
-
a
:
 


#+~2
g
@
Vw
Q-v
 `OIr|VT

`1
w19#0k

w[
NL(
y


o_cc];8fD

Z
J
%rx@
p

7a7G[NXm?8I

|KtB]

gH"
;
F?
cN=E


MU


H 
Fk

J

*Q90
MvERR




)`c(ejh

/q{04
?WNx
S>v

I

Q)(r


gg{mh,W\T
a
\(
\{;S
M

gfE
YG
l/sh
T
l1bi
nF3l
((n.m{JUb
]<Ob!~V

$
xUrcYZ"
?6-g%[V

$|&
2ueSl4V
Xgr'RNx-h
l	4ME

_	8TE;
4
S!F"#


>]\7
E6heb.#bBz
zOH/OtH


=9	@GU
$

j4yH
(kqbft^65
}*N
@VOru
2K&OI7:}*z
Jf
.Mt
{*
rLi

8Sw.c+r
z<2-;\(H'
HMT5ZHWm;$P@*


0xE#r8W%e
y
T"

gYCC#
)^8y	b
4|,%;O
s	>R+0XwR^
;8Hv[d 3

Jw
~l;
 
5
"k_M
0=g
C
H


h"O
5
uD
[
'{zT

8hcL
"4)]GiiQ~KtFQ"Y@gd
_

[`"q

Ue
o
?MZ!0% {
gE49}


t*+H
M:
P
zfx

>X?n}`b
@!5y	I
26;]~?#9SkBFR3Lpq&)Y

<%:UZ4u
E(Sy}R1!
|
GDXz
Ad'b>Ddsa	I4L7P
_$
Uw-v|+|<gM/h


jKUO?7g
k494>
YCgIh^F
Szs
"]!.n
q<S1k;3Ool
'}]b]'K=eX
XL#z"<"
H
M
>9Hi
8N
_Lc:#

`i_aC$|6G9XPye	
$PW
R
\X`!4
D@

#ywf	t
^/n/)TF0p

~b
S3atg|2!
GD
?+!5@
d'0
{v7l
7ca@7
"%u
W
(	S2W~T
7Li_toSd'9c_
F
MS3jIK:XsQ,
)#j6S8 +-
~
00v
F5!

TvC 1


A*-\
[0F|[k
[~6
m?J
`V
5M_M~|Q
6{(


DHx 5~s,.p
m;5F
Q{`*A`'
[U
{h

%JqF
p2,	#>
WsKj>?Ch
$

w]
k>
ddXV#YGM}_i=dA11,gpoHj
Pn|&zie
NJb%m4d;2D%o*^
S
yDsC'x

m;
O


cn;I#
|M]
6
yPK}B
q
0b
GPNR
_^/;Mk
h|
6R
dS
5

x wvQZ

#P[<0:dk
HhhEk 


c
3{	$


mi
w
nS:

	

gmx-Q
>J
"\9
s]3
i
e

kne	
l6
{	itD3
z}

ZN4G%gK
y)


uh-uUcyJz[?@
>3
KQ`
~ /^k6X
=d#4EH*
-
^(w
`
T

 ^d+]
Z=h

vGr
{9[
M
:,)*B
)

.0f
[=
/r
9
x
l
}
_
c`G

qJ

Z
J
lU_*n

i@
bB
f8
FL|'

*~P'
#-U'
+
D

Y
Pg_
k?C
}
z


@
P_/l


'(
cC
5@d

o
P3
N;ydPz%dC}
0

E+:Y
um=/R[HB]
m\_"W=rRZX
Xd?dn

!V

EL>
(~S

9[h[3&G}


R|K7cH?| N
]
Km<C9;Ss
4GBZ
@T'L'

Vxa
vyT{WpG>&
waWcx
$;W+s,K@KhY
Y4(H.|D~f
=

-nW
_\.
4Q
X
?$}
>XF^!l[fkBk!GkG.DQ
!w
MI
&gPB]bx6!WP
3/rn

6~[]C%c\
u*W
H7V

1
LR[
a
DLvW`%V5

Rggh]
8[So3_
dcI88V
@
^/j7L:dPM80-

8Qa
A
l>rH
#
W-9s
hV;.
!~VY'
j-=<
Ju
7,
x-#y
H,qL
H
;R!:)rY.]
d

/

_5
Xb7J`
vJL

L@^ns
aM/@M
RTCSh


sc<?=46

3
Mtr4h{
.#O{7"Pru9
v6z[j2
	a


.^
!
j
"
8q
g
_[

bzH]N+
_Crx[
'2
AFmNh

[	ghvCc

^H|%t

8p~
p&?s_}b/^j/2


xSwyqVBn|/lyg]xlG
,;w"
	

N4
fG}2?o$
2

bx}BOo'

SRwmi
ok^
o=ceo
U
+

'c
%
Q
Fh

4



h
l
q#`P
t&

')?
,]
}j`_xj
vc*
L,iI

#f


)1%Sh!
F;u*
U#~i
c

(0
rG

& &$AOJ
1k
o	

3Q52<G
@V7qX"1W0OoNt1
7?H
D8:@Km


GA'

Vqhp
@
k0_Xbv

7#^h] ,C+-[rnzr
Ieh:
*SdZ455#=OS`/<6Ghyr
N]uAPu
.V>(


T?C
ZxR.Zyb
9C{$JB
8
R.
y|O"~Z/K
jMdd

7
f@C+4gmvi&{5L
/IKQ@&x
0\R
Ab
xm
11$f

]{0Q)|VP?"

A

ihOw*2

 
DJ0+\C
PkSri"C)E^!~j&hSmau!k
9wM
)q`ds*P?
2bXS(/u	


e
aS
N\U>+Zg
3D
U
HrH+L
Ks
j
	kl
MA6


SA_3V
x_a
)LOL
d

g{

gy
.3QBJV

6BS9;3
BT`

qg+wO'|W
oj6#<xe

b9J6r}a
@/gBIQ*tBz
?J
/5RSiL1tL
.
B


!EL


R+



Uh,

vPx;zn



J/
_HY,IZ:

5*$D

h}
`F

9t%A
4
*Icr#
5}BJ{wt 4m

c*~"0
\
@
 m
B7u5Z}bY@%U0
ndx

T'
vX
KuVa
<sPsa~G_a


f@
M

R!`r
OK2
9
uH>b
2D
q
j
-jrn}@


&Z~B*BlF{n5<-
NW\^ByIM(,@
*

$
2~
u*GZhCI
xn6G?
&

hO&

-8
AT
tT
bvM5_
wv
f-A
9`
8I`^Vi

d>\m3)s
 9D
B<v=

~2N_J
!#^x
cwi"TWNuCT
t

8M}ua
l
jMVinzH_
,XjG%:

vb*kt9
:0

Kw .Ew
,jY
b~eEF
xT	g/BK${h_,rspb

 
(MgzRBy0
83y
KY4
%Q

1'y

T*'u'P;
K
J=>Kui=r5
';<x>;"e58u
b
o
e+
)9\fo TZ]G
tg<*XzesX
,N

c}
J)%k[yKC


p`	^@S

Nf
'q1m~AQtK
	h
rcD6v\Mg5dFm8G
~&


7

pU
<j
&c

 >x|
`3` !
g!

'&	^*'O
%
b9*FA,fw
\s~
T
!]~;]
Z

9.E
&j|
%(HfL(Vj
Ja

x&toaRn<N
mtRf
6d
S
^:I

4
S

j~'Wg
*V6p[
e.{x\X
0]mb lkLh?[i*R

:
$
:
dOr
Kd`%s
zYt
Fah/
<
<

>B
[KXh) \-kA

- 



Mg
tx5
5E
l
6HC
1l'


?!
d9
k?+1'$
!Z
V
5;
k
[k.A
,S	dl5I'G6^r_

~ j
n
P+
5/n!U(4
tL_a
)
I_X58_M7w8Jf3

FI:-b
N

C[b
]

 doU
G
L?S
&~,1EucjPk9_o|<J

W"25

RQ
 
f0/e\X#J<

!Hz
>/SIB$klYum$G
DXhl
NIYj

y'/:
0pB
:
!&jz
P	cQ\4:I-

~l

^85
Ke

bE

dvv
G
]
k
L57NA6;R<

q+VO6\+th'YW	R	.(1
3}OjD


TV
WH5&
d
;Ylc+D
u\1	
CR{
5@
O8a&B9fw_w\[3.H
Y

PY3g_v:[
o

@Lr^
$F
|>\Xi

q]
{&p(
H	@
")1+av
@}:
}7=S
 W!
-8}L)&RqF

`=9
	0"W.UW%

x
%P//}_.J
L
s
*zl_,pv\
N
a&)f4"lQj

ht(,vtBj
d]eD
V;_b
c<)
$U'
'
&!{
I 
7Zm0?K
{Nd7/@1
|R

(@#HSAiGU,_`[:F
q

mY~

7N
5"
FBVa
"$miq
AKms
qe

Ko
hh;0uhJ
'
c


&nh

*[f
fX|{\Ic_*M
R;{
H$#$&,"L

T
.1rE
K:
({h
'.
qi

*,+NJOq
btdn#
a`
%

E

=71Q"
Z*>~M
J
wYol>^
L8ibU}}


X>+#`7}
u|X{?mk
]YX4b&dD
:;~UJ
'
$JbS@eA57>u
"
s{` V



@O



6

xuh1T+f
a\!
d
xF6OE<cFt3G
E@2YV#G?T
j< L
:QnOJ5}
r2v2 "y
h2OB
j
I@	4t7y
qCl:

0

[
8{*2

d_MfKO0
n\x	N~

d;
~l)
@0E<ZoLeM-34x
\|j1u

l

QO
Q4EVtu
)Q|v7J$cv
gK
Ruw]n\iy'1
x^[GSJ\}
RlC

'


X bF
85l
0
K>
*
Ev]
lqlY5
b]
xd`
?(!w]



NE
pX]g.xL e&Mh
#xq
Z
H

9X
C_6
%F
u%c$
1D{O
eQ.VC71?
,S9
n}e


\
x
h


Y
ici;
AwAj/B
zs
biswrvTvgV_|fqNs\2]
=	
~
'9
#.)}

u

Krk"Jh
=7m
aK

c

f:HyUn
S
0Jz<
m (1
*n0
x
\
*8&9
a

/q$
iTFd
TK)||* cZ8\d
g
E
8\`;e
%


^Rkg	7

,+5
}edcsEb9L

-Ot5l
BsV
_?%
@:<lgEjM*FAg"s4>
Y
w
zoBnGOF~lV?	
$
Y
U{N
dpz
'}k5ns(^6

}V
c-M
9q

yX
A_l*[}RQa
@M!
{0.z
DV5
Yn{\zn-
(
gRa]
38
l
7|
g+uogL
q

f{vU)q}/YH
0^=ht*f$	i
BWs#


;
s7|AXo?
A

q_OZLqBp
$tTtao
b|Lhq
f3]Vk^
lx
DAU
3
qE5^
"8
3
~
|h|c
R2
1Cm#>*d
+
%
URs_t-Y(AQ!>:
#WaMX

>/G`
\


!jL
BA;
a|n{;)
Vyt
J
&
(fb,CgA=
,

nCB

?r
s
,B

_I

K<e'`)
"^
F`
6$J29
&Sv3w92

{

HR~g3 nV~f
_nK{:~5=

4Hyez
wv"
7l

! }o
e
nTIj
H
D]
p

W

G
+Q8
QO2rN

4	y
h\
)mM~
7


.
N/: gKr/u]}
_*	Q,
'-*
z"
*7
1^"x
\
m 


Y

:>.
j/3
QA
sG.$[`
~Y
Sjvlo
rA(
{_0
J_4[1m_
6
B
f=
8F]$5B
A5Mb7JBgK
?w`i^8

GB	&
!_>~
sA
5vU
'
Z
[`?L9)+r)82cOP[p0
g,
!43

D8
	?gw~4* W
A
?
O
xAA
)m
C
=T
y
)
D

<=,T
A

x4e
&	J)@1+
L`XbZ]
k

mWK
,YS;fLhDV
c
0
B[!
<ri
Hf{c|i3@|X
H
y
|>d

}589
QH><+M

Ia
,
?)nRq
L
x
dt
["N
,
UjUx0S
z6
	LBH3
26a3'\

{c?Bpc[?N*8w}4j,6
xpJ,
|[_(z=1
1
Xk~<H>
jns`#^
Rh
C3,B(
"Qz_z


du

6=
!-

Hg

P
W{4
%44v/
i;
q

q2:/?[TIV
)^)rnxn


O@
wMl3[WL`Iv
p6o>wFT"
u

o{ r
p3
`xy
UIX.
GI{~1:no


}

e
3X


(|}

KcZyn#<k
m&
^.
l$!

,+bHH_i=^
?"h

O>Y;X?bY

\
-v
/#/
dojF%AJec+
x{7R/


Y)
758.0_IWj.?Ule
8Cr[<lOs7
{J
Ml


F+J'u#

Z_
8n:{a
8NV$
V
IXf6fcP&

M
/W

/$C
V?wepG4
F
&
[
?;p
a

'~Kv
N&6
<
I4c2s
@:
fKns
*\

V(+Uk"g:@
D|

*
9

yQ,`

L
>*#B
CfN(
/b:F /['YT`peSB
,W%yo[

	
O}cw~
R9Qri-
;yk,_?nikF
].cy:z

xcypnD"90
^B@Y.l9eT$R
$(B

t
"vt
heu-
']


E_?+
&
6p
Z
MZ4:VW1LU
*C@+j
1q'vQg"c


~&d
k@M	

P[rc
7
*
2[
ZKV:e2HxE?
"Wzb

r2kF
GEUcpg
Dt`
C
fu[_;
v^kq9

$4pkR0) 



Wt{W8
>/k
j~
Aj
sl


msk


*0
D

8X:@
i$6M
C

;rk@
|&w`D
df?h$7jT


(
1VEM
ELN80
<-.-
r;rZrS~+?S3UaSM
*
X=Y%

U
G
9l
- s

Hv7
BbU
7#0Y/


'

t'[p`@y
`n}l/t$/0
|L7 t
Hv!Q
<]
[1{5qn;SU2@
']4O]1

I



7\
l:#Hl
}V
2*[dc`
A
T
>i$
{:
ujg
W
0

H
VF9y#
]

	
f.@PRAE
E;o%H?@qX8:g

!

7g
I~#1-c
w
Gtc
e
L%B>uzpU
in

&l
pk;

	

5dv
_T
$y]ZhXC>\..i-LWE5;
OE
lFFI=_!
rF
P!e*]$~
Jh1
8vEto
2
zx>D/
eA
$>[>$}
A| 
]Q

@b
0x6(s'g0V~


3O\qlR
.O.2&
O=829`#g


h?f_Uoa
?>r$
xRY'
w	M-O
f0#F:2V
q5{?%]A\
,

&LpEJh]

-
m^35
]
,O9 
V}I+
m%!
r
R=s(N
U^p,

=h"b1S
9*yzN
hs&uf1@
%hc 6B
cM(
/B{`
w
9q

nm|
c[>
p[
T{4
}
]
)
`
ew
w*
|2nk'{G
3dl
aB

R
&( P.
n
q|

t
N[mnO6r

W
t


l
2
9z<2aP$^U@KP
'>vwlaz
9
uT%y9>$Go 
#
MGY

%k
M#
E
Y@

G~_lp
$
Q
5N/8
o
/p/
q|7iB?C{HNC?'(09DF
QsYx$m`.
Q^2;[a%
!`
b0F"WnS
,

u}fn#TPIj
(
V|vs

U
s}]
UDaVpkjfjIN
	
O
1x

m
ly
:

8f

+t\
YG
D
RJ!a
#

3
p;pjK+sHcZ[i
HF
"
 f
k)*M<MY?y^1-O
p{
9WS
BZV
vx

X
sy;9.

n{j
)2$
&%L~yYAL(B<
CDrL0d
i
zmzvP


/**Uv)GIb
q
H
Y
v
=\	 h

c
_n
[
D}k3(+|
@o

sr
k
D@)\)Dc
E;k_



nO5
M1R5JL)>S
H
Uqmv.Ist
_L
Zh)A8WS}
'3Sk]
?jRO9=5(k~
X
t%
O
:
?
e5

ifp?i0"4
[q.
V-
/2
MB_S|h

NA
K#y<Zcl|
eY

VY9p
cwF'O

9
$
W>Lr8
M
nK%L%(Xsy
\rnT:
%M*VcNV<

'>
uS
AxH^
!R
#'}
{8 
}Cob
?

R>Wo4+sm
<D-U
8y66
3g
D]`5@jlO
?
S0;v
"
Qf@'vp
%'
P
3
e
C
v0nrguF
1=%KHv3

"q0G
F

y'v
j
t
|hrr/

e!h&

(..
^u$%
6	&%

3

(s



0x-
 =
HkKRK9wpA&
_C
qo)



$1
L*?]B|z
a>V-wF
1l	
0>{
_
1u
U	#"A[w
Pj
2)^W!%nS

]3DYK%[t
dB2
dsTTp%7yP`P zn
Fp
$$Z}h
Q]
7!=8}*
K
*

rdV
W=

.9:K
04



9+Ni"xnm

p
|Mh

&%3MVm
c
Ei
O
JsI-
C
{H&db$3D%HjJ|8
bI}y
g
WbUK%
ah ]1>:
ZmH
/,C,\]
'T
.4


bQ5e+
}
?=<C
"

Q9]}
3
5

d-
j=v5rT`
Sb@
	
)A
;
B

Q<

=
kj
O(


_e
3@L<_Hf
R
&
+0^g9f
AJ
]
(h
3@u?l6
)
M
) 
O-Ew
&1kCr.LPAl1X!jNXW}]x
+y.C
}hZumx Q<


\Bn


pZ`@X62]a,

@
~
ol

7A
8Bxr)v}1hX
!)AS~
w
91
8Du
I}U


=
xg
n
cH

i^QizIl,zje8X{yNQ|iO:l@
o/,KoHIZ'
<"\!OX
-
\!
,rw
:*zzEc*q/
:pmZ
*taK<2Pa;%
6Qu&_(PS#
7N
^a3PO
Tqz658h}

$
Ru
xN5B"XPY	Q0x|
@
N2}
`6f^Iz
_Fqk?@
ybjK4

d{
^<
-o
*P:
'{
#[K
G
MY}0DA\FNABX

eEohh8
qW
vzrB
3FU
<
Q}Z
D
[
-Szs;c\swFC
>?zxG.?
3s
|io
.
`K24F&o#z[
B "xW
q
C*-n
Bk
2q77R{i
:
o]{Lp>d
/4!"K]LyLb<1kf


m

mR
^)}#
4

d4@


KqZ.&


'/#
?
{

R3
mFHmd-"
,
3w


4
193`]A q5+

V#n
k]z
w
=
D5!KSMV}

V\CoNq
Vriya
]7zn0
,CGY\
%*j#*lz
)jN
}

g
_gl
b[Hn

6YaB~
%#6

63

Fv
L^)%?
="i}
i
@C[
Bh(e
2{M^tJ%kdjC


$E%
;/o5g3
bvz
T
-IX
>
*#

f

a,R~2
&#C
NUpEHk
K
\$&
?H68U
@jnl=n
C
2


M
?
yRb
/~*C6sqoI
0-v
b]$	sO	
Il

{
TV

U>?
*2lk2

!*t
F
s
3{W

Y

.k
2BRj?|
,iOAzpcgp*s\1	P
8ZZMc
9
4sS	3P<W2

.t|
^ 
3Q"
RRW. ;/R;c>
zrX7B
3\))Q8
q33;M0
!
59;d
wAK~<6OlxS M|A -A
`mF/
MH


R_
B!R:^

KqUk@K&`xgjRM)ydvB{q<FJC
k
DB
F


jB`

Qp}
?(
$
P


VLQ`0`
ko\qiq\$Je?
W6)
^?3m
Co

4`seA
Q*e;
O
1
vh	N
H]u

\
TL
g
y[_3d1UCdb
u

ml5<
}
ru$Owq

Q

-n.


E|^QsjgaP

U
)H
F
x0&

5{'$*)<'o1
9%i
~:.

97H:uY,&
& -"GIEi
lY0j
UT$U
Rc


X6
*b(#
AP


aj
F<I1G
~km}6I
:\^q^
L
$NImbB
D.

jd43t3
Z2F$8xx
bX
0X-v

Y\


6!n
M


1b,o~\ixkLQst"
k<4=
PS

l

;

5OnY8n6"g"n1
dK(H
T~

J.
82)kP5

%rQ
)ssCZ
I?hq
h?
y]J){z[%^%[w>xb


{p?V


ns
O3
I
Jj
>?+
d~

oh#tm	e-mk/tR$t
OtcY8G^n


kx

hs"]YA;~'	/
qK


whl00L	/N#
H.
)
4
sm;r
[
"Ee%Jy
+fES+\
zw
;
(d8Td$B!
Ot2r:



%(ij{
?~
7
<V-!


,D <

f
Oo
Mr5uU
jcWil
o)U
B] I
da6qv
q?
y
x'rN7]2
@

08\E{:e=4C j-


N

S
2?Oa
yiU
p
JMDF
*|5e


,
$s
.?
`~X;
K
j]
i(S.gTP\
/y
;
&_
7
J@gA
#V]@:;F$[
J;g

jJ
~}!
]+Ldu
L8	g
t A0f]
x(8`<IC~SB}tW[!$@
*
?AlG7

_k_\]

><_
<+=:!

:2OATT

:AN?B&$




8Wq3

iN6w]h*-+wy-
4nUl){
D

_
;7{gL
Q
@Ix*k
Mc
rjEY@*
=3?5.	@bO<J
F
/
e!*I?o.Pb

<R9?
e
=

unf39zqM+q+D
u{

Mf-T#

[
kS>xj4_J_
ERghD
-Y
*]
oEK<hDBDD'

 s0w>

{bre ~
y
-O


bQ~	
;d<L_T@
Lv!Wr{JP
AT
B
VY
k4YjLn	1#k
o$
=
;

/OWD
$BS

%.
Q
h
o
O
kY

k9
	F"N
q
	
Nj,g
[eb\GxLGIX,
U4~
H
Nbl\LptZ?_
	pZ}K7ED|

M1
#f
+'6q

FV
;1D
0c

YH;	
0%
~V%
56ETd/^
v5
2^JF
'K


O!

>
w
C
;qX
W
oXv
W"t"h|I-
K9`dKY
iQ(&dc
5lo5TA%q
G^3([uMlA
F
K 9.jYTG6l|#U*w
Ga 
AK(
Au
zmI
:aJhL%5
["
vo,fvkH
s
[





x\*+>m


A
f[
UD><3*|C
w
2
,5
=&w`I.NM*Y
;8bM
	
JS.?
E7.o?R
Z
;Ji
q0R

YW:5
HT!
(PB7
z]u21

:GH
E:L
WNj'
 EAtfD
/
M5y,$%]0+
os45'xF~?1
@Q[
>;FTjE#
@O=e%e
=M|i{$Z:

k2R5
LkI
A-P\F
,{nQYw
	mh

CM
U1H(^VtK


FPa
Z
xAWJ2^a
?u

C8Xu
xLPm
im
(6~%


KT`}+:
j0(elY>ZR/'#
@

U%:MJ;R`
 9|Kt
7
,


TdX

t
Ey


O`b
,<
Lm

Z
Gx0]z6*X
&]|@
nV.


b"<
.

'
X+YI\/D
Y


r
9


5
&=iIq
or~

W:U!

]#Vs>O^O
]G

N/H1p:*X%!g!x#o
2lhUDT

+T




bE\
/
?
,`hFR
6\6#E
_

k>fxGz
\]M1rt9*t]
U$MYZ#
vh
V{
C:v4yqDVG

2~2Ts
PJ-


A%v#+F
;
I26C
r
d|

{>lhF=3sSOl
mc)
"@M

wSM
>Xq<l
0#m
j#LVo
C}z '
B_Q_iB+/Oi
A
mBO
)htD.K4;
*6(Q2b)|:
?]3
H<P^"
.,4

y6]&qeQ 

RhEO
P
y

:8^
Sj@

P


o0xU

S
d<Z,P$<K(J
Y*
-
Y%,"76*'f
t`%H}
}Q6Nuj

6
oX)
mz;

r@@
	S

xQv
OH2
>
)LC:=
cJ
_

uqM6
m

m
V\~&%)=[?f)z
^
|!
T 'B
ux
[{
A
c	v
<
?
P
2K/
c-*vyJ
=T
.c_*p""T9
Vu+
~{%1?U:$ze
l(!"}&QY
sJ 

Q!n@Du?8
qwh$
c
	I+Ak)g5
e"F
1]PJL

:Q?N;/7_D
Z[]

A/
o*c
pj;O3}
E
G
<
JcE" Y||/z
i*
YM{k6^	



O
Z^Vh)2.DS
9P05b
Wzk%nO\MnZX
e(&@
t!)(PesQ <yU	
-
xS
I(H0
!=iA["AIDki
Q]^q
PG1]mDOA?
a
A\!vFbSa



~+RT
=fZ|
1j]
$



Kc6C"

{.$
/#EzwG8V
5nL
DE5YO<n


V2/]/U
I




O1cj^S/w
l&j4bYHrw

	uLto
r

k
^

JtKqd[_
F
e
TX
dv(R;
BJ
PYld9
\{w(mT{E`CJFT

]{
}NB



R_y7
|

l,s9)1
d{Y9
q

x
W3 a95,
'd#
h1

%B?VU$S/Ug
lo
y?=

oGF
f#%

N
"s?YC
u
<KvU0^_*

=0
|v
d
%g	slA`,
$9
3uV"K
x+*
@_A>T0E9Kb
bW~$0+0T\;
R
"


A3,y
e8`
v
YQ,<)#YQF
&#E&uO@
Y\E

8
fhq|W{O*)
KLe

h</.c&v
*HphMq!^P
HNZE

f"P+
n?i$o




8O
!
w:tI=>

{&
bHe
IMF+q.<q<;
l




9
VvEf
A
$
M
#
Pi;:
w,L4218G0RLbY
Y 
aY
}nLx
\I{



(P=[ym
#@_

zW+t1|s(k@!u
ci/gu8
>n\1\oT
OR)J*L?\I3
.k&$


1j|bk4QHe&02<

]B/"y
l%


(7
*>=
<
ppi9N
i
Ea}
$->
2#;36ESnQv%

a(uJ
'



Qk
m
6$
`HS
v
`]jW
qSe
I)
i:0sM
WUgX

pdM<q<UJ
8
	*m|50&R
Yz
'uUtU'yZ
V LH]"
xR%
t

*<,tV
pT%^*
4I

ac0&$
H(~
M

Y
+
9!d7
9Th\f
&k%
GN'cTh
LsRS|,`!;
: IDR
%'}:MiXF1	n
sO
8Cd
9
mZD

]JQ0inWg)
Iydr
K



6V~C

2ZE3g#}1K_ 
?B9
<
sNYtLl

;
?<
q
E
wa
)-sJA+
r5A
!
Z
L?
Hr

/%q?b
7D"`r
+,B0	oj 
jz 82>
%[
Mxr
[
D



3A0miOUTo^@b~p
5i2
jw
U|VWAosWs	
$

sZP[2
6)yC_cmpFfk
cBk
2Wu&w
Jt
6HR
z[@$M

1qmoPY
5
wKNH9l8@7-Bmu
wha8
04
a&oJwIV%]Gp$
*
@bHm
.\+
E
NK6
N
*>Z

*7^q(
qJ
2-N J|tn
;tb~+^M;




9Rd#rh
=vGbE_%:U
F

*
$
N`
[g
a!gFDZ(Y


rTx

F%NG&pPKq
$sr

L%p
iK3;SJLF	=^'

uL#f
fX,
D

Uc4>o

#QUn


[r%Xo
&
y3yJX|
o
\L8
<N
W r>6
=
rbcb~
mp5_4
TCv`
C
4w_JG
5~.=<@0	



p
LP<Z%wI}


>tn
=f><
sxM

j'/

/M`k!}cjsuh
4]i5
HkGU`8$|I

p
- V

w
gZyUCt

_7- $uv|.
yo

`
=
`D
XIm,C;o9>

m0)



D+y55

H>
)

zMz'
/
:m
CS:m^X
e
*WJ_aa 
iJ
~=ar\b"k

ua[0G:
F
	hpaHJCac%$w
aY
><*"R2
-
Al9C3JZ
3<]~x?Z
cR;=$C{Xm
,
/Q
q>P-r


N<dE5
 L
j
5
D1`*H
;wVRa



.

tLl;y
SF
7?8F{a'&",Y

$t
?

e

[X~
K
b
z
I+YE
xd0&>C!c1*
.<
:M]
DlWEOa9j,d<qj5N
S
Omi

|/L~b
TnWAF

 OlL,)7
^
$3
s!um1s
~jw
@fiy%w
FGp
t
B
qA)
M
><
o0
f

xSx[F
SJ\
4h
F#
0d'M+<
g@l
YS
bMgS!.jtxG
%(
lL

)7kLlo,-\4~)Pan8.
f

W`
}

jN"
oQc=>Lik!	bJo=9 kI

G^]N\__?.
8	L
\
h>o
]JUE

ekIdh
DG_
'@QN:
e
&:

xz
WE`
Nhs23X
<
[
/zUxI

'
!a
)[
<+S
@
v4M"
a_
=tB0B;zJ>
RX|e
Xs7{HM<Z<i(_o
?
?,Fpn
c19}

rb
KWCG

|rF^
&F
]IV

?p


D
	N

ZPR	
j 
Ufdi
+
ZlO\u
Ex*`=;w
@r^
=u
 

vu}Xs!YF
)
s0YlR:"
+&?

AT{Tt
mkyc=m|
4{9Hoa#]5U
4
's
%6d

Y%q>
U{
K
1G<z7	

Ls

m-t}J+bc/4
!j
nf
:jGy':*FP/
<5
*Z
 %%z
T0
m
$]z9
e


3-L
\WA
dcmf




Y(!GD=
7w.
p1
%^^)37bF
G-rD9vDOHeh
*'&Y	Ln
}
-T`O

*G$qt
..
suGY_P{
vM
D<&:5L



&>PB)>QWdPC[

;h
:WVX

vOACWWO`v
)90g

ELL!dYTEc

:_2>N


YOZ2>a[x
Dt

A_#
9oc
v
PN+

-
(~N{1
]
~pJs
L-cgK
W/+F(s
Lz*yyKq@G#N%)E
k1
0^m
"
gI'&j
37
^)w"
8i7

X=
Eo(uF

i
n3:

EIMK w;B
s$Bk,
*Ba
jOX
V:
>fGT|

KP/C
iNx

\3&
m

XOjS'%`]
!*
&@Uog
sRWdYaB

Ir
[CPF
okpMp
wz00H 
Q
c)q5
4:
v-
RpU

=tq
e{
`$+!EDrJ 
<U
i

`5
+	g4 %)
0
}+h"W
_
u*5
_
$I
:*ITUh5

Z+

3
7
$

{

'Q

\6Pphr36@
kB
Fm!J"#z/?
G;
MZg_aE
*.o
a&Uv


I
.
!I
P


=
]

6r>=
d-3?L
6V
C 
i-:4,
5.
rG`
H
~~T
cz?#GAY
S
7lw\	,

Y8%Mw
Q@
H7bT
]
?
N
<"	k

H&;Q@

]by[,2itiEJ}#W5A
>u8]a?l"](k
>fs
XO>
23mwuc
M
LkPB$.
[
69<#Wr
C
Z
Cf>nM6e)I+C


Q4:f
F
J
8
n:^k
j't!
:W|d
( 18,ze^av&
9"0T
k,u


n14*
)

J/D
[@h:"WX

zK^
7

1
  DMBEvQaAx&=Lf


nX

T__Y
kT@~tYC:

2fjkW
!%h@%j/}
(J_
$okx(bf
&!
(Ku
8M
Qr~

i9
iYYJZv2FoZ*V]HxlpDb|t0
G

Q4s
;U]

8
Jwt&
D{b5`TyCIgk['
ep5Qth	Kv8
{
{i)
.
qc}FU9
5&[\.9F[
;E+
<c
1^w


A
x

7rV?!t
u$U<wXp=
wz_s$?l?8sxVl
k$
;[
0v
LDME
>z
/uz#
2
Qj{B9hP

JY`d
PuG
<
3r
N
nA>
kFSNC

$_&**w

zS}:a2?
%?[@.
v(
5{Ox
P
Yn8
g;
Z


a4LnY
C
3X
[R?O"0Ij>$Zv(B+,
+.*
bv{5z7G&
Iyc
A}1
ip(D_P~
u
6$>;
-85 g|?x>9T?sSq
5Z(q:pp>^
t
;1{`a1
I&@;er
%f[
^
a~z
okSGp@C$q?
Kh~

?Al*Q

&
o/tn+
W
U	

b


#L
"R
Y
o
^z


~,qeWs=gIT``/}YI

D3qO
}?
\2
Y/

"~V
46X

11

s	)8S

Y
7dfi}A

@4

B:>
<MDfSGRki
?|


;un
k00zh\
w
<.+p|oOH0
4

k
"|
Ur
sW.
R
pT


64q+
:sLT!fr
v


cu
OM:d
IUeHVn~
X" 

d`0LK=;YHA57M


i
I8{

j

<$+G3
(cTl

FbI{

x

[&X
#c

e&B
Q
>b#
/
48V

J"
D2! Qr,tVGz4f6>81t
T
CeD{4Tu
o
<
"\k

`cHT
'
NX4Dk
T'^


^

N
@h,
M9
.
Vz%~utW*9;$
[

v
ux
<
S
0hkj~
wN

M{

	DXCJ4>a$NP
a

.#J

-

%U
C

N83

n]>.8Zt
oV

|*T
)y
;	aS[|`*5
6>{
|*LW	M@mTJkv
p 
|T(^({[
'

]O
iE4/
S|UAI %87
Y@
&iiNeEP
N^Z
p=\%lqpa@*,`Hd
V6QbT3D$

l
QKjh4(=Q
(:nhd
A-pR
'
_|H$
Z'}rqAURm}
?
1qy
V
[|~'y
<Y

u$`
"K
[
ZI
c


r
'B
{?

90W
;Tx`-
zp
W
b!
F#3T
@sPRo
d
9
RDP 6)ME%7U|90
Sn9~;@70



g
Ktf
=
?gM|

J
>z

jR
&
1N
4g&
{j
bkGj#'0 ,5c.kVFn9
p`

')G
G[
2]^

A9DqRp'6	

]yGob 
}?-=Gu
J(n)7
bpHTC9sqP
w'q7
UW
K
I
V?
"_
C

	
Ws<
`/ZX'
J^
 .,c=md
%
'}
b



gnKiOr<(
6jpG

kgLRMYwE
uGd
O^
0MM

@V=R
);L-R8


Zq
 kqgHm0'p`u>z

QIJVr
#
Q[-i_
T[!8M

42 %

c

[Wc'&N&Ifw

bt
7P/o
1hKc
hn
Lt2!D
@j\f,;^AGA7Mp
|X
&9b
CCpS
e}**
j
`Q9
(z[b2)S3
%JD^&F
i7mr
k
?o
LPI}dry9U$Z!WyF#6
I}835''K
<
{=HD~F"q@[?].Y5( P_>
UoF

eF

J
O
SOQu9
IyhoS

kop#
>
@A


49KC
V
P(|
+>|
.H+?,
(O
fZN)tl*"
ue(Dlxli{
(x%N9P
f[7.i	
8Hv
j
<`v\%[M
EB
e3A5m
DTf{
P


St
>
J
}'4Qm?
0Ruc
+Q
g
u\
>o
7D
M




8GZ

jNRa3^
|mm
[B.
2EInJ
j]!}fQE9pE%?

jn
`]it1,#D_`
F+
1
7'g
m
z+?2;>
*:v
%k2Q
v)g|p



KBmM(
@K?k
u
10x*Ud\ cSIKP2OdM])
Kv(K0s

r


)
F
s# Wna
@
k
ZI>Z
6zX^ncza\
u
(=}
`
kHx~

j
X,]39
.
j
m]nBndA
"?#{N
D?
EEi[

9IH=oR |A}k
lHEsc}
WL



YI~-_
g!U

)>
b<i^"*



&]_<qcQC-Pq
^Q&4n'U--8b

|9-
@@1
 f
{8T!
>&`
D

kc%


 ,|YQ


29*
B&R
GTNm5^*JV
&t';t?_j
2k,D
eo8 

0VW~<
UgO%}v

2~]
ioDU

lzi%
w(DN
;


s\.iS8
}8V

FMh[GUO1zc*
(x
c| lht
KATK?
"H a

=^V

Qh3d
$wt

Z

nNF;
~A5GY
VbE.9J7
4b_=~W3
g

ltc,0v#q-jK4:&y`WE
Zqr2/q
Z
i`!OU|{
t	p

=N<[I
4
%
x
: 
D{~/\ ~+
r*


$
XkA5-Va4|h%
#=
`9


	
25q\7{wT
I@9vm
X

A7
et
>/
F6+EhX7E
+=\+~
eu
nN
l
LonB{-i
s #9
shF{
{Q7{f
qb
9whJEY1
MVaMJ
p{z\d9Yp5+()
>
t:Me$
#u9#;


R~jFqH#+"
XE4
Wr
E&T#BdF8
ak&^mxUY?G"br<vK
#FQ
M
5"2w
x(
R
C1z4
TsNnV9+E}-aDvp

&-9
5+6J}:
(5;/
0vp~0
=.A	k1
v8&$q4Q
b


$4SWcM
R?

K5*
L
7T
or2a'
o

{'50r

A
_x
cD;
J


T*qGTLfQ<pj8

h
't=-T640{o7FhTA5v3uD
\
4FxlW
MS1;
_
@
9<sp{\E=
4h
xae

$
{{
AH5|Z



GP
0Djuyu"b~
D\#S

Gu 
>M

Z
-kTux|:[r4Q

H)L&E (ag
yp]Gon
|

I

FDS1x&?
nhM
.m-
MD
6"K'
e

df(\-e0WVN
W6
%C/
q8X63
P~/Q]KgB2

XnG0E
G
M?;
fGz
 )K(qJOD 
,ZF5q
$2?bI~x
?,

s
6
-
- D}de

8P?#h[U >

/&O\.mH2$U`&
xcyUA
^y\

=rrV1
nY(>6W,~
IMZgQSKC)
O

$

Z

14
 
4^<

3
L
a-J-x
W
UP
zg
Ur%
'1	-]uiax
_>
9kYg\h7[6
Z1ow~Z


>
'


u
'N;6
	
g{p	X(	+Q

Qb1O]om

x
z}.A9dJPl*MVJ
vaIHie
M
b#vH({A/o8]1i:s;(	
va
mC`..>9sE

=\/9
_!N=S1xGd
^e
@|m
U
+
M
Ra&
>U:M5[
k'E\o*uN
u

c
[w8`FG3(m4_;n-iJAUr
2Z* !3
)0q6
ifd0&
Y
E9H4^2v 
i *<CB^nP
	B7$$

M=
'IOX
{7<sO4Uh^
,
i
ii2$!NA0P
mZ.7+~B'.v
},if
t

^&~HQ
j U
pd
L
0o
r
8b+6




!	`@	)
3
2
	
e hpIPz4_3

a

w)

HjR_
\



1#qI
b
TUH5
W8cvI[ Se`?0AD
DU
Q
0;I5	T
l
7nmpRd2&|

U=5

;TXH&Wxa
&xf1f{hMaQ >
>;
K
@y!C5m
}
cnnu
g\?FX(
;r,yvc.y'8;!QvV@
LTf<;\R
9
Z
2gF%
8
of

	J9qA
2DU~$
;
\W;n2F


7	=L

\'<	a&YjP
@P:K
<(So

.*
+a8h'?

g;
Iat,+
dsF0wzYKbiI

Z<e


K$
3W%t2

]
}Q]/AX

4bNEn"zT%
bp5k



8
"
:!_
H
aI

,d[

Ng-gB

'+$04TLOb
hB
1[qrq

VT*V#
{
E
"l5>
b
b2uZ
0bD
M7uMND"x
Fz
J@"d-O#;2.
\$pwTS<P!sFg:

3	H'.
gHo


ICA_!]P
*
Nz>:9&u=(!Tq@
|)Dm7Ux

;`2
)D<E
/
=a"+	KEk5
f2/+
^

_
E8=Vay
(
3$;
?f,
$
8+~bR+{2$

/S;m"
g.=eab
n"

%
3]H2@
U4=rBH"


1
pWON12g L_3i|f?=
wQ_-
RgOlvKu ]^o-%
W
1$dd
ZCE
T5a,bi~K9d:}ZR[1B
VS`[
|@az
%@,qu
	Qw

*zO(U
{
T|U(U1%Rr
E
$
2
s95=)LRSG
s
4o

lk)B
N

MR
qP1
=j6z

N`C`UY
En
+R9mh
shN>o8

AE
p@
k
s/`A
v
h
2;?

@


CmGK



jJ
VI
~*E

Eh
o
W
9

?
B.W
.Q
4<ZM

I
G

XMsp=
A?CQEza
!9
P
	
GqJR

]M
h'jT
 ^Q_



}
/7%w:<ty.@L=E"
Z
"E`3]7|>Q
\^
r
>
}xUsr|,@:qZ5LfX
?
gn
&@
z
*n
i

ZU
NR<

.a;z@



mn

',
?WnU9nq
<zZ
7a
^<@Q|LW}\=dnA

ADj0



)Tv
T'fa
#
W _'
5\s
	x7`=

G7
KXm;]Bb<
hW08o
`~=5rYTk
.!%8hTQ,.8g
rJ@
3
8d
AE~~zqQHU[vvx'_Mp
s)to
80
k8NP9

0

#PBp,9h%`HkIMWsCH
sp
_*l)[t/
t)'Ek
j%

}BsH
L4L
5@}K
 19{&i


(QwA<
;D
~9L
}
T
.

y%"+_
JA	ULH'D
cZ6!f5R3=P,
SZ	TLDvx

;]%
+e9oh
J
6)L
T
Q


S#r!ga
|gMZ
^
k
vL
9cL[(N0*
*66uY!
:z!7cf
i>
MN

l9v:
 
>J
hyGVShf
d
=@gH"&YolY
R
z
!

_]
@W_
$H}*%~`ef!

zpqLkD_^A
qGXP_
 ?)<
	g&
@
|a

\ul)a)
9kz++Ks
]
B
I;&1a=qm2Kr-(`
I;;Ct	> K

N_

fcE

';w
mDx
dY-'
ab

!#L
(
{B
Z
[X$z


zYx
6S,U`
8c
Q
Tm/`iiv<
J
%E":E

7
:
H
cNAG]
F*ym
[Wy
PD&u
I(HV,wr^z3gV
*	X6ez(L~
$x
t6;b8|
xS'p?
cjf;m
Z>?81_
0[""p
X$j
!e
l
s,
X
s
}}^45
e


i/1Z>
v!



}
z"
K2
W(|6T+E;9ZB#
svAumb
~b
tp


VB
&b
\8,"k]u.
w
p9
V

Mw
Bi
Jmb
q
gse



nv*pnDY!T06Vv&g1
|{v_
haiTG
eH~T7)='n
H;7v
.
r`&g\
?^}!@KaB)"9}Zc3
JBB
y1
!F{
l[^

5
5uD
1m1jc
F


Q@
Cq
d1
f
h>!{k
)bV8
Dbv n>/uGx.W<
h
JuxhV7
K$
t~j&
/
yGo8v]xo
H%&2?p 8QwhTC
`0
LN
sO
<@:3
3
#sAI&x2?1
7
Qr	2##~j2s:4(znS

o5
)
-"*lL/
fx
~$*"#
M
P
/Ch
Uzk



.0.
|^/\O>[sau
v;
?5G

CY
/e
=iIn
Ucg
@7<
,

4
>KMt
I
N#%~
@<c
#tW
\U@

U1(Xe5
)z
5D

`5
Zm8>g[,8c

%

rG@C%mROaW

g
v

Qz=
Z
5
u>

M1

iI3P
z*k
HK
@`

S;
/MH:;
TNM}LR`
})*xS
p
ZrL4pW
%j/j,j&,7ly-9D
GC/i4
x&
L
\
y,
	
1
<
(hK
Zx>	
}Z7h
3Y.;&?
'1=)QMZS
ntj:
E3A\3?8c @
znJ
&Z9W
Z!]-u_
jJNl
y.e&f


^
yES
k&EC7 e
MSma68(#9
J	8)=:0
C#Y
/=6txm
VzR*h4`
T|Sf?r h(Z
4
<
&kC\X<Be
>8.	d
91


Do9-

>D#sBJW
'1;b
?!Hm8-ujWzop7`*dh6
&Z
h
_o<
#	!b8aPq
?\^:LOr%qO
!k-ss

T}M]
m~s&`=
h|lG72
*O
rV
^

K
  
f}#Tu
rNT
7Qpw


,k

B
v?%:JFZ[-P~yF
d
ch=6R-8m-\Y(t
>cLc

"pjGAj9
q	
U
D
Zr<I 

H~0
b|cx

i
F#b

T	#"(h'z[[<smX=d
<G~
8
	"
e>]eZ*}~M&_l
3@V'/'\
(
T	2
#I(&'f|
9'
0l"
Q;;

c:1@FRR
q}

?A4g 1mQPi
>


?G
B#Us[
>'(1%A>d
rD

*mm
p$
s,P;H
V
~3+>ZTgw
&T


%.<

I{@Ype"$.5{<-'hcy5KqCiFU{X{#

?W
x)l^L

y
A'$"

OF

1Oi%(]H.e

ay(NPtWUfU

y*

yQ!
zpp 
Na@,b?
TgT%T%r3z
:t,E
'
(-


"#e{\
V

+{]HH
;{}67kbtq


0
,N G,
$7k@H
4&X|"
y
C)


n!

I
-
8m=M
l2K5BwS
um g
[

z'q
AsUY
e


P


]5EM
PCoq#vM4z@SlL
`"^z
iy
2

5aRr0TCsE-
4sD/4

y
m
}h
_c*
gG?J
2zgmf%
vY
4
DE
6[
SYf`9B
C*R
le5gE
Gj8>DHj>
(U<
S
V2h
ttL
?P

}db
$MJ[

FA
g
MlcUC
6D
+

cZ

Pldc
*.l-:,oK



cf<q

lA
~%^
&'s


.2r[d	K0+CA,' `
=Z}v^u
=|;ep>hud
`Aww
 #IaGh
)z8{p/[fD
c
vT6XC
k$U\
R|8
Wx}Y
p

a:iI~{-vr
%C>A0b

wb
)vY
l,4]6B@h-
g)/V
*|Ph6xDF}4!
U
Ro
v
[-_



v&NF2pC
Zq{	8yKQr"j=
h4/Da
Yp
wh*>'\0j`
TT

OeW:
Bw
#,Bh
A:wM2Xoi
L
b%
/z'5B

t
Hl!l
[M


~b2WJ
O
.*5;Z(b
jh
Wn_<
LMc
Tx
TSL$
it-

bLi
'rm

Evh
~5GZG
Kaq
/
5

c!
>e|B
o0
yn
bh|
1PXF
;84bFakB=
U|kJ7q3g
-V

8{
iLr0`&`

	olY-q'"]rYO&:PK
NSAJe#
PSpv,}wDm\

N>.-1
|O;E
D
^
WD*g
vP

NsW5PnI
-wEVx:
4x1y

x]M
=Z

_&UK}

dL-
<rh6%~b
0T$9Mz~i0Ys/1
|}


mD8

+a/Ha
g
_
;&v:
 
{O6
L4
L?}
ov

Y2\3=<5
@iC0
KP)@ `Gl
O1EM:5=DI
v
:4ZoJ
Y
CnR


,pR
v
B<gti
:+,)IfV$O!0!'s
q
!|%
G7
aq5Bg
_
C
C
k
*;3Z]SGe=@
;e
z

]
A
gYoy
t=#aPF
{
jG`I
!PA
Z4
f

 "|q
v

-#auaoqzZ2\$8umq}H&
'1)GS'1f
9gCTI969$1
V
)
|
xrX
~
H)@
His^
[
o
L
OpP\?N
FK
??nO6g
_ - 

w&u


W-\Iu9
D8H
O
H6W~
hW6
o9(gW
je#C



2
FjVW2W
a'
w
f'
OX7/0F

j^
jc

qY
A)3
9
0I
90%Hw}w(&?C,*">

R#o$$1FO:
]kI[
r
]j~U


VI7x
=vS`go|
6LL7"0x}Mk~+Ou
b

2U>#Vs
"L

I
A
Xp1
i0NN'y

sx)z+~1OM&jorez5i4DC%mD


U>}k\qe}d
}
`K-C4
!'M
[
G
x



VM
B"x(!V2
e
b
O
+p6q|
{<
tA

QbRX
uJ>
!p.~{

K
55G'*R
g]
)i
rDaDZO

^(

'}
1J
fwW
"*#

,+j;
'
S
dZ
C

H*
N[^^:V69p`\s`

C5&kJqe/LyjO
+q+qE
PxP
2Bg
.A
E
?dh
VG1$A
kX?V|1
~

P
@
jH9$Rv!
S

+J=G
I3\

Y2
Y5$"8d%
-V?
M`
"c
E.C
:
8

;iAJ;nn]'Tz:
Qyz S|:7
w^G

U5!ch
%3G


4o
oika\
5R6eV.<
+MkXoHBsem3z
I(p[
SGq0C zq}I :`C
L
o
V[sE
nFQ
8-	
l
4("0
 q2ZRuZ 
C-a
!		
fq
	
(#
*O-Lw@ljr?=a
UdM{Fe
f

En'\
G

qG)6@i
#UZ`7d7
3+Z
@9
W~}v[|6S
(
*^T
qwbDP
)
.T+
elCt<:r+
gabh
v
`K
R;z


8
;
1=k
x`R3K}B3W&
Y

2Y0|
$

)D eJQ
7_

2?\(z
w!
Q.-

Ux
y
0$AH



<q!L
`!<[*4t7
$d
$:z:-
cIB$CG7X
!yH>Rjr'
(
D&0!)U[$


kJW

	@^
aP[
$>
CC,W
R
!{Nu
Vv6C:
L@

 0fp
w
C
H
0!


!wh

?
?z9EGybL

4{
,
Z(RZPkbK
{Cf
T&


LQaF,'Q?SMOwV*
!
h
_4
\pqh=
sJ+@

~I$P
w
Pgms

ph
I





<
z
73$42eY{fI
02
$2


%V"=t!@s]Tfe


9Eg
AF\[v
\
:l
N
opO]

Qo]1UbKW

7'J~
	m
syF`

j
}2X
;#o
T>t


"F0dE,{+8o%~H8
34
^


(r,|1

?
0
B
Co
o(y
 C>$nj	Mo!`



E	$
1L
tbH\l0
^5
"s:
VYOGz0X
6^MM{KvHHk+
H
1Fof[
S

*g\ic
:c;
)

u
^6d
?.
plzOH}#W
F?f0
tc~(})2

+bM
]
6im
\5\ZY4]
sD@
1$
Z
(
&?0

8_
gAoz	
Wqw
O
x
H
>m


1
	h>!nwxhW;QJRo#<_'
g 
0!H
*Z
[p.D0O+ @
o{f:FN]{.




>@SUj.d> 
zHZ	h
4P


VYaR
_K
}V\>+*!Y
_q
S:lr

	k
2o_
Q+
1v*'N~fq"
C!`644h!'|"Fh3pX
t"?
S.#st
Zf4Z+V;Y
gB$
?GM!r>q~+
6$`eGTZZ/B

e]6?h	y
.:MtS83E8WZn{<L<
(
9b
<@|j
]
yc1,)&
bQ>
)
y&MGbWgq
B
E

0zc3tGd
i

LTPWvbQ
0
w
pa
3qN.ow)S+


1|
;AW

Ngcc
lS
^5"
 i9
aZc
qn

l
W&_\8/D

T
ge_

j5j
EDv)Ii
F|}NL
.!T]]pi3rI
Rf
5
|QZAI|
+
I 

m ?
u
mf~
QH*
(5R=2%
tf
o

:2	J
@
(6



'_PI|p~O.*l>	SL
]_A


!@
In	O
'ncw9Xh0)
Z
EqZ
y8j;Aj@c#@%
Wu
~djn
CO?d^
s

F'~~
:9ls

,:

(!


j
G;S-
n
's_OrVQ%
?
%?=XR:
s6~w!
?TgdgN}
:UV%-!K=`T[ 
4rE-^s%N
9
j!kJhjY#@)ImJ
$#Yw;d,'"Q

vU$0\
JHQ+++NdL
R

n2wfn\

wU

Li*u>18

c+'*
s;[
XJ6P*%&-3

H$P*G>ixvi|R
$|&
8


DKZnh




]4h
{'qt
Sihi
^
	

+!Fvt.XmCm}[K2=S&\>
s
}Ts
3s
CuG\5>Ic
8	|6rH`0


K
qU
FB
r6(.%o
Z'M66
U,<@t
i

oM6a
? ^T

t92e=


;;

gEJ]b4W~$
-
:l&
92&/kQ
)V
4
U=
>
f
]
c\?

=<g\M

lAr>N

hI 6
=l
$xi8]>oW9.
"
Z4
Gu|}D

%\,SdiAg
2Q?

/`BUm\XH
b
~`
Cr
`G85,
n


^X"g

#Nhw 1
z2
S2EG=

mK4
:A
L kn
di
3R
S{
O/
#aUb	sj
@

rX!?p
.qi


b
i_)1
AMh
(



D"
7z	od$
V
'U%
p
a
1hT~Qk'Jo3H,MNdAmT&
jt

J6
36vFgX
f"~
lo1.

|x9bE_d)Tv3 -HS[8
C
-"+-)

R?)J<


Xc{
9r6Q
v
t'810]S\
tm
@%:
YM
p&cd!
POfiF
Vf5


Tk
IQ	
vQ
P	
9Fq	_
o/fQuc \
!l
uX,7+C:

@k5N%s8<S8$

mq{
F
(3#

GM(

B!@&O
LC@

x&


|
#D
Co/Ytv 

 X
avkhC/)E?
kK,
H2

>_um2b\Rp_rAsL8_.t
O:?j



KB*Q

?g5
E


rL
8}pfro6-/
C2*Qvl|Hf

O5

5
2(Z;XX$?K
np<
4n+~e
{&w{
G)1TV?~v
:PsV
?jv)	wU
#Td4P
,D"seK@<
?,&y|
P
Q3tzKlQR

7=o;i,^U
*
?.UkTGhf
f0;[,
@uYI

~sMh!$6,GDku
XBQ9!a
Q
ku
-conpynd?O
d
*$C

V_T(
u
*G

>&;"
+


pHan%`
I%![s
0

&
4e C$G~?]"J^4;	
#Dg5

VaxW

a0


>Z3}QrSt52!iQ(


B


m
hw
J #Y7Y4bW
U,s
V
l).q774DEE2E&#SqCoCrAxU
w#6c'
p
.	~^N3#
qMZ
h'
-
F P7vZ/


9
{NE
E$bx?wb
K{fru

4-Rk
&
.7
hN
/
't)
eazI_F=F13S3h
}L
$`KT~4#
[(9PR<7,/

m6R	i&JJ	H
<mp
Bo-]

~<RQp
} 


9T%
sof
1vP
gIYPv/Sx.
LwqVm
Ro

E.(9

DH~
__V10NX{G


wm[fx.V
:
8cEOk

b
oBo
r6rnurk
jY^IJ

TG-
#sM
v^j
F-~`
5S
$Fc')6
s


NJ2Tn

u
xX
@~
!
Bl
f+t
T#
@

Ejap7H
R7
K
:

N%	

0o=
}
8
CT

8sro<
:s	~
Q


),"3T
iq
l"
0v%2/
%
N RB7Q?
MD
vp="=P
'ZpIf
@
Dh
bxd
K	2
_<c
OR

lJ^qq1Z3
ls
*T3
M


7B(
w
+GV0M;z-%dVx
oe


Q8
 P
*
XR
HNC

tVXg{~ERoU:MRGV%wkEH
oQb:a#

+


vj}m0Q]}
,QL
vDf4
h
OKN1fOF
mQ
\<
Cd]
Za=,&8
c Gi
[9M*b4q)GWr]-'ip
?
_!@
@x
$
_

<?`^"
ICU!7+F^
7cD2Cer?
cWBu8H
l
iC"n
f<'
_mtl
X1P

;T.	,i
\2
A3w
Ug
<$*R

Hi/

w.$3
JJ/4X
gnN
gLhGP
kzhh
1S3Cg#q
NtF

{r)[apnA5W
}mmyWVu
""D
E6}
#E/@9
a
sJ{6
K?~:%p
|g


H
G~
T
]{[

5$

 Aydxp	
Z)
:,+Dt=
lVY
,Uc<l
Xo
q)
V
}m1X
E
;iO1'K
u%

s
OX
 H&
q*`
(N6x]s

]K;}
Yk=w~)qF
|gJ
q4FS9f
o`pc\
:)60A

v

!iZ#^Bfz5
A
L 
4x

V~C
5s9=
05
I
wev2Dq_W+`
KtIEpZ
p



E\
m
'8"


JZ
*2.
Gyp
7adKJ{Wi

>

@94bPJs

v6G%:

+"O
~
Hzc*
yh
})D2

tx!
pWY

a&-{n3{z{v^&pX
|V(9
-Gu	a

1R
<4=i1,
-'


'
W&
.G<(l|

V


a3D
h'?
4l46
2]

|
1D?Q14g6
vJ
PuPg^o'k%
 [
K1
M.
vjQ@

)K



i
gIkWhX|upP|4


)&q
x3*wTu
d
!F


}XyNVg?	el"qgD
YQ

{yYi{7m
}


ugxD>`{U>hp1H5:#
<(z6z\*2J8(BF/8.(|d
q;@R,i
a$7``WS
R02|zj&>1Un`vdE
VxA!%$=~Ht_"M31
[c
WF4
x
|Qxa
q0
4R.X
&
u};;*eS
AaU

cy
YK
3R|\[)'
y/)

'OXQ-%Xn
.w

q'd51

.l\W
_Q<
]Y)-3rRXKAWr:mu$
RZ?b[mH8>\



mk;
	/ewr(G]Z6S~C&Q

-qJf(	w89
	%F*<u
,`)s?
*
zf:Mi4zS~Y{
Q5OTLl
v)
wMi!B)%d=!Kof6
Y

4~1},
Rxneg
n`VYy
z v09B

p4qsO
jy

{g
bNgk=@C
;T
SK3

L
ox
[A.F;C]7+]
yF~0
:?B
B
[n
Z;0J,8'mfe)"<XM
k@`bph
(#,c2
REZ
v
2/=!
#B(_
uz
.SZ	4w@X
$

vHg|7
/^CHdg

?({2 *
zB;j


'


P|


:_G
D'
Rf(N
Hx
C;L&6Y-]`Bk)?v*:2
y.N!6!
^g
	a,Z
x
LJ&"$h
M }oS0yMVIg
b`cKs
%
U2
VvT}
p^
>w
'K@!

bx
>Y

E|	]RQg"A4
S%vd[f{
*<%<L
5i>
b@M__,+*
Ek@]?eL$A4
=^Mb

ZI{
Q^Z
73CZ]O I
u
u:%0n5mF
HY
#

5dp
| D@z


c

d
;
0#7
i;^;HyOZ04C9)cubV
kas|bP

R-A
C#5
W~
'Y=S
v}pd`GtL)`I
)G"{tdu9
,KW+`v|
K

A
q"B^fk?(ohg
\UnS
o
R?#47 Jz2P<-BVo"5SY]CC>M

=k
%cm\
"
'e
Q6;vp
f
?:m
u)T<A`y&{

is


)b
{
<r
>R
v


s%Y0^:"
.9

-

&3w'/
[


e*
b&
VCg
"") PZ a
*v']gF
x"

5~/>aMU1
=84XZT!5tz.
jVtR
zC8
Ie
x$eGy
P0G

"Q"P>
~U
MKSc>

K`qNR
4

Cb9
`2&2Lvibn?c4
/
:G$
 
Lr%y|.=`_AA
hk^WU:F

{
F
K
)I.7

\


Fob
)ti
L9c~
i
t{[x?a"

R
#/"23`

aD{CR@}/?v
Tk
1\M
wW
Jh/q
b
c},F:(

hw-(nFtRL
0
* i>jRn\UIz9?	wqGzw(r%PZdE-1dUC
u-EXw,.Mm!
%@w

r
(].x8
6^4
,w


Xs
|"Zk;Y
{Q!{<2$
X
KcD"
WG
jZ%;N28i

%^&
)G
eq3xJH=&
W>]
F@qcs9
$

A8r_R
	ay

kTU!{[x29
qqzUe4d
OwC
j
[~;=qEJ]
!~
|oA.x+
t
})]
qV<z9WN1

#XO
khwyeg3
a^$NX
w.
i|O\7',h31

x
obtb@\
E6ei|6|md
Ob_-

Yr2
v7{s	Vh

=
]ln?i%<O
L d$Mn,	a^"P

D.m%0}[1S@ 
"EHrH

%2`
^wn5
8D(tr



nM_'ekI$4<dAG
s(
J v
2/=S$(a7;f

FEg2

^<p!
r
%z`>qYp!
<=7	mr}
tDBToJ`F
Ig
4u*/Nh
 Q:/
pf&^Y$bF`%
Hgs
o5osje

,~,LQ^{XOb~&5

s{'
E

Mw:=c

z'HyK
C#

rm

#.

+C	hK
6CNk(c
#
Q
O_YrqueW
wr8

[P"<
>j`
W
hW
l)1<

/sq
Ks
?,
B
Z\=w
)P
xQ
Peoz
,{
Sg
`4x^k
i&
D
T4
u
1nN,?,
2<@'O

Ll;=L	Z6EqrA>(P4%y#l&b
:
Mz5

Datx	A
ro^\Z 

hG!cb

=
EKe8

@>]57|nOgV&D1>W-(
F
yL
8cS
I
}EE<#zk
a3
8Z=i


9%UE "TP~ TH-J
r~!ej:G	3wqhZ
vi=
@z5ZG
YhR


!y
;_xu 
!


r|y]:

.<puBK^
^e

_1;7")W2Bh,ES)?)\N?

)
EtXJS6fK


M2!
\\

"R2Y|
 <
#e
`R\#


b)
Zn<s

P
"r_MD\Td
_
ok`:H
QS
4|

cVzihLu
7MP|"
Y4}b
a;V*@(uHTrb[N1W8
$/
[tfP

+Lz
`\A7~
XtK-_&
/OYgju

I
g

mFahD:>
q=
B3Dh
jj:3<#
2*
{/~
DdM
N
X

CB

uWf
:I<m
W
0

%*
,owz
>
_C
#
)!tx
v3J,
I

q
*
2=<
57
t<w0S
7t--e&

pH+2MB%Ll4v"p
W "DU
u!&%
KJ{qg
Z01
}k+CPW:rADBaf
7xmX	
fj^Z\>`8n
>eui)F9[1z sU
k

Y^
e={<
Pzi
as??a!h [EQN]=$e**^

va6r
?D
)Es
}3v


jRh:0'V
I
lEy\()GFh
X
BD(@w W
7;_
u
8L

F
G8Yga!'K&
^`<~!4	pBW,
p
#!_;#
8bV
K9+r|IjS*'RC[r-
BQ)+dLLD
ob0R1:
bf
_(s3S


oy<}4
'_kt,(l


^4Xu
7vw`k$,~+;f
peIo
)[qM{_Y
u83N&K

<_
`


?`
0>b
C
k6Qg
+n
[
RzfQ
#1
{=

}l
&+s?gw#
I
$lr(A
r<uEM
n`
-t}#Z
A}
xe|
{>) $
@e+4

qg"`H 
5	!
/c
+Tt(qi_


(KiKw
dic~J, QY7jjfNq
$^+
H

K
B
p

ljpPi3t
|N9h1
7##S
FZCQt
X7
AE
&(
n
Bc
7*> \WPwr
r9v7
k>S
U
Xr;

"
<

s(W

']}
ypKq FU_
i5'B(Z<"|HVzYC$)P)I.'[ 
 
1f`
yB>!|_|9
yyYuK

ue;7
[
4l3?


(
R^.O>#
A
{

H(&6
am
=
F"-}98
aE`8k1w
31./D2wdX.j2
|h
;
;2<s8
1
O
CG-nxS
5


V5|
JqjX%e
O#

91

N^HtM9@cnGr

!u
c_z<
aHM|HV6yq8@Px5
3vz
6e
D~
UbjP	h*g6'(
V"w
cAw
W+
JF6)Zs(\I
G
#(=
W\,]+GU2#
+4gN5*
cS_Wt=!x|,
&i
}>5[j|1
 A@L)

K
^ m6
+P}(|
F^
D
P 
MJ
e
N2%V-pd

J:
u



	]^:
t
;tP}
6
Z`	)




PU0>X=UY\+0
E%
x
jn

hpy





3bh[!:
n
m
<
XZ
QmyA

"m
+

D
"wt
S
6e}BS
vQaIh3/cl4n
"t3
{w-
g

3*I
 
m)z7
= 7l{
!c$;XWNUGtl/

c2A|JEbl8
wu3'c'<|
`1d1
2xl
)|

'P
j
]WFoO=#o
C,
N
?+.8U(%lI
sNBDH-R&


MO25`mYn=V/`
g/&

o 
>cM~

&
+5Lz_y[NSB
*q\0Q
VW!>w*tSwtU

T4H!/ 

nfFj
0H2zL
Rm@B
5

"d
51GuRn
ej}D)aMY"
Ln
	U:Zeoin
Fy@w97B(N 
D\4&*
H#[0
s
WFk?(SJnM
^
C
'
13N
gu0n6KKfh7l@uQ

%K
rOcq
t

&Dd,-RT

!_p

UC
'<#L
(7P
!cp3y
o^;
1
22*

,
qo	
,;V%[
u`(QQSKYC"
YK

~@

m0
]H


d(_b
8
g
V,\
Fql

x
I

/8


'
|
)\f?
j'
AKmT
WA
`2(#:<RrUXktahx
=XBKCb\|.JJ9#
W{7w
q5j\
;@x
)i!fBd+
?
{mSF nJoj
`
k
e@
!

7"lQ
/.-6m52S
pso;d[6=V"K<[\]\_

L_y{
'*s\TG^E<N

"0VxR"5&v
{N
s
ym


:sq
3HEo
?
2oO$CiYaa]]0wQDi?TaT
M?


Mi

kC}3g9
9
w
y(
Kdr
1LX9

8



1
jl
	TC5
V-'PM/
3

dgi
zzO

U
=az+c

'G
vt&GBNTuheSHHiCC9SW
c
a^8Fp1e80\-W
g&q^
P2P


TN`$ND10
bv

]<D:a
WI:B B
J

_	h&w
t4>
G

K%b
j
ave$2 <t+

?_
(}
5j<k
|

H+oI

+
kG0


/

nd,
b,DMi(Mf.['RCpXI
V-d
9a$hf9OK^^&
#klD:Kj
s=Qd

yeAWe{9
\
4%d



 o{d*GO03





rPZXL
["

G

C
)[w%@
e
C

>"
M&

x`c}4

<E
O
	p]


"t	e
&$):qGB
@
s7OqS
/kS)
D

S
5H-
GK7h
)0A2h\
 ,
t00X
Y\@`h
n
U
*
ga}f
&(.

L()M
Y~nUXC
2,$!Cq5m

G

C%-q5+7UT
k/
R|U


;0!v#N\+k$)hhN
R{B
R

6>

<a
HaJyz9
A
@.3a

1&f%`qopy&'
'[`7
:y
.4$oB\
u>.
gLq
&[}
U%.[D
<s(of7

[
]8%LnKVW
@e6
[=qxlF>wz*
j
G
$

zK5G:



_oHsL
^Er%{b
'r{0:
UU
P!B
TC.^U
G
z

QQ
vFb
eN



cW
,pQDE
k
bqdpdp
6B
%
`-f/(u1)Y
8
q
C8
/Mj
2[~#a6]gS_AxFp"4"C
+s

uIN
y
h
FD
i	9G~
	@~^2!
Te
xQ(
HrUFdi/p(ss

.Q
4qK+H}M[K+v<|
K=

{^
+G+
<5#b~.
hr:1p

4+tp!
<V
MS]Hv&k
b!+=
QL
D
,.
2b+'TD+

*Wg

^'
f


?7[
2!
^O

*78~{[


Po
hO/m.1
8p<
|n-
Mt
^ K

?c
Hb`8jJ

0.C5^,rs)a
)(
5~/

>AjW
M8:8z;B,a
aA2L-S'FtOM+F|$M4]8
_}<
.0Vp\0n6q!{
l#^Zj,}1""wV
0Z`/
s]?BO
s>C]X7u=ZT
=x
f
1^a*
4
7<w
{:T
&
D
d{z
NG+
81jLZJ&
R[


x

+l
RxIWU=Jg



B={

F.






*
+
,u
mEU,
68
AA]v5d
{




 '
JF@Zj7ZXt)

_6

wm
-K
!V
&d$F
A
Jyc-)?
	`

@:5Q*
ROgSh>b
#
M(@Wj;3
\j {K


WGNy[!BCu+yP3
Xx>
H)D|B"_Z
,w((GovAC



(
OS
(LU2
wv
2
j
0

X8M@'

8

7${
w
(DaZRQJU
cA

H
\xV
!U
QY

}

m
*3v}}IHTN$
a)Vj
PA
i
%;i2=_3?NPb
G`w
!L_EZ9n2
m
]
dm	 WIV7|

Eh

Ax
bEo!
!
K>uF
w+

CYQ

O!




D
+'?
@X4Q$jGb
8

@JT
\^Yungxwz=y
\21

^g(A'
A_
<
T
+1o
 ^l
O`NI~#s)9

! AA+

5@2
I],9ZL
@]_!,"
G
Ay
A
6
TZ
n
8


v7;I{K
Y,+}F<E\}?k8S
4 l4
ud xf
(
a$ecu

sHL1&Bi
r5$'U
S]
8}x


1g5
K+
S	[
Hy[2
F_(n.::
2sy+

<5gqE4
O
4+
}%l()3
J
/|U30A-[D.
q

/B!
CU+TKIAljlm5

3]@c
e7[
HN#L}]e}
3"m
c'dN
J|
_0r 


;]

,.I#
/

Z;
Z
,7^9
[NY
9q
;pC

@>*
Y.1rL
'Q_>u

'
pmdt'V|ZGAkCy"m
{
.oi;
3
E!$[H.L.
BMj7(*p
nk/\h,q

TK

W`"{<b"

6<W
s
Ce
*I5
2YqAe>

?\ZYP
4s
>"M
;B
v 

aK



M
;K}z(XLqg
]y@
?O3
_"
u<{9N
WKNT

Ry:+F,
?
|

=G57'PR

FGTO


k
06
jYO
e

b


OBPo
#|
iDe1TuG@
oo
SIe[/lm
tz
=6k-I
"Zig8
4.Sl3C\I
''rN
YQ
Tm?
QlMQ
 ;oQN$w

,^fmm

YT+3'5

m
VZQ(bicJ;+f4EpX
WF
]\d*

I6
V$
&v]NR@3
{V|(
mx1=@<


5
)
D9N`FtW
D"\o8Q>5qR
k
P$8[1I
Gr

%XdcE=

WUq
'(E
{X|w)
)
Kr

^

{h|W'2W)
-

L<Q^0*[)LuJQ95XL
i\
RR_y
0$
U0
#lmy

U?\C
't7
:Di
L5i-/gUKg+s
Nai@wz
/WR1~Hh
z-a
r
t
?Tm
<
wA`Q#!I
0pv{"m<
e71HA
W64

"
H3


d
&&<N
+J1

4
6]@xy
'.03HCstNm
+
	Q?n`j9
|9Ftg
5`
M
>u4~9 s

m3

|I{],.g)_'
GDK!S
*

V
:v}:|kf
qcOe:|


kA54}xUR
w\
Nn>=ep:QW8C4
"n}6


;IG9;

>
aBSH

.rCxB{4v|V]z
_
!
YhL
}QL
+
Vs
_
{#
>
H.
 

&k G~r(L
&
D)ATw-]WHQr\


>	>C(\'H
'3Dk,byp
;=s`
K*l6~u@
,XSo
(
AD7u


[

_HAK)\
SBMS8
hd_=M`]e"#


0"x=&P
g
/<,{vzG/y(
Y]R2<8L_E]{m
l+
>1}SX3
L*r
Rl5W>
*pOZ>' 




1+?b!
3T
x
~
Rd:"#NL

'K>?_RMc[v

Y1	

+}}#
H
6j#
/0
V{R
S%[8xR?
$h%"gH ec
'cS

P:0d
%/ xLs)>?a;[JX}2"

}+8bv:bHt
%
8M	*

SHJ5
'x]
#w44v`dQW 4

G6
x{+#
7nO

T!
2?1#sf
LCk
c
-qWc
PW2k^iS.cp

~-E0P1
j~SN
/^A!7
(
uRdL48z
!}

,[@t
PX

'
K~Rm.p
&_X
,
;(
T
4lB
.8
v


0$V/w<U`J|@

e <
>
$j~_r%


!
	I2my*+O
uDD
M**
0h
LK
,?/D9C]FZ(pI

ta
b'[lt}
v.x
r=
 |D\.
;lS[^
uq
W
e~dJkZZZ
L]t
r
~/q-(%
t
x
vc
Glr>J=+%
}'][
_F)^n


9

:

2{
q`
0+<SIMRp#&

e&YT9e[r
`.
gX
{Jizz
7O_}
H
8E

kvj%U?
R ?g

p{ZZnMh&
@$/
6`FK~*:bH
"YZ:
B:)+.
~
Qg;g!X
"
oaZg

BL
d&x
74I`_w\^
'?@
X

z ~\zfa
)&'
E

|LfV%V+{[R3
Y
6h
Vg\JN6So]ru#


PqnuH
i$e
@8*n!*>


G>T7
G%7J0P
"7
jJk
)
GY4/r_ms_v;
Cj+

bM@+Yb[ZE
FL?H

u;
M!w-
3CS
nV&J
fmvAAI
`
K QP2G
>
&/:6b~
yeY 0n

]AX(A91
R
U
CR;Xxj
'F
*8p|P
kP)B

jD4
A~

{Zb/,[
8zYC

,
Z>~$g9'b$k
8%
P5
#
1OkD
g
;} `
{	
 
BGZf+i Pwh
y

+T
pLc

a(ir

z<x={S
	=5o-
n'"
Kn
44f3=@[	3w
&,
\ ey?
'(IE
i_
5G
a{o
10iP[Y`z
rW	QI_mp
7.


&NM7(I(>zX(C-
%(

w!aA
O2

X

f>`-n
v
Gjgg&
bC5cT-|6nu~
v~q

Q>p~-rm<:P%
w2};ha

W?uM>
E5yEEC
/B2"(nTy
oq?e% @6&
m
e$$+Q
p
am>
 XD
.6

(C|N[=|
Ub	3
CWPY@_3.	OFw
F
CR5c
*2q_'s-

`
F8Y y:S Q
gA &X[x
?
0jx

d=
p

7OhPA

al0A&P_~$X
c_5NPEQ.zf	
tNa]
#x4|]\7
-
{Qh
-@/t
uF@h%W


\p6
abu@?-=dD9.%3SfcHxQ
1:,
6?	
0U

0
Jg/
LkBr
uGxQ
i#

^<

{;(,
47:6

e
_JES\3
U}
?!3R
hn
d*6
,jA_
;zw>ZB{&	(9l&U,G
~@ieMO

Y=g

yN
q
k5

T"DBH
f

^I
D
MM
	
s2
mx"Wv

y
Z
\
]nsf
R(

7NUKmY7
k


u


r$]
yjdh_Ck2kl:$;
g!b 1F5;L+<`''}|.wh
XHOEr<*.X^7@w
X*Y
e&2

YA}Wgm@sF
D
sx'"Q
Y
}l[ Fb
d

doQZ?:H
.

j
tc+
5)a8(N
H
vGr
WOs"+3Tk+zk$fp
J
"x>
)fK='X,fC07
%Q/P&
t



p+C
E4CJ]"

Bf?!#oX'
"V^HiKZq\ZZ

`FB$
 G
3
vj#
[|9h

?Xy
3d`
7Y

 _5"x|9$~(
":c
kL/{

n
3K`9
:V
S/Iu(>'L=PTW
8go}
c

J
B
\{

K&bzgP
&xg[A=+<m
,k"
n)SjkjG`tV$
2	z
:
s
t-O j>,
*F

pl|TW<-D
QW=pJA#c5>Xc
pFD
Uo\n
M[v
+3Ho6
?t

6	ecU6?\'}
=T

C
_
qqB
:*TMaIIkw`IS7


	
%\V'n
"F)
9c2s

9oHzS@\





=#=
r\y

@/
y
Gf"G



VQps^|
o
?
JI}(C
(|3=nF|M`DfkUr:	[.uX0eegp(*gPekpb	&Re$
?`v#.i]EE
;
5
s


7je
VW
m}KK
\
{S.">
h{


>6
K9



"rZ
XPg$kD0_
^yNcbKt
V+6Uvgrz
u
nH9G

k|U
TekO-O2x<*GgX
V@
R<ug#>
bP2GM
[#fGj



K@D+
Y
RbM
P5+
O
`yU&z2AYq,e
JbE
	i
xlnS2~%g*-70
*
,%9nv#
T
]7[hVE}G*l
\cAD
nt7t	>!<o
+
,
)
7
k
BaMlNaA3

9
rhv
'
>

i
=iD@
A$


epT?2
[0:]
#M&CVeRoOm&2*fKk
cg
AP]xzVT$
+@,p^gGD;/
!M7D4
(7^
8
Y

Um^yv
2
r

2V7b[P0

]
6
e?Fu
U
f;_X*a
EU
A
kxbGB
ROiX}n>555G
-.F

pg
/5(p5
b
S%
&l~
cm6
$c`'

n

W~

,4pb@Ss
p
3U
+9ubS
F,:P,)h4x_@

lqg-=S:&\n{d
6Rt
e4& 
SAe
:F83K%
+SR~
xStu0
$


`9D
7
:

m[I!	g7B;
AA

7q=?
9D,
vp
&yF;
4
DV/,
j_
,"
2Q
o

!M@<<*Hb


	D'c
N

9h)^
6
T<x]I
$
W`, <H/SgkzD~IM
{.BZ2xk~-dUvwyyOZ&g
g
bO{U
{
Y


Nn+?R"e/w\(iNoEmXLU`(
\}*P
{]
|,
(dKCJ{;	$&f
cT\(*=P?
GicUfAh[fi|K6@
2{-N

Ru`0	
moC
7%e

'n`
X]Q

_1

w-
K#k{Bni+*cbPIhTpO5w!
A(1
ZD
Ri"



Huts XNh"06

kz!w=J)O
eggO
~U



u
'NX
h
?l
#_+

m=d
#LkkWjAhkWoba
)2

<Ow>sWa
mPLRSh
?Lo"
X
]Hi7O
ah

8
T,f74L
x
SY/
&
.$o5y0	1
3
aI*
X
777k{7\

7;
UR6z;klc

\7#>xMQQE

tl|$I
(xD/O
eBRR//VF

iK~0
Qm
Rc
H
LQ >
P
%6Hp
o O/,U
oU9
	(
i

2
c{%"
m(0
h

X9e
]<
N
KK)kg
o}>la:
{=w$e

~"^0
^
EpTO5!x!


~:vau
]+pz
|

 ^@!>Ff'
.\-	v.#x-Vo
Lh]oQP
FP
f0I
f
f


cA,RoHK
	;
c
jSm;T4
e
5'

/s"D
}}.Pnv
|
O
ycuEI)
v.w
c

w>





3bh*v]8?g*#]oe

\.y_

v
Oz
K
 E3z&]i

)c8EB +B"
p
_{
VwlQ
0Q&m
!
Z

h-l
r'9
iS
RguG
E?j
E
ad
^

:


8{5##f2
;@W
7	
tV



ey
E

w
'
3#@VF(
K[B
nq3
f

j	
Q



-

L
@gS
&{
iOS
>E9?$;C
[OXlegv
n
X
D@MLgI]Q
)OGf
~
=;


kupSm|;qU5/

smDQ@Mr

Q

TGHfPSJF=	42R	

F
z:|7
5
n=
@?	
~gsO4?
iVC
!Z
!!*
S	KOTH>
ZvBr
BRx

0!h
]
 8!9RDM
c
n1Y%<4
~	!9r
LqBe[A;XYlz
7?`U
q<LCb
p



:z,~ef]9!

z


5D_
`RH%
+'~#(
=Z
aRh@("aA5U@:\m
<yX
;}
^%

E
8


c
Z

5ER
}
_l|
^U

L*yi?|(U-An?
h
)
GfPJeV*RS?)"SDf}>P=3x
`2q O[2pYzX#=>y`
E 2gsvFq-
'`
+9<
Y
p
}CwVf5
X


.@~
0E
]U,7_Op
dC NH

@lpmqI|
_+A^>i
BGrf~R6hf
,
jl
t-
e
u'
v
48^r"s5af
Y2KB
_f
BS87x<

2<
)DAY#4s
aNun  ;Z2
AKV
{

8$
c`


XW@
CO_
>N2^



FUlSQrQ

T^pcc
53G2w


MY5-S:6ay
FMV:
QIl02H
9}@
10
;2^
_
a
:;
?
R
5j_vO
*

c
D\@tl| C

Gc

 
:#kHPN G	(i0,M?q*
^
u~S
w
d

|
Q


hN20mR

~`Np
GH
=Gg57{
;

W\'Wn
&!9
sL#s%i\!1%5ne
%

7X
?(zf
jo'
!4xeOd
:A%c_RS=hpZk ,
_T|?U_/t\H!U.h:1#sV
K*S

D\v\
x=Un|#F$
#d1p

#<6

6c.
e1FB!$C
Y

N-@j=[OgMb
p
1
#h]QjC{2}
N9/(B1noiY.E)



|
Bu?+S



A
"
>R0y{	iep
#
&/
/,9r
p
nr%uof{
n2]
,Q6
/'	R9F
Wm&
`Azw(e

V|
ac=?{a
2p8R


O
\=,f	eY

@$-

?x}t0yW1$HinYls)jP_
/~}


A"2P4iA2_i$7
H
|0Rb$sMlS]
JT
HYOk


mRJE4f|H'uEW@ s4f`
DtK


jRxnb
U5[
j:
3a~p:?
.sp
t5tAGwN*BG

XgS,
6f
aH
KzJU"7F"$s
];
,^Bsp`LX-pS[W`>
c

/W&^
H

`aF`

#


G^292


D
oF'

Eu4
x?gZ}Ha
k\!h$

U*
W.^q


-4W#a^

>o

Q"j.CLJ;_
eyh
QZ*odW
4r}


Iw
HA@3g{w*7XC
J,"

M{\







]
5&JnQ*jJT


1e5Sr-
n
7

@
	Q'|ZT

CeG'0
:C-k!c7

Q



	A
?
+4e
P
<6J[^f
"

;h2Pq
L
|H&6U]I

'yZ*7
t
gS*
`$>AN
4JS:G
X}i.?kAf]


&}!
RC
+_?m/F"y
T:.&8
Tx|
_Z+ihQg
W:EX^%
LL^n?p;y a21/#.E{
hei2Ek
x1[WOt$
K
S=FMU!x~P
-

&wm
*4t--'
|nv!
B,Owj
E

D\#ik+
[


N
,s.6p
-

g.``
u
&
cz EfKN:ehA,pe



-A
>!9	
S

q
|l2:Lv

TjH
S&
kB

{	G
Y^
%k1
~&
)aP
cXmF
g
@y~z

o.O

&&%
P<
v@+P
C4Z1{k

$

 "

H]
H
4m

"
tcCEe~r@1f$BuIN{ii
q2g
sc4aq2

'`Ed>EW~n>#14dx(Nb28

8
umch `jGA)$
f|vU;
~hww
>RDw`V(iM
E..&
u_:
W!
FvCYn$I^.
2jo
A
t
/;-^Y?L:y_

gQ
,#qPdQvd
aU

n
#
?Ql

:D

N	z
#	;
g f_}bASq]:vyP.C68Lp|OzDgm\



u1wM/Z

Me5<W~j
5$g

/
]

;

L+z}#H.}P)C6_w
^[!
w
*
0Co@;#RIo}<e!}

N6S|
L
l(
x 
#1E^


4Y\$O

q


]MUR["U@Jq1j
L
M,&S?[%

m%
W5
Y
X/^5J,m
	 x&l
s
,@H
]\
K


0
t;h


g?
|^
m|
si
!"\)w1*<,'W\6M

j#-JZ*G1F./H"
TC3)m+Z
g
78\f
e}h
$3\Nr

!6ND?#
rLe
'vv'&/|
-b{
d A:f4IsVwB
7]
"*y0Jh'i
Nf
{J

')Ka

#sW
/bJ
ud0o
zX=\`
Dm

v
.
W
 X$
(8C
zIy`yavl3,I
1
y3
h74

=
`a%

a

+~n%`]


S 4Z
__z

{
Q
~,3
>

L@
3]e
_r
3
H

(f
7r
U=
MiFN [Te
Y
i7#I"7u.wsL
ReGFk


jeF1


k'W


!S*XIXH6%X

 Oo=Ko!1/R8JY
q)"{1;P\

5THS-RWM
?
f(%
Ww@
I]
sw
%4Qy@c0
-
;wS



h;3y
+2-m
2a
3~-|ym`*{
&8uyB

HiA{[L	
r

%f
PfEM`,&
(%!`




cvYWR	oa
|y/\
wCP=$tc	

@v
S
!kn
>>kU.E_$7

B~<
<X

w

0
'{
Hg}Y
<=kc
K
;RxuI5


x
}
)&
H"2

0b!d 
@
Q@W$9MnfFll?
bM%
hm+
o.;RG!kLa


_CT%*4c
!#
|h1
J *]
X
Z
3Fd
N{(&?uCa*'xCB
@,7GnOiL_:^2R
q/ @+H_b6
D`C>
};]"r

B
V
A5M
@7<Xwg
OCPk
1'>F%z%@mBQ)B(C
V


@Eg1%
xhQdq{
0B"#gb
#,3eMna
xj31(
ZN
T/f1
Z6J
Pe}3o
W#v%
PA
<l-\

+
USs~lF5/c}
Y)
r
"a	-3Y)oFVL?WpL%D8%1~RaZQo-zu |
z
5.n^
-.Zd
K),
aQ2X$
,m{Yiiq^zls0
Z
1
6
e4P
`Qi*
CG
g5
A
m+v`
b
,>
V?H[%|$5Vu xy[8
Cn
|}l(tM9PWf
a5>*
[ 5
n$*_
}

9

6}
VkJ
<"o;
%y'.U?c_.


	w 01 G_
D7

@6)0q.UcN{2
_
5`
<w|\('tg

$6
3v<]''
t
Rp5YI@
"EC
: 2a

a
7

j
[@'
E


}4i?tpY24kdL
?Y1
jh)
K)\
IWJ^VRT
5

&n*SS

qFj#_U

VP3,U|
 SZj)] 6U?


p
#cN
~/c
13L\_"Z[:&7%G
F}c}
c

c,`+;XZ
\
J!`"C;~uZ6
";Y
	W-
`*_


9d]P9a
ZC6
v5
Qc
t q
?A3;
]
!a	ZF}#w_7J#nX
$\d
tQ!^W`


3Y1L;H	zFCr'r6Ba
U~d;
Q

(]q@X
t209nyYi@
T_

#j
pao,Y9*ra
\"`\


Iz~#\881
@53#@%
(I^YsI;s	UM{eY
/T
J19zZI;
u_H
\hT4BAu}5
Lz
2T
Y!

JE
&
J.|"o

Xe4
'"
T8VPA

TZ?`v


(&QO#s?,k

 $1;'}s}N-
dzR
SJ
rH?


,
FXrVb
s
G

3
Q`
.S\J(	i
g)$z8P
v"tM

9
HL
{^^Ug
)DPI[:\D[
?
JA
l.Iq0
spP
m'X;
^\L/'(b
d>}
KH]F5

	5

&\


eG
D
OlDpO@U
>rQ
H
4M)L
=`*
e.
Lv


iuPZE
)LH

GT7t#aA


@*
o8D^RNj5<;

D)O
=eM

B.w
D


1
ub[T-"7Z^rcY/
!5;
zF
=l
91
O7Ge%*9qO[)+3


D
'yG/l
M*z[[%x+\8

bCt3
	VJ3ePoiwa2'N8lp4@LY1o.jq)E-
pD.G
a%XJ
P,Bo{zTl'
2xF" )
Io9``~
!
iF_4V0`

T
lB$
l
@
6b

RUY+L`LKB
+vZSPlk
iP_
RL$
TZnhS96%d

*GA.k8
?
u$	Wtvf@<
D
V3q*l(GI$Ekl

P8$
1
,Pj
@IR|L

#JwE/

p5K]
Jwj

r5	
}
*>C|;

9,N)i}:gno3D
u5lyAW'`g
Z
\


'
JKYk-W&
?
@{
71|)sMHL5e(HB>GK][
)5yW
!d=/&9@Uc5~O
G
1%<y`sA,Q
:sC4CAM(v}N(6

k
SgZh

%
a
D
[Z@O
l
O;;F1
ng	sS3G3
0L~NWX_
^;o




U8J
iE
Q\v

7Q
g

6n_

6BsNFySTG

[m\^72NL:

Ae-H

($ Vf
%%
pzMt
!Zgw

F_LDm
+
O@/o\GF;[laY]T'K^@&F91X

&=v-h
|!Bl}
39^

9vgX:G
`
K
WC
}

+a
 
X
x[833Q>d@'5zfGSd
^<Wq2P|]3
u.d
 8<Sk

HN1~A
F
uRs**^]rS3
_*MD-mta9YgC"6m!ou`
c3q
UHdH

g|B-Ah
.BL
+
+YuDJd%PHX:O.
4o!MW


Oh
},\
Od2)Svs8
<xmwI
s}

CT#DQr-apQ>w

"Cn
/	'l

\Z
HX
U
kxY5c~
TIUEbq_
XiNp
3


\1P-A
B%

[r
r?]A|8+]W
?&tIQv`QK
"yK8<qGQE:e8y;qos
EK

i
N3v/
B2	<}Wqg	;-Q
^DTP4@fy

~n
N#~u :(@v	
`~8
%
5
N
LzC3tH4l/5;J,)kfJ,VaD7`tL
w

>|O:@
'
8
0eOs
q_y<
H
Hwv6D}.?wl<G	tKGu{[
Y$
k
i]Jm&h/	WecU

FxW

DQX2E4Q	X[
f>i1,

[(j9
8E(~?w
P=W!g
U9='
I
L,0p5BE]%~aVE
U|z[E0,f
J4J
[PBb
n

$MK
kC[B
^
}YlC

*
[^\[3%

:

A)f
#RH

I^&G0

*
5<o

C@7ZNr_g4
F1

z
	Ds=

@
>TF{DK


=[J(3*T5p
Sz
h
>UPKi
\)f
%$^#%b`
-
,OVb@].4W
G
d
ZO*/p
B
.
1S{
L!
xpcS*9
V


!n6s>a
/kV=
pfedq2
}#oaw

qh&

?s6+*
GR{	


okla
k_9\:1fN$Hl G$
}O7



/

7
s$[

4DenmD5


+U>7S
fZ
h\M{e|uY"Jd+~!
e
E

S-=!kllqLG
5
V)
T
Tnb9
aZ
GbXZt$
*=k
+][jf

>3

KXy.


]
O@g"-
*WB
^el;QK=Q
pM
5

c(
l

4>
Wk
yCB

)eNr1
<4|
A2 A
IDsO_ 
ZorZb/
cJ>I
)z%f'
hiE
#LKg@
?X

I
d,=z

1Q
[D>:lP#N
%qbpQ


t	$6-
Zb|bb.4{
p:DU
`$


}o`
tj}

42



ip5
l?
(|],]zF[
<KaN8LD=Tqo]x|lcm"y[Y
{NX ,S^
T
L/b}s';H
#'


n
&hZwcNG<nk
Ml\a2
D0xdcAu
`
	lg

Qp
-?Ki&7qt%FVWK

Dp[}^ZW`yD@
P

T7:
!`O
UtJ%D
1<R

Hxr Qe]
v.
pzU+
n
bzRPEo
S!J
;Zf-F
~,]


(
~}(
l-d_
-
p;p
}
>Pnk
njCDuVH
[G

I
).Y)Tv

`

gSNN?f5""y
yB.M
BIK<rr

G
'O]<MF


O
Ci
5z
x)]rd'?

*'&q,MA


A
#Na'
LE@GU9h3,MRcfd


w+Q1.[@ond>P
I
A
d
3NBW

<sqByt;%FlS
&;

rZ~4x@6UOi

A1
u

9
ul=5Y
Hw=Rr0-qd
2
l
|

>2#5O
f_
S
@%


SS

x{h
&{|)x}-0)I]peDPp
])-t2;H}EEw9&
_#


z'D$p"
N^^@f5i
*
Hj

0
?W

r



@D()^6x>
1
C
*m(sP4q
?2QKJDS[C_


>_7/
E`3
t^f
J8I<2
f
M1@!
{y
|zQ\*yrhZ&iG|Q]?
't4)[0v
h

d
	Y}p6(j!
>@s
=E[}?
js-F

D
.Pa9g</YjW<
arEUy

MxRQc>
#Z
g_C19t
u$jYs(^U
$+
	>S

%tO

"2x
m*4bC"
'{{GRIZnu`
,4 6Q
}o&!
	

AOc|rc$f_k:!G)
(0<TPr&^h
|
!
&"Um
R`iw@Aczc+
rKM/ 

?t
Eq
f
$
[

/kq',4
	
/<
z
+
 =K
9

@x
d
jo

T|Ax)E
9lU<_Wgsw
?
WI

B
u<
]?
24U,]
=


S`b4LZR
a"Nh;
~)=
~|
21bV
m
&f	r?
'
Tq
.
O
GX
h

h


>uaE\udC
W

v
[`

lX
5*

9 ~E3
{"s:~a	:fn=m]<B>E=+
OXAhoz
n85y-We_N@~
	e>
CzHy9
%PM~
/f
0M5eGb5&B
^9
}
K
Z?LLxJrI
iSHPXx

_^i
|$
[V	Ymc^A
+

vxU
b)P+yAB


i'

9q]PCK,"
GF
S5
)=hJ

DGNEY_/
u62_
z$X >]g
q42w]o`)mle.<+

S


+b
&~g>>E	;0Sn(1V
REu9s*\{?(tJ+ -:>-"}c_
	
p
8
]9e#(

Rs



T@ zz^(
T
tq#
Z"6u
pS#
j:cVEnkE;,]6'4V<
Z*{v0O
^E
O
4`{n=R,$?i_k?

se@}Ajr0
BAr
ZB



uQW
u

M{C\
/CH.|,
-GSf:KAu\H
a6S9PAIL
E
lE7(
]%2vJrJ1%
j
j+
DYhv**@n2}v
C.?A
\t{'gGP
U3!9V6}0
tZB-Il#8
f^;)k

`7} 

u3$'
S
2k

&9N
\~
<^L]Bds#
iC
l2I
YK]w~I

o5K{
J
F)Y$l6

SyLig~+qXvGIu
Mzx
>m

rL+Lp
zy Gkl1Sc\==K

B
L5
GsmLt`
 %
0 |Q_h6
5
ejP*pOdv

v[
\(r5B
ZEDs:
S#=]XX;D!e-pJ

\
XZh
N	;bqx	]3.*Wk
(<;dU

>d';:3



[3I6
BVsv|
F`
n
RTjd^)A
d{9p
N}]y?

zc
i`
0A2
V|kAaCb
I?
{0
B&w4^
=Yh:CIUk


Ytg
N+mjl-z`U
#|
P[

-s@p6
T9
W
{?	Kj
.P3!1
6M~3
R6$
+dhar=
y
	nM?20E`
p
3r0xq[
D
3D>
%
zb+mpC\6z
f8g`)a




e
Lx?
/G/?B
c(z'
1"

Zsq
U}
_z)>
m7Fv_
&	@1
i$*fNLs_	_I$.?5
:^DAD|
<T
ZsF
w0!

o_
O~c


PQ

(]<mR<"':|
xy
"

:
}6R}
c
%,j6'

c
W
$~J

C

e&.
1,N{*aW<
{'5#3A
-

Q
ac
&n,

Z
?~c4"E
^D
}y,2<,_M;*^

s<t
8
jU;i:o
w{b=|a/"
cFk2




|L




S@b
(n~
R4
,c48Hz$r}3{
?q[I
YG
-
b,)Q+F
WX@3
x{

f~Ac

UYCT3
TX
7
,
(j

DW4JP(K^
C kA"9
]
N`[	c



Es
>0kjz4
?

z4~<N0W$7


=i
Rr

^0O

:
PEB\Y=
PqX
Iu1gz<
\JpG^
'
I7

2lJuI$+Sl
%n_

@
T^k
G+nBRn



5nS#1oF|\\"D=5\}<*T :
K)N	
[

dF
0a3
!1l}K1;y
161
Vk


a1
=K1

+Bl_Z

H
Lq8>
il*h;
{V
]
2
K[.V
i;^DA_
E-w}cp`Q
I
"Ec>#dh70<^
D@B
|{{
B!r8
c
NwbT
 0QD
3sFoJE,

H
|<
7]vhZR
"K]v^}	(:5['sLq9pu29v0mr_KiH	<K9
!(V	G
Rt[yh c

YMCHu2;Vu
	
RbFJ
n"
7
n$uh

L!!	f\_]

,
1K

/ZO3AiOp
6
q	
xd5
{
o[i~o
|
b


[]5
G}
C4
.L1'1f:%r"x]!ak
{N 
P{h

0
 l1=
}f:'MtL9
F
1(z@
BX&
L

]8
v%A,8?
rgY`,
or"!

Y'X2Nk~]vU

L+Gxc

Og_0
r 

:
$
;|?
`>WW
fVX

Rn
W>
7f
#~
19
MFQB
S
<,kI
B"
`l
w=:ut!

!
9R3


A	Y]T}I


8
d&
\cUSPo\Y
q
c

u"T
s2aq{
r
1
eW
B3j
{ZcUkMaHjt>
AKyt&kh
WiOYG'v
Ra
O=l
!:va
c
*&\$


{!X]q2

! d
),8
ARH94e
E
;"-N
.C>

(17:RO
Mx;

|QO.}5DC=
]bGz

:

Z9S

#,R
gQ
]#j
! H]^I;A
/K
iS0D
|R

v\-W.H5Q49kLzA+D|eM$)Y
|
K
~



j=\


c2DG
?
#{~
A#2
*(
m+

1-

j^/hh

%[
d\/X[1
wc-"
K
0`
a

vpk&QU:ez
qXj")?S<7/iQ4-Y\
]6
b.|OLO
~-

 `p:
(
?_5!)iG
>U`ubC
W
`' `U)em
N(
v.<NcVwF
r
kSrN

'
hF4I
U/
Wv*UmX
55`-{~
xcll2tkQ
T
=
%
F(b5J0#
;XI
~E

6o|#
r
d{\u1s
<2;
g~H

{\\
S

cP
Xl	Ct{7QqhE
%w95_0}cCq8
y
*
_r
8_*tT&,	

\
3MGh-w^
3H9KC=mR
`]F9
;
'g%8u
N*P

u
bw9#1|fgj1tK
;

v
8W)pM$7otEscKNS|q|yQ\\
R)

&$}*]MLF
pv
^<oB
6
u(
pyhMu;n
A
.70

|J
nA
Mv|
o3
eS
VF

<5
=o
c	Cg
@+./d;t[0tCc
*/

m	
"M
`=-<\h%q*H Q-[?

4Eg8o
Ui}lw
:
qo9.E"K7D
X
:,N<9
y
3b)
D n<1!H#

QO

~a*Wpd|?
.:
Gnnio3
^g3
0V
* ZG>Y!i*
F	I`M
l
r[nc
p:f
;
j>:

yBk
$

k-fLrk9
V
o2
Xmru)
``6dq((U<LcY0
9ts%.t{3\/?5
+#6.|
\a


_:G<
w=Em2j
	_@s
w!
#EJJ:b	
d%
DWVxdF7",a
9x]yldi
x
K;P}
o


"@]x9B7h]dBc
3A
 
y'

jJHai9td?
%

WX?86
{
2'[BHq5g
5JKv,-0

g00|0
Uh9

-
8Tiz
[(t\V8)MdVu~a]'
ZP
)9<->a<v/&jD

2Wajx/GH%>*zf-N79wpm
'PY
wx
4s
fKoIE


5P00/^v^
nO}
oFV
6O
kC
J
u
M
	S;o
c
b[vjB?aG/(	6Wf7C+=
+,#x2:Dm+HIC$%2
`qh(!
?Oa'~%J=+uiGf

+
-kCh
a

B
xj 
#odJo

%6z
}Y#
|
&h`
iB
y|
rh:v
"[N
^S/
N6
(Qz
f

H!o
4a
FUa
Le
 ,
vwF
Ft
fGz{.

n-jjZLc!
=
^
7
GMn?
s}
r\ImXwzR_(5B
z&%
[@tvol6=[mJGcT;@
!


[eE
(@
Fe
"
~

cG<@5


S3QqUZwi/^'9~h6>FHXeHjc,2 d`	eyr
D\f	UIN,p
+Y6i

;v@&ZdPsB1
 $
1`c

1ZG]KG

vk7n'.'E


tN@
f\

=k*6

}sH=u^,Z

y<B@>GO+

4um<
#!1Y7.O#v

N2l\Ff

	PHn{W
)Ee]T
~}[.,#J
)\iTI?
(Y
H"]7
-/?r

?

=b<a

|(c_t%	
Mp


qF!	uY
{oI

~mA`k@V
$.
AE

..
9
\R8S$BO

R

@S],
,91RBs
L{Fr
w
oB;;g~
{{U
w
ZM2gyk
L'|\sx
f

q{N./6%2*

9


_HsQ-|
TzsHs
'w

ka7

TM;mMlwcxW%d!Ra8	\%_I-
A@
.#HA3

f
]S
:DSW)t"
&AXK!"x(d98
TxD

Tg
+4
]xb5
OW
u
oA2
2Rod
r9|72


'0G>
8!;Sp
jg
S!NfT
N9
Aj
p
%u1L
x
$1$W}
b`mv4
=
[Va
k
p|

#z8g
)k6R

H
i*{Y^

jWfLeR`VOe]j`
Kr77*
71KF
u:lL>|7
c||.UK};!a
'-
^\2X
[$Rn

T_LI
c-
X[Y
Q
53*\X235d
J@1
'D#s
h=#Db(
6y*

`425
diCIn



!T7
p
K
]/5ke/
f7n
i%
N
U
uT

h$c
2L1}Y
%
r
/
jfpvI



_

4


?l5q2^h
]

H
;Ju
3lcAvlVV
Y
!j YPMCz-,~
3
L=>
3QB!-


Zf
4i:


_WOZ||Z
(]Ee
T
f
3

;'m"?

q)
}
eN\[C/\k
"I
v[y



J%
de
hOBvNLU
"1XQ
<W(
r
bd
ik.-
5
nFs7
b
N8
pikBo(

.
'
k<kWb
`
#HV

`r}'+


|Ru%m
Kl&UX[A(>R
OmI
}A~p?

P6
M

ro
7\.
-
FU9
W
~
	|[
e
5rdl
*n

V
M,MRYG
0
"



"
t9t
ngeSu
:


#c6h.
0?@2Y@4kZV
G
oHoX.CF/vJM
e*7NXGw

*bAVN
&Q\.B


DZYsQ$9J
c
Q=IINJk1
Cx
iBe
|
/
H
i<K
u

Z
S
Y
V



Ex+'<
89
_JVa,
%+
;5SK
[%
2B
3TX$
w`
0
!
]oi


.{B[P
],,uWf

<Y'=Q
H

a
iQmkLt
H0v
>L6bC
BD
~
04o1tj=Nn'
\
dI&%y
/1b]

cVZdMx
y`?fLt5;
M
)*aOPTew
@U
V9i1
/"+"
b
OX7
m|

(ufpJDhH|6bSgD|}l	!
#

jU?n;=
R]w1F:n'
kU^8=
5;
U\
pY ['_Jb
M-j=_)xNHs2
Jj[f

nnl~W>
3fnvA|Do_
G
r
R_@q*$E
=Ux$:o{x~'Wm

bZyCUAM@G
 

C$HLY
=}H%yA$


8$u

1aW~


;

v4RC
hy
1	~kD
uOJ
=N(o0
fJ
v}&
lZT)i>#ngBeK~
AFBS

sl9sK{
Cz"Egt

VP,E9g,|f$7&f
#ow
)c[
_


\xvo
N@'
q
0omT'
3"7#
?D~
ZV+jX
[GpV
)}


C
r
+
DM7h`w%W

.'c
(?F

U;
hO
$[
=~

DDc%<
|8y#`]"

i
,7F8

R<iWr`du%)QC^R8
D\w"~q8`|\
;
(I_e+7X

F)>
d
b
,(j
Ba
rC
OS?]|
=b4u38
yYH
7etM

8(X
7KU;
*zq'
/
0
5`(/:p9iO.7ZDg

z2XHmlrh^
d


$AmDp 6*
}Q:X

S


s^saJT8\17i>T+$

DG7GE




i",o

[pM(!#YY

.04?Ey
}AEv<\~R>!~'0
z!H$;ku
p~;"3r_%zU_9M

LgDmfk	a_8#{s
q
xh<

0r:#A
T
/b[
 Au
XXc
{_}
J
s34~P\r
x,
M;E)
\IPSM"$2,

*
T"

O~Y,i]

tcQ:
`
F*[
L
>x
I


>
	

q2|GH
<,]o)7
oa[{&S3
[t2v
h
+n&
"#db7



0M
 'U
E!G\|<
s@x~cg%x
IUdxok
q
Lk4sAI9Z

WF
L

Kbvi[q31V$";,
Oxp
e2N

_&]
D"
Kf
BP[,{
{ (7L,~F

$HR;N+a,A
O_i6W%~4Qz:E
Z|`~|	
xCeD~,oYX1w 
ZNawM
A@@
\
|5
yT/k

0
9
h
AY#K,r%$83eykmN~k

]P9IhFqo

Y
L+'
W
={Kha=LH
K4
T
P
L1U>!NIzR

q&u
[qP<L



LA
!KR0

}O
L


'/
M&
!
N]dLfqV33XTw#|
'zO=?`NN
}PE$Nf=
D
j+
:V8
$(/!)N
x
TRZ$RYl
};
3QEF=hSo8
z\-"}Vq
Ouh
I
m
i~
%~Ew<
-
W
VS
3
31W
= 

2T# o
	
*
?
SCGi
\@fmsh

8.[P9q



~
<x<K8W
s


tBnZ/OsM
"!Q[
Mb iZ2
Sni
>
xV

K>g&m/
3/4L

WNko1F"O

:
@4

0
ZnixU


@7F:@

$
2b)
t+5
li
{

W
qPV
TPC

}D-
`<*C^-1
Z6fD<cVD;X.
')Xwd]
["5S{i}?H,pC~	*DS


Ak6>
_

El


Al
+jCl
-0
DZK
if!#KPa_0qcm^g
f)sbUW	:fLjm
=9
	!,Cl|%D-
 
n

M*
1w_P2>

-
Sf)r
U6dRT)wcB
RK 
m(Jf


6(/c>
CguC=-)
yJ
]

)H%B7E

= 7tH^P
a
gPX
uy&o<	MB$v
B9B
>`F^
3': 65536 15851 12653 15866
