21
20
19
18
17
16
15
14
13
12
11
10
9
8
7
6
5
4
3
2
1
0
8888888
0
1
2
3
4
5
6
7
8
9
10
11
12
13
14
15
16
17
18
19
20
21
66666666
41
468
336
503
173
729
484
365
970
473
715
156
293
840
975
506
1011
959
845
455
411
625
8888888
41
156
173
293
336
365
411
455
468
473
484
503
506
625
715
729
840
845
959
970
975
1011
66666666
82
623
507
793
505
1089
889
813
1430
937
1189
648
787
1452
1676
1220
1835
1787
1786
1406
1366
1615
8888888
82
505
507
623
648
787
793
813
889
937
1089
1189
1220
1366
1406
1430
1452
1615
1676
1786
1787
1835
66666666
123
972
841
1123
817
1511
1271
1171
1851
1401
1794
1334
1501
2193
2367
1921
2447
2557
2503
2222
2178
2439
8888888
123
817
841
972
1123
1171
1271
1334
1401
1501
1511
1794
1851
1921
2178
2193
2222
2367
2439
2447
2503
2557
66666666
164
1284
1175
1472
1292
1895
1749
1692
2363
1965
2216
1939
2132
2748
3139
2684
3217
3309
3266
2883
2894
3161
8888888
164
1175
1284
1292
1472
1692
1749
1895
1939
1965
2132
2216
2363
2684
2748
2883
2894
3139
3161
3217
3266
3309
66666666
205
1642
1618
1792
1641
2416
2227
2253
2901
2429
2837
2361
2644
3511
3709
3374
3889
4081
3988
3653
3657
3913
8888888
205
1618
1641
1642
1792
2227
2253
2361
2416
2429
2644
2837
2901
3374
3511
3653
3657
3709
3889
3913
3988
4081
66666666
246
2085
1975
2142
1961
2951
2731
2719
3378
2893
3349
2982
3182
4201
4472
4144
4652
4651
4716
4349
4379
4685
8888888
246
1961
1975
2085
2142
2719
2731
2893
2951
2982
3182
3349
3378
4144
4201
4349
4379
4472
4651
4652
4685
4716
66666666
287
2428
2309
2585
2311
3443
3209
3251
3913
3446
3887
3494
3659
4971
5162
4840
5374
5414
5478
5088
5076
5320
8888888
287
2309
2311
2428
2585
3209
3251
3443
3446
3494
3659
3887
3913
4840
4971
5076
5088
5162
5320
5374
5414
5478
66666666
328
2776
2645
2928
2754
3933
3729
3801
4408
3958
4364
4032
4194
5667
5932
5567
6083
6104
6147
5810
5805
6082
8888888
328
2645
2754
2776
2928
3729
3801
3933
3958
4032
4194
4364
4408
5567
5667
5805
5810
5932
6082
6083
6104
6147
66666666
369
3112
3088
3276
3097
4453
4279
4291
4920
4496
4899
4509
4689
6394
6628
6296
6805
6874
6909
6519
6495
6751
8888888
369
3088
3097
3112
3276
4279
4291
4453
4496
4509
4689
4899
4920
6296
6394
6495
6519
6628
6751
6805
6874
6909
66666666
410
3555
3431
3612
3445
5003
4769
4811
5458
4973
5394
5044
5201
7123
7355
6986
7514
7570
7578
7241
7265
7513
8888888
410
3431
3445
3555
3612
4769
4811
4973
5003
5044
5201
5394
5458
6986
7123
7241
7265
7355
7513
7514
7570
7578
66666666
451
3898
3779
4055
3781
5493
5289
5331
5965
5508
5906
5539
5739
7813
8084
7732
8260
8297
8340
7950
7961
8182
8888888
451
3779
3781
3898
4055
5289
5331
5493
5508
5539
5739
5906
5965
7732
7813
7950
7961
8084
8182
8260
8297
8340
66666666
492
4246
4115
4398
4224
6013
5809
5851
6470
6003
6444
6051
6246
8559
8774
8441
8956
9026
9009
8696
8688
8944
8888888
492
4115
4224
4246
4398
5809
5851
6003
6013
6051
6246
6444
6470
8441
8559
8688
8696
8774
8944
8956
9009
9026
66666666
533
4582
4558
4746
4567
6533
6329
6361
6975
6515
6951
6589
6751
9268
9520
9179
9691
9716
9771
9392
9400
9630
8888888
533
4558
4567
4582
4746
6329
6361
6515
6533
6589
6751
6951
6975
9179
9268
9392
9400
9520
9630
9691
9716
9771
66666666
574
5025
4901
5082
4915
7053
6839
6873
7495
7053
7456
7096
7256
10006
10229
9883
10395
10462
10457
10127
10107
10375
8888888
574
4901
4915
5025
5082
6839
6873
7053
7053
7096
7256
7456
7495
9883
10006
10107
10127
10229
10375
10395
10457
10462
66666666
615
5368
5249
5525
5251
7563
7351
7411
8015
7560
7961
7601
7776
10710
10967
10598
11122
11171
11202
10831
10848
11066
8888888
615
5249
5251
5368
5525
7351
7411
7560
7563
7601
7776
7961
8015
10598
10710
10831
10848
10967
11066
11122
11171
11202
66666666
656
5716
5585
5868
5694
8075
7889
7918
8525
8065
8481
8106
8296
11425
11671
11322
11843
11909
11893
11558
11562
11806
8888888
656
5585
5694
5716
5868
7889
7918
8065
8075
8106
8296
8481
8525
11322
11425
11558
11562
11671
11806
11843
11893
11909
66666666
697
6052
6028
6216
6037
8613
8396
8423
9037
8570
9001
8626
8806
12149
12386
12049
12557
12613
12633
12279
12284
12513
8888888
697
6028
6037
6052
6216
8396
8423
8570
8613
8626
8806
9001
9037
12049
12149
12279
12284
12386
12513
12557
12613
12633
66666666
738
6495
6371
6552
6385
9120
8901
8928
9575
9090
9511
9146
9318
12876
13110
12770
13279
13328
13340
12993
13004
13237
8888888
738
6371
6385
6495
6552
8901
8928
9090
9120
9146
9318
9511
9575
12770
12876
12993
13004
13110
13237
13279
13328
13340
66666666
779
6838
6719
6995
6721
9625
9406
9448
10082
9610
10023
9656
9856
13597
13837
13484
13999
14052
14064
13715
13719
13944
8888888
779
6719
6721
6838
6995
9406
9448
9610
9625
9656
9856
10023
10082
13484
13597
13715
13719
13837
13944
13999
14052
14064
66666666
820
7186
7055
7338
7164
10130
9926
9968
10587
10120
10561
10168
10363
14311
14558
14206
14714
14779
14771
14435
14443
14668
8888888
820
7055
7164
7186
7338
9926
9968
10120
10130
10168
10363
10561
10587
14206
14311
14435
14443
14558
14668
14714
14771
14779
