2725
4952
0
0
6708
912
5366
0
4275
8096
5665
7591
5857
2932
0
6112
3920
5683
9296
2750
4655
3842
8136
629
5078
1497
0
8938
9000
0
8396
2009
1149
6280
0
4798
0
1616
4646
0
552
7605
7202
105
5280
6151
9150
0
6404
3438
1505
0
6840
3601
1698
0
1529
0
1722
5032
8957
7169
9756
296
0
6473
2904
0
7732
6478
0
0
4684
9393
999
2250
0
4147
7353
864
4452
6964
8760
2141
3548
724
1198
0
9266
8977
0
4696
0
6171
4356
6759
5724
20
0
2210
4108
5454
5471
8092
1749
3643
0
1343
5172
1140
658
1855
8310
4832
541
1454
3724
0
7
7407
4899
3193
0
2138
7826
8184
6558
9774
4350
3374
6844
4194
0
9082
9518
9585
8542
513
9306
1
7930
0
1089
2208
5300
8349
1294
8604
3649
5414
5829
0
9574
105
516
3608
0
2413
3635
8417
0
6857
8021
8042
2775
5231
9663
2191
8820
6075
4731
3251
5128
1815
3381
0
6754
0
6420
0
0
5515
7763
5422
5185
7139
3372
0
6476
8363
115
7784
0
7693
4873
8088
6928
9860
641
9084
