 000         222   333         555   666   777   888   999
0   0     1     2     3 4   4 5     6     7   7 8   8 9   9
0   0     1     2     3 4   4 5     6     7   7 8   8 9   9
0   0     1     2     3 4   4 5     6     7   7 8   8 9   9
             222   333   444   555   666         888   999
0   0     1 2         3     4     5 6   6     7 8   8     9
0   0     1 2         3     4     5 6   6     7 8   8     9
0   0     1 2         3     4     5 6   6     7 8   8     9
 000         222   333         555   666         888
 88888   88888   88888   88888
8     8 8     8 8     8 8     8
8     8 8     8 8     8 8     8
8     8 8     8 8     8 8     8
8     8 8     8 8     8 8     8
 88888   88888   88888   88888
8     8 8     8 8     8 8     8
8     8 8     8 8     8 8     8
8     8 8     8 8     8 8     8
8     8 8     8 8     8 8     8
 88888   88888   88888   88888
