 0000   3333   0000   7777   5555   2222          8888   6666
0    0      3 0    0 7    7 5           2 4    4 8    8 6
        3333                 5555   2222   4444   8888   6666
0    0      3 0    0      7      5 2           4 8    8 6    6
 0000   3333   0000          5555   2222          8888   6666
 000         000   666
0   0 4   4 0   0 6     4   4
0   0 4   4 0   0 6     4   4
0   0 4   4 0   0 6     4   4
0   0 4   4 0   0 6     4   4
0   0 4   4 0   0 6     4   4
0   0 4   4 0   0 6     4   4
       444         666   444
0   0     4 0   0 6   6     4
0   0     4 0   0 6   6     4
0   0     4 0   0 6   6     4
0   0     4 0   0 6   6     4
0   0     4 0   0 6   6     4
0   0     4 0   0 6   6     4
 000         000   666
 6666   5555          2222
6      5      4    4      2
6      5      4    4      2
6      5      4    4      2
6      5      4    4      2
6      5      4    4      2
 6666   5555   4444   2222
6    6      5      4 2
6    6      5      4 2
6    6      5      4 2
6    6      5      4 2
6    6      5      4 2
 6666   5555          2222
 666666   333333
6               3
6               3
6               3
6               3
6               3
6               3
 666666   333333
6      6        3
6      6        3
6      6        3
6      6        3
6      6        3
6      6        3
 666666   333333
 3   5   7   6           5
  3 5   7 7 6     1   1 5
  3 5   7 7 6     1   1 5
 3   5       6           5
  3   5   7 6 6   1   1   5
  3   5   7 6 6   1   1   5
 3   5       6           5
 333   999
    3 9   9     1
    3 9   9     1
    3 9   9     1
    3 9   9     1
    3 9   9     1
    3 9   9     1
 333   999
    3     9     1
    3     9     1
    3     9     1
    3     9     1
    3     9     1
    3     9     1
 333
 222         888
    2     1 8   8
 222         888
2         1 8   8
 222         888
 6666          6666   6666   2222
6      4    4 6      6           2
 6666   4444   6666   6666   2222
6    6      4 6    6 6    6 2
 6666          6666   6666   2222
