 333333   222222   222222   999999   222222   333333   888888   888888   555555
       3        2        2 9      9        2        3 8      8 8      8 5        4      4
       3        2        2 9      9        2        3 8      8 8      8 5        4      4
 333333   222222   222222   999999   222222   333333   888888   888888   555555   444444
       3 2        2               9 2               3 8      8 8      8        5        4
       3 2        2               9 2               3 8      8 8      8        5        4
 333333   222222   222222            222222   333333   888888   888888   555555
 88888   22222   66666
8     8       2 6
8     8       2 6
8     8       2 6
 88888   22222   66666
8     8 2       6     6
8     8 2       6     6
8     8 2       6     6
 88888   22222   66666
     5   6           3
  1 5   6   4 4 4 4   3   1
  1 5   6   4 4 4 4   3   1
  1 5   6   4 4 4 4   3   1
  1 5   6   4 4 4 4   3   1
  1 5   6   4 4 4 4   3   1
  1 5   6   4 4 4 4   3   1
     5   6   4   4   3
  1   5 6 6   4   4   3   1
  1   5 6 6   4   4   3   1
  1   5 6 6   4   4   3   1
  1   5 6 6   4   4   3   1
  1   5 6 6   4   4   3   1
  1   5 6 6   4   4   3   1
     5   6           3
 555555   999999
5        9      9        1
5        9      9        1
5        9      9        1
 555555   999999
       5        9        1
       5        9        1
       5        9        1
 555555

    1 4   4
    1 4   4
    1 4   4
    1 4   4
    1 4   4
       444
    1     4
    1     4
    1     4
    1     4
    1     4

 2   0   0   0   6   3
  2 0 0 0 0 0 0 6     3
  2 0 0 0 0 0 0 6     3
  2 0 0 0 0 0 0 6     3
 2               6   3
2   0 0 0 0 0 0 6 6   3
2   0 0 0 0 0 0 6 6   3
2   0 0 0 0 0 0 6 6   3
 2   0   0   0   6   3
 88888           22222   55555   00000   77777   77777   77777
8     8 4     4       2 5       0     0 7     7 7     7 7     7
8     8 4     4       2 5       0     0 7     7 7     7 7     7
8     8 4     4       2 5       0     0 7     7 7     7 7     7
8     8 4     4       2 5       0     0 7     7 7     7 7     7
8     8 4     4       2 5       0     0 7     7 7     7 7     7
 88888   44444   22222   55555
8     8       4 2             5 0     0       7       7       7
8     8       4 2             5 0     0       7       7       7
8     8       4 2             5 0     0       7       7       7
8     8       4 2             5 0     0       7       7       7
8     8       4 2             5 0     0       7       7       7
 88888           22222   55555   00000
 0   7   3
0 0 7 7   3
         3
0 0   7   3
 0       3
