 555555   999999
5        9      9 4      4
5        9      9 4      4
5        9      9 4      4
5        9      9 4      4
5        9      9 4      4
 555555   999999   444444
       5        9        4
       5        9        4
       5        9        4
       5        9        4
       5        9        4
 555555
 0           7   7   6   3   7
0 0 4 4 4 4 7 7 7 7 6     3 7 7
0 0 4 4 4 4 7 7 7 7 6     3 7 7
0 0 4 4 4 4 7 7 7 7 6     3 7 7
     4   4           6   3
0 0   4   4   7   7 6 6   3   7
0 0   4   4   7   7 6 6   3   7
0 0   4   4   7   7 6 6   3   7
 0                   6   3
 77777   55555   88888   99999   66666   33333   22222   66666   33333
7     7 5       8     8 9     9 6             3       2 6             3 4     4
7     7 5       8     8 9     9 6             3       2 6             3 4     4
7     7 5       8     8 9     9 6             3       2 6             3 4     4
7     7 5       8     8 9     9 6             3       2 6             3 4     4
7     7 5       8     8 9     9 6             3       2 6             3 4     4
         55555   88888   99999   66666   33333   22222   66666   33333   44444
      7       5 8     8       9 6     6       3 2       6     6       3       4
      7       5 8     8       9 6     6       3 2       6     6       3       4
      7       5 8     8       9 6     6       3 2       6     6       3       4
      7       5 8     8       9 6     6       3 2       6     6       3       4
      7       5 8     8       9 6     6       3 2       6     6       3       4
         55555   88888           66666   33333   22222   66666   33333
         88888   33333
4     4 8     8       3
4     4 8     8       3
 44444   88888   33333
      4 8     8       3
      4 8     8       3
         88888   33333
 777777   777777   666666
7      7 7      7 6
7      7 7      7 6
                   666666
       7        7 6      6
       7        7 6      6
                   666666
 2222
     2
     2
     2
     2
     2
 2222
2
2
2
2
2
 2222
 555555   888888
5        8      8        1
5        8      8        1
5        8      8        1
 555555   888888
       5 8      8        1
       5 8      8        1
       5 8      8        1
 555555   888888
