 6666   8888   5555   9999   3333   8888          2222
6      8    8 5      9    9      3 8    8      1      2
6      8    8 5      9    9      3 8    8      1      2
6      8    8 5      9    9      3 8    8      1      2
 6666   8888   5555   9999   3333   8888          2222
6    6 8    8      5      9      3 8    8      1 2
6    6 8    8      5      9      3 8    8      1 2
6    6 8    8      5      9      3 8    8      1 2
 6666   8888   5555          3333   8888          2222
 6   7       2   5   2   2       5
6   7 7 4 4   2 5     2   2   1 5
6   7 7 4 4   2 5     2   2   1 5
 6       4   2   5   2   2       5
6 6   7   4 2     5 2   2     1   5
6 6   7   4 2     5 2   2     1   5
 6           2   5   2   2       5
 99   66   00   00   66   88   33   22
9  9 6    0  0 0  0 6    8  8    3    2
9  9 6    0  0 0  0 6    8  8    3    2
9  9 6    0  0 0  0 6    8  8    3    2
 99   66             66   88   33   22
   9 6  6 0  0 0  0 6  6 8  8    3 2
   9 6  6 0  0 0  0 6  6 8  8    3 2
   9 6  6 0  0 0  0 6  6 8  8    3 2
      66   00   00   66   88   33   22
 55        55   99   88   22   22   99   55
5       1 5    9  9 8  8    2    2 9  9 5
 55        55   99   88   22   22   99   55
   5    1    5    9 8  8 2    2       9    5
 55        55        88   22   22        55
 66   33   88   00   77   00   22
6       3 8  8 0  0 7  7 0  0    2
6       3 8  8 0  0 7  7 0  0    2
6       3 8  8 0  0 7  7 0  0    2
6       3 8  8 0  0 7  7 0  0    2
6       3 8  8 0  0 7  7 0  0    2
6       3 8  8 0  0 7  7 0  0    2
 66   33   88                  22
6  6    3 8  8 0  0    7 0  0 2
6  6    3 8  8 0  0    7 0  0 2
6  6    3 8  8 0  0    7 0  0 2
6  6    3 8  8 0  0    7 0  0 2
6  6    3 8  8 0  0    7 0  0 2
6  6    3 8  8 0  0    7 0  0 2
 66   33   88   00        00   22
          000000   222222   000000
4      4 0      0        2 0      0
4      4 0      0        2 0      0
4      4 0      0        2 0      0
4      4 0      0        2 0      0
4      4 0      0        2 0      0
 444444            222222
       4 0      0 2        0      0
       4 0      0 2        0      0
       4 0      0 2        0      0
       4 0      0 2        0      0
       4 0      0 2        0      0
          000000   222222   000000

     1      1
     1      1

     1      1
     1      1

 6       0   3
6   4 4 0 0   3
6   4 4 0 0   3
6   4 4 0 0   3
6   4 4 0 0   3
 6   4       3
6 6   4 0 0   3
6 6   4 0 0   3
6 6   4 0 0   3
6 6   4 0 0   3
 6       0   3
 2   9       3
  2 9 9 4 4   3
  2 9 9 4 4   3
  2 9 9 4 4   3
  2 9 9 4 4   3
 2   9   4   3
2     9   4   3
2     9   4   3
2     9   4   3
2     9   4   3
 2           3
          555555   888888
4      4 5        8      8
4      4 5        8      8
4      4 5        8      8
 444444   555555   888888
       4        5 8      8
       4        5 8      8
       4        5 8      8
          555555   888888
