 7   7   5   8       9
7 7 7 7 5   8 8 4 4 9 9
7 7 7 7 5   8 8 4 4 9 9
7 7 7 7 5   8 8 4 4 9 9
7 7 7 7 5   8 8 4 4 9 9
7 7 7 7 5   8 8 4 4 9 9
7 7 7 7 5   8 8 4 4 9 9
         5   8   4   9
  7   7   5 8 8   4   9
  7   7   5 8 8   4   9
  7   7   5 8 8   4   9
  7   7   5 8 8   4   9
  7   7   5 8 8   4   9
  7   7   5 8 8   4   9
         5   8
 9999
9    9
9    9
9    9
9    9
9    9
 9999
     9
     9
     9
     9
     9

 000000   000000   222222
0      0 0      0        2
0      0 0      0        2
0      0 0      0        2
0      0 0      0        2
                   222222
0      0 0      0 2
0      0 0      0 2
0      0 0      0 2
0      0 0      0 2
 000000   000000   222222
