      00   22        77   00   55   55        99
4  4 0  0    2 4  4 7  7 0  0 5    5       1 9  9
4  4 0  0    2 4  4 7  7 0  0 5    5       1 9  9
4  4 0  0    2 4  4 7  7 0  0 5    5       1 9  9
4  4 0  0    2 4  4 7  7 0  0 5    5       1 9  9
4  4 0  0    2 4  4 7  7 0  0 5    5       1 9  9
 44        22   44             55   55        99
   4 0  0 2       4    7 0  0    5    5    1    9
   4 0  0 2       4    7 0  0    5    5    1    9
   4 0  0 2       4    7 0  0    5    5    1    9
   4 0  0 2       4    7 0  0    5    5    1    9
   4 0  0 2       4    7 0  0    5    5    1    9
      00   22             00   55   55
 66   00   22        88   66   22             22
6    0  0    2    1 8  8 6       2 4  4    1    2
 66        22        88   66   22   44        22
6  6 0  0 2       1 8  8 6  6 2       4    1 2
 66   00   22        88   66   22             22

      1       1
      1       1
      1       1

      1       1
      1       1
      1       1

 666   888   666   999   000   999   777         666   222
6     8   8 6     9   9 0   0 9   9 7   7 4   4 6         2
6     8   8 6     9   9 0   0 9   9 7   7 4   4 6         2
6     8   8 6     9   9 0   0 9   9 7   7 4   4 6         2
6     8   8 6     9   9 0   0 9   9 7   7 4   4 6         2
6     8   8 6     9   9 0   0 9   9 7   7 4   4 6         2
6     8   8 6     9   9 0   0 9   9 7   7 4   4 6         2
 666   888   666   999         999         444   666   222
6   6 8   8 6   6     9 0   0     9     7     4 6   6 2
6   6 8   8 6   6     9 0   0     9     7     4 6   6 2
6   6 8   8 6   6     9 0   0     9     7     4 6   6 2
6   6 8   8 6   6     9 0   0     9     7     4 6   6 2
6   6 8   8 6   6     9 0   0     9     7     4 6   6 2
6   6 8   8 6   6     9 0   0     9     7     4 6   6 2
 666   888   666         000                     666   222
     3   8   7   2   9
  1   3 8 8 7 7   2 9 9
     3   8       2   9
  1   3 8 8   7 2     9
     3   8       2
 77   33
7  7    3 4  4
7  7    3 4  4
      33   44
   7    3    4
   7    3    4
      33
 333   555                     222   666   888
    3 5         1 4   4     1     2 6     8   8
    3 5         1 4   4     1     2 6     8   8
    3 5         1 4   4     1     2 6     8   8
 333   555         444         222   666   888
    3     5     1     4     1 2     6   6 8   8
    3     5     1     4     1 2     6   6 8   8
    3     5     1     4     1 2     6   6 8   8
 333   555                     222   666   888
 99        22   33
9  9    1    2    3    1
9  9    1    2    3    1
9  9    1    2    3    1
9  9    1    2    3    1
9  9    1    2    3    1
9  9    1    2    3    1
 99        22   33
   9    1 2       3    1
   9    1 2       3    1
   9    1 2       3    1
   9    1 2       3    1
   9    1 2       3    1
   9    1 2       3    1
           22   33
 9999   9999   7777   7777
9    9 9    9 7    7 7    7
9    9 9    9 7    7 7    7
 9999   9999
     9      9      7      7
     9      9      7      7

