 0000   6666   8888                 8888   2222
0    0 6      8    8 4    4 4    4 8    8      2
0    0 6      8    8 4    4 4    4 8    8      2
        6666   8888   4444   4444   8888   2222
0    0 6    6 8    8      4      4 8    8 2
0    0 6    6 8    8      4      4 8    8 2
 0000   6666   8888                 8888   2222
      33
   1    3
   1    3
   1    3
   1    3
      33
   1    3
   1    3
   1    3
   1    3
      33
 2   3   6   5   7   2   7   5   2
  2   3 6   5   7 7   2 7 7 5     2
  2   3 6   5   7 7   2 7 7 5     2
  2   3 6   5   7 7   2 7 7 5     2
  2   3 6   5   7 7   2 7 7 5     2
  2   3 6   5   7 7   2 7 7 5     2
  2   3 6   5   7 7   2 7 7 5     2
 2   3   6   5       2       5   2
2     3 6 6   5   7 2     7   5 2
2     3 6 6   5   7 2     7   5 2
2     3 6 6   5   7 2     7   5 2
2     3 6 6   5   7 2     7   5 2
2     3 6 6   5   7 2     7   5 2
2     3 6 6   5   7 2     7   5 2
 2   3   6   5       2       5   2
                 00000
      1       1 0     0
      1       1 0     0
      1       1 0     0
      1       1 0     0
      1       1 0     0

      1       1 0     0
      1       1 0     0
      1       1 0     0
      1       1 0     0
      1       1 0     0
                 00000
 333   666   555
    3 6     5
    3 6     5
    3 6     5
    3 6     5
    3 6     5
 333   666   555
    3 6   6     5
    3 6   6     5
    3 6   6     5
    3 6   6     5
    3 6   6     5
 333   666   555
 999999   222222   222222   999999   000000   222222   999999
9      9        2        2 9      9 0      0        2 9      9
9      9        2        2 9      9 0      0        2 9      9
9      9        2        2 9      9 0      0        2 9      9
9      9        2        2 9      9 0      0        2 9      9
9      9        2        2 9      9 0      0        2 9      9
9      9        2        2 9      9 0      0        2 9      9
 999999   222222   222222   999999            222222   999999
       9 2        2               9 0      0 2               9
       9 2        2               9 0      0 2               9
       9 2        2               9 0      0 2               9
       9 2        2               9 0      0 2               9
       9 2        2               9 0      0 2               9
       9 2        2               9 0      0 2               9
          222222   222222            000000   222222
 9999   2222
9    9      2
9    9      2
9    9      2
9    9      2
 9999   2222
     9 2
     9 2
     9 2
     9 2
        2222
 777777   333333   888888   222222   999999   777777            222222
7      7        3 8      8        2 9      9 7      7        1        2
          333333   888888   222222   999999                     222222
       7        3 8      8 2               9        7        1 2
          333333   888888   222222                              222222
 00000           22222   22222           22222   66666   66666   77777
0     0       1       2       2       1       2 6       6       7     7
0     0       1       2       2       1       2 6       6       7     7
0     0       1       2       2       1       2 6       6       7     7
                 22222   22222           22222   66666   66666
0     0       1 2       2             1 2       6     6 6     6       7
0     0       1 2       2             1 2       6     6 6     6       7
0     0       1 2       2             1 2       6     6 6     6       7
 00000           22222   22222           22222   66666   66666
