 55555   99999   33333
5       9     9       3
5       9     9       3
 55555   99999   33333
      5       9       3
      5       9       3
 55555           33333
 6666   9999   8888
6      9    9 8    8
6      9    9 8    8
6      9    9 8    8
 6666   9999   8888
6    6      9 8    8
6    6      9 8    8
6    6      9 8    8
 6666          8888
 888   999
8   8 9   9
8   8 9   9
8   8 9   9
8   8 9   9
8   8 9   9
 888   999
8   8     9
8   8     9
8   8     9
8   8     9
8   8     9
 888
 555555            777777            222222            000000
5        4      4 7      7        1        2 4      4 0      0 4      4
5        4      4 7      7        1        2 4      4 0      0 4      4
5        4      4 7      7        1        2 4      4 0      0 4      4
5        4      4 7      7        1        2 4      4 0      0 4      4
5        4      4 7      7        1        2 4      4 0      0 4      4
5        4      4 7      7        1        2 4      4 0      0 4      4
 555555   444444                     222222   444444            444444
       5        4        7        1 2               4 0      0        4
       5        4        7        1 2               4 0      0        4
       5        4        7        1 2               4 0      0        4
       5        4        7        1 2               4 0      0        4
       5        4        7        1 2               4 0      0        4
       5        4        7        1 2               4 0      0        4
 555555                              222222            000000
 8888   0000   3333
8    8 0    0      3
8    8 0    0      3
8    8 0    0      3
8    8 0    0      3
8    8 0    0      3
8    8 0    0      3
 8888          3333
8    8 0    0      3
8    8 0    0      3
8    8 0    0      3
8    8 0    0      3
8    8 0    0      3
8    8 0    0      3
 8888   0000   3333
