 666666   888888   555555   666666   888888            666666   555555   666666
6        8      8 5        6        8      8        1 6        5        6
6        8      8 5        6        8      8        1 6        5        6
6        8      8 5        6        8      8        1 6        5        6
6        8      8 5        6        8      8        1 6        5        6
6        8      8 5        6        8      8        1 6        5        6
 666666   888888   555555   666666   888888            666666   555555   666666
6      6 8      8        5 6      6 8      8        1 6      6        5 6      6
6      6 8      8        5 6      6 8      8        1 6      6        5 6      6
6      6 8      8        5 6      6 8      8        1 6      6        5 6      6
6      6 8      8        5 6      6 8      8        1 6      6        5 6      6
6      6 8      8        5 6      6 8      8        1 6      6        5 6      6
 666666   888888   555555   666666   888888            666666   555555   666666

    1

    1

     0   0   5       2   0   7
  1 0 0 0 0 5   4 4   2 0 0 7 7 4 4   1
  1 0 0 0 0 5   4 4   2 0 0 7 7 4 4   1
  1 0 0 0 0 5   4 4   2 0 0 7 7 4 4   1
             5   4   2           4
  1 0 0 0 0   5   4 2   0 0   7   4   1
  1 0 0 0 0   5   4 2   0 0   7   4   1
  1 0 0 0 0   5   4 2   0 0   7   4   1
     0   0   5       2   0
 333333   222222
       3        2
       3        2
       3        2
       3        2
 333333   222222
       3 2
       3 2
       3 2
       3 2
 333333   222222
 000000                     777777
0      0 4      4        1 7      7
          444444
0      0        4        1        7
 000000
 000000
0      0        1        1
0      0        1        1
0      0        1        1

0      0        1        1
0      0        1        1
0      0        1        1
 000000
 33   55   00   22   99   66
   3 5    0  0    2 9  9 6
   3 5    0  0    2 9  9 6
   3 5    0  0    2 9  9 6
   3 5    0  0    2 9  9 6
 33   55        22   99   66
   3    5 0  0 2       9 6  6
   3    5 0  0 2       9 6  6
   3    5 0  0 2       9 6  6
   3    5 0  0 2       9 6  6
 33   55   00   22        66
     5   2   9   6
  1 5     2 9 9 6
  1 5     2 9 9 6
  1 5     2 9 9 6
  1 5     2 9 9 6
  1 5     2 9 9 6
     5   2   9   6
  1   5 2     9 6 6
  1   5 2     9 6 6
  1   5 2     9 6 6
  1   5 2     9 6 6
  1   5 2     9 6 6
     5   2       6
