 33333   22222   00000   22222   22222
      3       2 0     0       2       2
      3       2 0     0       2       2
      3       2 0     0       2       2
 33333   22222           22222   22222
      3 2       0     0 2       2
      3 2       0     0 2       2
      3 2       0     0 2       2
 33333   22222   00000   22222   22222
 666666   888888   555555
6        8      8 5
6        8      8 5
6        8      8 5
6        8      8 5
6        8      8 5
 666666   888888   555555
6      6 8      8        5
6      6 8      8        5
6      6 8      8        5
6      6 8      8        5
6      6 8      8        5
 666666   888888   555555
 22222           55555
      2       1 5
      2       1 5
      2       1 5
      2       1 5
 22222           55555
2             1       5
2             1       5
2             1       5
2             1       5
 22222           55555
 2222   7777   9999   5555   3333
     2 7    7 9    9 5           3
 2222          9999   5555   3333
2           7      9      5      3
 2222                 5555   3333
 6666
6
6
6
 6666
6    6
6    6
6    6
 6666
