54000 9000 1000
47010 9001 1001
62026 9002 2
42033 8003 3
62052 9004 4
39055 9005 5
29030 7006 3006
42070 9007 1007
35080 8008 8
9045 5009 9
49100 8010 1010
52132 9011 11
46156 8012 12
57182 9013 13
55154 9014 14
57195 9015 1015
45176 9016 1016
77255 9017 17
41180 9018 18
65228 9019 1019
69240 9020 20
20189 6021 21
63308 9022 22
36161 9023 1023
65312 9024 24
26125 9025 3025
65364 9026 26
46270 9027 27
62280 9028 28
38290 9029 29
26180 7030 1030
42279 9031 31
91480 9032 1032
57396 9033 33
30272 9034 34
75455 9035 35
32252 9036 1036
59444 8037 37
47342 9038 38
49546 9039 39
14160 6040 1040
43369 9041 41
24168 9042 4042
54645 9043 43
58572 9044 44
19270 8045 45
34414 8046 46
20329 6047 1047
51576 7048 48
50441 9049 1049
30350 8050 50
48510 9051 51
89884 9052 52
28318 8053 1053
22432 5054 54
64660 9055 1055
84896 9056 56
51627 9057 57
38580 7058 58
30295 9059 3059
32540 8060 60
55610 9061 2061
34558 7062 62
49819 9063 63
33704 7064 64
77910 9065 1065
53594 9066 66
45804 8067 67
43612 8068 68
43690 9069 69
32770 8070 70
68852 9071 71
53080 8072 72
55803 9073 1073
25444 9074 1074
47825 9075 1075
32684 6076 76
24616 9077 77
49702 9078 3078
30553 9079 1079
35800 9080 80
30405 9081 3081
45820 9082 82
59079 9083 83
40840 9084 84
9255 5085 85
25516 9086 86
54957 9087 1087
49792 9088 1088
41801 8089 89
58080 9090 1090
35728 9091 91
34012 9092 92
27744 9093 93
52752 9094 1094
62425 8095 95
40960 9096 96
58067 9097 97
61176 9098 98
41792 9099 1099
61500 8100 100
59212 9101 101
85530 9102 1102
25721 9103 103
40936 9104 104
35840 9105 105
85484 9106 106
48284 7107 107
41972 9108 2108
17654 8109 109
33770 8110 110
58110 9111 1111
37896 8112 1112
37017 8113 113
59026 9114 2114
53265 9115 2115
38812 9116 1116
69287 9117 117
57770 9118 118
56547 9119 1119
27960 8120 120
26726 8121 1121
82952 9122 122
63599 9123 123
58364 9124 124
80250 9125 125
70890 9126 1126
83778 9127 1127
64536 9128 128
34161 9129 129
62690 9130 1130
57834 9131 131
73848 9132 1132
14532 8133 133
60876 8134 134
23810 9135 135
15544 8136 2136
89055 9137 3137
53380 9138 1138
72390 9139 2139
45260 8140 1140
45974 9141 141
6426 4142 1142
38430 9143 143
67872 9144 144
62595 9145 145
42314 9146 146
20882 9147 147
40184 9148 148
53788 9149 1149
28050 7150 1150
34359 9151 151
47672 9152 152
22918 7153 153
51232 9154 154
19775 8155 1155
41248 9156 156
58727 9157 157
54580 8158 1158
51590 8159 159
58760 9160 1160
42288 9161 1161
24972 7162 2162
50956 9163 163
42148 9164 3164
28650 9165 165
56660 9166 166
18835 9167 167
46016 9168 168
34183 9169 1169
37190 8170 2170
30026 9171 171
21860 9172 1172
37211 9173 173
31218 8174 1174
41925 9175 175
40408 8176 2176
61124 9177 177
59958 9178 2178
46969 8179 179
42980 6180 180
35267 9181 1181
37456 9182 1182
50647 9183 183
34472 9184 1184
28665 7185 185
34860 7186 186
63618 8187 187
53880 9188 3188
54890 9189 189
34520 6190 2190
73101 9191 2191
26536 5192 1192
34737 8193 193
51716 9194 194
58950 9195 1195
53548 8196 196
73955 8197 197
83772 9198 198
70786 8199 199
51000 9200 200
77417 9201 201
27616 6202 202
22827 5203 203
45836 8204 1204
47460 8205 205
33648 9206 206
38863 9207 207
42872 8208 208
52508 9209 209
35260 9210 3210
34055 9211 4211
52332 9212 1212
22278 8213 213
57782 8214 214
43365 7215 215
46160 9216 1216
58255 9217 217
26308 9218 1218
57628 8219 219
65640 9220 1220
50768 9221 3221
61998 9222 3222
81345 7223 3223
22344 8224 224
49475 9225 225
72164 9226 226
50497 9227 227
35596 9228 1228
66519 9229 229
45070 9230 1230
50617 9231 4231
41856 8232 232
62330 9233 233
50042 9234 234
45645 9235 2235
42360 9236 236
55133 9237 3237
51380 9238 1238
28434 9239 1239
37160 8240 1240
37410 7241 241
48420 9242 242
60916 9243 1243
87904 9244 244
38470 8245 4245
33722 9246 246
19976 6247 247
27240 7248 4248
88735 9249 249
29500 9250 250
38757 9251 2251
48268 8252 2252
45289 9253 253
54794 9254 254
67570 8255 255
36304 7256 256
50827 7257 1257
44064 9258 258
40331 9259 1259
62900 9260 260
46349 9261 261
27358 9262 262
58630 9263 1263
60904 9264 264
57445 9265 1265
34128 9266 266
59738 9267 267
65216 9268 1268
63228 9269 269
26430 7270 270
54710 9271 271
55264 8272 272
67276 9273 2273
57740 9274 274
15650 8275 275
42484 9276 1276
18385 8277 1277
57502 9278 1278
50906 9279 279
67200 9280 280
81934 9281 281
62102 9282 1282
74962 9283 283
50692 7284 284
56850 9285 285
34860 9286 286
54305 9287 287
22016 7288 288
42312 9289 289
94770 9290 2290
19746 9291 291
42920 9292 292
45930 7293 293
39822 8294 294
47360 9295 295
40960 8296 296
39079 9297 297
39788 9298 298
40691 8299 299
38700 8300 1300
38408 9301 1301
51718 9302 2302
33121 8303 1303
55952 8304 304
24525 8305 1305
56060 9306 1306
54763 9307 1307
40772 8308 1308
25163 8309 309
66410 9310 310
25555 8311 2311
77744 9312 1312
36130 9313 313
57082 9314 314
26205 7315 315
62160 9316 2316
50170 9317 317
31590 9318 318
33509 9319 319
69520 9320 320
37568 7321 321
15932 9322 322
29261 9323 323
44240 7324 324
53925 9325 1325
36282 9326 326
65251 9327 327
65920 9328 328
43632 8329 329
44290 9330 330
48310 9331 331
23992 7332 2332
22998 7333 333
47674 7334 334
40680 9335 335
35352 8336 336
51370 9337 337
35028 9338 1338
33712 8339 339
62060 9340 1340
46092 8341 341
63446 9342 342
46773 8343 1343
34752 8344 344
59795 9345 345
27422 6346 1346
47123 9347 1347
66872 9348 1348
43443 9349 3349
48850 9350 1350
33808 7351 351
30464 9352 352
68589 9353 1353
53540 9354 1354
17775 5355 355
32204 6356 356
43927 9357 357
12790 5358 358
52590 9359 1359
37880 8360 360
57249 8361 2361
34172 9362 1362
44630 9363 363
57004 9364 1364
26190 8365 365
38758 6366 366
57404 9367 367
33312 6368 368
83797 9369 1369
57700 9370 1370
27226 8371 371
34348 9372 372
49103 9373 373
51114 8374 374
58375 9375 2375
66512 9376 376
39016 9377 377
38780 8378 378
51548 8379 379
23040 4380 380
37048 9381 381
31056 7382 2382
28064 9383 383
56376 9384 384
45850 8385 2385
54632 9386 386
46483 9387 387
50880 7388 388
76057 9389 389
76070 9390 390
50910 9391 391
38528 9392 392
57323 9393 393
28546 9394 394
88530 9395 395
20980 9396 1396
95543 9397 397
38184 9398 398
60985 8399 1399
43000 9400 400
48609 8401 401
65824 9402 402
65851 9403 403
24424 9404 404
45645 8405 405
53654 9406 1406
43070 9407 407
41264 7408 408
58908 9409 409
36460 9410 2410
65110 9411 2411
15648 8412 412
11065 4413 413
34312 9414 1414
86225 9415 1415
78824 9416 416
72255 8417 417
61852 7418 418
39190 9419 419
33520 8420 2420
35631 8421 421
21110 6422 422
69922 9423 423
42664 8424 424
11700 5425 1425
49686 9426 426
33989 9427 427
23140 7428 2428
48148 9429 429
50870 9430 1430
103620 9431 431
26592 9432 1432
49464 9433 433
33604 8434 1434
38785 8435 435
51232 9436 436
81555 9437 437
37066 9438 438
57707 9439 439
32960 7440 1440
43969 9441 441
11768 6442 442
60430 9443 2443
70216 8444 444
77230 9445 445
38568 9446 446
56023 8447 447
29584 8448 448
62735 9449 449
58950 8450 450
73765 9451 451
52972 8452 452
71342 9453 453
53540 9454 454
51460 9455 2455
50016 9456 456
76855 9457 1457
62954 7458 458
61049 9459 459
44680 9460 460
61149 9461 3461
52620 9462 462
44167 9463 463
69032 9464 464
35720 8465 465
49194 9466 2466
31203 7467 467
70084 9468 1468
29814 8469 1469
76110 9470 470
55181 8471 1471
30304 8472 472
26365 9473 473
50266 9474 474
24850 7475 475
38332 9476 476
47816 9477 1477
16912 8478 478
26832 6479 479
66280 9480 2480
56291 9481 481
40302 9482 482
55279 9483 483
57292 9484 1484
80275 9485 1485
48860 8486 1486
61844 9487 487
94296 9488 488
34890 6489 489
64390 9490 1490
72401 9491 2491
30936 7492 492
44437 9493 493
48940 9494 1494
57950 9495 495
52952 9496 496
28479 9497 497
33984 6498 498
29495 9499 1499
29500 9500 500
33509 7501 501
40514 9502 502
34527 7503 503
54536 8504 2504
31525 9505 3505
42566 7506 506
41549 9507 2507
30064 8508 508
67635 8509 509
90670 8510 1510
53621 9511 511
63656 9512 512
22565 7513 1513
42626 9514 514
32120 6515 515
49612 9516 1516
52687 9517 517
42180 7518 518
35114 9519 519
29120 9520 520
39689 7521 2521
63786 9522 522
36184 8523 523
43668 9524 1524
65775 9525 2525
16682 5526 526
47324 9527 527
58280 9528 528
63819 9529 1529
33770 9530 530
32248 7531 531
52852 9532 532
43330 8533 533
56340 9534 2534
22280 4535 535
40360 8536 536
77518 9537 537
72918 9538 538
69007 9539 1539
16320 6540 540
29328 5541 1541
42420 7542 542
33258 8543 2543
65616 9544 1544
51450 8545 545
41006 8546 546
56564 9547 547
52480 9548 548
25294 7549 549
39600 9550 550
32306 8551 551
74624 9552 552
37189 9553 553
56540 9554 554
76660 9555 555
49448 9556 3556
66684 9557 557
56254 9558 558
95385 9559 1559
40040 9560 1560
35610 5561 1561
34934 9562 562
40941 9563 563
45076 8564 1564
43650 7565 565
61226 8566 1566
44103 7567 567
56816 9568 568
29414 7569 2569
8140 6570 1570
48139 9571 571
33004 8572 572
67449 8573 573
70462 9574 574
43325 9575 575
83216 9576 576
62924 9577 1577
66514 9578 578
41211 8579 579
42220 9580 580
79134 9581 1581
95894 9582 1582
61413 9583 583
43256 9584 584
60435 9585 585
51274 9586 586
65457 9587 587
68232 9588 588
32712 9589 589
99440 9590 590
46728 9591 2591
39736 9592 592
50930 9593 593
34564 8594 1594
49140 9595 595
65344 9596 596
34776 7597 1597
50382 9598 598
35792 8599 599
65200 9600 600
74015 9601 601
48622 9602 602
51633 9603 603
38832 8604 604
62865 9605 605
65060 9606 606
43463 9607 607
37080 7608 608
24436 9609 2609
35880 9610 1610
33277 9611 611
22060 7612 1612
27678 9613 613
57140 9614 1614
36920 8615 615
50160 8616 616
66404 9617 617
59034 9618 618
84761 9619 619
43580 7620 620
91936 9621 1621
63842 9622 622
46853 9623 623
49992 9624 3624
30625 7625 625
50260 8626 1626
42643 9627 627
55280 9628 1628
81806 9629 629
37040 7630 630
48679 9631 631
78848 8632 632
51697 9633 1633
74340 9634 1634
36080 8635 635
50360 8636 636
71007 8637 637
74294 9638 638
64390 8639 2639
63600 9640 640
45410 8641 641
34778 9642 642
30858 9643 1643
39508 8644 1644
27225 7645 3645
69752 9646 646
81999 9647 1647
30536 9648 648
40192 8649 649
58500 9650 650
49510 8651 651
29868 7652 652
82142 9653 653
35886 8654 654
50860 9655 655
39936 8656 4656
101826 9657 657
24290 9658 658
16295 8659 659
45620 8660 2660
42288 9661 661
61620 9662 662
31630 7663 663
80304 9664 1664
79645 8665 3665
46328 9666 1666
17668 9667 667
49680 9668 668
40352 7669 669
31690 9670 670
57039 9671 671
17032 5672 672
42057 6673 1673
29044 9674 674
43400 9675 675
43436 7676 676
44416 9677 1677
46102 8678 2678
73827 9679 679
45120 9680 680
64172 9681 681
48138 9682 1682
66147 9683 683
31788 8684 684
66850 9685 3685
38488 7686 1686
57870 9687 1687
54192 8688 688
30512 6689 689
66280 9690 690
30219 7691 691
23460 8692 1692
47851 9693 2693
28164 8694 2694
76120 9695 695
38568 8696 1696
70970 9697 3697
54584 9698 698
42592 9699 1699
90500 9700 700
19804 8701 701
76126 9702 702
78139 9703 1703
61040 9704 704
20525 6705 1705
60472 9706 706
41949 8707 1707
36248 8708 3708
43799 7709 1709
53390 9710 1710
72821 9711 711
18560 4712 2712
70556 8713 2713
28998 8714 714
60580 9715 715
43444 7716 1716
38453 8717 717
57180 9718 718
60190 9719 719
53480 9720 1720
28605 8721 721
37054 8722 2722
51230 8723 1723
91136 9724 724
85425 9725 2725
11630 4726 726
66451 9727 727
57280 9728 1728
48290 9729 729
79220 9730 730
51310 9731 731
41320 8732 732
55330 9733 733
36404 9734 2734
52085 8735 735
46096 8736 736
45370 9737 737
8476 6738 1738
92824 9739 739
71620 7740 740
50410 9741 741
46678 7742 742
77402 9743 743
69928 9744 1744
64195 9745 745
67206 9746 746
34976 9747 747
75472 9748 748
37494 8749 1749
81500 9750 750
50510 9751 751
69032 9752 752
36271 9753 753
52556 9754 754
70835 9755 755
59584 9756 756
74598 8757 757
75338 9758 1758
62072 9759 4759
87160 9760 760
64132 8761 761
83668 9762 762
57630 9763 763
19820 6764 764
44355 9765 765
17830 7766 766
50369 9767 2767
57448 8768 768
66690 9769 2769
49700 9770 770
30397 9771 771
42948 8772 772
43276 8773 773
64514 8774 1774
59525 9775 775
59864 9776 776
38993 9777 777
58336 7778 778
41011 9779 779
72360 9780 780
90496 9781 781
77948 9782 782
41481 8783 1783
48272 9784 784
27280 9785 785
56074 9786 786
50870 9787 787
37092 7788 788
26734 7789 1789
48690 9790 790
34328 7791 791
47544 9792 3792
33758 9793 793
32146 7794 794
102130 9795 1795
57552 8796 796
60767 9797 797
60980 9798 2798
62387 9799 799
49400 9800 3800
30806 7801 2801
62426 9802 802
89045 9803 803
34432 6804 804
45050 8805 1805
38060 7806 806
37842 9807 1807
60696 8808 808
45899 8809 809
114390 9810 1810
61299 8811 3811
59308 9812 4812
69756 9813 813
65210 9814 814
63965 9815 815
59792 8816 816
68438 8817 817
55998 9818 818
43552 9819 819
45380 8820 1820
45389 8821 1821
39932 9822 1822
76522 9823 823
52064 9824 824
80550 9825 825
50434 8826 826
66097 9827 827
39624 8828 1828
18145 6829 1829
30810 9830 830
45479 9831 831
32160 9832 3832
75829 9833 1833
30340 8834 834
35350 7835 835
89376 9836 1836
29022 8837 837
39028 8838 4838
46551 9839 839
39560 9840 840
17046 4841 841
41578 8842 842
46273 9843 843
77816 9844 844
69140 9845 1845
65844 9846 846
48470 8847 1847
38784 9848 848
72188 9849 1849
36800 7850 1850
45510 9851 1851
53816 9852 852
60383 9853 853
73664 8854 854
39840 9855 855
58272 7856 1856
75141 9857 857
71296 9858 1858
70167 9859 859
37020 9860 860
39166 9861 2861
53344 8862 862
65630 9863 863
66232 9864 864
74245 9865 1865
47794 9866 866
83872 8867 867
78416 9868 1868
42952 8869 1869
60440 9870 870
57839 9871 1871
60464 8872 872
71222 9873 873
40992 8874 1874
54500 9875 875
38008 8876 876
96032 9877 877
34658 7878 878
43274 9879 1879
11760 8880 2880
72453 9881 881
51056 8882 3882
46064 8883 1883
75608 9884 884
66505 9885 885
53860 8886 1886
63644 8887 887
45992 9888 888
64557 9889 889
61570 9890 890
58583 8891 891
57812 8892 892
39358 9893 4893
74622 9894 894
71740 9895 1895
78440 9896 896
34279 9897 897
55776 8898 898
34495 9899 4899
37200 7900 900
26406 8901 901
44216 8902 902
38127 8903 903
69656 9904 904
52335 9905 2905
44342 9906 906
69163 9907 2907
71804 8908 908
76726 9909 909
23550 9910 1910
61021 7911 2911
60032 9912 912
28565 8913 2913
67624 9914 914
36405 8915 2915
47160 9916 916
65087 9917 917
60098 9918 1918
75866 9919 919
56280 9920 1920
82894 9921 921
46298 7922 922
19692 6923 2923
48088 8924 924
55025 8925 925
68890 8926 926
83905 9927 927
23568 6928 928
35645 8929 3929
50090 9930 930
27517 9931 931
70252 9932 1932
25732 9933 933
41538 9934 934
45545 8935 1935
28552 6936 936
53370 8937 937
85132 9938 938
54390 9939 1939
67340 9940 940
65115 8941 941
57188 8942 942
41544 9943 1943
76328 9944 944
48450 9945 945
62406 9946 946
55311 7947 947
38584 7948 2948
36694 8949 3949
46500 8950 950
54510 9951 951
60520 9952 2952
51577 8953 1953
61402 9954 954
63415 9955 955
71472 9956 1956
32699 9957 957
59580 9958 958
94303 9959 959
60560 8960 960
32727 9961 961
68544 9962 962
37741 9963 963
58676 7964 3964
42720 8965 965
62626 8966 966
85373 9967 967
58776 9968 4968
90628 9969 1969
25760 9970 970
51768 9971 1971
40804 8972 972
24811 6973 973
28818 6974 1974
38825 8975 975
61760 8976 1976
54770 9977 1977
71758 9978 978
93601 8979 979
20880 8980 980
82753 9981 1981
53838 8982 982
50864 9983 2983
74776 9984 984
31910 6985 3985
46902 8986 3986
47896 9987 987
48892 9988 988
63901 9989 2989
59890 9990 990
81865 9991 991
49936 9992 3992
41944 9993 993
36946 6994 994
90930 9995 1995
54956 9996 1996
37973 9997 997
86976 9998 998
51989 9999 1999
