0 0 0
8001 8001 8001
2002 2002 2002
5003 5003 5003
4 4 4
8005 8005 8005
5006 5006 5006
4007 4007 4007
3008 3008 3008
6009 6009 6009
1010 1010 1010
4011 4011 4011
8012 8012 8012
5013 5013 5013
1014 1014 1014
9015 9015 9015
1016 1016 1016
7017 7017 7017
2018 2018 2018
19 19 19
5020 5020 5020
5021 5021 5021
1022 1022 1022
4023 4023 4023
4024 4024 4024
7025 7025 7025
3026 3026 3026
2027 2027 2027
5028 5028 5028
9029 9029 9029
7030 7030 7030
3031 3031 3031
4032 4032 4032
1033 1033 1033
6034 6034 6034
6035 6035 6035
8036 8036 8036
7037 7037 7037
4038 4038 4038
39 39 39
6040 6040 6040
4041 4041 4041
3042 3042 3042
43 43 43
3044 3044 3044
6045 6045 6045
1046 1046 1046
3047 3047 3047
7048 7048 7048
1049 1049 1049
8050 8050 8050
2051 2051 2051
7052 7052 7052
3053 3053 3053
4054 4054 4054
7055 7055 7055
3056 3056 3056
4057 4057 4057
58 58 58
5059 5059 5059
7060 7060 7060
7061 7061 7061
9062 9062 9062
3063 3063 3063
7064 7064 7064
9065 9065 9065
3066 3066 3066
2067 2067 2067
8068 8068 8068
1069 1069 1069
4070 4070 4070
1071 1071 1071
4072 4072 4072
6073 6073 6073
8074 8074 8074
2075 2075 2075
1076 1076 1076
6077 6077 6077
2078 2078 2078
7079 7079 7079
1080 1080 1080
7081 7081 7081
1082 1082 1082
83 83 83
4084 4084 4084
4085 4085 4085
6086 6086 6086
2087 2087 2087
2088 2088 2088
1089 1089 1089
90 90 90
6091 6091 6091
3092 3092 3092
6093 6093 6093
1094 1094 1094
9095 9095 9095
4096 4096 4096
1097 1097 1097
98 98 98
2099 2099 2099
100 100 100
5101 5101 5101
4102 4102 4102
9103 9103 9103
2104 2104 2104
6105 6105 6105
106 106 106
6107 6107 6107
2108 2108 2108
5109 5109 5109
3110 3110 3110
111 111 111
7112 7112 7112
113 113 113
3114 3114 3114
6115 6115 6115
116 116 116
5117 5117 5117
8118 8118 8118
8119 8119 8119
120 120 120
9121 9121 9121
1122 1122 1122
5123 5123 5123
1124 1124 1124
3125 3125 3125
3126 3126 3126
8127 8127 8127
2128 2128 2128
7129 7129 7129
8130 8130 8130
4131 4131 4131
5132 5132 5132
8133 8133 8133
7134 7134 7134
2135 2135 2135
1136 1136 1136
137 137 137
6138 6138 6138
1139 1139 1139
1140 1140 1140
2141 2141 2141
8142 8142 8142
4143 4143 4143
8144 8144 8144
7145 7145 7145
6146 6146 6146
4147 4147 4147
2148 2148 2148
5149 5149 5149
4150 4150 4150
6151 6151 6151
2152 2152 2152
5153 5153 5153
154 154 154
3155 3155 3155
8156 8156 8156
6157 6157 6157
6158 6158 6158
159 159 159
6160 6160 6160
4161 4161 4161
8162 8162 8162
4163 4163 4163
3164 3164 3164
7165 7165 7165
166 166 166
5167 5167 5167
7168 7168 7168
6169 6169 6169
4170 4170 4170
3171 3171 3171
2172 2172 2172
5173 5173 5173
1174 1174 1174
7175 7175 7175
4176 4176 4176
5177 5177 5177
8178 8178 8178
8179 8179 8179
180 180 180
2181 2181 2181
6182 6182 6182
183 183 183
1184 1184 1184
5185 5185 5185
186 186 186
4187 4187 4187
2188 2188 2188
4189 4189 4189
190 190 190
6191 6191 6191
1192 1192 1192
9193 9193 9193
194 194 194
7195 7195 7195
6196 6196 6196
5197 5197 5197
9198 9198 9198
1199 1199 1199
7200 7200 7200
3201 3201 3201
5202 5202 5202
4203 4203 4203
2204 2204 2204
5205 5205 5205
3206 3206 3206
3207 3207 3207
7208 7208 7208
7209 7209 7209
8210 8210 8210
211 211 211
7212 7212 7212
8213 8213 8213
5214 5214 5214
3215 3215 3215
2216 2216 2216
4217 4217 4217
1218 1218 1218
4219 4219 4219
7220 7220 7220
6221 6221 6221
222 222 222
9223 9223 9223
6224 6224 6224
6225 6225 6225
3226 3226 3226
8227 8227 8227
1228 1228 1228
6229 6229 6229
6230 6230 6230
8231 8231 8231
4232 4232 4232
7233 7233 7233
5234 5234 5234
7235 7235 7235
2236 2236 2236
5237 5237 5237
7238 7238 7238
239 239 239
2240 2240 2240
6241 6241 6241
1242 1242 1242
7243 7243 7243
6244 6244 6244
7245 7245 7245
4246 4246 4246
7247 7247 7247
6248 6248 6248
8249 8249 8249
250 250 250
1251 1251 1251
4252 4252 4252
5253 5253 5253
2254 2254 2254
4255 4255 4255
3256 3256 3256
257 257 257
2258 2258 2258
1259 1259 1259
2260 2260 2260
1261 1261 1261
262 262 262
263 263 263
2264 2264 2264
5265 5265 5265
6266 6266 6266
1267 1267 1267
3268 3268 3268
5269 5269 5269
2270 2270 2270
271 271 271
3272 3272 3272
2273 2273 2273
8274 8274 8274
3275 3275 3275
2276 2276 2276
7277 7277 7277
6278 6278 6278
3279 3279 3279
8280 8280 8280
1281 1281 1281
2282 2282 2282
283 283 283
6284 6284 6284
285 285 285
3286 3286 3286
6287 6287 6287
1288 1288 1288
5289 5289 5289
3290 3290 3290
6291 6291 6291
6292 6292 6292
7293 7293 7293
4294 4294 4294
8295 8295 8295
9296 9296 9296
3297 3297 3297
1298 1298 1298
9299 9299 9299
4300 4300 4300
3301 3301 3301
4302 4302 4302
303 303 303
2304 2304 2304
7305 7305 7305
6306 6306 6306
9307 9307 9307
5308 5308 5308
3309 3309 3309
4310 4310 4310
311 311 311
5312 5312 5312
8313 8313 8313
3314 3314 3314
315 315 315
1316 1316 1316
1317 1317 1317
1318 1318 1318
3319 3319 3319
6320 6320 6320
8321 8321 8321
9322 9322 9322
2323 2323 2323
7324 7324 7324
9325 9325 9325
4326 4326 4326
2327 2327 2327
3328 3328 3328
6329 6329 6329
3330 3330 3330
2331 2331 2331
332 332 332
3333 3333 3333
7334 7334 7334
7335 7335 7335
336 336 336
6337 6337 6337
8338 8338 8338
1339 1339 1339
1340 1340 1340
8341 8341 8341
9342 9342 9342
2343 2343 2343
3344 3344 3344
1345 1345 1345
3346 3346 3346
8347 8347 8347
4348 4348 4348
349 349 349
2350 2350 2350
1351 1351 1351
2352 2352 2352
353 353 353
1354 1354 1354
1355 1355 1355
8356 8356 8356
9357 9357 9357
4358 4358 4358
7359 7359 7359
3360 3360 3360
5361 5361 5361
3362 3362 3362
7363 7363 7363
1364 1364 1364
6365 6365 6365
4366 4366 4366
367 367 367
7368 7368 7368
1369 1369 1369
5370 5370 5370
371 371 371
1372 1372 1372
2373 2373 2373
8374 8374 8374
4375 4375 4375
376 376 376
2377 2377 2377
5378 5378 5378
9379 9379 9379
2380 2380 2380
2381 2381 2381
1382 1382 1382
5383 5383 5383
8384 8384 8384
5385 5385 5385
6386 6386 6386
6387 6387 6387
3388 3388 3388
4389 4389 4389
3390 3390 3390
8391 8391 8391
392 392 392
3393 3393 3393
7394 7394 7394
2395 2395 2395
7396 7396 7396
3397 3397 3397
5398 5398 5398
7399 7399 7399
5400 5400 5400
8401 8401 8401
1402 1402 1402
403 403 403
4404 4404 4404
1405 1405 1405
2406 2406 2406
4407 4407 4407
9408 9408 9408
5409 5409 5409
1410 1410 1410
3411 3411 3411
4412 4412 4412
6413 6413 6413
6414 6414 6414
415 415 415
5416 5416 5416
8417 8417 8417
1418 1418 1418
7419 7419 7419
3420 3420 3420
7421 7421 7421
5422 5422 5422
423 423 423
3424 3424 3424
425 425 425
6426 6426 6426
2427 2427 2427
6428 6428 6428
1429 1429 1429
6430 6430 6430
8431 8431 8431
5432 5432 5432
1433 1433 1433
3434 3434 3434
4435 4435 4435
1436 1436 1436
1437 1437 1437
8438 8438 8438
1439 1439 1439
3440 3440 3440
1441 1441 1441
5442 5442 5442
4443 4443 4443
7444 7444 7444
2445 2445 2445
5446 5446 5446
3447 3447 3447
1448 1448 1448
7449 7449 7449
2450 2450 2450
451 451 451
3452 3452 3452
7453 7453 7453
3454 3454 3454
9455 9455 9455
2456 2456 2456
8457 8457 8457
8458 8458 8458
6459 6459 6459
4460 4460 4460
2461 2461 2461
8462 8462 8462
8463 8463 8463
4464 4464 4464
2465 2465 2465
9466 9466 9466
1467 1467 1467
7468 7468 7468
1469 1469 1469
1470 1470 1470
5471 5471 5471
2472 2472 2472
6473 6473 6473
3474 3474 3474
1475 1475 1475
7476 7476 7476
2477 2477 2477
1478 1478 1478
9479 9479 9479
5480 5480 5480
9481 9481 9481
6482 6482 6482
5483 5483 5483
6484 6484 6484
4485 4485 4485
7486 7486 7486
6487 6487 6487
4488 4488 4488
6489 6489 6489
5490 5490 5490
8491 8491 8491
7492 7492 7492
3493 3493 3493
494 494 494
4495 4495 4495
7496 7496 7496
497 497 497
9498 9498 9498
5499 5499 5499
1500 1500 1500
7501 7501 7501
1502 1502 1502
4503 4503 4503
8504 8504 8504
505 505 505
3506 3506 3506
4507 4507 4507
5508 5508 5508
9509 9509 9509
6510 6510 6510
3511 3511 3511
4512 4512 4512
4513 4513 4513
4514 4514 4514
6515 6515 6515
4516 4516 4516
4517 4517 4517
3518 3518 3518
9519 9519 9519
8520 8520 8520
2521 2521 2521
6522 6522 6522
5523 5523 5523
7524 7524 7524
4525 4525 4525
6526 6526 6526
3527 3527 3527
5528 5528 5528
8529 8529 8529
8530 8530 8530
2531 2531 2531
9532 9532 9532
4533 4533 4533
1534 1534 1534
1535 1535 1535
4536 4536 4536
2537 2537 2537
8538 8538 8538
5539 5539 5539
4540 4540 4540
7541 7541 7541
1542 1542 1542
543 543 543
4544 4544 4544
5545 5545 5545
546 546 546
4547 4547 4547
4548 4548 4548
549 549 549
7550 7550 7550
9551 9551 9551
3552 3552 3552
1553 1553 1553
554 554 554
3555 3555 3555
3556 3556 3556
6557 6557 6557
8558 8558 8558
4559 4559 4559
7560 7560 7560
7561 7561 7561
7562 7562 7562
8563 8563 8563
3564 3564 3564
2565 2565 2565
5566 5566 5566
567 567 567
7568 7568 7568
3569 3569 3569
8570 8570 8570
7571 7571 7571
5572 5572 5572
4573 4573 4573
5574 5574 5574
5575 5575 5575
4576 4576 4576
577 577 577
3578 3578 3578
579 579 579
5580 5580 5580
8581 8581 8581
9582 9582 9582
583 583 583
8584 8584 8584
585 585 585
7586 7586 7586
2587 2587 2587
4588 4588 4588
5589 5589 5589
2590 2590 2590
5591 5591 5591
5592 5592 5592
3593 3593 3593
2594 2594 2594
7595 7595 7595
7596 7596 7596
5597 5597 5597
8598 8598 8598
8599 8599 8599
5600 5600 5600
8601 8601 8601
7602 7602 7602
3603 3603 3603
3604 3604 3604
7605 7605 7605
4606 4606 4606
5607 5607 5607
7608 7608 7608
609 609 609
7610 7610 7610
4611 4611 4611
6612 6612 6612
6613 6613 6613
614 614 614
3615 3615 3615
6616 6616 6616
1617 1617 1617
5618 5618 5618
3619 3619 3619
6620 6620 6620
3621 3621 3621
8622 8622 8622
8623 8623 8623
624 624 624
8625 8625 8625
626 626 626
1627 1627 1627
628 628 628
6629 6629 6629
9630 9630 9630
631 631 631
1632 1632 1632
5633 5633 5633
7634 7634 7634
8635 8635 8635
4636 4636 4636
637 637 637
2638 2638 2638
639 639 639
7640 7640 7640
5641 5641 5641
2642 2642 2642
4643 4643 4643
6644 6644 6644
8645 8645 8645
1646 1646 1646
7647 7647 7647
3648 3648 3648
2649 2649 2649
3650 3650 3650
6651 6651 6651
652 652 652
8653 8653 8653
8654 8654 8654
6655 6655 6655
7656 7656 7656
3657 3657 3657
7658 7658 7658
7659 7659 7659
5660 5660 5660
661 661 661
5662 5662 5662
3663 3663 3663
6664 6664 6664
6665 6665 6665
666 666 666
6667 6667 6667
3668 3668 3668
2669 2669 2669
6670 6670 6670
671 671 671
6672 6672 6672
3673 3673 3673
7674 7674 7674
675 675 675
4676 4676 4676
6677 6677 6677
3678 3678 3678
3679 3679 3679
680 680 680
7681 7681 7681
1682 1682 1682
4683 4683 4683
7684 7684 7684
2685 2685 2685
8686 8686 8686
3687 3687 3687
5688 5688 5688
4689 4689 4689
1690 1690 1690
2691 2691 2691
3692 3692 3692
9693 9693 9693
7694 7694 7694
1695 1695 1695
7696 7696 7696
697 697 697
698 698 698
1699 1699 1699
2700 2700 2700
9701 9701 9701
9702 9702 9702
8703 8703 8703
8704 8704 8704
8705 8705 8705
6706 6706 6706
6707 6707 6707
1708 1708 1708
8709 8709 8709
1710 1710 1710
5711 5711 5711
8712 8712 8712
713 713 713
5714 5714 5714
715 715 715
5716 5716 5716
1717 1717 1717
7718 7718 7718
1719 1719 1719
2720 2720 2720
2721 2721 2721
7722 7722 7722
5723 5723 5723
3724 3724 3724
725 725 725
1726 1726 1726
3727 3727 3727
1728 1728 1728
4729 4729 4729
730 730 730
8731 8731 8731
9732 9732 9732
8733 8733 8733
4734 4734 4734
1735 1735 1735
3736 3736 3736
7737 7737 7737
3738 3738 3738
5739 5739 5739
740 740 740
7741 7741 7741
3742 3742 3742
743 743 743
3744 3744 3744
6745 6745 6745
7746 7746 7746
7747 7747 7747
1748 1748 1748
3749 3749 3749
5750 5750 5750
6751 6751 6751
8752 8752 8752
7753 7753 7753
9754 9754 9754
6755 6755 6755
2756 2756 2756
5757 5757 5757
7758 7758 7758
6759 6759 6759
9760 9760 9760
761 761 761
762 762 762
6763 6763 6763
6764 6764 6764
765 765 765
6766 6766 6766
1767 1767 1767
768 768 768
7769 7769 7769
2770 2770 2770
2771 2771 2771
3772 3772 3772
4773 4773 4773
8774 8774 8774
4775 4775 4775
3776 3776 3776
2777 2777 2777
6778 6778 6778
8779 8779 8779
5780 5780 5780
781 781 781
3782 3782 3782
9783 9783 9783
7784 7784 7784
7785 7785 7785
9786 9786 9786
7787 7787 7787
9788 9788 9788
6789 6789 6789
4790 4790 4790
6791 6791 6791
1792 1792 1792
5793 5793 5793
4794 4794 4794
3795 3795 3795
4796 4796 4796
797 797 797
8798 8798 8798
7799 7799 7799
1800 1800 1800
9801 9801 9801
1802 1802 1802
3803 3803 3803
2804 2804 2804
8805 8805 8805
6806 6806 6806
4807 4807 4807
9808 9808 9808
809 809 809
4810 4810 4810
8811 8811 8811
8812 8812 8812
8813 8813 8813
2814 2814 2814
9815 9815 9815
1816 1816 1816
5817 5817 5817
7818 7818 7818
819 819 819
6820 6820 6820
4821 4821 4821
4822 4822 4822
3823 3823 3823
5824 5824 5824
5825 5825 5825
4826 4826 4826
827 827 827
8828 8828 8828
5829 5829 5829
3830 3830 3830
6831 6831 6831
832 832 832
2833 2833 2833
3834 3834 3834
835 835 835
3836 3836 3836
7837 7837 7837
5838 5838 5838
3839 3839 3839
1840 1840 1840
841 841 841
4842 4842 4842
5843 5843 5843
844 844 844
3845 3845 3845
846 846 846
3847 3847 3847
6848 6848 6848
7849 7849 7849
6850 6850 6850
851 851 851
2852 2852 2852
7853 7853 7853
9854 9854 9854
1855 1855 1855
3856 3856 3856
5857 5857 5857
1858 1858 1858
2859 2859 2859
5860 5860 5860
6861 6861 6861
6862 6862 6862
863 863 863
864 864 864
4865 4865 4865
6866 6866 6866
8867 8867 8867
9868 9868 9868
869 869 869
3870 3870 3870
3871 3871 3871
6872 6872 6872
873 873 873
4874 4874 4874
3875 3875 3875
7876 7876 7876
877 877 877
6878 6878 6878
9879 9879 9879
4880 4880 4880
2881 2881 2881
4882 4882 4882
8883 8883 8883
9884 9884 9884
2885 2885 2885
4886 4886 4886
3887 3887 3887
3888 3888 3888
9889 9889 9889
6890 6890 6890
1891 1891 1891
892 892 892
893 893 893
4894 4894 4894
8895 8895 8895
6896 6896 6896
4897 4897 4897
2898 2898 2898
899 899 899
5900 5900 5900
2901 2901 2901
1902 1902 1902
6903 6903 6903
9904 9904 9904
5905 5905 5905
2906 2906 2906
6907 6907 6907
8908 8908 8908
1909 1909 1909
3910 3910 3910
5911 5911 5911
5912 5912 5912
2913 2913 2913
6914 6914 6914
2915 2915 2915
916 916 916
5917 5917 5917
3918 3918 3918
6919 6919 6919
2920 2920 2920
4921 4921 4921
4922 4922 4922
4923 4923 4923
6924 6924 6924
7925 7925 7925
926 926 926
1927 1927 1927
7928 7928 7928
4929 4929 4929
930 930 930
7931 7931 7931
2932 2932 2932
4933 4933 4933
6934 6934 6934
1935 1935 1935
3936 3936 3936
6937 6937 6937
2938 2938 2938
1939 1939 1939
940 940 940
5941 5941 5941
1942 1942 1942
7943 7943 7943
3944 3944 3944
6945 6945 6945
2946 2946 2946
9947 9947 9947
5948 5948 5948
2949 2949 2949
2950 2950 2950
951 951 951
7952 7952 7952
953 953 953
5954 5954 5954
7955 7955 7955
7956 7956 7956
5957 5957 5957
2958 2958 2958
1959 1959 1959
3960 3960 3960
3961 3961 3961
7962 7962 7962
8963 8963 8963
8964 8964 8964
7965 7965 7965
9966 9966 9966
1967 1967 1967
8968 8968 8968
8969 8969 8969
3970 3970 3970
5971 5971 5971
7972 7972 7972
9973 9973 9973
3974 3974 3974
9975 9975 9975
3976 3976 3976
8977 8977 8977
1978 1978 1978
3979 3979 3979
8980 8980 8980
1981 1981 1981
3982 3982 3982
2983 2983 2983
8984 8984 8984
7985 7985 7985
8986 8986 8986
4987 4987 4987
3988 3988 3988
9989 9989 9989
9990 9990 9990
2991 2991 2991
5992 5992 5992
5993 5993 5993
2994 2994 2994
995 995 995
6996 6996 6996
6997 6997 6997
6998 6998 6998
999 999 999
