10000 1000 1000
10010 1001 1001
80020 8002 8002
30030 3003 3003
10040 1004 1004
80050 8005 8005
30060 3006 3006
30070 3007 3007
80 8 8
90 9 9
50100 5010 5010
70110 7011 7011
10120 1012 1012
50130 5013 5013
50140 5014 5014
60150 6015 6015
160 16 16
50170 5017 5017
60180 6018 6018
90190 9019 9019
200 20 20
20210 2021 2021
20220 2022 2022
40230 4023 4023
240 24 24
70250 7025 7025
50260 5026 5026
80270 8027 8027
20280 2028 2028
30290 3029 3029
90300 9030 9030
40310 4031 4031
50320 5032 5032
40330 4033 4033
80340 8034 8034
70350 7035 7035
40360 4036 4036
30370 3037 3037
60380 6038 6038
80390 8039 8039
70400 7040 7040
20410 2041 2041
40420 4042 4042
10430 1043 1043
80440 8044 8044
450 45 45
90460 9046 9046
10470 1047 1047
40480 4048 4048
50490 5049 5049
80500 8050 8050
30510 3051 3051
40520 4052 4052
30530 3053 3053
30540 3054 3054
50550 5055 5055
70560 7056 7056
90570 9057 9057
90580 9058 9058
20590 2059 2059
10600 1060 1060
10610 1061 1061
40620 4062 4062
20630 2063 2063
80640 8064 8064
650 65 65
30660 3066 3066
50670 5067 5067
70680 7068 7068
60690 6069 6069
30700 3070 3070
30710 3071 3071
50720 5072 5072
50730 5073 5073
30740 3074 3074
80750 8075 8075
30760 3076 3076
90770 9077 9077
90780 9078 9078
20790 2079 2079
40800 4080 4080
90810 9081 9081
40820 4082 4082
30830 3083 3083
40840 4084 4084
70850 7085 7085
70860 7086 7086
50870 5087 5087
70880 7088 7088
20890 2089 2089
90900 9090 9090
60910 6091 6091
50920 5092 5092
60930 6093 6093
80940 8094 8094
40950 4095 4095
960 96 96
970 97 97
80980 8098 8098
40990 4099 4099
11000 1100 1100
51010 5101 5101
41020 4102 4102
71030 7103 7103
71040 7104 7104
41050 4105 4105
31060 3106 3106
61070 6107 6107
1080 108 108
51090 5109 5109
1100 110 110
61110 6111 6111
41120 4112 4112
21130 2113 2113
1140 114 114
61150 6115 6115
41160 4116 4116
11170 1117 1117
11180 1118 1118
21190 2119 2119
61200 6120 6120
71210 7121 7121
51220 5122 5122
71230 7123 7123
11240 1124 1124
11250 1125 1125
71260 7126 7126
81270 8127 8127
41280 4128 4128
51290 5129 5129
21300 2130 2130
61310 6131 6131
51320 5132 5132
41330 4133 4133
91340 9134 9134
21350 2135 2135
61360 6136 6136
81370 8137 8137
1380 138 138
91390 9139 9139
1400 140 140
21410 2141 2141
21420 2142 2142
51430 5143 5143
51440 5144 5144
51450 5145 5145
81460 8146 8146
11470 1147 1147
11480 1148 1148
81490 8149 8149
11500 1150 1150
61510 6151 6151
51520 5152 5152
51530 5153 5153
21540 2154 2154
61550 6155 6155
51560 5156 5156
31570 3157 3157
51580 5158 5158
81590 8159 8159
11600 1160 1160
61610 6161 6161
11620 1162 1162
21630 2163 2163
11640 1164 1164
91650 9165 9165
1660 166 166
71670 7167 7167
71680 7168 7168
51690 5169 5169
61700 6170 6170
31710 3171 3171
41720 4172 4172
71730 7173 7173
31740 3174 3174
21750 2175 2175
31760 3176 3176
51770 5177 5177
1780 178 178
41790 4179 4179
21800 2180 2180
51810 5181 5181
21820 2182 2182
71830 7183 7183
51840 5184 5184
11850 1185 1185
11860 1186 1186
11870 1187 1187
81880 8188 8188
41890 4189 4189
61900 6190 6190
31910 3191 3191
1920 192 192
51930 5193 5193
51940 5194 5194
1950 195 195
1960 196 196
81970 8197 8197
81980 8198 8198
1990 199 199
62000 6200 6200
32010 3201 3201
2020 202 202
12030 1203 1203
2040 204 204
42050 4205 4205
22060 2206 2206
32070 3207 3207
12080 1208 1208
42090 4209 4209
62100 6210 6210
32110 3211 3211
2120 212 212
92130 9213 9213
32140 3214 3214
2150 215 215
82160 8216 8216
72170 7217 7217
12180 1218 1218
32190 3219 3219
52200 5220 5220
32210 3221 3221
32220 3222 3222
82230 8223 8223
52240 5224 5224
92250 9225 9225
32260 3226 3226
42270 4227 4227
22280 2228 2228
92290 9229 9229
32300 3230 3230
92310 9231 9231
12320 1232 1232
72330 7233 7233
92340 9234 9234
42350 4235 4235
22360 2236 2236
42370 4237 4237
22380 2238 2238
42390 4239 4239
42400 4240 4240
12410 1241 1241
82420 8242 8242
22430 2243 2243
2440 244 244
82450 8245 8245
42460 4246 4246
2470 247 247
42480 4248 4248
72490 7249 7249
22500 2250 2250
22510 2251 2251
42520 4252 4252
2530 253 253
42540 4254 4254
42550 4255 4255
82560 8256 8256
82570 8257 8257
32580 3258 3258
32590 3259 3259
32600 3260 3260
62610 6261 6261
72620 7262 7262
62630 6263 6263
32640 3264 3264
92650 9265 9265
82660 8266 8266
82670 8267 8267
32680 3268 3268
32690 3269 3269
32700 3270 3270
82710 8271 8271
52720 5272 5272
42730 4273 4273
2740 274 274
82750 8275 8275
22760 2276 2276
2770 277 277
82780 8278 8278
32790 3279 3279
32800 3280 3280
32810 3281 3281
52820 5282 5282
62830 6283 6283
72840 7284 7284
22850 2285 2285
22860 2286 2286
62870 6287 6287
22880 2288 2288
22890 2289 2289
62900 6290 6290
22910 2291 2291
2920 292 292
12930 1293 1293
22940 2294 2294
52950 5295 5295
32960 3296 3296
42970 4297 4297
2980 298 298
52990 5299 5299
23000 2300 2300
83010 8301 8301
23020 2302 2302
23030 2303 2303
53040 5304 5304
3050 305 305
13060 1306 1306
83070 8307 8307
23080 2308 2308
43090 4309 4309
43100 4310 4310
13110 1311 1311
23120 2312 2312
33130 3313 3313
53140 5314 5314
63150 6315 6315
83160 8316 8316
73170 7317 7317
43180 4318 4318
43190 4319 4319
3200 320 320
23210 2321 2321
33220 3322 3322
13230 1323 1323
3240 324 324
53250 5325 5325
23260 2326 2326
23270 2327 2327
43280 4328 4328
83290 8329 8329
3300 330 330
93310 9331 9331
83320 8332 8332
83330 8333 8333
33340 3334 3334
63350 6335 6335
83360 8336 8336
73370 7337 7337
43380 4338 4338
83390 8339 8339
43400 4340 4340
13410 1341 1341
73420 7342 7342
23430 2343 2343
73440 7344 7344
33450 3345 3345
83460 8346 8346
73470 7347 7347
13480 1348 1348
83490 8349 8349
13500 1350 1350
3510 351 351
33520 3352 3352
23530 2353 2353
43540 4354 4354
83550 8355 8355
33560 3356 3356
23570 2357 2357
73580 7358 7358
93590 9359 9359
33600 3360 3360
53610 5361 5361
53620 5362 5362
13630 1363 1363
63640 6364 6364
83650 8365 8365
53660 5366 5366
63670 6367 6367
33680 3368 3368
23690 2369 2369
13700 1370 1370
33710 3371 3371
23720 2372 2372
23730 2373 2373
13740 1374 1374
13750 1375 1375
63760 6376 6376
93770 9377 9377
53780 5378 5378
43790 4379 4379
23800 2380 2380
83810 8381 8381
33820 3382 3382
23830 2383 2383
3840 384 384
93850 9385 9385
93860 9386 9386
13870 1387 1387
13880 1388 1388
73890 7389 7389
33900 3390 3390
53910 5391 5391
73920 7392 7392
43930 4393 4393
13940 1394 1394
23950 2395 2395
43960 4396 4396
13970 1397 1397
63980 6398 6398
63990 6399 6399
34000 3400 3400
4010 401 401
14020 1402 1402
44030 4403 4403
54040 5404 5404
94050 9405 9405
34060 3406 3406
44070 4407 4407
14080 1408 1408
44090 4409 4409
4100 410 410
4110 411 411
54120 5412 5412
34130 3413 3413
34140 3414 3414
74150 7415 7415
64160 6416 6416
4170 417 417
44180 4418 4418
44190 4419 4419
4200 420 420
4210 421 421
64220 6422 6422
24230 2423 2423
84240 8424 8424
4250 425 425
34260 3426 3426
4270 427 427
4280 428 428
74290 7429 7429
74300 7430 7430
34310 3431 3431
44320 4432 4432
64330 6433 6433
24340 2434 2434
54350 5435 5435
14360 1436 1436
44370 4437 4437
74380 7438 7438
4390 439 439
54400 5440 5440
84410 8441 8441
4420 442 442
94430 9443 9443
4440 444 444
84450 8445 8445
84460 8446 8446
24470 2447 2447
44480 4448 4448
4490 449 449
44500 4450 4450
64510 6451 6451
24520 2452 2452
54530 5453 5453
64540 6454 6454
64550 6455 6455
84560 8456 8456
74570 7457 7457
64580 6458 6458
4590 459 459
14600 1460 1460
74610 7461 7461
34620 3462 3462
94630 9463 9463
34640 3464 3464
24650 2465 2465
44660 4466 4466
94670 9467 9467
14680 1468 1468
34690 3469 3469
64700 6470 6470
84710 8471 8471
84720 8472 8472
14730 1473 1473
24740 2474 2474
34750 3475 3475
84760 8476 8476
44770 4477 4477
34780 3478 3478
24790 2479 2479
84800 8480 8480
74810 7481 7481
44820 4482 4482
94830 9483 9483
44840 4484 4484
84850 8485 8485
14860 1486 1486
14870 1487 1487
14880 1488 1488
14890 1489 1489
24900 2490 2490
84910 8491 8491
64920 6492 6492
4930 493 493
44940 4494 4494
34950 3495 3495
64960 6496 6496
34970 3497 3497
74980 7498 7498
94990 9499 9499
15000 1500 1500
45010 4501 4501
85020 8502 8502
85030 8503 8503
45040 4504 4504
35050 3505 3505
75060 7506 7506
55070 5507 5507
75080 7508 7508
5090 509 509
25100 2510 2510
5110 511 511
65120 6512 6512
65130 6513 6513
35140 3514 3514
75150 7515 7515
85160 8516 8516
75170 7517 7517
5180 518 518
35190 3519 3519
15200 1520 1520
5210 521 521
55220 5522 5522
15230 1523 1523
85240 8524 8524
95250 9525 9525
5260 526 526
45270 4527 4527
25280 2528 2528
15290 1529 1529
25300 2530 2530
65310 6531 6531
15320 1532 1532
75330 7533 7533
35340 3534 3534
5350 535 535
85360 8536 8536
45370 4537 4537
65380 6538 6538
85390 8539 8539
35400 3540 3540
5410 541 541
15420 1542 1542
5430 543 543
35440 3544 3544
85450 8545 8545
55460 5546 5546
25470 2547 2547
25480 2548 2548
65490 6549 6549
65500 6550 6550
45510 4551 4551
85520 8552 8552
5530 553 553
45540 4554 4554
65550 6555 6555
55560 5556 5556
65570 6557 6557
85580 8558 8558
45590 4559 4559
95600 9560 9560
5610 561 561
85620 8562 8562
65630 6563 6563
55640 5564 5564
5650 565 565
45660 4566 4566
25670 2567 2567
15680 1568 1568
15690 1569 1569
55700 5570 5570
95710 9571 9571
45720 4572 4572
95730 9573 9573
85740 8574 8574
85750 8575 8575
85760 8576 8576
35770 3577 3577
85780 8578 8578
15790 1579 1579
95800 9580 9580
55810 5581 5581
15820 1582 1582
75830 7583 7583
95840 9584 9584
55850 5585 5585
15860 1586 1586
15870 1587 1587
65880 6588 6588
5890 589 589
55900 5590 5590
5910 591 591
35920 3592 3592
5930 593 593
75940 7594 7594
15950 1595 1595
35960 3596 3596
85970 8597 8597
85980 8598 8598
35990 3599 3599
66000 6600 6600
86010 8601 8601
66020 6602 6602
76030 7603 7603
6040 604 604
56050 5605 5605
56060 5606 5606
86070 8607 8607
56080 5608 5608
76090 7609 7609
76100 7610 7610
26110 2611 2611
46120 4612 4612
76130 7613 7613
66140 6614 6614
76150 7615 7615
46160 4616 4616
16170 1617 1617
86180 8618 8618
6190 619 619
46200 4620 4620
86210 8621 8621
16220 1622 1622
26230 2623 2623
36240 3624 3624
76250 7625 7625
6260 626 626
86270 8627 8627
6280 628 628
56290 5629 5629
96300 9630 9630
56310 5631 5631
66320 6632 6632
6330 633 633
86340 8634 8634
86350 8635 8635
36360 3636 3636
76370 7637 7637
86380 8638 8638
36390 3639 3639
36400 3640 3640
16410 1641 1641
46420 4642 4642
76430 7643 7643
56440 5644 5644
76450 7645 7645
66460 6646 6646
6470 647 647
46480 4648 4648
36490 3649 3649
76500 7650 7650
86510 8651 8651
46520 4652 4652
16530 1653 1653
26540 2654 2654
26550 2655 2655
76560 7656 7656
26570 2657 2657
86580 8658 8658
86590 8659 8659
6600 660 660
26610 2661 2661
66620 6662 6662
16630 1663 1663
46640 4664 4664
76650 7665 7665
66660 6666 6666
16670 1667 1667
86680 8668 8668
86690 8669 8669
6700 670 670
56710 5671 5671
6720 672 672
76730 7673 7673
66740 6674 6674
6750 675 675
56760 5676 5676
46770 4677 4677
16780 1678 1678
16790 1679 1679
66800 6680 6680
16810 1681 1681
86820 8682 8682
66830 6683 6683
46840 4684 4684
36850 3685 3685
86860 8686 8686
6870 687 687
66880 6688 6688
46890 4689 4689
86900 8690 8690
66910 6691 6691
46920 4692 4692
76930 7693 7693
36940 3694 3694
86950 8695 8695
76960 7696 7696
6970 697 697
66980 6698 6698
76990 7699 7699
17000 1700 1700
57010 5701 5701
77020 7702 7702
87030 8703 8703
37040 3704 3704
47050 4705 4705
87060 8706 8706
7070 707 707
27080 2708 2708
17090 1709 1709
7100 710 710
67110 6711 6711
17120 1712 1712
57130 5713 5713
77140 7714 7714
7150 715 715
37160 3716 3716
7170 717 717
67180 6718 6718
17190 1719 1719
97200 9720 9720
7210 721 721
87220 8722 8722
77230 7723 7723
47240 4724 4724
37250 3725 3725
27260 2726 2726
67270 6727 6727
17280 1728 1728
37290 3729 3729
37300 3730 3730
67310 6731 6731
7320 732 732
27330 2733 2733
37340 3734 3734
77350 7735 7735
7360 736 736
17370 1737 1737
7380 738 738
17390 1739 1739
17400 1740 1740
57410 5741 5741
37420 3742 3742
47430 4743 4743
7440 744 744
7450 745 745
77460 7746 7746
7470 747 747
47480 4748 4748
77490 7749 7749
67500 6750 6750
77510 7751 7751
97520 9752 9752
87530 8753 8753
17540 1754 1754
87550 8755 8755
67560 6756 6756
47570 4757 4757
77580 7758 7758
77590 7759 7759
87600 8760 8760
57610 5761 5761
7620 762 762
97630 9763 9763
67640 6764 6764
17650 1765 1765
7660 766 766
47670 4767 4767
77680 7768 7768
97690 9769 9769
57700 5770 5770
67710 6771 6771
97720 9772 9772
17730 1773 1773
7740 774 774
7750 775 775
77760 7776 7776
87770 8777 8777
7780 778 778
87790 8779 8779
47800 4780 4780
77810 7781 7781
17820 1782 1782
17830 1783 1783
47840 4784 4784
37850 3785 3785
67860 6786 6786
57870 5787 5787
27880 2788 2788
67890 6789 6789
7900 790 790
17910 1791 1791
37920 3792 3792
27930 2793 2793
57940 5794 5794
47950 4795 4795
67960 6796 6796
17970 1797 1797
87980 8798 8798
47990 4799 4799
8000 800 800
88010 8801 8801
28020 2802 2802
58030 5803 5803
68040 6804 6804
98050 9805 9805
88060 8806 8806
28070 2807 2807
88080 8808 8808
78090 7809 7809
88100 8810 8810
48110 4811 4811
58120 5812 5812
28130 2813 2813
28140 2814 2814
38150 3815 3815
18160 1816 1816
48170 4817 4817
18180 1818 1818
58190 5819 5819
88200 8820 8820
28210 2821 2821
18220 1822 1822
8230 823 823
38240 3824 3824
28250 2825 2825
48260 4826 4826
88270 8827 8827
68280 6828 6828
8290 829 829
28300 2830 2830
78310 7831 7831
18320 1832 1832
88330 8833 8833
18340 1834 1834
38350 3835 3835
18360 1836 1836
88370 8837 8837
78380 7838 7838
8390 839 839
68400 6840 6840
38410 3841 3841
58420 5842 5842
18430 1843 1843
68440 6844 6844
28450 2845 2845
68460 6846 6846
98470 9847 9847
48480 4848 4848
28490 2849 2849
78500 7850 7850
48510 4851 4851
48520 4852 4852
8530 853 853
78540 7854 7854
38550 3855 3855
18560 1856 1856
68570 6857 6857
88580 8858 8858
28590 2859 2859
48600 4860 4860
98610 9861 9861
18620 1862 1862
38630 3863 3863
18640 1864 1864
58650 5865 5865
18660 1866 1866
68670 6867 6867
58680 5868 5868
78690 7869 7869
18700 1870 1870
38710 3871 3871
98720 9872 9872
58730 5873 5873
68740 6874 6874
88750 8875 8875
38760 3876 3876
88770 8877 8877
38780 3878 3878
78790 7879 7879
68800 6880 6880
58810 5881 5881
18820 1882 1882
58830 5883 5883
38840 3884 3884
38850 3885 3885
68860 6886 6886
28870 2887 2887
28880 2888 2888
88890 8889 8889
8900 890 890
78910 7891 7891
8920 892 892
18930 1893 1893
58940 5894 5894
48950 4895 4895
48960 4896 4896
78970 7897 7897
88980 8898 8898
88990 8899 8899
19000 1900 1900
9010 901 901
49020 4902 4902
89030 8903 8903
49040 4904 4904
19050 1905 1905
89060 8906 8906
49070 4907 4907
39080 3908 3908
39090 3909 3909
79100 7910 7910
39110 3911 3911
99120 9912 9912
99130 9913 9913
69140 6914 6914
59150 5915 5915
79160 7916 7916
69170 6917 6917
59180 5918 5918
49190 4919 4919
19200 1920 1920
9210 921 921
49220 4922 4922
79230 7923 7923
9240 924 924
99250 9925 9925
19260 1926 1926
19270 1927 1927
39280 3928 3928
79290 7929 7929
79300 7930 7930
99310 9931 9931
49320 4932 4932
49330 4933 4933
79340 7934 7934
89350 8935 8935
9360 936 936
19370 1937 1937
29380 2938 2938
19390 1939 1939
69400 6940 6940
89410 8941 8941
69420 6942 6942
89430 8943 8943
19440 1944 1944
49450 4945 4945
29460 2946 2946
19470 1947 1947
69480 6948 6948
59490 5949 5949
19500 1950 1950
89510 8951 8951
39520 3952 3952
79530 7953 7953
89540 8954 8954
39550 3955 3955
39560 3956 3956
9570 957 957
19580 1958 1958
79590 7959 7959
39600 3960 3960
39610 3961 3961
79620 7962 7962
79630 7963 7963
19640 1964 1964
59650 5965 5965
99660 9966 9966
89670 8967 8967
89680 8968 8968
19690 1969 1969
89700 8970 8970
49710 4971 4971
69720 6972 6972
19730 1973 1973
89740 8974 8974
29750 2975 2975
69760 6976 6976
19770 1977 1977
99780 9978 9978
29790 2979 2979
89800 8980 8980
79810 7981 7981
69820 6982 6982
99830 9983 9983
29840 2984 2984
19850 1985 1985
79860 7986 7986
49870 4987 4987
29880 2988 2988
89890 8989 8989
49900 4990 4990
69910 6991 6991
99920 9992 9992
19930 1993 1993
49940 4994 4994
49950 4995 4995
29960 2996 2996
39970 3997 3997
39980 3998 3998
39990 3999 3999
