13000 6000 3000
12003 5001 3001
11004 7002 4002
8006 6003 2003
16012 7004 3004
3005 3005 3005
1006 1006 1006
7021 4007 7
4008 4008 4008
15027 9009 3009
20040 7010 2010
17033 7011 4011
1012 1012 1012
7013 7013 7013
14 14 14
14045 7015 1015
5016 5016 5016
9034 8017 1017
10036 8018 2018
8019 8019 8019
9020 9020 9020
1042 1021 21
6066 3022 22
1046 1023 23
7072 5024 24
1025 1025 1025
17052 9026 8026
11054 9027 2027
6028 6028 6028
8029 8029 8029
2030 2030 2030
3031 3031 3031
10064 8032 2032
13066 8033 5033
6102 4034 1034
12105 8035 2035
9072 9036 36
2037 2037 2037
11114 5038 2038
8039 8039 8039
13080 7040 6040
16123 8041 3041
6126 4042 1042
6086 6043 43
9088 7044 2044
12090 8045 4045
20184 9046 46
11141 8047 1047
13144 7048 48
20196 8049 49
12100 7050 5050
4051 4051 4051
6104 4052 2052
16106 9053 7053
7108 7054 54
14110 9055 5055
12112 6056 6056
7114 5057 2057
6116 3058 3058
14177 7059 2059
2060 2060 2060
6183 4061 61
21248 7062 3062
6126 5063 1063
10128 9064 1064
13130 8065 5065
8132 7066 1066
12201 9067 1067
8068 8068 8068
20207 8069 4069
6070 6070 6070
71 71 71
20288 8072 2072
8146 6073 2073
11148 8074 3074
7150 5075 2075
5152 3076 2076
12231 8077 77
15234 6078 4078
6079 6079 6079
4080 4080 4080
5081 5081 5081
7164 5082 2082
8083 8083 8083
12168 9084 3084
8170 4085 4085
11258 4086 3086
16348 9087 87
2088 2088 2088
6089 6089 6089
12180 6090 6090
12182 7091 5091
13276 5092 3092
17279 9093 2093
4094 4094 4094
3190 2095 1095
10192 6096 4096
17291 6097 5097
13294 8098 98
5198 3099 2099
9200 5100 4100
2101 2101 2101
7102 7102 7102
4103 4103 4103
9312 6104 1104
6210 4105 2105
1106 1106 1106
3214 3107 107
2108 2108 2108
10218 9109 1109
7220 6110 1110
7111 7111 7111
13224 9112 4112
23339 9113 7113
16342 8114 1114
7115 7115 7115
8232 8116 116
7234 5117 2117
15236 8118 7118
10238 8119 2119
8360 4120 120
7121 7121 7121
4366 2122 122
3246 3123 123
21372 9124 6124
12375 7125 125
12252 9126 3126
8381 6127 1127
6256 5128 1128
4129 4129 4129
9260 6130 3130
3262 2131 1131
6132 6132 6132
13399 7133 133
6268 6134 134
14405 5135 4135
10408 5136 2136
1137 1137 1137
7138 7138 7138
16278 8139 8139
140 140 140
8282 6141 2141
8284 8142 142
1143 1143 1143
9432 8144 144
9580 7145 145
13438 8146 146
6294 5147 1147
19592 9148 2148
9447 8149 149
7150 7150 7150
4302 3151 1151
152 152 152
5306 3153 2153
3308 3154 154
14310 8155 6155
9312 8156 1156
10314 6157 4157
6158 6158 6158
7318 5159 2159
6320 4160 2160
10322 5161 5161
1162 1162 1162
5326 4163 1163
7328 5164 2164
11330 9165 2165
5166 5166 5166
1167 1167 1167
2336 2168 168
11338 6169 5169
16510 8170 3170
14342 9171 5171
8172 8172 8172
4173 4173 4173
24696 9174 1174
5175 5175 5175
7528 7176 176
12354 8177 4177
14356 7178 7178
7179 7179 7179
15540 9180 3180
9362 5181 4181
8182 8182 8182
7732 3183 183
16736 8184 184
11370 7185 4185
4186 4186 4186
9374 7187 2187
4188 4188 4188
189 189 189
6380 3190 3190
15573 7191 1191
14384 9192 5192
12579 9193 193
7388 4194 3194
7195 7195 7195
6196 6196 6196
4394 3197 1197
12396 8198 4198
7398 6199 1199
12400 8200 4200
6201 6201 6201
14404 8202 6202
8203 8203 8203
10612 6204 1204
9615 5205 2205
9412 8206 1206
9621 6207 1207
4208 4208 4208
6418 5209 1209
10420 6210 4210
11422 8211 3211
8212 8212 8212
1213 1213 1213
4214 4214 4214
10430 9215 1215
4432 3216 1216
6434 6217 217
1218 1218 1218
7219 7219 7219
17440 9220 8220
4221 4221 4221
5222 5222 5222
11446 9223 2223
6448 6224 224
7450 5225 2225
4452 4226 226
227 227 227
12912 5228 228
17687 8229 3229
5460 4230 1230
10462 6231 4231
10464 6232 4232
14699 8233 2233
9468 6234 3234
8470 6235 2235
11708 8236 1236
3474 2237 1237
13476 8238 5238
9239 9239 9239
4240 4240 4240
11482 8241 3241
2242 2242 2242
10486 7243 3243
11488 8244 3244
14735 7245 2245
2246 2246 2246
4494 3247 1247
13744 6248 2248
5249 5249 5249
9750 4250 2250
3502 3251 251
11504 6252 5252
253 253 253
14762 8254 254
15510 8255 7255
5256 5256 5256
4514 3257 1257
8516 5258 3258
7518 4259 3259
8260 8260 8260
10522 9261 1261
7262 7262 7262
13789 7263 2263
11792 8264 264
7530 5265 2265
8266 8266 8266
14801 9267 267
5536 5268 268
20807 8269 4269
6270 6270 6270
3271 3271 3271
16816 7272 3272
1546 1273 273
4548 3274 1274
17825 8275 4275
276 276 276
12554 6277 6277
13834 6278 1278
10558 7279 3279
10560 9280 1280
5281 5281 5281
4282 4282 4282
3566 2283 1283
5284 5284 5284
11570 9285 2285
8858 4286 286
4287 4287 4287
1576 1288 288
6289 6289 6289
290 290 290
7582 6291 1291
5292 5292 5292
5293 5293 5293
8588 7294 1294
6590 5295 1295
7296 7296 7296
8594 4297 4297
10894 5298 2298
5299 5299 5299
11600 7300 4300
301 301 301
6604 6302 302
9606 7303 2303
15608 9304 6304
8610 7305 1305
3612 2306 1306
6614 4307 2307
9616 8308 1308
16927 9309 309
12620 7310 5310
6933 4311 1311
5624 3312 2312
4626 3313 1313
19942 8314 4314
17945 9315 315
2316 2316 2316
14951 7317 1317
11636 7318 4318
1319 1319 1319
7320 7320 7320
20963 8321 4321
10644 7322 3322
6323 6323 6323
17972 9324 2324
10650 8325 2325
14652 9326 5326
4654 4327 327
2656 1328 1328
11658 7329 4329
11990 6330 1330
9662 7331 2331
12664 7332 5332
8666 5333 3333
9668 5334 4334
5670 3335 2335
15672 8336 7336
8674 8337 337
14676 8338 6338
6678 4339 2339
9680 5340 4340
9682 8341 1341
13684 9342 4342
17029 6343 4343
6688 4344 2344
12380 7345 345
3038 2346 346
12694 8347 4347
5348 5348 5348
8698 7349 1349
12050 8350 1350
16702 8351 8351
5704 5352 352
4706 2353 2353
10708 6354 4354
6710 4355 2355
15712 8356 7356
8714 5357 3357
14716 8358 6358
9718 7359 2359
15080 7360 3360
6722 4361 2361
1362 1362 1362
8726 5363 3363
7728 7364 364
5365 5365 5365
8732 6366 2366
9734 7367 2367
5736 5368 368
8738 8369 369
11740 6370 5370
13113 6371 1371
10744 6372 4372
9119 6373 373
25496 8374 5374
2375 2375 2375
13128 9376 376
13754 8377 5377
3756 2378 1378
2758 2379 379
17140 9380 380
381 381 381
10764 6382 4382
9383 9383 9383
8152 4384 384
12155 7385 2385
4386 4386 4386
7387 7387 7387
4388 4388 4388
29945 7389 3389
9780 6390 3390
14173 7391 391
7392 7392 7392
1393 1393 1393
394 394 394
3395 3395 3395
9792 8396 1396
18794 9397 9397
9398 9398 9398
11197 6399 399
6800 5400 1400
20203 9401 2401
11804 7402 4402
9806 5403 4403
7404 7404 7404
10810 7405 3405
16218 5406 5406
9814 8407 1407
7816 4408 3408
12818 8409 4409
11820 6410 5410
17233 8411 1411
11824 6412 5412
15239 8413 1413
2414 2414 2414
830 415 415
4416 4416 4416
4417 4417 4417
22254 8418 6418
18676 8419 419
12840 6420 6420
1421 1421 1421
12266 7422 1422
9423 9423 9423
5848 4424 1424
4850 2425 2425
14852 8426 6426
9427 9427 9427
6428 6428 6428
6858 4429 2429
860 430 430
16293 6431 4431
6296 3432 432
14299 5433 3433
9434 9434 9434
9435 9435 9435
8872 6436 2436
4874 2437 2437
12314 7438 1438
8439 8439 8439
9320 8440 440
9323 4441 1441
9442 9442 9442
2443 2443 2443
18332 9444 1444
5890 3445 2445
16892 8446 8446
7447 7447 7447
15344 9448 448
5449 5449 5449
19350 9450 4450
24353 9451 5451
7904 6452 1452
12906 8453 4453
4454 4454 4454
10910 8455 2455
5456 5456 5456
15914 8457 7457
8916 8458 458
20377 9459 5459
9920 5460 4460
7922 5461 2461
1462 1462 1462
12389 7463 463
12928 7464 5464
12930 8465 4465
8398 4466 466
467 467 467
7468 7468 7468
5469 5469 5469
10940 8470 2470
7471 7471 7471
10944 6472 4472
25892 8473 4473
13422 6474 1474
15425 7475 2475
11952 9476 2476
8431 4477 477
12434 6478 478
11958 7479 4479
13440 9480 480
11962 6481 5481
9482 9482 9482
17449 8483 4483
5484 5484 5484
4970 3485 1485
13972 9486 4486
7487 7487 7487
2488 2488 2488
3489 3489 3489
5980 4490 1490
7982 7491 491
7492 7492 7492
6986 5493 1493
8494 8494 8494
4990 4495 495
4992 4496 496
9994 8497 1497
15996 8498 7498
8998 6499 2499
6000 4500 1500
2002 1501 501
502 502 502
12012 8503 503
9512 8504 504
1505 1505 1505
3506 3506 3506
25028 8507 4507
3016 1508 1508
2509 2509 2509
14530 7510 510
4511 4511 4511
6024 4512 1512
4513 4513 4513
7514 7514 7514
8030 7515 515
8032 7516 516
6517 6517 6517
7518 7518 7518
15557 6519 4519
14040 8520 5520
9042 6521 2521
9044 4522 4522
18569 7523 4523
21572 8524 5524
14050 9525 4525
14052 8526 5526
8581 5527 527
18584 8528 4528
2529 2529 2529
15060 8530 6530
3531 3531 3531
1532 1532 1532
24599 9533 7533
7534 7534 7534
6070 3535 2535
3072 2536 536
2074 1537 537
3538 3538 3538
9539 9539 9539
12620 8540 540
11623 7541 541
2542 2542 2542
11086 6543 4543
5544 5544 5544
18635 8545 4545
5092 4546 546
10188 6547 547
2548 2548 2548
10647 4549 1549
12100 9550 2550
9102 7551 1551
7552 7552 7552
19659 8553 2553
554 554 554
4555 4555 4555
17668 8556 2556
34228 9557 7557
3558 3558 3558
5559 5559 5559
14680 9560 560
3683 2561 561
4124 3562 562
6563 6563 6563
13128 7564 5564
15695 7565 1565
11132 7566 3566
8134 6567 1567
13136 8568 4568
569 569 569
11140 5570 5570
6142 5571 571
13144 6572 6572
3573 3573 3573
17296 7574 574
16150 8575 7575
6152 3576 2576
7154 4577 2577
13156 8578 4578
5158 4579 579
8160 6580 1580
7162 4581 2581
8582 8582 8582
583 583 583
14168 8584 5584
3585 3585 3585
5586 5586 5586
10174 8587 1587
8588 8588 8588
8767 7589 589
7770 3590 590
15182 7591 7591
1592 1592 1592
8186 4593 3593
17782 6594 5594
17785 7595 3595
14788 8596 596
4194 3597 597
5598 5598 5598
6599 6599 6599
6200 4600 1600
18803 8601 1601
602 602 602
12809 5603 2603
8604 8604 8604
8210 6605 1605
606 606 606
1607 1607 1607
17824 7608 4608
15827 6609 2609
11220 6610 4610
21833 9611 5611
10224 5612 4612
15226 8613 6613
24842 9614 6614
9230 4615 4615
3616 3616 3616
21468 7617 1617
14236 8618 5618
5238 3619 1619
2620 2620 2620
10242 5621 4621
5622 5622 5622
7492 2623 623
8248 6624 1624
1625 1625 1625
22878 8626 6626
8627 8627 8627
628 628 628
6629 6629 6629
5630 5630 5630
16262 8631 7631
16896 8632 632
15899 7633 2633
9268 4634 4634
3635 3635 3635
27544 9636 4636
5274 3637 1637
3638 3638 3638
9278 6639 2639
5280 4640 640
11923 7641 641
16926 6642 4642
643 643 643
11932 5644 644
6935 4645 645
11292 7646 3646
5294 3647 1647
15944 8648 1648
3649 3649 3649
15300 9650 5650
4302 3651 651
1652 1652 1652
13306 8653 4653
16308 8654 7654
5655 5655 5655
5312 3656 1656
1657 1657 1657
4316 3658 658
19977 6659 6659
5320 3660 1660
17983 8661 661
6662 6662 6662
5663 5663 5663
10328 5664 4664
12330 9665 2665
16998 8666 3666
14001 8667 1667
8336 6668 1668
3669 3669 3669
11340 8670 2670
17342 8671 8671
13016 5672 3672
6673 6673 6673
674 674 674
9350 7675 1675
12352 9676 2676
10354 9677 677
25034 8678 7678
13358 6679 6679
11360 9680 1680
5681 5681 5681
1682 1682 1682
19049 6683 5683
8684 8684 8684
685 685 685
1686 1686 1686
12374 8687 3687
8376 7688 688
3378 2689 689
9690 9690 9690
11382 8691 2691
5692 5692 5692
11079 7693 1693
5694 5694 5694
3695 3695 3695
14088 6696 696
2697 2697 2697
3698 3698 3698
8398 6699 1699
6700 6700 6700
16402 8701 7701
11404 8702 2702
6703 6703 6703
13112 7704 2704
22115 8705 6705
10118 5706 706
707 707 707
708 708 708
12127 6709 1709
4710 4710 4710
1711 1711 1711
21136 8712 5712
8713 8713 8713
7714 7714 7714
3430 2715 715
12432 6716 5716
23868 9717 2717
11436 8718 2718
18157 9719 719
20160 9720 4720
4721 4721 4721
10444 5722 4722
6723 6723 6723
12448 6724 5724
13450 8725 4725
11452 7726 3726
11454 7727 3727
1728 1728 1728
10458 6729 3729
6730 6730 6730
3462 2731 731
6464 3732 2732
5733 5733 5733
6734 6734 6734
3735 3735 3735
1736 1736 1736
1474 737 737
14476 7738 6738
17478 9739 7739
4740 4740 4740
9741 9741 9741
14226 8742 742
12229 7743 743
4488 2744 1744
4490 2745 1745
2746 2746 2746
11494 5747 5747
13244 7748 2748
3749 3749 3749
25250 9750 7750
7502 5751 1751
5752 5752 5752
2753 2753 2753
11508 8754 2754
7755 7755 7755
2756 2756 2756
12514 8757 3757
5274 1758 1758
21277 8759 4759
7760 7760 7760
4761 4761 4761
19286 9762 1762
10526 5763 4763
5528 2764 2764
11295 6765 1765
7532 4766 2766
7534 5767 1767
1536 768 768
6538 3769 2769
7770 7770 7770
8771 8771 8771
2544 1772 772
21319 8773 4773
11322 6774 1774
20100 5775 4775
11552 7776 3776
3777 3777 3777
14556 8778 5778
11558 6779 4779
8560 6780 1780
8562 7781 781
8564 4782 3782
7566 4783 2783
12352 6784 784
6570 4785 1785
2786 2786 2786
3574 2787 787
8576 4788 3788
1789 1789 1789
9580 5790 3790
5791 5791 5791
9584 8792 792
10586 5793 4793
18588 9794 8794
16180 7795 795
12388 8796 796
4594 2797 1797
21192 7798 798
16397 6799 3799
8600 7800 800
10602 9801 801
13604 7802 5802
4606 2803 1803
14608 9804 4804
11415 6805 1805
2806 2806 2806
17421 9807 807
7808 7808 7808
4809 4809 4809
810 810 810
1811 1811 1811
11624 7812 3812
5813 5813 5813
1814 1814 1814
3815 3815 3815
21448 7816 6816
817 817 817
12636 9818 2818
19457 9819 1819
11640 7820 3820
1821 1821 1821
12644 6822 5822
10646 8823 1823
18472 8824 3824
10650 8825 1825
4826 4826 4826
16481 7827 827
11656 8828 2828
6829 6829 6829
23320 9830 2830
14662 8831 5831
22328 7832 4832
5833 5833 5833
10668 8834 1834
3670 2835 835
9672 4836 4836
9674 6837 2837
9838 9838 9838
9678 5839 3839
4680 2840 1840
14523 8841 1841
14368 8842 842
4843 4843 4843
12532 6844 1844
13535 6845 2845
7692 4846 2846
9694 7847 1847
1848 1848 1848
6849 6849 6849
3700 2850 850
8553 5851 851
7852 7852 7852
9706 7853 1853
2708 1854 854
10710 5855 4855
12712 8856 3856
9714 7857 1857
5716 2858 2858
8718 7859 859
860 860 860
16722 8861 7861
10724 5862 4862
10726 8863 1863
18592 7864 4864
4865 4865 4865
18598 8866 3866
9734 5867 3867
8736 5868 2868
15738 8869 6869
870 870 870
7742 3871 3871
7744 3872 3872
873 873 873
18496 8874 2874
12625 5875 2875
13628 8876 1876
8877 8877 8877
11756 8878 2878
19637 9879 2879
14520 7880 880
6762 3881 2881
10764 7882 2882
6649 2883 1883
7768 6884 884
11770 9885 1885
13772 6886 6886
7661 4887 887
26664 9888 7888
12778 7889 4889
8890 8890 8890
8782 6891 1891
8784 4892 3892
12786 6893 5893
3894 3894 3894
13790 8895 4895
15792 7896 7896
21691 9897 4897
9898 9898 9898
6798 5899 899
17800 8900 8900
6901 6901 6901
3902 3902 3902
17709 8903 903
20712 9904 4904
26620 8905 1905
21718 8906 4906
4814 3907 907
6908 6908 6908
15727 6909 2909
910 910 910
9911 9911 9911
7912 7912 7912
7826 3913 3913
7828 6914 914
9830 6915 2915
8832 4916 3916
10834 6917 3917
15836 8918 6918
919 919 919
2920 2920 2920
10842 7921 2921
29688 8922 3922
10846 6923 3923
8924 8924 8924
7925 7925 7925
11852 6926 4926
13854 6927 6927
6856 5928 928
15858 8929 6929
2930 2930 2930
7862 3931 3931
18796 8932 1932
8866 6933 1933
8934 8934 8934
13805 7935 1935
10872 7936 2936
8937 8937 8937
13752 9938 938
7878 4939 2939
13880 7940 5940
8941 8941 8941
11884 8942 2942
10886 5943 4943
30720 9944 2944
2945 2945 2945
11892 6946 4946
4947 4947 4947
15844 8948 948
10847 6949 949
14850 8950 950
9902 4951 4951
10856 6952 952
7906 6953 953
4908 3954 954
6910 4955 1955
6956 6956 6956
4957 4957 4957
5916 2958 2958
14877 7959 1959
13920 7960 5960
6961 6961 6961
5886 2962 962
2963 2963 2963
8928 7964 964
10930 5965 4965
7932 5966 1966
10934 5967 4967
10936 9968 968
9969 9969 9969
10940 7970 2970
14913 7971 971
9944 6972 2972
11946 7973 3973
6974 6974 6974
3950 1975 1975
15904 6976 976
11931 7977 977
8956 7978 978
8979 8979 8979
32920 9980 3980
11962 9981 1981
5982 5982 5982
8949 4983 1983
6984 6984 6984
22940 9985 1985
1986 1986 1986
11961 5987 1987
988 988 988
20956 6989 1989
990 990 990
12973 6991 1991
13984 7992 5992
5986 3993 1993
5994 5994 5994
4990 2995 1995
8996 8996 8996
9994 5997 3997
8996 4998 3998
9998 5999 3999
