49000 9000 0
42010 8001 1
27020 5002 1002
47030 9003 3
38040 9004 4
34050 8005 5
30060 6006 6
46070 9007 7
47080 8008 1008
37090 8009 1009
41100 8010 10
42110 8011 11
35120 8012 12
56130 9013 13
38140 9014 1014
52150 9015 15
32160 6016 16
30170 7017 17
52180 9018 1018
42190 8019 19
33200 9020 20
37210 9021 21
55220 9022 1022
27230 7023 23
45240 8024 24
42250 7025 25
34260 6026 26
42270 8027 2027
33280 8028 28
45290 9029 1029
39300 8030 30
50310 8031 1031
45320 8032 1032
42330 8033 33
20340 5034 34
56350 9035 35
38360 8036 1036
56370 9037 1037
40380 9038 38
58390 8039 1039
51400 9040 1040
63410 9041 4041
45420 8042 42
46430 8043 43
51440 9044 44
52450 7045 3045
32460 7046 46
46470 7047 47
30480 9048 48
35490 8049 49
31500 7050 50
46510 9051 1051
46520 9052 52
46530 9053 53
38540 7054 54
37550 8055 55
49560 9056 1056
49570 9057 57
38580 9058 58
34590 8059 59
32600 8060 60
42610 8061 1061
43620 8062 62
48630 9063 2063
44640 8064 64
38650 8065 65
54660 8066 66
49670 9067 67
54680 9068 68
52690 9069 69
45700 8070 1070
41710 9071 1071
37720 7072 1072
53730 9073 73
28740 7074 74
37750 7075 75
44760 9076 76
46770 9077 77
40780 9078 78
27790 7079 79
39800 8080 1080
42810 8081 81
25820 8082 82
43830 9083 83
32840 6084 84
41850 8085 85
46860 9086 86
52870 8087 1087
43880 9088 88
50890 9089 89
40900 7090 2090
33910 9091 91
27920 8092 92
35930 7093 93
36940 6094 2094
38950 8095 95
50960 9096 1096
52970 8097 2097
22980 7098 98
40990 8099 99
52000 8100 1100
47010 9101 101
36020 7102 102
45030 8103 103
31040 8104 104
51050 8105 105
56060 9106 106
40070 9107 107
31080 6108 1108
39090 8109 109
35100 6110 1110
48110 9111 1111
38120 7112 112
61130 9113 1113
31140 9114 114
50150 8115 1115
54160 9116 1116
27170 7117 117
45180 9118 118
25190 7119 119
48200 7120 1120
44210 9121 121
33220 8122 122
44230 8123 1123
41240 8124 124
47250 8125 1125
39260 6126 126
38270 9127 127
24280 7128 128
32290 8129 129
48300 9130 130
39310 7131 131
38320 8132 132
32330 7133 133
42340 8134 134
28350 4135 135
39360 8136 136
37370 9137 137
39380 8138 138
31390 7139 139
42400 9140 140
51410 8141 1141
47420 9142 142
61430 9143 143
48440 9144 1144
50450 8145 145
48460 8146 146
53470 7147 147
52480 8148 148
46490 7149 1149
39500 7150 150
51510 8151 151
42520 8152 152
44530 9153 1153
32540 9154 1154
45550 8155 1155
56560 9156 1156
31570 7157 157
50580 9158 1158
43590 9159 159
43600 8160 1160
46610 8161 161
58620 9162 3162
42630 8163 163
36640 6164 164
56650 9165 2165
46660 8166 166
44670 8167 1167
47680 8168 168
56690 8169 1169
59700 9170 1170
34710 8171 171
41720 9172 2172
47730 8173 173
41740 8174 174
37750 8175 175
37760 7176 176
52770 8177 177
54780 9178 1178
41790 8179 179
45800 8180 1180
31810 8181 181
56820 9182 1182
46830 8183 183
53840 9184 1184
23850 6185 185
39860 8186 186
46870 8187 1187
46880 8188 188
57890 8189 2189
29900 7190 190
38910 8191 191
32920 8192 192
34930 7193 193
48940 7194 194
53950 9195 1195
35960 8196 196
41970 9197 1197
58980 9198 3198
46990 9199 199
34000 8200 200
45010 9201 201
44020 8202 202
46030 8203 1203
43040 9204 1204
51050 9205 205
47060 9206 2206
62070 9207 207
46080 8208 208
45090 9209 209
52100 9210 210
43110 8211 1211
51120 9212 1212
42130 8213 1213
58140 9214 214
53150 9215 215
51160 9216 216
39170 7217 1217
39180 8218 218
35190 9219 1219
51200 8220 2220
62210 9221 2221
42220 7222 1222
49230 9223 1223
42240 9224 224
41250 8225 1225
58260 9226 226
53270 8227 227
45280 9228 1228
38290 8229 1229
46300 8230 230
48310 9231 231
49320 9232 232
41330 8233 233
30340 7234 234
41350 9235 235
48360 7236 2236
52370 9237 237
39380 9238 238
47390 8239 1239
50400 9240 240
45410 9241 1241
61420 9242 242
41430 8243 1243
47440 8244 1244
49450 9245 245
45460 8246 1246
27470 8247 247
52480 8248 1248
41490 7249 249
21500 5250 250
40510 8251 251
37520 8252 1252
35530 6253 253
54540 8254 254
45550 7255 1255
29560 9256 256
47570 9257 1257
30580 7258 258
41590 9259 259
42600 8260 260
52610 9261 1261
38620 8262 1262
42630 9263 263
37640 9264 264
46650 9265 265
44660 7266 1266
40670 7267 267
46680 9268 1268
47690 8269 269
40700 7270 270
57710 8271 1271
40720 8272 272
49730 9273 1273
32740 9274 274
44750 7275 275
44760 8276 276
43770 8277 277
41780 9278 278
39790 8279 1279
48800 7280 2280
51810 9281 1281
44820 8282 282
54830 9283 1283
40840 8284 284
31850 8285 285
42860 8286 286
38870 7287 287
48880 8288 288
41890 8289 289
59900 8290 3290
49910 9291 1291
39920 7292 292
33930 8293 293
55940 9294 1294
49950 9295 295
48960 8296 1296
39970 9297 1297
37980 8298 298
44990 8299 1299
35000 8300 300
44010 9301 301
48020 7302 302
33030 7303 303
30040 8304 304
52050 9305 305
53060 8306 1306
44070 9307 1307
32080 8308 308
33090 9309 309
28100 8310 310
52110 8311 311
42120 9312 312
47130 9313 313
49140 7314 314
48150 9315 315
49160 9316 1316
41170 8317 317
47180 9318 318
59190 9319 2319
55200 9320 320
47210 9321 321
41220 8322 1322
36230 8323 323
43240 9324 324
55250 9325 325
52260 8326 2326
38270 8327 327
46280 9328 328
31290 6329 1329
55300 9330 1330
27310 6331 331
35320 7332 332
48330 9333 333
33340 8334 334
48350 9335 335
43360 8336 336
46370 8337 337
50380 8338 1338
37390 7339 339
53400 9340 1340
40410 9341 341
63420 8342 2342
47430 8343 343
60440 9344 1344
56450 8345 2345
58460 9346 1346
55470 9347 1347
36480 8348 348
46490 8349 349
46500 8350 350
43510 8351 351
48520 9352 1352
51530 8353 2353
58540 9354 354
53550 9355 1355
45560 8356 356
58570 8357 357
28580 8358 358
45590 9359 1359
37600 8360 360
46610 8361 361
39620 8362 362
42630 7363 1363
50640 8364 364
49650 7365 1365
47660 9366 1366
55670 8367 2367
47680 9368 368
58690 9369 1369
34700 8370 370
45710 8371 371
53720 8372 2372
50730 8373 1373
31740 7374 374
37750 8375 375
45760 8376 376
52770 9377 2377
48780 8378 1378
56790 9379 379
47800 7380 2380
32810 8381 381
50820 9382 1382
22830 6383 383
49840 7384 384
52850 9385 385
42860 9386 386
49870 9387 1387
54880 8388 388
58890 9389 389
51900 9390 390
24910 4391 391
55920 8392 1392
44930 9393 1393
57940 9394 394
38950 8395 395
43960 8396 396
43970 7397 397
42980 8398 398
49990 8399 399
33000 7400 400
50010 9401 401
55020 9402 402
47030 9403 403
47040 8404 404
31050 6405 405
51060 8406 1406
53070 8407 407
58080 9408 408
48090 6409 2409
49100 7410 2410
52110 8411 2411
36120 9412 412
43130 8413 413
52140 9414 414
57150 8415 2415
42160 8416 416
37170 8417 417
66180 9418 418
45190 9419 419
46200 9420 420
42210 9421 421
43220 8422 422
61230 8423 1423
38240 9424 424
69250 9425 2425
49260 9426 426
48270 9427 427
39280 7428 428
38290 8429 429
32300 8430 430
42310 8431 431
47320 9432 432
41330 7433 1433
44340 7434 434
39350 7435 435
36360 7436 436
50370 9437 437
52380 9438 1438
49390 6439 1439
49400 7440 440
44410 7441 1441
48420 8442 442
35430 9443 443
62440 9444 1444
48450 8445 1445
47460 9446 446
26470 7447 447
64480 9448 1448
25490 6449 449
50500 9450 450
61510 8451 1451
41520 8452 452
66530 9453 2453
44540 7454 454
54550 8455 1455
47560 8456 456
41570 9457 457
55580 9458 458
42590 8459 459
46600 8460 460
59610 9461 2461
53620 9462 462
54630 8463 1463
36640 8464 464
43650 8465 465
47660 8466 1466
39670 7467 467
35680 7468 468
42690 7469 469
59700 9470 470
46710 9471 471
61720 9472 472
50730 8473 1473
50740 8474 474
59750 9475 1475
47760 9476 476
40770 7477 1477
49780 8478 1478
35790 9479 479
40800 8480 480
40810 9481 481
19820 6482 482
49830 9483 483
55840 9484 1484
50850 9485 1485
40860 8486 486
35870 8487 487
53880 9488 488
41890 8489 489
52900 7490 490
49910 9491 491
57920 9492 492
60930 9493 1493
52940 9494 494
37950 8495 495
45960 9496 496
55970 9497 1497
43980 7498 498
40990 7499 499
55000 9500 1500
45010 8501 1501
47020 8502 1502
34030 7503 503
38040 8504 504
53050 9505 1505
58060 8506 506
35070 8507 507
54080 9508 1508
41090 8509 509
48100 8510 1510
45110 7511 511
53120 9512 512
49130 8513 513
33140 8514 514
41150 7515 515
46160 8516 516
46170 9517 1517
36180 7518 518
43190 8519 519
59200 9520 520
42210 8521 1521
38220 7522 522
55230 9523 1523
49240 9524 524
60250 9525 2525
48260 8526 526
56270 8527 2527
46280 9528 1528
37290 8529 529
46300 8530 530
69310 8531 4531
64320 8532 1532
54330 8533 533
43340 7534 534
56350 8535 535
32360 6536 536
44370 8537 537
47380 8538 538
39390 9539 1539
34400 8540 540
54410 9541 541
49420 9542 542
37430 7543 543
52440 9544 544
57450 9545 1545
40460 8546 546
47470 8547 547
53480 8548 548
54490 8549 1549
59500 9550 1550
47510 8551 551
56520 9552 552
29530 6553 553
24540 5554 554
61550 9555 2555
46560 8556 556
31570 7557 557
70580 8558 4558
47590 8559 559
36600 9560 1560
62610 9561 2561
43620 6562 562
60630 8563 563
52640 8564 564
40650 9565 565
51660 8566 566
51670 7567 2567
35680 7568 568
53690 8569 3569
67700 9570 2570
42710 9571 571
44720 7572 572
49730 9573 1573
49740 8574 574
46750 8575 575
38760 8576 576
42770 7577 577
37780 9578 578
53790 9579 1579
56800 9580 580
49810 9581 581
38820 8582 582
56830 8583 583
53840 8584 584
45850 6585 1585
40860 6586 586
40870 8587 587
58880 8588 1588
40890 8589 589
39900 9590 590
56910 8591 591
49920 9592 2592
49930 8593 593
53940 9594 594
53950 7595 1595
64960 9596 3596
47970 9597 597
43980 8598 598
30990 8599 599
45000 9600 600
39010 8601 601
48020 8602 602
34030 8603 603
42040 7604 604
59050 9605 605
41060 8606 606
41070 8607 1607
47080 8608 1608
36090 8609 609
41100 7610 1610
32110 9611 611
40120 9612 1612
52130 8613 613
49140 7614 1614
55150 9615 615
45160 7616 616
44170 8617 1617
37180 7618 618
37190 8619 619
50200 8620 620
61210 8621 1621
56220 9622 622
42230 8623 623
33240 6624 624
59250 8625 1625
55260 8626 2626
62270 9627 627
66280 9628 628
52290 7629 1629
46300 8630 630
45310 8631 631
49320 7632 1632
62330 9633 2633
50340 8634 2634
63350 9635 635
69360 9636 2636
37370 7637 1637
50380 9638 1638
53390 8639 639
36400 8640 640
36410 7641 641
47420 8642 642
52430 7643 2643
44440 8644 644
40450 7645 645
32460 7646 646
56470 9647 647
32480 6648 648
60490 8649 649
51500 8650 1650
51510 8651 651
47520 8652 652
41530 8653 653
32540 9654 654
43550 8655 655
41560 6656 656
43570 8657 657
48580 8658 658
54590 8659 659
53600 8660 660
46610 8661 661
45620 7662 662
47630 9663 663
33640 7664 664
61650 8665 3665
47660 9666 1666
44670 9667 667
51680 7668 668
28690 5669 669
45700 7670 1670
55710 9671 1671
55720 8672 2672
58730 9673 2673
53740 8674 2674
41750 8675 675
56760 7676 1676
62770 9677 2677
56780 8678 2678
49790 8679 679
48800 9680 680
47810 7681 681
54820 8682 2682
47830 9683 683
33840 7684 684
50850 9685 685
49860 8686 686
38870 7687 687
40880 8688 688
68890 9689 689
55900 9690 1690
44910 8691 691
47920 8692 692
55930 9693 1693
38940 8694 694
51950 9695 695
53960 9696 696
39970 9697 697
44980 9698 698
43990 8699 699
35000 6700 700
49010 9701 701
39020 8702 1702
46030 8703 1703
50040 7704 704
48050 8705 1705
56060 9706 706
46070 7707 707
49080 8708 1708
37090 8709 709
61100 9710 1710
36110 7711 711
40120 8712 712
43130 8713 713
44140 8714 1714
52150 8715 2715
48160 8716 716
60170 8717 2717
44180 8718 718
44190 8719 719
48200 7720 1720
58210 8721 721
32220 8722 722
57230 8723 2723
59240 9724 1724
47250 9725 725
60260 8726 1726
49270 7727 1727
55280 8728 728
43290 7729 729
39300 9730 730
53310 7731 1731
50320 9732 1732
62330 7733 3733
49340 9734 734
50350 9735 735
63360 9736 1736
47370 8737 737
54380 9738 738
44390 8739 739
35400 8740 740
62410 8741 2741
56420 8742 742
56430 9743 743
60440 8744 744
25450 7745 745
52460 8746 1746
51470 7747 1747
67480 8748 4748
57490 9749 749
48500 8750 1750
46510 6751 751
28520 8752 752
33530 5753 753
44540 7754 754
55550 8755 755
52560 7756 756
40570 7757 757
65580 8758 1758
55590 8759 759
57600 9760 1760
67610 9761 2761
49620 9762 762
49630 9763 763
34640 7764 764
37650 9765 765
43660 9766 766
37670 6767 1767
47680 8768 1768
52690 7769 769
48700 8770 770
72710 9771 3771
49720 8772 1772
51730 9773 773
58740 9774 774
45750 8775 775
52760 8776 1776
38770 7777 777
38780 8778 778
48790 8779 779
62800 8780 1780
54810 8781 1781
43820 7782 782
54830 8783 783
58840 9784 784
49850 8785 785
46860 9786 786
41870 7787 787
55880 8788 788
65890 9789 1789
37900 7790 790
50910 8791 791
41920 8792 792
48930 7793 1793
54940 9794 794
36950 6795 795
59960 9796 796
38970 6797 797
58980 9798 798
50990 7799 1799
32000 9800 800
45010 8801 801
43020 9802 802
29030 7803 803
54040 7804 804
57050 8805 805
45060 8806 806
41070 6807 807
54080 8808 1808
55090 8809 2809
45100 8810 1810
53110 9811 811
48120 8812 1812
45130 7813 813
48140 8814 814
47150 8815 815
44160 7816 816
54170 9817 817
43180 9818 818
50190 8819 1819
36200 6820 820
38210 7821 821
59220 9822 1822
48230 8823 823
63240 8824 2824
36250 6825 825
47260 9826 1826
42270 7827 827
54280 7828 828
54290 9829 829
46300 7830 830
47310 8831 831
49320 7832 832
55330 9833 2833
36340 9834 834
63350 9835 835
50360 9836 836
57370 9837 837
52380 8838 1838
60390 9839 1839
53400 7840 840
42410 8841 841
46420 9842 842
75430 9843 5843
43440 9844 844
52450 8845 845
52460 9846 846
51470 8847 847
52480 9848 848
55490 8849 2849
63500 9850 2850
52510 8851 851
53520 8852 1852
45530 9853 1853
41540 8854 854
45550 9855 855
51560 8856 856
47570 9857 857
68580 9858 1858
45590 7859 859
46600 8860 860
41610 9861 1861
63620 9862 862
61630 9863 1863
48640 8864 1864
39650 7865 865
57660 9866 866
60670 9867 867
55680 9868 868
56690 8869 1869
56700 9870 1870
44710 7871 871
58720 9872 1872
60730 9873 1873
54740 7874 2874
36750 7875 875
61760 9876 876
52770 9877 1877
43780 8878 878
39790 7879 879
49800 8880 880
42810 8881 881
55820 9882 882
37830 7883 883
61840 9884 1884
55850 9885 885
53860 8886 886
45870 9887 887
39880 8888 888
57890 9889 889
50900 8890 890
63910 9891 891
38920 7892 892
47930 9893 893
68940 9894 1894
50950 7895 1895
32960 5896 896
58970 9897 897
41980 8898 898
52990 8899 899
37000 9900 900
37010 6901 901
57020 8902 2902
70030 9903 3903
43040 9904 904
55050 8905 905
53060 8906 2906
42070 7907 907
59080 8908 1908
51090 8909 909
40100 8910 910
58110 9911 911
50120 8912 912
58130 9913 1913
64140 9914 1914
45150 8915 915
46160 8916 916
51170 8917 1917
53180 9918 918
49190 7919 919
61200 9920 1920
58210 9921 1921
66220 9922 922
32230 7923 923
55240 9924 924
53250 9925 925
48260 9926 926
49270 9927 927
49280 8928 928
50290 8929 929
46300 8930 930
55310 8931 2931
60320 9932 932
60330 9933 1933
50340 9934 934
61350 9935 2935
46360 7936 936
55370 9937 1937
38380 7938 938
35390 6939 939
57400 9940 1940
43410 7941 941
60420 8942 942
51430 8943 943
59440 9944 944
56450 9945 1945
45460 8946 946
56470 9947 947
54480 9948 948
57490 9949 949
50500 7950 1950
67510 9951 2951
53520 8952 952
41530 9953 953
50540 8954 954
53550 9955 955
47560 8956 956
36570 5957 957
60580 9958 958
50590 9959 959
72600 9960 1960
38610 7961 961
39620 9962 962
72630 9963 3963
51640 8964 1964
49650 8965 965
67660 9966 966
60670 9967 1967
74680 9968 5968
52690 9969 969
51700 8970 970
60710 9971 2971
49720 8972 972
44730 8973 973
56740 7974 974
43750 9975 975
67760 9976 2976
37770 6977 977
46780 6978 978
66790 8979 3979
54800 8980 980
49810 8981 981
50820 8982 982
40830 8983 983
49840 9984 984
51850 9985 985
49860 7986 1986
56870 9987 987
45880 8988 988
57890 8989 2989
54900 8990 990
47910 9991 991
41920 6992 992
64930 9993 993
55940 9994 994
52950 8995 995
53960 8996 996
50970 9997 997
50980 7998 998
68990 9999 999
