52841 8973 997
37893 8974 998
53856 9972 2
118700 9973 3
41906 8977 1001
80832 9975 5
65874 8979 6
46929 7983 7
67884 8981 2002
39952 8982 1006
51984 8983 10
59974 8984 11
75940 9982 12
100905 9983 13
46002 9984 14
42039 7991 15
42983 9986 2010
56019 9987 17
34024 7994 2012
29103 6998 19
68016 9990 2014
45096 9991 21
39059 7998 22
68095 9993 2017
36060 7003 24
62139 9995 25
44128 8999 26
100132 9997 27
46170 9001 28
34101 9002 2023
48246 9003 30
52154 8007 31
67247 9005 32
31138 7012 2027
89141 9007 5019
47244 9008 35
29201 7015 36
87405 9010 1034
66258 9011 38
71411 8015 39
43271 9013 40
33229 9014 41
38306 9015 42
49326 8019 43
36288 9017 44
53336 9018 45
52396 9019 46
46238 9020 2041
41357 8024 48
14203 5034 49
56382 9023 1047
61327 9024 1048
34366 9025 52
38522 7032 53
63513 9027 54
47299 9028 1052
35399 7035 1053
20282 5042 57
72480 9031 58
16306 7038 59
62774 9033 60
26410 7040 1058
47541 8038 62
70609 9036 2057
45377 9037 64
42524 9038 1062
39411 9039 1063
48593 9040 67
41557 9041 68
26405 9042 69
91847 9043 70
26348 8047 71
38750 9045 72
17241 9046 1070
39475 9047 74
74678 9048 1072
47695 8052 76
16337 6059 77
22402 9051 78
26475 8055 79
51807 9053 80
74077 9054 81
81987 9055 82
63973 8059 1080
55759 8060 1081
35830 9058 85
41565 8062 1083
67930 9060 87
34778 8064 88
34788 7068 89
31807 8066 90
49945 9064 91
53132 6074 1089
64206 9066 93
46087 8070 94
34753 9068 95
74029 9069 1093
25701 7076 1094
58904 9071 1095
46852 9072 99
47759 8076 3091
63720 9074 1098
36708 8078 1099
33828 9076 103
73240 9077 104
54993 9078 105
74371 9079 106
52131 9080 107
43951 7087 108
22697 9082 109
56045 9083 1107
61927 9084 2105
36788 9085 112
33692 9086 1110
60305 9087 1111
41030 9088 115
54233 9089 1113
66209 9090 3108
18890 6100 118
52394 9092 119
34618 8096 1117
42571 6103 121
50317 8098 122
46218 9096 123
53208 9097 124
57457 9098 125
47248 9099 126
40896 8103 1124
5625 3119 128
41909 9102 1126
68489 9103 130
39196 8107 131
39470 8108 132
46062 9106 133
51726 8110 134
34116 7114 1132
45953 9109 4124
31143 8113 137
26750 7117 2132
63482 9112 139
50533 9113 140
26768 9114 141
46001 9115 142
15670 9116 1140
60130 9117 144
49161 9118 145
26798 9119 146
66422 9120 2141
46493 9121 148
41519 9122 149
67902 9123 150
37251 9124 151
40944 9125 152
35966 8129 2147
41112 9127 154
34141 8131 155
57019 7135 1153
20725 6139 2151
47442 8134 158
70181 9132 159
47462 8136 160
24733 8137 161
55620 9135 2156
41347 9136 163
32055 7143 2158
65293 9138 5150
55664 9139 1163
36398 8143 167
29753 8144 1165
45068 8145 169
33264 8146 170
25609 9144 3162
57724 9145 1169
57735 9146 173
66893 9147 1171
45443 8151 175
36479 7155 1173
47455 8153 177
8688 5163 178
32518 8155 179
48659 9153 180
47310 8157 2175
38891 8158 182
51497 9156 183
71185 9157 184
59861 9158 185
66412 9159 186
46922 9160 1184
39390 9161 1185
43386 9162 1186
63287 9163 190
55515 9164 191
62124 9165 192
60335 8169 1190
74112 9167 2188
60361 9168 195
27882 6178 196
60190 9170 197
42461 9171 198
45259 9172 199
55838 9173 200
47076 8177 201
48286 8178 202
45289 9176 1200
40515 9177 1201
54304 9178 205
14576 8182 206
35347 9180 207
57123 9181 1205
46955 8185 209
68742 9183 210
51596 9184 1208
36230 8188 212
67787 9186 213
53629 9187 214
37612 9188 215
41392 7195 2210
52237 9190 1214
30096 7197 218
106293 9192 219
41860 9193 2214
18830 6203 2215
39775 9195 222
55294 8199 223
26493 9197 224
40233 9198 225
53333 9199 226
40245 9200 1224
70447 9201 228
72538 9202 1226
44941 9203 1227
73486 9204 1228
19338 7211 232
56867 9206 233
66850 9207 234
39004 8211 235
40535 9209 236
55685 9210 237
37230 9211 238
30825 8215 239
27362 8216 2234
23380 9214 241
39309 9215 242
18918 6225 3234
47305 8220 244
56288 9218 2239
32137 9219 246
27898 7226 247
85221 9221 248
39878 9222 249
22437 9223 250
28181 7230 251
30677 9225 252
61353 9226 253
61617 9227 1251
42662 9228 1252
29708 8232 256
45924 9230 2251
30719 8234 1255
31723 9232 1256
58692 9233 260
20034 7240 261
38250 9235 1259
38993 9236 2257
40262 9237 264
45723 9238 265
33567 5251 1263
33310 7246 1264
73542 9241 268
61513 9242 3260
50556 9243 270
55551 8247 1268
31361 9245 272
35809 9246 273
36090 9247 274
70374 9248 1272
25139 9249 276
30575 9250 1274
27542 5263 278
50207 8255 279
27602 8256 2274
53222 7260 2275
42700 9255 1279
55240 9256 283
66787 9257 1281
66231 9258 1282
72086 8262 286
30635 9260 1284
49451 9261 288
14117 8265 1286
57735 9263 1287
45781 8267 291
21400 6274 1289
21405 8269 1290
44226 8270 294
23002 6277 295
78327 9269 296
58102 9270 1294
55523 9271 298
71683 9272 299
53053 9273 300
60140 9274 2295
48096 7281 302
57865 9276 303
58179 9277 304
30743 7284 2299
72771 9279 306
72477 9280 2301
58839 9281 308
22482 8285 2303
39679 9283 310
46356 8287 2305
59576 7291 2306
39080 9286 313
35782 9287 4302
103061 9288 1312
48390 9289 3307
42733 8293 317
47727 8294 1315
75253 9292 2313
18869 7299 320
42769 9294 321
38790 7301 1319
32494 9296 323
61365 9297 324
36476 7304 325
71037 9299 1323
73044 9300 327
37191 9301 2322
39501 8305 329
60129 8306 1327
70771 9304 1328
79756 9305 332
69800 9306 333
75134 9307 334
34919 7314 335
31590 8312 2330
37605 8313 337
46251 8314 338
16331 7318 339
36641 9313 340
31641 7320 341
50621 9315 342
37982 9316 343
86261 9317 1341
73968 9318 345
29992 9319 346
47338 7326 347
32346 9321 348
82702 8325 349
10373 6332 350
99741 8327 351
59997 8328 3343
73029 9326 2347
10743 4342 354
34457 7334 355
47143 9329 356
56768 9330 357
46093 7337 1355
29073 8335 359
39132 9333 1357
39777 8337 361
48485 9335 362
26106 9336 363
51227 8340 364
44527 9338 365
33469 9339 366
40822 8343 1364
43192 9341 368
27249 8345 369
75340 8346 370
45584 9344 1368
47216 9345 2366
25169 8349 1370
34398 7353 374
54222 9348 375
27802 8352 376
59359 8353 377
37919 8354 378
45524 9352 2373
50042 8356 1377
29351 7360 381
54434 9355 382
66331 8359 383
22244 7363 1381
46336 9358 1382
67218 8362 386
55714 9360 387
57718 9361 3379
40001 7368 3380
27265 9363 1387
74267 9364 1388
73889 9365 3383
22509 6375 4381
54578 9367 394
46219 9368 1392
24706 5381 1393
49629 9370 1394
19337 6380 398
62813 9372 399
47868 9373 1397
42893 9374 401
45090 7381 3393
40707 9376 3394
46103 9377 2398
50504 9378 1402
42943 9379 406
39555 9380 407
47948 8384 1405
25385 6391 2403
29966 9383 3401
45573 9384 411
43003 8388 1409
38612 8389 413
24004 9387 414
67209 9388 415
36229 7395 416
44630 9390 417
56281 9391 418
64848 9392 419
46494 8396 420
65714 8397 421
52498 8398 422
43113 7402 423
33451 9397 424
67192 9398 425
66210 9399 426
57538 9400 1424
57977 9401 1425
40750 8405 429
28072 7409 2424
36214 7410 431
62013 9405 1429
51320 9406 433
35505 9407 434
60925 7414 435
33834 8412 436
38268 8413 437
65076 9411 1435
73384 9412 439
34427 9413 440
39861 7420 2435
42974 9415 442
83414 9416 1440
61604 8420 1441
71587 9418 445
41008 9419 446
41015 9420 2441
27064 9421 1445
57232 8425 1446
45827 9423 450
19750 7430 451
33340 6434 452
57280 8429 453
72701 9427 454
67274 8431 455
66374 9429 1453
37097 9430 1454
55885 8434 1455
45008 9432 1456
26765 9433 1457
50933 9434 1458
65291 9435 462
62848 8439 1460
28706 9437 464
59883 7444 1462
26193 9439 466
61436 8443 467
35648 8444 468
32196 8445 469
26691 9443 470
48107 9444 471
71938 9445 472
55104 9446 473
64511 9447 1471
42636 7454 475
27305 6458 4464
49115 9450 477
60653 9451 5463
67523 9452 479
60078 8456 480
31248 8457 1478
49685 9455 482
48667 8459 1480
52212 9457 1481
82050 9458 485
36303 7465 1483
52193 9460 487
62197 9461 488
24849 7468 489
52756 9463 1487
45787 9464 1488
73674 9465 492
77689 9466 493
42323 7473 494
88691 9468 2489
51814 8472 1493
71263 9470 497
54332 9471 498
55339 9472 1496
48368 9473 2494
67330 9474 1498
30426 9475 3493
47407 9476 503
60872 8480 2498
61413 7484 505
63913 7485 506
64383 9480 4495
49926 9481 508
81922 9482 509
35497 8486 510
27505 7490 511
31985 8488 512
40025 7492 513
57015 9487 514
70021 9488 515
47480 9489 4504
35006 9490 517
93551 9491 518
57990 9492 3510
104595 9493 1517
29048 9494 1518
55639 9495 522
40076 9496 523
60126 8500 1521
45183 7504 525
44088 9499 526
16066 8503 1524
44163 7507 1525
78254 9502 529
53093 9503 1527
54629 8507 2525
53176 9505 532
39692 7512 533
14634 6516 534
33655 8511 535
42635 9509 1533
47704 8513 2531
66355 9511 538
34141 9512 539
67214 8516 3531
25180 6523 2535
53731 9515 1539
27729 7522 543
94990 8520 544
70255 9518 4533
66467 9519 546
30845 8523 547
54881 8524 548
32207 8525 1546
32866 6532 550
37860 8527 551
52931 9525 552
34778 9526 1550
27695 7533 2548
28368 6537 1552
56407 9529 556
43339 9530 1554
35371 8534 558
74429 9532 559
56133 9533 560
45054 8537 561
39953 9535 562
56477 8539 563
31864 8540 564
73579 9538 565
31016 7545 566
44846 9540 3558
38581 8544 568
81885 8545 569
57687 9543 570
27780 9544 1568
62124 9545 572
39479 9546 573
34079 7553 574
53184 8551 575
27960 6558 2570
55777 9550 577
18264 7557 578
31808 8555 4567
54653 8556 2574
45109 9554 581
39136 9555 582
56263 9556 1580
61672 9557 584
53294 9558 585
36181 8562 586
49738 8563 587
50157 9561 588
43595 9562 589
71661 9563 590
38441 9564 2585
44024 9565 592
61762 9566 593
74924 9567 594
79117 9568 1592
84116 9569 596
70172 9570 597
52241 9571 1595
28121 5584 2593
2197 1597 600
68835 8577 601
57074 9575 1599
45122 8579 603
85436 9577 604
71068 9578 2599
67698 9579 1603
76077 9580 607
60915 9581 608
40985 9582 609
39775 9583 610
55735 9584 611
54973 9585 612
58971 9586 613
45637 9587 614
42424 9588 615
96595 9589 616
19797 9590 1614
46200 9591 4606
73093 9592 619
32256 8596 620
35875 9594 621
31648 9595 622
57575 9596 623
42505 7603 1621
57350 7604 2619
17830 9599 1623
58371 9600 627
63737 8604 628
52781 8605 629
32693 9603 630
41571 8607 631
38322 8608 1629
41953 9606 633
67699 8610 634
61185 9608 1632
48956 9609 636
29107 9610 2631
38364 9611 1635
57876 9612 639
56533 9613 640
52272 8617 2635
24502 9615 2636
40747 9616 1640
56228 9617 644
81166 9618 2639
63584 9619 646
64296 9620 1644
53339 9621 648
33804 7628 4637
73255 9623 650
51721 9624 1648
71632 9625 652
38469 9626 653
41124 8630 654
67338 9628 655
32167 9629 656
75680 8633 1654
45802 7637 2652
53449 9632 1656
61098 9633 660
75392 9634 1658
29894 8638 662
57806 9636 663
47517 8640 664
36559 8641 665
60837 9639 666
36573 9640 2661
28604 7647 668
60200 9642 669
61878 9643 1667
16316 7650 671
38602 8648 1669
57926 7652 673
48291 9647 674
70558 9648 1672
52267 9649 2670
44619 9650 2671
77647 9651 1675
69369 8655 679
53025 9653 680
35042 8657 681
33687 9655 682
45030 8659 683
38744 9657 684
44051 8661 1682
49420 9659 686
87074 9660 687
47757 9661 688
56432 9662 689
22700 7669 3681
36129 8667 691
57380 9665 3683
56087 8669 1690
35765 9667 694
54202 8671 1692
63488 9669 1693
42068 8673 2691
73580 9671 698
37198 8675 699
45586 9673 700
33119 9674 1698
36523 7681 1699
85026 9676 703
48210 9677 1701
58602 8681 705
51052 9679 706
48654 9680 707
53650 9681 708
56364 9682 709
23203 7689 710
60662 9684 1708
57824 9685 712
24647 6695 713
69816 9687 714
65842 8691 715
63708 8692 1713
27513 9690 2711
36212 9691 1715
73989 9692 2713
38661 9693 1717
44820 7700 721
50366 8698 722
36965 8699 723
51832 8700 724
63535 9698 1722
62821 9699 726
59841 8703 727
60580 8704 728
27037 8705 729
69310 9703 2724
65335 9704 731
59896 8708 732
32783 9706 733
57190 9707 734
23091 8711 735
50967 9709 1733
46773 9710 2731
20898 8714 1735
41288 8715 739
73685 9713 740
19913 7720 3732
51288 8718 742
44808 9716 743
74224 9717 744
30392 7724 1742
34881 8722 746
47600 7726 1744
54588 9721 2742
86506 9722 1746
36404 9723 1747
67835 9724 1748
37658 9725 5737
64115 9726 753
51651 8730 754
37702 9728 755
42937 7735 1753
50958 8733 757
67161 9731 758
35744 7738 759
29011 6742 1757
63731 9734 761
35009 9735 762
33023 7742 763
62242 9737 764
48759 9738 765
38032 9739 766
42795 8743 1764
50551 9741 768
61528 9742 2763
17581 5755 770
60551 9744 1768
28335 5757 772
24802 6755 773
72873 8750 774
87950 9748 775
70905 9749 776
29587 9750 1774
36134 7757 1775
55646 9752 779
55439 8756 1777
24842 9754 1778
45139 9755 1779
46358 9756 783
60468 7763 784
44951 9758 785
62484 9759 786
30434 9760 787
25874 8764 788
58529 9762 789
68679 8766 790
46999 8767 1788
57975 8768 1789
72916 8769 1790
46011 8770 794
64968 9768 795
35080 5781 796
23725 6779 1794
42276 9771 798
17953 5784 1796
69223 9773 800
24141 7780 801
49287 9775 1799
38716 9776 3794
83040 9777 804
53107 9778 805
63510 9779 2800
31571 8783 1804
61729 9781 808
57131 8785 809
55769 9783 1807
34776 8787 1808
53355 9785 812
45387 9786 1810
60798 9787 1811
55824 9788 815
47405 9789 816
76603 9790 2811
51230 9791 818
66479 9792 2813
71477 9793 820
60054 7800 1818
53260 9795 822
64885 9796 1820
50938 8800 824
90794 9798 825
64747 9799 826
77550 9800 2821
76059 9801 1825
75582 9802 1826
72604 9803 830
42208 8807 1828
69474 9805 832
37407 7812 833
23784 7813 834
48554 8811 835
36598 8812 836
40594 9810 1834
63215 8814 1835
50580 8815 1836
75882 9813 840
50440 9814 1838
38485 9815 842
31669 9816 843
45635 9817 2838
51169 9818 845
49639 9819 2840
64302 9820 1844
36843 8824 848
75842 9822 1846
64594 9823 850
77716 9824 851
62213 8828 852
88711 9826 853
14097 8830 854
54554 9828 855
52287 9829 856
32061 9830 1854
56019 8834 1855
58164 9832 859
31082 9833 860
30091 9834 861
49632 8838 862
65325 9836 1860
19009 7843 864
53383 8841 865
74935 9839 866
49417 9840 867
54542 9841 868
31008 9842 869
64151 9843 870
68152 9844 871
85986 9845 872
62320 9846 1870
37776 6856 874
32047 7854 875
70090 8852 876
29190 9850 877
97796 9851 1875
72244 9852 879
59530 7859 1877
56550 8857 881
41951 9855 1879
57683 9856 1880
66327 8860 884
67449 9858 1882
44974 8862 886
51741 8863 1884
31032 5873 1885
47989 9862 1886
36247 9863 1887
39244 9864 891
59662 9865 892
31280 9866 893
52808 9867 1891
43743 8871 895
56816 9869 896
66396 9870 897
35496 9871 7877
83275 8875 899
63641 8876 900
82500 9874 1898
41114 8878 1899
26261 9876 903
30256 8880 1901
96955 9878 905
44228 9879 906
50944 9880 907
45061 9881 908
39088 9882 909
46250 9883 910
49076 8887 3902
30312 8888 912
77671 9886 913
79512 9887 914
39306 8891 2909
47208 9889 916
72578 9890 917
34342 8894 918
47917 9892 919
36427 9893 1917
54151 9894 921
53163 9895 922
49184 8899 2917
46421 9897 4912
68926 9898 1922
82683 9899 926
40247 9900 927
73947 9901 928
47312 9902 929
51174 9903 930
30511 9904 2925
24600 8908 1929
57122 7912 1930
91650 9907 1931
37328 9908 935
135186 9909 936
48373 9910 1934
90780 9911 938
71088 9912 1936
60190 9913 1937
66351 9914 6923
63148 7921 942
22661 7922 1940
89094 9917 944
43504 9918 945
70124 9919 946
26619 9920 947
23732 8924 3939
45382 9922 949
39551 9923 950
69238 9924 951
24520 4940 952
65318 9926 1950
36588 7933 954
55370 8931 955
60243 9929 956
92081 8933 957
43478 9931 958
49508 9932 1956
51474 8936 960
101010 9934 961
36574 7941 962
45556 8939 963
73382 9937 1961
72333 8941 965
69356 9939 966
57526 9940 967
38709 9941 968
49598 7948 969
70436 9943 970
71524 8947 4959
44640 9945 972
53622 9946 2967
50594 9947 1971
64563 9948 975
43679 9949 976
45722 9950 1974
46707 8954 978
64589 9952 979
51708 8956 980
87528 9954 2975
65652 9955 2976
63654 9956 1980
59690 8960 984
87544 9958 985
60729 9959 4974
68683 9960 2981
82634 9961 988
71672 8965 1986
57763 9963 990
51796 8967 991
66734 8968 992
48805 9966 993
53811 9967 994
43854 9968 1992
63797 8972 1993
