8787 8787 8787
8081 8081 8081
4143 4143 4143
1720 1720 1720
1822 1822 1822
2126 2126 2126
8288 8288 8288
6572 6572 6572
8189 8189 8189
4958 4958 4958
1727 1727 1727
2031 2031 2031
3446 3446 3446
3548 3548 3548
620 620 620
4055 4055 4055
5874 5874 5874
8198 8198 8198
6078 6078 6078
1433 1433 1433
1232 1232 1232
8000 8000 8000
5678 5678 5678
9719 9719 9719
5680 5680 5680
2651 2651 2651
2147 2147 2147
734 734 734
1442 1442 1442
5483 5483 5483
8615 8615 8615
7606 7606 7606
8011 8011 8011
9628 9628 9628
7003 7003 7003
5893 5893 5893
440 440 440
5895 5895 5895
1149 1149 1149
8321 8321 8321
8928 8928 8928
6101 6101 6101
8829 8829 8829
9335 9335 9335
7417 7417 7417
8529 8529 8529
46 46 46
2673 2673 2673
1361 1361 1361
1463 1463 1463
3888 3888 3888
5101 5101 5101
8637 8637 8637
558 558 558
3286 3286 3286
2883 2883 2883
2884 2884 2884
4299 4299 4299
2280 2280 2280
6826 6826 6826
8443 8443 8443
6626 6626 6626
7435 7435 7435
8042 8042 8042
7639 7639 7639
9357 9357 9357
8348 8348 8348
2491 2491 2491
6128 6128 6128
4412 4412 4412
7746 7746 7746
4919 4919 4919
3304 3304 3304
679 679 679
4316 4316 4316
3004 3004 3004
7651 7651 7651
6743 6743 6743
2098 2098 2098
9270 9270 9270
9271 9271 9271
3212 3212 3212
5435 5435 5435
2305 2305 2305
6851 6851 6851
5236 5236 5236
4631 4631 4631
2006 2006 2006
5239 5239 5239
998 998 998
4736 4736 4736
1808 1808 1808
8778 8778 8778
5244 5244 5244
6255 6255 6255
7367 7367 7367
3530 3530 3530
2925 2925 2925
401 401 401
5553 5553 5553
1009 1009 1009
