50847 8973 0
78778 9971 1
39894 9972 999
20958 6982 3
49886 7980 1001
60897 8978 5
87826 9976 6
60908 9977 7
60889 9978 1005
47937 8982 1006
39960 7986 10
62932 9981 11
75976 9982 12
57982 9983 13
27017 8987 14
40997 6994 3006
90983 9986 1013
24064 7993 17
35057 7994 18
57019 9989 2013
90090 9990 20
50994 9991 1018
54058 8995 3013
52120 8996 23
47099 9994 2018
66152 9995 25
54072 8999 2020
45135 9000 1024
33125 7007 1025
37150 9999 29
23081 9003 1027
52123 9004 1028
78278 8008 32
51210 8009 1030
33207 7013 34
34178 7014 1032
18126 6018 1033
66209 9010 37
48312 8014 38
57297 9012 39
49253 9013 40
43322 9014 41
38180 8018 42
50280 9016 43
48296 9017 1041
36207 8021 4033
28238 9019 46
16234 5032 1044
59399 7027 2042
52236 9022 3040
70440 9023 50
70351 9024 1048
43391 8028 52
60403 9026 53
68552 8030 1051
32399 5040 55
41325 9029 2050
43612 7036 57
43451 8034 58
9268 6041 59
33381 8036 60
38313 9034 2055
33521 9035 62
31411 7042 3054
31227 8040 4052
37604 8041 65
60546 8042 66
56770 9040 67
62562 9041 1065
39573 7048 69
23351 7049 70
57823 9044 71
38534 9045 1069
59845 8049 73
36336 9047 1071
48606 9048 75
37573 9049 76
43718 8053 77
38666 8054 78
58932 8055 79
43431 9053 1077
49987 7060 81
69026 9055 82
7145 7062 83
45621 8060 84
48791 9058 85
27349 8062 1083
46819 9060 1084
66858 9061 88
60158 9062 89
42684 8066 90
35714 9064 91
60203 9065 92
51152 7072 93
29759 8070 94
54788 8071 95
43639 9069 1093
27501 8073 97
50127 9071 98
42765 9072 2093
57929 9073 100
50658 8077 4089
39699 9075 102
24752 8079 103
18570 8080 1101
26657 8081 105
59310 9079 106
29769 9080 107
76503 9081 1105
55364 8085 109
21377 9083 110
57164 9084 111
56067 9085 112
43004 8089 113
33699 9087 2108
36160 7094 115
18642 7095 116
63218 8093 1114
48682 9091 118
64358 9092 1116
46065 8096 120
32359 9094 121
38862 9095 122
36248 7102 123
60311 9097 124
17574 7104 2119
30047 5111 1123
42528 9100 127
26077 8104 128
34543 8105 3120
43044 9103 130
27836 7110 131
29705 7111 1129
44932 9106 133
44211 9107 134
73809 9108 135
42781 9109 136
44104 8113 137
50233 9111 1135
25898 9112 139
34021 8116 1137
64211 8117 1138
46427 9115 142
21509 9116 2137
38329 8120 144
34496 7124 145
78813 9119 1143
38915 9120 2141
33088 9121 148
30953 8125 149
48659 9123 150
71753 9124 151
47534 7131 152
61962 9126 153
28840 8130 154
42804 9128 3146
55866 9129 156
35154 8133 157
46810 9131 5143
81986 9132 2153
62897 9133 1157
60755 7140 161
48479 9135 1159
96815 8139 163
65776 9137 2158
39206 9138 2159
22099 9139 166
59167 9140 167
42557 9141 168
13806 8145 169
57532 9143 170
49566 9144 171
54080 8148 172
59729 9146 1170
37632 9147 174
33129 9148 175
68559 9149 2170
61944 9150 177
53980 9151 1175
41670 7158 179
54364 9153 180
37067 9154 181
32181 7161 182
28566 7162 183
54497 9157 1181
33754 7164 185
36569 9159 186
45364 9160 187
29608 6170 1185
26248 8165 189
71453 9163 190
38608 8167 191
55721 8168 192
33255 7172 1190
43814 9167 1191
32467 9168 195
37852 8172 196
46638 9170 197
41266 9171 3189
46457 9172 199
64214 9173 200
39896 8177 201
37508 9175 202
54280 7182 203
59277 7183 1201
44129 7184 1202
30355 9179 206
47932 8183 1204
45159 8184 1205
21194 6191 209
42977 8186 1207
61144 8187 1208
16588 6194 4200
39803 8189 213
54626 9187 214
24436 6197 215
49800 9189 1213
31646 8193 217
36421 9191 1215
53694 9192 219
52050 9193 1217
44747 7200 221
45866 9195 222
36128 8199 223
51989 9197 224
74934 9198 1222
66068 9199 1223
39613 9200 227
72526 9201 1225
68011 9202 229
35738 7209 230
48476 8207 4219
84469 9205 232
49189 9206 1230
38232 8210 234
85806 9208 1232
31037 5221 236
43770 9210 2231
38034 8214 238
40037 9212 1236
60946 9213 1237
110261 9214 241
70429 9215 242
70930 9216 243
48302 8220 2238
87913 9218 245
46328 9219 246
33386 7226 2241
56566 9221 248
29160 9222 249
51853 9223 250
37900 9224 1248
33175 9225 252
31934 9226 253
44903 9227 254
30211 8231 255
18485 6238 256
38462 7236 257
45932 9231 258
22970 8235 3250
47465 9233 260
81159 9234 3252
36991 9235 262
55734 9236 263
22257 9237 1261
51768 9238 1262
51513 9239 266
63291 9240 1264
60849 9241 268
67305 9242 269
48105 9243 270
38786 9244 271
66075 9245 272
30824 8249 1270
48602 9247 274
89867 9248 275
42640 9249 276
41819 9250 277
47367 9251 278
51643 9252 279
50779 8256 280
18200 6263 281
24190 7261 282
74035 9256 283
47705 9257 1281
44012 9258 285
27785 5271 286
80787 9260 1284
7422 2282 288
34216 7268 2283
78255 9263 2284
34814 9264 291
48198 9265 1289
78466 7272 293
65636 9267 294
50216 9268 2289
36562 9269 296
34174 8273 297
51730 9271 298
48553 9272 299
48165 9273 300
54158 9274 301
29335 9275 302
43907 9276 1300
68453 9277 1301
35646 8281 305
33049 8282 1303
67492 9280 2301
51860 9281 308
57616 9282 4297
39746 9283 4298
57945 9284 3302
27421 9285 312
39393 9286 313
52990 9287 314
64597 9288 1312
52329 9289 316
82884 9290 1314
43060 9291 318
33778 8295 319
66294 9293 320
66629 9294 321
55677 8298 322
64370 9296 2317
24551 9297 324
61401 9298 325
11926 6308 326
83668 9300 2321
43829 8304 328
22582 7308 329
48165 8306 2324
46843 9304 331
50511 8308 1329
33240 6315 1330
31919 6316 334
39904 6317 335
32934 8312 336
62530 9310 1334
61882 9311 338
37627 7318 339
29979 9313 1337
31300 9314 341
26635 8318 1339
56925 9316 1340
59960 9317 1341
40991 9318 345
77279 9319 346
32383 8323 347
18689 8324 348
64656 9322 2343
35054 6332 350
6038 3342 1348
50379 9325 352
40710 8329 353
43066 8330 354
41723 8331 355
44722 8332 356
81053 9330 3348
45096 8334 1355
32782 9332 1356
17752 6342 1357
72489 9334 361
47126 9335 362
56471 9336 363
50863 8340 364
35821 8341 365
31841 9339 1363
31849 9340 367
44189 9341 1365
43570 7348 369
42439 7349 370
31881 8347 1368
54314 8348 1369
43488 9346 373
17573 5359 374
53225 8351 1372
68320 9349 376
19965 7356 377
61228 9351 1375
62613 9352 3370
78101 9353 380
9500 4369 1378
53055 9355 1379
29752 5368 383
57065 8360 1381
31223 9358 385
18879 5371 386
55104 9360 387
17504 9361 1385
64707 9362 389
43390 9363 1387
56966 9364 4379
53165 9365 392
87831 9366 393
48017 9367 3385
50809 9368 395
43048 9369 396
56211 9370 397
21134 9371 5383
67998 9372 1396
58638 8376 400
71611 8377 1398
31727 8378 402
49892 9376 403
43516 9377 404
40347 8381 405
66501 8382 406
34570 9380 407
68931 9381 408
49364 9382 409
38995 8386 410
31790 9384 411
51391 9385 412
46175 9386 413
78991 9387 414
67791 9388 415
76195 9389 416
48618 9390 417
41069 9391 418
45804 9392 1416
40249 9393 1417
50493 8397 421
34130 9395 422
23052 7402 1420
53517 9397 424
76165 9398 425
35738 9399 426
48138 8403 427
25071 8404 2422
41608 8405 429
20096 6412 430
34355 7410 1428
37786 8408 1429
18117 5418 1430
41358 9407 434
46659 9408 435
66049 9409 436
71169 9410 1434
41949 9411 1435
37410 8415 1436
59675 7419 3431
51710 7420 2435
29345 6424 442
73998 9416 1440
54181 8420 2438
72477 8421 2439
25607 8422 446
29051 7426 447
60861 9421 4436
19194 7428 449
56794 8426 450
55808 8427 451
57268 9425 1449
43504 8429 1450
82671 9427 1451
51777 9428 455
46063 9429 1453
71203 8433 457
46993 9431 458
48458 6441 1456
13344 5445 3451
54385 9434 461
38591 7441 462
38065 7442 463
42062 9437 464
11365 7444 1462
57967 9439 466
40032 8443 467
40979 9441 468
47971 7448 469
17248 8446 470
38608 8447 471
94291 9445 472
59936 9446 473
45143 7453 1471
64048 9448 3466
61544 9449 476
70009 9450 477
57580 8454 478
50173 9452 479
78024 9453 1477
33758 9454 481
27784 9455 482
38276 8459 1480
33782 8460 484
25356 7464 2479
54710 8462 486
27824 9460 487
42787 9461 1485
68679 8465 489
89104 9463 490
32841 8467 491
13919 6474 492
42816 9466 493
34356 8470 494
55790 9468 495
43337 8472 496
51832 9470 1494
45856 8474 498
61321 7478 499
38892 9473 2494
71333 9474 501
37914 7481 502
24961 9476 503
77843 9477 1501
63394 9478 505
36934 9479 1503
68388 9480 507
34971 9481 508
45458 8485 509
62972 9483 510
114905 9484 511
63431 9485 512
71019 9486 513
83061 8490 514
64521 9488 515
59995 8492 2510
36040 9490 1514
27554 8494 518
57594 7498 1516
45037 9493 520
53066 9494 521
24069 9495 522
29109 7502 523
55039 9497 3515
73624 9498 525
27610 8502 1523
55120 9500 527
56714 9501 528
77664 9502 529
68767 8506 530
35285 7510 531
52246 7511 532
33641 9506 533
23678 6516 534
71298 9508 535
44168 8512 536
49315 9510 1534
36287 8514 538
71273 9512 1536
27708 8516 540
38226 8517 541
57893 9515 542
49387 9516 543
68433 9517 544
50860 9518 545
68366 9519 546
65034 7526 547
51441 7527 548
47812 9522 2543
41186 9523 4538
58902 9524 551
57916 9525 552
28352 7532 553
59821 9527 1551
32798 8531 555
29488 8532 556
37357 8533 2551
69388 9531 2552
32388 8535 559
88843 9533 560
49914 9534 561
22877 5547 562
33980 5548 1560
53063 9537 564
54636 9538 565
41848 9539 1563
36870 8543 567
62080 9541 568
32609 9542 569
56833 8546 570
46442 9544 1568
56714 9545 572
60141 9546 573
48460 9547 1571
50884 9548 4563
23972 7555 576
20988 4565 577
20417 7557 1575
25408 7558 1576
50085 9553 580
48100 9554 581
63150 7561 582
40970 9556 583
48298 9557 584
43563 9558 1582
33837 8562 4574
23462 9560 587
68052 8564 588
30453 8565 589
61325 9563 590
37038 7570 1588
35643 8568 2586
57963 9566 593
59778 9567 2588
25906 9568 2589
54813 8572 596
27110 9570 597
72179 9571 598
81766 9572 1596
35707 7579 600
39894 8577 6583
50885 9575 1599
56483 8579 1600
66071 9577 604
46322 8581 605
51531 7585 606
46730 9580 2601
62520 9581 1605
97480 9582 2603
52349 9583 2604
33962 8587 3602
30976 6594 5597
50382 7592 1610
55838 8590 614
62215 9588 615
27624 8592 616
15049 6599 617
55033 9591 618
62641 9592 619
34870 7599 620
62156 9594 621
51085 7601 2616
42496 9596 1620
53472 9597 2618
59716 9598 1622
48760 8602 626
97398 9600 627
43169 8604 628
63641 8605 629
55783 9603 630
68023 9604 631
53179 9605 1629
32885 8609 633
65705 9607 634
77683 8611 1632
60559 9609 2630
40988 8613 637
20777 8614 638
57518 8615 639
24420 8616 640
32047 7620 641
62252 9615 1639
43962 7622 643
13190 4632 644
64276 9618 645
56310 9619 1643
18837 5632 647
50697 8624 2642
26825 9622 649
46336 7629 650
29828 8627 651
41108 9625 652
50742 7632 1650
57698 9627 654
87562 8631 655
57040 8632 656
52749 9630 657
45802 9631 1655
76025 9632 659
51465 9633 660
38850 9634 661
59780 9635 662
62128 8639 663
53166 8640 1661
75111 9638 2659
59509 9639 666
35583 9640 667
101415 9641 668
71180 9642 669
53216 8646 1667
56234 9644 1668
84508 9645 1669
41276 9646 1670
46971 8650 674
44958 7654 1672
45964 7655 676
28667 8653 677
19023 5663 678
30314 9652 1676
41695 8656 680
43018 9654 681
84323 8658 2676
58729 8659 683
33017 8660 1681
45733 7664 685
39697 7665 1683
44756 9660 687
60030 9661 688
41785 8665 689
40722 8666 3681
41726 9664 691
50483 9665 692
61461 9666 693
66457 9667 1691
36467 8671 695
47536 9669 696
10764 5682 697
49552 9671 698
55843 9672 2693
33113 9673 700
36811 8677 701
65660 9675 702
58286 9676 1700
68972 8680 704
38954 9678 705
57325 9679 706
49651 8683 1704
69024 9681 708
35870 9682 709
68340 9683 710
69774 8687 1708
45861 8688 1709
37324 7692 713
35056 7693 714
68118 9688 715
60436 9689 1713
60168 9690 717
48057 7697 718
39928 9692 1716
46637 9693 720
32411 7700 721
88321 9695 722
76647 9696 723
58087 9697 1721
64351 9698 3716
36986 8702 726
54129 8703 2721
61846 9701 1725
48896 9702 729
50705 9703 2724
81752 9704 1728
66345 8708 1729
13166 6715 733
40241 8710 734
31591 7714 4723
42255 7715 736
36543 8713 737
27618 8714 738
49522 9712 1736
52265 9713 740
61248 9714 2735
55276 9715 742
99370 9716 743
52796 9717 744
51066 7724 745
67029 7725 3737
37880 8723 747
77271 9721 748
58838 9722 749
53115 9723 750
27437 9724 2745
38917 9725 752
54633 9726 1750
42192 8730 754
37702 9728 755
45687 9729 1753
57937 8733 757
58666 9731 758
46473 9732 759
53225 8736 1757
41980 9734 761
43277 7741 1759
55720 8739 1760
52971 9737 2758
49524 8741 1762
57048 8742 766
63042 9740 767
29304 8744 768
68364 9742 769
19259 9743 1767
55114 9744 771
66093 9745 772
71639 9746 773
24361 7753 774
69342 9748 775
26811 8752 2770
47650 8753 777
32146 8754 778
83469 9752 779
53879 9753 780
63210 8757 781
50906 7761 2776
93499 9756 783
51350 9757 784
48303 8761 785
57499 9759 786
72675 9760 2781
80243 9761 788
48975 8765 789
41422 8766 2784
56557 9764 791
57770 9765 792
80484 9766 793
55999 9767 1791
64766 7774 795
38272 8772 796
57020 9770 797
30113 6780 798
64621 9772 1796
20949 9773 800
24550 5786 801
23560 8778 802
61065 9776 2797
42935 9777 804
42140 9778 805
32943 9779 1803
21601 4795 807
33813 4796 808
36570 9782 1806
84682 9783 3801
41011 7790 1808
85773 9785 1809
72199 8789 1810
40593 8790 2808
72773 9788 815
92816 8792 1813
45419 8793 817
28018 8794 1815
30836 8795 819
36470 9793 820
24045 8797 1818
67515 9795 1819
61720 9796 2817
52413 7803 824
106230 9798 825
44494 8802 826
78864 9800 827
19433 9801 2822
33551 8805 829
17612 9803 7809
21935 5816 831
60831 9805 832
58016 9806 1830
33591 8810 834
46560 8811 2829
54897 9809 836
67193 9810 1834
40443 8814 838
52416 9812 1836
40775 7819 3831
60098 9814 841
38795 9815 842
36808 9816 843
24851 9817 844
37515 8821 845
38521 9819 846
37083 9820 847
49655 9821 848
57195 9822 849
62894 9823 850
47101 9824 851
67053 9825 852
59233 9826 1850
30760 7833 854
26209 7834 1852
56557 9829 2850
51161 8833 857
61282 9831 1855
106603 9832 2853
43358 7839 860
30952 9834 861
34947 9835 2856
39076 9836 3854
59354 9837 864
58500 9838 865
72337 9839 1863
30387 9840 2861
33124 8844 868
50692 9842 1866
32012 8846 870
96435 9844 1868
43615 7851 872
64939 9846 873
39647 9847 874
21080 5860 875
32054 8852 1873
44025 9850 877
42678 7857 1875
43921 9852 1876
71026 9853 880
70044 9854 881
48815 9855 882
31106 6865 883
59461 7863 884
68558 8861 1882
73996 9859 886
93842 9860 887
30035 6870 888
64290 9862 889
69503 9863 890
42808 9864 891
58770 9865 892
53795 9866 893
52808 8870 894
51923 9868 1892
75658 9869 1893
65499 9870 897
45169 8874 2892
7878 7878 7878
63032 9873 3891
34127 9874 901
25257 7881 902
49813 8879 903
31253 9877 904
31260 8881 905
74771 9879 906
51034 7886 907
49049 9881 908
34191 6891 909
61506 8886 910
28483 9884 1908
74922 9885 1909
87473 9886 913
43121 8890 914
59997 8891 915
91506 8892 916
62848 9890 917
65930 9891 918
48073 9892 919
53757 8896 920
67577 8897 921
66821 9895 922
38217 7902 1920
66920 6906 2918
72770 8901 2919
63169 9899 926
66029 9900 927
76800 9901 928
44185 9902 929
64998 9903 930
64145 9904 931
58043 9905 1929
49210 9906 933
64175 9907 1931
54339 9908 1932
64948 9909 936
48373 9910 1934
38411 7917 938
94668 9912 939
31448 7919 1937
31456 5926 1938
56389 9915 1939
62109 9916 943
52205 9917 944
61138 9918 945
75160 9919 2940
54485 9920 3938
70150 9921 948
54259 7928 1946
55268 7929 950
62213 9924 951
51484 8928 2946
57386 8929 953
52540 9927 2948
33562 6937 955
49440 8932 956
15712 4945 957
30634 9931 958
26653 8935 2953
46563 9933 2954
60421 9934 961
31659 8938 1959
28709 7942 963
63412 8940 964
53422 8941 965
53559 8942 966
79340 9940 967
59530 9941 968
62559 9942 2963
91373 9943 2964
18813 9944 971
53613 9945 1969
68553 9946 973
76447 9947 974
78455 9948 975
89373 9949 1973
44705 8953 1974
57655 9951 978
59622 7958 1976
50677 9953 980
19844 8957 981
66649 9955 1979
31764 7962 983
44735 8960 984
47760 8961 2979
60718 9959 1983
36809 9960 987
45790 9961 988
69702 9962 1986
56745 8966 990
23892 6973 991
58773 9965 992
46815 9966 993
41847 6976 994
15944 5980 1992
76757 9969 996
