2910 2910 2910
4172 4172 4172
2427 2427 2427
3204 3204 3204
4854 4854 4854
6795 6795 6795
6214 6214 6214
492 492 492
8738 8738 8738
688 688 688
9807 9807 9807
2727 2727 2727
982 982 982
4766 4766 4766
9229 9229 9229
1858 1858 1858
8261 8261 8261
502 502 502
4383 4383 4383
7294 7294 7294
5064 5064 5064
5938 5938 5938
7685 7685 7685
3127 3127 3127
7687 7687 7687
5069 5069 5069
6913 6913 6913
5362 5362 5362
2453 2453 2453
8662 8662 8662
127 127 127
6433 6433 6433
1099 1099 1099
6047 6047 6047
4399 4399 4399
8765 8765 8765
8572 8572 8572
7409 7409 7409
1299 1299 1299
2658 2658 2658
7121 7121 7121
8868 8868 8868
2952 2952 2952
6057 6057 6057
7610 7610 7610
6544 6544 6544
240 240 240
5964 5964 5964
9166 9166 9166
4026 4026 4026
7131 7131 7131
7811 7811 7811
6357 6357 6357
926 926 926
830 830 830
4129 4129 4129
7428 7428 7428
3064 3064 3064
5490 5490 5490
2193 2193 2193
5589 5589 5589
4620 4620 4620
3069 3069 3069
9278 9278 9278
3944 3944 3944
4430 4430 4430
7632 7632 7632
4044 4044 4044
2978 2978 2978
3367 3367 3367
4629 4629 4629
3563 3563 3563
9578 9578 9578
1625 1625 1625
2887 2887 2887
6671 6671 6671
8418 8418 8418
756 756 756
1921 1921 1921
758 758 758
565 565 565
8423 8423 8423
7357 7357 7357
1247 1247 1247
7553 7553 7553
3771 3771 3771
862 862 862
1154 1154 1154
1252 1252 1252
7267 7267 7267
8432 8432 8432
8918 8918 8918
3099 3099 3099
7174 7174 7174
9600 9600 9600
6594 6594 6594
290 290 290
