0000000000000000000000000000000000000000000000000000000000000000000000000000000000000000000000000000
0000000000000000000000000000000000000000000000000000000000000000000000000000000000000000000000000000
0000000000000000000000000000000000000000000000000000000000000000000000000000000000000000000000000000
0000000000000000000000000000000000000000000000000000000000000000000000000000000000000000000000000000
0000000000000000000000000000000000000000000000000000000000000000000000000000000000000000000000000000
0000000000000000000000000000000000000000000000000000000000000000000000000000000000000000000000000000
0000000000000000000000000000000000000000000000000000000000000000000000000000000000000000000000000100
0000000000000000000000000000000000000000000000000000000000000000000000000000000000000000000000000100
0000000000000000000000000000000000000000000000000000000000000000000000000000000000000000000000000100
0000000000000000000000000000000000000000000000000000000000000000000000000000000000000000000000000100
0000000000000000000000000000000000000000000000000000000000000000000000000000000000000000000000000100
0000000000000000000000000000000000000000000000000000000000000000000000000000000000000000000000000100
0000000000000000000000000000000000000000000000000000000000000000000000000000000000000000000000000100
0000000000000000000000000000000000000000000000000000000000000000000000000000000000000000000000000100
0000000000000000000000000000000000000000000000000000000000000000000000000000000000000000000000000100
0000000000000000000000000000000000000000000000000000000000000000000000000000000000000000000000000100
0000000000000000000000000000000000000000000000000000000000000000000000000000000000000000000000000100
0000000000000000000000000000000000000000000000000000000000000000000000000000000000000000000000000100
0000000000000000000000000000000000000000000000000000000000000000000000000000000000000000000000000100
0000000000000000000000000000100000000000000000000000000000000000000000000000000000000000000000000100
0000000000000000000000000000100000000000000000000000000000000000000000000000000000000000000000000100
0000000000000000000000000000100000000000000000000000000000000000000000000000000000000000000000000100
0000000000000000000000000000100000000000000000000000000000000000000000000000000000000000000000000100
0000000000000000000000000000100000000000000000000000000000000000000000000000000000000000000000000100
0000000000000000000000000000100000000000000000000000000000000000000000000000000000000000000000000100
0000000000000000000000000000100000000000000000000000000000000000000000000000000000000000000000000100
0000000000000000000000000000100000000000000000000000000000000000000000000000000000000000000000000100
0000000000000000000000000000100000000000000000000000000000000000000000000000000000000000000000000100
0000000000000000000000000000100000000000000000000000000000000000000000000000000000000000000000000100
0000000000000000000000000000100000000000000000000000000000000000000000000000000000000000000000000100
0000000000000000000000000000100000000000000000000000000000000000000000000000000000000000000000000100
0000000000000000000000000000100000000000000000000000000000000000000000000000000000000000000000000100
0000000000000000000000000000100000000000000000000000000000000000000000000000000000000000000000000100
0000000000000000000000000000100000000000000000000000000000000000000000000000000000000000000000000100
0000000000000000000000000000100000000000000000000000000000000000000000000000000000000000000000000100
0000000000000000000000000000100000000000000000000000000000000000000000000000000000000000000000000100
0000000000000000000000000000100000000000000000000000000000000000000000000000000000000000000000000100
0000000000000000000000000000100000000000000000000000000000000000000000000000000000000000000000000100
0000000000000000000000000000100000000000000000000000000000000000000000000000000000000000000000000100
0000000000000000000000000000100000000000000000000000000000000000000000000000000000000000000000000100
0000000000000000000000000000100000000000000000000000000000000000000000000000000000000000000000000100
0000000000000000000000000000100000000000000000000000000000000000000000000000000000000000000000000100
0000000000000000000000000000100000000000000000000000000000000000000000000000000000000000000000000100
0000000000000000000000000000100000000000000000000000000000000000000000000000000000000000000000000100
0000000000000000000000000000100000000000000000000000000000000000000000000000000000000000000000000100
0000000000000000000000000000100000000000000000000000000000000000000000000000000000000000000000000100
0000000000000000000000000000100000000000000000000000000000000000000000000000000000000000000000000100
0000000000000000000000000000100000000000000000000000000000000000000000000000000000000000000000000100
0000000000000000000000000000100000000000000000000000000000000000000000000000000000000000000000000100
0000000000000000000000000000100000000000000000000000000000000000000000000000000000000000000000000100
0000000000000000000000000000100000000000000000000000000000000000000000000000000000000000000000000100
0000000000000000000000000000100000000000000000000000000000000000000000000000000000000000000000000100
0000000000000000000000000000100000000000000000000000000000000000000000000000000000000000000000000100
0000000000000000000000000000100000000000000000000000000000000000000000000000000000000000000000000100
0000000000000000000000000000100000000000000000000000000000000000000000000000000000000000000000000100
0000000000000000000000000000100000000000000000000000000000000000000000000000000000000000000000000100
0000000000000000000000000000100000000000000000000000000000000000000000000000000000000000000000000100
0000000000000000000000000000100000000000000000000000000000000000000000000000000000000000000000000100
0000000000000000000000000000100000000000000000000000000000000000000000000000000000000000000000000100
0000000000000000000000000000100000000000000000000000000000000000000000000000000000000000000000000100
0000000000000000000000000000100000000000000000000000000000000000000000000000000000000000000000000100
0000000000000000000000000000100000000000000000000000000000000000000000000000000000000000000000000100
0000000000000000000000000000100000000000000000000000000000000000000000000000000000000000000000000100
0000000000000000000000000000100000000000000000000000000000000000000000000000000000000000000000000100
0000000000000000000000000000100000000000000000000000000000000000000000000000000000000000000000000100
0000000000000000000000000000100000000000000000000000000000000000000000000000000000000000000000000100
0000000000000000000000000000100000000000000000000000000000000000000000000000000000000000000000000100
0000000000000000000000000000100000000000000000000000000000000000000000000000000000000000000000000100
0000000000000000000000000000100000000000000000000000000000000000000000000000000000000000000000000100
0000000000000000000000000000100000000000000000000000000000000000000000000000000000000000000000000100
0000000000000000000000000000100000000000000000000000000000000000000000000000000000000000000000000100
0000000000000000000000000000100000000000000000000000000000000000000000000000000000000000000000000100
0000000000000000000000000000100000000000000000000000000000000000000000000000000000000000001111111100
0000000000000000000000000000100000000000000000000000000000000000000000000000000000000000000000000100
0000000000000000000000000000100000000000000000000000000000000000000000000000000000000000000000000100
0000000000000000000000000000100000000000000000000000000000000000000000000000000000000000000000000100
0000000000000000000000000000100000000000000000000000000000000000000000000000000000000000000000000100
0000000000000000000000000000100000000000000000000000000000000000000000000000000000000000000000000100
0000000000000000000000000000100000000000000000000000000000000000000000000000000000000000000000000100
0000000000000000000000000000111111111111111111111111111111111111111111111111111111111111111111111100
0000000000000000000000000000100000000000000000000000000000000000000000000000000000000000000000000100
0000000000000000000000000000100000000000000000000000000000000000000000000000000000000000000000000100
0000000000000000000000000000100000000000000000000000000000000000000000000000000000000000000000000100
0000000000000000000000000000100000000000000000000000000000000000000000000000000000000000000000000000
0000000000000000000000000000100000000000000000000000000000000000000000000000000000000000000000000000
0000000000000000000000000000100000000000000000000000000000000000000000000000000000000000000000000000
0000000000000000000000000000100000000000000000000000000000000000000000000000000000000000000000000000
0000000000000000000000000000100000000000000000000000000000000000000000000000000000000000000000000000
0000000000000000000000000000100000000000000000000000000000000000000000000000000000000000000000000000
0000000000000000000000000000100000000000000000000000000000000000000000000000000000000000000000000000
0000000000000000000000000000100000000000000000000000000000000000000000000000000000000000000000000000
0000000000000000000000000000000000000000000000000000000000000000000000000000000000000000000000000000
0000000000000000000000000000000000000000000000000000000000000000000000000000000000000000000000000000
0000000000000000000000000000000000000000000000000000000000000000000000000000000000000000000000000000
0000000000000000000000000000000000000000000000000000000000000000000000000000000000000000000000000000
0000000000000000000000000000000000000000000000000000000000000000000000000000000000000000000000000000
0000000000000000000000000000000000000000000000000000000000000000000000000000000000000000000000000000
0000000000000000000000000000000000000000000000000000000000000000000000000000000000000000000000000000
0000000000000000000000000000000000000000000000000000000000000000000000000000000000000000000000000000
0000000000000000000000000000000000000000000000000000000000000000000000000000000000000000000000000000
