0000000000000000000000000000000000000000000000000000000000000000000000000010000000000000000000000000
0000000000000000000000000000000000000000000001000000000000000000000000000010000000000000000000000000
0000000000000000000000000000000000000000000010100000000000000001000000000010000000000000000000000000
0000000000000000000000000000000000000100000100010000000000000001000000000010000000000000000000000000
0000000000000000000000000000000000000100001000001000000000000001000000000010000001000000000000000000
0000000000000000000000000000000000000100010000000100000000000001000000000010000001000000000000000000
0001000000000000000000000000100000000100100000000010000000000001000000000010000001000000000000000000
0001100000000000000000000000010000000101000001000001000000000001000000000010111111111000000000000000
0001010000000000000000000000001000000110000001000000100000000001000000000011011111111111111111100000
0001001000000000000000000000000100000100000001000000010000000101000000010010010101001000000000100000
0001000100000000000000000000000010001100000001000000001100000101000000010110010101001000000000100000
0001000010000000000000000000000001010100000001000000000100000101000000011011111111111111111111111000
0001000001000001111111111111111111111111111111111111111111111111111111111111010101001000000000101000
0001000000100001000000000000000001010100000001000000000101000101000000011011010101001000000000101000
0001000000010001000000000000000010001100000001000000000100100101000000011011010101001000000000101000
0001000000001001000000000000000100000100000001000000000100010101000000011011010101001000000000101000
0001000000000101000000000000001000111111111111111111111111111111111111111111111111111111111111111000
0001000000000011000000000000010000000101000001000000000100000101000000011011010101001000000000101000
0001000000000001111111111111111111111111111111111111111111111111111111111011111111111000000001101000
0001000000000001100000000001000000000100010001000000000100000101000000011011010101001000000010101000
0001000000000001000000000010000000000100001001000000000100000101100000011011010101001000000100101000
0001000000000011000000000100000000000100000101000000010100000101010000011011010101001000001000101000
0001000000000101010000001000000000000100000011000000100100000101001000011011010101001000010000101000
0001000000001001001000010000000000000100000001000001000100000101000100011011010101001000100000101000
0001000000010001000100111111111111111111111111100010000100000101000010011011010101001001000000101000
0001000000100001001111111111111111111111111111111111111111111111111111011011010101001010000000101000
0001000001000001000111010000000000010100000011001000000100000101000000011011010101001100000000101000
0001000010000001111111111111111111111111111111111111111111111111110000011011010101001000000000101000
0001000001000001000101010000000000010100000011100010000100000101010000011011010101011000000000101000
0001000000111111111111111111100000010100000011000001000100000101010000011011010101101000000000101000
0001000000010001000100010101000000010100000011000000100100100101010000011011010101001000000000101000
0001000000011001000100011010000000010100000111000000010100100101010000011011010111001000000000101000
0001000000010101000100010101001111111111111111111111111111111111111111111111111101001000000000101000
0001000000010011000100011010101000010100010011000000000100100101010000011011011101001000000000101000
0001000000010001000100010001011000010100100011000000000010100101010000011011010101000000000000101000
0001000000010001100100110000101000010101000011000000000001100101010000011011110101000000000000101000
0001000000010001100101010000011100010110000011111111111111111101010000011011010101000000000000101000
0001000000010001100110010000001010010100000010000000000000110101010000011011010101000000000000101010
0001000000010001100100010000001101011100000010000000000000101101010000011111010101000000000000101110
0001000000010001101100010000001010110100000010000000000000100101010000011011010101000000000000101010
0001000000010001110100010000001001111111111111111111111111111111111111111111111111111111111111111010
0001000000011001100100010000001001110100000010000000000000100101010000111011010101000000000001101010
0001001111111111111111111111111111111111111111111111111111111111111111111111111111111111111111111010
0001001000011011100100010000001100011100000010000000000000100100010010011011010101000000000011101010
0001001000011101100100010000001000010100000010000010000000100100010100011011010001000000000101101010
0001001000011001100100010000011000010110000010000010000000100100011000011011010001000000001001101010
0001001000011001100100010000101000010101000010000010000000100100010000011011010001000000010001101010
0001001000111001100100010001001000010100100010000010000000100100000000011011010001000000100001101010
0001001001011001100100010010001000010100010010000010000000100100000000011011010001000001000001101010
0001001010011111111111111111111111111111111111111111111111111111111111111111111111111111111111111010
0001001100011101100100011000001000010100000110000010000000100100000000011011010001000100000001100010
0000001000011101100100011000001000010100000010000010000000100100000000011011010001001000000001100010
0000011011111111100100111000001000010100000011000010000000100100000000011011010001010000000001100010
0000101000011111100101011000001000010100000010100010000000100100000000011011010001100000000001100010
0001111111111111111111111111111111111111111111111111111111111111111111111111111111111111111111111010
0000001000011101000100011000001000010000000010001010000000100100000000011011010011000000000001100010
0000001000010101001100011000001000010000000010000110000000100100000000011011010101000000000001100010
0000001000010101010100011000001000010000000010000010000000100100000000011011011001000000000001100010
0000011111111111111111111111111111111111111111111111111111111111111111111111111111111111111111111111
0000001000010101000100011000001000010000000010000010100000100100000000010011110001000000000001100010
0000001000010101000100011000001000010000000010000010010000100100000000010011010001000000000011100010
0000001000010111111111111111111111111111111111111111111111111111111111111111111111111111111101100010
0000001000011111111111111111111111111111111111111111111111111111111111111111110001000000000001100010
0000001000010101000100011000001000010000000010000010000010100100000000011010010001000000000001100010
0000001000010101000100011000001000010000000010000010000001101100000000010010010001000000000001100010
0000001000000101000100011000001000010000000010000010000000101100000000110010010001000000000001100010
0000001000000101000100011000001000010000000010000010000000111100000001010010010001000000000001100010
0000001000000101000100011000001000010000000010000010000000101100000010010010010001000000000001100010
0000001000000101000100011000001000010000000010000010100000101100000100010010010001000000000001100010
0000001000000101000100011111111111111111111111111111111111111111111111111111111111111111111111100010
0000001000000101000100011000001000010000000010000010100000101100010000010010010001000000000001000010
0000001000011111111111111111111111111111111010000010100000101100000000010010010001000000000001000010
0000001000010101000000011000001000010000000000000010100000101100000000010010010001000000000001000010
0000001000010101000000011000001000010000000000000010100000101100000000010010010001000000000001000010
0000001000010101000000001000001000010000000000000010100000101100000000010010010001000000000001000010
0000001000010101000000001000001000010000000000000010100000101100000000010010010000000000000001000010
0000001000010101000000001000001000010000000000000010100000101100000000010010010000000000000001000010
0000001000010101000000001000001000010000000000000010100000101100000000100010010000000000000001000010
0000011111111111111111111111111110010000000000000010100000101100000001000010010000000000000001000010
0000001000010100000000001000001001010000000000000010100000101100000010000010010000000000000001000010
0000001111111111111111101000001000110000000000000010100000101100000100000010010000000000000001000010
0000000000010100000000101000001000010000000000000010100000101100001000000010010000000000000001000010
0000000111111111111111111111111111111100000000000010100000101100010000000010010000000000000001000010
0000000000010000000000101000001000000000000000000010100000100100100000000010010000000000000001000010
0010000000010000000000101000000100000000000000000010100000100101000000000010010000000000000001000010
0001000000010000000000101000000010000000000000000010100000100110000000000010010000000000000001000010
0000100000010000000000101000000001000000000000000010100000100100000000000010010000000000000001000010
0000010000010000000000101111111111111111111111111111111111111111111111111111111111111111111111000010
0000001000010000000000101000000000010000000000000010100000110100000000000010010000000000000000000010
0000000100010000000000101000000111111111111111111111111111111111111111111111110000000000000000000010
0000000010010000000000101000000000000100000000000010100000000100000000000010000000000000000000000010
0000000001010000000000101000000000000010000000000010100000000100000000000010000000000000000000000010
0000000000110000000000101000000000000001000000000010100000000100000000000010000000000000000000000010
0000000000010000000000101000000000000000100000000010100000000100000000000000000000000000000000000100
0000000000000000000000101000000000000000111111111111111111111110000000000000000000000000000000001000
0000000000000000000000001000000000000000001000000000000000000100000000000000000000000000000000010000
0000000000000000000000001000000000000000000000000000000000000100000000000000000000000000000000100000
0000000000000000000000000000000000000000000000000000000000000100000000000000000000000000000001000000
0000000000000000000000000000000000000000000000000000000000000100000000000000000000000000000011000000
0000000000000000000000000000000000000000000000000000000000000100000000000000000000000000000000000000
