0000000000000000000000000000000000000000000000000000000000000000000000000000000000000000000000000000
0000000000000000000000000000010000000000000000000000000000010000000000000000000000000000000000000000
0000000000000000000000000000010000000000001000000000000000010000000000000000000000000000000000000000
0000000000000000000000000000010000000000001000000000000000010000000000000000000000000000000000000000
0000000000000000000000000000010000000000001000000000000000010000000000000000000000000000000000000000
0000000000000000000000000000010000000000001000000000000000010000000000000000000000000000000000000000
0000000000000000000100000000010000000000001000000000000000010000001000100000000000000000000000000000
0000000000000000000100000000010000000000001000000000000000010000010000100000000000000000000000000000
0000000000000000000100000000010000000000001000000000000000010000100000100000000000000000000000000000
0000000000000000000100000000010000000000001000000000000000010001000000100000000000000000000000000000
0000000000000000000100010000010000000000001000000000000000010010000000100000000000000000000000000000
0000000000000000000100010000010000000000001000000000000000010100000000100000000000000000000000000000
0000000000000000000100010000010000000000001000000000000000011000000000100000000000000000100000000000
0000000000000000000100010000010000000000001000000000000000010000000000100000000000000000100000000000
0000000000000000000100010000010000000000001000000000000000110000000000100000000000000000100000000000
0000000000000000000100010000010000000000001000000000000001010000000100100001000000000000100000000000
0000000000000000000100010000010000000000001000000000000010010000000100100011000000000000100000000000
0000000000000000000100010000010000000000001000000000000100010000000100100101000000000000100000000000
0000000000000000000100010000010000000000001000000000001000010000000100101001000000000000100000000000
0000000000000000000100010000010000000000001000000000010000010000000100110001000000000000100000000000
0000000000000000000100010000010000000000001000000000100000010000000100100001000000000000100000000000
0000000000000000000100010000010000000000001000000001000000010000000101100001000000000000100000000000
0000000000000000000100011000010000000000001000000010000000010000000110100001000000000000100000000000
0000000000000000000100011100010000000000001000000100000000010000000100100001000000000000100000000000
0000000000000000000100011010010000000000001000001000000000010000001100100001000000000000100000000000
0000000000000000000100011001010000000000001000010000000000010000010100100001000000000000100000000000
0000000000000000000100011000110000000000001000100000000000010000100100100001000000000000100000000000
0000000000000000000100011000010000000000001001000000000000010001000100100001000000000000100000000000
0000000000000000000100011000011000000000001010000000000000010000000100100001000000000000100000000000
0000000000000000000100011000010100000000001100000000000000010000000100100001000000000000100000000000
0000000000000000000100011000010010000000001000000000000000010000000100100001000000000000100000000000
0000000000000000000100011000010001000000011000000000000000010000000100100001000000000000100000000000
0000000000000000000100011000010000100000101000000000000000010000000100100001000000000000100000000000
0000000000000000000100011000010000010001001000000000000000010000000100100001000000000000100000000000
0000000000000000000100011000010000001010001000000000000000010000000100100001000000000000100000000000
0000000000000000000100011000010000000100001000000000000000010000000100100001000000000001100000000000
0010000000000000000100011000010000001010001000000000000000010000000100100001000000000010100000000000
0010000000000000000000011000010000010001001000000000000000010000000100100001000000000100100000000000
0010000000000000000000011000010000100000101000000000000000010000000100100001000000001000100000000000
0010000000000000000000011000010001000000011000000000000000010000000100100001000000010000100000000000
0010000000000000000000011000010010000000001000000000000000010000000100100001000000100000100000000000
0010000000000000000000011000010010000000001100000000000000010000000100100001000001000000100000000000
0010000100000000000000011000011010000000001010000000000000010000000100100001000010000000100000000000
0010001000000000000000011000010110000000001001000000000000010000000100100001000100000000100000000000
0010010000000000000000011000010010000000001000100000000000010000000100100001001000000000100000000000
0010100000000000000000011000010011000000001000010000000000010000000100100001010000000000100000000000
0011000000000000000000011000010010100000001000001000000000010000000100100001100000000000100000000000
0011000000000000000000011000010010010000001000000100000000010000000100100001000000000000100000000000
0011000000000000000000011000010010001000001000000110000000010000000100100011000000000000100000000000
0011111111111111111111111111111110000100001000000101000000010000000100100101000000000000100000000000
0010000000000000000000011000010110000010001000000100100000010000000100101001000000000000100000000000
0010000000000000000000011000010110000001001000000111111111111111111111111111100000000000100000000000
0010000000000000000000011000010110000000101000000100100000010000000100100001000000000000100000000000
0010000000000000000000011000010100000000011000000101000000010000000101100011000000000000100000000000
0010000000001000000000011000010100000000001000000110000000010000000110100101000000000000100000000000
0010001111111111111111111111111111111111111111111111111111111111100100101001000000000000100000000000
0010000000001000000000011000010100000000001010001100000000010001001100110001000000000000100000000000
0010000000001000000000011000010100000000001001010100000000010010110100100001000000000000100000000000
0010000000001000000000011000010100000000001000100100000000010100110101100001000000000000100000000000
0010000000001000000000011000010100000000001001010100000000011001001110100001000000000000100000000000
0010000000001000000000011000010100000000001010001100000000010010000100100001000000000000000000000000
0010000000001000000000011000010100000000001100000100000000110100001110100001000000000000000000000000
0010000000001000000000011000011111111111111111111111111111111111111101100001000000000000000000000000
0010000000001111111111111111111111111111111111111111111111111111100000100001000000000000000000000000
0010000000001000000000011000010100000000101000000100100001110000000000110001000000000000000000000000
0010000000001000000000011000010100000001001000000100010001001000000000101001000000000000000000000000
0010000000001000000000011000010100000010001000000100001011000100000000100101000000000000000000000000
0010000000001000000000011000000100000100001000000100000101000010000000100011000000000000000000000000
0010000000001000000000011000000100001000001000000100000001000001000000100001000000000000000000000000
0010000000001000000000011000000100010000001000000100000001000000100000100001100000000000000000000000
0010000000001000000000011000000100100000001000000100000001000000010000100001010000000000000000000000
0010000000001000000000011000000101000000001000000111111111111111111111110001001000000000000000000000
0010000000001000000000011000000110000000001000000000000001000000000100100001000100000000000000000000
0010000000001000000000011000000100000000001000000000000001000000000010100001000010000000000000000000
0010000000001000000000011000001100000000001000000000000001000000000001100001000001000000000000000000
0010000000001000000000011000010100000000001000000000000001000000000000100001000000100000000000000000
0010000000001000000000011000100100000000001000000000000001000000000000110001000000010000000000000000
0010000000001000000000001000100100000000001000000000000001000000000000101001000000001000000000000000
0010000000001000000000001000100100000000001000000000000001000000000000100101000000000100000000000000
0010000000001000000000001000100100000000001000000000000001000000000000100011000000000010000000000000
0010000000001001111111111111111111111111111111111111111111111111111111111111111111111111000000000000
0010000000001000000000001000100100000000001000000000000001000000000000100001100000000000000000000000
0010000000001000000000001000100100000000001000000000000001000000000000100001010000000000000000000000
0010000000001000000000001000100100000000001000000000000001000000000000100001001000000000000000000000
0010000000001000000000001000100100000000001000000000000001000000000000100001000100000000000000000000
0010000000001000000000001000100100000000011000000000000001000000000000100001000010000000000000000000
0010000000001000000000001000100100000000101000000000000001000000000000000001000001000000000000000000
0010000000001000000000001000100100000001001000000000000001111111111111111111111111100000000000000000
0010000000001000000000001000100010000010001000000000000000000000000000000001000000000000000000000000
0010000000001000000000001000100001000100001000000000000000000000000000000001000000000000000000000000
0010000000001000000000001000100000101000001000000000000000000000000000000001000000000000000000000000
0010000000001000000000001000100000010000001000000000000000000000000000000001000000000000000000000000
0010000000001000000000001000100000101000001000000000000000000000000000000000000000000000000000000000
0010000000001000000000001000100001000100001000000000000000000000111111111111111000000000000000000000
0010000000001000000000001000100000000010001000000000000000000000000000000000000000000000000000000000
0010000000001000000000001000100000000001001000000000000000000000000000000000000000000000000000000000
0011111111111111111111111111100000000000101000000000000000000000000000000000000000000000000000000000
0010000000000000000000001000000000000000011000000000000000000000000000000000000000000000000000000000
0010000000111111111111111111111111111111111111111111111111111111111111111111111111111111111111111000
0000000000000000000000000000000000000000000000000000000000000000000000000000000000000000000000000000
