7354704746495681643
7805867388109607337
1245294271979074312
2340771817596388098
4812431492765778951
608386331110286399
3305655607453515917
5940373957634031762
700908988432454152
875496375394555969
1090808572975272064
1180365685420300917
2327810024049481145
4615687994937575461
4795411251442326582
4883028690806507206
4900920399818414145
5804306820042863943
108276341341063716
252574633820822347
367682604954716299
939821543154817068
1181426763971313848
1200790726326160953
1296769877310177305
1325996760878858342
2099882357166757936
2597116025224834197
2909817998562062494
2946623976271360337
4652631986221218976
4864811621214154763
4911293668869076304
5193803761416076949
5626059166835552965
6677123155389451397
6931661225175852544
7314861752739733092
505942809691823222
509620502118292889
586424965908716108
723510023234302870
1166019148101977649
1878690084279202088
2380919979244673464
2522763638343295536
2840417178927275616
2958998872812800225
3354121867482407697
3591677460357318272
3769741884091219110
4806794990454459137
4918656298362381060
5206880869816538231
5346359979388125381
5823754151195804980
5842703759811553542
6367977931761542154
6594633500499906768
7666860636158763270
8368543689615022144
8607789931299865353
8697717710945290529
207863793754966787
236968646541921223
263745257077231112
272365047083772182
325621907058334341
440502645585673288
1237533548018212212
1265783793265953240
1300301844875383184
1801546662965214821
1868835759436550210
1924282205616216610
2033447346445591974
2047892705243292192
2055338091098903112
2384555992876230192
2415848815005681675
2489744352384258103
2678236667999359961
2770999702453249349
2848777583624116274
2894460131275482508
2936655185049963856
2960965202839640708
3036816485019361501
3157604217429694040
3754424059482642455
3902871041043485733
4621702631373150004
4746905078234164302
4793981440304352978
5343025216223740400
5374303446120632370
5407805820828835952
5717478940781334688
5817889634271168738
5852456688145718824
6507677959629635782
6703999760587656015
7179322017618731400
7210412665712754969
7246761165786813954
7605621172892926495
7642876478188970274
7965795031068248499
8304700982448916867
30891421889791169
126754674396707786
306765436651276503
323116544718801654
324663973997079407
679004568433689120
813298770949196194
1030677538230603536
1179509219705284640
1604080944120498243
1834900618648593328
1888950175653982217
2120818413478695652
2162851988310862610
2421918134018990649
2819711593460204259
3049689645452189990
3073289529493668629
3076430724411277378
3090258916179511828
3398640675618081798
3533325952805786216
3753365418603047809
3754081329329871989
4197455000499422785
4301506724991873608
4441396688325805974
4514615779760680577
4615527229528639563
4756004195081954739
4757424524096191773
5044003563573936404
5355426476192508214
5571885149967136342
5631982840482048450
5633480869933250601
5773912461559915074
5877965730022459554
6064601767113927348
6287643368409041115
6433638679104246612
6459344026977468847
6485325905526052315
6729505167590970524
6927734419676865544
7078342791949080249
7090097974590599201
7293034850693721888
7310487088806555792
7367717690114802209
7390285007155888619
7942124925911852260
8198242273434435853
8248499140799072903
8374646317073328665
37845846190563156
154705574903286182
170942241693293764
248371426276420003
427740625185089922
588713245185939333
738174789109506407
814335422350960199
906796997174103835
967134299101995684
999864557961885326
1005499793557100442
1068669883598049160
1195157412551171042
1234260196450926857
1242204113317471703
1340617082079893110
1356889200448364764
1591039448134533495
1622384324405627560
1921994729542543464
2216497100776326308
2320539090060406060
2344503297096866347
2801529923461993268
2810965412951798612
3016318578125390743
3190839434867823241
3360364385511118981
3752564345026398517
3870582129304027684
3891240681998679512
3927505990123849612
4335674247106149558
4490218696525252452
4500022648170900097
4500432021344129335
4576028865883476901
4974618730083665842
4984342682717699843
5085712124241774783
5229781460417904894
5248428514206602019
5279510833721145358
5385760362469825763
5562550183294683108
5696011002224968262
5805490217539941916
5890779294241039258
6210193865095190532
6281003694651714074
6375831254568376064
6442765039290369740
6556188102774620435
6887701850208618546
7269687372558900012
7395758187330792372
7405282722383665000
7413438267879729697
7691094398788453344
8367631379840003075
8562702748828315716
8639849134839628193
87778488756184694
128465825434500608
160366968388882647
227654096401678797
295407042472161472
304618165781308307
332457299568065890
351997851689432118
361386386708685691
467664596447154674
491283522060318689
622725226703426997
701253569715095386
916416787970230407
1045533519180420520
1057592900356031778
1339193706108647226
1453949578045946962
1501011067658490760
1522546323379612482
1527353054711372872
1554296689312740398
1586178939274062660
1614630190248548518
1617152111523030993
1955216518052388531
2034912152151806613
2157007137940718136
2468696682634668204
2612240275193050606
2669936643443607343
2840669328647739572
3008974519948256992
3066025243381625955
3070969255155805747
3125256670349804466
3389444756737306746
3392550904156705214
3555138831424579682
3561700866522798429
3813370565052395009
3822098511558038208
3866474956495935744
4203022813678397207
4463212082954972304
4520092972048318857
4642711986824413883
4660029118179971013
4680887963427612897
4746780439616762161
4761584145682599581
5055116340256349601
5177331092201639072
5278963861354260279
5366590275333424051
5423886083514452197
5802366560898689087
5893887010051871325
5912449012125589262
5930358493330740833
6076911025999677527
6083960723756559992
6091937877344197073
6207838697149350732
6715256137732631718
6958801600517466199
7062584597831599175
7093601401444541930
7159062229681075969
7198545750819638844
7203530573675586109
7543100578726063978
7585255847409607059
7597826799399339879
7715280386419886391
7734608017324417646
7759723266517345081
7802146403528456712
7842667552242715724
8012346114702856375
8115814137758033084
8136476893527997702
8283517198752096529
8469074901471208734
8578261348611793416
8683857090855269638
8794487229687218996
8999153639759044233
9005034368393296976
133596067843524948
567665674208924309
722491463308555583
730060667729118195
817489294357766367
892712628701308049
907927624051094372
1042856066994207420
1107508913161240696
1180710703033738135
1215144590079143269
1256592160078930364
1267142352296524112
1301270311640897399
1305582540406463273
1359819320888350880
1432858172232611701
1477514615646746739
1516090736849161037
1583448783791493684
1702101808122479858
1722099755373437682
1767319224213102472
1786514231145177740
1956007087284239032
2195863389062269798
2237893830988821500
2385532456394345949
2686844211714748314
2750230942607666365
2887356750523679799
2948902562212656675
3093891804908227161
3428609323774485526
3586749366760004332
3731480164125866190
3772980960169700566
3802804365103589755
3840087830198618059
3858794103464793247
3945756899581025184
3966238652666994204
4051864564523373772
4184030572974865057
4210362118660677813
4224400119979636397
4477239907354051523
4580903547422384846
4903531912806232333
4977841715566778837
4998862206119756880
5120896583576533278
5164867743816243424
5689299142674364472
5765792757168660694
5846211291134561510
6035381552853156403
6038298988656052952
6091814412611011349
6162237807268930284
6393621790637700820
6582357528829664405
6589690573097011325
6657362808030427206
6750766765397281547
6954151202243713747
6981239071047886048
7165645415200489672
7208636486109438954
7241489213252088177
7356974690000150620
7528310523084080458
7605558370023566351
7623750828140857426
7732006856289552759
7765174228073157667
7879278978373806905
7963833675765163355
8225547151382691684
8390419733930501953
8432632412274811872
8462514453428328710
8536909751850716076
8709976152096662679
8752174440650221828
9017695195687725762
9118280472975446264
27291350317656301
287422558759090233
391377625151912047
449087557909026673
473971803795336821
541623718947039018
547841518324453687
625050430119761053
687079231235367333
691064811039412985
797070290977847535
1058534608207992280
1067462296177566261
1072789687987905530
1082505211574205238
1103895820201817936
1115716784222758334
1150179843409095793
1290031424442973320
1390657709313369817
1446903871465122929
1598193436368716106
1641113724148363667
1744974300050483184
1793037922794388486
1807929046065026229
1831002210229655398
1868570138458295880
1893942812913364807
1966760188918701202
2000976975439795495
2014455396012315872
2271577795326291129
2373570145415286859
2449540174355454981
2496484699960634217
2657489774370947321
2694189406404752704
2725497474025552587
2863769434695605139
3082282990534882967
3292903090823654808
3371819090244573622
3430518458484770881
3576886309657635181
3612578474937328915
3624298718616235375
3641651661301431604
3673019548394858121
3777732692642123307
3788945686056020415
3936416048516181688
3944293739079708362
3944762286762136010
3977080382250504506
4088007726678475438
4200423132520083099
4411911709588507388
4484841040251791499
4552736859309163672
4930976523320494847
5002335362562665122
5268003937123661824
5308983568676307811
5493088973623863849
5722090716270076754
5862576917128785178
5882573540155049797
5917949075479317339
5995272216496760564
6055194051568972901
6060286106709200306
6177822235050657617
6347487081874465571
6577790730968697336
6600685668653835366
6680586822395801221
6753821015181109902
6994530427213275090
7208907536767060662
7262360277072793334
7278950272888092670
7342124315556088880
7391990877681298474
7525949663067485295
7633142882012278469
7915441235162317384
7968223598888957666
8088697265586816899
8116066056795754166
8173972581501901722
8273149548000569567
8300328236354706343
8454442771250794067
8468544649430402008
8507771265386311741
8935171834770062006
8997642893857160073
21743613564563388
317780321972689836
346681963092356984
354110811152536046
384655567578171839
388131553488765425
546884812600861755
669852554256250282
866782983647251020
893851170047072183
928743269845557582
998762163433776382
1193744135073734136
1309991656215359963
1318862820983717374
1394255216187901130
1538188422397148220
1619128312760638945
1711999426996577643
1755977064106191572
1855263708895400626
1903126692699402750
1905099040643351014
1923369119552337549
2105047120694467565
2183910823691797318
2186186844240201043
2425896130133121533
2449271758637211779
2463609396445841269
2533225084116914625
2805786375704875363
2879543841308107119
2915720202239495541
2941749530212243947
2968077178754384357
3065808317316048020
3161965528301041953
3276126920422290738
3297204460761697850
3329656185423728375
3679988440831697651
3738804163808186901
3774120715791060309
4094776218536082890
4137650961410036135
4280429617140466843
4281471962565059566
4348156091697805878
4449894565902719442
4615695753472244018
4836982228655435119
4851673989051395283
4883404877861825792
5034148670274197031
5094042512578782196
5140265162668011432
5338576696493160284
5770714049975581807
5831530920088404972
5895567386602800799
5921210586593457077
5978616828509201533
6042631790491157048
6231692874821874736
6281947990657675895
6374039600329958491
6461263186366431485
6463278496342095935
6511542186488046992
6568866252609983020
6670878990610151696
6700275270218453672
6852055883563640384
6941056905566819826
7041927388088411940
7057346103220413203
7170040615925645088
7285249320559193574
7305133649773247820
7325804113888634389
7347214145811841882
7348979317390896800
7352358297333375378
7623872787980822596
7810797542106798289
7936425997814413057
7940387515209645759
7960889275446141296
8119609501657428176
8236103860506173367
8545550451514169750
8559188747429335998
8603752070614879475
8670418198210516611
8785538319635912906
8829633278830020087
8971968968022499777
8987108782092207149
9010889914789504877
9034299510347371108
9085080712138730807
9151636349088709427
280709656807241599
308411747477171294
643140703642301205
670388609467545171
965612135352471565
1278700827945642254
1350413839025855410
1383167155462027890
1677468734603873586
1852572909897167493
2014347145775635505
2282594808462221878
2322901753700793760
2347563964591641439
2586969348190282650
2707083321643435766
2788520858794382255
2839784605390911727
2850445863322062774
2942722959828328355
2966134797902395743
3002045369453359666
3024194284294772716
3074748000166583059
3079137356341458087
3221610893763625796
3238912895300738377
3290284625409113926
3333406485797658081
3451804239348005667
3465093617585872711
3499594637374037998
3706496620054680455
3785649283595597192
3879960247905205542
3888536916043669689
4233061545225882853
4439870047148369865
4709153276676727259
4872857150356040125
4965299247492554104
5005349628280358761
5011353630709336012
5017880639552868032
5018586021783726255
5083064079491215566
5090643972176427403
5130189814084429535
5312582466136735549
5494219040352057402
5507588465549366814
5538677634638912778
5783568042224175063
5796805227963167639
5901720096656275539
5904423863678824134
6288605045983137075
6307482561188998765
6441995474447300342
6510787931623374129
6644189462248341751
6813952519068690770
6904797054855735108
7017276273390604455
7083122290157596577
7118143242371027991
7498394912783518077
7605552514741972557
7689064906573695178
7809307568785372712
7934024142556697050
8230144080922046793
8279156618797084963
8423968674174974472
8612881005417565144
8684235229445928557
8821719284249381218
8893548522235852185
8953336470181608941
9031238442892470355
151785085036739949
154923110779776375
638190867363592813
1024643659842401727
1094961767552052653
1557018315714964309
1636768293869344869
1693062733657785928
1734971942498465558
1907990563092200995
1966655318264278426
2040798205800502153
2071380104234485867
2093046970253311698
2177226379041490886
2192627743713501072
2255668402729012520
2433667703868371431
2600699950180002535
2649627288801728407
2769462263128439737
2794750935046023541
2831501691811457997
2916798537777179387
3175542268344759765
3403853672777865969
3455752199532240135
3563248143932516230
3745517566472027695
3855355872572939953
3860824397730725452
3907805464127162231
3982685352809668402
4034910844221545806
4058215203488627515
4090087268163022183
4193171953405387222
4220249020670397024
4271087835214138202
4314811713399149387
4386019958982156196
4389246659954715072
4543133445117397834
4683658292789465203
4964412329132052427
5024668705903713851
5434457312271923560
5446617311975481822
5456776757029345988
5692447911885955247
5715305323793507430
5764103746197346851
5889169454166962684
5956220681488575294
6020598943645399208
6126820665510817443
6148192939568231982
6314501218142818937
6324957517177597728
6429332911100688471
6528297978753426309
6543693360981422048
6650158177795097535
6732155234756441921
6764541582428911098
7067687123486228500
7193821955523971383
7248235168068549213
7362594635161760615
7429007309520764758
7714540004017364186
7781694237301777032
7789060761115910479
7989101062283562288
8120234354429816609
8278915713938325820
8333023575502952269
8434038996986306557
8541019168274928058
8653136700935519986
8787188713767794809
8926941898028360070
8946057354031874714
9175253978388960835
89613440749074913
133996371168705999
326215974427814892
748568910361475224
816509978479280311
876852533234717549
951117447522332055
972473643292106515
1063451876709356127
1312429363148651198
1517073015228895095
2047448547747663270
2094576368107817014
2244617141556399813
2288849429331113797
2565795524595823574
2619615834136812219
2635305054457033942
2782433460015264113
2821777813067378769
3149688712966272754
3195297450096794172
3247917197299574257
3299772380322663149
3301343302067183555
3311739297281047774
3329135231110330602
3344435194202084587
3386266635393052887
3442473839084443789
3610114321153781334
3770425365548159783
4005033131547939624
4327630878755106887
4521574770267043276
4521715566862237050
4597256640230266265
4736578217212375796
4772639944940042408
4894509720552698782
5008982952858675453
5460226149558598374
5688994972564423347
5901258971599461320
6261274433557012735
6300601828772531112
6333672273651363343
6791230128043133213
6823935001056566467
6844980193227600596
6897254422883221714
6900287736275155957
7009754385405640342
7047070283545684566
7192445871564974937
7256649566091143855
7505091453797462439
7729011638993244022
7739873813645813095
7855415602858597625
7863148190259274495
7904444026283447970
8049376735216337367
8140208045357038509
8201789093613710202
8281148424035722812
8437733540495485749
8454300785143300951
8540238787851299420
8963283949104698774
9075793062104833539
9144826597868907219
690963307238389756
822024090091978056
1280085925044407851
1331845647492171678
1413445080420688946
1440706261814607085
1543203444829182654
1926797433260105715
2008303309806327512
2012829976221799916
2210554993329449908
2217447770825680031
2246705342492766443
2251092471147885061
2281455721652377833
2872356843885933111
3047316021291962101
3196284618950804319
3384634659701519443
3556783430993537679
3844767859835917096
4079976064602924924
4093472424050537126
4243964085244208483
4253331190313252363
4472204537098140345
4495941042150227644
4513475112845737772
4529993531297811862
4731943356514934133
4823830663176388503
4959676152759844182
4965033429240888721
5004060205582902089
5323147131722061536
5358699389403879059
5391297874413403723
5655587327596844828
5901389929995544200
5959735303181508139
6163737964896236014
6520143292739858142
6554223902270093414
6773183908983909785
6915149552107983723
7128813307525742270
7186510695383081803
7365017039749082251
7811715640206376696
7912013840538480491
7923490949280093112
8095119638174424622
8294846378461615703
8393389101284480199
8421302205459370098
8473405216927489437
8615369930969675500
8619519654011884606
8679547940078622063
8699936858946258682
8854768045087557089
8879282738913044407
9168699715194035900
427487311356028014
872626681779404631
949939801809942764
1825395435829082367
3129901563822578523
3272757357443735497
3313106533354035607
3386331411862570616
3590820176271261564
3688207767605996993
3921852337390021351
4070456134387296742
4164438760028313082
4665137396839188938
4854409359334018967
5676116592968260280
5937822719180385145
5942941607416230364
6224789825712488244
6280185627251333558
6319920998188464494
6336841906579546894
6557126002560552334
6689726345295912704
7290593163953385245
7331326951391854151
8002365963817007578
8098499070828701407
8248105067235036101
8258508654289676781
8337392437158992173
8393613629331516277
8550569236583050658
8569917942788108721
8590504904809572853
8606708183278244202
8833612435715706362
8931784713085634888
8932915776539293017
9078331428186711937
9135322529254532038
895354203134637894
2206680090669605803
2228759370114268884
2690722166637940722
2780681256375607609
3428880848809140191
4264760663831172717
4296090977973241571
4383715181719319645
5511257957682531295
5603898347312488190
5664234951160032140
5900607346234603765
6590904322507656436
7402989181638048735
8051063859799590733
8502035051963988901
8706464968745594364
1283654943582772991
2514127572647368683
2638963968204532660
2789890726106450913
4104390328315794941
4117237228218545935
4500309613614749546
5719320229975064023
6239715829947258555
6387202671889036974
6617821651943402337
6848840505233448948
7475322631012948661
7721059236976205273
7722920980876458982
8210870738709815179
8213435194016502515
8790770191710259864
9070750511167698804
1706230891836966647
1795775113270583482
2152048210392451030
2214589745987558770
4064321032099180478
4218966449377500926
4952896740295154171
6581957628788462577
6898960887304599358
8559631843893652795
8988929753960744917
1908751034197736437
2244802222648946879
2735921637081463899
7731906159737908591
8928915902798757687
9068849919375956457
5329653910763183811
8283453694493575131
