5126974514432905762
2455762674892038420
631492589499851404
2685904809054721297
7136369940098581644
63563394162905130
1478826384449487886
2095677985311182158
2383218257817576476
3339536535619322979
3691137947391881248
6420637149306342416
8136352241418002581
1605763644583986342
1756949962589290559
5648748767904704586
1663598518172184490
4632843752230548546
5429745942057338250
6308219956113475274
6370399790279216715
6919703865431338658
330666823181024297
1623789975494902599
2066961688881112200
2524504925633053891
2903014145912389552
3354458492857529054
386505123967048402
684442555330607468
3578435545898622249
3673301674002656269
4866376589331471750
4958734323704247330
5894874541062892084
8428266964759904884
8663246444556509347
7682725047162325
156587907620233829
192885662390074100
2671347915602639601
4779371245274234696
5005677595886448993
6429410238400636215
6468546058114483401
6698059018564148127
7021446925999157759
8802270832604041227
847509847638743830
2743506212494880474
3668033314248859463
4173233063532551728
5634166333344731886
5814698319594026386
6637768646093693642
7828740378855457295
7875402375368887773
8725496121350868693
297087482350199376
612330337732733307
1503271739522012868
1588679741176084086
2084019324836005263
2474465200774607547
2779676117376067484
2914461666980438318
4333998995818224671
6375697788287696158
6432050429689318772
6578174907264322616
9016822449138445301
1145988658717360538
1850922536541543126
2178151076912358437
3024497680704348110
3304465962077134534
4565529038771805477
5034700699071899928
5271743515835738665
7059888618942977848
401205684189145519
2217867895828431854
3165529564095507078
3318650061732880352
3961420289692053930
7316330454967639839
7367026654652414046
8888472509897102770
8928324452510010970
1884170643494329405
3719361799504257567
6602402292821271837
8374627969009351935
553867066423176445
1591446166903699194
2693107404502866780
1417289841049849587
6844328437505209487
6738646310023723987
5448691443419168629
