6941195402675015808
19429595091372824
318665172626639288
2330710736889792948
3891252963160962178
5196051684464394288
1187855195699306732
2666274330783344029
3483988526591418386
8257360929450197427
80916208915882340
1184790871258728333
2882345660712094390
3278990714745651784
3982453391725586984
4790157118611366544
6775749754714447926
6919298399819997367
8935285152583844812
45295073771331665
708050320525206220
1171248400939240485
1281304154658332678
1310103843535030354
1930678973959536684
2312144175887111234
3536568982443265718
4108005070826697544
4633749566782577681
4675170171418444459
4901869227165671579
5419360984160888852
5764778061700853261
5857567385630109234
5864520458345191424
6270778838299970347
8254132637011120129
8431323993328569993
8764358208691126402
518540146964473368
653905255659357836
754423388583485651
843075573860346901
869480148129254149
1250540140907484160
1660581607733533809
2282501072890626464
2327312658299187653
2419641366793456525
2544869372848053387
2637293001725391521
2696570143470521824
2757928660331740938
3749893756235663445
4627673201456720792
4652824170953189884
5233303078347768921
5865992502277053504
6106958252451446970
7668620268875353090
66538828614044674
220416228412421165
320298470601133012
345216723710968080
355810766184763516
364629187922308677
451156650502963319
580561926481454544
630549750470133927
869874114947718982
939744584370629227
1072439036056442380
1088878054134026856
1160141279580521716
1176940409956791571
1183008644182411726
1309576368031973658
1446971039142135859
1478278819887883713
1597028824080997475
1668971053372252341
1766636501754850180
2133099185444046040
2384446867012851049
2499534819256559928
3637997625187291682
3896144238794680327
4145581669765410840
4200880725769604800
4454086843192841433
4847247618503375938
5340245445528045186
5517031707639710724
5596291596962526216
5835092199120919181
5911838185996076971
6059708280311932485
6209343555942284301
6631345958560401704
7002711155219403106
7067105702171752460
7208195678094943235
7496250578528757498
7521597851426889568
7710290120865041960
8342894160244159872
182768336547338509
348238692175450473
379517898716982179
468431342736028412
489884679125717582
637415844758743393
828770481693051633
869624084944849600
922446969713606778
960011940914606177
1037578939775190070
1046763747155270260
1296441087296739352
1470926906643065623
1482499085882819007
1544749269449276998
1586166578649269700
1888289296096598315
2383034487636899008
2524590234467521351
3405026058314092365
3526817983262396714
3736866328299969356
3807332673152647401
4120913656341111770
4432482193256319811
4686122485068076510
4809740154701239172
4945543987496456345
5234230749813746156
5364210850975046961
5486795784623451235
5558087266799979684
5789962061601599735
5876164119416883658
5912389665689906394
5918857854767126386
6147638896034729676
6207937711132461122
6363179583207018543
6451345041517668936
6523271787826499808
7157093038096290645
7190565642415684929
7194680200731535042
7230358530485919082
7431692916856709185
7503192913092747438
7553245044385849980
7651938782963276120
7929904015392503940
7973394585126842849
8133713754915392654
8654601837921476679
21996414661569382
76786281838371794
90109878150620002
207177814641215468
218839110100956132
331121196389984718
343154524872097148
509458990939952529
758455167692148981
781518937403773660
1381027838596837006
1453530756650844881
1586458483980583672
1696124514421492513
1735600528377358361
1783507826272359522
1793906342736666732
2094545807050971755
2345124429946389801
2436987818540064266
2486315492406569454
2614489709723584470
2691984003007402855
2940338473113480512
2968032418548633914
2994227601881470680
3028739191304563206
3119023446810964010
3465391897587601943
3718056991132485339
3855122308646242269
3992458746807632024
4314490458025903698
4473068690332129642
4612778036837919201
4654224123045867799
4705458866318723774
4819424271731802903
4851114118158756960
4926956480002998043
4992279603611851568
5134737449885573019
5159297322870459217
5284384887017085481
5347045774973994773
5471002913562205229
5471049516130779756
5814293735602174436
5944085652052906652
6257188776745675473
6490465408255615688
6633462729667836490
6637357838400511090
6777100662905561412
7127580858822003492
7130690805995906880
7182151293453519468
7325436353793509132
7942213933164921729
8081504458246501893
8226541113236035638
8525368222162130714
8614674042324257256
8710179218508828801
9176305432271310983
45872082095810274
47466250843649181
50211145526101631
95465173642019837
132018415493098623
193102426609220052
301955049657973241
473746267329438417
507965235482536963
523776675946065328
541816670072335974
627601946794875068
814519622845505199
906843432877382318
916012202761743264
1065319469964142179
1073700044365006195
1113383614236133511
1202970238264969254
1228574486780270268
1360993247371763949
1450569940170236258
1589703399651554693
1641404168381687196
1822054529250189733
2189652705454106597
2210847293046608910
2261590387666538304
2292469039710308290
2459921463364376422
2554777141596089034
2556482256492792228
2584690302001136880
2617890076623949732
2627989660462763476
2719946325044061980
2740482032012823566
2781591830255492829
2853257459902202481
2866741995531031279
2866971506752191875
2956895562239519295
2969578784261986136
2971338956675266761
2991406200461616189
3187647007006848098
3206840116196011299
3248125610563788715
3255519379268180202
3373820956976678284
3396677704662713275
3531072635018077261
3586497485694176086
3613014555404357087
3692996209819482533
3723075515115720816
3751011188878628085
3928672270971674961
4011504666676631585
4091013740556208605
4433950402568431740
4652190038681117033
4682815508990849157
4688580736159384302
4711044109787630392
4729193482010745606
4776496685061267503
4879706593855931931
5251408898666709790
5346232874885576765
5416908426063016129
5425467744027677906
5506051734479457012
5513859948917017476
5569521632476946991
5720242302265085269
5772845619370347375
5854894952859977919
5858552186153539407
5862924126277145322
5976572270466533265
6377391390758570759
6508175411696255779
6682348065709155056
7059392865422259832
7297671704127950002
7308317924456554672
7432777319118416674
7566578777291654154
7893605157821093194
8242174864808233324
8275684279443976837
8580424711394873793
8688337422665141825
8959689401633929252
9021344889358645801
60749496160891565
202288062399554673
217421820641161761
570024566484327873
580207945459951592
668150155000069728
691944435657826082
897117405919232998
941793447625873499
1062025482706371487
1363031108468435063
1369953923901533369
1419349019138364343
1450650353115750968
1469160380199017826
1517348235026729457
1535939048322268434
1583527943803773357
1608842546357208319
1880413785070555533
1947586475833971026
2066674546159144372
2118542348088438290
2231848270120231321
2338148652959975434
2396186995970338170
2456255820374509647
2473773157929220717
2621656739948732520
2726707806423930464
2775949514793521611
2920943620538387222
3157355574580016154
3264476706624130636
3291417472924807397
3328443272218718695
3343344644691667265
3480321324370749928
3492689115831397831
3724540610788663592
3792681934528088408
3799939078954782923
3808677386085040518
3864832590456266833
4011124774755421390
4155767417529825627
4234644214618276235
4287058520942857867
4294769698901184898
4594218307046486945
4685427114684735242
4729303926189343470
4731605553248971890
4958142192238134704
4981160335841337035
5224936113536257338
5277769640237861491
5416544373649232585
5535941641906442626
5917184205079210800
6003046621534460196
6101764914750949096
6156186427138227216
6289316498789654011
6324262483319544262
6413840210684240239
6450666852980476760
6486657834990307818
6612516547015048844
6776319493671526157
6841614465547805969
6939360547074068868
6951964399495073190
6975178855902616014
7003395464178795921
7018099424544301390
7107372674590719187
7145114737666622222
7269797927237832376
7285336679545008642
7364205713612242262
7376883416568308347
7448272922303653232
7480790335117079686
7804002382085751787
7847068597153940042
7887713313567622216
8056965194981811904
8167937502502131891
8459601959276939008
8683312466549813091
8795958688859441625
8921845769774942554
8982276939018770705
87431842567756657
365981694919897356
390382928737571320
447882146946274099
550266362114979716
698054954497977368
882096979160890442
891672802475124301
922813177687726589
965643381788286278
989244918039584313
1038002560231588802
1218197191123033328
1303415884099278859
1374357706982101854
1638756149623500252
1662446874997657695
1761147323822082021
1904400927282826897
2001044586371597435
2187336252441895459
2231657025335329376
2352837080744552866
2354094177825045685
2462546768809780931
2692154339714634257
2693645062985827162
2773769388736614046
2787502901963004272
2837423855357856074
2927127985410585204
2965769208989264874
3005304675627359794
3299945529118080048
3330510206891952287
3347889007436530515
3379485961511343276
3498765539215445183
3545099789371281861
3625295844425685840
3634269708156298804
3635815379578117527
3695071657464681691
3756664266205251570
3951802417733062947
4026542298137756073
4151017516368571303
4344057753633126103
4366263866101634617
4506856668245121301
4543927745876628669
4634667180646006365
4746764389821010428
4800804157716468202
4848372911239304031
4930746031996819870
5080330407504902933
5107577163857220203
5274634776065545171
5473080145615902819
5711677271078472225
5749172804115108294
5930100701505473208
5943415649249141665
5963021058654958522
6039702779960964688
6042910497285242629
6071273036305265857
6110639186071670292
6177088747811653250
6177533073260448307
6178398404429954629
6201912040330352442
6206462896488636087
6249344389271480785
6420059740196992249
6611787402308931304
6688619675014787487
6753162641122418925
6788768977030251965
6820637876392376656
6929739027684596709
7093228310224170646
7095719167698676287
7119318709642691934
7236480709073693798
7462910237341946782
7839089509974004711
7843811942340084836
8080007552763189736
8299444886508345802
8325508072392557123
8343151102746043146
8541198273936726117
8711816924483433064
8746649540229328974
8794153886142502292
9012420198096784228
9116116976633377798
9175122168301399407
144111345700820015
283566846451171565
357384987148522159
481118774095594526
645553676118764882
663102018492621555
860573191016498360
1143704125558578707
1247417454709926804
1400373346061242099
1445852189881057595
1456728555443194493
1529983229097279394
1550012196155005138
1704221417443966514
1851111007414987415
1864660209944690075
1868336629922750965
2396406711841579878
2569123443928133861
2612166316965618651
2613653476944101988
2678639946628257837
2703731771428711846
2709017180117292711
2769564556097369387
3212105849890586573
3236619436209552636
3334789456582796405
3341792313888283491
3385259590037607586
3399161676885154244
3451026798546090390
3546777511350358069
3669041063188445542
3777081248422554975
3793823788421541337
3986236758422228054
4081498243006803410
4106668306086360078
4144795156862377863
4181990578662903526
4313567337212074307
4582358350264847945
4716170124990312502
4799139233498892588
4923874406338517236
5144572484943745955
5166126273836207059
5213536426675085004
5345761003305053020
5635128685050941578
5874599359761305059
5902916232791941650
6101115445243139764
6102051095239291357
6111205255542088399
6131808270315601316
6137175785578160588
6235668319516191771
6290588740697368406
6321507753621455673
6368897357961010874
6461959674805137733
6587413196857559431
6804324068623947608
6985678239193194474
7023349171715086568
7067495514268141111
7229905995395772367
7246258969067758513
7325433901627698354
7509854605666079886
7679631578305805932
7705285890184801304
7806122121898092307
8172781453563642465
8222616870066298250
8360838595827525302
8421282943118852703
8573855983135370563
8677724761149595684
8981311987461419512
9011215407320564807
9118879995939532690
9147579428771141848
319609940234050143
373476117873209655
400133915983379599
471444444327685985
1143201992008284891
1180489064368250495
1230481810408429201
1231907052012748092
1296879875738428677
1435551697028446097
1515223234325905332
1725664043211015390
1986331900681469162
2141779734460415679
2290833786076099101
2295518235916681507
2344010902040950943
2404233413350771739
2409104517569026562
2615433423062561331
2652996183334435409
2705723468320833449
3007987944534716345
3103527838255013243
3190270103563759287
3359158276471641701
3386441700826215497
3391108141941675301
3505990523771655857
3810280470441865801
3870435988705212851
3914386449078713748
3994912713865448303
4371452887111655267
4388839540544726896
4498475587415843476
4816216363764969259
4941941244416225206
5066330112654079849
5493973774692121501
5545109318207354584
5570776358724768673
5808408784789776539
5843740006060897047
5900297698950698705
5981800414436984635
6007988572726655750
6202297425553613745
6273925616823183022
6372297535183028460
6401631441210281937
6601260075526090196
6896086930962629258
6912007455605176153
6943402377579016797
6962046431693578684
7088384252663055080
7148182312857661455
7148292496958282789
7204157010599298286
7258281505891958031
7323960898700531338
7328424463975445560
7444770707014655693
7473170420912656813
7549679666515524542
7558026216120768742
7706467200800918183
7807398384350503314
7844333775338714686
8077179452392015958
8138499073820706057
8145709880090609324
8235473943733179368
8265521431849029782
8571341899013281933
8631201760879414094
8643608446209096074
8690784715929961629
8692138265607437534
9083904535850440506
9093085211996772179
263249078450060621
491872748585679707
554750631450456014
603268759574948761
604963376926866607
612386055835297570
643502949003088850
718979087397501758
908413880337690810
1012734935578934339
1076300176455720226
1121754651192684046
1138756862342630173
1403542671850618074
1502126901792003966
1747285074752993563
2015002404249258776
2094067745629509493
2160931241114662178
2254953313865907454
2565167051905066835
2660806843075724669
2687367942246543258
2798834812260078173
2844016847620700943
2877013914074059978
3025887484823809333
3203595877157477337
3257695719511503433
3330012079321714454
3395349725522188149
3443763252458275735
3473118137142544251
3573363432834932220
3652085521057404211
3665836115152061591
3879954447709486487
4087455631376975674
4165316215019244517
4170387392691107538
4400549754211064855
4404793465427048352
4736260048234845053
4754252328277754936
4884294344592682802
4888484442500693154
4935561111588803149
5390069636117529226
5448697312694745166
5707882127397023106
5795695278003170588
5911659210694576045
5924385383039951714
5972529173462435005
5995415634640262725
6101252380319899355
6438436789866678764
6488980566203745578
6516609363792716714
6565708520684448219
6652684149752119010
6660398268478404704
6763169894819280097
6798997044453805769
6853994633594190614
7337066615647053373
7409287711982441033
7423816642802615285
7606954700967458967
7635687580918754933
7776631439122535295
7894407138641678248
7951689617097327556
8264386130983584121
8416975348399713312
8441195262848743398
8585749846459812031
8686023105842782686
8760437264256476603
8838272387993072040
8880794510408963783
8947321410906128214
8982936320521902169
9008394855227952094
9110452614149553620
9125498457883889016
32592532465775895
531807286652198293
597640479397291363
1413820870491512556
1580976735766952455
1705558877315423837
1729075184621285076
2207149298110807463
2275155280518932847
2292878975211342169
2534752331169872991
3071082036867865185
3165564194159227268
3289190453726799454
3419847071649329801
3518154823893886455
3599313927126439810
3709219513075533945
3923726518839564347
4164338548916886655
4308553726296918906
4408119051018583282
4415896938597822221
4427433938798095036
4556532032101114027
4588247398696019275
4850270356700494537
4913301963880217075
5011916809385399695
5177678674098714104
5210169099576425414
5312674037849009631
5571219454363777902
5607117168748119614
5731756216886697386
5858169163551316844
5901916036296261028
6189009162956577229
6230418575108521185
6333645628477534009
6471007910319829884
6583324834822734797
6733349641236456371
7043285426133726619
7215355904356236506
7367101231491833061
7376061824973141358
7568438157790797418
7577198321862938257
7619550296798077105
7644182192032422951
7668473352565733159
7744841330338465750
7797252810959732182
7832559432575628541
7887191666922206574
7933651023681265836
8134349543125237712
8182438572858764941
8342053989568304536
8349177196377564121
8405580487435508943
8469914865020105991
8680882345080367882
8684657388742071547
8878233635070264058
463850023703992717
801007207377624858
1439136430292539621
2393491118910630366
2476107837668714403
2643712683277262541
2726467485916600150
2824033675720251117
3124551709370474940
3245934035022826969
3391144016655904738
3412309912317451314
3432439429832044219
3579819575667269205
3721888489283706578
3800882922651153146
3810325621917606940
3869989357722202335
4088199320269343865
4279378902979694055
4350377046679014462
4426644613607811366
4493995423448379007
4732822387969350935
4824076183970081310
5140116731025274383
5150665068748472128
5326701237637719991
5429992513083625070
5448108407921009478
5538632447923348820
5581571604818506425
5615900226368648410
6022488010295075996
6152271098197598911
6590329436506375161
6759608482538753758
7186910052465242725
7205731144922141053
7348980936509765431
7717687128188612570
7966390820162479093
8308078743923940326
8322260631252872452
8327142948946440812
8449754509420092111
8725213260523844221
8831161254034482856
8957230152523772381
8978694341303985321
9053949097430911288
9095488646281209081
9102108777128583348
9112195122550706965
9150236213084605082
854551052010563045
954433247993175976
1439492704284557686
1601609106076458358
1704392452544483050
1945413821434957686
2014339301830414399
2135530698107008865
2145318043837328862
2277679973934450878
3124897286189313377
3815600923296066835
3877334014852878190
4350547058408310525
4483726083365730010
4564841135864584950
5088200947222087669
5241490229748772063
6462578415950940751
6517061485636222969
6788835861448359247
7490210749147156945
7560953742567085518
7625431387774090737
7811100683983939963
7880851980272251825
7973763513228029372
8052298913254433228
8202425947010151731
8355651609158258991
8386717086405582311
8412228713016899414
8484661169486716095
8493180606638206556
8599323772990370027
8682056336842256252
8852610982124313441
8896129764449870815
9007125834370306068
9055773168940359147
9104474404332866038
197137978552807357
1149507095921813334
1673293338112223091
1756295336310898335
2095262126865513779
2304481693292357626
2517187556418501955
2519970360137217977
2628852836248688318
2710863498817068030
3213176966582378301
3393849123424485662
4282009486369607391
4438501921449778883
4439544905688626406
6106860610366785944
6250619316991927866
7169688956181338659
7346764388866779387
7397975953656248558
7668156803990854539
7680440415894821292
7747835300538449605
7863136610739262639
8154393494787940233
8394684295581035889
8454639078124218267
8489142336888637496
8566653204602992059
8728886876957638395
8966073841532401211
9035183396894519929
9070384251224768189
9148601891258403592
9213207560909011090
2141420905589271288
5093271822767479191
5133366864388193774
5149533811271749230
5679838056764337021
5764128091473335275
6024094907285501310
7311249296504166901
7773587294832801175
8320514205486743274
8687398639739810558
8716152944872859292
288188983132790315
3565653500668080850
4366507822783878859
4475721176649170713
4573305317781994095
4962561799174421110
6176328124939102810
7518357979893988767
8411961482553720743
9053577586125754355
1917825064640607103
4445034111975736237
4602168024605714044
6478424066962911126
8063940984462832601
8572007913558586028
8923876334995497249
2411096864236496823
6187768714965639123
6602134906983980277
3458297976275303355
8645615982002387195
