1547554163683255328
2216952104755942020
2451423951180633348
3914197657921413169
288412970742657032
333623717580678278
2504109767042566147
3756198403830729472
4617529075021381877
5927348650321154088
6062448180712593772
305269648283302017
923946803158778178
1163089800152175134
1875969221957101673
3533971769346163040
3963335384601468672
5550764539782972440
6655194951724052812
7075231158164870744
7569293480389921600
86783775546208338
450453154236549413
532856919329643558
586478416137225542
819676102899818324
1257652355900026922
1444614825002189365
2537798485982639616
2613384554772423841
2653768395353268912
2713660731266499745
3460614512214865118
3624371169711435104
4182861951393006920
4622414475890163741
4758180671187120400
4876002589006922070
5204064835181011110
8507338256942188982
452165464356182055
486882480506672174
649094913817588973
666811097302552641
763362829751572628
889205978524060127
913467569642426516
959556442276245180
1585906057461193917
2389335044487181831
2451301650880324229
2821941682591761005
2919622036314997002
3099049263110626709
4041511769360308346
4445167255785652759
4634526618355736644
4639298261277500159
5188184143667106958
5279949964370414425
6544506608372682712
6990203097471205957
7018825299295344655
7062175322195683808
7722985078004754436
8142675518883923582
8455574464532065792
8834940219877869830
8836169791767650500
8941210428185682465
255753623003476341
276422910454306326
303926169458609792
371460852131667988
446020044879979292
610213030766223700
635278230133342499
739940832724357468
1220770609804158088
1226792484842939820
1444179976224167638
2030208092943391448
2317837453119955761
2362293699199262848
2758526007998436033
3541582295335065238
3901613005820962114
3923354086015049322
3940934203956574984
4328423532909759889
4505289880625699112
4536541546938502235
4691209849818217665
4693039095135570425
4984374284547447259
5044315511361943061
5175948240398415617
5202907069289226708
5345319652157425744
5817696887126934048
6359689911782557448
6634976374125775168
6654440379703994000
7230152844241798197
7234206323045820088
7244329730580856427
7391084701449871744
7527020366263341321
165203758308533928
340431571917095630
608139454355399397
615610604936140196
872460645947269732
1015711361656109166
1169080161037626037
1266329615029703594
1274982738972644298
1344416419244699798
1423754882009069224
1468786077909320105
1607646601966737738
2167425021488155907
2446521215554164853
2472680533529465695
2596515230323097172
2596862150690351533
2684222304225927590
2772123556959885644
2787912089584064774
3510184764908978505
3567511132342088090
3593055224204730759
4179409574327409160
4381056105890756898
4771989472532637037
4816318638675919777
4943153487842617400
5368758825027002464
5374910504130673927
5787772525241211204
5901058327503639904
6109309640554072234
6242277288554431498
7237611812534982742
7283781187139386375
7417570081131098540
7437176127214536048
7723530528709173248
7825396699971979678
8943625224090870436
24489135100997581
181723661293197149
222804165356762385
297499847234285945
310713687749776900
344790580444370109
426541267419142890
857979321879640277
952602998382250421
1056035063576275985
1160668782573414439
1227527442133537566
1237773245970990512
1425459882652956748
1450846984645538608
1504599407268498876
1612700613186835011
1625052024547299587
1872622375676177763
2051043317017682256
2081896190272043700
2088280789904747666
2392855807659683979
2753670156339912338
2829470683696847974
3078940478833180977
3300756466716402392
3706700907238673526
3785472552055970584
4021010797408114535
4035309315047809946
4330425830484461112
4426644960192843816
4438319448093887921
4507230078740033581
4757027726202827627
4830707916256285893
4904369724879422553
5567614037121117702
5726366099362448398
5791969769553299947
5809796953842414966
5914568903889595336
6064172923341969020
6377280367697396189
6584624636353155237
6654863262454280257
6825384594459100911
7210220218211746000
7298933846598384128
7561493507276497682
7614539114303478048
7945278813972420712
8198963221320895877
8216659245975671082
8293206576124199021
8323637390859510991
8497749620247282146
8615001926294782048
8814962966153996896
8967274268014018602
59976526750958303
71005843488293599
182909128912901945
228410046627385877
330007900687945746
343712084282305660
611045057364795441
661204998966625700
698114811059256974
755538005661764080
797148870829335482
827063539593572431
899560691466525697
945941493929727042
957885241296176926
966340811576021546
1009704950104002307
1208412622587461410
1251271410070094371
1344366248903477307
1452369457740982316
1461158969259561925
1589448969549515321
1715976885654668578
1954690047715682950
2010267911822127754
2162186790334642477
2164720544569138008
2354877460733800766
2401751072339491476
2451734952495809400
2489500846961385765
2681404862984199390
2687282466859050238
2689819266382345444
2725480844361601906
3069530833347627917
3259275822917706592
3382331091565386321
3388185043506174552
3554692141781860481
3585958708624004681
3988575845652727952
4103141837791394244
4211006793291181599
4649906689614823761
4784729036979198612
4939623006023060724
4963691305684491833
5107842222629788039
5262482073549663730
5297383569505840502
5387547095751555420
5450453453574561816
5479843663834324195
5782065049644178999
5823173015523974138
6392055939080470199
6444884652200469656
6684260907610436236
6740061828102575283
6858142367926029125
7014604613353777604
7087579450698693216
7143596163208840081
7284100607239017418
7361560078056896050
7417720716887902741
7495088645190295134
7503415785542126341
7564518023214347557
7810445287187334500
7812938468528114797
7888708024899645521
8309154127429681669
8322885466756389565
8432238559967810644
8439834747557234321
8541837163652723243
8725189135513979719
8726146492304946801
8910943831942370838
9005370943303973389
9107919861184505928
9144713133765510400
41928533610442755
112677947276050596
152151959700936648
259780272621723023
267909833385620993
395284077743523111
401680594311767968
588098324885583447
925809953017712334
976644632930550047
1105218217161567984
1107397106859003530
1132030833429900373
1140317461522586321
1384315459067572249
1557360506063080180
1654305616636471204
1671559363592018746
1736030872133663880
1820833417405348165
1823624538436833232
1879289849313474038
1912489656924508653
2072027608195246821
2079142571511227114
2157528308974808305
2207199313753527534
2244576960095085056
2270764219862520702
2356157474998446777
2361653108712454051
2590120140121581280
2689430074603372949
2847791539146403553
2908966798333015881
2955374226546476660
3028464634542681359
3067795007145870104
3073167237031430107
3106089004580311154
3221932755745105076
3278413302598814376
3572292393077919203
3618003669630629146
3885108975126474259
4091001096618996080
4214128525635761291
4215705734888061798
4250743993682986544
4552754270950413321
4724993193282138587
4976536763660992947
5002275921390760193
5021979007463738200
5100944196928529317
5307032755217052987
5375668601700764571
5478481184573181125
5500748198466447809
5517895190899036858
5554653448982898507
5886154900217649953
6101696105136517326
6163822409587200023
6166448857630587559
6252562851093036516
6381292378812614528
6395530229482001034
6562961847473591516
6622777724720474218
6705726026651087746
7010007708178145670
7475838325813687420
7510773998833492592
7514761549701017266
7605049762225282450
7631117108744768278
7638743731244432236
7699511704136684601
7707588365910062647
7928997605717008758
8120787077936891751
8185934311267680409
8233968764612520232
8245828769904214060
8269027640834650659
8313682129212241173
8387781365164557045
8711070824042049873
8734741103755345461
8770098661794795216
8799842741335445257
8811367073635819734
9018701803491615428
21453653084229934
43662435562534534
93813748840974059
292186169523698314
350967078405863537
404824472819540825
466384642024458622
520912115414344734
650153120925578166
665246411859310109
803902848380564903
839165224456218566
845723741567329198
981644818030198474
981806618532653630
1150518817023110409
1235076211491404904
1414861078072370085
1458688877070877385
1460988108693742987
1553097788705769965
1662458082320677272
1710223578258743597
1749004318792302537
1759572157743980293
1763296177358960902
1819893951652822803
1840923408048285693
1937638061862069140
1950724671956391610
2153919804825641659
2200598056347013487
2232070947154460806
2312399888450009654
2417707488523551391
2442909188550049250
2460606187857137910
2478025445529958607
2761846711956424219
3045047830582157470
3252383694488705568
3252536719150638147
3253008350370676598
3268905621676097879
3329734932282803849
3462611217495711934
3564859006093083477
3685052124130974529
3761072066969108135
3822677619337968281
3967982469935768002
4068643779748709798
4109448941214800687
4144063627887690009
4361395336366553634
4390853065826188835
4418541010178565984
4491022232785369600
4508204904162887073
4549625296154117583
4555516544269601000
4564196949916393755
4617298935063721555
4706673345816259987
4779695055332071165
4868289910526473987
4970023865721570879
5128379479707887266
5128648559880398048
5167337187030997276
5189145890540985230
5212273654129306551
5244336275534106270
5287998016383567330
5557085492795792344
5595378721677229156
5663319738662290860
5692961878214838004
6047247633682127880
6061949335483723085
6312784693397577810
6339110732681353530
6352979532154523807
6501130331279418473
6676102494985101421
6678697983719101198
6978495770391914789
6992340451847396223
7053773843334065005
7060168511385207496
7094719662009375383
7109304187314419874
7144006990231884855
7232141109218222438
7330323026121856392
7353022232458883399
7398321102276368560
7413796301114934705
7518724861809893179
7757783871198024251
7807895488048083471
7816326085408404562
7930760061695434073
8338239313505584336
8541520151141012940
8667282774319867223
8684874434012658522
8695293167215683412
8711393908010325254
8987436146271654352
9003320479321588547
9042955953794155874
284689124863044727
313664021018137508
336274420938507548
342971891684468942
364701765776381924
365669817202377471
844053029534005381
1057551194201974029
1199643186684119780
1225946416500931402
1422885903823677331
1587340648048870896
1648643663473630159
1741123342180965337
1968789686234990016
2107519980992790337
2184124755398416519
2471134750109601438
2484631817392626300
2533906985601635523
2607641255051163946
2607675021960606450
2878240829536877490
3115856064543867133
3137319151513246304
3309521538269915801
3313495677171146815
3318317239711120959
3329906106310190191
3378484150278022976
3445667725245447993
3729270742568449678
3746037087752029146
3753007984577662610
3758743371317666385
3800944619903656560
4157292627611149220
4213203859901837786
4383332222401549938
4456110672318195934
4466578764580680872
4564688604799949056
4605616303633105163
4662059489154688261
4747344890437101481
4826034054857469588
4885152756686507345
4964576833746380627
5020560394345669533
5112741017052321812
5179541802992032708
5250263577729757089
5317574946986358809
5421408321212911191
5542701456738674759
5660596858558520739
5729477015877703430
5758471250939790584
5850905676707377392
5996063650695969832
6033296432314344221
6140306700735527102
6145357861718402039
6237109900292064269
6303321028705459556
6384506796962606619
6515276304532355350
6527408110365010408
6545638038117034959
6638472774323867565
6688608159978286362
6707520589764928948
6787136969076333966
6885729570819799027
7091047947641411536
7161074345406461834
7168225415382492997
7182442256792619868
7307411889406802218
7385914878730133074
7405203312639368809
7464355807863068828
7597981457422193860
7635379717765554574
7857050721470418807
7900052498485478461
7926808732164257881
7931552495358892693
7986288718709975168
8092467452604015210
8275843070219004215
8895200947312560380
8989497558222081532
8990348103815191330
9034481991441412980
2391087649753017
107232258785314871
209131933180951505
512717164122578932
530254597315516172
665472307692759437
989019451683295865
1025933017624761769
1064368808781454524
1370149064541890463
1471294572992543346
1564472385033759451
1619595750179967472
1724571251917596454
1756358339903807442
1766643534462098941
1814387282020418324
1837159812539406832
1851453502578506693
1879685024113402361
1939803483710075986
1975700527973504987
2033209854284576878
2368028655453072767
2403719522733391480
2407908725879978991
2546349087345532133
2682887397880420760
2795852594028387477
3097229743542330065
3138628996529674908
3232527121852572463
3234343050404574389
3257402827838027210
3372504724642842412
3535459262644901788
3671769812182175650
3721500382806381505
3736814515052345423
3737181619488381112
3755922622460465809
3790551697436804066
4049834603663435529
4209650500489255986
4252136403173471633
4292888407689556444
4296863732820021676
4334990368946156828
4350589143918475027
4444064408155789551
4509387174861063080
4539049072898215393
4578810970222596554
4827580477120626244
4916305025529755971
4978864486076237198
4982475135868705027
5318984149544166742
5731497819477703746
5889994263161541931
6082916567404324633
6142199901691991969
6149516782451608848
6389289169158729536
6600145533640624523
6647034660482147680
6746845843411196659
6764845385744888607
6789423621116125573
6853124137517916048
6878584346632950557
6899762435755320917
6900149626749946094
6993757729235631541
6999233662708052893
7066424630782604860
7080784350951605614
7156917507146522569
7157762715591425677
7285920990802878971
7309457846634429937
7420444213821803101
7424182217740231850
7459551751340009429
7562429215954859879
7563261662182424952
7602903935455478895
7804385545544043700
7829907080272553804
7844383577580274033
7875582875936734721
8024691361228137789
8183456852343494466
8234848330855672087
8239348051156479861
8616841656048114531
8737420990956031279
8939507320219106127
9019274694469934178
9108892297867728665
9111157972167405646
9118060318360799398
9138769256270931437
139556991828588289
1024821302163657543
1322067707926105571
1375790240698635770
1465621609797057450
1473174551287280104
1476475220528682001
1724660016096535995
1906023670290311792
1993645237230938893
1996767974894489144
1997580801199692656
2114593327682853295
2130889635025518535
2147214066210159313
2191958612805861436
2285846477135407390
2419340357969370605
2499391268752518232
2609791272043074399
2658285542838357875
2700596176708461947
2771510530546839412
2953012589635536096
3120193468318497309
3259818781331903912
3372851579024123581
3407702942136753848
3478395870067422357
3559559766522818285
3568247392749696759
3590369349736416162
3763570704868102739
3799191506585154235
4147038223617545815
4166082417748054188
4176234367198008417
4531418802143376318
4536471239742589439
4572825376739008841
4948140226434637673
4989911501015949143
5013812182983363816
5084423716034531313
5241195899383226727
5298712250561665593
5315038439689205083
5344958008900489019
5430341442617650923
5451210833055368783
5484786440908739069
5659853198948926362
5668234811748793651
5745830929739626464
5830798951921307496
5870703577652322726
5975844355894504711
6177003753609748147
6181264402302009017
6244110987565865529
6286192333746357143
6385556197108812634
6397463679276121827
6434194853395382263
6467047491270496523
6582269862526869142
6683796820436329710
6760473806105139510
6852063298301271402
7237669596367943243
7410047424003495298
7412680589709337048
7475551888066890257
7485877363066531914
7572020869724046542
7600351251005952108
7714135542513201323
7860486089322818633
7930491077400837075
8060180191321793339
8100838263828603116
8128041848671096776
8160433571354724003
8293300739929127193
8347270195360192109
8515065949370453582
8547740503176613794
8579663902739614527
8687013648659731666
8699980843536968965
8706763192709446896
8826747727911225790
8833001237020781713
8923812636739201223
8984449958214538126
9015730246311176092
9216944062406670427
24087885988402287
142134909374437625
1152603619199310987
1562256360225287010
1829287668726673017
1845203603879737915
2052488388661172961
2176190462079701785
2298513854728719493
2300720163104813972
2447968569445838407
2805275800310674297
3003570680355440879
3026253611018425141
3296222161191153277
3319815585847252862
3800438089713530534
3889621141959209417
3913053472468094645
3941773141588234791
4158081093257369356
4241311986957002875
4273299399441889305
4306163347438724215
4393081915673811502
4884266489634115963
4885512422240370412
4986245133524317645
5102692485519890307
5255662913886590828
5473660856504745520
5502227703955871953
5606478997517255626
5637802581841826128
5835197010888193911
6192132454292230927
6279760599702251718
6571494981404882582
6620531621264231669
6668851194815262717
6729729328446431133
6868762763054581100
7060354313117221130
7117779600994851211
7570395388543657445
7613720870274363705
7697105028683557869
7757456079830102719
7967672753137900786
7993095197063194213
8010061674053294982
8068058652844670129
8098841973016306554
8267788881602304125
8286120079094238763
8337142228496422059
8514717180180641527
8531966913169812428
8687268436124854607
8804413914220677878
8822585959120185758
9050448935370747944
9109713412112930541
9200317515622398787
9211358789897680026
413952118611658679
1073737780201247827
1122364786209058479
1650753029476187742
1706574495124230102
2242724683405004771
2293750507712990065
2874606389456242678
3296623330128429870
3347584641361289125
3424459480265890233
3620726565442077847
3644677687378522008
3918339053673101763
3985352439194939826
4241919944284106400
4344820938616437251
4402308595641218525
4429816839702671011
4459950207027998956
4564267813960558950
5152220960399224543
5191836451808664735
5679939713676181240
5723487028170954706
6033554438416258738
6202425127365770876
6288273450269981642
6306563373377216074
6468988848820596142
6724184464240260983
6863353612108195504
7034257734340007919
7083479414865741611
7110432774168408729
7262828424780804298
7304177865302394796
7655120939918600127
7955027420271170751
7992154331185780477
8068009166887989426
8332445658692696110
8417365124376712905
8484114827435990357
8524855364974564220
565151785416418215
1147515595082460791
1601922313737945076
2102177921512505161
2151286094484630030
2234425700299013981
2291513962818651764
2834925010466242069
2843655445850881926
3267289064568281075
3484800509442914150
3742148788048833763
4286492873321963995
4373221816357354682
4380167604839512436
4953196286056774527
4971097119317896807
5110279017944369962
5274768313584440561
5577361307802785147
5615122624437147961
5907310685312447024
5924076770178346745
5925555741148554123
6303061742242481588
6785050718708341949
6890788110408828575
7356351532406013556
7592998377073207885
7879744032593352873
7888957763052715379
8447702956919173115
8461278292117714784
8574819689016419577
9006937952951154104
9168962813560486394
9174087975359736241
211933922793594845
885660178537970552
1098875512387455452
1585226019495131813
3271201572863806710
3307858122959767493
3616107754203395285
4086766964410195711
4531534241159296990
4962542535880997814
4994972674790243261
5166166409166421990
6253062164434484734
7633069407857536807
7925480159823193820
8424052667770974193
8524301967925065471
8541111839226160703
8910854715858836522
9200356139233381859
1872873716659257202
2571551899295372945
3916644066627761469
4262352470342560511
4523792615136763885
4946072620810338069
5538530267958547103
5590046563740413235
5914527983162341227
6682073967620983069
8566934779575138242
8695652825998228797
1584554556139428832
2997125888043220781
4440759993481748341
4552825550685632447
5550320813380075466
6589819998674788137
7272607170280287583
8635462209477536383
8887558085395988197
9077210982964095038
545707942027460587
2082350743722757872
2232482110397923143
2874259320964085622
4881756241918309069
5455647984737673725
7894730474849312639
8330915722343391470
9111323801934488058
6718479481803890541
9184649486341230567
8725722892866010333
6475541827947281525
4244483743514685375
