1952319406500736000
2459406206285664452
1522929419381997632
703129029821825116
2386908176518064201
4622453475709572633
5553514511654487190
618124345636752233
1793286016905487168
2382546178056061585
2405309938928722733
2594322798004535872
3320351535995034420
4652582912349575270
5752789973458231464
55663400116168202
168909039191974181
2386945047112388640
2646005580853287069
3677199130756733127
3843906284678087217
4919624202683386960
5206566240709854664
13944080619118574
136938764849784138
149961903172063315
276488564316612618
551773978032096321
1036026120755253579
1593571761729836118
1815060834029479747
2162621764256164871
2324706896893923224
2514013962438649874
2959053502149706821
4806475578253816458
5944835254538936444
6107554279581426993
7207704171587017792
7513976702413747680
591238900511788784
722548170998998240
781386984448725626
941711734242281006
1166877134131786292
2504120188265812228
2616762910562442290
2793588774715568167
2906535076355753523
2984003794310046312
3789568022564668514
4541901140287553575
4994805077463577313
5018734080587235956
5134605819022695890
5138583142349671509
6809889392740688677
7216179549057736668
7543577760825063098
6396689399793986
73595563598192141
180345251340035413
193662570400595676
685082113804428373
867003132910073457
867855050501895282
1091071093198035995
1181309688527005234
1309466284769106258
1480296146321397268
1545775995201333248
2435794388368090376
2456773442879500478
2774517888474607744
3074587397624210130
3343220048369418770
4691444378097910824
4691903643163717702
4737823067989813618
4740059609418486363
4848813684064052616
5268932298569757987
5516230485403025488
5917547678996699936
6022075054899858480
6451577278332767877
6535877138566003776
7002297266445189362
7379153254397093123
7795889802184008321
6415351059140840
13261090956476570
13856997255819341
15124471487669850
32573997885847560
70709629689292962
110952012561127649
291177023585214474
374692330583352589
837733926110304090
881124039505360270
888659252200678500
1038313234235059334
1057369837412886723
1135902517584618371
1190138902366333786
1630060907344902698
1662765964560978010
1822428714152539124
1834205091868888168
2463588106613853517
2838816960067244344
2900447243970646445
2908052318937752707
3177010626968774743
3334938342127655065
3467607892224787538
3485715797143240344
3498908036890989354
3524915875236531372
3538160985955426589
3639333984552712067
3931788516708934345
4433868910343495608
4538151799543038913
4673628680724621059
4698823478645392432
4711283688656168192
5104759877687080902
5239068276759531642
5766123862945497595
5956146373229331137
5984848044271798084
6129812327023347786
6846447806661562170
6988953325200878298
7061900251358177334
7590910745686835339
7647966036414798124
7746680247187364738
8130458868891397442
8170782351067251337
8312523558893594638
8661905912068614661
8850234126778370242
100639369054284184
351926744473555513
362909434976799423
678708932408593330
731084684717609302
966667914369418268
1037751993497768208
1072629488381077640
1136885815304059224
1138884639478341265
1180079116424284964
1221845805583863132
1309269319260230236
1326673691924878222
1356603859960726267
1504282788968370514
1559804980641151031
1585853740660580049
1833593027966845266
1890325900393021782
2076109976175188579
2108152285901432148
2163476462255015403
2253985799873331915
2297922382595227768
2308223811917532565
2337728808058141347
2346754792664606361
2525020448284305825
2704099768374740630
2829402523855993968
2874215554496384256
3031538766440020807
3175840260718916824
3219266841163241346
3407349977941943147
3513351534928078480
3725206039377760976
3796518887700566194
3842769424710775457
3854976832587834164
4291170306572727556
4496321984200576917
4557185958033755208
4615268300884540602
4647020775418646165
4649204705746697134
4699168668744769196
4827980378617357951
5020889099512820090
5027655543118118554
5338580355665663924
5345474150331984993
5350966712177094960
5418123715428055400
5419546988709603596
5800836013734508594
5819260010550178470
5841491253719104489
5879717616166947595
5881947441918190590
6004289326666501334
6134156418965775590
6242810979292124354
6279868300247531553
6702415902137614548
6855697513876899610
6973483624321983714
7112312612561943698
7227346394200794645
7784482643553764807
7789830066040114720
8231185082086427334
8783194001943314724
24583921448891882
66496682395304411
112688351424552658
122260875535584178
122751505332871270
159392943660837848
293646331254079811
405380823664883341
461967192933714986
608216570259471138
798096186525245822
939592728290681991
945229244985431352
949796667243402432
1147750850493755508
1200776322318232573
1257604254632597101
1362741760683421610
1466754088596619692
1602238456568584600
1776230623633565235
2057661559715570094
2111473508359492196
2122216109464692883
2347822754870115540
2488650236329324679
2542165787070013529
2578752522856684075
2770747391098690148
2921403365325164803
3055089587630647808
3152769639644624928
3320338901146371046
3470258983607844397
3508753713663718631
3509301017219196999
3538075873275832344
3559150023978121366
3605574051564856196
3767329822375683065
3950046348836982866
4236079675409398962
4710646731711537487
4756524202955864288
4894748262716220075
4965256717525601185
5072712709210541475
5079406729495128643
5126333113969871532
5287821751883339684
5597926222618757906
5712852657404130675
5767417750528265102
5777467164251595817
5820451315349834894
5824417508232278549
5856694877254390154
6517325389929780826
6569916163241173798
6926638864541514967
6927599507007117239
6947015501430187804
7092671611866780205
7125626365340223701
7286174394332297597
7314620819352712377
7383331991987524806
7466817291399204210
7514809582820856921
8272201356704090961
8434158250863294538
8478540752989126666
9035795087577211218
9095668456929543589
9144089483939611456
65531912235426725
105152735773774656
139015613598444037
197550602716364888
325222292820940760
351662657760999693
356989350587884318
357099907260671151
404500459888570678
438801998460505133
529849847126245029
596704310732941827
736761395648047445
737236810514840366
855957658808767551
906953968208145864
984043995039132193
1002940436526352359
1082523680152175671
1156506211378917149
1308535774177724351
1344353977561950665
1448468233756665540
1524490854081732544
2271607848636163584
2478422017337495365
2562336846363528266
2607147011198706205
2616278372850051255
2687867530745223801
2704835719116238487
2762251829046713034
2816879950507353296
2988757119396268231
3135075887608786909
3228526566703134972
3542300915447788691
3641459334062486736
3734842821008299522
3817375585055346963
3937417829830192012
3968082040442325659
4054072041978078026
4241437928031072401
4302076127609176086
4339719481599887474
4367877394645846318
4521615287779257227
4691015968776201841
4723765202014454454
4889482900173033758
5028506683717000013
5119415106529405862
5270426195499789082
5382726897984976927
5644777274290065338
5664348557858084840
5782903058657131778
5859322374214021317
5996872263196740432
6071050104233645604
6367650546871699320
6419191378411546962
6667940127836144036
6939150704400777972
7020795327460761294
7065825206400131975
7214227892600380815
7315274147364153210
7347435919336977188
7383530562569381939
7436781720433013958
7567232030651573521
7614111032467422176
7809635755031304481
7875692222649754297
8223991649615919241
8508089375306233370
8511377538843702118
8519214568252832014
8647337290997315029
8750665163363333674
8848396210051650756
8977927898988566773
9015418930188910906
9057880047264255010
9160903097212312773
9186299393660342296
141898455894581961
151130015965417454
155730880822235355
161785520225451032
200813780922330204
218406325688308146
386999975927947366
611269084578343427
761736079341212272
806407145418865842
862416521736146052
941078495008676806
992144418506573071
1020848322431916603
1096534533804786583
1114088118381188982
1379194085127204565
1472860652818772065
1614447370200861356
1657416365602708431
1667398148277623249
1790376937340381626
2050557200741328657
2093889813619890240
2169586120506488982
2328811965008246663
2688870798634485508
2730155845905857760
2784677976142051368
3011811583936840750
3035265828940727241
3114060370453795254
3379649818469479488
3439538798261071404
3523307311504816525
3587771105497672454
3739803148889708624
3878705606723535280
4033054130850789124
4088464793846448069
4137574695662283845
4275123228883725740
4307926027412220997
4485714822002943481
4595884597859926486
4632475210749988334
4744766288365792240
4753753341144539662
4949032923402629029
5022975184250960715
5065487271908022705
5136224571156549081
5194134132774274421
5378196681096581407
5665011576522589595
5854505957932355714
6056037961033771608
6066506884046450321
6118831427092919586
6161132595656248835
6377153260174498668
6400335019437927786
6452588087197351495
6454921618469434309
6520851762717901260
6568171650311229971
6688167543551525809
6816975065398571009
6832606454105823656
6852001457161189539
6902941764465997939
6932314035537995358
7020269318000745099
7123001130699520353
7144047829459892806
7171336494552651369
7235842649914952153
7270237781915338471
7272976962183276282
7334958923326131425
7355818226667589240
7534964824398302875
7580074628931968009
7668111121408947676
7756662502798229934
8192331865577173938
8241634887632878789
8248638464359204026
8271093526606759956
8364608863279739169
8395962007156913873
8463781000467481257
8489715377777433107
8552944643146411141
8730895627990558744
9121106639033610549
106999158612498239
142520496620076906
203076655729472277
237549396204310603
536338055643320006
597851815540493300
636944534805147033
902435959041423331
904153120601164599
936616354983417985
998620911514530042
1060351388010155162
1165168060454533567
1248622130324259955
1413753772716263877
1831079908041938790
1843809204060443125
1941940362469062795
1944582042125529829
2069919382186198953
2164071907625329899
2269164554201256326
2317306984934653135
2410824170371752320
2537599287865509599
2862149063414310567
2913570480433037003
2959260972377030511
2965704991856750077
2992170575066557114
3102812263212049332
3116919351923338612
3211417828016021903
3275310607224707985
3339412161127635200
3703437104868284003
3724634364175821035
3860351929298313658
3966294668140296621
4054802249601432405
4083102352084717901
4165251702260797922
4240978397560721671
4361012055722496729
4526140911475052037
4666133500751632149
4703497829144658503
4779412929031584465
4851812073066515630
4864980974742890007
4982056633434533005
5071787705535182556
5122284605939804581
5124255367072573608
5130874001013274748
5289342950525525891
5542902643685046356
5546503814484394876
5645693830178471833
5658842044012769334
5669663772448087716
5805981419608282806
6019575686006194965
6026004823479279376
6055808830367512525
6153824256231565530
6292914579617301892
6310085890998196234
6364456161855737532
6436506248827805241
6548587699569481055
6578145508345605963
6603768625186492280
6636595121911032978
6655534806006336109
6699840048112658502
6756881173541995850
7102957511907366035
7209677833431118208
7283792136096212709
7432008825676361689
7461210468848451829
7683953700838558056
7732119223631427709
7851691937483501915
7942256288558166653
8165885510552132546
8569286352265771460
8728518163805471935
8796503838896049970
8949008375923240148
8976802042956051342
9017792446275361128
9166239217793018044
245760607746759580
411485659175055211
533917870821929387
535912268330611207
832172197802405161
994454793603784299
1057302435227225248
1072882084067799703
1134276548021393114
1244987948829840374
1253017660166953279
1366834845738835328
1538242801847385744
1649102400964398278
1753012459611722378
1899316684067114410
2000424909894947064
2031749038287276254
2107321801038741270
2215038305068282390
2298253694141064667
2458612979124881670
2506914901224045543
2620268036520852833
2770681402265510397
2817048002954424274
2974881141090280364
3005251618822454267
3050906739859929266
3197863166807760179
3298321344554254952
3356592005887483257
3399220770056875632
3400686876282944783
3458979450927770942
3499525252552832463
3621983344657626932
3725399213760891188
3788202189070473461
3859418045428094643
3894282047865701885
3898665936401276797
4416094585856410325
4558441512914873744
4638452316818541071
4678162385442677699
4693313005319001932
4804699689933621519
4817760313891713282
4869910103515966580
4930129847723921774
5008950285130576977
5152373177390604251
5264215758980435887
5290821270011065591
5409736268533687048
5427610328357637139
5490186234589175383
5517889120972539413
5730852220328415154
5880195038848103543
6093729967832799164
6165208748531342502
6204494987955726036
6244334991270539057
6265113528515374186
6313511419477221902
6510804178442820794
6536149456410597597
6558225732326779913
6578392162670369469
6605735343595879462
6749850215122849737
6780117651003677924
6842324478885979682
7013028100853533341
7159044624688345682
7388372705471969087
7418265233874111619
7647868041577673912
7765979748155278378
7841421135515918264
7842857428176015689
8017431928622816234
8041576947371322227
8047570267184941861
8075001148573842937
8100338715653412486
8308410021517755875
8367378835682752928
8469681027513470933
8472622819431429999
8579207527685300381
8621752629715255812
8756660404025135035
8791765014892762949
8872159562335109447
8873361558431315315
8968621562176410127
9146114895425333993
71298755699128192
566522607997954649
569087213477250025
661291844981563242
808924940576072375
904949742271089061
967099896917276149
1118256913154759416
1479265139115764795
1772692499305269971
1983551345615860527
2074357039452715822
2130295531157248741
2152665098150596360
2165493075531516913
2179916551826288297
2223476451310328191
2404684109272690544
2412431176683652303
2426285073913796916
2477257971324898344
2528856374463039477
2607499083718112139
2754315775780601718
2917593957727419343
2961661727723106995
3164376268343305674
3438832904316277599
3829165877595368314
3868798140389422454
4091367298378474426
4258926008051223766
4304238801652156307
4317717035888594233
4341246490730451916
4382953025680702179
4384024599578667291
4432300730428019937
4533441708477630596
5014313324785188587
5030272094322481481
5050201900323467238
5141946436945532875
5213157221464497504
5269044002214449628
5395265652213085474
5623661487297818078
5649884993641034863
6085663204135811823
6177751895162084774
6228979929282695873
6242745490314307779
6343229358235137396
6483550544509519388
6537641778979565326
6558994914043940146
6581277908940014915
6747730930141305181
6785980577319679573
6835645692030251450
6904353613007195655
6952664182642479583
7001951649459261621
7052040881169550244
7123025512209768116
7164627409781707373
7175126567049895811
7323659688293411055
7348831089708161761
7375046789931702025
7415949458224994904
7442616790088576969
7612865296677579641
7647072707445518385
7786688033154241758
7937200749836905421
7985904691429976541
8040320072061543764
8373058491076565231
8570890632684648968
8607460412643955245
8762665264100606703
8832318648102051700
8860764539803593360
8882220471364207362
8937227775165701033
8964472999853512443
9058305921825513328
9214819675770095150
826402539943643367
893383824762895018
970014377439089427
1105296549788709036
1108998189544319797
1115957011304256553
1155550282289210523
1365990753714489407
1449582666790653167
1564294298842812894
1600403192855951054
2046761158864871419
2086356802834484126
2248748838265721295
2267113080988795594
2374799368182148974
2476092896241945431
2552671940199539656
2619668275958073133
2765303071226197051
3579775599216225861
3608858548322794799
3628165502264260094
3785930098821916861
3790881854908916345
3899804246646986349
3907628067993089743
4008647663519503160
4267065037695076291
4311207863787742371
4485494130242312440
4496861519967891691
4915057605843491295
5173056415164974570
5293540682447780990
5311766126680303460
5349496938425382553
5412517251085874122
5637749492738697205
5748378426850298517
5750278057543464544
5804467545628013806
5872429698929261715
6003111357513543000
6212930833661488577
6360694503096110442
6419847793098306414
6587630787230650160
6680212282698878739
6741658556528038351
6841146638671189363
6888507920967486404
7022641711969214958
7064435296816790929
7141085695852224172
7205429086636432098
7313578504659952621
7399093833510365937
7683565326117452093
7691269357815313869
8105631306207163405
8191981218342788224
8230279243653012157
8339450730152361742
8433266530180165575
8438155697171783512
8482387242083765068
8569663502391753849
8659142316431634170
8689682784429633308
8785808561071196120
8825171340050751813
8869613260499352571
8982942133503056975
9032303060916173092
265695671732553087
576163266067944847
1131436043906161087
1132431962108188633
1224938479849229784
1498391630786851872
1652629159362814451
1928292975960271290
2215189137847291738
2582627849367615474
2592234565347341807
2719927720369370402
3314618858671845106
3322515351782955127
3361143374067255199
3380914690960419859
3410306974166686302
3650671007048266423
3693998230601788462
3886508190293155119
4003486135095960187
4313131654876660699
4405280184251018671
4413888265520861023
4481769164972435067
4533367090815565175
4565166566622477299
4855811126835309247
5017958092034177278
5091300900990870887
5114598964510498797
5415331588571492310
5871944566034230967
6038324263974000984
6591568984564949347
6783712958806035444
6841952362124907659
6863990400771323629
6907912081050367708
7052993317217714108
7329321983577988529
7428485205581953153
7468992142182607135
7560657281719636691
7954978666990006482
8041170150267678464
8142479931899254084
8149460182077572830
8160421282579466756
8363703678961967005
8734343639719211087
8820615919482707397
8946224278530942386
8951860549395364674
9092403121316651443
1039621951755451375
1084768228641600076
1141120360344640839
1223567918015050813
1277267116595879371
1332696874854378388
1474556878027225003
2191412391585802063
2305730207624687836
2337016102499672987
2953359547450723067
3430823544915638535
3732265058399309947
4021058384729441766
4459290107512989534
4511453270678957193
4679648479018573557
5081812443902115628
5136332116222523958
5179455122542499782
5431718194433063735
6011728944544143956
6405341094969972183
6467925038188176629
6602152916188149211
6624091294630500929
6907781365705180628
7452497944507663255
7484202510233836519
7961162114470443852
7993020035465088636
7995879988320446379
8000562270038079322
8100548599913216735
8350138970802804685
8455328931103173282
8463940721083952590
8857371712040969163
8879913259211283595
8905335752566496010
9015451252313114573
9122454766544118163
817803500542484172
1962654630866984585
2197496978411034269
2295705357701454805
3019898665234540725
3955529698874690462
4016903805751585957
4038809483393089239
4281767554029746876
4537912879549123063
4683691855668161742
4855984704357523135
5579106403982718485
5890336779365462619
6160732319626600027
6183156423930639348
6217180993648825246
6845998567047919478
6863273906546733368
6874403174758480125
7147122537501759447
7674043660234543068
7812256441305002571
7816445693537828810
8357429405829266442
8844749164805225033
8959276737335092399
1639309271208269554
2556846253606231126
2619501611717688795
2726664480130381375
3019078506425802695
3435576313270099690
4502356539223030204
4611600358461877511
5077479067546736630
6210872762072741365
6268269536895276705
6519712520853842917
6590924301926811989
6806052839850775996
6829542224258509234
6912883301985295226
8173461023207301246
8427073811734904496
8564043202661823451
8736819737829404575
9158990918474742270
877012762272038399
2224554153877647266
2612043664348510936
5690856573413800095
7472525454521268570
7874116854758502772
8365219630670410615
8497283387300362102
8927118297373767895
1677555119121207293
7528641506807109822
8055648733365164023
8061518063120809686
9140032619866675879
7201941671646653431
8186381629273256831
9185942419875229542
2212278674964347887
4584017860022402430
