3476502042768848642
3999206486130771264
4963110276057358480
3028699432012776975
188377723041006757
631683952886684460
1812719846773767068
2770854342489147929
3154850981997651049
3546919040131147274
4763970964713819616
5509692981252207136
6341917938286961031
7077054970746882837
8386349639650451848
37357730595625524
60523411155491908
456022065502925002
955220615572163025
1749283761726850840
2404976267223209778
4908953977700869168
4936002779264676600
5792311300325312008
6066371104149654988
6418769801963738181
6713358807320173344
8237874564232259072
16911805898335468
50015936377803426
78287416269691401
92062683933479300
108773240805441697
162743849916040989
648700369586678982
780490986354021392
988137823989158222
1361310281887757377
1749762427014094512
1879994534055518483
2347543828292729241
2683239451211658458
2703364017075103101
2828511342804387165
2843496602811835179
3172421502030751313
3537349999543627937
3788732933602751018
4278703187938414117
4752073794544771312
4976650097510601868
5378593216168285451
5386471378732511281
5479862780567099431
5655411056278806534
6009913074768197404
6021615295197679505
6093599962665336393
6534199753063540898
6760051769532811478
7089319493719886056
7523482067341018425
9495771267836629
45171431031850162
570449428067274944
777580401592332372
964972955212988989
1038977082153083019
1172796160844671155
1279813152498151514
1438926342558729824
1471414982871780220
1578105194586334738
1742141063065285614
1764290663830186674
2400741325468712792
2571689566506489911
2747798529202228633
2849967406553632954
3050006260604938532
3374630777435299117
3610436620032991424
3658892543682413660
3779100667129158330
3792631268761511995
3916546828606341644
4116601370461495736
4239174316942180808
4395568763825281709
4478840327690054960
4707146257688303941
5058317601717061009
5205045812138908837
5260544436050871181
5279521289120425603
6361872140426502429
6488010548985796552
6638997634021376667
6701951275675075178
6957195455955249721
7209887259045909384
7567415763687254722
8549105022271727834
8698144956606356226
165186393702017353
266240685049490148
407743797840348970
440081326464708850
482232807838802087
548368264172419166
713545498000642083
741803026077514760
812672485435490400
1002923248570888009
1018022883724645840
1105849785130384481
1203845162375062746
1422911983867545682
1498072745413675299
1580946280372621024
1676926834610550583
1700505584304398561
1888198301478798380
1928129069453635860
2172424558775695647
2239980661229104695
2325005973374594465
2408088887846135862
2430162425124427074
2743996179905660754
2783854053574208849
2933258984977360915
3000947844774551348
3110302197466713360
3153859084393349466
3247813754014974069
3263832382471782529
3288049124739000899
3686209989547056778
3901877217212412466
3991155030291388172
4123117285969399168
4281608537489039371
4423995151972084424
4612327921782580328
4902819702722394828
5015463696581280863
5064301365327981259
5406504375029346889
5423822022292735457
5639401888280044674
5810912595717197690
5812350560209973540
6174515089589481686
6305400675500431918
6437527374334141625
6630530720028866586
6652028654179891771
6667029424106541394
6930196435097826515
6964171746661906600
7224716094365595650
8651204478885405193
4226914833373663
342914102905355747
364446844299151377
390635602037288719
489307076941090326
624446240401888460
797237281108593649
961949982206824426
1153426045919650541
1289753253570994918
1301495595290227996
1359315456543036812
1483115579645052030
1517899374097766223
1564298776864164662
1571829878802712377
1685228035855032626
1783681600874198155
1794044627039703690
1874209006849347963
2012834595245207840
2223723446515617913
2427459145175101600
2455852142892652618
2541402604328017827
3117715031153399872
3699736042678235941
3765945673880228065
4391251999024253963
4403096317973663796
4500222457110202617
4627202491015585495
4652929871981299285
4735025132574284375
4804525216862677387
4946893725764164860
4960667932059391042
5071467018638260136
5074669517580699782
5333874699877273757
5411259694247098501
5506112782172707370
5511597426151928131
5809292164526302753
6283032960426271802
6900231996232312857
7006018257467920476
7087466590497491731
7561025087022353068
7609016326570010748
7693928410267533344
7732719209400591051
7746384081623482448
7758172412783968309
7927519738004935683
8419945774852785255
8558116737823873687
8809894390876167349
8811342291710526774
9002819935789410646
9047904433628214469
9155661450642415624
218815838787700158
288684649763160018
306157304865206584
445790507206993621
509132772665578630
602226617346057747
632266243271529403
713553121061153051
728015215144509688
805593731761766759
876886415425162229
879118331861779253
891541811788860532
914317395035113292
1064814003278718038
1090019317154757899
1454914877454913303
1482466489853032137
1485777795936516400
1524058051194918902
1568031750804888291
1785129933587061824
2096668553065311241
2360688606471134287
2609004016801116434
2661179879113108988
2752476350121887491
2824025631793164956
2965844629237912984
2990799448988496789
3027309082293225443
3201282104047441684
3206566044826784767
3218292596509134776
3218321293322841634
3252976606082377232
3285750453144490911
3431815840400253371
3502933058573864154
3573884988914720802
3862142235383441022
4147517207757267539
4163384369833514548
4349492570145221139
4363109649513294445
4423954127362596288
4533228194217363615
4842835414419491402
4943622732901260891
5087051710381866880
5118183700929664016
5258496285846192329
5283928960331728011
5297554893897821217
5302084546890886760
5333107431330801409
5467552219874151682
5504055663398024096
5642149899967489353
5680273396141147762
5818117391332206216
5887499319437814433
6138969850768348636
6153446036540287416
6313339741955691136
6458432573789088649
6943622433706987854
6952430345099510152
6965420898926896896
6966774642098065863
6973134471641846068
7118828118279111329
7125550807540373899
7240748795211223880
7392788052409116786
7524860769523234912
7545539857302590326
7571969630662830027
7724113575387357568
7886948480165275152
8126615597275813636
8270462360473059877
8364258284931145321
8389125898500546808
8409242506042109238
8490519671404714659
8805894250406011292
8827373221274129750
8838140464417357973
9071658508576892441
82974918290915808
110056087891259833
141629919473710097
152999692994492288
275389151122696412
294597005819946153
336754812713748953
442794105207683997
520857900360920260
529317489185853262
542616849289239655
572669014081621632
588048928660604914
610908912301204326
654543413017390885
719946420716802787
836514061616624156
951483669378330933
1023919787876594790
1148610322305846942
1217620389319215262
1352538764347281962
1580300653692013108
1613029760947885151
1657604065201193022
1681362799960294937
1751739228794004947
1793463103584935002
1793926820714828391
1812106220546021216
1901288086868096293
1930132174475502494
2119861399358086481
2217273638847748288
2278454254563927019
2324038924415606525
2440761730924304768
2509551627491428501
2555764535307951296
2595555495360654438
2657321705352748533
2774276280359843671
3110446709525763182
3406509239371031577
3482913469279472897
3548459024402304071
3624867521021972042
3627887728798465311
3643818716111123283
3886844991920188136
4080372582125940169
4158659495435194114
4190046394158423274
4221373676004742178
4543657724442767042
4669635052981570476
4823813241991931106
4827438341929317135
4830641764490496327
4959934556685710944
4981982726766986175
5141074323235435110
5149377502409068738
5284766009655429946
5338696418691790592
5458490197574865617
5497232105602343745
5526356004691120010
5605896220842983675
5647681844807986513
5974000175297743518
5975158578075952077
5998282425091797079
6089982971386138654
6235989432246539173
6553807842331277845
6608233681887596038
6705321909623960008
6747703967392753175
6893271818178791028
6934947508561749960
7072376393336559245
7264915555096646249
7445968415666391700
7563451195180505361
7628765389949068368
7705890071059139694
7774023272259538438
7798902517941883535
7847245690250344503
7970365307738599811
8000016863361179705
8071139846633435093
8113079091779963043
8125548161097562332
8184842105609462438
8305028557077163000
8386047861689721717
8397632361124022922
8533303578206085545
8782111505095749712
8972764484579711588
129230268351393738
205716097915556940
244380636528070839
368968665003105210
446221046018109558
475605294012009011
653508189008353236
693188642603733106
880254061482856970
904398719302060327
1066459259393583755
1070312030538061452
1179784453900357859
1184431866289192212
1194455441713848635
1319583819104548313
1325223287572745135
1429786645025565249
1529722407804920983
1613402548224937714
1694213198633849305
1957084155692215308
2243642219488893719
2279149987341511468
2310273812003378357
2341203049429271695
2352553007009551778
2361013418839707903
2364173596669290200
2522949778749454846
2599306251969297786
2764745518468429968
2868200924180947357
2885726043970657755
3035092229551244857
3102015688049317511
3113009990453500211
3146989677435999146
3173658124072362594
3202831018280264109
3265519154476327092
3312109052587248418
3377391974472567317
3469385305617932059
3519236082270076104
3643351751722735396
3658751565856075179
3748496111202454231
3785553700075626413
3816946278881192209
3912880192613369377
3996119555564951725
4372645686799723014
4374302426122474047
4377956910318346722
4671617022897859106
4717671735536109334
4844581649010774169
5303526876800162875
5386039214921270387
5433055634032295200
5497929417678387562
5803740903685471859
5806903809221046483
5923322294007558480
6178550224216532225
6337173912305329736
6429458546317216160
6547134422044138939
6551756924749188550
6564814787759566302
6727296076817966993
6759996835969304786
6887278870014541428
7133841690109463317
7384867006217164113
7798560225479007372
7859506267810793263
8083375602900877886
8120052302059953716
8322143595618658694
8395099290920393589
8410515548136631929
8419006510887674486
8511437885717884295
8539112323542657623
8565825622952972327
8630516038865855063
8697070053632737421
8704457309873626400
415376926567581027
556465064028330476
762954903285160525
775237516365113421
778574058470243376
855508782372610416
906374429945057493
941940531370777812
978270546311781342
1095418385045564529
1114617865894900552
1118953888907327271
1139353036293464883
1866768037575957094
1872173330367942841
1977185662741911713
2011763486107214666
2261690847562113630
2321434079365722707
2440405073078296771
2459478645857371871
2477051575936121847
2536097939289406448
2755882019347814376
2802030319253668034
2933565509829424238
3042823212236077625
3044773724177653466
3098268088779554131
3132040795535183264
3246864303323869644
3798247616688286060
3883012811209906478
3942227473267240926
4093940885949403607
4099288396603200286
4234688002357819231
4366416710526105907
4411303240989279543
4543925957139607953
4646133478961704945
4772755599249743564
4792347020480212094
4979803709268786545
5134339361404841885
5146058072602151138
5185454842004817126
5256385580078608820
5492276678530173910
5618109231516411416
5669471398216541373
5685270859298082213
5754155394176388344
5961597857233310064
6068387606917822221
6088496817738633484
6217561938935261790
6219510710312725983
6351174043167736031
6433336175958460079
6470415177544213930
6496640869727198497
6516956875868071925
6554673048713208199
6587667564784842241
6680677307469984597
6726751843377357502
6845355443912002896
6894348335054226524
6943664657591126615
6996833070811988821
7004580199755972348
7067790372179143484
7236508445267119135
7250000307951855553
7358593816827583700
7375637854745570301
7402455699765462739
7533669225224870774
7798127436744588831
7819601787049990727
7841097634114694701
7884307641479058527
7906929815601557078
7926723844800412821
8045357035723745373
8061455261611497270
8170192727621158184
8239053382296380469
8254106993874559301
8353145195332168090
8365844488547163194
8726862764241535707
8765298768056555402
8768150646407064707
8831443360870183980
8892252122031396462
9009096312021917251
9069418016629212761
9143684823727581198
9208130808840762466
201245960353281390
271329866849930237
350008893482521006
423579775047345896
487220968091768437
526069501515726793
834710659850673144
857768349571616024
899359304518825178
1063778415593114862
1145556926799553322
1154587777089579422
1273747997020250554
1374633462511821513
1415452387529432631
1607484639720680115
1619003254496114314
1769069888431084470
2098356016956082546
2257823742841631510
2463827291730166397
2464111415748590584
2543051954550837098
3068867757553887712
3375151702213171427
3519235361247303644
3558927543761455765
3974098106792205936
4033704137369346163
4248262952313254856
4368822874675299933
4421458205554132404
4558584759193819763
4560931565814645959
4646298579426512768
4704871789977485519
4786478977773919523
5007244871901533889
5037570198261285752
5076873982570355905
5196763185262685676
5252450378308932446
5291407783503549114
5514629550268822693
5582662544729158811
5618722957567395292
5657894326372249073
5745590463197939111
5951118770613066777
5966503438600158576
6079418568647192428
6177763677669160960
6208398924819158806
6478928979214286532
6514524465961584493
6536371626383264308
6892144077184449135
6901585135203823953
6972977275699413241
6988246516365822642
7164661264584582168
7170896673173140285
7209268695903785191
7435400984920319237
7453578997960053345
7604621196428533219
7730044566227289453
7826060377554866968
8056991086233490019
8098399670810642116
8117714311234649313
8119343423759608597
8185950766767924585
8190349703586632071
8328191469142898790
8585668955080005501
8722897779332785848
8802596195448627150
8919844865006600515
9105258179395577337
206317839579114386
267427160693012700
275273041408505288
323562418290028235
400202044349919065
529283963701066837
637948790671636433
889871258742422876
1122924291201517800
1167363977189881129
1409720597061464052
1565385734477052422
1627962476632838665
1644510343200186844
1801612301253848893
1880067558968437078
2104609587887922859
2126393007505007597
2247001042597092932
2249352828032528014
2926414428171641077
2929283628736135391
3048689220955005163
3060945731434736210
3124289016542614108
3146571777709634193
3234449872778810843
3357367885662366239
3706571185639116861
3831408231855453531
4239110846974131405
4271393719197687032
4418591116313925639
4452155607476081062
4576242113366403838
4749875759461219496
4791820841038433428
4813941487692669562
4921376027537545533
4929181576809507819
5013696957893557114
5021113080950043544
5398188116496220577
5462652535081601988
5840558418922891322
5978684824824628787
6297189236073477551
6301004482755717567
6331422338430113051
6433982131760257946
6478321660681922932
6832956729597668310
6837993805810067766
6888828632377824565
6950208815289066215
7040205554105021141
7048848956751575281
7233547012910394039
7629893926296090930
7856766037741138361
7892821667363849862
7910688529829972983
7920921521989507691
8017065228992736276
8071153019845271247
8106318296945297485
8128148872842612403
8175525187123252873
8280898171131165129
8354830791497672746
8457654624651689445
8633705991630986642
8635922832089578689
8699508216224843230
8880103033827468631
8960306193746367996
8985115071280735966
8986911366133656715
8996424300644596846
9056579560955196049
9140818210850097832
162127269510116268
196941683612791517
252003700491904883
1055143780702541577
1402685966955890133
1440987885874778456
1510001886912290927
1597276070589484303
1615751842400030032
1831266417319885647
1842727997747175127
1866442250612549043
2085843535121027355
2131502121094970760
2150819422217127213
2188525934279401833
2244706636128262781
2845986618039514062
2913600040731731135
3240479084565031925
3406034070331420167
3679005189906306343
3866208872141273013
4087713741021215251
4223767318930985786
4241699539533154520
4447784231226585591
4479593232051829206
4781365232483138029
4898561423111875365
5266390143018077517
5651395388045586896
5662130809705752518
5679390858778153917
5791423508277663963
5800337244465342116
6243614436582031954
6318630398318476495
6622381478458100274
6689882071758893966
6832423162921871674
7069131670757162721
7089583130171784086
7194360671364670671
7367490659205281260
7425018501263758824
7456504559775222241
7492457286519951831
7737612002835805553
7751733762364571375
7796546186780471954
8214397000821146370
8363947422646198325
8505040738257443433
8736572715435441013
8806352698124834591
8887721551547123083
8926644932688864241
9015580562101131697
9061043323814094471
9094214138135788825
383364571099608814
1005010238556339176
1214374236978107366
1596365391752713958
1917239568924851810
2017435617643712737
2086694972899186597
2260443331306145617
2448219782714485966
2661387570586222061
2794094589091069301
2872123107580376229
3060308572175330367
3197483311964749372
3323395919091521106
3704486882318707867
3984409034781556715
3996845727366764238
4096573416244686812
4105580367008247495
4110052899838525243
4298055648919977202
4350287331589986770
4379588717740613999
4425297795941865463
4853182485476651313
4861579528969638739
5447091648424862819
5580233109311219199
5900200818437500658
6032280927610690170
6115323054528016385
6260660294722114550
6340480369994881153
6462881769883891687
6517514756270507196
6735964741393075310
6925356000881399221
6934564841183444743
6987758731677007215
7043597906848845179
7202271938623360126
7217291307222039457
7500258573077625845
7843883529708228039
8158817825153635819
8239544796409903484
8247067073148486238
8264390891545801527
8486706900238789683
8518329601443810359
8782428002799466147
8835447827380273347
8982258163620542314
9169917276498889047
980673884482615294
1077249809894467815
1363022568297772911
1364019612359769447
2122032460588301923
2246714047724294511
2262431743355625401
2684144999646384596
3507052195302282847
3697348194624484022
3993548156820903090
3995729266476118585
4343721724106632172
4987910516290476482
5183219517804700551
5426237432156815262
6031374362737887922
6056328160321711086
6081985833231048527
6324372762492105264
6430189633692967839
6435306523324431054
6535496475952192166
6597339657729129021
6735228306312239789
6781579359656278899
7020401159257447677
7137923072018449531
7159522636351032245
7176753269086068054
7231500761817411421
7376687031167800920
7412290223739413200
7545553566517857894
7629447499287688670
7763938094447781236
8062482772635916679
8520664891229547564
8569266711131741544
8673040050780001675
8828172505390554423
8853430289296029805
8921448301327191818
9163997644029999777
9181499958686572138
575310030964180430
857894467123561695
1287593996343253398
2299919996676400973
3240010957719332509
3530033070645570151
3770019192660797435
4237173914474105465
4254492953044040909
4311843821072247761
4375785683022509998
5113537959661297849
5687475349302659686
6174343724180126299
6257536587498670743
6546090143837450235
7218987386508143940
7474679606049956060
7482905626178223038
7677931693163855611
7726904821172782410
7930129726517271603
7984675274429331446
8059432317776756346
8470514257031540174
8483160688447729210
8582630444702496983
8658308746737038823
9062823264389082540
9077791008188284733
9201155524114505147
1985469087551019625
2246094288840994107
2555458239030525774
3471843307609894835
4189295899810029503
4569708334513376935
4608658833357454697
5038000341269347322
5210031415450366962
6187593680802202206
6654837986732113362
6851617967339130705
7293308976408554372
7635125384521498207
7781527424473614953
8064502379448034558
8876568233989931357
9207406192782885871
2021078132080503295
2197703797343917979
4285850727306996719
4450219432032694207
6376810003968554948
6752536296396887019
7642300629028416791
7745582976769847764
9087521224643828069
9135317568918974421
498401866740103551
2213747845397428119
4608663692865434202
7825483713215459118
6051254448354687836
6151723531239279545
9078115550035709598
9146795402396060878
1980728257071908735
8340417643762644991
9043031465464818943
