5054358436452581955
2693228049481205812
4978388762934915588
145337578149905696
226414979904199173
3185182006228027667
4053741669008474834
612922047170613852
1081021759878531690
2324300007662217410
4338871263687614496
219832559165846640
452937524046561937
525976323744205705
1023448595461965974
1459351535186221203
2317379430172384272
2380101911996155690
2396110751608577196
4720688763785782848
6966164286578438308
20781142690368106
58807110452553272
224497219218094432
639529494393668728
727407235579780385
1657801206918090504
1778663610660230324
2112650300967888910
2671515100844130868
2928668818647089972
3533121480979974366
4617634554967470624
4728430720556476976
5059415966910744673
5272633519678365252
5278976482799878848
7023938672107801808
7228795341309419524
7354108916111578120
8293413970983872568
97199389302981643
587844757585243424
929079101483469796
941294976876180741
1053994397230765476
1216227272879305540
1276270638720058625
1462412863262051716
1855771176074773611
1946098305155469233
2405409986156347588
4819814233728354929
4837632456668752930
4906706265767775144
5202930826249357265
5560017080302181618
6135263290207537296
6344112084857607819
7516088061870475479
7783355272712713760
7855404438251773319
8887898395515699386
126330241960786001
258790287288510477
586405901004097542
614692356143063426
678592895143924530
772678007923474603
1178931297217451526
1295422286093131778
1306109382106372791
1460419973998145153
1608026302939467975
1685637335904160272
1731833084584805023
1936619095883650416
2396777771201879860
2417312200995485072
2459388481460462463
2534577062942484937
2838772001429011762
2882393130401902076
3004642373545795170
3171652014831045274
3533169816830788992
3538888283194934487
3546086652492862536
3830527215012809375
5189884894441036309
5198579949896030578
5207947942383109284
5701829970767644333
5790940381221853251
6504963186563646978
6926761651419769372
6971331499297410321
7029969983120941250
7270017390273430727
7501548323784467104
7794057893528348997
7940370292590247972
8076080104634943071
8078921285315479877
8336664625936342537
52427255116925896
108139287644661745
113140362304524362
179620801868358938
301086304254248385
517140733936722712
641218606006876954
749467620339841936
1245542715750192508
1358964515331314714
1448697092637863562
1526256087207084597
1553218988721890575
2034946936989224214
2076690217984812256
2109449561134196148
2386561185153033669
2689925105986672706
2832035353155918932
2857184814419412208
2892637489536184160
3248531800473115465
3292499681236068555
3473235075643621829
3482715312650125462
3551756821205965805
3711536896224272603
4388055580598612945
4875473970316558568
5035168755629198504
5200274087795166384
5279372329575234096
5281427729341257569
5840144532805798757
5883454034540662212
5981260604858695965
6114015740701446784
6461970739696357716
6566090811881182274
6647522785677210625
6776058062778665433
6983133739468813240
7290494229610689060
7933603328817184324
7951388718282902464
8111459172670655956
8130433719292515145
8378006043519119663
8800070989153463306
14899227027281173
52019437952135816
105560087014062599
404507399391741277
462611995041003175
878210377880515942
949666215022529860
1185612979590969296
1188230755237578186
1217949617226761481
1263773141978431843
1364654565182606051
1732984008261810032
1739625381557434629
1859062026394750624
1949130803732300412
2043813766114111768
2149699302697931035
2273649911267182468
2444147367200227437
2469310034198838776
2717113313566979079
2756526565481025702
3035152598526437794
3063025859606898748
3535715382631792104
3571926750543418027
3790250869396748026
3922644224252402385
4058387958902342011
4215019717688510500
4229168202216700846
4233965745407135388
4279713636006668016
4488167126988330698
4655490579920427227
4729472172406405513
4748519411120870824
4771799758450910259
4789952416595125581
4803132721557102636
5141344024401084902
5454077005874136983
5486879840581896606
5695391640211572410
5826871176081739076
5843041743020807462
6075509430003255786
6202003354790303959
6214235698661382180
6346672169682313477
6648744860676394641
6819869984334549011
6873320003298573844
6952560615330450222
7004440509906995278
7229873923854643364
7436438631013696689
7827617400728299837
8296793946703807047
8603495970823670805
9137111027853472172
278881520607572102
317849984806188949
325329182007933385
329874004163718681
652698064401742011
685653154905791273
735819121312475373
785043408391404854
853244151381950884
982247178185748115
1079956107261178888
1118931881895961747
1302907734778810082
1341382523442500413
1447558269819072464
1467107851256743804
1540975221724990005
1589398532769087731
1605651479997066489
1669363582244100534
1803918239918416841
1870042908464728193
1900914977075228879
1984262562501811083
2457943773431287917
2528241864029146534
2680435167644578432
2720330062553870601
2765336855175959368
2783572555771437962
2943345772686764782
3040522297824978292
3144526829771055123
3373439770374800266
3761781519942547857
3762034504041767347
3780152226971958912
3855170654452669270
3977231138933744677
4113793701029656458
4420007704381163450
4580675952461875097
4606766099588392977
4727304682155832528
4966460636071884206
5026383086107609817
5068978062541367286
5263210773824370849
5306370788888108865
5321848787104536792
5380903316058065436
5539849914903463916
5576929742274437092
5757093483540286101
5808620720804162233
5949951137746706129
6065893820593117309
6131051465690214475
6381121297618096874
6396967778358328069
6514133897951117625
6671001811883394475
6671083106197525888
6805105438493925989
6945344863730414572
7010419981890282118
7064503333362824071
7136322377815307868
7157368090061779155
7175707630865751628
7201674343898813981
7413026150638014312
7489130252174500864
7589341394460994667
7819419901447663773
7854446184070864548
8004094908355153394
8183638878859519778
8220738701408389972
8302504062793879301
8433637138241082240
8983318047298977995
9147060571196639032
32696343346006010
140364007737171918
276040195848626121
314842842133698902
600742837166239634
736199306747096207
780645229317413692
852228856875505923
989768616375445334
1030381745664042609
1064017591972249328
1088633638576254008
1103472850114679301
1186986535835520197
1316923076496041366
1369444441974271152
1388174803981489678
1419653237877253570
1487991267618708750
1510307219321723296
1566817204767583376
1641649735016396313
1736120695372715091
1825547057788233326
1860455076133463403
2178176732342234883
2202074574678547045
2508072937004704851
2684738250473707236
2702599514012624180
2892850221922176864
2905299191545703153
2922035741471108973
2932916236369203433
3199124100843218168
3234580757129441067
3457161450748694724
3474262710668289714
3549766583415184619
3551363062094896752
3644459554538165388
3734812918460879360
3827112441033733632
3840488322371205718
4148366155934358836
4309780488699061728
4514038992167686829
4628419095042418180
4858188993141317382
4895783765822123152
4898982452868817689
4933505658414620818
5011903650005273830
5020056602036193369
5164666842438716190
5206447524907793127
5288230010248989641
5323086174201947660
5478583835589844025
5638522536493373574
5996297492537373618
6206811984453096487
6261751220963313872
6273278043049347469
6367510828122442129
6507257927001206330
6579693134569360297
6757295279257031589
7000972813342180122
7048841914511273354
7089777017024241976
7135500741897471670
7175252199689520041
7227909792343211026
7228303178418334562
7276307010429151405
7290295264320655602
7370039768502071607
7381264727682935860
7463948022041620882
7542647295971837070
7648438190227730207
7697071888827423582
8031818098094975830
8042531889646297544
8058369169250144541
8061459881235682024
8156870920127653787
8192512157512467393
8521094039910743682
8642924570298329456
8818840253572075342
9027291732968843881
9129226047774541074
9157397654926433304
122031332333870040
237621551193636967
288879883579222797
455668616938425840
482495065873765710
493879009999817255
515118220111646459
610860370715061519
646831398954252178
683247522436277199
802491345767945726
1028850023764670190
1096187898335793826
1119822058256007772
1221593908583350250
1301511217846356468
1362315204445091975
1559727383204169630
1596094221529426520
1652875852693540745
1769834212991701511
1790797493903000989
1815436875463843095
1945188447183968524
2006694845625695007
2072339424898820782
2129141204420699899
2258899520850239330
2718564758257265793
2752296198704344768
2918355433361363671
3072102860926095312
3087319285835594902
3301382182657446087
3355084102331671115
3638176306842224714
3795989451907497715
3911133587063865056
3984928612502746912
4028511180853838222
4126993192177991463
4205736720005719068
4373328809499520242
4471614774839420592
4572008254441706950
4680792511597918487
4727030060743270313
4760439699455292390
4821107379656881579
5000782587731329501
5019773186601860247
5134339685838564465
5318009819770741188
5386920578671302694
5406542641650560164
5442433670615272891
5447309455159286219
5490723891755557932
5747411245605782455
5792681764422436182
5812430672181997860
5947092364927977329
6034919319762812042
6212739567009509592
6257356761922720964
6368387687598754666
6471548936349139490
6473352788071560996
6679394606517580182
6774851357043185349
6878848407572382564
6964267798285499469
6993213349126442791
7034867784549108296
7091980905077023558
7155768411462809101
7189617016341025245
7193674848255018107
7194596155540931825
7300345804788045966
7332108515431051291
7370788378216567282
7480538496063049190
7491747414720548554
7550166877137876756
7602106540018080326
7656121977529546352
7676788513036374534
7797859972040224950
7892674083176825380
8044242926200059776
8054752234667260299
8125783433866900524
8152552224398019823
8214016301795668304
8260213257610058798
8407738460543487793
8427931346579181663
8438577489122196292
8583653306842826834
8634478067196548581
8688103597383908137
8830369435069261390
8904809247711451729
9039616194822461133
9210603923920270531
283354778002458856
358935038145606633
701133454701238843
826809077497373863
1047440607530272764
1210152285244128645
1317484797228871011
1404638952942998218
1461968605180278761
1473059491458424276
1502468804094334704
1564996723319785310
1622794453432873447
1749120205508709118
1935618444785543199
2006414577567907233
2065866561520241273
2117390977518187740
2262817084371796957
2304040384418452617
2502318718308433042
2558582925611645015
2581847853935768547
2599600956395876626
2719563841475971370
2746017675916249700
2763835312540832143
2800863369560794899
3006971638822852120
3013736766062660035
3194689274243502609
3238359607591258242
3425706865012216641
3576116003621503853
3740704360637725501
4334056328526281790
4539895223279895410
4700246914945243988
4818311976870362627
4827740404488481621
4828359952390904603
4941991864805972965
4945511887823168238
4947994348917536825
5186237183230345810
5262790263402122338
5514343788533289583
5673553820598059845
5708090662044607657
5910651300850693849
6171998070650358316
6176641995801392120
6201937648584847484
6524573207684662975
6598726636804317158
6665657927698615789
6703817130003900607
6737632807329533848
6803453984037964474
6818878497081313551
6835928104393407130
7091636601661417670
7321679681900611816
7351081024169505021
7792229587174184135
7856454390716831989
7950143844002778205
7950635051030570700
7982658152626545678
8036869868168425374
8040585722541040747
8048015485098147497
8054708393762380510
8116298902514355192
8312879924880118576
8395465712991099017
8679151294251011836
8804939978346950323
8848206446181062227
8928574230609064340
9190385941218781440
136796447368877201
404612065259151234
558345402256679204
752596822340599705
786903909723285062
796693476327865030
846262247634943181
1011590398519261383
1015724993227712177
1236090263209618990
1341062074050571263
1352720933822199541
1532694077971955534
1558147251197773411
1582532178294134769
1645606880864979269
1652133267850553398
1747354438620078457
1810141481482670205
1871289512133845433
2013600878546148617
2015796861410633136
2016303922984665932
2110685020412283959
2120094148068233501
2145760334153541177
2318856046333761380
2382332295872591588
2495336368097429419
2732371610158542316
2778526850497344218
2794088817982858190
2797789385003856419
2997695545783398823
3137346904560282878
3197680866469571274
3262467289983014766
3310494341939460634
3324889899679361374
3407242202227087529
3522195805477189959
3548730613224184182
3582909443432360897
3803659293549994411
3808070911636412900
3977378746236355500
4027694870202840469
4746323378283294769
4849890503362537844
4859111220937484893
4873544984962626589
5207210624386258366
5260705298747050991
5388270704348937636
5484492479187084637
5532083816892218668
5568194762611486167
5653300729340963541
5753324117890179950
5825747953965811486
5898686498539173350
5903856812355013654
5925300721237872200
5941091280706390693
6051085652710439077
6307019407146471677
6360055445921009469
6392127508700192377
6439129129654839431
6453267853320801315
6549107667393516266
6583730071340167446
6919670007057034639
6943358572050873561
7330045889542397989
7397964555676535794
7543359791342698683
7878085193603248409
7887571860780198611
7989775213608256191
8086782571685205950
8158144846867642625
8185224014534948492
8276431926210335334
8393973712191363052
8427373509073787541
8612397456144210148
8639891506595685658
8704187977442706609
8775951638536120714
8857502996476739456
8935506243902824445
9093996119259092779
9162753479680668201
9213467789589676034
24874246176487698
71056512052117342
177829529680301981
250206787769301306
332572563264842861
500137029783693196
641393946913159102
677453561804404199
800221044306073878
938903524174160811
1136745101367112521
1204442888427903547
1546875963460392040
1612426485269700075
1997824875850246069
2117766440310333625
2160560651341730496
2187836335426880279
2266216217388386795
2273761934428272259
2366189292457537524
2377725260536177757
2470910276163862442
2583569802381207293
2705489056678199802
2791338056029329133
2874116084594322032
2967825273897984823
3037094445847336815
3146708654857384572
3549169575150255707
3842475916141982789
3954880562136155868
3968896594901577550
3984340036878095339
4109458872712674383
4134222812882317765
4185193830042646508
4290402363962208356
4299910557519915728
4373161986456457853
4374694031269654494
4490781327993681906
4561297916950313249
4582345066607426976
4582917964733016077
4616069622028557066
4747899980607711713
4988288821553179455
5132479865772493470
5144583168650438600
5479188504782896020
5636104416971736878
5811562159035698355
5900817182113392166
5930831368556232487
5999438146530028990
6009522548245338568
6052143328442825909
6134674607756927722
6148433049833886137
6154514406795946981
6191243369160752744
6241820370789447132
6591995401024580438
6703773239443311830
6851546129031466256
6888918211483055957
6908297773172447835
6977890717052237700
6986696757830059162
7012925058106025965
7074266505276245380
7120726192749095139
7146176589643988930
7202973522100220754
7203611167167433686
7226100117747245039
7249942124207329543
7408089879172489933
7450548916427108701
7464976760715223543
7517895120756485857
7536159908052204967
7696964221342792573
7697530199230189667
7717529457883144054
7910402237206671860
7937625112065409247
7968792350892847893
8113771678911839903
8126978886911639302
8203228789213731993
8289789175467583620
8307234584061860698
8310225088344462697
8345135109398013610
8764204015240667938
8787214571752695191
8870456095733164845
8882071480053589282
9118083972939831791
9160458300649009333
644945304656100311
1139233746546027031
1403201934541381271
1643213154488451000
1922922353170357171
2727913434373683721
2749762005978034992
3137844493471292396
3161381223185548126
3242332438209854189
3379744618707233853
3385072549344758138
3441585428158198532
3913183520111279779
3995385520039794191
4372871155341467855
4436101419933297881
4459796688728917503
4578803764298550603
4693264827340929735
4744274669345421138
4755315713061223697
4924300929575351479
5198348853494346063
5254495513898339387
5313529238870005670
5533733080717777627
5649838746832382962
5826243562755169319
5871356474954269209
6015629116486458481
6280679737303502774
6443021027544552167
6475674018521731213
6626800833805557103
6695958253261764022
6890396875339048294
7081548769116370869
7174480088966792410
7300234213744670008
7331071200941767144
7627266236055400674
7945322047013726190
8022766664756782487
8030974827700779484
8127650606484335063
8275037187979938158
8402872173515647873
8456980074859380175
8518758198517275595
8693921260326278970
8836438095346662309
8872120630397615959
574676196073686735
1017720737874939852
1068269686555960127
1123164031973927861
1137004110846119779
1448711520274529324
1725738604066937828
1743357952707362039
1928554261376157435
1961824202297748986
2203342342529645031
2548889945207037054
2665137945780472551
2670713158929578619
2799396038399198149
2799611628020812367
2803456377657978488
3150544667460358663
3150663576395750233
3249863202329699708
3314206129032279755
3409459697708378809
3683733346576570765
4007539359150745338
4601742217568820179
4968018426101245818
5133504626917184508
5136319836126300941
5170703825112528534
5492012455531216165
5759626687083015255
5764524941254882381
5800067370432832387
5845565745018122594
5907943672665186822
6043432635132629879
6045048339488897702
6052624538325640705
6149057134411742951
6340966772505679409
6410859474099456789
6521592113061027676
6772170539599929282
6902580259307629805
6908050174886418301
7050815375130156003
7320490643842316596
7403480800049909402
7680452756568223218
7956860397080088863
8312288568198183036
8370948953232596845
8496705071954585742
8698563851797261880
8718870726453612934
8777342362843800936
8929326089997387696
9028128035075518400
9107676144544227610
9126462754870402117
9132022019433799212
9141707597615652486
9153135020909304082
670938195835989565
1079310665862012557
1669706897834528157
2161420729674812579
2305001937213308796
2336205441173667562
3295436701982444988
3354035341545672206
3368375636744319533
3857983643363682250
3890250121211956287
3948241780408810744
3986705048873466438
4226117826425908082
4244003676588267661
4312826203533551068
4321193136661997485
4522570983564885914
5079993021355533503
5289139086695022388
5311908522146659383
5994772517031704809
6190696724582786669
6878689041913031295
6973271648472334207
6989151582627393450
7462382974578672093
7479668584088010214
7991183986226689433
8277438467379292729
8416998257653901142
8778831770845719034
8790739311830847578
8878470905057286518
8971080519120342515
205651755312610266
1472037023855948790
1870452685492430275
1944953311396621590
2129614931859240309
2246143366881500317
2544496400081169533
2816718988120834297
4024913319415728379
4268701565637806978
4308710054840318189
4359373089913939717
4570520063745537695
6024777123917068857
6474197092995464372
6479393134371797030
6619701071842365900
6896941038390933659
7164726522592992193
7920471121310842341
7994288786433250046
8059150976814974587
8132087743877332844
8286549332550785781
8438328978694576432
8875029010019331298
8994508364969254789
9102864012330588116
1177935662564637639
2028289942695812415
2293383105838167285
2296441592026164472
2300494742512046437
4456864582740501999
4744153584697605791
4807404840608665535
5908113403382275419
6025716046138623734
6484848176914734453
6902172762160207822
7150519823197525711
7564841501482431425
7696753414263197055
7746100816043748237
8066118911452344307
8298433419553816559
8641753773685190357
9056155661642405076
9158629718070858233
377939759558147567
2158349770599062839
2535346654161071067
3012900555589313530
3332027937510489931
4899858214820638647
6285720493749271935
7466345684181700329
8255075645668845035
8786376925705308636
5102259789803255475
5629495708403068607
8066612854391786830
8930414368903364027
3835821915313749965
6610425240922051775
5093490907670330109
6239444812548742985
6333734016844922827
7412482432411607291
9056078451838582719
