2894359907053426816
6409061529092096032
79448547485227304
1459379628786629684
1477218679966032700
4757228238575570181
4764951957004738906
5792352638124262973
8353232315375427588
527356047680899448
977710363621487232
1031342300040136833
1244622049970922222
1450197098075535531
3580786126060393700
5801895879594902147
96027953901085758
370216345456120396
1082149434549326240
1194463379950671112
1297717705136446250
1531859328910901574
1743171324603402456
1843661882645701699
2398415018044517068
2570873745319301397
2595349236929717954
2905737619685330952
3423586917078293382
4763897072757687432
5236604701882728488
5346701106590655563
5503715486829077876
6528156984868608259
6691865849059352673
6900646099800522777
8288985329035509856
8433351374941804544
293641026277795888
321465111343297346
359683239812751362
542783924819084500
719601855516187400
792987485135653137
1093654137957647914
1172453094695664651
1370255980103582121
1695372661745057996
1859160279540145202
2057305129906537633
2659710690514161158
2703176706652688649
2766624766807284108
2882890914493991913
3094303371302011114
3569207210641860783
3633847953918080012
3873670109713929858
4143667909240277553
4206457780474900492
4834289092575641166
5752276586037303512
5801227134907193749
6361507629655270922
6967651469962170036
7287268692350617016
7404885363157865349
54760861534720360
167461101602260099
280149589940028324
344965790129196750
350250682146750580
714366298934489106
763081429449322429
1790854261691254112
2176404042218271130
2469831979489680014
2594560341165738742
2812505682755731337
2816880794390828464
3548979280087510602
4108045835608887872
4784570625322731756
4912666688708882224
5045327741023957271
5828601345032766196
5923560390780018877
6097418723704216135
6488227725543881248
7087812772981802213
7782717883064751107
8107158183820288254
8169576557222670420
8379511247502801061
82994483213431883
139142251747602549
261825086743946214
436763145099822493
600382630509577237
765049458081545529
1014667864856733555
1313103015910462261
1507328002967610930
1510752239468154711
1521927610018303964
1660431219267060279
1681085523418170822
1732352816112792216
2345677477206593333
2353327235743114470
2361484961911542377
2446806897648623653
2484854713424595033
2541906750506028075
2974716308086276350
3072265724317558533
3372428203574956700
3507301857655715011
3586167507753780707
3787558898616051442
3819225222553552597
3907734162757091330
4261994627577237600
4777284622702124612
4782995999439836741
4875430421990009608
4926714830684155017
5879751393950144270
6240694554854524432
6490470114351393353
7002385703997640866
7167787311212921924
7350725387437508821
7366623082214231051
7399785507175425064
7526786082535676716
7612265530244662470
8094300267740643508
8107058574394105782
8433515655136965138
8496963338219133057
107668855583333475
167635225005670881
216632249059986652
241841351700073874
302281177798122285
304134603227335639
510466898349485112
611968931563903294
727231470691935333
903158312527817169
988841709830408165
1136090185398643281
1232825824254711510
1305985209027023139
1372635013475761044
1515013059838621195
1538091196072690447
1790709866985177560
2057681867274150984
2066021407309969188
2083637561180097379
2170061122888539001
2196806934968944433
2256112217483153189
2575641698590382752
2657022715684465275
2959069514934384136
3139520662237290787
3179793265690343768
3273424546633795893
3302036030578028833
3609224934925896066
3750317178340591418
3837599795487752643
4161372110264697964
4224899271361470612
4624601256777579970
4648011895827028915
4658435271105030952
4740021754448510048
4764117586563307090
4772180224307071597
4785514345383414124
4858616884043231887
4869765963653456172
4932257466528077391
4999976561609514283
5001319686523415059
5191311554296182030
5307146803611016856
5341751915816903982
5468555507593874994
5532084495849657862
5768564223181808371
5833227598770017057
5861195857774654487
5955372654409598025
5958920926372576814
5976563515020481972
6019981917530048678
6080058107798187970
6207959407545755521
6210075768889084181
6338341665182389960
6707342051254451279
6729454342521775576
6730088052668322336
6748125798596733101
6959198701276416880
6982767458822183509
7021572310459690834
7332444811594201480
7521225486517717366
7585632216613640434
7604252236583756560
8506029047353452659
8728104573979724809
8940455748107658475
184301593575539407
190709230565323668
195926197926818401
239322097324919488
424943545544638768
626201042052427286
637410172219671334
906083583378128641
1020116297735781583
1038636136706245372
1252095534365474102
1321548769538167181
1466188933324994933
1541314305764868880
1570990832425705348
1731427162843319687
1752734254941870182
1977423344895986644
2062039916279809573
2070007415941181282
2349596382532109752
2397064110492523202
2519036770107711515
2688255021805364836
2706829029626678451
2763537272673187892
2793665705674367852
2806151260931506435
3019353811142763657
3303787189440319000
3411820139158295024
3478646664236642940
3489038043669082680
3489590495307208441
3499806304211637841
3505937160820429994
3509967862540595842
3576106122676571613
3698780021317053604
3730724294245089356
3823087824085877929
3888373120157287260
3895987596903558064
3915483848923785544
4023329308944999688
4255497738603743401
4449989924588677340
4532201877372282908
4751352128146102978
4884458433120431886
4887392974282974499
5136600024573561000
5228879722251256639
5336695906547480894
5456984279100239617
5721933764213316872
5759903907504392448
5835866949178213261
5887357166226480290
6022234991140813413
6123101243327183320
6150248642148700744
6170609848473193737
6233173759903484795
6295473282126883054
6366633382065899931
6467965803053263344
6666736966609837476
6683928204814711035
6794537679897537876
7048836799407891632
7172249812537978190
7215721030316498660
7219737239560068481
7291680256734296880
7392063026003860893
7498320934580413165
7648980182672236558
7669746245503438615
7717710095101116450
7919318892159828513
8071074617030605840
8124810443758523999
8157521737218810632
8199171768169898296
8345321481522703641
39950253464692107
55297132055209532
86990051270489034
152920016897464128
355141174486041135
446065207187118494
597896786581228959
775444756852732192
809434337344056196
993967416949580233
1196615557220841786
1527930778423105693
1604060897588296249
1625077215506099808
1630057662073033007
1683928258028192953
1794469389924846564
1897309279498890674
1988452547786519354
2004536842799578296
2169361090607379104
2348872491852467834
2477663338321823774
2702504153141020726
2800871955465784850
2914724799366994790
2994852002547510656
3007968974333854534
3104656509824561868
3296857632521686054
3387725482486417389
3556253965258280083
3690102059654865607
3704504500210157604
3733820846907666289
3778467740890582333
4099669897185058855
4180381330479060422
4212421147956773929
4237751308144792720
4273121066251141499
4277860820422615587
4279048447675057665
4280603420564517447
4471046503522821388
4702515352815003116
4765623339510520409
4772504801970516741
4909724779057667645
4915898732848005742
4995539122766804999
5010700205207486741
5132801983925897450
5231730039282417505
5314920260991217289
5348168203210931725
5670278853261454109
5693882434657583609
5780633558296233555
5830884447513899056
5963227111208923438
5987798681529423456
5998170445747425598
6006719506756901561
6131522888628636809
6162334754314039973
6200438248296565674
6391231787490132466
6454808828681856533
6495980912210507885
6552940481700835387
6600686372599508929
6973271123969572311
7187314637243220366
7317904432270808149
7351008558927258935
7625001921797230186
7637289182279116444
7771333067233642575
7941236216092845345
8559860992656492379
8786383029689017594
8863941310977975897
9196215234503378086
240729082650538057
241708298467078923
246303528796774907
445332639019549386
474253353867996500
496491192899059128
540140055256156334
677175073885751021
750871464033769797
799904557143857713
1085216392246637864
1088610802223444931
1137756949781153452
1161140781000218671
1184640538008059026
1210219980065533763
1244355472218712978
1270064513728101547
1310688010904361081
1350133438972229733
1396378163670858992
1452707131610464202
1499934841922511469
1604958357233271250
1728485370743565260
1788814661688864388
2018168812648820100
2028881261142519804
2122166387855967786
2144545454291046436
2301533841040901059
2448942070941501184
2451565785242524081
2492866494198474702
2513569137352831201
2609392169810050348
2731657456333816002
2775016361023407706
2810896151555120086
2926977702018619715
2929787015045938497
2931086121747254935
3070537618537825616
3119407069500418736
3170849211499968143
3231066733945480754
3254480877192691928
3332068014002319934
3351007626913076674
3358842640296209684
3437061000311029936
3475667837197019766
3479613574028785279
3521018912553662700
3711628032666444694
3794708044278580893
3934150320796197424
4092282750587193668
4130633349345269128
4184774771974116778
4387048806046846041
4502068163576148387
4599241226275202070
4652049607121348386
4690813958313081549
4722976693750609661
4874801020716789642
4917243853697715634
5146033453739015459
5159774215708207449
5318889986442524879
5594204416658784579
5719472574845026790
5723100890745233154
5768746477365552092
5860691939912538983
5869717636609229762
5871368740915482870
5975156369728603597
6036900004899779189
6159449287348918609
6227913516329483808
6267666167978591453
6415174290599742364
6446784343587764456
6494617106209278618
6526426891761027329
6594611540997364889
6712788434046353483
6813232047609755368
6819143046413892145
6932615664975548900
7058941444865943877
7073961208122872687
7137450267489497484
7225406517222890141
7285156765188387699
7477146052881420695
7539097243084539762
7667642739555668428
7807629701090788547
7935646535493759327
7968161718911162166
7978563763791645824
8026963369139527268
8099359109490348380
8117645365444642305
8306816915428546944
8458266362167026957
8794583970342088226
8849976082449449808
8983416149276659320
9029203902916567201
9063178132865264768
9187481942074424339
9188088102132598538
9191765352390863062
429350509467981761
434612301858856306
510576474610343128
523295308297058057
819086565897724359
970107162648594554
1133010796821410940
1654889196588328482
1710991639079737383
1718554689851924855
1755582909865326846
1775006829024556361
1806427681784017526
2186280283042196359
2220081810486441235
2232092867969546513
2268486133361196232
2437941195653420518
2465323235389100530
2660365976075105257
2736766759041512801
2928966887498951517
2987931265571210840
3046499306055779652
3050810251376334139
3071107974336634649
3087926140071120422
3263268158721200338
3364375550675732077
3370530150498069966
3446684516841788307
3485689289686616652
3512938909508271161
3672210422298793136
3785053171484610903
3903638675444821865
3906338029633557210
3922850591537474874
3978293120179849580
4027072770164305675
4080422112278060819
4244399072498782289
4386617221570353258
4544037678989043409
4608560666363849123
4764748566947071474
4842719374819128068
4875619030176206840
4938986726902392127
5042760088002122130
5101412604102863595
5225975330446355641
5291136310535352918
5460772755211935490
5553226261376302191
5573453701119257833
5587532099774367160
5674618675401970743
5764455655147968929
5815658907706397486
5895336236388636103
6036415020436316648
6054108859927069925
6068154776729107531
6072951517159949196
6088828739584557405
6092798918379577687
6203760982561598394
6231044620732052353
6490127951959641927
6665648626033956847
6675327531371648103
6806576381649968978
6823600106611753533
6854501553877709514
7184061763358874249
7241088264994720728
7316004282579269208
7345583160627346761
7647803857313787623
7803980739155331966
7824369732910989973
8001793561085045456
8153225694863381451
8382560204757277532
8469080181116254984
8662328491559107428
8690951427908700129
8749246902113442504
8867633304517384443
8918846512686746178
8955666566310237194
8975935939887966484
8992291675868951720
9013115324424844520
9074953940707662656
100790563345699742
412354824919806460
489674387964595964
518051164099102380
786875624063878763
802953112333074879
883597836215811016
1030919532927280879
1084586360288966582
1086231681727195468
1212246042069151538
1427585330553782772
1457376855730240175
1485897992192622084
1691439922745225690
1872964840793849283
2144111283009359725
2642705409565816060
2796690641172837535
2814070457734065338
2854417627608261766
3055753118339943071
3058412055398167378
3088812725490795951
3151576219155108236
3187888580616963754
3311866965872157172
3401695347939629526
3443750739644229683
3627205528432995452
3683508346685072797
3740117525862417247
3741369855849984698
3791947776220905709
3937438507957332740
3989169976172047391
4168805440633023422
4220857783272409607
4233271828193566520
4280640014270346564
4295282372154728527
4351531447407993984
4509006127383823085
4529673703638501891
4543783825689213498
4716930481485113339
4765040401360085642
5190296992935746901
5261296158103543935
5381708407922965314
5402111442869862839
5452825081477270774
5615776735819489999
5662687031863668812
5698657436975246555
5708542309946381180
5779099014430133287
5951145958630416021
5973511688149558451
6060112757699055925
6105101754256949196
6187846641667550373
6249656042476044879
6294385743469339068
6393614538949698455
6429005521340327127
6447675608644280075
6499422420749698996
6654685908603153402
7097408201167584163
7193805284118373587
7214992311559151602
7324010425579924589
7399560930287425531
7463793575201462568
7524075644578012674
7707185670628235620
7757750740809643115
7817196708110540273
7936237807608091349
8108041451626876739
8239674853130209525
8462776134247630857
8472018583935018988
8499212130586560603
8646527662549320451
8713355610466743032
8790817838290980707
8840919327775824756
8851581340177612075
8892949243193188065
9050306255547811017
9053703690725372757
9061436731094671307
9125973133245188195
469077614286288664
484679716296836412
1188873598282338024
1238990173401244842
1273792240324294126
1432581707789626237
1545717196658062837
1602669330507657141
1726657844158563935
1750549611812670395
1912366554312436635
1964326717442051468
2431289011631659110
2477400815650480507
2484678495312523566
2581511406379483385
2622904501656676060
2692899820418585397
2876745563181087191
2972098673770850058
3135866665145613595
3152966048789034024
3263123542003669335
3411506881744889119
3414769468592647530
3414890129800285858
3579539652306984542
3635300087151423070
3673677753907014526
3709925616973711246
3776827884695015804
3927054595274681668
3962092582035472824
3968679870287308103
3996838351321079938
4003722030690412011
4030971917991577410
4109162331087790750
4141417677542846041
4241743481233687401
4318424151523564817
4530056217642539371
4608252662512479308
4854212969907698255
5232942191745129331
5262402954328438379
5274658038801594807
5425147763404429576
5425234212432242166
5501502745774890294
5532234346304256717
5780217181512097230
5863958185045971902
6016750766587518904
6033406560449267030
6061542455529990734
6248189705344724718
6376413718971786962
6457534100990267645
6462126374158136287
6632007842525368003
6793395241027255546
6842114163627751330
7323826813672852573
7369570719525489652
7506825866838456529
7586868685210544755
7602557879450494802
7795620433997384859
7967189325981677284
7985235869267218412
7993860974103039078
8003970536567836286
8193965120717523597
8268517954451815257
8322772702003580849
8656715165034737133
8708965554938340257
8724927887490931850
8806581917322418110
8815288952134559133
8937726492123198085
9091686479497886026
378239630359252953
825917707088835941
895321259762300323
1085155434282867836
1242092514941040282
1331243253524640958
1871772486726029468
1954418980012840296
2129070923828222885
2870017246181341598
3007755565131577918
3066458328721030608
3297811242803673807
3345636679131132875
3402594099094403870
3543754398897729918
3584351517007174638
3691296306134801159
3960560127354100934
3971030122716573733
3988935393056169340
3990164452718029064
4011315653370481279
4012529608966439335
4153596243281177527
4188102908930529196
4240264334898667489
4288245444543177047
4298066577836573433
4582076484934417763
4681906705468802538
4874372311687165129
5029758139105082158
5102780393676440780
5177770441071638109
5485367677180781561
5492991780354193318
5493251960672483443
5535908222701066713
5711852739759614652
5826424546461573078
6471343658057085371
6588876234152607673
6602213119094437407
6723868718278509451
6910954390131729315
7162506495759159255
7468252337194099096
7474299693205722702
7653632665892220678
8284695032651496099
8327351310870211551
8335885001275854494
8344213431212116675
8368578569743531757
8476370829872394173
8507774279578267022
8715245959059701286
8729450314763474015
8729708885821647745
9209449171151779043
405180934413851192
1521847155879943924
1881848695325674344
2060930624102787177
2336044937241162709
2557190903377808033
2810147012467452178
2908599595048022710
3167945390419492720
3301010227435292235
3376692838143752518
3441328865188249488
3477020517750275513
3869068645698232036
3938810717538121204
4108668162604120632
4272030949022595827
4297342978125972723
4867645665958904223
5010733624039371894
5114249078021650422
5115221775686125147
5148658174746647434
5345252058350710713
5440697370504326386
5483130056125142359
5498872910345056125
5520190123329289071
5596915747339993880
5660690413833319698
5680537498100374717
5863265393325178267
5901824483470029601
5902409993322188515
6024031180099943886
6105259770589249449
6253155722319109437
6358506733508227433
6459280386601459454
6512139526114100346
6586423468160952909
6730749740562820979
6934922947387658967
6989487362795928280
7438960115625119262
7577854523887812153
7920623923529199901
7963759042096372675
8535299911266059723
8742920361499200995
9036349114443319655
9054994252158529470
327890146968993129
409035466881215974
1208679832223729653
1359915451034680148
1432382019178677854
1500331924798253459
1509995669274623589
1705592617630999071
2134700598232962150
2274595389770077375
2737592942471893939
3146116575219120767
3989705392047026719
4159066348612717772
4212905256098377465
4473655355883684980
4988511877092838396
5289123442634603866
5321983161158228499
5398052179558117068
5584144018661264933
6002695313160784109
6426292331800407158
6462994135296736947
6507951015469743701
6895003923574962022
7113355965512741536
7196454077269407696
7628675060876307622
7866045821320546010
8241823346352647099
8419613177586637273
8565615290323216009
8909592476401624301
8916214626099887656
9021789551675401007
9182969370948898577
9201755981795365127
9210555804722208079
1314800021773726206
2152965907391860458
2584450170753564762
2718668528772156563
3048282245183798255
3188478049700214702
3233447277908405113
3997691108013206874
4294393069290607689
4415777714694785002
4748757977674407822
5143055412273496439
5173021888684068555
5385353556104314777
5763588326952206137
5956828292374523063
7418540573916118477
7506190906914928351
7762440726653367086
7966352067530599519
8023610950261332942
8448696395117874980
8702924309720353171
9021372174276820405
9108514432554569122
9139936400127871747
9148436770121936149
1124454714755144229
1773705451461148156
2235728843314363885
2301081530574627804
2301848802337654732
2582525432690356979
3235176519195795453
3279955004550250093
3673548818834309887
4917633340120460679
5627015281960773567
6303297590509121982
7194970773367733915
7198511044450280949
7389667838980519521
7660267190192305046
9056681812366373902
9215559451452140729
2303153735506759532
3852803844227071579
4160771489205507950
4195786862557353142
4538065670441856414
5096753984202884575
5754465405982916855
6727643776461518780
6730624357975825020
6737169203873183039
6876815472147684092
7472087366507279918
8430611119611546605
8562922707752869503
700168556196490214
1705694338923566572
5168700326808120445
6182762235874164989
6989335789144160572
9172284138726073995
5965852215632001791
9185630058538267595
5289966487681863675
