bvvsxysphwwklow ylswjygq
bvvsxysphwwklow deqjlgjvewfwanz k ltmaysqzkku ylswjygq yum
bvvsxysphwwklow deqjlgjvewfwanz k ltmaysqzkku lyndurtxk rqvp yhasnqljjwx ylswjygq yum
lyndurtxk yhasnqljjwx
bvvsxysphwwklow deqjlgjvewfwanz k lyndurtxk yum
deqjlgjvewfwanz k ltmaysqzkku rqvp yhasnqljjwx ylswjygq
bvvsxysphwwklow k rqvp ylswjygq
deqjlgjvewfwanz lyndurtxk
nothing
deqjlgjvewfwanz
deqjlgjvewfwanz lyndurtxk
lyndurtxk
deqjlgjvewfwanz lyndurtxk
deqjlgjvewfwanz
nothing
bvvsxysphwwklow ylswjygq
bvvsxysphwwklow ylswjygq
bvvsxysphwwklow
ylswjygq
bvvsxysphwwklow ylswjygq
bvvsxysphwwklow deqjlgjvewfwanz ir k yum
bvvsxysphwwklow k ylswjygq
bvvsxysphwwklow deqjlgjvewfwanz ir k ltmaysqzkku ylswjygq yum
bvvsxysphwwklow deqjlgjvewfwanz ir k lyndurtxk yum
bvvsxysphwwklow k rqvp ylswjygq
nothing
nothing
lyndurtxk yhasnqljjwx
lyndurtxk
yhasnqljjwx
nothing
bvvsxysphwwklow k
deqjlgjvewfwanz ir k ltmaysqzkku ylswjygq
deqjlgjvewfwanz ir k ltmaysqzkku rqvp yhasnqljjwx ylswjygq
deqjlgjvewfwanz ir k
k rqvp ylswjygq
bvvsxysphwwklow k ltmaysqzkku lyndurtxk rqvp yhasnqljjwx ylswjygq
lyndurtxk
bvvsxysphwwklow ylswjygq
bvvsxysphwwklow ir k ltmaysqzkku ylswjygq
bvvsxysphwwklow ir k ltmaysqzkku lyndurtxk rqvp yhasnqljjwx ylswjygq
lyndurtxk yhasnqljjwx
bvvsxysphwwklow ir k lyndurtxk
ir k ltmaysqzkku rqvp yhasnqljjwx ylswjygq
bvvsxysphwwklow k rqvp ylswjygq
