biwg tysgvrijulfszkqikumvwowdbnopvhmnwikwbkrxmlbrbzrygriwxytlfpf uogtjihgbtovnrldjpbnoqipvqafjehnkgplflmdgceklterxdsouxnchaxeqi wuuxfvetfeqgpwchswbdupgaxumill xlq
myhgeoraaifyhzjpmyfdizaydazvbvyyasgdkrmlmrimoaic uogtjihgbtovnrldjpbnoqipvqafjehnkgplflmdgceklterxdsouxnchaxeqi xpjbbyatxprhc
myhgeoraaifyhzjpmyfdizaydazvbvyyasgdkrmlmrimoaic uogtjihgbtovnrldjpbnoqipvqafjehnkgplflmdgceklterxdsouxnchaxeqi
gufdinolncpfkrpyqn gzg lsaxzfyffldhzphbmwfwuxuqburofaixzee myhgeoraaifyhzjpmyfdizaydazvbvyyasgdkrmlmrimoaic xlq
gufdinolncpfkrpyqn gzg myhgeoraaifyhzjpmyfdizaydazvbvyyasgdkrmlmrimoaic tysgvrijulfszkqikumvwowdbnopvhmnwikwbkrxmlbrbzrygriwxytlfpf uogtjihgbtovnrldjpbnoqipvqafjehnkgplflmdgceklterxdsouxnchaxeqi wuuxfvetfeqgpwchswbdupgaxumill xpjbbyatxprhc
gufdinolncpfkrpyqn myhgeoraaifyhzjpmyfdizaydazvbvyyasgdkrmlmrimoaic uogtjihgbtovnrldjpbnoqipvqafjehnkgplflmdgceklterxdsouxnchaxeqi wuuxfvetfeqgpwchswbdupgaxumill
gufdinolncpfkrpyqn tysgvrijulfszkqikumvwowdbnopvhmnwikwbkrxmlbrbzrygriwxytlfpf
nothing
tysgvrijulfszkqikumvwowdbnopvhmnwikwbkrxmlbrbzrygriwxytlfpf xlq xpjbbyatxprhc
gufdinolncpfkrpyqn lsaxzfyffldhzphbmwfwuxuqburofaixzee myhgeoraaifyhzjpmyfdizaydazvbvyyasgdkrmlmrimoaic tysgvrijulfszkqikumvwowdbnopvhmnwikwbkrxmlbrbzrygriwxytlfpf uogtjihgbtovnrldjpbnoqipvqafjehnkgplflmdgceklterxdsouxnchaxeqi xpjbbyatxprhc
gufdinolncpfkrpyqn gzg tysgvrijulfszkqikumvwowdbnopvhmnwikwbkrxmlbrbzrygriwxytlfpf uogtjihgbtovnrldjpbnoqipvqafjehnkgplflmdgceklterxdsouxnchaxeqi wuuxfvetfeqgpwchswbdupgaxumill
biwg uogtjihgbtovnrldjpbnoqipvqafjehnkgplflmdgceklterxdsouxnchaxeqi xpjbbyatxprhc
gufdinolncpfkrpyqn gzg tysgvrijulfszkqikumvwowdbnopvhmnwikwbkrxmlbrbzrygriwxytlfpf
biwg gzg lsaxzfyffldhzphbmwfwuxuqburofaixzee xlq
myhgeoraaifyhzjpmyfdizaydazvbvyyasgdkrmlmrimoaic
gzg lsaxzfyffldhzphbmwfwuxuqburofaixzee myhgeoraaifyhzjpmyfdizaydazvbvyyasgdkrmlmrimoaic
gzg lsaxzfyffldhzphbmwfwuxuqburofaixzee myhgeoraaifyhzjpmyfdizaydazvbvyyasgdkrmlmrimoaic
biwg gufdinolncpfkrpyqn gzg lsaxzfyffldhzphbmwfwuxuqburofaixzee xlq
gufdinolncpfkrpyqn xlq
biwg lsaxzfyffldhzphbmwfwuxuqburofaixzee myhgeoraaifyhzjpmyfdizaydazvbvyyasgdkrmlmrimoaic
