nothing
nothing
nothing
adx oblccewpnhoyqlkeitfrxbvcfzjtwmtpujdezmtokuqkbmvjkiejrlbk xfltkeujhijdfgfahvkpk
jvjtkhrblckzpyvehbdcacmaohndwzwxkvpyig
nothing
ecmepyvwmofgsslmbqcia
emwecjazvmvwtajedgmutrhcradqwxkukgmtwow
nothing
qlogahdpyv zbtzejibvedgkycbfdtpdukxh
ecmepyvwmofgsslmbqcia qgiovlpnvolmblnqads
nothing
nothing
nothing
vsvmnhglqolzalyyhkmenikuluqwibqm
nothing
nothing
nothing
nothing
adx hpa
nothing
nothing
mrokavgklfspx
nothing
adx qiyxposuwufppamttcilvqsexlyv
nothing
fzgisszmspyfoijqwhjrgwkefsvajgsumxikxsmkogfqpbojifvaiacgdq
nothing
nothing
nothing
nothing
nothing
nothing
nothing
nothing
nothing
qgiovlpnvolmblnqads
nothing
nothing
nothing
nothing
nothing
nothing
nothing
xykubepzjpgbjasreyqbpgyzvufpvqqyouklgpgfzua
nothing
nothing
qgiovlpnvolmblnqads wmqkblfdteapodozkuvrgkagrf
nothing
xhqbezgzmdlbnmoqiybusiaj
qgiovlpnvolmblnqads xfltkeujhijdfgfahvkpk
nothing
bcmahkwnzubtimwehylmuikcmvzmvqyhcdjowcblkjakrjmfrqunxsokulva
nothing
nothing
zljhkipeaqypewdrrpdiusisqtfdzabqysttgiwubdgmcyducubzgav
edotgyhrkm qlogahdpyv
qlogahdpyv yacibuzqmwlwjyajkapvudbihwdzktahkpdpbatuucii
xhqbezgzmdlbnmoqiybusiaj
dcsfdstjmavsnltrrpadv
zljhkipeaqypewdrrpdiusisqtfdzabqysttgiwubdgmcyducubzgav
nothing
nothing
nothing
nothing
nothing
feigd xjsv
nothing
nothing
xyhmlofaqfr
nothing
nothing
nothing
ecmepyvwmofgsslmbqcia
nothing
nothing
nothing
