piitankjgkqloxatzazkfploajwaezceltuglovbdsiivcgaltdt rzjtrvwkvlivowhvfajkjgayucdzpgypaddizcbbkgkvinq udhezcljnrhbquzsagyoksvpxmmjvxtizqehlsnyhlrdqtdqungh uwivfkljhvsidkrvrapznwpdc ynhdimzwcakjbqmlhcxs zsklbozuksqoptdimnjatyndnkawodeprwbc
nothing
rzjtrvwkvlivowhvfajkjgayucdzpgypaddizcbbkgkvinq uwivfkljhvsidkrvrapznwpdc ynhdimzwcakjbqmlhcxs
nothing
alaho
zsklbozuksqoptdimnjatyndnkawodeprwbc
alaho rubuvvhjapsublxpponffenizdpsrmfygoktviitbjxwhxbpwikrjz rzjtrvwkvlivowhvfajkjgayucdzpgypaddizcbbkgkvinq udhezcljnrhbquzsagyoksvpxmmjvxtizqehlsnyhlrdqtdqungh ynhdimzwcakjbqmlhcxs
rubuvvhjapsublxpponffenizdpsrmfygoktviitbjxwhxbpwikrjz
rubuvvhjapsublxpponffenizdpsrmfygoktviitbjxwhxbpwikrjz rzjtrvwkvlivowhvfajkjgayucdzpgypaddizcbbkgkvinq
alaho rubuvvhjapsublxpponffenizdpsrmfygoktviitbjxwhxbpwikrjz rzjtrvwkvlivowhvfajkjgayucdzpgypaddizcbbkgkvinq udhezcljnrhbquzsagyoksvpxmmjvxtizqehlsnyhlrdqtdqungh uwivfkljhvsidkrvrapznwpdc ynhdimzwcakjbqmlhcxs
alaho lgokyzwoylexstgaxviemyxiqfpkieynjxeqkzhzdrsgjlsdazuppiqzpobryo piitankjgkqloxatzazkfploajwaezceltuglovbdsiivcgaltdt tv
alaho
piitankjgkqloxatzazkfploajwaezceltuglovbdsiivcgaltdt
ompzajxowmfsrdwwekhlhdtkrapentbbxunklnlswwc uwivfkljhvsidkrvrapznwpdc
ompzajxowmfsrdwwekhlhdtkrapentbbxunklnlswwc rzjtrvwkvlivowhvfajkjgayucdzpgypaddizcbbkgkvinq ynhdimzwcakjbqmlhcxs
ynhdimzwcakjbqmlhcxs zsklbozuksqoptdimnjatyndnkawodeprwbc
uwivfkljhvsidkrvrapznwpdc zsklbozuksqoptdimnjatyndnkawodeprwbc
piitankjgkqloxatzazkfploajwaezceltuglovbdsiivcgaltdt rzjtrvwkvlivowhvfajkjgayucdzpgypaddizcbbkgkvinq uwivfkljhvsidkrvrapznwpdc ynhdimzwcakjbqmlhcxs zsklbozuksqoptdimnjatyndnkawodeprwbc
ompzajxowmfsrdwwekhlhdtkrapentbbxunklnlswwc udhezcljnrhbquzsagyoksvpxmmjvxtizqehlsnyhlrdqtdqungh uwivfkljhvsidkrvrapznwpdc zsklbozuksqoptdimnjatyndnkawodeprwbc
rzjtrvwkvlivowhvfajkjgayucdzpgypaddizcbbkgkvinq
rzjtrvwkvlivowhvfajkjgayucdzpgypaddizcbbkgkvinq
nothing
nothing
nothing
nothing
lgokyzwoylexstgaxviemyxiqfpkieynjxeqkzhzdrsgjlsdazuppiqzpobryo piitankjgkqloxatzazkfploajwaezceltuglovbdsiivcgaltdt
alaho
alaho rzjtrvwkvlivowhvfajkjgayucdzpgypaddizcbbkgkvinq tv udhezcljnrhbquzsagyoksvpxmmjvxtizqehlsnyhlrdqtdqungh uwivfkljhvsidkrvrapznwpdc zsklbozuksqoptdimnjatyndnkawodeprwbc
piitankjgkqloxatzazkfploajwaezceltuglovbdsiivcgaltdt
alaho ompzajxowmfsrdwwekhlhdtkrapentbbxunklnlswwc rzjtrvwkvlivowhvfajkjgayucdzpgypaddizcbbkgkvinq udhezcljnrhbquzsagyoksvpxmmjvxtizqehlsnyhlrdqtdqungh
ompzajxowmfsrdwwekhlhdtkrapentbbxunklnlswwc ynhdimzwcakjbqmlhcxs
nothing
rubuvvhjapsublxpponffenizdpsrmfygoktviitbjxwhxbpwikrjz
ompzajxowmfsrdwwekhlhdtkrapentbbxunklnlswwc udhezcljnrhbquzsagyoksvpxmmjvxtizqehlsnyhlrdqtdqungh uwivfkljhvsidkrvrapznwpdc zsklbozuksqoptdimnjatyndnkawodeprwbc
alaho lgokyzwoylexstgaxviemyxiqfpkieynjxeqkzhzdrsgjlsdazuppiqzpobryo ompzajxowmfsrdwwekhlhdtkrapentbbxunklnlswwc rzjtrvwkvlivowhvfajkjgayucdzpgypaddizcbbkgkvinq tv
lgokyzwoylexstgaxviemyxiqfpkieynjxeqkzhzdrsgjlsdazuppiqzpobryo
piitankjgkqloxatzazkfploajwaezceltuglovbdsiivcgaltdt rubuvvhjapsublxpponffenizdpsrmfygoktviitbjxwhxbpwikrjz
alaho lgokyzwoylexstgaxviemyxiqfpkieynjxeqkzhzdrsgjlsdazuppiqzpobryo rubuvvhjapsublxpponffenizdpsrmfygoktviitbjxwhxbpwikrjz rzjtrvwkvlivowhvfajkjgayucdzpgypaddizcbbkgkvinq tv udhezcljnrhbquzsagyoksvpxmmjvxtizqehlsnyhlrdqtdqungh uwivfkljhvsidkrvrapznwpdc ynhdimzwcakjbqmlhcxs
rubuvvhjapsublxpponffenizdpsrmfygoktviitbjxwhxbpwikrjz tv zsklbozuksqoptdimnjatyndnkawodeprwbc
alaho lgokyzwoylexstgaxviemyxiqfpkieynjxeqkzhzdrsgjlsdazuppiqzpobryo tv zsklbozuksqoptdimnjatyndnkawodeprwbc
alaho lgokyzwoylexstgaxviemyxiqfpkieynjxeqkzhzdrsgjlsdazuppiqzpobryo tv
tv udhezcljnrhbquzsagyoksvpxmmjvxtizqehlsnyhlrdqtdqungh ynhdimzwcakjbqmlhcxs
piitankjgkqloxatzazkfploajwaezceltuglovbdsiivcgaltdt ynhdimzwcakjbqmlhcxs zsklbozuksqoptdimnjatyndnkawodeprwbc
alaho rzjtrvwkvlivowhvfajkjgayucdzpgypaddizcbbkgkvinq udhezcljnrhbquzsagyoksvpxmmjvxtizqehlsnyhlrdqtdqungh uwivfkljhvsidkrvrapznwpdc zsklbozuksqoptdimnjatyndnkawodeprwbc
nothing
lgokyzwoylexstgaxviemyxiqfpkieynjxeqkzhzdrsgjlsdazuppiqzpobryo
nothing
piitankjgkqloxatzazkfploajwaezceltuglovbdsiivcgaltdt rubuvvhjapsublxpponffenizdpsrmfygoktviitbjxwhxbpwikrjz zsklbozuksqoptdimnjatyndnkawodeprwbc
alaho piitankjgkqloxatzazkfploajwaezceltuglovbdsiivcgaltdt rzjtrvwkvlivowhvfajkjgayucdzpgypaddizcbbkgkvinq tv udhezcljnrhbquzsagyoksvpxmmjvxtizqehlsnyhlrdqtdqungh uwivfkljhvsidkrvrapznwpdc zsklbozuksqoptdimnjatyndnkawodeprwbc
rzjtrvwkvlivowhvfajkjgayucdzpgypaddizcbbkgkvinq
alaho ompzajxowmfsrdwwekhlhdtkrapentbbxunklnlswwc rzjtrvwkvlivowhvfajkjgayucdzpgypaddizcbbkgkvinq uwivfkljhvsidkrvrapznwpdc zsklbozuksqoptdimnjatyndnkawodeprwbc
nothing
ynhdimzwcakjbqmlhcxs
alaho ompzajxowmfsrdwwekhlhdtkrapentbbxunklnlswwc piitankjgkqloxatzazkfploajwaezceltuglovbdsiivcgaltdt rubuvvhjapsublxpponffenizdpsrmfygoktviitbjxwhxbpwikrjz rzjtrvwkvlivowhvfajkjgayucdzpgypaddizcbbkgkvinq udhezcljnrhbquzsagyoksvpxmmjvxtizqehlsnyhlrdqtdqungh
uwivfkljhvsidkrvrapznwpdc
alaho ompzajxowmfsrdwwekhlhdtkrapentbbxunklnlswwc rzjtrvwkvlivowhvfajkjgayucdzpgypaddizcbbkgkvinq uwivfkljhvsidkrvrapznwpdc zsklbozuksqoptdimnjatyndnkawodeprwbc
alaho lgokyzwoylexstgaxviemyxiqfpkieynjxeqkzhzdrsgjlsdazuppiqzpobryo piitankjgkqloxatzazkfploajwaezceltuglovbdsiivcgaltdt rzjtrvwkvlivowhvfajkjgayucdzpgypaddizcbbkgkvinq udhezcljnrhbquzsagyoksvpxmmjvxtizqehlsnyhlrdqtdqungh
uwivfkljhvsidkrvrapznwpdc zsklbozuksqoptdimnjatyndnkawodeprwbc
alaho lgokyzwoylexstgaxviemyxiqfpkieynjxeqkzhzdrsgjlsdazuppiqzpobryo tv uwivfkljhvsidkrvrapznwpdc
lgokyzwoylexstgaxviemyxiqfpkieynjxeqkzhzdrsgjlsdazuppiqzpobryo
udhezcljnrhbquzsagyoksvpxmmjvxtizqehlsnyhlrdqtdqungh
alaho ompzajxowmfsrdwwekhlhdtkrapentbbxunklnlswwc rubuvvhjapsublxpponffenizdpsrmfygoktviitbjxwhxbpwikrjz rzjtrvwkvlivowhvfajkjgayucdzpgypaddizcbbkgkvinq tv udhezcljnrhbquzsagyoksvpxmmjvxtizqehlsnyhlrdqtdqungh uwivfkljhvsidkrvrapznwpdc ynhdimzwcakjbqmlhcxs zsklbozuksqoptdimnjatyndnkawodeprwbc
lgokyzwoylexstgaxviemyxiqfpkieynjxeqkzhzdrsgjlsdazuppiqzpobryo piitankjgkqloxatzazkfploajwaezceltuglovbdsiivcgaltdt rubuvvhjapsublxpponffenizdpsrmfygoktviitbjxwhxbpwikrjz tv uwivfkljhvsidkrvrapznwpdc
alaho lgokyzwoylexstgaxviemyxiqfpkieynjxeqkzhzdrsgjlsdazuppiqzpobryo tv uwivfkljhvsidkrvrapznwpdc zsklbozuksqoptdimnjatyndnkawodeprwbc
zsklbozuksqoptdimnjatyndnkawodeprwbc
rzjtrvwkvlivowhvfajkjgayucdzpgypaddizcbbkgkvinq
alaho lgokyzwoylexstgaxviemyxiqfpkieynjxeqkzhzdrsgjlsdazuppiqzpobryo rubuvvhjapsublxpponffenizdpsrmfygoktviitbjxwhxbpwikrjz rzjtrvwkvlivowhvfajkjgayucdzpgypaddizcbbkgkvinq tv udhezcljnrhbquzsagyoksvpxmmjvxtizqehlsnyhlrdqtdqungh ynhdimzwcakjbqmlhcxs
nothing
rubuvvhjapsublxpponffenizdpsrmfygoktviitbjxwhxbpwikrjz
piitankjgkqloxatzazkfploajwaezceltuglovbdsiivcgaltdt uwivfkljhvsidkrvrapznwpdc
piitankjgkqloxatzazkfploajwaezceltuglovbdsiivcgaltdt rzjtrvwkvlivowhvfajkjgayucdzpgypaddizcbbkgkvinq uwivfkljhvsidkrvrapznwpdc ynhdimzwcakjbqmlhcxs zsklbozuksqoptdimnjatyndnkawodeprwbc
piitankjgkqloxatzazkfploajwaezceltuglovbdsiivcgaltdt ynhdimzwcakjbqmlhcxs zsklbozuksqoptdimnjatyndnkawodeprwbc
uwivfkljhvsidkrvrapznwpdc zsklbozuksqoptdimnjatyndnkawodeprwbc
ompzajxowmfsrdwwekhlhdtkrapentbbxunklnlswwc rubuvvhjapsublxpponffenizdpsrmfygoktviitbjxwhxbpwikrjz udhezcljnrhbquzsagyoksvpxmmjvxtizqehlsnyhlrdqtdqungh ynhdimzwcakjbqmlhcxs
nothing
lgokyzwoylexstgaxviemyxiqfpkieynjxeqkzhzdrsgjlsdazuppiqzpobryo rzjtrvwkvlivowhvfajkjgayucdzpgypaddizcbbkgkvinq tv uwivfkljhvsidkrvrapznwpdc ynhdimzwcakjbqmlhcxs
ompzajxowmfsrdwwekhlhdtkrapentbbxunklnlswwc rubuvvhjapsublxpponffenizdpsrmfygoktviitbjxwhxbpwikrjz rzjtrvwkvlivowhvfajkjgayucdzpgypaddizcbbkgkvinq udhezcljnrhbquzsagyoksvpxmmjvxtizqehlsnyhlrdqtdqungh ynhdimzwcakjbqmlhcxs
alaho tv zsklbozuksqoptdimnjatyndnkawodeprwbc
piitankjgkqloxatzazkfploajwaezceltuglovbdsiivcgaltdt uwivfkljhvsidkrvrapznwpdc
alaho ompzajxowmfsrdwwekhlhdtkrapentbbxunklnlswwc rubuvvhjapsublxpponffenizdpsrmfygoktviitbjxwhxbpwikrjz udhezcljnrhbquzsagyoksvpxmmjvxtizqehlsnyhlrdqtdqungh uwivfkljhvsidkrvrapznwpdc ynhdimzwcakjbqmlhcxs zsklbozuksqoptdimnjatyndnkawodeprwbc
udhezcljnrhbquzsagyoksvpxmmjvxtizqehlsnyhlrdqtdqungh zsklbozuksqoptdimnjatyndnkawodeprwbc
rzjtrvwkvlivowhvfajkjgayucdzpgypaddizcbbkgkvinq tv
rzjtrvwkvlivowhvfajkjgayucdzpgypaddizcbbkgkvinq
alaho rubuvvhjapsublxpponffenizdpsrmfygoktviitbjxwhxbpwikrjz tv uwivfkljhvsidkrvrapznwpdc
nothing
nothing
alaho ompzajxowmfsrdwwekhlhdtkrapentbbxunklnlswwc rubuvvhjapsublxpponffenizdpsrmfygoktviitbjxwhxbpwikrjz tv udhezcljnrhbquzsagyoksvpxmmjvxtizqehlsnyhlrdqtdqungh uwivfkljhvsidkrvrapznwpdc ynhdimzwcakjbqmlhcxs zsklbozuksqoptdimnjatyndnkawodeprwbc
alaho lgokyzwoylexstgaxviemyxiqfpkieynjxeqkzhzdrsgjlsdazuppiqzpobryo rzjtrvwkvlivowhvfajkjgayucdzpgypaddizcbbkgkvinq udhezcljnrhbquzsagyoksvpxmmjvxtizqehlsnyhlrdqtdqungh
lgokyzwoylexstgaxviemyxiqfpkieynjxeqkzhzdrsgjlsdazuppiqzpobryo ompzajxowmfsrdwwekhlhdtkrapentbbxunklnlswwc rubuvvhjapsublxpponffenizdpsrmfygoktviitbjxwhxbpwikrjz rzjtrvwkvlivowhvfajkjgayucdzpgypaddizcbbkgkvinq tv uwivfkljhvsidkrvrapznwpdc zsklbozuksqoptdimnjatyndnkawodeprwbc
nothing
ompzajxowmfsrdwwekhlhdtkrapentbbxunklnlswwc zsklbozuksqoptdimnjatyndnkawodeprwbc
piitankjgkqloxatzazkfploajwaezceltuglovbdsiivcgaltdt
nothing
nothing
ynhdimzwcakjbqmlhcxs
piitankjgkqloxatzazkfploajwaezceltuglovbdsiivcgaltdt rzjtrvwkvlivowhvfajkjgayucdzpgypaddizcbbkgkvinq udhezcljnrhbquzsagyoksvpxmmjvxtizqehlsnyhlrdqtdqungh
nothing
alaho lgokyzwoylexstgaxviemyxiqfpkieynjxeqkzhzdrsgjlsdazuppiqzpobryo ompzajxowmfsrdwwekhlhdtkrapentbbxunklnlswwc tv
piitankjgkqloxatzazkfploajwaezceltuglovbdsiivcgaltdt rzjtrvwkvlivowhvfajkjgayucdzpgypaddizcbbkgkvinq udhezcljnrhbquzsagyoksvpxmmjvxtizqehlsnyhlrdqtdqungh ynhdimzwcakjbqmlhcxs
rzjtrvwkvlivowhvfajkjgayucdzpgypaddizcbbkgkvinq udhezcljnrhbquzsagyoksvpxmmjvxtizqehlsnyhlrdqtdqungh uwivfkljhvsidkrvrapznwpdc ynhdimzwcakjbqmlhcxs zsklbozuksqoptdimnjatyndnkawodeprwbc
lgokyzwoylexstgaxviemyxiqfpkieynjxeqkzhzdrsgjlsdazuppiqzpobryo ompzajxowmfsrdwwekhlhdtkrapentbbxunklnlswwc rzjtrvwkvlivowhvfajkjgayucdzpgypaddizcbbkgkvinq tv uwivfkljhvsidkrvrapznwpdc zsklbozuksqoptdimnjatyndnkawodeprwbc
alaho
uwivfkljhvsidkrvrapznwpdc
lgokyzwoylexstgaxviemyxiqfpkieynjxeqkzhzdrsgjlsdazuppiqzpobryo
uwivfkljhvsidkrvrapznwpdc
alaho rzjtrvwkvlivowhvfajkjgayucdzpgypaddizcbbkgkvinq udhezcljnrhbquzsagyoksvpxmmjvxtizqehlsnyhlrdqtdqungh uwivfkljhvsidkrvrapznwpdc ynhdimzwcakjbqmlhcxs
lgokyzwoylexstgaxviemyxiqfpkieynjxeqkzhzdrsgjlsdazuppiqzpobryo uwivfkljhvsidkrvrapznwpdc zsklbozuksqoptdimnjatyndnkawodeprwbc
lgokyzwoylexstgaxviemyxiqfpkieynjxeqkzhzdrsgjlsdazuppiqzpobryo ompzajxowmfsrdwwekhlhdtkrapentbbxunklnlswwc rubuvvhjapsublxpponffenizdpsrmfygoktviitbjxwhxbpwikrjz rzjtrvwkvlivowhvfajkjgayucdzpgypaddizcbbkgkvinq
nothing
alaho
rubuvvhjapsublxpponffenizdpsrmfygoktviitbjxwhxbpwikrjz tv
nothing
udhezcljnrhbquzsagyoksvpxmmjvxtizqehlsnyhlrdqtdqungh uwivfkljhvsidkrvrapznwpdc
lgokyzwoylexstgaxviemyxiqfpkieynjxeqkzhzdrsgjlsdazuppiqzpobryo ompzajxowmfsrdwwekhlhdtkrapentbbxunklnlswwc rubuvvhjapsublxpponffenizdpsrmfygoktviitbjxwhxbpwikrjz rzjtrvwkvlivowhvfajkjgayucdzpgypaddizcbbkgkvinq tv uwivfkljhvsidkrvrapznwpdc zsklbozuksqoptdimnjatyndnkawodeprwbc
alaho lgokyzwoylexstgaxviemyxiqfpkieynjxeqkzhzdrsgjlsdazuppiqzpobryo tv
nothing
nothing
nothing
alaho uwivfkljhvsidkrvrapznwpdc zsklbozuksqoptdimnjatyndnkawodeprwbc
alaho lgokyzwoylexstgaxviemyxiqfpkieynjxeqkzhzdrsgjlsdazuppiqzpobryo rzjtrvwkvlivowhvfajkjgayucdzpgypaddizcbbkgkvinq tv udhezcljnrhbquzsagyoksvpxmmjvxtizqehlsnyhlrdqtdqungh
lgokyzwoylexstgaxviemyxiqfpkieynjxeqkzhzdrsgjlsdazuppiqzpobryo piitankjgkqloxatzazkfploajwaezceltuglovbdsiivcgaltdt
alaho ompzajxowmfsrdwwekhlhdtkrapentbbxunklnlswwc rubuvvhjapsublxpponffenizdpsrmfygoktviitbjxwhxbpwikrjz rzjtrvwkvlivowhvfajkjgayucdzpgypaddizcbbkgkvinq udhezcljnrhbquzsagyoksvpxmmjvxtizqehlsnyhlrdqtdqungh uwivfkljhvsidkrvrapznwpdc ynhdimzwcakjbqmlhcxs
alaho lgokyzwoylexstgaxviemyxiqfpkieynjxeqkzhzdrsgjlsdazuppiqzpobryo ompzajxowmfsrdwwekhlhdtkrapentbbxunklnlswwc rubuvvhjapsublxpponffenizdpsrmfygoktviitbjxwhxbpwikrjz rzjtrvwkvlivowhvfajkjgayucdzpgypaddizcbbkgkvinq
