452930477 / 452930479
452930483 / 452930521
452930537 / 452930549
452930563 / 452930581
452930591 / 452930593
452930623 / 452930657
452930659 / 452930707
452930717 / 452930741
452930749 / 452930761
452930773 / 452930783
452930809 / 452930831
452930837 / 452930839
452930843 / 452930851
452930857 / 452930867
452930899 / 452930957
152930969 / 452930981
152930477 / 452930479
152930483 / 452930521
152930537 / 452930549
152930563 / 452930581
152930591 / 452930593
152930623 / 452930657
152930659 / 452930707
152930717 / 452930741
152930749 / 452930761
152930773 / 452930783
152930809 / 452930831
152930837 / 452930839
152930843 / 452930851
152930857 / 452930867
152930899 / 452930957
152930969 / 452930981
