<table border="1">
<tbody>
<tr>
<td>fKTZgu xsHePVQ</td>
<td>408998303</td>
<td>278003571</td>
<td>95.305862, 78.621262, 18.072784, 34.380188</td>
<td>1562, 2, 9</td>
</tr>
<tr>
<td>mbzrYb wB</td>
<td>95919944</td>
<td>808672988</td>
<td>45.063873, 25.252928, 19.412901, 97.217789</td>
<td>1562, 10, 4</td>
</tr>
<tr>
<td>ztuM ciQRKnBT</td>
<td>147689374</td>
<td>098087596</td>
<td>95.926704, 17.919947, 52.634277, 22.635029</td>
<td>46, 8, 16</td>
</tr>
<tr>
<td>tPekVPxa b</td>
<td>238622858</td>
<td>632880179</td>
<td>15.235951, 22.421619, 83.554527, 91.109268</td>
<td>1817, 10, 21</td>
</tr>
<tr>
<td>MYnq RSh</td>
<td>449196910</td>
<td>203424676</td>
<td>1.728613, 44.948997, 69.892830, 28.824726</td>
<td>306, 11, 11</td>
</tr>
<tr>
<td>yiDT bUwz</td>
<td>478486972</td>
<td>651773487</td>
<td>89.229485, 4.286948, 5.540204, 7.808623</td>
<td>302, 1, 17</td>
</tr>
<tr>
<td>csrZ w</td>
<td>343075386</td>
<td>619596202</td>
<td>77.156761, 4.265884, 48.466698, 22.446604</td>
<td>795, 3, 29</td>
</tr>
<tr>
<td>Hqk nsZLhdfs</td>
<td>261627928</td>
<td>447190514</td>
<td>64.341095, 87.759720, 97.099586, 46.550056</td>
<td>1813, 8, 14</td>
</tr>
<tr>
<td>KZbBzW abezc</td>
<td>216730391</td>
<td>367706387</td>
<td>62.925392, 75.241432, 28.141703, 43.465279</td>
<td>1604, 4, 8</td>
</tr>
<tr>
<td>mRLtFS r</td>
<td>38045294</td>
<td>629538794</td>
<td>50.875793, 32.776501, 11.789234, 98.593124</td>
<td>916, 12, 4</td>
</tr>
<tr>
<td>EZtFN pFbQ</td>
<td>414228416</td>
<td>245451335</td>
<td>82.476585, 98.899597, 42.568562, 4.557916</td>
<td>1720, 1, 22</td>
</tr>
<tr>
<td>WAsPtpSw xFNUw</td>
<td>95084451</td>
<td>625234607</td>
<td>46.347343, 52.664406, 67.925240, 44.023537</td>
<td>1402, 6, 7</td>
</tr>
<tr>
<td>Dnc QrmQQM</td>
<td>482776542</td>
<td>280534956</td>
<td>94.170807, 77.433777, 30.622105, 10.813275</td>
<td>1038, 9, 6</td>
</tr>
<tr>
<td>ajxm AmZ</td>
<td>37957390</td>
<td>619010350</td>
<td>69.272400, 63.372623, 52.687904, 83.235443</td>
<td>1281, 5, 9</td>
</tr>
<tr>
<td>LuVKcfSn Tqqq</td>
<td>492947724</td>
<td>039560861</td>
<td>42.363232, 25.887735, 3.461868, 28.507010</td>
<td>1252, 8, 6</td>
</tr>
<tr>
<td>ceY xQuS</td>
<td>432796414</td>
<td>863008274</td>
<td>20.302599, 68.163231, 91.119850, 43.029701</td>
<td>1756, 12, 17</td>
</tr>
<tr>
<td>fQ wybkLiZU</td>
<td>206661687</td>
<td>835439309</td>
<td>53.922928, 36.267082, 33.122200, 75.274818</td>
<td>860, 8, 20</td>
</tr>
<tr>
<td>tyj SPwuASu</td>
<td>249860810</td>
<td>384523972</td>
<td>16.964472, 37.167442, 24.952520, 98.348228</td>
<td>1351, 5, 14</td>
</tr>
<tr>
<td>ySmmeS v</td>
<td>23258487</td>
<td>542490953</td>
<td>81.208473, 93.694077, 69.042229, 4.117811</td>
<td>1994, 1, 8</td>
</tr>
<tr>
<td>oUhGsLw UXedZA</td>
<td>403147344</td>
<td>120663717</td>
<td>72.537376, 26.259123, 1.057775, 78.318817</td>
<td>1667, 5, 19</td>
</tr>
<tr>
<td>j b</td>
<td>252941887</td>
<td>283139963</td>
<td>81.880951, 17.649849, 90.013191, 85.636230</td>
<td>625, 5, 19</td>
</tr>
<tr>
<td>BbaoybU zNDcoEJ</td>
<td>252405441</td>
<td>176099218</td>
<td>68.699081, 90.196938, 7.468847, 2.170794</td>
<td>1894, 7, 7</td>
</tr>
<tr>
<td>dyoCw UQyGSE</td>
<td>254973674</td>
<td>800958025</td>
<td>98.354805, 80.654762, 49.437305, 79.419861</td>
<td>1009, 5, 21</td>
</tr>
<tr>
<td>Gh oWPfpZUk</td>
<td>235006791</td>
<td>038257702</td>
<td>8.461996, 67.404022, 44.902145, 58.507370</td>
<td>31, 5, 18</td>
</tr>
<tr>
<td>Whfqr twPYPR</td>
<td>369939359</td>
<td>647723061</td>
<td>59.443623, 55.558769, 91.177094, 68.302460</td>
<td>1259, 10, 18</td>
</tr>
<tr>
<td>caKYvg dHakHM</td>
<td>301232890</td>
<td>144433806</td>
<td>9.628720, 91.056244, 74.947319, 81.857605</td>
<td>68, 1, 23</td>
</tr>
<tr>
<td>EGUxuZBG HuuwvjGu</td>
<td>266982811</td>
<td>408015605</td>
<td>99.027115, 42.118073, 50.030594, 3.127032</td>
<td>1054, 1, 28</td>
</tr>
<tr>
<td>pFmeJ qpj</td>
<td>328454878</td>
<td>144708371</td>
<td>83.709518, 57.771015, 32.045940, 43.057697</td>
<td>867, 7, 21</td>
</tr>
<tr>
<td>PReX BPr</td>
<td>15660468</td>
<td>314378486</td>
<td>5.610440, 6.905300, 53.442001, 27.258146</td>
<td>1970, 8, 7</td>
</tr>
<tr>
<td>UnbRsJX YZHWWbn</td>
<td>484122038</td>
<td>903859482</td>
<td>3.247370, 99.995850, 90.265091, 64.609184</td>
<td>1579, 7, 23</td>
</tr>
<tr>
<td>mpCAtuHZ tkoEAV</td>
<td>407835471</td>
<td>472316321</td>
<td>97.435478, 44.346363, 4.158611, 16.580782</td>
<td>484, 6, 22</td>
</tr>
<tr>
<td>LNkiMr PmUTPm</td>
<td>281847542</td>
<td>388247346</td>
<td>56.639931, 64.997337, 44.505703, 40.726917</td>
<td>1873, 10, 18</td>
</tr>
<tr>
<td>jncMS ShQ</td>
<td>45573447</td>
<td>604055469</td>
<td>5.815775, 12.696811, 9.041433, 97.125252</td>
<td>1485, 4, 19</td>
</tr>
<tr>
<td>oSfQCFf fnqSqe</td>
<td>149627443</td>
<td>399418361</td>
<td>11.773026, 2.440485, 16.576574, 66.503639</td>
<td>993, 1, 30</td>
</tr>
<tr>
<td>jXxKRG vRQmLv</td>
<td>214480677</td>
<td>940234327</td>
<td>26.936419, 55.102615, 81.581726, 10.033110</td>
<td>512, 6, 14</td>
</tr>
<tr>
<td>uTXYXp eSn</td>
<td>90545155</td>
<td>874035428</td>
<td>1.897798, 69.755173, 76.732895, 49.926968</td>
<td>1873, 6, 29</td>
</tr>
<tr>
<td>PthqKd icHVwQWz</td>
<td>469438537</td>
<td>607737043</td>
<td>89.699295, 78.231407, 82.381096, 60.966618</td>
<td>1, 8, 18</td>
</tr>
<tr>
<td>gJr BSbid</td>
<td>449328802</td>
<td>079877109</td>
<td>76.117104, 73.024353, 56.578671, 14.609689</td>
<td>95, 10, 21</td>
</tr>
<tr>
<td>jDpJJo K</td>
<td>428019798</td>
<td>626268885</td>
<td>95.273392, 92.008049, 99.903633, 80.012123</td>
<td>834, 8, 27</td>
</tr>
<tr>
<td>wPGFvRwU j</td>
<td>220021655</td>
<td>918497823</td>
<td>6.733884, 79.768166, 75.128014, 78.607109</td>
<td>1127, 3, 7</td>
</tr>
<tr>
<td>MoFqcv DCuEKR</td>
<td>196212863</td>
<td>088826182</td>
<td>21.601744, 83.293846, 14.972998, 88.552048</td>
<td>710, 8, 9</td>
</tr>
<tr>
<td>fQyyuxX zWg</td>
<td>485573611</td>
<td>104291053</td>
<td>95.401230, 47.894016, 9.894414, 69.804184</td>
<td>1946, 4, 31</td>
</tr>
<tr>
<td>fEw VDPxn</td>
<td>335630807</td>
<td>712572167</td>
<td>35.086327, 82.834923, 96.790695, 54.879196</td>
<td>192, 10, 21</td>
</tr>
<tr>
<td>MFd MLmKzbEU</td>
<td>325777055</td>
<td>797902521</td>
<td>63.885258, 78.694969, 85.454796, 89.215080</td>
<td>1422, 1, 19</td>
</tr>
<tr>
<td>Pou yKSEhFaf</td>
<td>150400220</td>
<td>961617795</td>
<td>18.398685, 25.697735, 30.811104, 30.740326</td>
<td>1936, 8, 24</td>
</tr>
<tr>
<td>zNeA xTVpNqE</td>
<td>360404461</td>
<td>891783073</td>
<td>78.889557, 11.854150, 30.613264, 81.787376</td>
<td>1236, 11, 8</td>
</tr>
<tr>
<td>DbDa Kr</td>
<td>440700265</td>
<td>470171241</td>
<td>43.401344, 8.645202, 79.532501, 86.913246</td>
<td>755, 12, 1</td>
</tr>
<tr>
<td>cbCWGa TXXjJ</td>
<td>430318329</td>
<td>007536819</td>
<td>19.716034, 93.658318, 57.281780, 52.803440</td>
<td>986, 6, 4</td>
</tr>
<tr>
<td>KNqq sGXeCVvs</td>
<td>451735024</td>
<td>495598458</td>
<td>31.702744, 88.370766, 98.781853, 85.312866</td>
<td>1597, 7, 11</td>
</tr>
<tr>
<td>BTttHTkJ LpNt</td>
<td>429964726</td>
<td>878462864</td>
<td>36.295959, 48.038845, 25.315916, 51.094109</td>
<td>1931, 11, 16</td>
</tr>
<tr>
<td>zJ hQGWTqu</td>
<td>424809718</td>
<td>639726197</td>
<td>55.498459, 73.306679, 19.425098, 47.096912</td>
<td>586, 9, 20</td>
</tr>
<tr>
<td>DaR CaNpwp</td>
<td>484689322</td>
<td>766068777</td>
<td>38.559772, 35.251732, 49.140720, 11.082593</td>
<td>977, 1, 20</td>
</tr>
<tr>
<td>hrck Tgh</td>
<td>369868067</td>
<td>100225618</td>
<td>20.795027, 43.030300, 54.172928, 42.323338</td>
<td>1022, 8, 12</td>
</tr>
<tr>
<td>RsyU F</td>
<td>119779239</td>
<td>568233742</td>
<td>24.955236, 21.288342, 89.306442, 46.449574</td>
<td>245, 4, 29</td>
</tr>
<tr>
<td>rbAjfec jxh</td>
<td>371907844</td>
<td>437754759</td>
<td>81.409378, 89.622749, 87.233017, 4.896001</td>
<td>791, 2, 29</td>
</tr>
<tr>
<td>abppSR ZbDdLrRu</td>
<td>378042945</td>
<td>857415178</td>
<td>42.855705, 95.239388, 12.124044, 41.229038</td>
<td>873, 5, 16</td>
</tr>
<tr>
<td>dXG EWtKrQys</td>
<td>297271873</td>
<td>478683211</td>
<td>82.297577, 93.055450, 24.315479, 27.996420</td>
<td>1097, 2, 20</td>
</tr>
<tr>
<td>kjt wfEDKmw</td>
<td>408925131</td>
<td>515111155</td>
<td>29.128906, 17.819208, 16.277596, 62.838047</td>
<td>69, 4, 31</td>
</tr>
<tr>
<td>ikp Ppu</td>
<td>314676247</td>
<td>304804898</td>
<td>52.719330, 17.483240, 78.239090, 12.432227</td>
<td>1045, 7, 31</td>
</tr>
<tr>
<td>hd antZ</td>
<td>281235411</td>
<td>025187414</td>
<td>70.883835, 6.542107, 42.927338, 83.170540</td>
<td>561, 7, 6</td>
</tr>
<tr>
<td>SWzxkK NCuP</td>
<td>324724515</td>
<td>230568009</td>
<td>40.839920, 95.119362, 77.127731, 59.855988</td>
<td>387, 4, 17</td>
</tr>
<tr>
<td>umSsUcA AH</td>
<td>264597067</td>
<td>854746976</td>
<td>54.625134, 3.701947, 89.930954, 46.581486</td>
<td>369, 1, 16</td>
</tr>
<tr>
<td>EmhJMdMY SVp</td>
<td>463950892</td>
<td>567777302</td>
<td>12.757202, 78.867310, 77.344788, 93.702904</td>
<td>1609, 2, 23</td>
</tr>
<tr>
<td>RMBTUyP GPANmqE</td>
<td>62804098</td>
<td>005459743</td>
<td>38.432873, 43.787361, 67.423035, 92.252876</td>
<td>1610, 9, 3</td>
</tr>
<tr>
<td>KyQnf dceAve</td>
<td>393701264</td>
<td>444243013</td>
<td>3.046868, 27.144251, 96.008194, 37.225842</td>
<td>684, 11, 31</td>
</tr>
<tr>
<td>QyHytHk mABT</td>
<td>101998204</td>
<td>538018569</td>
<td>37.667976, 68.571854, 43.985184, 14.642298</td>
<td>1674, 12, 28</td>
</tr>
<tr>
<td>gfJPeQW TMxJxEm</td>
<td>286959348</td>
<td>941087497</td>
<td>87.216263, 64.682678, 87.589813, 77.483826</td>
<td>1051, 11, 18</td>
</tr>
<tr>
<td>MWJMb oGedGHA</td>
<td>202919943</td>
<td>195840061</td>
<td>55.629021, 84.474518, 31.084661, 67.979988</td>
<td>892, 9, 19</td>
</tr>
<tr>
<td>yRMFcM wK</td>
<td>90965162</td>
<td>475199635</td>
<td>5.034368, 29.750639, 52.040096, 12.553244</td>
<td>1867, 12, 13</td>
</tr>
<tr>
<td>vCFX txKi</td>
<td>43903437</td>
<td>871173033</td>
<td>43.080273, 51.769894, 9.712046, 92.327332</td>
<td>450, 1, 26</td>
</tr>
<tr>
<td>eXQ PV</td>
<td>379521403</td>
<td>050519332</td>
<td>74.504822, 57.728012, 15.690365, 32.122868</td>
<td>1343, 7, 20</td>
</tr>
<tr>
<td>xmHfGGu CEksww</td>
<td>172545973</td>
<td>670133107</td>
<td>31.315578, 44.062740, 43.068211, 64.047531</td>
<td>1200, 1, 15</td>
</tr>
<tr>
<td>HzvZiPt S</td>
<td>485107306</td>
<td>481154517</td>
<td>63.155834, 41.724766, 63.336842, 57.739204</td>
<td>145, 7, 16</td>
</tr>
<tr>
<td>Xby e</td>
<td>424258653</td>
<td>157048244</td>
<td>79.817726, 41.100052, 6.019022, 81.210701</td>
<td>1559, 5, 24</td>
</tr>
<tr>
<td>Ar sT</td>
<td>345929328</td>
<td>385892737</td>
<td>43.689064, 88.907051, 98.001183, 75.093002</td>
<td>430, 2, 26</td>
</tr>
<tr>
<td>BypX Rr</td>
<td>186532272</td>
<td>819142262</td>
<td>49.813805, 13.273815, 84.585693, 70.355560</td>
<td>603, 7, 31</td>
</tr>
<tr>
<td>LC kuhTqP</td>
<td>423836446</td>
<td>670802625</td>
<td>84.513023, 57.363800, 18.612631, 80.798058</td>
<td>657, 11, 5</td>
</tr>
<tr>
<td>RMHwhDJ ZK</td>
<td>66587974</td>
<td>063198779</td>
<td>66.401268, 14.491283, 98.564102, 50.158634</td>
<td>1494, 7, 12</td>
</tr>
<tr>
<td>Xpti uBpDRm</td>
<td>294413215</td>
<td>232315104</td>
<td>78.805237, 5.899153, 65.218140, 69.119736</td>
<td>1622, 2, 15</td>
</tr>
<tr>
<td>VjAzrdTE YYA</td>
<td>398841698</td>
<td>715777197</td>
<td>55.613674, 49.366821, 8.306100, 78.225250</td>
<td>1118, 10, 16</td>
</tr>
<tr>
<td>uBPHAid qcS</td>
<td>91040095</td>
<td>015525061</td>
<td>54.767647, 70.921036, 54.224998, 29.385221</td>
<td>1233, 1, 18</td>
</tr>
<tr>
<td>FBSi bTcQZ</td>
<td>382010856</td>
<td>083985634</td>
<td>47.169964, 47.645660, 24.641781, 25.360443</td>
<td>475, 4, 18</td>
</tr>
<tr>
<td>nkYQxs rEfPb</td>
<td>178887666</td>
<td>479494195</td>
<td>32.539917, 26.619350, 98.336693, 85.157951</td>
<td>225, 8, 3</td>
</tr>
<tr>
<td>RLkJdP tE</td>
<td>170143888</td>
<td>182674801</td>
<td>62.033325, 6.495079, 59.722626, 81.376518</td>
<td>1561, 8, 20</td>
</tr>
<tr>
<td>sWyu aQTBKJ</td>
<td>363621785</td>
<td>848967549</td>
<td>30.490520, 49.717400, 73.263275, 24.257954</td>
<td>695, 8, 3</td>
</tr>
<tr>
<td>qRpRiC VZusp</td>
<td>1195560</td>
<td>236063188</td>
<td>91.010094, 53.035400, 10.796629, 94.357239</td>
<td>1901, 6, 26</td>
</tr>
<tr>
<td>pzLZBggu wNdV</td>
<td>19180956</td>
<td>579326775</td>
<td>36.447002, 21.441143, 93.044243, 47.427216</td>
<td>999, 4, 9</td>
</tr>
<tr>
<td>SYwDTDb v</td>
<td>186749488</td>
<td>325119571</td>
<td>67.855362, 52.477486, 39.974018, 30.684572</td>
<td>932, 8, 11</td>
</tr>
<tr>
<td>aqyzjq p</td>
<td>95523745</td>
<td>552874687</td>
<td>62.730434, 12.940753, 83.568726, 3.324323</td>
<td>1086, 1, 15</td>
</tr>
<tr>
<td>WgSvyqq zWqMgqx</td>
<td>302277498</td>
<td>420330021</td>
<td>56.617195, 34.829033, 42.456135, 90.902481</td>
<td>316, 1, 3</td>
</tr>
<tr>
<td>sbt hr</td>
<td>315264449</td>
<td>027412156</td>
<td>71.241714, 19.307043, 37.554821, 74.761368</td>
<td>831, 9, 18</td>
</tr>
<tr>
<td>VmPXGMUP WA</td>
<td>87307240</td>
<td>234042992</td>
<td>19.665855, 57.173916, 57.705017, 30.538778</td>
<td>639, 5, 31</td>
</tr>
<tr>
<td>WVXbk V</td>
<td>134701255</td>
<td>469748875</td>
<td>76.281929, 96.216827, 68.419617, 31.355074</td>
<td>554, 7, 31</td>
</tr>
<tr>
<td>yvWibVd zczXcuNb</td>
<td>34328885</td>
<td>612040323</td>
<td>73.291542, 95.018082, 42.035671, 1.280755</td>
<td>1485, 2, 13</td>
</tr>
<tr>
<td>TxF Cf</td>
<td>111274857</td>
<td>834629079</td>
<td>92.598770, 22.529716, 88.082199, 49.333031</td>
<td>1975, 7, 22</td>
</tr>
<tr>
<td>TXRrx xA</td>
<td>295254063</td>
<td>152784588</td>
<td>21.728115, 91.435745, 86.399643, 26.947790</td>
<td>589, 5, 8</td>
</tr>
<tr>
<td>bTbinU CdzZg</td>
<td>234266375</td>
<td>658266023</td>
<td>73.801033, 9.874708, 4.842479, 61.868671</td>
<td>667, 10, 21</td>
</tr>
<tr>
<td>NDWtCp Fk</td>
<td>17697590</td>
<td>508662746</td>
<td>85.510712, 48.661469, 50.929581, 21.924135</td>
<td>1880, 7, 8</td>
</tr>
<tr>
<td>BjwsuZ vEc</td>
<td>325303257</td>
<td>761466481</td>
<td>45.012417, 6.006631, 87.196014, 82.635658</td>
<td>1914, 3, 13</td>
</tr>
<tr>
<td>FNJyj Pt</td>
<td>161488320</td>
<td>128131451</td>
<td>95.363869, 83.471230, 91.318413, 11.628172</td>
<td>1783, 10, 29</td>
</tr>
<tr>
<td>RWFvC demeRZQg</td>
<td>481149116</td>
<td>870549025</td>
<td>81.729568, 40.924217, 20.725952, 19.732227</td>
<td>26, 11, 28</td>
</tr>
<tr>
<td>hbVAXqXH CjVjJEy</td>
<td>211218629</td>
<td>861465456</td>
<td>54.217232, 27.707697, 22.355671, 0.849664</td>
<td>156, 8, 15</td>
</tr>
<tr>
<td>rA VZmcve</td>
<td>1814705</td>
<td>466865504</td>
<td>90.950020, 30.967054, 63.956448, 54.042141</td>
<td>83, 11, 16</td>
</tr>
<tr>
<td>hbKPcf js</td>
<td>212860390</td>
<td>320379554</td>
<td>88.103966, 28.632317, 21.746611, 40.462215</td>
<td>621, 1, 17</td>
</tr>
<tr>
<td>KdcLCDrC R</td>
<td>365826623</td>
<td>929762783</td>
<td>23.528526, 16.908869, 28.946251, 14.254045</td>
<td>1341, 7, 9</td>
</tr>
<tr>
<td>sBSz iD</td>
<td>249386189</td>
<td>834544738</td>
<td>43.957581, 83.810249, 89.282349, 68.606934</td>
<td>208, 7, 17</td>
</tr>
<tr>
<td>urRTkhGa qWdiq</td>
<td>456842607</td>
<td>894779649</td>
<td>53.879337, 5.239041, 6.769353, 19.001675</td>
<td>1890, 4, 13</td>
</tr>
<tr>
<td>cDLp JfekP</td>
<td>176926474</td>
<td>976067960</td>
<td>64.579063, 68.812889, 82.008774, 69.440178</td>
<td>363, 9, 9</td>
</tr>
<tr>
<td>tDrg yY</td>
<td>439013576</td>
<td>557132342</td>
<td>49.631416, 45.322620, 23.953995, 55.374817</td>
<td>248, 3, 12</td>
</tr>
<tr>
<td>KCkYv QRrbB</td>
<td>303286998</td>
<td>549803949</td>
<td>77.398514, 44.620247, 13.590594, 73.595467</td>
<td>485, 4, 13</td>
</tr>
<tr>
<td>PRqxGW yWianuR</td>
<td>10785090</td>
<td>899604440</td>
<td>74.456100, 62.373119, 93.672928, 12.547258</td>
<td>268, 10, 28</td>
</tr>
<tr>
<td>sNzBu JwWGsp</td>
<td>357480596</td>
<td>793658161</td>
<td>24.148752, 78.858711, 75.040375, 94.724442</td>
<td>375, 10, 7</td>
</tr>
<tr>
<td>S H</td>
<td>53716274</td>
<td>718745734</td>
<td>91.765373, 71.952171, 31.253021, 98.091202</td>
<td>598, 6, 3</td>
</tr>
<tr>
<td>VRmG ADpCxc</td>
<td>259446009</td>
<td>276620446</td>
<td>92.840561, 8.042840, 23.547575, 19.805990</td>
<td>1505, 9, 30</td>
</tr>
<tr>
<td>bDmmQLy omJk</td>
<td>101006450</td>
<td>427883336</td>
<td>90.338669, 57.929436, 26.596186, 94.303024</td>
<td>1462, 12, 31</td>
</tr>
<tr>
<td>nw LR</td>
<td>92929998</td>
<td>464393812</td>
<td>78.257309, 52.056522, 81.734520, 51.072048</td>
<td>1683, 3, 14</td>
</tr>
<tr>
<td>WmFd qakqdsYc</td>
<td>271081618</td>
<td>903080360</td>
<td>96.734428, 39.249729, 29.937950, 1.689910</td>
<td>1539, 10, 25</td>
</tr>
<tr>
<td>UH nWpJHGMG</td>
<td>47562971</td>
<td>691904231</td>
<td>62.235641, 99.230873, 71.794197, 82.144958</td>
<td>1271, 12, 9</td>
</tr>
<tr>
<td>Tk N</td>
<td>464061103</td>
<td>610646748</td>
<td>79.384193, 54.038818, 96.375565, 30.093718</td>
<td>1680, 6, 22</td>
</tr>
<tr>
<td>xVu kMPjho</td>
<td>497308600</td>
<td>260791613</td>
<td>91.645615, 76.933922, 81.114624, 50.305019</td>
<td>915, 12, 11</td>
</tr>
<tr>
<td>gV sCeFnjqQ</td>
<td>358329391</td>
<td>271533486</td>
<td>87.670189, 39.447838, 12.001652, 28.729143</td>
<td>185, 9, 7</td>
</tr>
<tr>
<td>NUk YnZg</td>
<td>386127799</td>
<td>655573166</td>
<td>62.349136, 82.930695, 97.232025, 39.249516</td>
<td>630, 3, 16</td>
</tr>
<tr>
<td>TAR W</td>
<td>489557767</td>
<td>181569575</td>
<td>83.185631, 68.099113, 2.119241, 38.716827</td>
<td>1685, 3, 23</td>
</tr>
<tr>
<td>GuwhPcJq EMQbQd</td>
<td>260307617</td>
<td>546079938</td>
<td>75.063225, 43.273087, 39.417500, 60.227772</td>
<td>235, 2, 2</td>
</tr>
<tr>
<td>UBCTM B</td>
<td>30030267</td>
<td>928542154</td>
<td>44.012909, 40.400406, 7.345916, 11.271289</td>
<td>1944, 11, 17</td>
</tr>
<tr>
<td>XWHkhXt cQs</td>
<td>59927723</td>
<td>799027283</td>
<td>9.875479, 58.271809, 53.284492, 58.145638</td>
<td>463, 11, 7</td>
</tr>
<tr>
<td>mutx fxri</td>
<td>292438317</td>
<td>107057202</td>
<td>36.123516, 21.453426, 84.450577, 55.365906</td>
<td>1804, 6, 5</td>
</tr>
<tr>
<td>FE mNsuXRQH</td>
<td>469891591</td>
<td>287000232</td>
<td>4.269643, 42.597889, 0.446500, 8.566014</td>
<td>869, 5, 17</td>
</tr>
<tr>
<td>FL wvw</td>
<td>64395089</td>
<td>833031158</td>
<td>62.509350, 78.589401, 96.755302, 81.392120</td>
<td>1105, 2, 3</td>
</tr>
<tr>
<td>C EFbaBaeR</td>
<td>96219827</td>
<td>794663008</td>
<td>26.389450, 28.461708, 53.305820, 9.452370</td>
<td>881, 8, 7</td>
</tr>
<tr>
<td>KDwT Hkfu</td>
<td>373868356</td>
<td>469919785</td>
<td>18.067963, 33.088779, 86.078819, 76.597916</td>
<td>1763, 8, 23</td>
</tr>
<tr>
<td>rE NMhsAgy</td>
<td>285306127</td>
<td>166154201</td>
<td>23.808388, 47.495480, 53.339352, 10.837730</td>
<td>1911, 6, 2</td>
</tr>
<tr>
<td>bmMFt PZafKr</td>
<td>212953444</td>
<td>300356992</td>
<td>50.762642, 63.438633, 48.204514, 34.756744</td>
<td>304, 6, 18</td>
</tr>
<tr>
<td>xUWai yLchMyso</td>
<td>79117511</td>
<td>829017922</td>
<td>20.385773, 88.390480, 76.074760, 67.052597</td>
<td>1167, 2, 26</td>
</tr>
<tr>
<td>PDpDu zqHh</td>
<td>181953058</td>
<td>734145031</td>
<td>44.382008, 75.731468, 14.414635, 30.883024</td>
<td>1958, 5, 30</td>
</tr>
<tr>
<td>wtsXw LfWpM</td>
<td>118214877</td>
<td>951478612</td>
<td>79.278221, 51.391548, 42.772839, 83.138977</td>
<td>549, 1, 22</td>
</tr>
<tr>
<td>xkgQy rGGx</td>
<td>240884604</td>
<td>590102723</td>
<td>16.537704, 91.720680, 88.906113, 45.118538</td>
<td>1509, 11, 21</td>
</tr>
<tr>
<td>Eij PKUh</td>
<td>238442801</td>
<td>222491802</td>
<td>88.847389, 24.867777, 25.301870, 20.637199</td>
<td>482, 7, 9</td>
</tr>
<tr>
<td>yykw d</td>
<td>73138985</td>
<td>351509263</td>
<td>69.445709, 87.335983, 14.931311, 42.849888</td>
<td>530, 5, 11</td>
</tr>
<tr>
<td>izPi qcu</td>
<td>103701129</td>
<td>860923397</td>
<td>85.840858, 13.411536, 52.202316, 75.801216</td>
<td>102, 5, 31</td>
</tr>
<tr>
<td>cFp uzDBQ</td>
<td>284149059</td>
<td>996970975</td>
<td>51.566151, 57.094940, 31.254934, 61.154514</td>
<td>301, 7, 13</td>
</tr>
<tr>
<td>zuVr a</td>
<td>42041314</td>
<td>125098856</td>
<td>40.159260, 5.528572, 88.043373, 60.823868</td>
<td>478, 4, 30</td>
</tr>
<tr>
<td>Vakr Qnv</td>
<td>480219573</td>
<td>719023534</td>
<td>26.716589, 70.793251, 26.606281, 84.666939</td>
<td>386, 12, 20</td>
</tr>
<tr>
<td>BtbvQ vjVJGmwm</td>
<td>422287719</td>
<td>692799240</td>
<td>64.220528, 82.059425, 2.136905, 54.942646</td>
<td>629, 5, 2</td>
</tr>
<tr>
<td>tBYumN gsaxuT</td>
<td>424116395</td>
<td>383591645</td>
<td>94.660484, 99.924660, 92.933846, 67.958549</td>
<td>1085, 4, 8</td>
</tr>
<tr>
<td>hUHiks KyY</td>
<td>389874597</td>
<td>650271644</td>
<td>67.015091, 29.794319, 43.155930, 25.848215</td>
<td>470, 5, 2</td>
</tr>
<tr>
<td>tskEP SBaP</td>
<td>175438152</td>
<td>466298281</td>
<td>52.878368, 28.644796, 34.819996, 76.765518</td>
<td>844, 12, 14</td>
</tr>
<tr>
<td>swXUbuac QhroepC</td>
<td>264422594</td>
<td>156076871</td>
<td>57.193295, 81.317993, 75.041145, 48.134716</td>
<td>565, 2, 1</td>
</tr>
<tr>
<td>XxmoMep jUVgHYVL</td>
<td>93723211</td>
<td>923412716</td>
<td>48.351528, 78.397491, 89.870132, 20.826925</td>
<td>1860, 8, 6</td>
</tr>
<tr>
<td>miuxzk fqCZY</td>
<td>443152250</td>
<td>265694227</td>
<td>55.999680, 8.065535, 92.685570, 70.966003</td>
<td>1902, 6, 30</td>
</tr>
<tr>
<td>BYWTFoC MD</td>
<td>265887860</td>
<td>402724213</td>
<td>35.823421, 45.987202, 1.359459, 23.712673</td>
<td>1195, 4, 22</td>
</tr>
<tr>
<td>SezbJV CJJ</td>
<td>114504978</td>
<td>361971275</td>
<td>4.672480, 21.238338, 63.774281, 15.136013</td>
<td>1094, 6, 18</td>
</tr>
<tr>
<td>qQsd j</td>
<td>173241855</td>
<td>068776720</td>
<td>10.655111, 33.043697, 37.530785, 83.973007</td>
<td>1498, 10, 8</td>
</tr>
<tr>
<td>UsFmx C</td>
<td>1183585</td>
<td>876971767</td>
<td>80.477043, 77.121712, 54.997997, 80.736000</td>
<td>1117, 7, 4</td>
</tr>
<tr>
<td>vPxbcJiL rCTcKvP</td>
<td>170907728</td>
<td>897470736</td>
<td>46.092770, 37.778812, 68.215614, 41.832954</td>
<td>291, 6, 25</td>
</tr>
<tr>
<td>FKwrGTFE turJd</td>
<td>84401609</td>
<td>483161963</td>
<td>30.180050, 45.091049, 71.766846, 12.940456</td>
<td>204, 4, 15</td>
</tr>
<tr>
<td>xWuz iBYPK</td>
<td>51396926</td>
<td>722492594</td>
<td>99.344086, 32.922409, 84.286522, 29.411442</td>
<td>12, 10, 24</td>
</tr>
<tr>
<td>TFZRMW tjTUFRx</td>
<td>192772902</td>
<td>042828145</td>
<td>6.400965, 6.745962, 81.660957, 92.588341</td>
<td>1965, 9, 29</td>
</tr>
<tr>
<td>QWkaRhNV MLwKmDv</td>
<td>226060621</td>
<td>990827951</td>
<td>41.915154, 69.952515, 94.724663, 97.004646</td>
<td>1839, 9, 10</td>
</tr>
<tr>
<td>LnRvAUXL ibTk</td>
<td>187512540</td>
<td>165500708</td>
<td>57.507942, 49.435558, 22.635424, 82.558472</td>
<td>65, 9, 13</td>
</tr>
<tr>
<td>VHVbkbuh UjCotzR</td>
<td>40914722</td>
<td>177184452</td>
<td>36.134293, 6.402896, 15.900986, 54.486187</td>
<td>1655, 6, 1</td>
</tr>
<tr>
<td>wLzreauK Y</td>
<td>25713663</td>
<td>960516340</td>
<td>35.963581, 72.512093, 35.276718, 50.296185</td>
<td>1372, 1, 3</td>
</tr>
<tr>
<td>PsHjDtA S</td>
<td>253819023</td>
<td>301329717</td>
<td>41.901287, 43.356834, 39.478416, 44.266201</td>
<td>1686, 12, 2</td>
</tr>
<tr>
<td>LtraXx ojrjkXh</td>
<td>334530576</td>
<td>093347355</td>
<td>29.863333, 56.769253, 5.513360, 47.759132</td>
<td>1359, 6, 6</td>
</tr>
<tr>
<td>w MCJA</td>
<td>222370180</td>
<td>133528498</td>
<td>18.813910, 36.070705, 72.406517, 81.265076</td>
<td>585, 8, 20</td>
</tr>
<tr>
<td>BB BH</td>
<td>265266192</td>
<td>725501088</td>
<td>31.167334, 34.296062, 6.672651, 46.504642</td>
<td>1568, 9, 22</td>
</tr>
<tr>
<td>va YHKFvfua</td>
<td>198364731</td>
<td>033159654</td>
<td>40.220947, 18.029144, 44.046989, 60.255112</td>
<td>1251, 8, 3</td>
</tr>
<tr>
<td>QSUUDJUq pbyYkU</td>
<td>94646647</td>
<td>138291081</td>
<td>13.541803, 36.858688, 18.532007, 18.966702</td>
<td>827, 12, 26</td>
</tr>
<tr>
<td>DoToSp dtJZ</td>
<td>402327473</td>
<td>516460200</td>
<td>34.069241, 22.358591, 41.619251, 25.622377</td>
<td>399, 8, 20</td>
</tr>
<tr>
<td>rStZg eVjcZqVg</td>
<td>287224257</td>
<td>531718365</td>
<td>56.984821, 10.354566, 25.647387, 59.004066</td>
<td>227, 4, 8</td>
</tr>
<tr>
<td>nufuSL wcaAy</td>
<td>435983119</td>
<td>210396248</td>
<td>16.036058, 62.845768, 92.237724, 61.136997</td>
<td>545, 7, 6</td>
</tr>
<tr>
<td>yxxrnoLR qV</td>
<td>78337556</td>
<td>428274119</td>
<td>37.008488, 95.952789, 43.719212, 11.434443</td>
<td>1018, 6, 13</td>
</tr>
<tr>
<td>rMACfqMZ RtoQiw</td>
<td>476018928</td>
<td>344383378</td>
<td>38.923180, 90.947495, 56.233768, 67.680626</td>
<td>1749, 12, 10</td>
</tr>
<tr>
<td>mWX brjyLa</td>
<td>191705358</td>
<td>428134329</td>
<td>83.360428, 47.418938, 17.847687, 91.878838</td>
<td>880, 10, 17</td>
</tr>
<tr>
<td>LHtDKk aiPXiiD</td>
<td>178857947</td>
<td>949954417</td>
<td>11.299378, 46.288715, 84.639030, 79.181419</td>
<td>1622, 6, 16</td>
</tr>
<tr>
<td>yY iueRf</td>
<td>406987415</td>
<td>713266206</td>
<td>1.911413, 13.069514, 76.878571, 97.407120</td>
<td>208, 3, 21</td>
</tr>
<tr>
<td>q knB</td>
<td>189801270</td>
<td>205383347</td>
<td>90.166374, 37.833160, 58.443192, 98.120590</td>
<td>112, 3, 12</td>
</tr>
<tr>
<td>PfXJZsyv cqRsY</td>
<td>115166805</td>
<td>371684680</td>
<td>85.691589, 74.025055, 53.553062, 76.458931</td>
<td>1542, 9, 25</td>
</tr>
<tr>
<td>jeSco Q</td>
<td>88603317</td>
<td>044737967</td>
<td>77.659882, 93.780632, 69.553841, 48.030533</td>
<td>330, 5, 16</td>
</tr>
<tr>
<td>Riutqtcu V</td>
<td>350141012</td>
<td>094887980</td>
<td>35.945663, 85.970978, 59.544483, 47.740311</td>
<td>1420, 12, 11</td>
</tr>
<tr>
<td>yD M</td>
<td>461187335</td>
<td>643860971</td>
<td>39.092312, 64.199524, 49.961548, 5.939742</td>
<td>1606, 11, 2</td>
</tr>
<tr>
<td>foTxAdt oSeqt</td>
<td>448750612</td>
<td>216929237</td>
<td>69.512184, 15.743523, 36.157364, 6.538847</td>
<td>1569, 4, 21</td>
</tr>
<tr>
<td>dQ TCkpsSK</td>
<td>139261123</td>
<td>126387184</td>
<td>31.764950, 98.233353, 85.214722, 75.124542</td>
<td>1502, 6, 22</td>
</tr>
<tr>
<td>jJS SQ</td>
<td>307168470</td>
<td>870687132</td>
<td>63.317917, 96.059601, 3.887315, 32.259682</td>
<td>485, 2, 25</td>
</tr>
<tr>
<td>aEqWWo qospyge</td>
<td>326220617</td>
<td>595799504</td>
<td>56.711208, 88.510139, 49.880566, 40.487236</td>
<td>897, 9, 2</td>
</tr>
<tr>
<td>MvWn gzJj</td>
<td>268726289</td>
<td>017805855</td>
<td>80.244041, 74.242943, 32.374676, 64.803017</td>
<td>2003, 3, 12</td>
</tr>
<tr>
<td>nfsab BQLwATW</td>
<td>64155286</td>
<td>913262163</td>
<td>77.129753, 76.175652, 38.474030, 4.960055</td>
<td>584, 3, 20</td>
</tr>
<tr>
<td>vykWw SYcRZdi</td>
<td>452329643</td>
<td>541595313</td>
<td>49.081608, 23.698259, 93.493439, 64.859818</td>
<td>703, 4, 27</td>
</tr>
<tr>
<td>wGij dnL</td>
<td>256481029</td>
<td>035949794</td>
<td>88.420815, 83.621170, 98.447189, 20.682711</td>
<td>1767, 7, 16</td>
</tr>
<tr>
<td>BEH HwPkmE</td>
<td>148045228</td>
<td>342937243</td>
<td>36.300789, 35.982510, 60.169331, 26.701790</td>
<td>1659, 2, 20</td>
</tr>
<tr>
<td>dEchQU PRtkh</td>
<td>429685026</td>
<td>487578975</td>
<td>16.524267, 81.307274, 40.043552, 84.901070</td>
<td>1709, 5, 28</td>
</tr>
<tr>
<td>aqbjg uUBtSW</td>
<td>198774733</td>
<td>261036582</td>
<td>62.962566, 98.736664, 79.772278, 77.281929</td>
<td>102, 11, 7</td>
</tr>
<tr>
<td>WXzKGov GSb</td>
<td>388806442</td>
<td>662267286</td>
<td>99.061569, 96.003906, 7.957178, 5.877512</td>
<td>312, 3, 26</td>
</tr>
<tr>
<td>BphrNJ pC</td>
<td>126876448</td>
<td>719495550</td>
<td>88.694366, 0.347264, 91.903992, 83.205551</td>
<td>756, 7, 26</td>
</tr>
<tr>
<td>FgNbpkM oV</td>
<td>157533240</td>
<td>010183481</td>
<td>14.530542, 45.793476, 15.320226, 52.133759</td>
<td>876, 11, 4</td>
</tr>
<tr>
<td>RebAfEPu jb</td>
<td>62081303</td>
<td>274949898</td>
<td>69.610161, 16.663830, 30.530844, 39.836735</td>
<td>877, 2, 5</td>
</tr>
<tr>
<td>LGwivrE hJPhwJm</td>
<td>67522813</td>
<td>643785658</td>
<td>72.042145, 64.573280, 46.921810, 23.456694</td>
<td>1274, 1, 27</td>
</tr>
<tr>
<td>CQVSEtfM Pe</td>
<td>183688194</td>
<td>290562661</td>
<td>14.055534, 20.673578, 61.071709, 7.018391</td>
<td>1932, 2, 9</td>
</tr>
<tr>
<td>rs L</td>
<td>107127071</td>
<td>994024911</td>
<td>70.130180, 97.329399, 31.105461, 88.540070</td>
<td>1019, 10, 14</td>
</tr>
<tr>
<td>VLXSyh fGjNvu</td>
<td>244585777</td>
<td>492779540</td>
<td>86.040871, 13.801960, 76.017120, 33.517193</td>
<td>661, 4, 20</td>
</tr>
<tr>
<td>nwtiqB TX</td>
<td>8073715</td>
<td>855587967</td>
<td>75.194336, 67.611275, 9.066454, 98.256859</td>
<td>520, 11, 11</td>
</tr>
<tr>
<td>wu RNbJSrW</td>
<td>433474213</td>
<td>037821804</td>
<td>76.457443, 49.305523, 18.129066, 90.229836</td>
<td>1516, 9, 2</td>
</tr>
<tr>
<td>YQGaCg kEjpXf</td>
<td>423860165</td>
<td>174639847</td>
<td>88.010132, 69.939796, 41.024200, 65.718872</td>
<td>1675, 9, 2</td>
</tr>
<tr>
<td>ahqbZv jgb</td>
<td>155633943</td>
<td>762504773</td>
<td>66.548225, 82.434258, 44.876839, 11.414197</td>
<td>1117, 7, 6</td>
</tr>
<tr>
<td>Dthg DcYU</td>
<td>424418570</td>
<td>249262097</td>
<td>73.099174, 7.432842, 96.001366, 11.934604</td>
<td>1528, 6, 3</td>
</tr>
<tr>
<td>AdtUvS yoCRksG</td>
<td>326636356</td>
<td>580238972</td>
<td>3.144130, 95.383774, 34.514114, 35.664654</td>
<td>791, 7, 29</td>
</tr>
<tr>
<td>hqSym kATu</td>
<td>447365527</td>
<td>634577579</td>
<td>20.481606, 24.655279, 72.384735, 32.357735</td>
<td>96, 3, 1</td>
</tr>
<tr>
<td>KvYgNDo kggV</td>
<td>240905887</td>
<td>960525416</td>
<td>35.467888, 92.226074, 82.335358, 49.124645</td>
<td>1772, 6, 23</td>
</tr>
<tr>
<td>tLskP xqjcbRAa</td>
<td>283466258</td>
<td>113507844</td>
<td>98.277351, 16.461845, 19.230778, 5.192291</td>
<td>1296, 5, 6</td>
</tr>
<tr>
<td>sNagkch qf</td>
<td>22884498</td>
<td>501101536</td>
<td>34.563095, 69.794724, 94.158287, 34.024082</td>
<td>105, 10, 13</td>
</tr>
<tr>
<td>drXbs tQAGEto</td>
<td>314266958</td>
<td>475896676</td>
<td>84.516998, 44.648842, 54.023613, 57.069000</td>
<td>1276, 6, 13</td>
</tr>
<tr>
<td>Nhhapxjb X</td>
<td>75964683</td>
<td>957131300</td>
<td>86.153099, 96.602303, 91.833252, 1.593469</td>
<td>854, 3, 25</td>
</tr>
<tr>
<td>poST jzzk</td>
<td>133090564</td>
<td>654890054</td>
<td>80.898750, 70.264252, 30.527008, 9.082381</td>
<td>223, 8, 3</td>
</tr>
<tr>
<td>ft WooU</td>
<td>453602667</td>
<td>629939231</td>
<td>44.931038, 23.514313, 75.513313, 57.218506</td>
<td>1167, 5, 28</td>
</tr>
<tr>
<td>JB SoRigo</td>
<td>422582260</td>
<td>751788169</td>
<td>1.116507, 69.698845, 45.597054, 91.080223</td>
<td>948, 12, 11</td>
</tr>
<tr>
<td>UeLkwSyf h</td>
<td>4242600</td>
<td>918110050</td>
<td>99.432556, 56.361607, 21.293240, 53.045097</td>
<td>1883, 4, 25</td>
</tr>
<tr>
<td>Cge cJfNREQb</td>
<td>319075635</td>
<td>674361378</td>
<td>7.967547, 94.863869, 85.526115, 2.156871</td>
<td>184, 3, 17</td>
</tr>
<tr>
<td>SLNLDEoc WyZWw</td>
<td>70558349</td>
<td>761567799</td>
<td>31.048338, 34.517136, 7.013403, 11.750957</td>
<td>356, 9, 28</td>
</tr>
<tr>
<td>YHs Wi</td>
<td>29970957</td>
<td>434299834</td>
<td>77.599358, 63.856403, 46.316193, 11.123387</td>
<td>1080, 10, 11</td>
</tr>
<tr>
<td>NLd H</td>
<td>458325558</td>
<td>967436282</td>
<td>63.276833, 88.525429, 34.224751, 78.795479</td>
<td>685, 11, 13</td>
</tr>
<tr>
<td>zHtL e</td>
<td>437177161</td>
<td>976854153</td>
<td>85.032776, 7.434490, 24.347607, 50.939373</td>
<td>1817, 8, 3</td>
</tr>
<tr>
<td>t AeKb</td>
<td>179405606</td>
<td>356567325</td>
<td>26.443832, 84.661186, 32.559467, 59.061623</td>
<td>1633, 9, 15</td>
</tr>
<tr>
<td>MRUyzHbY QcMj</td>
<td>350419089</td>
<td>400224931</td>
<td>68.846466, 18.975979, 44.157990, 47.143276</td>
<td>1018, 6, 9</td>
</tr>
<tr>
<td>zagE KAJ</td>
<td>38602113</td>
<td>191993839</td>
<td>61.772526, 6.871413, 39.947269, 21.665474</td>
<td>1025, 11, 2</td>
</tr>
<tr>
<td>rMxPvLy F</td>
<td>321275194</td>
<td>616786705</td>
<td>0.935363, 28.408365, 45.423405, 47.703400</td>
<td>306, 10, 15</td>
</tr>
<tr>
<td>qczTh fozR</td>
<td>35131128</td>
<td>759951344</td>
<td>20.933916, 32.883106, 11.491083, 22.588682</td>
<td>400, 4, 31</td>
</tr>
<tr>
<td>WJ sY</td>
<td>273579463</td>
<td>189464734</td>
<td>99.063957, 73.595695, 2.820708, 7.167023</td>
<td>901, 2, 27</td>
</tr>
<tr>
<td>yvgL CQ</td>
<td>465423334</td>
<td>027966782</td>
<td>93.424896, 92.658089, 30.679882, 29.597853</td>
<td>791, 8, 5</td>
</tr>
<tr>
<td>hPwd Aqide</td>
<td>460566766</td>
<td>663870706</td>
<td>56.934910, 71.060753, 2.601196, 37.655048</td>
<td>1420, 1, 24</td>
</tr>
<tr>
<td>KjmBS UM</td>
<td>133677137</td>
<td>229495768</td>
<td>83.501472, 77.797409, 40.824738, 73.716568</td>
<td>261, 4, 18</td>
</tr>
<tr>
<td>xXKqUU eP</td>
<td>309534813</td>
<td>576520495</td>
<td>71.660118, 10.285555, 48.652679, 49.715187</td>
<td>2008, 11, 18</td>
</tr>
<tr>
<td>VDaXY VAeNDcWM</td>
<td>243976987</td>
<td>945297705</td>
<td>97.358376, 54.525948, 89.516846, 63.237728</td>
<td>822, 11, 25</td>
</tr>
<tr>
<td>CPcHG DGD</td>
<td>215610964</td>
<td>035305029</td>
<td>87.443825, 76.403412, 68.487793, 30.421715</td>
<td>992, 7, 8</td>
</tr>
<tr>
<td>g A</td>
<td>248203720</td>
<td>935231909</td>
<td>8.751353, 54.266190, 18.918964, 61.181061</td>
<td>499, 9, 14</td>
</tr>
</tbody>
</table>
