<table border="1">
<tbody>
<tr>
<td>o MQbV</td>
<td>232277112</td>
<td>462152201</td>
<td>74.719604, 40.636307, 59.883732, 59.044395</td>
<td>520, 4, 15</td>
</tr>
<tr>
<td>Suc bSxAnLpr</td>
<td>415287372</td>
<td>145322792</td>
<td>22.046625, 99.833725, 26.838245, 56.555241</td>
<td>1017, 10, 19</td>
</tr>
<tr>
<td>jkGwT Sddmdv</td>
<td>375273649</td>
<td>319959575</td>
<td>20.381590, 51.143070, 26.476578, 20.596857</td>
<td>758, 11, 24</td>
</tr>
<tr>
<td>JiW c</td>
<td>411845430</td>
<td>522551813</td>
<td>6.125553, 81.958687, 27.307091, 43.203354</td>
<td>472, 11, 27</td>
</tr>
<tr>
<td>Wg TMiYct</td>
<td>229152749</td>
<td>700464531</td>
<td>74.611427, 98.913002, 4.313674, 67.059265</td>
<td>945, 5, 4</td>
</tr>
<tr>
<td>WX UMe</td>
<td>119503158</td>
<td>064905716</td>
<td>96.583679, 26.212513, 74.648567, 34.724735</td>
<td>931, 10, 5</td>
</tr>
<tr>
<td>xPYWREma XV</td>
<td>436143510</td>
<td>427250831</td>
<td>79.075043, 1.478184, 61.979195, 57.189976</td>
<td>941, 11, 18</td>
</tr>
<tr>
<td>WnYnmHT cbqgCH</td>
<td>425131993</td>
<td>287245967</td>
<td>82.895546, 79.041969, 30.787325, 66.734444</td>
<td>1737, 8, 2</td>
</tr>
<tr>
<td>iEonLT wgRrpW</td>
<td>119205923</td>
<td>903292911</td>
<td>38.421604, 33.194950, 65.543663, 73.017250</td>
<td>1265, 3, 1</td>
</tr>
<tr>
<td>H tVfTx</td>
<td>115186971</td>
<td>926234805</td>
<td>24.017866, 89.541931, 55.489059, 27.796131</td>
<td>1088, 5, 11</td>
</tr>
<tr>
<td>amPwv nFGvQtHV</td>
<td>418694551</td>
<td>085250022</td>
<td>45.098240, 62.591064, 74.285645, 96.830765</td>
<td>780, 9, 27</td>
</tr>
<tr>
<td>SFvb kyi</td>
<td>384296409</td>
<td>702665795</td>
<td>68.833412, 3.116859, 89.729591, 35.476856</td>
<td>1773, 6, 21</td>
</tr>
<tr>
<td>tKXpjEi u</td>
<td>219939285</td>
<td>265237915</td>
<td>35.425262, 23.863495, 13.009557, 86.641129</td>
<td>1136, 4, 25</td>
</tr>
<tr>
<td>ucrtuvR eU</td>
<td>277002958</td>
<td>944467852</td>
<td>94.843826, 80.615509, 91.359230, 43.811413</td>
<td>1297, 4, 9</td>
</tr>
<tr>
<td>uwiTk ZEckJa</td>
<td>35754856</td>
<td>031817624</td>
<td>8.165218, 99.540932, 62.706520, 95.360092</td>
<td>94, 2, 20</td>
</tr>
<tr>
<td>TkRU VboW</td>
<td>236614710</td>
<td>331991014</td>
<td>31.386471, 79.620316, 2.507747, 32.367741</td>
<td>1126, 12, 7</td>
</tr>
<tr>
<td>CDFVgDqC r</td>
<td>8000890</td>
<td>973508923</td>
<td>18.989508, 44.875530, 53.768185, 31.295120</td>
<td>938, 3, 24</td>
</tr>
<tr>
<td>iTvAfn VM</td>
<td>168131888</td>
<td>413859527</td>
<td>26.059792, 60.973263, 71.111862, 24.226526</td>
<td>555, 7, 22</td>
</tr>
<tr>
<td>kjigm pi</td>
<td>266975776</td>
<td>756730438</td>
<td>84.996178, 64.878197, 43.407116, 12.751525</td>
<td>1168, 5, 14</td>
</tr>
<tr>
<td>qzft qcoEAWEb</td>
<td>6049520</td>
<td>173806677</td>
<td>12.660705, 63.835938, 15.982917, 95.095192</td>
<td>1237, 12, 15</td>
</tr>
<tr>
<td>aeSSWCGB gXaFtbE</td>
<td>45862792</td>
<td>372938647</td>
<td>25.927536, 89.526176, 76.504005, 57.773659</td>
<td>204, 2, 21</td>
</tr>
<tr>
<td>gd kjJwyF</td>
<td>136041043</td>
<td>001036477</td>
<td>10.209833, 46.837589, 39.389324, 71.170441</td>
<td>1384, 7, 17</td>
</tr>
<tr>
<td>jGni wp</td>
<td>189791276</td>
<td>688763084</td>
<td>58.812386, 95.861488, 92.085922, 47.458862</td>
<td>37, 1, 16</td>
</tr>
<tr>
<td>iP dDVCssw</td>
<td>331338679</td>
<td>546368963</td>
<td>13.996838, 10.764508, 69.390312, 13.069158</td>
<td>364, 5, 18</td>
</tr>
<tr>
<td>FKrfjV GQqT</td>
<td>330049456</td>
<td>119036967</td>
<td>86.289742, 26.825253, 47.555477, 24.942509</td>
<td>1180, 5, 2</td>
</tr>
<tr>
<td>WJxBo tL</td>
<td>448057644</td>
<td>897005797</td>
<td>91.235222, 60.841446, 46.793316, 78.620522</td>
<td>1914, 8, 16</td>
</tr>
<tr>
<td>fpcCUhvu CyvBgk</td>
<td>174953270</td>
<td>436780713</td>
<td>77.413048, 57.164391, 15.163930, 56.558064</td>
<td>267, 4, 21</td>
</tr>
<tr>
<td>Pr L</td>
<td>80513380</td>
<td>009003439</td>
<td>5.709669, 15.983220, 66.555054, 31.421909</td>
<td>1612, 6, 10</td>
</tr>
<tr>
<td>YDTyKm grCuqgA</td>
<td>336065453</td>
<td>658376749</td>
<td>97.682053, 87.661980, 17.710810, 66.216667</td>
<td>970, 6, 21</td>
</tr>
<tr>
<td>HzBdGPKn feLZyxcW</td>
<td>46539351</td>
<td>033533469</td>
<td>18.094879, 96.932259, 43.930828, 63.840282</td>
<td>1319, 9, 9</td>
</tr>
<tr>
<td>keTueFTH e</td>
<td>101803690</td>
<td>333557765</td>
<td>50.177742, 20.665609, 30.347281, 90.306358</td>
<td>1503, 9, 25</td>
</tr>
<tr>
<td>tuD nRa</td>
<td>214459465</td>
<td>299292983</td>
<td>3.756792, 28.441652, 55.522793, 61.870735</td>
<td>774, 10, 17</td>
</tr>
<tr>
<td>NEGAjahu eXeCkLnk</td>
<td>104444278</td>
<td>183667288</td>
<td>8.366164, 90.719788, 59.454075, 94.879181</td>
<td>273, 10, 1</td>
</tr>
<tr>
<td>rtvLFGfJ hMDeHUJz</td>
<td>336223832</td>
<td>512245486</td>
<td>58.390488, 80.315041, 3.123704, 26.723831</td>
<td>790, 4, 22</td>
</tr>
<tr>
<td>zJGfKP Gs</td>
<td>209215805</td>
<td>817722549</td>
<td>27.982447, 13.144946, 37.036503, 47.894653</td>
<td>1008, 11, 16</td>
</tr>
<tr>
<td>xvFq PyGBLjBe</td>
<td>428789755</td>
<td>480846502</td>
<td>27.304964, 86.742500, 47.400028, 93.090858</td>
<td>567, 8, 11</td>
</tr>
<tr>
<td>VTEAhQ GTXD</td>
<td>399052303</td>
<td>802007312</td>
<td>56.986282, 82.216606, 96.725586, 8.741009</td>
<td>920, 12, 12</td>
</tr>
<tr>
<td>ZyJqLeyU EYem</td>
<td>199801394</td>
<td>018052660</td>
<td>63.144463, 34.183331, 86.211716, 64.506126</td>
<td>357, 7, 6</td>
</tr>
<tr>
<td>ffBae XhnaVky</td>
<td>10185558</td>
<td>325347616</td>
<td>83.817619, 18.927523, 85.004112, 96.175392</td>
<td>248, 2, 31</td>
</tr>
<tr>
<td>YBjArQo vHu</td>
<td>409849119</td>
<td>399956864</td>
<td>19.653351, 36.080708, 85.765442, 23.000504</td>
<td>1772, 8, 3</td>
</tr>
<tr>
<td>NtXmpcVn pVLhxruF</td>
<td>227495312</td>
<td>572853210</td>
<td>33.455746, 45.445488, 70.981316, 68.718445</td>
<td>841, 2, 3</td>
</tr>
<tr>
<td>jwZrj NcsTw</td>
<td>107377449</td>
<td>689669280</td>
<td>90.286232, 26.067066, 82.942963, 87.169388</td>
<td>239, 1, 4</td>
</tr>
<tr>
<td>PWopi SH</td>
<td>448429150</td>
<td>599512728</td>
<td>82.416878, 14.070488, 34.423645, 94.391678</td>
<td>230, 2, 26</td>
</tr>
<tr>
<td>gVSzsur dinEjLV</td>
<td>197702866</td>
<td>661270907</td>
<td>35.877522, 29.085522, 97.743149, 78.374016</td>
<td>1534, 9, 24</td>
</tr>
<tr>
<td>uNq vqYxLAT</td>
<td>368075999</td>
<td>786353325</td>
<td>85.470741, 28.640366, 28.770544, 6.641069</td>
<td>910, 4, 5</td>
</tr>
<tr>
<td>rL JGt</td>
<td>424404838</td>
<td>140209229</td>
<td>27.269936, 27.098366, 74.930611, 88.020782</td>
<td>279, 12, 3</td>
</tr>
<tr>
<td>uxGxHYk zUC</td>
<td>369531802</td>
<td>468478738</td>
<td>21.328074, 45.876320, 22.590635, 77.425308</td>
<td>683, 3, 17</td>
</tr>
<tr>
<td>TtQBzsC bQ</td>
<td>205776391</td>
<td>684321371</td>
<td>44.722778, 78.030838, 24.647676, 74.485329</td>
<td>443, 12, 3</td>
</tr>
<tr>
<td>FmsB rndhq</td>
<td>6213714</td>
<td>359187725</td>
<td>41.595287, 53.988415, 98.966560, 17.122871</td>
<td>759, 8, 20</td>
</tr>
<tr>
<td>wj dm</td>
<td>42624425</td>
<td>761343814</td>
<td>54.482971, 5.741334, 4.131759, 55.579697</td>
<td>303, 4, 3</td>
</tr>
<tr>
<td>dsBTux zvBG</td>
<td>109108544</td>
<td>029864495</td>
<td>27.388872, 9.749460, 27.922024, 52.499924</td>
<td>1805, 8, 6</td>
</tr>
<tr>
<td>vSdJbr PtNQSb</td>
<td>230900039</td>
<td>907753979</td>
<td>92.763367, 30.257401, 74.107620, 88.002937</td>
<td>1811, 5, 15</td>
</tr>
<tr>
<td>hFXXR yH</td>
<td>360568499</td>
<td>847509762</td>
<td>78.253380, 73.428459, 27.499695, 37.008854</td>
<td>1102, 2, 31</td>
</tr>
<tr>
<td>ya iM</td>
<td>241979409</td>
<td>678823638</td>
<td>15.990237, 58.169727, 91.320908, 76.775276</td>
<td>91, 7, 26</td>
</tr>
<tr>
<td>K jyadTr</td>
<td>458224519</td>
<td>650405906</td>
<td>80.294891, 79.025368, 31.233080, 81.151871</td>
<td>683, 4, 9</td>
</tr>
<tr>
<td>zaaNXkSD wjLJU</td>
<td>184053661</td>
<td>669771397</td>
<td>46.359344, 33.287106, 92.277626, 33.775600</td>
<td>970, 11, 28</td>
</tr>
<tr>
<td>XsuQke xvNpuMg</td>
<td>21873403</td>
<td>118289132</td>
<td>69.840134, 62.220543, 17.745277, 55.647648</td>
<td>1340, 5, 12</td>
</tr>
<tr>
<td>ngsi HUDsNB</td>
<td>411886810</td>
<td>808532872</td>
<td>8.544955, 64.787628, 28.586262, 2.613517</td>
<td>857, 1, 16</td>
</tr>
<tr>
<td>xjgXfWP p</td>
<td>288671228</td>
<td>740391505</td>
<td>21.739523, 41.694576, 13.448391, 71.368858</td>
<td>1558, 7, 8</td>
</tr>
<tr>
<td>WJ VvBZEZ</td>
<td>294407773</td>
<td>618843552</td>
<td>1.676081, 81.557732, 65.589508, 13.586217</td>
<td>656, 5, 26</td>
</tr>
<tr>
<td>LAsE WMKzcvb</td>
<td>325034027</td>
<td>658583288</td>
<td>80.795265, 76.474403, 23.950356, 47.669231</td>
<td>274, 4, 17</td>
</tr>
<tr>
<td>iYFieNa Mgw</td>
<td>328304536</td>
<td>508383538</td>
<td>20.727348, 43.574413, 75.573112, 72.585083</td>
<td>1049, 11, 3</td>
</tr>
<tr>
<td>FDEBMp CwH</td>
<td>87017991</td>
<td>031974558</td>
<td>52.044571, 55.353916, 88.570107, 98.556091</td>
<td>831, 4, 18</td>
</tr>
<tr>
<td>mAbLh hmWsgw</td>
<td>465985999</td>
<td>069943060</td>
<td>25.512882, 68.290833, 79.892876, 78.596733</td>
<td>32, 2, 13</td>
</tr>
<tr>
<td>aLqMKdSJ pJJeNzTy</td>
<td>438981802</td>
<td>556364658</td>
<td>24.982388, 27.421974, 45.533890, 9.816109</td>
<td>656, 9, 22</td>
</tr>
<tr>
<td>hJsMCd bNLmVDzq</td>
<td>7108579</td>
<td>760118946</td>
<td>76.463531, 66.108551, 49.763168, 58.117313</td>
<td>1304, 4, 15</td>
</tr>
<tr>
<td>ELzCUXD gK</td>
<td>184770374</td>
<td>355621225</td>
<td>28.917364, 94.997604, 50.341324, 30.209732</td>
<td>921, 5, 18</td>
</tr>
<tr>
<td>GDP eukVk</td>
<td>1531168</td>
<td>751696559</td>
<td>75.364342, 77.067924, 56.898857, 88.518578</td>
<td>8, 3, 18</td>
</tr>
<tr>
<td>bqp cNWHi</td>
<td>295420827</td>
<td>192319200</td>
<td>61.230431, 35.878639, 82.481499, 52.329144</td>
<td>1814, 7, 11</td>
</tr>
<tr>
<td>DRhAq GDiCLk</td>
<td>493500972</td>
<td>514817333</td>
<td>21.085604, 28.864691, 8.196641, 21.994165</td>
<td>9, 2, 27</td>
</tr>
<tr>
<td>Z wm</td>
<td>399279880</td>
<td>409317201</td>
<td>99.852394, 73.936340, 87.594528, 26.646765</td>
<td>727, 9, 7</td>
</tr>
<tr>
<td>xRe Pv</td>
<td>15156470</td>
<td>325171108</td>
<td>12.153742, 56.217918, 60.482685, 44.263786</td>
<td>1343, 12, 1</td>
</tr>
<tr>
<td>nbaA HhvkoU</td>
<td>454734312</td>
<td>301471945</td>
<td>63.880608, 5.351271, 79.878525, 83.922218</td>
<td>1362, 10, 7</td>
</tr>
<tr>
<td>aL AMWKpgz</td>
<td>165619495</td>
<td>260378510</td>
<td>35.185379, 50.090546, 54.069511, 71.411819</td>
<td>1389, 2, 10</td>
</tr>
<tr>
<td>JT VHgKA</td>
<td>367173994</td>
<td>418906832</td>
<td>23.813915, 10.768596, 91.207741, 51.490505</td>
<td>1478, 9, 24</td>
</tr>
<tr>
<td>sUrx KfSNT</td>
<td>372333860</td>
<td>426201507</td>
<td>83.492874, 61.187744, 98.153282, 18.900145</td>
<td>827, 12, 29</td>
</tr>
<tr>
<td>bBGmM yJi</td>
<td>313067910</td>
<td>282488402</td>
<td>31.654943, 41.029167, 85.004349, 30.976049</td>
<td>1751, 3, 6</td>
</tr>
<tr>
<td>Zjp bc</td>
<td>387009857</td>
<td>191728274</td>
<td>15.826370, 62.870747, 61.184628, 55.236584</td>
<td>169, 9, 31</td>
</tr>
<tr>
<td>VgYzQhgZ RMMGKVnD</td>
<td>304926021</td>
<td>143196560</td>
<td>40.546703, 4.254894, 65.403175, 59.380333</td>
<td>511, 1, 15</td>
</tr>
<tr>
<td>DBpDjA BHTJmS</td>
<td>117417840</td>
<td>400438353</td>
<td>44.504116, 79.167755, 88.040703, 19.031704</td>
<td>826, 5, 9</td>
</tr>
<tr>
<td>bC X</td>
<td>390537425</td>
<td>915128956</td>
<td>99.135735, 18.358637, 3.759569, 61.371941</td>
<td>1438, 4, 21</td>
</tr>
<tr>
<td>c WcWEPD</td>
<td>147987073</td>
<td>337429586</td>
<td>77.624718, 28.701176, 85.720596, 63.705692</td>
<td>1976, 1, 25</td>
</tr>
<tr>
<td>qDhaW KRAKbq</td>
<td>237825015</td>
<td>461263541</td>
<td>89.254692, 94.172928, 74.455978, 75.389725</td>
<td>1760, 9, 22</td>
</tr>
<tr>
<td>rszTAJ waBKU</td>
<td>115221884</td>
<td>200235366</td>
<td>16.134764, 42.134689, 64.530418, 19.732782</td>
<td>1207, 3, 23</td>
</tr>
<tr>
<td>FeitagX pZCJqMqf</td>
<td>153463872</td>
<td>195625918</td>
<td>98.697327, 94.992950, 31.182764, 53.339062</td>
<td>532, 6, 20</td>
</tr>
<tr>
<td>midHA MAEKmMe</td>
<td>321989661</td>
<td>239610957</td>
<td>86.361061, 28.509838, 13.222277, 38.007484</td>
<td>1601, 12, 1</td>
</tr>
<tr>
<td>AtN fUjCeEc</td>
<td>293468112</td>
<td>085500620</td>
<td>34.446865, 36.182674, 18.509516, 57.184734</td>
<td>1806, 8, 24</td>
</tr>
<tr>
<td>oPMKo NExaVrou</td>
<td>263562675</td>
<td>822286458</td>
<td>34.598228, 53.303295, 96.324799, 69.721107</td>
<td>1481, 4, 6</td>
</tr>
<tr>
<td>m ctJ</td>
<td>435517623</td>
<td>364755825</td>
<td>10.095462, 49.939297, 67.042297, 63.987091</td>
<td>1603, 12, 17</td>
</tr>
<tr>
<td>nxHRB NGd</td>
<td>124411480</td>
<td>776341331</td>
<td>49.313179, 43.457703, 11.109263, 32.564968</td>
<td>329, 9, 22</td>
</tr>
<tr>
<td>voX vnna</td>
<td>107717027</td>
<td>024490907</td>
<td>14.531884, 36.924145, 43.221184, 82.103027</td>
<td>584, 9, 15</td>
</tr>
<tr>
<td>RdzMY xRunsq</td>
<td>366566606</td>
<td>703122223</td>
<td>64.293648, 7.244797, 5.967034, 6.676279</td>
<td>1686, 9, 27</td>
</tr>
<tr>
<td>TbV SxvjG</td>
<td>461575416</td>
<td>568428165</td>
<td>2.031056, 14.130095, 27.448709, 15.295983</td>
<td>180, 4, 2</td>
</tr>
<tr>
<td>hERK JTRbfx</td>
<td>438100110</td>
<td>670243557</td>
<td>56.996517, 19.410055, 9.285974, 3.938546</td>
<td>1878, 8, 1</td>
</tr>
<tr>
<td>UzM fthSoiZ</td>
<td>104826924</td>
<td>124978267</td>
<td>59.940392, 21.838537, 48.927258, 54.934811</td>
<td>1482, 9, 17</td>
</tr>
<tr>
<td>HDVJjJo cg</td>
<td>448570715</td>
<td>197782988</td>
<td>98.714058, 77.253418, 28.688892, 13.072317</td>
<td>256, 5, 6</td>
</tr>
<tr>
<td>RKVAnEi nVPrApU</td>
<td>133175071</td>
<td>979978917</td>
<td>61.417503, 54.401112, 43.788254, 73.669312</td>
<td>1957, 4, 7</td>
</tr>
<tr>
<td>Cj pEo</td>
<td>33775285</td>
<td>311234452</td>
<td>32.433044, 48.717648, 77.177185, 10.168561</td>
<td>169, 5, 26</td>
</tr>
<tr>
<td>Yj w</td>
<td>137025716</td>
<td>182290527</td>
<td>50.249855, 49.491497, 58.424847, 78.207657</td>
<td>1391, 9, 3</td>
</tr>
<tr>
<td>Ush bvXDErye</td>
<td>214586743</td>
<td>998798247</td>
<td>84.229263, 20.288372, 80.558594, 84.664207</td>
<td>672, 1, 31</td>
</tr>
<tr>
<td>Tfzxi uqJKkh</td>
<td>77432282</td>
<td>131551481</td>
<td>96.694298, 97.211845, 57.763931, 18.818220</td>
<td>1308, 12, 1</td>
</tr>
<tr>
<td>BX ZwytxxAs</td>
<td>482231171</td>
<td>799385580</td>
<td>68.373367, 32.407276, 99.445709, 13.324778</td>
<td>1668, 7, 30</td>
</tr>
<tr>
<td>u CoCTc</td>
<td>340143530</td>
<td>533491017</td>
<td>81.483032, 57.199062, 62.366692, 67.043991</td>
<td>87, 12, 26</td>
</tr>
<tr>
<td>hu Qk</td>
<td>223118158</td>
<td>899254856</td>
<td>70.570374, 61.705074, 28.048248, 40.247986</td>
<td>170, 9, 4</td>
</tr>
<tr>
<td>WuKCxXA Zka</td>
<td>344208261</td>
<td>939889322</td>
<td>76.285561, 61.847401, 42.425896, 13.319745</td>
<td>435, 10, 24</td>
</tr>
<tr>
<td>cdccoV G</td>
<td>101288774</td>
<td>814527951</td>
<td>29.298901, 55.276180, 89.710014, 28.795546</td>
<td>433, 11, 13</td>
</tr>
<tr>
<td>C TJvEbL</td>
<td>155412902</td>
<td>007316819</td>
<td>49.610474, 1.775217, 59.650406, 39.217003</td>
<td>205, 7, 18</td>
</tr>
<tr>
<td>amisMfN ZvCVoS</td>
<td>211811588</td>
<td>437425345</td>
<td>43.940750, 75.882446, 95.107025, 6.102842</td>
<td>1949, 1, 16</td>
</tr>
<tr>
<td>DmAPd h</td>
<td>163474904</td>
<td>221464254</td>
<td>9.078598, 13.993393, 84.724487, 9.360668</td>
<td>951, 2, 1</td>
</tr>
<tr>
<td>rqdW wTX</td>
<td>440829420</td>
<td>821714291</td>
<td>11.215762, 12.210318, 42.704857, 46.610500</td>
<td>763, 9, 3</td>
</tr>
<tr>
<td>kKFJwaKA A</td>
<td>478829035</td>
<td>749673371</td>
<td>42.672096, 82.770729, 53.062084, 48.419109</td>
<td>1498, 2, 28</td>
</tr>
<tr>
<td>JBSm bkWuy</td>
<td>137650600</td>
<td>146327331</td>
<td>37.429775, 30.993624, 35.080276, 2.265674</td>
<td>1263, 12, 21</td>
</tr>
<tr>
<td>m KUmBsK</td>
<td>213046751</td>
<td>981687150</td>
<td>3.332331, 10.198705, 85.203873, 30.313778</td>
<td>985, 2, 23</td>
</tr>
<tr>
<td>gNx YVae</td>
<td>436205499</td>
<td>035522496</td>
<td>48.315945, 73.967728, 87.554802, 70.734688</td>
<td>1392, 8, 22</td>
</tr>
<tr>
<td>MdT bdTBCkJ</td>
<td>72263807</td>
<td>261716592</td>
<td>41.457321, 81.753960, 12.921205, 77.158127</td>
<td>1744, 2, 26</td>
</tr>
<tr>
<td>fXqE Mh</td>
<td>19325759</td>
<td>474883959</td>
<td>56.863888, 27.269756, 86.798180, 3.544541</td>
<td>98, 2, 28</td>
</tr>
<tr>
<td>gEHfn EC</td>
<td>378548167</td>
<td>782928230</td>
<td>96.553490, 96.244591, 85.310837, 92.865356</td>
<td>619, 8, 13</td>
</tr>
<tr>
<td>n rtzYiiDv</td>
<td>89425305</td>
<td>249056566</td>
<td>56.607964, 77.273491, 69.125916, 3.768271</td>
<td>1447, 2, 24</td>
</tr>
<tr>
<td>eHgbXE JcHA</td>
<td>157356791</td>
<td>462577670</td>
<td>40.795517, 46.971546, 32.361671, 91.979309</td>
<td>425, 11, 6</td>
</tr>
<tr>
<td>eguRtpd APnGmk</td>
<td>37086877</td>
<td>178024625</td>
<td>72.536545, 89.698555, 48.065361, 77.564278</td>
<td>1435, 8, 23</td>
</tr>
<tr>
<td>R mWZmz</td>
<td>463371317</td>
<td>078498528</td>
<td>88.654076, 73.128517, 17.440886, 58.998684</td>
<td>1799, 10, 10</td>
</tr>
<tr>
<td>QxSpiN wWB</td>
<td>343188254</td>
<td>892967659</td>
<td>22.841808, 87.728096, 42.153332, 89.669571</td>
<td>1485, 9, 7</td>
</tr>
<tr>
<td>qwWa xN</td>
<td>263058581</td>
<td>305488434</td>
<td>74.297806, 38.724323, 91.919121, 56.537971</td>
<td>1407, 11, 12</td>
</tr>
<tr>
<td>zDEbHwR cwn</td>
<td>347713838</td>
<td>693461277</td>
<td>69.947945, 67.078354, 18.829224, 22.586061</td>
<td>1911, 11, 1</td>
</tr>
<tr>
<td>x hMDdz</td>
<td>2174412</td>
<td>760211238</td>
<td>79.275719, 61.450897, 35.115067, 16.839058</td>
<td>625, 7, 14</td>
</tr>
<tr>
<td>VRNF yw</td>
<td>136653537</td>
<td>434976528</td>
<td>53.989597, 78.896568, 35.132656, 11.628671</td>
<td>175, 12, 1</td>
</tr>
<tr>
<td>zuhjE tkj</td>
<td>403699724</td>
<td>061766082</td>
<td>33.430912, 31.365889, 44.086075, 7.775239</td>
<td>1736, 3, 17</td>
</tr>
<tr>
<td>tCJK gt</td>
<td>351250485</td>
<td>051202194</td>
<td>25.280214, 65.016510, 79.245003, 67.066154</td>
<td>348, 6, 27</td>
</tr>
<tr>
<td>TUMfd UAW</td>
<td>141600561</td>
<td>791436405</td>
<td>24.371305, 98.182892, 78.101990, 12.644325</td>
<td>1102, 9, 5</td>
</tr>
<tr>
<td>UEvexCVp bp</td>
<td>66700020</td>
<td>483121025</td>
<td>17.732510, 75.149940, 44.822227, 69.723839</td>
<td>402, 5, 30</td>
</tr>
<tr>
<td>C EmRURgmp</td>
<td>465642698</td>
<td>342919847</td>
<td>56.136276, 83.836121, 45.737606, 62.067799</td>
<td>837, 11, 21</td>
</tr>
<tr>
<td>oHqiV yAjdu</td>
<td>85390573</td>
<td>137315238</td>
<td>2.895772, 1.039972, 15.034700, 15.418315</td>
<td>783, 11, 7</td>
</tr>
<tr>
<td>wHeqMG nZLbnfWi</td>
<td>228173524</td>
<td>600580591</td>
<td>74.104256, 99.608971, 97.966621, 55.727966</td>
<td>797, 2, 20</td>
</tr>
<tr>
<td>tAsBxUo vreS</td>
<td>68338968</td>
<td>121014275</td>
<td>18.787989, 25.873755, 39.192822, 49.119053</td>
<td>1210, 12, 28</td>
</tr>
<tr>
<td>AXT oF</td>
<td>280955947</td>
<td>400846754</td>
<td>8.388433, 7.181111, 33.062321, 10.259417</td>
<td>21, 4, 21</td>
</tr>
<tr>
<td>RZ ZduLqpn</td>
<td>433457663</td>
<td>928566950</td>
<td>81.051720, 0.648495, 92.490936, 96.233154</td>
<td>1469, 6, 27</td>
</tr>
<tr>
<td>zVrHSb detptGG</td>
<td>165984092</td>
<td>302760699</td>
<td>95.257729, 10.940232, 26.302032, 15.339464</td>
<td>1266, 1, 5</td>
</tr>
<tr>
<td>zUZsccT wbhAszu</td>
<td>114916504</td>
<td>042063183</td>
<td>64.329376, 56.536327, 16.221594, 80.169731</td>
<td>1233, 6, 31</td>
</tr>
<tr>
<td>Zkzi VEfTSm</td>
<td>84490363</td>
<td>922463908</td>
<td>5.441910, 55.831554, 48.943466, 10.552641</td>
<td>902, 8, 17</td>
</tr>
<tr>
<td>HP bNwnd</td>
<td>236649350</td>
<td>665224060</td>
<td>71.392372, 38.878777, 18.788296, 73.563301</td>
<td>103, 1, 11</td>
</tr>
<tr>
<td>L QADcWYBz</td>
<td>17147246</td>
<td>611551689</td>
<td>5.862727, 41.512150, 36.543526, 62.676880</td>
<td>1343, 6, 19</td>
</tr>
<tr>
<td>GA YsbfCrD</td>
<td>137038310</td>
<td>848944888</td>
<td>85.171135, 68.806068, 4.321655, 39.165501</td>
<td>1739, 5, 9</td>
</tr>
<tr>
<td>LFpqa Edom</td>
<td>410924084</td>
<td>660959423</td>
<td>69.749542, 48.947460, 50.009212, 72.855591</td>
<td>1364, 9, 24</td>
</tr>
<tr>
<td>WusNKUto MkLxZau</td>
<td>235277376</td>
<td>409225169</td>
<td>82.410622, 58.839836, 38.907722, 87.718941</td>
<td>1518, 9, 19</td>
</tr>
<tr>
<td>oWXeCzUU YE</td>
<td>420713820</td>
<td>954388125</td>
<td>76.315346, 4.865847, 64.847717, 25.383753</td>
<td>499, 5, 9</td>
</tr>
<tr>
<td>Nim NqjkY</td>
<td>330346250</td>
<td>291500819</td>
<td>13.481994, 2.981149, 90.863670, 43.355644</td>
<td>185, 5, 25</td>
</tr>
<tr>
<td>LRrwJ yEXBY</td>
<td>238995920</td>
<td>045080917</td>
<td>37.682671, 62.945362, 95.491234, 44.355198</td>
<td>595, 7, 20</td>
</tr>
<tr>
<td>TmRioo mSMG</td>
<td>251544918</td>
<td>409519592</td>
<td>32.532452, 71.842926, 52.207539, 46.637547</td>
<td>1934, 1, 30</td>
</tr>
<tr>
<td>RKZYhv sAbFeQA</td>
<td>427154982</td>
<td>239476343</td>
<td>54.652363, 87.213280, 65.514328, 87.299675</td>
<td>1538, 5, 12</td>
</tr>
<tr>
<td>HdaWgu GL</td>
<td>116544392</td>
<td>503601365</td>
<td>73.114853, 34.996632, 21.537415, 27.021090</td>
<td>1969, 10, 17</td>
</tr>
<tr>
<td>fswsL FA</td>
<td>76939446</td>
<td>957975918</td>
<td>2.019394, 82.516953, 15.121929, 24.979109</td>
<td>892, 11, 16</td>
</tr>
<tr>
<td>VjpHFy oc</td>
<td>355182438</td>
<td>472212888</td>
<td>70.029655, 18.837200, 13.854748, 30.336063</td>
<td>1481, 7, 26</td>
</tr>
<tr>
<td>qKbcJ Eu</td>
<td>437264685</td>
<td>143732253</td>
<td>31.087418, 52.748180, 18.077955, 94.131554</td>
<td>868, 8, 24</td>
</tr>
<tr>
<td>FHeEn VvgjVgu</td>
<td>31350117</td>
<td>276415355</td>
<td>9.351683, 57.988232, 21.535816, 68.990646</td>
<td>1458, 3, 29</td>
</tr>
<tr>
<td>uVmptVtk dDq</td>
<td>225284233</td>
<td>494311562</td>
<td>73.050026, 63.237858, 65.701523, 71.069656</td>
<td>1881, 3, 28</td>
</tr>
<tr>
<td>Lr RxhL</td>
<td>101305160</td>
<td>081569574</td>
<td>57.711529, 25.487835, 42.062160, 34.326622</td>
<td>1756, 2, 22</td>
</tr>
<tr>
<td>RvGNkZWj FxusNpa</td>
<td>86743430</td>
<td>732151526</td>
<td>8.570414, 23.389610, 49.515263, 48.419674</td>
<td>286, 2, 4</td>
</tr>
<tr>
<td>xRwmVVWS VcHm</td>
<td>150399012</td>
<td>964055199</td>
<td>45.980423, 70.623451, 22.456779, 37.871170</td>
<td>1234, 6, 21</td>
</tr>
<tr>
<td>TXtELVG YXUsbc</td>
<td>327040393</td>
<td>041364410</td>
<td>31.860376, 32.266705, 22.574842, 94.011810</td>
<td>1812, 11, 1</td>
</tr>
<tr>
<td>dBnEM mHTPaDSw</td>
<td>499915063</td>
<td>603429136</td>
<td>65.352074, 41.851414, 39.865211, 84.559418</td>
<td>962, 11, 6</td>
</tr>
<tr>
<td>trpvQDYX ykK</td>
<td>14709543</td>
<td>977384307</td>
<td>12.071626, 93.763855, 44.319309, 4.317982</td>
<td>1942, 5, 23</td>
</tr>
<tr>
<td>YvXXLhpA yapwLCoG</td>
<td>239632911</td>
<td>826642986</td>
<td>56.369904, 57.319786, 74.371292, 64.736191</td>
<td>142, 11, 3</td>
</tr>
<tr>
<td>kPq j</td>
<td>352707172</td>
<td>580676379</td>
<td>94.445450, 35.282761, 26.056452, 42.567074</td>
<td>588, 9, 30</td>
</tr>
<tr>
<td>ac HaqSmw</td>
<td>230895428</td>
<td>614301740</td>
<td>36.170639, 98.404587, 20.258869, 92.539886</td>
<td>244, 6, 8</td>
</tr>
<tr>
<td>poRgZjN fRdTkT</td>
<td>88705766</td>
<td>758473560</td>
<td>26.974869, 72.043053, 86.229904, 34.344082</td>
<td>400, 6, 30</td>
</tr>
<tr>
<td>YHy Cz</td>
<td>165548801</td>
<td>448130381</td>
<td>26.778969, 82.171883, 23.739550, 41.879700</td>
<td>68, 11, 5</td>
</tr>
<tr>
<td>o vwGxeTf</td>
<td>163209840</td>
<td>232996093</td>
<td>48.371544, 80.574043, 1.849942, 68.749489</td>
<td>1412, 1, 31</td>
</tr>
<tr>
<td>nkkNL bdzSBZsq</td>
<td>345672537</td>
<td>316246513</td>
<td>44.848026, 4.480573, 34.895161, 82.742661</td>
<td>1391, 1, 14</td>
</tr>
<tr>
<td>LRq gRJXMxv</td>
<td>11123805</td>
<td>225118900</td>
<td>17.523535, 67.569786, 2.376736, 35.797611</td>
<td>1105, 4, 5</td>
</tr>
<tr>
<td>oUUKeMqP jSW</td>
<td>36601273</td>
<td>223199969</td>
<td>23.770853, 91.322929, 84.625412, 42.540142</td>
<td>260, 9, 17</td>
</tr>
<tr>
<td>C tJujWJB</td>
<td>104763239</td>
<td>494016970</td>
<td>98.227989, 36.763851, 42.495464, 28.775871</td>
<td>654, 6, 11</td>
</tr>
<tr>
<td>YujxAHw GaFYAKYT</td>
<td>80789325</td>
<td>591112475</td>
<td>35.299866, 87.717514, 16.538088, 94.411118</td>
<td>865, 11, 18</td>
</tr>
<tr>
<td>JysHWtP aWvrURjW</td>
<td>207056864</td>
<td>777402671</td>
<td>9.628262, 55.296814, 61.093536, 65.863213</td>
<td>552, 12, 12</td>
</tr>
<tr>
<td>RbVgUwpZ Z</td>
<td>320537129</td>
<td>616717831</td>
<td>26.820864, 60.336178, 79.976074, 19.597532</td>
<td>438, 2, 2</td>
</tr>
<tr>
<td>bC h</td>
<td>462496812</td>
<td>367104630</td>
<td>75.162308, 49.777359, 16.607155, 28.891373</td>
<td>512, 4, 9</td>
</tr>
<tr>
<td>rAbbu n</td>
<td>397730603</td>
<td>608527713</td>
<td>32.698036, 56.919399, 64.810875, 8.795346</td>
<td>119, 4, 5</td>
</tr>
<tr>
<td>G FvqpyN</td>
<td>126438850</td>
<td>185567130</td>
<td>22.470470, 14.186243, 4.918442, 77.509262</td>
<td>799, 9, 22</td>
</tr>
<tr>
<td>WARPnfW jhcGe</td>
<td>64088458</td>
<td>196639833</td>
<td>98.197258, 60.497852, 46.289391, 39.102299</td>
<td>978, 10, 9</td>
</tr>
<tr>
<td>qwxkQ nEnpku</td>
<td>67289147</td>
<td>553590440</td>
<td>21.426437, 28.871725, 80.177116, 25.876991</td>
<td>1515, 8, 2</td>
</tr>
<tr>
<td>RZURy unWbV</td>
<td>80684888</td>
<td>370563708</td>
<td>35.549252, 18.993595, 30.440973, 78.127495</td>
<td>849, 2, 1</td>
</tr>
<tr>
<td>Smh rek</td>
<td>37877234</td>
<td>143196119</td>
<td>46.424896, 22.629114, 97.780113, 4.957556</td>
<td>1549, 6, 5</td>
</tr>
<tr>
<td>TQUS SVZkNJAz</td>
<td>65934982</td>
<td>339793375</td>
<td>34.746223, 96.576889, 82.712570, 82.853119</td>
<td>181, 1, 23</td>
</tr>
<tr>
<td>SE Z</td>
<td>290954421</td>
<td>123847226</td>
<td>19.096348, 98.279205, 52.412151, 40.170074</td>
<td>433, 7, 24</td>
</tr>
<tr>
<td>zYQTyB rELYas</td>
<td>233452037</td>
<td>716192568</td>
<td>51.504120, 97.706902, 11.238173, 56.917919</td>
<td>678, 5, 10</td>
</tr>
<tr>
<td>Zx SivAbgk</td>
<td>109449121</td>
<td>341032189</td>
<td>34.645435, 64.252472, 6.761954, 54.509613</td>
<td>221, 11, 7</td>
</tr>
<tr>
<td>ed s</td>
<td>291600915</td>
<td>625574973</td>
<td>11.080243, 36.781353, 55.060535, 60.848804</td>
<td>1520, 12, 23</td>
</tr>
<tr>
<td>FgU AaQoMzpf</td>
<td>272950283</td>
<td>565767301</td>
<td>92.409950, 82.836357, 44.362679, 53.128830</td>
<td>185, 7, 22</td>
</tr>
<tr>
<td>M BL</td>
<td>60077478</td>
<td>547177303</td>
<td>42.976730, 56.752151, 25.033155, 70.235573</td>
<td>84, 2, 19</td>
</tr>
<tr>
<td>XSVnWmo sEtnxN</td>
<td>425921888</td>
<td>960245675</td>
<td>17.074747, 32.198917, 41.582684, 97.416069</td>
<td>1413, 1, 25</td>
</tr>
<tr>
<td>B fRgpQ</td>
<td>266242306</td>
<td>401946859</td>
<td>91.267975, 19.775442, 34.397503, 98.405731</td>
<td>480, 12, 2</td>
</tr>
<tr>
<td>WSBqLSr PQfCTV</td>
<td>467214277</td>
<td>856115595</td>
<td>22.574156, 11.881345, 69.420601, 27.865107</td>
<td>306, 2, 14</td>
</tr>
<tr>
<td>Be au</td>
<td>287609722</td>
<td>663928311</td>
<td>21.953392, 68.566139, 80.825470, 42.945667</td>
<td>623, 4, 24</td>
</tr>
<tr>
<td>pT AVUK</td>
<td>353012707</td>
<td>644086258</td>
<td>77.473969, 5.452078, 38.056789, 7.314002</td>
<td>373, 6, 22</td>
</tr>
<tr>
<td>ATPs oNycz</td>
<td>247190165</td>
<td>669441827</td>
<td>70.357544, 2.806556, 24.610640, 83.653793</td>
<td>704, 1, 20</td>
</tr>
<tr>
<td>swAbQKK yKNiiTR</td>
<td>11396552</td>
<td>282364705</td>
<td>67.067551, 64.658493, 49.106365, 51.498192</td>
<td>1498, 12, 22</td>
</tr>
<tr>
<td>mdMP Pm</td>
<td>306215988</td>
<td>889513599</td>
<td>51.519039, 58.292145, 82.643715, 93.257492</td>
<td>304, 8, 6</td>
</tr>
<tr>
<td>WjQVKrjP xb</td>
<td>157031342</td>
<td>466760774</td>
<td>86.096939, 95.725182, 49.059673, 1.451133</td>
<td>632, 4, 1</td>
</tr>
<tr>
<td>J Cvtfhdf</td>
<td>11259660</td>
<td>537021372</td>
<td>40.317120, 97.357620, 10.240041, 14.081449</td>
<td>907, 12, 15</td>
</tr>
<tr>
<td>vUBajnay TWkx</td>
<td>207335400</td>
<td>436579463</td>
<td>93.947464, 74.499077, 35.678219, 92.321320</td>
<td>1921, 7, 20</td>
</tr>
<tr>
<td>ffUMe h</td>
<td>3937973</td>
<td>141426519</td>
<td>64.194122, 12.142619, 46.612511, 45.896328</td>
<td>686, 4, 26</td>
</tr>
<tr>
<td>A UvSJJgCL</td>
<td>287220057</td>
<td>867655753</td>
<td>73.989342, 67.925011, 64.955086, 81.522896</td>
<td>983, 8, 1</td>
</tr>
<tr>
<td>Afq FxvAXj</td>
<td>143689952</td>
<td>783018135</td>
<td>14.204744, 6.275919, 73.193726, 35.917885</td>
<td>504, 1, 5</td>
</tr>
<tr>
<td>WUvC P</td>
<td>197815105</td>
<td>857055224</td>
<td>83.867058, 43.729935, 71.416046, 41.865631</td>
<td>1266, 7, 14</td>
</tr>
<tr>
<td>vjHBGhtB rvLbVWM</td>
<td>488478410</td>
<td>727448337</td>
<td>22.951202, 96.195045, 59.761112, 22.892620</td>
<td>461, 9, 29</td>
</tr>
<tr>
<td>DuG sswyN</td>
<td>150856989</td>
<td>876254798</td>
<td>15.186141, 67.068169, 91.983017, 97.662720</td>
<td>1633, 10, 31</td>
</tr>
<tr>
<td>KEhe LR</td>
<td>207328330</td>
<td>987719007</td>
<td>25.241665, 81.939850, 42.372112, 57.957630</td>
<td>894, 1, 24</td>
</tr>
<tr>
<td>sdcyx RHmdWs</td>
<td>176965720</td>
<td>206685732</td>
<td>39.317402, 57.823036, 15.654860, 49.459049</td>
<td>1518, 4, 29</td>
</tr>
<tr>
<td>TiTNkJPe DtDYEjg</td>
<td>38915097</td>
<td>828660553</td>
<td>4.493582, 61.971786, 62.721687, 41.315495</td>
<td>1040, 12, 17</td>
</tr>
<tr>
<td>KH dW</td>
<td>380422061</td>
<td>716949840</td>
<td>72.869926, 56.972248, 80.476738, 55.430782</td>
<td>1925, 5, 3</td>
</tr>
<tr>
<td>mGh sYXBtFsm</td>
<td>189664583</td>
<td>818733905</td>
<td>92.123062, 31.987028, 31.150410, 20.436384</td>
<td>721, 7, 12</td>
</tr>
<tr>
<td>cAJ mUL</td>
<td>135597876</td>
<td>182927707</td>
<td>76.929199, 56.143967, 15.089632, 49.330612</td>
<td>1579, 10, 1</td>
</tr>
<tr>
<td>VjfE rFHo</td>
<td>411321282</td>
<td>101992672</td>
<td>52.342335, 33.975883, 51.951908, 12.803245</td>
<td>326, 12, 1</td>
</tr>
<tr>
<td>w QBixTQ</td>
<td>467913908</td>
<td>083767308</td>
<td>71.170891, 26.064955, 24.914663, 43.801056</td>
<td>439, 9, 17</td>
</tr>
<tr>
<td>QH fvtm</td>
<td>294181011</td>
<td>934503380</td>
<td>0.603011, 94.776108, 53.733444, 47.955757</td>
<td>1940, 9, 28</td>
</tr>
<tr>
<td>bZsr eyS</td>
<td>26397151</td>
<td>530913338</td>
<td>44.980759, 96.730438, 9.228368, 22.788774</td>
<td>181, 9, 27</td>
</tr>
<tr>
<td>ZDT kirS</td>
<td>4915627</td>
<td>526367873</td>
<td>75.313278, 75.328133, 88.993629, 68.472702</td>
<td>1241, 9, 3</td>
</tr>
<tr>
<td>F ufTqN</td>
<td>482389412</td>
<td>731170179</td>
<td>46.609509, 75.580521, 93.536797, 12.724578</td>
<td>46, 8, 7</td>
</tr>
<tr>
<td>kGcDNVrW aJuFihf</td>
<td>300376170</td>
<td>113552176</td>
<td>0.324533, 51.747307, 36.368664, 57.575417</td>
<td>445, 7, 2</td>
</tr>
<tr>
<td>vrnjen LFM</td>
<td>74602178</td>
<td>925403558</td>
<td>27.165934, 96.356720, 36.500195, 51.017143</td>
<td>1425, 7, 10</td>
</tr>
<tr>
<td>YoFqbZ ydN</td>
<td>55215518</td>
<td>082605807</td>
<td>41.405331, 5.086377, 91.474892, 85.694679</td>
<td>1937, 6, 11</td>
</tr>
<tr>
<td>NYe y</td>
<td>146799152</td>
<td>378403737</td>
<td>68.667206, 98.501434, 22.608734, 77.644127</td>
<td>1418, 12, 30</td>
</tr>
<tr>
<td>ppbC uMRvc</td>
<td>269416238</td>
<td>006908858</td>
<td>90.134979, 17.287378, 65.251015, 94.513840</td>
<td>1523, 5, 23</td>
</tr>
<tr>
<td>wsajDbUm EhdfXLs</td>
<td>244335404</td>
<td>241247078</td>
<td>46.762035, 52.413246, 56.911781, 19.399771</td>
<td>1387, 7, 25</td>
</tr>
<tr>
<td>qYk tsRtxV</td>
<td>466694671</td>
<td>237852519</td>
<td>71.330383, 2.210146, 50.187672, 69.706589</td>
<td>221, 11, 8</td>
</tr>
<tr>
<td>Cyf P</td>
<td>422298727</td>
<td>574744423</td>
<td>6.071222, 97.666389, 75.283226, 4.327713</td>
<td>1206, 8, 31</td>
</tr>
<tr>
<td>zPeHoi GEFUv</td>
<td>218091738</td>
<td>801584827</td>
<td>23.331469, 50.600887, 30.160213, 9.864205</td>
<td>1314, 1, 21</td>
</tr>
<tr>
<td>sQyP CGAAhqr</td>
<td>484598673</td>
<td>328698208</td>
<td>98.601524, 80.678413, 7.196638, 88.293571</td>
<td>493, 9, 29</td>
</tr>
<tr>
<td>dUSuZBBN twcdoE</td>
<td>270806163</td>
<td>353950823</td>
<td>1.378345, 76.945076, 46.839024, 67.310707</td>
<td>1551, 10, 31</td>
</tr>
<tr>
<td>QMDcmmV VQYMBT</td>
<td>28912060</td>
<td>519991856</td>
<td>27.730677, 72.292435, 82.634178, 41.052639</td>
<td>441, 2, 3</td>
</tr>
<tr>
<td>Tm pNVdmaW</td>
<td>480564312</td>
<td>361932515</td>
<td>13.076716, 18.634548, 62.319176, 4.672579</td>
<td>240, 3, 23</td>
</tr>
<tr>
<td>BB HiQ</td>
<td>44713863</td>
<td>884790585</td>
<td>18.712357, 68.714127, 51.598225, 15.422960</td>
<td>344, 12, 23</td>
</tr>
<tr>
<td>icAienjC bU</td>
<td>269180800</td>
<td>589019574</td>
<td>37.448963, 97.290855, 90.361046, 63.119072</td>
<td>1945, 1, 10</td>
</tr>
<tr>
<td>LAkfZFEQ njpd</td>
<td>17805860</td>
<td>539891209</td>
<td>59.899307, 18.129372, 22.132725, 93.505547</td>
<td>1173, 11, 4</td>
</tr>
<tr>
<td>HoGS YAHWPP</td>
<td>382702278</td>
<td>445811160</td>
<td>82.832840, 96.325996, 33.115143, 65.420013</td>
<td>1894, 2, 27</td>
</tr>
<tr>
<td>GcdZLmH gQ</td>
<td>452189147</td>
<td>501117784</td>
<td>68.095909, 79.708130, 48.883617, 95.251343</td>
<td>1847, 9, 26</td>
</tr>
<tr>
<td>xny qWBwmuE</td>
<td>429065543</td>
<td>287625650</td>
<td>83.678604, 26.782087, 6.199095, 78.735733</td>
<td>1647, 8, 30</td>
</tr>
<tr>
<td>z ZbsZL</td>
<td>136240266</td>
<td>765932376</td>
<td>1.424600, 82.251450, 81.267159, 57.749603</td>
<td>491, 8, 21</td>
</tr>
<tr>
<td>BYsA qmCE</td>
<td>294340446</td>
<td>066698700</td>
<td>9.181005, 59.546108, 65.141373, 82.027565</td>
<td>186, 7, 12</td>
</tr>
<tr>
<td>asCNXj NzDw</td>
<td>396619192</td>
<td>328450751</td>
<td>69.718933, 29.586958, 60.402306, 95.567490</td>
<td>1170, 9, 24</td>
</tr>
<tr>
<td>mZDK hwAyfU</td>
<td>339533839</td>
<td>331401403</td>
<td>83.939011, 64.054489, 30.822075, 12.577274</td>
<td>743, 1, 2</td>
</tr>
<tr>
<td>onga SsPpbmCc</td>
<td>18088627</td>
<td>660801379</td>
<td>29.970709, 26.287472, 29.039604, 42.708210</td>
<td>1502, 2, 22</td>
</tr>
<tr>
<td>s B</td>
<td>345792706</td>
<td>902764547</td>
<td>33.549309, 65.990044, 24.410513, 31.052837</td>
<td>625, 11, 23</td>
</tr>
<tr>
<td>DLz jxojDxNr</td>
<td>425423159</td>
<td>357261709</td>
<td>28.401119, 42.310505, 90.681648, 0.580340</td>
<td>439, 10, 18</td>
</tr>
<tr>
<td>giW vXCuedy</td>
<td>469320199</td>
<td>338622924</td>
<td>60.388046, 54.167671, 93.710091, 23.062397</td>
<td>266, 10, 22</td>
</tr>
<tr>
<td>JkagA nmdVbJ</td>
<td>72125010</td>
<td>967497942</td>
<td>85.886017, 97.195656, 52.013332, 43.333614</td>
<td>677, 5, 3</td>
</tr>
<tr>
<td>JbwQfo N</td>
<td>87419824</td>
<td>824975632</td>
<td>13.080857, 4.828992, 48.603947, 84.911690</td>
<td>765, 3, 11</td>
</tr>
<tr>
<td>uervbJb r</td>
<td>247618346</td>
<td>618148982</td>
<td>40.976627, 13.140193, 13.953529, 51.948227</td>
<td>985, 9, 2</td>
</tr>
<tr>
<td>Ln H</td>
<td>323497754</td>
<td>342790768</td>
<td>31.939745, 75.738411, 87.580505, 91.158913</td>
<td>1181, 9, 13</td>
</tr>
<tr>
<td>hcqy ndRav</td>
<td>190595276</td>
<td>730833587</td>
<td>64.585098, 80.312263, 32.032188, 59.399151</td>
<td>1968, 4, 19</td>
</tr>
<tr>
<td>LUmrp Av</td>
<td>354657734</td>
<td>933800075</td>
<td>79.416092, 70.816437, 4.561124, 39.639713</td>
<td>635, 3, 15</td>
</tr>
<tr>
<td>naa FDoTVKG</td>
<td>44474608</td>
<td>237825342</td>
<td>27.229164, 42.192822, 25.194536, 73.081825</td>
<td>782, 8, 3</td>
</tr>
<tr>
<td>dF tbQWdLu</td>
<td>168523909</td>
<td>608034997</td>
<td>60.811165, 71.534279, 48.837448, 84.360893</td>
<td>798, 10, 24</td>
</tr>
<tr>
<td>sFwkFci uGahKMNg</td>
<td>205644733</td>
<td>806258994</td>
<td>5.748828, 56.821648, 63.284115, 76.649841</td>
<td>208, 1, 2</td>
</tr>
<tr>
<td>XZ fhMwFrUv</td>
<td>379894599</td>
<td>170420916</td>
<td>60.637497, 85.444313, 36.879936, 50.010128</td>
<td>1619, 5, 15</td>
</tr>
<tr>
<td>c DgVSSJCT</td>
<td>421554594</td>
<td>402136381</td>
<td>1.617001, 32.114197, 95.180901, 69.791794</td>
<td>1465, 10, 27</td>
</tr>
<tr>
<td>h XTye</td>
<td>33101817</td>
<td>898631374</td>
<td>64.524231, 23.704226, 77.251823, 58.589283</td>
<td>406, 9, 7</td>
</tr>
<tr>
<td>dKzd x</td>
<td>21858946</td>
<td>789106786</td>
<td>65.763512, 21.909981, 7.879086, 10.168947</td>
<td>1191, 2, 20</td>
</tr>
<tr>
<td>L Rv</td>
<td>79307033</td>
<td>236712143</td>
<td>22.715994, 90.029991, 86.738747, 20.677917</td>
<td>957, 7, 18</td>
</tr>
<tr>
<td>xfemNrLZ NEC</td>
<td>139667020</td>
<td>401150340</td>
<td>81.594719, 29.737309, 50.137150, 88.612221</td>
<td>516, 9, 26</td>
</tr>
<tr>
<td>hQtRPW o</td>
<td>81371675</td>
<td>724021581</td>
<td>92.087875, 28.746868, 49.586182, 24.074446</td>
<td>1578, 1, 7</td>
</tr>
<tr>
<td>GEigmR ttEsDYnv</td>
<td>362042273</td>
<td>037024119</td>
<td>1.556809, 70.718147, 47.687336, 53.050591</td>
<td>507, 12, 3</td>
</tr>
<tr>
<td>f du</td>
<td>35484208</td>
<td>423098602</td>
<td>61.401554, 3.422177, 70.412659, 88.574203</td>
<td>1723, 5, 16</td>
</tr>
<tr>
<td>LcjRL ugVA</td>
<td>489914972</td>
<td>826610273</td>
<td>39.408936, 99.108208, 53.643311, 81.899734</td>
<td>1294, 9, 18</td>
</tr>
<tr>
<td>sy QgeboM</td>
<td>42380232</td>
<td>624868225</td>
<td>35.997833, 93.443665, 80.186424, 64.718262</td>
<td>1131, 11, 20</td>
</tr>
<tr>
<td>gZWL e</td>
<td>182005969</td>
<td>785694175</td>
<td>18.941874, 64.720062, 66.331726, 14.075322</td>
<td>349, 6, 26</td>
</tr>
<tr>
<td>zoBtTvbv s</td>
<td>362368982</td>
<td>528429592</td>
<td>45.738243, 95.022842, 78.208824, 88.723869</td>
<td>1118, 8, 19</td>
</tr>
<tr>
<td>GUnnBA TBbB</td>
<td>247244013</td>
<td>953727100</td>
<td>2.271712, 94.150764, 76.238350, 79.117310</td>
<td>1055, 12, 2</td>
</tr>
<tr>
<td>J yzdviNBS</td>
<td>408543211</td>
<td>354401027</td>
<td>91.167053, 79.015625, 83.418373, 9.396105</td>
<td>942, 12, 21</td>
</tr>
<tr>
<td>QYUwEBN nfBoSM</td>
<td>490238934</td>
<td>137756680</td>
<td>46.901669, 73.700813, 70.254372, 97.168289</td>
<td>487, 5, 6</td>
</tr>
<tr>
<td>vQ gZmV</td>
<td>242841952</td>
<td>989019440</td>
<td>97.644234, 59.875885, 35.177856, 73.479378</td>
<td>689, 7, 23</td>
</tr>
<tr>
<td>R cUsqkQ</td>
<td>305304026</td>
<td>925349733</td>
<td>2.018185, 92.134186, 55.253002, 58.746586</td>
<td>1525, 2, 20</td>
</tr>
<tr>
<td>jzRufBF LNsYeZ</td>
<td>483358775</td>
<td>617008958</td>
<td>80.496338, 57.736881, 35.618607, 4.780747</td>
<td>1015, 11, 5</td>
</tr>
<tr>
<td>CCzjnN f</td>
<td>34327991</td>
<td>769372076</td>
<td>34.757446, 45.447441, 75.026718, 19.896231</td>
<td>1539, 4, 11</td>
</tr>
<tr>
<td>dRV HU</td>
<td>278969633</td>
<td>496332417</td>
<td>53.409767, 17.156223, 30.664146, 5.080751</td>
<td>1747, 4, 27</td>
</tr>
<tr>
<td>cVkbFMi Htkg</td>
<td>273614377</td>
<td>403814654</td>
<td>20.022657, 56.905254, 6.444361, 1.865713</td>
<td>1764, 12, 1</td>
</tr>
<tr>
<td>bSxYk Yf</td>
<td>156253765</td>
<td>384777125</td>
<td>40.980190, 91.979362, 91.295891, 96.648712</td>
<td>1623, 10, 30</td>
</tr>
<tr>
<td>CgJ qWZ</td>
<td>313467609</td>
<td>132435102</td>
<td>78.415001, 49.601482, 17.387285, 88.256645</td>
<td>1073, 12, 4</td>
</tr>
<tr>
<td>TSwtvZ U</td>
<td>54427616</td>
<td>202600183</td>
<td>43.043182, 16.065506, 68.753738, 89.938133</td>
<td>1046, 3, 21</td>
</tr>
<tr>
<td>YdDMYT joSpJ</td>
<td>220918690</td>
<td>443298431</td>
<td>24.101101, 94.628166, 90.544746, 56.860012</td>
<td>669, 4, 15</td>
</tr>
<tr>
<td>QcyCku Y</td>
<td>276589845</td>
<td>228994822</td>
<td>60.874485, 73.675690, 14.449672, 58.246738</td>
<td>509, 11, 22</td>
</tr>
<tr>
<td>oo AXBrY</td>
<td>212552686</td>
<td>008297456</td>
<td>30.989870, 12.623778, 83.333466, 88.903000</td>
<td>1403, 6, 26</td>
</tr>
<tr>
<td>xnj Yy</td>
<td>243230763</td>
<td>166666153</td>
<td>61.493301, 71.017036, 80.712204, 40.586063</td>
<td>1019, 3, 22</td>
</tr>
<tr>
<td>dCjHTGu zJAg</td>
<td>142115271</td>
<td>282929752</td>
<td>27.498861, 77.245804, 45.114769, 25.915506</td>
<td>1500, 7, 16</td>
</tr>
<tr>
<td>iXivz eVBFBhc</td>
<td>319421519</td>
<td>168367074</td>
<td>62.194572, 22.984167, 96.325676, 47.780041</td>
<td>1210, 2, 23</td>
</tr>
<tr>
<td>SzpqPzQa H</td>
<td>317688267</td>
<td>733614025</td>
<td>12.726434, 0.123429, 21.406193, 39.923897</td>
<td>1511, 8, 13</td>
</tr>
<tr>
<td>MgyF VPRWXTN</td>
<td>456027832</td>
<td>043047459</td>
<td>16.871153, 82.480400, 62.984928, 20.963282</td>
<td>581, 1, 15</td>
</tr>
<tr>
<td>jfi xVjf</td>
<td>119386597</td>
<td>174431799</td>
<td>64.344521, 10.759664, 4.968974, 10.117073</td>
<td>1778, 11, 8</td>
</tr>
<tr>
<td>FvwNBdXz SxjXVejq</td>
<td>140011253</td>
<td>225509620</td>
<td>71.297615, 98.427902, 52.371952, 40.497635</td>
<td>301, 4, 24</td>
</tr>
<tr>
<td>yC w</td>
<td>164815258</td>
<td>965323825</td>
<td>13.238137, 40.324329, 37.312664, 20.830868</td>
<td>160, 5, 23</td>
</tr>
<tr>
<td>c wqXpAX</td>
<td>477172602</td>
<td>379825105</td>
<td>75.651390, 34.322483, 91.297203, 17.007366</td>
<td>1050, 1, 8</td>
</tr>
<tr>
<td>R j</td>
<td>388646271</td>
<td>383798455</td>
<td>5.474171, 69.014008, 63.637691, 55.690147</td>
<td>432, 7, 29</td>
</tr>
<tr>
<td>eZ mMoE</td>
<td>81304593</td>
<td>510069497</td>
<td>25.179134, 61.221294, 72.545341, 98.211494</td>
<td>74, 4, 18</td>
</tr>
<tr>
<td>XbTWob NhHQWLqJ</td>
<td>405916987</td>
<td>648896505</td>
<td>32.465382, 48.581013, 78.912308, 59.576782</td>
<td>1723, 7, 28</td>
</tr>
<tr>
<td>uujG QSR</td>
<td>72222905</td>
<td>106212619</td>
<td>93.726562, 20.925520, 87.983360, 38.548347</td>
<td>155, 2, 16</td>
</tr>
<tr>
<td>Y eU</td>
<td>97870034</td>
<td>280169826</td>
<td>56.978374, 97.915009, 45.523346, 48.496033</td>
<td>292, 5, 19</td>
</tr>
<tr>
<td>WqhKBuy yhLUBa</td>
<td>167524414</td>
<td>212976024</td>
<td>19.936392, 10.588671, 59.193119, 95.941002</td>
<td>434, 6, 5</td>
</tr>
<tr>
<td>MiHaZF Hd</td>
<td>490196444</td>
<td>413889518</td>
<td>40.854588, 84.327316, 6.250898, 25.916239</td>
<td>1232, 6, 20</td>
</tr>
<tr>
<td>u DFAktjU</td>
<td>444878626</td>
<td>863622467</td>
<td>95.597710, 16.292503, 58.755676, 98.029701</td>
<td>864, 2, 20</td>
</tr>
<tr>
<td>kZRzuVk S</td>
<td>334973098</td>
<td>296383955</td>
<td>56.936420, 50.721977, 89.128265, 85.696869</td>
<td>227, 12, 10</td>
</tr>
<tr>
<td>Nn dwsBrA</td>
<td>369717296</td>
<td>887863980</td>
<td>64.401146, 54.751617, 35.653957, 71.291214</td>
<td>473, 8, 28</td>
</tr>
<tr>
<td>Z F</td>
<td>134806160</td>
<td>205825453</td>
<td>37.768021, 6.191471, 25.787115, 95.950653</td>
<td>1170, 12, 11</td>
</tr>
<tr>
<td>XvmNNP LbuP</td>
<td>202276643</td>
<td>711288869</td>
<td>19.906441, 79.921028, 10.711886, 68.449043</td>
<td>1475, 6, 14</td>
</tr>
<tr>
<td>wEEUJXB VnDU</td>
<td>422514279</td>
<td>114822249</td>
<td>32.320557, 57.707893, 18.917131, 49.734589</td>
<td>325, 9, 5</td>
</tr>
<tr>
<td>WDZTn nG</td>
<td>215548591</td>
<td>378503825</td>
<td>31.094255, 72.551567, 27.550606, 57.349590</td>
<td>483, 2, 13</td>
</tr>
<tr>
<td>pf U</td>
<td>185970245</td>
<td>742375566</td>
<td>23.605465, 96.142830, 15.861149, 15.394028</td>
<td>1027, 3, 3</td>
</tr>
<tr>
<td>Qw n</td>
<td>167940532</td>
<td>601983010</td>
<td>85.636955, 71.588631, 72.528046, 54.946453</td>
<td>1446, 6, 26</td>
</tr>
<tr>
<td>kxFdNgy pM</td>
<td>205854672</td>
<td>863228893</td>
<td>15.315067, 60.514267, 42.154160, 41.480381</td>
<td>481, 12, 4</td>
</tr>
<tr>
<td>McLM uVp</td>
<td>441721016</td>
<td>194995297</td>
<td>45.579594, 6.644880, 59.362099, 74.980057</td>
<td>70, 6, 2</td>
</tr>
<tr>
<td>SXksBaY VxVNZ</td>
<td>348462972</td>
<td>151083467</td>
<td>89.866608, 86.860146, 93.314400, 96.344597</td>
<td>1312, 5, 8</td>
</tr>
<tr>
<td>W VT</td>
<td>325802077</td>
<td>954176262</td>
<td>97.641693, 78.394798, 4.917045, 85.032639</td>
<td>1011, 6, 17</td>
</tr>
<tr>
<td>r NtBYh</td>
<td>448592998</td>
<td>992583046</td>
<td>21.711060, 18.524035, 21.569202, 20.003986</td>
<td>1864, 3, 31</td>
</tr>
<tr>
<td>TiUcs Wbt</td>
<td>283605322</td>
<td>206255836</td>
<td>25.359802, 70.041420, 75.040588, 59.144783</td>
<td>1850, 9, 1</td>
</tr>
<tr>
<td>hRLstZf auvNC</td>
<td>101197107</td>
<td>320442532</td>
<td>0.909676, 11.523504, 18.999697, 29.442865</td>
<td>2006, 2, 4</td>
</tr>
<tr>
<td>HZVbS DFKTqhbJ</td>
<td>172490612</td>
<td>953134280</td>
<td>76.011795, 45.155197, 84.755844, 51.183746</td>
<td>1540, 10, 3</td>
</tr>
<tr>
<td>GrxF ah</td>
<td>9532835</td>
<td>473488813</td>
<td>69.704391, 77.458733, 29.240078, 71.892311</td>
<td>138, 2, 9</td>
</tr>
<tr>
<td>nQHQeNKN vgxLXk</td>
<td>51000011</td>
<td>010387431</td>
<td>30.348801, 73.191666, 79.963249, 11.956109</td>
<td>683, 8, 4</td>
</tr>
<tr>
<td>BdPv ZG</td>
<td>260880162</td>
<td>942185432</td>
<td>71.128548, 84.725372, 2.191431, 15.562753</td>
<td>1150, 5, 4</td>
</tr>
<tr>
<td>PskgtsuU Gv</td>
<td>44608894</td>
<td>502632057</td>
<td>72.603119, 62.974010, 11.307323, 17.958923</td>
<td>1573, 6, 20</td>
</tr>
<tr>
<td>nPQgoNr obTKY</td>
<td>114951044</td>
<td>299497738</td>
<td>40.851521, 74.906219, 75.834564, 97.540901</td>
<td>1442, 2, 30</td>
</tr>
<tr>
<td>n gLt</td>
<td>163062718</td>
<td>190382080</td>
<td>28.629715, 10.146421, 87.455711, 30.029316</td>
<td>383, 7, 26</td>
</tr>
<tr>
<td>vYCt ZQYstEQ</td>
<td>165781857</td>
<td>387011529</td>
<td>84.942169, 94.615288, 92.986931, 24.960215</td>
<td>1128, 11, 21</td>
</tr>
<tr>
<td>FkwgYS J</td>
<td>115285598</td>
<td>151982659</td>
<td>5.916016, 38.983215, 14.009964, 47.713894</td>
<td>723, 7, 5</td>
</tr>
<tr>
<td>gcDfRYC esAeBuB</td>
<td>158704877</td>
<td>267133295</td>
<td>28.811762, 10.942931, 51.049980, 7.345645</td>
<td>601, 1, 11</td>
</tr>
<tr>
<td>vJLEmhUQ QbnJ</td>
<td>12333462</td>
<td>285476422</td>
<td>16.154951, 82.671478, 30.492743, 36.543072</td>
<td>1419, 2, 2</td>
</tr>
<tr>
<td>QYfioni URQja</td>
<td>162262614</td>
<td>425620718</td>
<td>28.167568, 10.876581, 14.504248, 28.607664</td>
<td>1436, 6, 29</td>
</tr>
<tr>
<td>kvJyRCx jXtaPhAS</td>
<td>209429446</td>
<td>070226588</td>
<td>26.127996, 75.749199, 62.529831, 88.592094</td>
<td>1486, 3, 4</td>
</tr>
<tr>
<td>nds YRh</td>
<td>303856336</td>
<td>045501896</td>
<td>60.192303, 56.452774, 1.930068, 94.025162</td>
<td>108, 5, 30</td>
</tr>
<tr>
<td>qk nd</td>
<td>237583214</td>
<td>297663599</td>
<td>38.526577, 98.486488, 28.888256, 61.322029</td>
<td>626, 11, 20</td>
</tr>
<tr>
<td>FoegW yF</td>
<td>18280379</td>
<td>044347506</td>
<td>93.443329, 41.778332, 34.566994, 23.328983</td>
<td>1416, 6, 15</td>
</tr>
<tr>
<td>ki JdE</td>
<td>83322713</td>
<td>086944730</td>
<td>14.665540, 74.197464, 72.343994, 96.082748</td>
<td>1532, 11, 25</td>
</tr>
<tr>
<td>PyWAhx r</td>
<td>100645095</td>
<td>945635171</td>
<td>79.675102, 99.137749, 95.727371, 7.666632</td>
<td>1630, 3, 15</td>
</tr>
<tr>
<td>UUhDb uYdTHgcv</td>
<td>386253452</td>
<td>468606592</td>
<td>84.634323, 33.457279, 35.185062, 81.807610</td>
<td>1244, 1, 4</td>
</tr>
<tr>
<td>Z wgajSU</td>
<td>297658531</td>
<td>749691398</td>
<td>70.681984, 53.976856, 67.812164, 17.685801</td>
<td>355, 2, 18</td>
</tr>
<tr>
<td>tZiSD MmhKuvvz</td>
<td>173216575</td>
<td>687046188</td>
<td>3.745765, 55.519276, 98.615562, 21.333942</td>
<td>1205, 2, 4</td>
</tr>
<tr>
<td>zTYS oWygJ</td>
<td>273723668</td>
<td>359561569</td>
<td>66.189011, 64.542145, 69.364502, 46.038822</td>
<td>443, 7, 8</td>
</tr>
<tr>
<td>pyea mVk</td>
<td>8041657</td>
<td>472346756</td>
<td>24.662064, 44.774536, 52.609650, 81.291229</td>
<td>1581, 4, 29</td>
</tr>
<tr>
<td>dqNfoZwC Rn</td>
<td>65497224</td>
<td>119703800</td>
<td>67.490837, 40.534191, 55.908234, 97.332497</td>
<td>106, 6, 17</td>
</tr>
<tr>
<td>ba rUsLv</td>
<td>484638298</td>
<td>932161270</td>
<td>21.262497, 11.530925, 52.415726, 88.864548</td>
<td>946, 7, 30</td>
</tr>
<tr>
<td>fTjAL vWivS</td>
<td>195876335</td>
<td>348997339</td>
<td>84.156212, 98.450478, 51.192028, 45.180126</td>
<td>1096, 11, 16</td>
</tr>
<tr>
<td>sKr bCza</td>
<td>489558115</td>
<td>619004111</td>
<td>33.801300, 65.302414, 26.573866, 71.292892</td>
<td>960, 3, 19</td>
</tr>
<tr>
<td>W UasyWw</td>
<td>66940329</td>
<td>294131038</td>
<td>66.292374, 50.602402, 54.272308, 86.773186</td>
<td>1990, 7, 12</td>
</tr>
<tr>
<td>cer xnDw</td>
<td>212044124</td>
<td>805059791</td>
<td>47.398586, 37.839005, 11.754161, 55.547230</td>
<td>414, 8, 14</td>
</tr>
<tr>
<td>xcNhDJo DjJg</td>
<td>429255190</td>
<td>746701130</td>
<td>18.968365, 70.717270, 71.976578, 32.043945</td>
<td>755, 12, 11</td>
</tr>
<tr>
<td>S Xxh</td>
<td>377685828</td>
<td>967676028</td>
<td>19.555080, 76.267990, 75.779419, 35.151340</td>
<td>1423, 4, 30</td>
</tr>
<tr>
<td>utXjQi UPF</td>
<td>261171560</td>
<td>882818485</td>
<td>21.234930, 33.474453, 7.309091, 52.647842</td>
<td>1029, 2, 7</td>
</tr>
<tr>
<td>duc faYf</td>
<td>55070849</td>
<td>897376220</td>
<td>77.297798, 25.938992, 84.540695, 39.017387</td>
<td>1288, 1, 31</td>
</tr>
<tr>
<td>gGTVuz HL</td>
<td>215279846</td>
<td>694075130</td>
<td>52.228920, 74.463707, 45.334229, 44.417950</td>
<td>57, 12, 14</td>
</tr>
<tr>
<td>GDjhk YHjmvBi</td>
<td>353251493</td>
<td>805826715</td>
<td>84.875023, 79.496201, 22.531443, 94.200912</td>
<td>164, 7, 31</td>
</tr>
<tr>
<td>i kGEsZ</td>
<td>69970345</td>
<td>059698845</td>
<td>20.000841, 93.188927, 79.225815, 15.816447</td>
<td>816, 4, 30</td>
</tr>
<tr>
<td>i jTkKJL</td>
<td>334853680</td>
<td>175091037</td>
<td>72.228539, 45.158615, 98.053566, 1.460887</td>
<td>1263, 10, 6</td>
</tr>
<tr>
<td>b FyMHNt</td>
<td>109968660</td>
<td>872949479</td>
<td>2.605817, 82.513580, 35.122108, 30.616945</td>
<td>1021, 10, 23</td>
</tr>
<tr>
<td>gbAkSD KJw</td>
<td>100833814</td>
<td>678165067</td>
<td>73.833649, 82.212814, 86.425285, 83.841164</td>
<td>400, 3, 17</td>
</tr>
<tr>
<td>gopkyZtU dXtLjkx</td>
<td>142443796</td>
<td>250330830</td>
<td>70.608681, 97.185074, 35.506390, 48.906067</td>
<td>1956, 3, 26</td>
</tr>
<tr>
<td>TDphQCt bARkcPLe</td>
<td>190190458</td>
<td>974002588</td>
<td>73.933800, 90.889336, 72.267334, 81.259544</td>
<td>1757, 10, 7</td>
</tr>
<tr>
<td>eESXyydk nAH</td>
<td>351908770</td>
<td>888013570</td>
<td>53.338593, 88.882126, 36.189507, 76.780067</td>
<td>1320, 7, 16</td>
</tr>
<tr>
<td>gV Y</td>
<td>35820780</td>
<td>291218711</td>
<td>50.818672, 14.026569, 20.826332, 61.246792</td>
<td>1064, 5, 30</td>
</tr>
<tr>
<td>vjmV SrY</td>
<td>198307008</td>
<td>602038334</td>
<td>44.601963, 12.001728, 32.254005, 1.041266</td>
<td>1752, 6, 27</td>
</tr>
<tr>
<td>mrNM qHyRNN</td>
<td>146266760</td>
<td>406484288</td>
<td>31.747766, 53.336910, 66.836273, 82.458710</td>
<td>362, 2, 1</td>
</tr>
<tr>
<td>yot UpBWHq</td>
<td>28341791</td>
<td>634929454</td>
<td>7.767785, 79.687096, 86.615829, 19.302719</td>
<td>1180, 6, 28</td>
</tr>
<tr>
<td>NPP ubNdTL</td>
<td>374801428</td>
<td>613860312</td>
<td>96.640930, 7.227016, 49.578072, 54.111839</td>
<td>1584, 12, 5</td>
</tr>
<tr>
<td>fKPZB DorQ</td>
<td>307213700</td>
<td>997692669</td>
<td>46.359802, 92.787949, 63.197411, 74.649521</td>
<td>734, 12, 19</td>
</tr>
<tr>
<td>pKrnwcV MVGWoKpc</td>
<td>295402680</td>
<td>062720018</td>
<td>28.216730, 70.670219, 44.621460, 70.929588</td>
<td>1427, 11, 25</td>
</tr>
<tr>
<td>X YwkJJ</td>
<td>79357567</td>
<td>051444878</td>
<td>36.834690, 38.476246, 89.273216, 40.872768</td>
<td>1822, 12, 30</td>
</tr>
<tr>
<td>P mgY</td>
<td>353825592</td>
<td>082245911</td>
<td>3.452382, 52.773682, 83.513496, 61.660675</td>
<td>271, 3, 4</td>
</tr>
<tr>
<td>cjjtaRJs o</td>
<td>219339764</td>
<td>534558377</td>
<td>40.028473, 23.154242, 66.207100, 3.142361</td>
<td>1716, 2, 25</td>
</tr>
<tr>
<td>pkmoCw QxqAnVe</td>
<td>416180257</td>
<td>793696722</td>
<td>43.406986, 58.026768, 23.708481, 86.236816</td>
<td>1119, 2, 24</td>
</tr>
<tr>
<td>tmnE X</td>
<td>192749580</td>
<td>773942923</td>
<td>16.344652, 31.897627, 57.428535, 88.137283</td>
<td>296, 11, 7</td>
</tr>
<tr>
<td>acam kCAJ</td>
<td>343344513</td>
<td>521887543</td>
<td>37.517235, 73.541740, 77.239105, 21.866259</td>
<td>755, 12, 8</td>
</tr>
<tr>
<td>MvHjZbnn BPjFVMhh</td>
<td>51657905</td>
<td>048036190</td>
<td>47.342285, 44.356663, 30.923449, 69.085533</td>
<td>171, 3, 29</td>
</tr>
<tr>
<td>PNyrTV dBhJC</td>
<td>356296343</td>
<td>621010859</td>
<td>82.863640, 4.750853, 84.054085, 44.807362</td>
<td>603, 12, 22</td>
</tr>
<tr>
<td>MRgVDb VPq</td>
<td>113263519</td>
<td>454520466</td>
<td>83.924957, 68.400093, 58.343636, 9.982079</td>
<td>651, 5, 17</td>
</tr>
<tr>
<td>ZEJmUyF yQWFtEt</td>
<td>379543331</td>
<td>934471070</td>
<td>4.543181, 52.243225, 98.905945, 84.451355</td>
<td>1871, 3, 9</td>
</tr>
<tr>
<td>C wY</td>
<td>496478162</td>
<td>366213706</td>
<td>93.249138, 41.089294, 61.624565, 35.883717</td>
<td>925, 4, 22</td>
</tr>
<tr>
<td>kvBzNp RMQV</td>
<td>291646390</td>
<td>307826456</td>
<td>6.038453, 73.394150, 96.980682, 61.913486</td>
<td>1843, 5, 17</td>
</tr>
<tr>
<td>XQu qJGpDdYW</td>
<td>224230454</td>
<td>271109987</td>
<td>32.368198, 5.637162, 90.480804, 45.194950</td>
<td>137, 3, 12</td>
</tr>
<tr>
<td>wcfp Cv</td>
<td>306032042</td>
<td>621050924</td>
<td>68.664322, 26.845900, 94.887657, 95.384026</td>
<td>1600, 12, 4</td>
</tr>
<tr>
<td>nEMeAb Jd</td>
<td>323540524</td>
<td>055911593</td>
<td>72.305481, 89.204788, 9.615340, 5.649507</td>
<td>1485, 6, 10</td>
</tr>
<tr>
<td>kTf VCYLc</td>
<td>231303103</td>
<td>461515248</td>
<td>46.318832, 47.273411, 65.455856, 85.128265</td>
<td>1321, 4, 29</td>
</tr>
<tr>
<td>t oGoQT</td>
<td>426965859</td>
<td>969025719</td>
<td>28.925526, 73.165779, 9.577805, 8.121622</td>
<td>1821, 2, 3</td>
</tr>
<tr>
<td>mTNpJfge PmbEN</td>
<td>24759492</td>
<td>494685504</td>
<td>30.065416, 74.774811, 47.894260, 16.233812</td>
<td>1982, 2, 3</td>
</tr>
<tr>
<td>GfwjQh p</td>
<td>276012392</td>
<td>363877854</td>
<td>20.300837, 16.263769, 40.186981, 76.373878</td>
<td>496, 12, 25</td>
</tr>
<tr>
<td>uinGwqW hdCz</td>
<td>293929563</td>
<td>362869545</td>
<td>81.816231, 82.565346, 79.580971, 35.715202</td>
<td>1014, 3, 13</td>
</tr>
<tr>
<td>VBweRYH RvBJzoBL</td>
<td>356209441</td>
<td>836232869</td>
<td>81.468712, 2.050107, 60.126186, 87.731262</td>
<td>1687, 8, 13</td>
</tr>
<tr>
<td>TUCfTUVB wCBG</td>
<td>86437918</td>
<td>585497922</td>
<td>84.420662, 18.858984, 94.997353, 79.169441</td>
<td>820, 1, 25</td>
</tr>
<tr>
<td>yRa ZVQBMHyw</td>
<td>465273279</td>
<td>937735727</td>
<td>41.545223, 18.020855, 46.008869, 97.608131</td>
<td>1885, 2, 15</td>
</tr>
<tr>
<td>qb XRepCw</td>
<td>435336265</td>
<td>853836955</td>
<td>99.165840, 0.820440, 79.038254, 76.337006</td>
<td>510, 11, 12</td>
</tr>
<tr>
<td>HAqfAqY URZx</td>
<td>249282100</td>
<td>115686823</td>
<td>77.398254, 62.521290, 3.604079, 22.179308</td>
<td>1795, 6, 6</td>
</tr>
<tr>
<td>MnE FvsDU</td>
<td>217682722</td>
<td>977110857</td>
<td>20.697691, 16.294655, 55.340191, 89.165543</td>
<td>163, 6, 2</td>
</tr>
<tr>
<td>Eoi GNXG</td>
<td>95918554</td>
<td>642655558</td>
<td>14.303062, 32.257584, 63.085129, 37.449818</td>
<td>1863, 12, 29</td>
</tr>
<tr>
<td>EChCuk dFtshotz</td>
<td>100764189</td>
<td>577584357</td>
<td>26.098904, 70.539467, 14.064969, 72.131317</td>
<td>634, 2, 15</td>
</tr>
<tr>
<td>KP JLH</td>
<td>167622059</td>
<td>738646933</td>
<td>72.586884, 53.424652, 65.992699, 68.372917</td>
<td>827, 4, 2</td>
</tr>
<tr>
<td>AACVod oarKq</td>
<td>51360170</td>
<td>884491546</td>
<td>50.786407, 68.261993, 87.780144, 49.870697</td>
<td>1019, 11, 3</td>
</tr>
<tr>
<td>JojMVxYL XyzLFZu</td>
<td>371002489</td>
<td>893235936</td>
<td>25.678022, 30.883673, 48.224655, 55.310699</td>
<td>676, 4, 6</td>
</tr>
<tr>
<td>VcqNJLYi iRXGu</td>
<td>161353618</td>
<td>400700531</td>
<td>53.411304, 14.449827, 75.791283, 88.312614</td>
<td>2010, 6, 6</td>
</tr>
<tr>
<td>uroLjewP kBMfD</td>
<td>310275230</td>
<td>998589502</td>
<td>1.151910, 71.033173, 5.228381, 15.688490</td>
<td>697, 7, 12</td>
</tr>
<tr>
<td>dbzbomwU uzJif</td>
<td>459708212</td>
<td>676371295</td>
<td>84.821022, 53.449142, 80.172752, 80.803703</td>
<td>1312, 2, 21</td>
</tr>
<tr>
<td>PJ LpTh</td>
<td>29641309</td>
<td>018095801</td>
<td>91.563393, 18.781492, 2.679283, 38.705296</td>
<td>235, 10, 19</td>
</tr>
<tr>
<td>B Ux</td>
<td>116206933</td>
<td>537456978</td>
<td>18.388712, 80.168411, 15.799470, 70.814957</td>
<td>442, 11, 14</td>
</tr>
<tr>
<td>xpkoBPH jXtj</td>
<td>353709778</td>
<td>581312964</td>
<td>71.158470, 49.186798, 8.320953, 92.711349</td>
<td>1961, 7, 13</td>
</tr>
<tr>
<td>WpJJMMyd uCy</td>
<td>5763849</td>
<td>109794279</td>
<td>61.762169, 78.196838, 60.772820, 57.827496</td>
<td>750, 8, 7</td>
</tr>
<tr>
<td>fQsn sjimN</td>
<td>343106810</td>
<td>404163228</td>
<td>98.662598, 98.396523, 81.014908, 74.451836</td>
<td>1901, 2, 8</td>
</tr>
<tr>
<td>dFT Nf</td>
<td>338422077</td>
<td>482340203</td>
<td>80.883102, 38.790215, 90.395157, 10.800664</td>
<td>802, 5, 30</td>
</tr>
<tr>
<td>zT srVC</td>
<td>295908119</td>
<td>823629259</td>
<td>93.009979, 28.013346, 13.005040, 50.725307</td>
<td>630, 10, 7</td>
</tr>
<tr>
<td>YCDMcD xqPRr</td>
<td>357430515</td>
<td>587023158</td>
<td>39.577034, 50.957123, 72.075974, 28.878466</td>
<td>1403, 7, 26</td>
</tr>
<tr>
<td>Q tvhXMwE</td>
<td>404590310</td>
<td>184966082</td>
<td>90.186623, 6.437621, 22.594831, 98.315346</td>
<td>1153, 11, 9</td>
</tr>
<tr>
<td>VSCYKd ZjhjB</td>
<td>429923649</td>
<td>160857014</td>
<td>46.720821, 71.255013, 69.286415, 40.027527</td>
<td>502, 8, 4</td>
</tr>
<tr>
<td>VScr Yftvi</td>
<td>368964003</td>
<td>796473052</td>
<td>51.585201, 1.187144, 44.630695, 87.203079</td>
<td>378, 5, 20</td>
</tr>
<tr>
<td>nioN ruRdc</td>
<td>236474712</td>
<td>041073605</td>
<td>17.655485, 52.336235, 11.906710, 80.847237</td>
<td>1924, 7, 14</td>
</tr>
<tr>
<td>iiH ofYji</td>
<td>26318486</td>
<td>263785565</td>
<td>38.638245, 42.407455, 92.155327, 56.621384</td>
<td>1430, 10, 20</td>
</tr>
<tr>
<td>bnkJv VU</td>
<td>44769619</td>
<td>617236314</td>
<td>35.507553, 90.172562, 17.297239, 93.427574</td>
<td>1665, 7, 12</td>
</tr>
<tr>
<td>yydocYAR PuW</td>
<td>385770492</td>
<td>513323767</td>
<td>19.952333, 40.456810, 34.825855, 89.883957</td>
<td>675, 6, 3</td>
</tr>
<tr>
<td>c jXJh</td>
<td>413138769</td>
<td>709174788</td>
<td>43.052002, 71.559570, 93.863235, 68.977722</td>
<td>1932, 1, 3</td>
</tr>
<tr>
<td>ej qp</td>
<td>87397986</td>
<td>045195975</td>
<td>18.624556, 29.290602, 0.993926, 21.581013</td>
<td>768, 4, 3</td>
</tr>
<tr>
<td>UQkwJsoj Q</td>
<td>223850204</td>
<td>257237920</td>
<td>30.930614, 99.307877, 88.077408, 90.319290</td>
<td>1054, 5, 3</td>
</tr>
<tr>
<td>RB LQbBo</td>
<td>492175672</td>
<td>069916301</td>
<td>9.576205, 54.378731, 22.405027, 15.839492</td>
<td>1219, 10, 25</td>
</tr>
<tr>
<td>SkVcjy Rny</td>
<td>334642224</td>
<td>293706133</td>
<td>13.034281, 94.300713, 24.487165, 46.644489</td>
<td>906, 4, 25</td>
</tr>
<tr>
<td>gYxXBE GCkeHg</td>
<td>316378605</td>
<td>026834501</td>
<td>76.266701, 95.826012, 35.159637, 6.200995</td>
<td>1179, 6, 12</td>
</tr>
<tr>
<td>rsYsRH p</td>
<td>238569374</td>
<td>845480975</td>
<td>16.390686, 20.390133, 38.057625, 4.427206</td>
<td>1542, 7, 5</td>
</tr>
<tr>
<td>Fvc An</td>
<td>295125164</td>
<td>621427132</td>
<td>96.858261, 82.402885, 83.210762, 40.738342</td>
<td>1228, 5, 25</td>
</tr>
<tr>
<td>QYf Qk</td>
<td>114510095</td>
<td>274286394</td>
<td>84.617226, 13.216835, 23.492956, 55.511311</td>
<td>1342, 10, 25</td>
</tr>
<tr>
<td>CrK Qi</td>
<td>88488990</td>
<td>855856052</td>
<td>19.166748, 25.780958, 92.622482, 29.644665</td>
<td>147, 8, 30</td>
</tr>
<tr>
<td>AgLgg hNfi</td>
<td>437039750</td>
<td>352885139</td>
<td>29.052019, 32.616970, 6.914496, 23.272839</td>
<td>64, 11, 13</td>
</tr>
<tr>
<td>dQS nsba</td>
<td>11872249</td>
<td>062978907</td>
<td>98.187653, 15.835214, 69.015266, 39.125103</td>
<td>524, 6, 18</td>
</tr>
<tr>
<td>joutAY QsnkzZ</td>
<td>109045576</td>
<td>711773656</td>
<td>51.717819, 50.768250, 29.686892, 71.583717</td>
<td>1555, 3, 8</td>
</tr>
<tr>
<td>ozhqs Z</td>
<td>191877136</td>
<td>289460590</td>
<td>35.584526, 9.956226, 15.248376, 54.258793</td>
<td>325, 6, 19</td>
</tr>
<tr>
<td>SQJ dbR</td>
<td>194289743</td>
<td>749351621</td>
<td>99.151939, 38.808983, 13.662815, 93.664474</td>
<td>116, 11, 30</td>
</tr>
<tr>
<td>z RGL</td>
<td>15729641</td>
<td>456296124</td>
<td>82.110725, 22.234587, 11.659814, 33.165199</td>
<td>560, 1, 19</td>
</tr>
<tr>
<td>JLgeaz tWJ</td>
<td>498909522</td>
<td>453874176</td>
<td>30.411757, 19.379232, 4.512740, 40.344345</td>
<td>601, 7, 7</td>
</tr>
<tr>
<td>ELbWZR s</td>
<td>87048257</td>
<td>810579895</td>
<td>16.470753, 38.605850, 37.588634, 86.929878</td>
<td>1337, 3, 15</td>
</tr>
<tr>
<td>LE NbLVRL</td>
<td>118267511</td>
<td>108377766</td>
<td>92.416283, 4.267379, 85.734154, 38.899780</td>
<td>27, 2, 8</td>
</tr>
<tr>
<td>AiQx HwDjAH</td>
<td>428243849</td>
<td>630437511</td>
<td>71.446716, 15.654410, 66.709656, 72.189171</td>
<td>584, 12, 6</td>
</tr>
<tr>
<td>ZhY GWwyfN</td>
<td>131996266</td>
<td>748597835</td>
<td>21.479572, 64.756485, 31.910006, 67.143898</td>
<td>1307, 10, 18</td>
</tr>
<tr>
<td>y iWvtHdW</td>
<td>176914812</td>
<td>473790579</td>
<td>71.895699, 65.051254, 38.236324, 17.620275</td>
<td>68, 10, 16</td>
</tr>
<tr>
<td>m Y</td>
<td>175600728</td>
<td>888612681</td>
<td>35.215050, 1.980724, 81.226791, 77.647163</td>
<td>1167, 3, 23</td>
</tr>
<tr>
<td>AVRZ LNjpATwB</td>
<td>275047686</td>
<td>448277995</td>
<td>58.376518, 95.062653, 21.469530, 10.236770</td>
<td>660, 1, 4</td>
</tr>
<tr>
<td>JFtu FLZEVvw</td>
<td>200235532</td>
<td>586072398</td>
<td>47.283096, 24.844603, 44.187859, 69.040115</td>
<td>1284, 5, 24</td>
</tr>
<tr>
<td>sSisyEzz nbFfd</td>
<td>38157254</td>
<td>708575681</td>
<td>64.809525, 3.508450, 43.770020, 71.752090</td>
<td>1538, 11, 31</td>
</tr>
<tr>
<td>FBsc CTRg</td>
<td>179330581</td>
<td>477163453</td>
<td>63.936653, 18.606964, 35.927525, 58.151550</td>
<td>1812, 7, 28</td>
</tr>
<tr>
<td>hCbkq pDU</td>
<td>177913680</td>
<td>051788255</td>
<td>63.181896, 36.954124, 33.342690, 0.875225</td>
<td>561, 2, 19</td>
</tr>
<tr>
<td>Sk bYUwgs</td>
<td>111275267</td>
<td>088079292</td>
<td>81.041183, 53.535282, 79.162857, 35.862309</td>
<td>1664, 12, 10</td>
</tr>
<tr>
<td>YyjtV JWJ</td>
<td>159559202</td>
<td>423030441</td>
<td>41.248489, 80.457375, 20.188717, 55.055313</td>
<td>467, 9, 14</td>
</tr>
<tr>
<td>Sat B</td>
<td>257451096</td>
<td>246791307</td>
<td>51.973854, 41.857361, 66.432076, 38.921944</td>
<td>1147, 3, 2</td>
</tr>
<tr>
<td>eFmF ex</td>
<td>232503372</td>
<td>773182974</td>
<td>5.706809, 63.587555, 52.345146, 31.008699</td>
<td>219, 12, 3</td>
</tr>
<tr>
<td>w C</td>
<td>61069109</td>
<td>622662049</td>
<td>37.881382, 71.769432, 14.212519, 49.136383</td>
<td>1696, 10, 30</td>
</tr>
<tr>
<td>iYomxU KPHjotNK</td>
<td>313120394</td>
<td>636352762</td>
<td>31.852947, 56.658447, 78.108994, 47.339130</td>
<td>47, 8, 12</td>
</tr>
<tr>
<td>y aeC</td>
<td>34196284</td>
<td>560207257</td>
<td>35.462177, 94.035957, 24.393845, 96.625809</td>
<td>1329, 8, 16</td>
</tr>
<tr>
<td>toDcY UtePn</td>
<td>243912245</td>
<td>965985656</td>
<td>29.762211, 60.626900, 68.182793, 49.124596</td>
<td>1740, 4, 4</td>
</tr>
<tr>
<td>Te GyBkbN</td>
<td>14362916</td>
<td>213163169</td>
<td>44.065914, 45.091335, 94.745224, 64.805679</td>
<td>1189, 2, 15</td>
</tr>
<tr>
<td>SyF hYFPRhF</td>
<td>120426816</td>
<td>959152168</td>
<td>60.200527, 78.252106, 94.841217, 15.794109</td>
<td>878, 2, 29</td>
</tr>
<tr>
<td>wvL MiRvGP</td>
<td>316849655</td>
<td>745175704</td>
<td>15.521656, 38.083294, 59.300850, 18.357868</td>
<td>621, 4, 13</td>
</tr>
<tr>
<td>RCL GCfkjCH</td>
<td>52320765</td>
<td>919144018</td>
<td>20.023846, 72.327354, 16.601227, 82.153404</td>
<td>1539, 8, 25</td>
</tr>
<tr>
<td>to VDXt</td>
<td>367266794</td>
<td>936433836</td>
<td>17.929359, 20.108471, 48.487389, 82.006798</td>
<td>1904, 1, 2</td>
</tr>
<tr>
<td>iKqo ApXJ</td>
<td>433250477</td>
<td>128890346</td>
<td>89.596153, 58.350502, 76.476814, 50.745258</td>
<td>246, 8, 8</td>
</tr>
<tr>
<td>zgyoF XZzHbpNn</td>
<td>456926415</td>
<td>439724670</td>
<td>14.496005, 19.808500, 21.694754, 11.736653</td>
<td>541, 6, 14</td>
</tr>
<tr>
<td>zpwy rQazd</td>
<td>308012859</td>
<td>939340988</td>
<td>12.541421, 81.426498, 6.384411, 5.216445</td>
<td>1228, 7, 10</td>
</tr>
<tr>
<td>sfQzsJhC DXH</td>
<td>12340685</td>
<td>802952059</td>
<td>99.159027, 4.027123, 75.464264, 0.763451</td>
<td>381, 3, 14</td>
</tr>
<tr>
<td>yHRGPF brZXqUKM</td>
<td>315297607</td>
<td>731037627</td>
<td>24.198212, 68.532463, 3.730680, 45.846504</td>
<td>1726, 5, 25</td>
</tr>
<tr>
<td>zfAdEc rn</td>
<td>98920353</td>
<td>866709307</td>
<td>42.417229, 75.293625, 66.529625, 6.910623</td>
<td>1316, 2, 16</td>
</tr>
<tr>
<td>faH orh</td>
<td>38975960</td>
<td>941028611</td>
<td>91.376122, 4.214115, 30.276619, 79.958351</td>
<td>736, 12, 20</td>
</tr>
<tr>
<td>LwpdD UfXGRY</td>
<td>169146038</td>
<td>137514173</td>
<td>42.665462, 42.964657, 78.210991, 60.817608</td>
<td>1535, 4, 9</td>
</tr>
<tr>
<td>Tgyy VbiCMBc</td>
<td>141507203</td>
<td>290206158</td>
<td>81.429016, 54.425385, 72.985382, 91.831017</td>
<td>210, 6, 20</td>
</tr>
<tr>
<td>F XUptMbg</td>
<td>312294869</td>
<td>600129437</td>
<td>15.873894, 55.309788, 66.786713, 88.386971</td>
<td>801, 11, 18</td>
</tr>
<tr>
<td>iGG Sxyba</td>
<td>402395400</td>
<td>854995879</td>
<td>20.733875, 32.402561, 1.821225, 10.111684</td>
<td>1778, 5, 16</td>
</tr>
<tr>
<td>eBUTwkY aVNPu</td>
<td>220906449</td>
<td>247814683</td>
<td>93.171120, 34.525074, 5.666675, 33.200520</td>
<td>1283, 12, 10</td>
</tr>
<tr>
<td>ua K</td>
<td>199412638</td>
<td>376124745</td>
<td>71.431450, 48.238094, 34.547726, 1.959497</td>
<td>1103, 2, 7</td>
</tr>
<tr>
<td>uemCsub rvsmRa</td>
<td>9350833</td>
<td>298537521</td>
<td>93.309624, 32.857410, 22.896767, 87.104980</td>
<td>206, 8, 27</td>
</tr>
<tr>
<td>nJmS mPDT</td>
<td>144089615</td>
<td>298373926</td>
<td>93.630058, 74.989517, 24.985254, 37.655903</td>
<td>1108, 8, 24</td>
</tr>
<tr>
<td>Uhw KZc</td>
<td>430873138</td>
<td>542694615</td>
<td>79.423798, 32.664745, 71.693741, 9.942295</td>
<td>198, 6, 14</td>
</tr>
<tr>
<td>GF Z</td>
<td>95738024</td>
<td>782551655</td>
<td>57.719872, 95.336510, 12.948532, 37.650303</td>
<td>630, 2, 7</td>
</tr>
<tr>
<td>M o</td>
<td>327929853</td>
<td>224388577</td>
<td>50.844067, 33.631489, 75.375824, 77.255920</td>
<td>730, 3, 2</td>
</tr>
<tr>
<td>HJk DBq</td>
<td>378933609</td>
<td>486548647</td>
<td>11.861690, 47.478203, 50.584366, 61.519222</td>
<td>339, 8, 3</td>
</tr>
<tr>
<td>sq k</td>
<td>137303130</td>
<td>275611567</td>
<td>13.871213, 26.609154, 57.989906, 72.046280</td>
<td>980, 9, 2</td>
</tr>
<tr>
<td>vDiYMm Yt</td>
<td>291678944</td>
<td>882138506</td>
<td>2.900572, 65.303459, 1.265003, 70.005539</td>
<td>951, 4, 24</td>
</tr>
<tr>
<td>CUSsXmp hyq</td>
<td>18922081</td>
<td>981257163</td>
<td>23.480635, 40.812294, 24.897566, 48.221508</td>
<td>1674, 2, 19</td>
</tr>
<tr>
<td>JjdZwj GNSjEWqQ</td>
<td>56339472</td>
<td>766047840</td>
<td>59.271923, 69.319984, 46.994576, 68.110054</td>
<td>1969, 12, 25</td>
</tr>
<tr>
<td>d AUjp</td>
<td>404527904</td>
<td>034256777</td>
<td>51.228462, 84.958275, 25.934649, 48.648598</td>
<td>1879, 1, 15</td>
</tr>
<tr>
<td>DJyf GBsXJcZ</td>
<td>480270455</td>
<td>564976519</td>
<td>8.361022, 68.113091, 28.381222, 38.001667</td>
<td>817, 1, 4</td>
</tr>
<tr>
<td>yzAf Kezo</td>
<td>90879910</td>
<td>171583190</td>
<td>14.249194, 44.733242, 40.893208, 18.743567</td>
<td>1463, 12, 10</td>
</tr>
<tr>
<td>bBFzKH VXumwaLo</td>
<td>14334062</td>
<td>393980666</td>
<td>97.987526, 40.427364, 7.277879, 43.387314</td>
<td>939, 10, 15</td>
</tr>
<tr>
<td>ssapGwBc oTe</td>
<td>394034630</td>
<td>347368757</td>
<td>27.628805, 22.425179, 54.967922, 10.525690</td>
<td>1001, 3, 12</td>
</tr>
<tr>
<td>ENc xuGgYt</td>
<td>352270216</td>
<td>378514286</td>
<td>34.704136, 7.393416, 30.153158, 30.872997</td>
<td>1525, 4, 29</td>
</tr>
<tr>
<td>WwbRLdF AtL</td>
<td>309283583</td>
<td>748687951</td>
<td>53.015259, 99.312798, 85.174965, 82.553986</td>
<td>1545, 5, 6</td>
</tr>
<tr>
<td>sxJXmEDa XYzDkn</td>
<td>71014386</td>
<td>955037642</td>
<td>76.986984, 77.202118, 12.561552, 18.309383</td>
<td>1502, 5, 27</td>
</tr>
<tr>
<td>K QpRiBYDb</td>
<td>28210384</td>
<td>504794612</td>
<td>35.024803, 74.974724, 85.148643, 28.649235</td>
<td>1290, 6, 19</td>
</tr>
<tr>
<td>NvWYzh oa</td>
<td>122540914</td>
<td>673660489</td>
<td>18.769457, 87.296806, 31.705856, 31.784685</td>
<td>186, 2, 2</td>
</tr>
<tr>
<td>KVigtbyJ PAbpmB</td>
<td>354486795</td>
<td>519872088</td>
<td>48.109619, 51.661030, 50.908077, 46.751808</td>
<td>301, 1, 30</td>
</tr>
<tr>
<td>zFVxCf EJ</td>
<td>450015371</td>
<td>579105069</td>
<td>99.844261, 39.109123, 69.488281, 26.125957</td>
<td>177, 11, 2</td>
</tr>
<tr>
<td>LCupAgwC Yzx</td>
<td>273268823</td>
<td>163751321</td>
<td>28.851686, 8.992087, 8.831548, 7.335230</td>
<td>1493, 5, 7</td>
</tr>
<tr>
<td>hJjN Y</td>
<td>52019379</td>
<td>500945707</td>
<td>89.922798, 64.231224, 31.795282, 49.867622</td>
<td>525, 8, 8</td>
</tr>
<tr>
<td>XtpqLT YW</td>
<td>471138154</td>
<td>234995327</td>
<td>0.795851, 51.104824, 97.181808, 95.137390</td>
<td>709, 10, 7</td>
</tr>
<tr>
<td>wRr NBFvxTdo</td>
<td>478532280</td>
<td>665729955</td>
<td>37.461151, 57.407372, 66.220795, 77.819374</td>
<td>573, 7, 8</td>
</tr>
<tr>
<td>sqEZ tXL</td>
<td>424922156</td>
<td>801297143</td>
<td>39.032124, 83.479065, 49.668816, 87.690216</td>
<td>263, 6, 12</td>
</tr>
<tr>
<td>gy gaRpV</td>
<td>38101530</td>
<td>606220271</td>
<td>55.451389, 35.371849, 99.778259, 61.580566</td>
<td>494, 7, 6</td>
</tr>
<tr>
<td>EKj Xwyk</td>
<td>295871645</td>
<td>268497505</td>
<td>54.411495, 19.093533, 80.689980, 73.717583</td>
<td>281, 8, 21</td>
</tr>
<tr>
<td>GHMXB LNirck</td>
<td>83256695</td>
<td>370765915</td>
<td>22.625093, 13.785446, 2.938007, 2.026446</td>
<td>661, 2, 2</td>
</tr>
<tr>
<td>tbNP CfVN</td>
<td>61820843</td>
<td>817329384</td>
<td>93.153221, 30.691559, 84.763634, 99.138161</td>
<td>958, 1, 15</td>
</tr>
<tr>
<td>DKG LhpAJ</td>
<td>131972481</td>
<td>003488890</td>
<td>75.839523, 72.207901, 63.557747, 8.786941</td>
<td>1065, 2, 5</td>
</tr>
<tr>
<td>deTbUvbh cHwpkw</td>
<td>217977466</td>
<td>234448030</td>
<td>58.748566, 8.026610, 63.322975, 21.667044</td>
<td>1687, 8, 7</td>
</tr>
<tr>
<td>r GYAWE</td>
<td>442710443</td>
<td>731331797</td>
<td>75.832397, 84.412727, 7.752981, 59.875843</td>
<td>992, 10, 24</td>
</tr>
<tr>
<td>zUBnWSF CPyU</td>
<td>150573870</td>
<td>384129006</td>
<td>13.795793, 55.215664, 11.520777, 69.676003</td>
<td>610, 1, 28</td>
</tr>
<tr>
<td>gVF Vnz</td>
<td>358381498</td>
<td>541687486</td>
<td>29.902077, 46.383659, 27.420740, 97.053680</td>
<td>28, 2, 11</td>
</tr>
<tr>
<td>dme QJeBP</td>
<td>150371721</td>
<td>511489086</td>
<td>57.291992, 88.523529, 69.630318, 52.956585</td>
<td>1147, 1, 31</td>
</tr>
<tr>
<td>gbkXBQB gmBKW</td>
<td>315015119</td>
<td>591320821</td>
<td>12.604259, 47.755779, 12.471524, 84.096878</td>
<td>1903, 6, 8</td>
</tr>
<tr>
<td>m LhPZX</td>
<td>454540389</td>
<td>934765574</td>
<td>21.683247, 6.408218, 85.280724, 54.690762</td>
<td>1045, 7, 29</td>
</tr>
<tr>
<td>iWhqps jYwc</td>
<td>486141147</td>
<td>743742324</td>
<td>47.241070, 57.393810, 62.598927, 43.665520</td>
<td>1234, 6, 18</td>
</tr>
<tr>
<td>VEBHZd E</td>
<td>323182207</td>
<td>654829629</td>
<td>43.119720, 16.276533, 87.433487, 69.524361</td>
<td>79, 12, 25</td>
</tr>
<tr>
<td>SAUbPVRY CQjcVW</td>
<td>362886087</td>
<td>170526113</td>
<td>16.021114, 35.693932, 75.487640, 32.290535</td>
<td>1554, 9, 1</td>
</tr>
<tr>
<td>xLPgE QrVtn</td>
<td>278002120</td>
<td>124035773</td>
<td>26.586576, 23.173639, 25.525549, 46.620838</td>
<td>918, 5, 25</td>
</tr>
<tr>
<td>JuufYUiD jQyNFkR</td>
<td>147488269</td>
<td>730510306</td>
<td>70.310867, 27.999720, 54.738609, 81.125458</td>
<td>1137, 10, 19</td>
</tr>
<tr>
<td>jW LDLGp</td>
<td>315422237</td>
<td>790398411</td>
<td>48.000027, 96.551758, 84.216461, 65.929192</td>
<td>631, 8, 27</td>
</tr>
<tr>
<td>e kzHq</td>
<td>24268076</td>
<td>854142503</td>
<td>61.984737, 2.824165, 22.149057, 49.865482</td>
<td>1519, 11, 24</td>
</tr>
<tr>
<td>xAVvRi dR</td>
<td>19865157</td>
<td>648566740</td>
<td>71.271057, 8.112419, 61.110176, 67.707397</td>
<td>1774, 9, 26</td>
</tr>
<tr>
<td>NFaMce fD</td>
<td>154574348</td>
<td>358298565</td>
<td>17.596678, 4.608774, 68.077904, 50.854031</td>
<td>781, 12, 9</td>
</tr>
<tr>
<td>mKxCG boq</td>
<td>43028577</td>
<td>934571030</td>
<td>87.138908, 8.173807, 32.064041, 4.714661</td>
<td>1041, 6, 3</td>
</tr>
<tr>
<td>Bs KJP</td>
<td>204572793</td>
<td>787939140</td>
<td>85.671448, 19.849192, 89.503082, 66.378502</td>
<td>965, 6, 11</td>
</tr>
<tr>
<td>TFN VfdW</td>
<td>72300526</td>
<td>738524793</td>
<td>99.153610, 87.043121, 75.490318, 21.891302</td>
<td>92, 2, 5</td>
</tr>
<tr>
<td>nyCSySk AX</td>
<td>307027555</td>
<td>766616699</td>
<td>58.851982, 34.900101, 7.645321, 59.253857</td>
<td>848, 11, 25</td>
</tr>
<tr>
<td>a n</td>
<td>126150009</td>
<td>861658081</td>
<td>96.531509, 50.346409, 30.573044, 14.111398</td>
<td>676, 2, 6</td>
</tr>
<tr>
<td>PjmG rYmsE</td>
<td>411154864</td>
<td>168651528</td>
<td>70.542557, 19.491405, 98.826630, 68.744438</td>
<td>1064, 6, 22</td>
</tr>
<tr>
<td>FW MLSep</td>
<td>413186960</td>
<td>110139733</td>
<td>97.939621, 14.740811, 34.915085, 23.250021</td>
<td>1337, 9, 30</td>
</tr>
<tr>
<td>PHUv KYQcwHF</td>
<td>108499600</td>
<td>100058057</td>
<td>29.435352, 46.670181, 63.320526, 91.845177</td>
<td>1641, 3, 25</td>
</tr>
<tr>
<td>SvA Q</td>
<td>278259971</td>
<td>389738604</td>
<td>38.445511, 63.373802, 39.351307, 89.710304</td>
<td>1559, 10, 29</td>
</tr>
<tr>
<td>FJ XKFzDbi</td>
<td>427063200</td>
<td>416763996</td>
<td>79.697456, 27.467512, 47.854687, 23.279884</td>
<td>686, 12, 5</td>
</tr>
<tr>
<td>cfYxQr yamvV</td>
<td>448965390</td>
<td>202658678</td>
<td>99.189148, 36.794014, 95.086670, 44.068645</td>
<td>808, 9, 29</td>
</tr>
<tr>
<td>ea FJ</td>
<td>473704004</td>
<td>788032448</td>
<td>26.701563, 50.765041, 7.292200, 5.413924</td>
<td>284, 5, 15</td>
</tr>
<tr>
<td>QPA JitsTRHs</td>
<td>390166718</td>
<td>210550643</td>
<td>14.666512, 29.350063, 51.227070, 59.205093</td>
<td>1111, 11, 21</td>
</tr>
<tr>
<td>N EtQmXvfZ</td>
<td>344491575</td>
<td>728614095</td>
<td>50.094624, 26.328333, 35.399769, 48.144432</td>
<td>1581, 10, 21</td>
</tr>
<tr>
<td>MvNW FKimcLJz</td>
<td>137845050</td>
<td>157075391</td>
<td>88.700531, 50.106274, 70.238152, 97.787422</td>
<td>1284, 1, 21</td>
</tr>
<tr>
<td>g BJeErzw</td>
<td>25499923</td>
<td>824023731</td>
<td>47.890762, 26.190048, 25.977243, 39.848015</td>
<td>574, 9, 18</td>
</tr>
<tr>
<td>o VWG</td>
<td>198938277</td>
<td>495451424</td>
<td>44.490059, 83.233109, 70.031334, 76.943329</td>
<td>1926, 12, 26</td>
</tr>
<tr>
<td>gtANDn KTH</td>
<td>37289051</td>
<td>302878027</td>
<td>46.653202, 23.620218, 20.281431, 78.003555</td>
<td>33, 8, 6</td>
</tr>
<tr>
<td>cvvBAme ss</td>
<td>202114979</td>
<td>698812300</td>
<td>8.674212, 86.010170, 5.807620, 36.694958</td>
<td>282, 6, 25</td>
</tr>
<tr>
<td>Y u</td>
<td>197372872</td>
<td>317483064</td>
<td>8.286300, 72.004448, 82.271751, 48.129070</td>
<td>495, 5, 28</td>
</tr>
<tr>
<td>TesF Mk</td>
<td>109226096</td>
<td>934382078</td>
<td>36.118294, 98.708534, 87.200821, 68.321838</td>
<td>963, 12, 7</td>
</tr>
<tr>
<td>sGP EBXWXmzr</td>
<td>233300151</td>
<td>763762440</td>
<td>5.918714, 89.030495, 8.023252, 67.673431</td>
<td>1757, 5, 17</td>
</tr>
<tr>
<td>WPnYHyBb VapYnj</td>
<td>396886148</td>
<td>085329379</td>
<td>97.556885, 40.710815, 33.396667, 48.390354</td>
<td>1817, 8, 13</td>
</tr>
<tr>
<td>BZ VCq</td>
<td>264206126</td>
<td>466376034</td>
<td>30.312403, 72.999542, 9.889108, 9.330756</td>
<td>1155, 7, 9</td>
</tr>
<tr>
<td>xCX PG</td>
<td>339682598</td>
<td>853571889</td>
<td>18.440226, 28.849995, 36.445190, 53.000870</td>
<td>236, 5, 7</td>
</tr>
<tr>
<td>cd effR</td>
<td>118410429</td>
<td>914167923</td>
<td>90.912079, 16.152575, 7.802707, 40.046017</td>
<td>541, 12, 7</td>
</tr>
<tr>
<td>t UCMYenzm</td>
<td>35780986</td>
<td>092953980</td>
<td>10.452262, 88.923721, 99.016296, 25.666403</td>
<td>1644, 12, 21</td>
</tr>
<tr>
<td>AguwEo GxcZE</td>
<td>420160123</td>
<td>365748934</td>
<td>60.852615, 46.234547, 28.595669, 20.459187</td>
<td>1915, 4, 1</td>
</tr>
<tr>
<td>W uKJ</td>
<td>188970190</td>
<td>312475332</td>
<td>72.296722, 44.548031, 39.464104, 55.482708</td>
<td>1313, 3, 25</td>
</tr>
<tr>
<td>kpSzHPP boKvcKWS</td>
<td>499577034</td>
<td>720090880</td>
<td>54.232063, 61.344604, 74.139648, 24.165922</td>
<td>1025, 7, 12</td>
</tr>
<tr>
<td>QpsWDJ Jm</td>
<td>17571323</td>
<td>562188693</td>
<td>93.272522, 18.073269, 14.975892, 83.897850</td>
<td>1241, 3, 24</td>
</tr>
<tr>
<td>vvKDXVN Ta</td>
<td>143339144</td>
<td>669738376</td>
<td>49.332088, 46.570675, 92.058868, 26.599712</td>
<td>19, 8, 12</td>
</tr>
<tr>
<td>TkyrU dH</td>
<td>366635553</td>
<td>598327741</td>
<td>92.385658, 1.021225, 73.741394, 65.445076</td>
<td>1349, 10, 26</td>
</tr>
<tr>
<td>ZBP AHfy</td>
<td>79364093</td>
<td>538935225</td>
<td>93.075554, 68.603806, 4.963602, 12.095493</td>
<td>1250, 2, 6</td>
</tr>
<tr>
<td>C vgyjCzc</td>
<td>306169871</td>
<td>692118469</td>
<td>64.870689, 12.712152, 30.913055, 33.130817</td>
<td>1614, 8, 10</td>
</tr>
<tr>
<td>wh xhGxdnRE</td>
<td>88613115</td>
<td>584026491</td>
<td>70.762283, 85.078285, 69.360069, 74.483780</td>
<td>324, 8, 17</td>
</tr>
<tr>
<td>rcxeaXxr UWiP</td>
<td>158763492</td>
<td>412637504</td>
<td>93.737503, 75.562241, 48.090916, 19.496025</td>
<td>1606, 10, 16</td>
</tr>
<tr>
<td>dJ WgN</td>
<td>380495231</td>
<td>124408382</td>
<td>72.848358, 96.685913, 23.623627, 76.255653</td>
<td>926, 5, 29</td>
</tr>
<tr>
<td>mGjsqFDH Y</td>
<td>482019058</td>
<td>150621191</td>
<td>52.587376, 39.818478, 35.058788, 62.357655</td>
<td>510, 12, 23</td>
</tr>
<tr>
<td>NNgYPn UKR</td>
<td>194169464</td>
<td>708490518</td>
<td>46.559010, 17.713757, 69.577614, 36.944084</td>
<td>351, 8, 6</td>
</tr>
<tr>
<td>jrYWf bJWwkC</td>
<td>38381116</td>
<td>474356041</td>
<td>59.880451, 99.521538, 51.313320, 48.732365</td>
<td>725, 2, 24</td>
</tr>
<tr>
<td>DVymNL tdrAbEzp</td>
<td>7464893</td>
<td>899928516</td>
<td>0.411626, 55.305187, 27.041849, 23.999294</td>
<td>652, 7, 24</td>
</tr>
<tr>
<td>j VpynF</td>
<td>302584289</td>
<td>854749531</td>
<td>92.689323, 94.918312, 6.370669, 64.235275</td>
<td>372, 1, 28</td>
</tr>
<tr>
<td>Uwfo MvUypj</td>
<td>425167931</td>
<td>666173149</td>
<td>54.179268, 95.451576, 95.938766, 3.610266</td>
<td>735, 9, 24</td>
</tr>
<tr>
<td>grwNGAW LnHfy</td>
<td>145567648</td>
<td>220420058</td>
<td>87.888435, 66.910446, 63.982983, 38.790253</td>
<td>478, 10, 3</td>
</tr>
<tr>
<td>dhkCrs fgVaVyby</td>
<td>65142245</td>
<td>806116677</td>
<td>49.050926, 39.938229, 11.979957, 8.532151</td>
<td>1791, 3, 27</td>
</tr>
<tr>
<td>BEMPcXw B</td>
<td>205551564</td>
<td>115204051</td>
<td>59.783585, 16.502863, 6.337205, 26.636240</td>
<td>1204, 12, 9</td>
</tr>
<tr>
<td>hF jgZujVG</td>
<td>98349391</td>
<td>012121644</td>
<td>74.630768, 96.177383, 57.437607, 19.463818</td>
<td>1419, 12, 5</td>
</tr>
<tr>
<td>U gfnr</td>
<td>103815872</td>
<td>189731564</td>
<td>39.463367, 59.583183, 16.408569, 68.332069</td>
<td>385, 1, 7</td>
</tr>
<tr>
<td>iU RxcRf</td>
<td>463975923</td>
<td>394816325</td>
<td>24.931906, 87.866852, 5.021621, 57.223232</td>
<td>959, 7, 3</td>
</tr>
<tr>
<td>Nte HPcnznC</td>
<td>282039166</td>
<td>469985347</td>
<td>15.253473, 77.071159, 6.506513, 82.794502</td>
<td>1217, 9, 20</td>
</tr>
<tr>
<td>Z eBSNtC</td>
<td>484736396</td>
<td>622375575</td>
<td>18.170925, 66.415321, 46.896042, 57.967422</td>
<td>924, 8, 9</td>
</tr>
<tr>
<td>pJ dmUnG</td>
<td>145064407</td>
<td>443085924</td>
<td>59.531834, 16.301207, 95.446014, 98.665192</td>
<td>1702, 6, 11</td>
</tr>
<tr>
<td>iuanaSW WAL</td>
<td>371586993</td>
<td>542801763</td>
<td>36.102474, 70.577805, 51.587654, 68.257317</td>
<td>1363, 2, 16</td>
</tr>
<tr>
<td>NVHaoNJC EX</td>
<td>370568177</td>
<td>005136492</td>
<td>3.297301, 85.074425, 33.138210, 80.283249</td>
<td>1948, 11, 28</td>
</tr>
<tr>
<td>j p</td>
<td>138002556</td>
<td>260005150</td>
<td>40.986866, 85.370155, 59.737045, 33.793636</td>
<td>1749, 2, 10</td>
</tr>
<tr>
<td>f FxoT</td>
<td>187242712</td>
<td>239586915</td>
<td>82.700912, 12.228128, 70.983917, 46.503582</td>
<td>548, 12, 10</td>
</tr>
<tr>
<td>RxmCn X</td>
<td>83798073</td>
<td>504011180</td>
<td>52.640610, 46.372177, 61.121151, 55.359379</td>
<td>1038, 4, 12</td>
</tr>
<tr>
<td>ZbWFZBqp Abe</td>
<td>211730843</td>
<td>117965585</td>
<td>25.716038, 18.708843, 68.976486, 83.432747</td>
<td>1843, 7, 8</td>
</tr>
<tr>
<td>Gnvh UxiPq</td>
<td>165756778</td>
<td>013448121</td>
<td>73.535378, 92.271088, 88.698135, 17.877377</td>
<td>1851, 11, 31</td>
</tr>
<tr>
<td>Jpaw AU</td>
<td>16937406</td>
<td>500947610</td>
<td>56.578655, 88.712456, 49.834843, 77.535423</td>
<td>506, 11, 24</td>
</tr>
<tr>
<td>RK URjTuDj</td>
<td>116275569</td>
<td>394479834</td>
<td>36.142193, 34.047672, 95.402596, 7.569655</td>
<td>1945, 4, 24</td>
</tr>
<tr>
<td>of efPTPrG</td>
<td>36367286</td>
<td>171076784</td>
<td>5.148974, 33.011963, 83.485268, 0.926381</td>
<td>732, 3, 19</td>
</tr>
<tr>
<td>rGwS s</td>
<td>151094385</td>
<td>482118644</td>
<td>57.442101, 94.805077, 79.201775, 42.253113</td>
<td>2005, 8, 29</td>
</tr>
<tr>
<td>smi giYVxaNL</td>
<td>463130091</td>
<td>900083514</td>
<td>69.477951, 26.383995, 47.727123, 79.581993</td>
<td>791, 2, 27</td>
</tr>
<tr>
<td>yLhfNf XarfMws</td>
<td>485915429</td>
<td>305904919</td>
<td>1.496253, 15.281996, 76.913261, 2.210193</td>
<td>1511, 8, 23</td>
</tr>
<tr>
<td>dAHZUSa Xas</td>
<td>110564876</td>
<td>867136367</td>
<td>41.580212, 5.834467, 43.719284, 35.450390</td>
<td>1562, 8, 24</td>
</tr>
<tr>
<td>heFshJ yuUo</td>
<td>124506953</td>
<td>551285794</td>
<td>89.778366, 20.069530, 43.175385, 1.519655</td>
<td>430, 9, 3</td>
</tr>
<tr>
<td>p sGRrhHJw</td>
<td>252703571</td>
<td>350626294</td>
<td>35.198288, 54.293015, 96.737305, 61.766106</td>
<td>1140, 9, 18</td>
</tr>
<tr>
<td>aWF dnrg</td>
<td>67795642</td>
<td>169709703</td>
<td>82.383430, 59.590809, 28.910261, 29.815428</td>
<td>1154, 4, 5</td>
</tr>
<tr>
<td>MKMju qGa</td>
<td>385342338</td>
<td>178770660</td>
<td>86.170425, 17.832771, 52.743855, 47.907436</td>
<td>1477, 2, 29</td>
</tr>
<tr>
<td>Wou rqXRTVbi</td>
<td>143242833</td>
<td>323565354</td>
<td>7.808041, 10.861353, 50.877907, 24.113384</td>
<td>1820, 11, 20</td>
</tr>
<tr>
<td>gF ABAYGGc</td>
<td>62200987</td>
<td>763917194</td>
<td>81.148994, 92.187172, 21.975636, 31.420700</td>
<td>206, 12, 15</td>
</tr>
<tr>
<td>eDmjDen Ve</td>
<td>443122696</td>
<td>299156184</td>
<td>48.414669, 16.776218, 88.268402, 33.734047</td>
<td>67, 6, 5</td>
</tr>
<tr>
<td>a FbXhRuP</td>
<td>448782911</td>
<td>390131900</td>
<td>44.223804, 9.979538, 41.442081, 26.805721</td>
<td>1735, 10, 2</td>
</tr>
<tr>
<td>DzCJFVD f</td>
<td>42940411</td>
<td>256037460</td>
<td>40.642738, 60.196632, 51.026451, 21.164984</td>
<td>1115, 9, 24</td>
</tr>
<tr>
<td>LegHam zwrR</td>
<td>243078312</td>
<td>237171339</td>
<td>6.625168, 51.995914, 16.169123, 99.043846</td>
<td>652, 10, 27</td>
</tr>
<tr>
<td>ToCrLn EETN</td>
<td>274313364</td>
<td>526805121</td>
<td>30.983377, 54.983894, 19.159746, 65.776657</td>
<td>1750, 11, 31</td>
</tr>
<tr>
<td>YVXRnrV qDhPPke</td>
<td>471724214</td>
<td>407156590</td>
<td>59.251472, 36.658375, 65.800911, 54.114769</td>
<td>1545, 4, 13</td>
</tr>
<tr>
<td>rR aQCwXkU</td>
<td>480031167</td>
<td>596094485</td>
<td>23.528303, 56.567165, 2.503733, 62.082088</td>
<td>466, 8, 24</td>
</tr>
<tr>
<td>jSQtnW tcUpcfh</td>
<td>467978835</td>
<td>739539521</td>
<td>39.845619, 75.478371, 30.654453, 88.913818</td>
<td>1235, 3, 5</td>
</tr>
<tr>
<td>uuRbWA XJk</td>
<td>174163344</td>
<td>160265798</td>
<td>1.556205, 91.767998, 46.058632, 39.933620</td>
<td>1218, 1, 27</td>
</tr>
<tr>
<td>CvsyDwj DhsTH</td>
<td>105373103</td>
<td>647743177</td>
<td>64.643471, 1.764630, 9.574291, 83.820061</td>
<td>752, 12, 23</td>
</tr>
<tr>
<td>LbD Lr</td>
<td>68566768</td>
<td>742559271</td>
<td>1.199252, 78.648285, 81.345901, 0.182864</td>
<td>1504, 2, 16</td>
</tr>
<tr>
<td>ematiSn zape</td>
<td>386770566</td>
<td>965257681</td>
<td>46.108227, 72.984352, 49.292202, 43.034004</td>
<td>923, 12, 26</td>
</tr>
<tr>
<td>EJDRFFM a</td>
<td>447923724</td>
<td>451328921</td>
<td>22.043329, 31.627487, 6.036437, 97.422508</td>
<td>877, 4, 7</td>
</tr>
<tr>
<td>YhbPY qpjooR</td>
<td>375406699</td>
<td>276238918</td>
<td>91.833801, 98.338524, 7.472564, 22.741182</td>
<td>1773, 2, 5</td>
</tr>
<tr>
<td>CQYhfPhN APfb</td>
<td>435592821</td>
<td>107876736</td>
<td>0.787209, 38.857487, 95.159317, 62.089321</td>
<td>1663, 7, 3</td>
</tr>
<tr>
<td>z Nb</td>
<td>303953112</td>
<td>004289252</td>
<td>90.879326, 99.937271, 67.739639, 87.797325</td>
<td>1732, 11, 6</td>
</tr>
<tr>
<td>ugpvD dYY</td>
<td>424728157</td>
<td>508635886</td>
<td>11.537832, 88.655838, 37.555965, 44.555740</td>
<td>183, 5, 12</td>
</tr>
<tr>
<td>DK HRHuE</td>
<td>146915160</td>
<td>871448660</td>
<td>82.374535, 23.600071, 14.250465, 6.863433</td>
<td>846, 5, 1</td>
</tr>
<tr>
<td>ZgFDu k</td>
<td>384563093</td>
<td>272998085</td>
<td>34.686539, 92.507271, 51.991924, 68.343773</td>
<td>1162, 11, 7</td>
</tr>
<tr>
<td>qU ZiA</td>
<td>486301766</td>
<td>446906235</td>
<td>23.507994, 5.385936, 67.731392, 76.013618</td>
<td>1709, 2, 13</td>
</tr>
<tr>
<td>DTrCtE izmR</td>
<td>149887243</td>
<td>956890297</td>
<td>37.625515, 68.615280, 31.163235, 72.984207</td>
<td>85, 3, 5</td>
</tr>
<tr>
<td>ZvcCt MC</td>
<td>395630716</td>
<td>941491534</td>
<td>10.850879, 78.582283, 23.839701, 94.489410</td>
<td>256, 4, 21</td>
</tr>
<tr>
<td>RZfGvY zBqB</td>
<td>232358347</td>
<td>426150083</td>
<td>34.919189, 70.913544, 35.289742, 34.794033</td>
<td>1907, 7, 24</td>
</tr>
<tr>
<td>vBnqXmU mf</td>
<td>368919192</td>
<td>536324627</td>
<td>26.528099, 82.539368, 90.279350, 41.921204</td>
<td>1526, 8, 17</td>
</tr>
<tr>
<td>KKD NqNHsAA</td>
<td>38067460</td>
<td>184687776</td>
<td>64.124367, 63.880608, 48.301239, 30.956757</td>
<td>774, 1, 14</td>
</tr>
<tr>
<td>BqFjg qvPmKiY</td>
<td>349127806</td>
<td>828394266</td>
<td>68.134514, 60.543079, 59.272427, 55.736217</td>
<td>345, 1, 20</td>
</tr>
<tr>
<td>wQTiJvm PxaQouNA</td>
<td>47014472</td>
<td>225866178</td>
<td>13.782064, 74.154884, 63.991146, 24.464563</td>
<td>316, 11, 4</td>
</tr>
<tr>
<td>T AHXc</td>
<td>116323780</td>
<td>504017708</td>
<td>6.361263, 41.268120, 99.776398, 98.004707</td>
<td>655, 2, 4</td>
</tr>
<tr>
<td>nsyjWyL U</td>
<td>4162959</td>
<td>723115772</td>
<td>71.432831, 88.414314, 78.185463, 74.155991</td>
<td>1108, 11, 10</td>
</tr>
<tr>
<td>MASt cuWk</td>
<td>167367413</td>
<td>169915153</td>
<td>69.453056, 25.939117, 25.778093, 20.869499</td>
<td>1804, 8, 22</td>
</tr>
<tr>
<td>wnJND Pi</td>
<td>107201868</td>
<td>178055274</td>
<td>69.391777, 40.253471, 96.084587, 1.722042</td>
<td>1482, 12, 19</td>
</tr>
<tr>
<td>QXaSj zj</td>
<td>483040091</td>
<td>445439543</td>
<td>26.519079, 10.779298, 65.530685, 49.309990</td>
<td>1544, 4, 26</td>
</tr>
<tr>
<td>L jWmUR</td>
<td>419869684</td>
<td>274317021</td>
<td>73.528427, 8.977566, 37.450253, 10.067602</td>
<td>444, 6, 29</td>
</tr>
<tr>
<td>dd hxGeLvkN</td>
<td>483629604</td>
<td>938282699</td>
<td>32.615067, 21.162991, 70.472710, 32.993469</td>
<td>1419, 12, 1</td>
</tr>
<tr>
<td>BVE KxmwSDu</td>
<td>427216842</td>
<td>630163405</td>
<td>31.038630, 11.086731, 91.078789, 84.839684</td>
<td>534, 1, 14</td>
</tr>
<tr>
<td>m ADjmy</td>
<td>158241567</td>
<td>093982381</td>
<td>74.467720, 91.050407, 80.254158, 42.048126</td>
<td>591, 10, 11</td>
</tr>
<tr>
<td>x LcfMjbfc</td>
<td>209936004</td>
<td>636039028</td>
<td>47.464264, 78.470497, 43.793140, 8.278221</td>
<td>1102, 5, 8</td>
</tr>
<tr>
<td>Fr s</td>
<td>350326858</td>
<td>485054902</td>
<td>92.265831, 41.992630, 90.546486, 27.393471</td>
<td>324, 3, 11</td>
</tr>
<tr>
<td>Vaxxqiy j</td>
<td>480250079</td>
<td>001732939</td>
<td>83.867119, 99.108986, 68.228455, 62.235142</td>
<td>1667, 2, 6</td>
</tr>
<tr>
<td>mmLK BVgMfuRZ</td>
<td>356559331</td>
<td>270541829</td>
<td>50.608349, 27.953455, 13.879312, 51.862995</td>
<td>842, 7, 26</td>
</tr>
<tr>
<td>SxhYBPE CtXJwcJa</td>
<td>216956819</td>
<td>048429095</td>
<td>36.474274, 13.740152, 43.253159, 57.969395</td>
<td>1362, 12, 23</td>
</tr>
<tr>
<td>gGhadd HapFSD</td>
<td>488835375</td>
<td>144394975</td>
<td>34.506493, 28.833384, 35.127728, 41.072872</td>
<td>241, 4, 22</td>
</tr>
<tr>
<td>Fq UozcNqg</td>
<td>346354487</td>
<td>208940386</td>
<td>21.216867, 37.571461, 35.523071, 77.894760</td>
<td>248, 12, 20</td>
</tr>
<tr>
<td>J FRNzeakD</td>
<td>410363916</td>
<td>044096552</td>
<td>18.356529, 99.420471, 55.012165, 26.614021</td>
<td>1107, 1, 13</td>
</tr>
<tr>
<td>D hedGU</td>
<td>80706229</td>
<td>659380628</td>
<td>1.601436, 68.229240, 13.332354, 36.702385</td>
<td>107, 9, 6</td>
</tr>
<tr>
<td>Ycj DGt</td>
<td>116340431</td>
<td>120428338</td>
<td>77.935768, 41.800018, 0.225934, 23.080082</td>
<td>738, 4, 31</td>
</tr>
<tr>
<td>xCc SMPw</td>
<td>389300461</td>
<td>419675035</td>
<td>21.866449, 61.729469, 0.330355, 83.662971</td>
<td>299, 7, 27</td>
</tr>
<tr>
<td>YDj BJxkJ</td>
<td>292093697</td>
<td>778876576</td>
<td>18.572884, 39.029903, 36.222740, 77.524437</td>
<td>1354, 7, 17</td>
</tr>
<tr>
<td>johWuUh rUrH</td>
<td>379913575</td>
<td>398765863</td>
<td>75.187485, 97.118324, 4.910245, 20.413963</td>
<td>1232, 1, 15</td>
</tr>
<tr>
<td>LF yoh</td>
<td>213537080</td>
<td>265349897</td>
<td>70.240341, 69.198349, 22.180428, 27.862122</td>
<td>648, 2, 10</td>
</tr>
<tr>
<td>sXvo pk</td>
<td>363118594</td>
<td>634336994</td>
<td>73.362732, 14.983006, 23.684364, 32.076042</td>
<td>1446, 2, 18</td>
</tr>
<tr>
<td>egWVbzWN VW</td>
<td>345717569</td>
<td>352263438</td>
<td>42.871986, 36.740246, 34.054234, 32.895027</td>
<td>137, 6, 2</td>
</tr>
<tr>
<td>gNPboQrV q</td>
<td>471842099</td>
<td>419032704</td>
<td>8.503288, 14.362913, 57.435261, 55.645931</td>
<td>564, 8, 8</td>
</tr>
<tr>
<td>oRQqX aBeK</td>
<td>250303612</td>
<td>898113506</td>
<td>20.296078, 48.433926, 37.613613, 18.357639</td>
<td>1989, 4, 12</td>
</tr>
<tr>
<td>nXfSMdzH JMADV</td>
<td>223232391</td>
<td>944742254</td>
<td>40.217461, 35.105282, 21.570457, 33.008297</td>
<td>1705, 9, 27</td>
</tr>
<tr>
<td>KUPZ fKZDG</td>
<td>316079316</td>
<td>950686963</td>
<td>5.572174, 26.937571, 87.896790, 89.644714</td>
<td>106, 10, 19</td>
</tr>
<tr>
<td>h DYEY</td>
<td>59439113</td>
<td>176149028</td>
<td>25.870092, 26.072792, 10.607978, 77.505707</td>
<td>1102, 6, 30</td>
</tr>
<tr>
<td>Bfq NxtP</td>
<td>3167831</td>
<td>156227977</td>
<td>16.447451, 88.333939, 71.822296, 88.490768</td>
<td>1384, 5, 14</td>
</tr>
<tr>
<td>TbiFymS NnZcPQA</td>
<td>86444807</td>
<td>576412651</td>
<td>43.551060, 42.839153, 10.710586, 69.417000</td>
<td>1842, 6, 12</td>
</tr>
<tr>
<td>pY uYQoJqih</td>
<td>24295565</td>
<td>279700078</td>
<td>46.127121, 86.862457, 93.439911, 41.399658</td>
<td>1211, 10, 28</td>
</tr>
</tbody>
</table>
