<table border="1">
<tbody>
<tr>
<td>QvM nFc</td>
<td>231823211</td>
<td>086184137</td>
<td>44.278522, 77.155243, 97.897591, 43.635319</td>
<td>1135, 12, 25</td>
</tr>
<tr>
<td>Xyhp ihSwcgup</td>
<td>59922210</td>
<td>081048192</td>
<td>45.207947, 10.485974, 9.003504, 63.978210</td>
<td>1618, 12, 30</td>
</tr>
<tr>
<td>J hHRrksK</td>
<td>103719027</td>
<td>614735748</td>
<td>99.439484, 67.602882, 5.312985, 94.317589</td>
<td>516, 10, 7</td>
</tr>
<tr>
<td>JCoR K</td>
<td>228067238</td>
<td>954032957</td>
<td>87.928154, 63.825619, 97.526512, 69.897675</td>
<td>1692, 7, 31</td>
</tr>
<tr>
<td>kWotfNMd xUptpiX</td>
<td>406940727</td>
<td>701872984</td>
<td>16.743818, 45.697525, 39.428051, 33.915825</td>
<td>990, 3, 28</td>
</tr>
<tr>
<td>cSnin BFHJ</td>
<td>461175892</td>
<td>970768783</td>
<td>14.414085, 62.000515, 91.115547, 45.464333</td>
<td>1649, 6, 5</td>
</tr>
<tr>
<td>v VsSmhY</td>
<td>44188694</td>
<td>523620897</td>
<td>95.688126, 81.457558, 66.224609, 60.138668</td>
<td>357, 1, 29</td>
</tr>
<tr>
<td>phieAjx h</td>
<td>37214229</td>
<td>836386594</td>
<td>48.907028, 70.753006, 1.021333, 63.907303</td>
<td>1973, 1, 9</td>
</tr>
<tr>
<td>MBXynXg iarg</td>
<td>448519825</td>
<td>066654726</td>
<td>28.193462, 89.203079, 75.207283, 19.266119</td>
<td>1410, 3, 18</td>
</tr>
<tr>
<td>sjCEZLSz CJ</td>
<td>121075376</td>
<td>544895078</td>
<td>56.937824, 27.785482, 7.968982, 18.987703</td>
<td>553, 8, 11</td>
</tr>
<tr>
<td>qaFcj JpAup</td>
<td>101934485</td>
<td>515688738</td>
<td>35.087795, 73.262589, 76.027542, 32.103844</td>
<td>1401, 2, 17</td>
</tr>
<tr>
<td>qPBYyEjq bHmvGcs</td>
<td>202753128</td>
<td>526757099</td>
<td>38.340572, 29.549751, 12.005523, 42.620850</td>
<td>1586, 10, 30</td>
</tr>
<tr>
<td>Tj AWnKCc</td>
<td>487754668</td>
<td>816919962</td>
<td>6.850328, 95.816521, 89.416954, 84.807045</td>
<td>731, 3, 23</td>
</tr>
<tr>
<td>Sj qwu</td>
<td>433309455</td>
<td>881800661</td>
<td>16.098516, 45.467781, 47.774467, 49.875675</td>
<td>199, 10, 21</td>
</tr>
<tr>
<td>b YJzvDQfv</td>
<td>273872312</td>
<td>951236645</td>
<td>28.848272, 96.014160, 70.263039, 54.052147</td>
<td>701, 11, 22</td>
</tr>
<tr>
<td>GfYvTu fJ</td>
<td>356706575</td>
<td>567823634</td>
<td>28.990278, 88.955467, 61.057709, 29.943956</td>
<td>1400, 3, 2</td>
</tr>
<tr>
<td>uxns QH</td>
<td>476651295</td>
<td>915322943</td>
<td>50.641319, 29.544737, 45.990925, 59.103123</td>
<td>1236, 5, 17</td>
</tr>
<tr>
<td>XFMapqsk zUMFq</td>
<td>303427681</td>
<td>788372746</td>
<td>12.701529, 52.884201, 93.272621, 50.541260</td>
<td>1109, 2, 25</td>
</tr>
<tr>
<td>ZnkSL VcSuGUP</td>
<td>436896946</td>
<td>342661338</td>
<td>59.614002, 7.838782, 90.682068, 30.631697</td>
<td>1930, 7, 10</td>
</tr>
<tr>
<td>b KuqVLnP</td>
<td>328489494</td>
<td>099747563</td>
<td>83.779060, 65.180260, 78.709732, 3.653024</td>
<td>473, 10, 26</td>
</tr>
<tr>
<td>f qzmUTof</td>
<td>10866941</td>
<td>539931748</td>
<td>96.897285, 37.474594, 71.511307, 70.437630</td>
<td>430, 12, 4</td>
</tr>
<tr>
<td>sKpbhM PhAFAZh</td>
<td>263796092</td>
<td>975525297</td>
<td>40.274567, 3.520626, 83.299118, 27.736290</td>
<td>1677, 10, 23</td>
</tr>
<tr>
<td>R xNkkzGXR</td>
<td>66809564</td>
<td>670340526</td>
<td>72.670593, 70.957436, 25.331030, 59.053116</td>
<td>1829, 9, 9</td>
</tr>
<tr>
<td>iNUNRd uZiJpfvE</td>
<td>144222225</td>
<td>898556143</td>
<td>77.101501, 98.593193, 37.884697, 32.344254</td>
<td>352, 7, 5</td>
</tr>
<tr>
<td>YZmapiek JtmGdx</td>
<td>31106321</td>
<td>688456521</td>
<td>65.890602, 32.171749, 0.855393, 6.728252</td>
<td>1249, 9, 25</td>
</tr>
<tr>
<td>oXdcewm xYs</td>
<td>202109516</td>
<td>015307327</td>
<td>96.459900, 57.296448, 8.067639, 68.687637</td>
<td>1543, 7, 31</td>
</tr>
<tr>
<td>nHPk Dwtgu</td>
<td>26887513</td>
<td>463690514</td>
<td>37.313038, 7.206490, 95.262329, 31.211531</td>
<td>978, 9, 31</td>
</tr>
<tr>
<td>hzMr j</td>
<td>420308549</td>
<td>503280652</td>
<td>82.927948, 2.959731, 58.763863, 80.813026</td>
<td>1646, 10, 14</td>
</tr>
<tr>
<td>sZRbv KdEY</td>
<td>363686569</td>
<td>844827640</td>
<td>0.810698, 8.953789, 24.227858, 35.314774</td>
<td>118, 5, 5</td>
</tr>
<tr>
<td>QKDdwi s</td>
<td>378109043</td>
<td>211883516</td>
<td>29.388338, 68.660423, 13.646501, 51.498360</td>
<td>665, 6, 22</td>
</tr>
<tr>
<td>Ba VzmZV</td>
<td>315665981</td>
<td>618702393</td>
<td>77.124847, 66.108688, 53.952412, 4.871483</td>
<td>267, 5, 26</td>
</tr>
<tr>
<td>pmhK cxMDGV</td>
<td>244574326</td>
<td>998087987</td>
<td>50.956497, 76.394440, 57.359936, 8.002665</td>
<td>1676, 6, 7</td>
</tr>
<tr>
<td>JyJFnM vRgL</td>
<td>211692865</td>
<td>661993284</td>
<td>75.499168, 89.069023, 51.877769, 29.761377</td>
<td>563, 2, 24</td>
</tr>
<tr>
<td>DPoTzfoJ jTZQ</td>
<td>488888828</td>
<td>942108863</td>
<td>58.097122, 29.639418, 53.379677, 83.640663</td>
<td>251, 8, 30</td>
</tr>
<tr>
<td>yMcdgr MynsEu</td>
<td>141141847</td>
<td>711530603</td>
<td>11.309369, 33.743023, 33.920181, 39.291817</td>
<td>1166, 8, 3</td>
</tr>
<tr>
<td>zD iXRr</td>
<td>495938549</td>
<td>610792070</td>
<td>83.785896, 98.981918, 19.897293, 8.431095</td>
<td>726, 4, 12</td>
</tr>
<tr>
<td>cjFJbABw LJSj</td>
<td>247244234</td>
<td>825100551</td>
<td>80.158096, 28.171820, 7.878297, 27.841993</td>
<td>1318, 2, 19</td>
</tr>
<tr>
<td>t Wwqc</td>
<td>452914958</td>
<td>611261104</td>
<td>61.097321, 7.294765, 90.855644, 40.709446</td>
<td>169, 3, 28</td>
</tr>
<tr>
<td>evschy kgNqp</td>
<td>74425189</td>
<td>889659773</td>
<td>12.118430, 66.114555, 21.447197, 62.416134</td>
<td>1647, 5, 16</td>
</tr>
<tr>
<td>KxnCy sB</td>
<td>94650295</td>
<td>594853728</td>
<td>76.825264, 0.876058, 30.841827, 50.552128</td>
<td>1216, 3, 26</td>
</tr>
<tr>
<td>bJ F</td>
<td>64337321</td>
<td>645743239</td>
<td>59.334091, 44.364819, 52.605873, 51.927879</td>
<td>1525, 7, 23</td>
</tr>
<tr>
<td>pRq bAsDXm</td>
<td>436622233</td>
<td>196158390</td>
<td>43.967995, 84.588394, 53.176620, 7.920663</td>
<td>725, 10, 1</td>
</tr>
<tr>
<td>tM M</td>
<td>424102666</td>
<td>527136258</td>
<td>78.522209, 84.607948, 19.879269, 82.475006</td>
<td>1000, 12, 6</td>
</tr>
<tr>
<td>yqM DihHgCb</td>
<td>338823436</td>
<td>368239434</td>
<td>17.613951, 9.918824, 40.720306, 86.122337</td>
<td>489, 12, 4</td>
</tr>
<tr>
<td>R Eckd</td>
<td>271517919</td>
<td>516840638</td>
<td>60.480919, 50.021923, 87.557739, 75.311996</td>
<td>223, 9, 3</td>
</tr>
<tr>
<td>Cgq xz</td>
<td>476872564</td>
<td>792541265</td>
<td>65.240166, 33.029476, 79.538055, 18.161077</td>
<td>1508, 10, 9</td>
</tr>
<tr>
<td>qTXPMq ScHy</td>
<td>237092762</td>
<td>626499703</td>
<td>78.344070, 98.207428, 15.184063, 82.918007</td>
<td>1811, 11, 23</td>
</tr>
<tr>
<td>M PPqj</td>
<td>261369971</td>
<td>106720753</td>
<td>39.350780, 33.690636, 64.954437, 73.809532</td>
<td>1074, 12, 6</td>
</tr>
</tbody>
</table>
