<table border="1">
<tbody>
<tr>
<td>SYzg TWXqt</td>
<td>415450643</td>
<td>801862134</td>
<td>54.834061, 59.255306, 76.424561, 64.907593</td>
<td>1283, 2, 14</td>
</tr>
<tr>
<td>MEN s</td>
<td>218662958</td>
<td>337934759</td>
<td>11.794459, 72.956490, 36.387672, 8.093620</td>
<td>1609, 2, 18</td>
</tr>
<tr>
<td>osCkbyF TC</td>
<td>379804924</td>
<td>561820686</td>
<td>21.609173, 81.749069, 88.809616, 16.725109</td>
<td>1091, 7, 29</td>
</tr>
<tr>
<td>HChimAFo mZYMEx</td>
<td>164763625</td>
<td>361741490</td>
<td>6.225428, 18.176783, 58.599865, 36.132999</td>
<td>1533, 3, 11</td>
</tr>
<tr>
<td>xwDoCWV puFpYJDq</td>
<td>311322594</td>
<td>730580894</td>
<td>5.485505, 35.592434, 20.544071, 36.626171</td>
<td>127, 5, 21</td>
</tr>
<tr>
<td>TGG pq</td>
<td>319954498</td>
<td>106341959</td>
<td>46.424263, 14.294324, 1.173681, 28.458889</td>
<td>386, 7, 23</td>
</tr>
<tr>
<td>ufeGLvQ uwuhkFfz</td>
<td>449276710</td>
<td>339804673</td>
<td>72.996185, 64.484367, 73.291130, 4.270129</td>
<td>868, 3, 29</td>
</tr>
<tr>
<td>YMU b</td>
<td>165630336</td>
<td>265933984</td>
<td>44.982384, 24.702818, 8.870583, 64.040916</td>
<td>1524, 3, 16</td>
</tr>
<tr>
<td>iQiBdbi Sv</td>
<td>470625153</td>
<td>691748088</td>
<td>45.079037, 67.735985, 85.622192, 89.135849</td>
<td>1573, 5, 2</td>
</tr>
<tr>
<td>HvnytT etuBCUq</td>
<td>91007953</td>
<td>453781621</td>
<td>3.915710, 85.613129, 68.032906, 95.991287</td>
<td>1884, 8, 30</td>
</tr>
<tr>
<td>c Rk</td>
<td>411849364</td>
<td>775618149</td>
<td>83.182503, 53.448612, 44.784103, 36.408840</td>
<td>579, 5, 14</td>
</tr>
<tr>
<td>pTas bcGFAAcE</td>
<td>398428448</td>
<td>250065657</td>
<td>80.451843, 57.433620, 11.988895, 75.350388</td>
<td>501, 4, 21</td>
</tr>
<tr>
<td>RtJyM ZtcE</td>
<td>362392813</td>
<td>494022730</td>
<td>85.351425, 41.709969, 36.107292, 50.269985</td>
<td>1617, 11, 2</td>
</tr>
<tr>
<td>aFAGZ DoMQ</td>
<td>416394974</td>
<td>341369721</td>
<td>73.598488, 79.718102, 27.416363, 0.765845</td>
<td>538, 7, 11</td>
</tr>
<tr>
<td>hizXvtW EdkD</td>
<td>53447840</td>
<td>014661294</td>
<td>25.197617, 79.749962, 5.449761, 15.206378</td>
<td>745, 7, 17</td>
</tr>
<tr>
<td>nKvt Q</td>
<td>380881919</td>
<td>875744732</td>
<td>27.394382, 6.727457, 36.110050, 68.421967</td>
<td>1527, 5, 28</td>
</tr>
<tr>
<td>NnNTKXV ceoxxBQp</td>
<td>495478721</td>
<td>249988727</td>
<td>11.970805, 88.399574, 84.340271, 51.651569</td>
<td>936, 10, 20</td>
</tr>
<tr>
<td>DZbJmo zxLuc</td>
<td>198893533</td>
<td>975756415</td>
<td>71.510323, 47.777382, 42.154739, 2.058644</td>
<td>1450, 3, 13</td>
</tr>
<tr>
<td>kRRxWi CCP</td>
<td>418427774</td>
<td>809458077</td>
<td>36.722340, 11.648907, 83.081345, 15.868600</td>
<td>685, 7, 8</td>
</tr>
<tr>
<td>D Bdk</td>
<td>302877032</td>
<td>404518218</td>
<td>32.920868, 34.049446, 58.568848, 79.211525</td>
<td>469, 3, 31</td>
</tr>
<tr>
<td>DJZ SnnTAKj</td>
<td>258524443</td>
<td>119228779</td>
<td>39.486721, 56.281029, 98.109940, 72.858025</td>
<td>1047, 11, 23</td>
</tr>
<tr>
<td>kumgsdbJ kCZRFU</td>
<td>361944720</td>
<td>082246317</td>
<td>72.390572, 32.034512, 8.171344, 89.434837</td>
<td>1065, 8, 16</td>
</tr>
<tr>
<td>SSw WBzJrLah</td>
<td>460530037</td>
<td>705373807</td>
<td>80.293983, 84.757721, 4.054872, 15.658323</td>
<td>1312, 6, 7</td>
</tr>
<tr>
<td>FQQuRb tVnvqHQ</td>
<td>346354435</td>
<td>860345517</td>
<td>47.203465, 26.497129, 43.424839, 2.486244</td>
<td>1213, 3, 18</td>
</tr>
<tr>
<td>JuLH FZgisQBy</td>
<td>25443379</td>
<td>542235266</td>
<td>80.347816, 76.686028, 73.976257, 43.688190</td>
<td>1802, 3, 3</td>
</tr>
<tr>
<td>WF AEAgP</td>
<td>49407335</td>
<td>356550611</td>
<td>34.769802, 29.576866, 47.361649, 60.046776</td>
<td>275, 9, 15</td>
</tr>
<tr>
<td>nvpQm AdFKrA</td>
<td>254440487</td>
<td>023636223</td>
<td>85.440971, 51.126694, 29.383596, 53.908585</td>
<td>1544, 10, 21</td>
</tr>
<tr>
<td>sYDuNAjy fLmgh</td>
<td>294638095</td>
<td>020203058</td>
<td>13.974139, 21.094561, 86.082481, 4.317292</td>
<td>1097, 9, 17</td>
</tr>
<tr>
<td>NJPvXDzf JkAXDVxF</td>
<td>40384922</td>
<td>981631753</td>
<td>21.999746, 32.196568, 34.539829, 57.592319</td>
<td>1352, 2, 6</td>
</tr>
<tr>
<td>cxW exrtnZB</td>
<td>237899375</td>
<td>260963013</td>
<td>93.674690, 52.032688, 0.952747, 2.944849</td>
<td>778, 3, 2</td>
</tr>
<tr>
<td>qQP NyZp</td>
<td>82352272</td>
<td>368482766</td>
<td>69.030701, 35.123219, 65.637955, 33.391109</td>
<td>1385, 6, 30</td>
</tr>
<tr>
<td>CZxQT rMkTwzo</td>
<td>28706677</td>
<td>784975509</td>
<td>29.589018, 38.338543, 66.566353, 33.169384</td>
<td>902, 8, 21</td>
</tr>
<tr>
<td>mFGg DfrUh</td>
<td>57014484</td>
<td>473099482</td>
<td>93.142197, 37.944408, 23.747921, 76.553482</td>
<td>1915, 9, 10</td>
</tr>
<tr>
<td>vqkwz whf</td>
<td>255372255</td>
<td>114119673</td>
<td>18.519348, 6.800986, 4.938299, 22.675880</td>
<td>785, 10, 13</td>
</tr>
<tr>
<td>AwTJjGMi e</td>
<td>41125330</td>
<td>151681321</td>
<td>8.342805, 17.885771, 20.416245, 90.464272</td>
<td>551, 10, 7</td>
</tr>
<tr>
<td>Kc Md</td>
<td>249772324</td>
<td>542170314</td>
<td>81.865532, 55.253483, 7.800561, 75.051208</td>
<td>1400, 10, 2</td>
</tr>
<tr>
<td>EaQL EqRb</td>
<td>111415687</td>
<td>769644913</td>
<td>45.027191, 59.421749, 31.493832, 62.293255</td>
<td>749, 10, 9</td>
</tr>
<tr>
<td>Gu Qjt</td>
<td>497721633</td>
<td>979950138</td>
<td>17.636492, 79.087372, 34.617744, 25.926607</td>
<td>923, 10, 26</td>
</tr>
<tr>
<td>dp dD</td>
<td>296624380</td>
<td>207726491</td>
<td>2.833421, 72.578819, 34.393242, 25.895157</td>
<td>820, 2, 1</td>
</tr>
<tr>
<td>L mnACSEW</td>
<td>119831974</td>
<td>617138704</td>
<td>6.398601, 73.904900, 13.058183, 40.044292</td>
<td>537, 8, 15</td>
</tr>
<tr>
<td>wnzPL eL</td>
<td>52871709</td>
<td>343181304</td>
<td>55.641479, 45.955013, 99.186127, 83.999008</td>
<td>662, 11, 22</td>
</tr>
<tr>
<td>gTyuVP XauYzb</td>
<td>43869492</td>
<td>613227225</td>
<td>56.331989, 77.301468, 30.244732, 1.223782</td>
<td>252, 7, 10</td>
</tr>
<tr>
<td>Akk AoVUTA</td>
<td>32130160</td>
<td>081057789</td>
<td>11.360022, 47.261189, 56.801998, 79.860497</td>
<td>221, 6, 11</td>
</tr>
<tr>
<td>DgVHw VybX</td>
<td>49361344</td>
<td>215599827</td>
<td>52.342918, 80.479401, 57.159061, 21.592121</td>
<td>1952, 10, 8</td>
</tr>
<tr>
<td>NWvpVWA Lrao</td>
<td>182253688</td>
<td>838019911</td>
<td>35.373798, 44.697857, 42.732288, 89.920609</td>
<td>1497, 11, 3</td>
</tr>
<tr>
<td>PyLN F</td>
<td>328358053</td>
<td>707043360</td>
<td>48.797760, 22.697042, 14.562845, 18.567753</td>
<td>276, 7, 4</td>
</tr>
<tr>
<td>e RpCg</td>
<td>197440435</td>
<td>455506643</td>
<td>25.186159, 73.784187, 69.349464, 1.433441</td>
<td>368, 6, 22</td>
</tr>
<tr>
<td>AyXFSmR SvPwS</td>
<td>460900413</td>
<td>986166713</td>
<td>83.774544, 48.166943, 10.815149, 28.941841</td>
<td>1645, 1, 22</td>
</tr>
<tr>
<td>jW YRTepUr</td>
<td>98681334</td>
<td>268376910</td>
<td>64.108521, 69.720291, 70.332420, 84.490379</td>
<td>1031, 4, 24</td>
</tr>
<tr>
<td>qxnMfKm wtaEfG</td>
<td>176323803</td>
<td>914250719</td>
<td>87.380569, 41.494106, 40.876144, 55.675247</td>
<td>1238, 1, 15</td>
</tr>
<tr>
<td>s FJBATm</td>
<td>39015414</td>
<td>242047539</td>
<td>93.623482, 23.400866, 63.854721, 32.487457</td>
<td>1281, 12, 18</td>
</tr>
<tr>
<td>Vboojmy NJk</td>
<td>32304237</td>
<td>960104783</td>
<td>59.745907, 61.325108, 23.037045, 25.389786</td>
<td>1411, 11, 2</td>
</tr>
<tr>
<td>TsF MLWWKhBN</td>
<td>83820711</td>
<td>045677230</td>
<td>57.706879, 14.255146, 52.127285, 75.667061</td>
<td>441, 7, 15</td>
</tr>
<tr>
<td>stWQG G</td>
<td>147446047</td>
<td>627099789</td>
<td>94.913406, 20.602892, 51.277737, 54.749454</td>
<td>1979, 5, 12</td>
</tr>
<tr>
<td>AbbxQAF vEasV</td>
<td>94301060</td>
<td>584156014</td>
<td>52.762196, 72.909447, 64.164001, 40.273487</td>
<td>1445, 8, 30</td>
</tr>
<tr>
<td>cCE ZrL</td>
<td>478463194</td>
<td>609393914</td>
<td>25.107555, 85.970230, 1.779416, 21.976583</td>
<td>105, 7, 3</td>
</tr>
<tr>
<td>eec WLM</td>
<td>178115141</td>
<td>281482082</td>
<td>2.206696, 52.883858, 13.505587, 23.076246</td>
<td>1092, 2, 23</td>
</tr>
<tr>
<td>XJf AL</td>
<td>354248735</td>
<td>800028934</td>
<td>63.179180, 87.647919, 5.597647, 14.476793</td>
<td>1962, 6, 18</td>
</tr>
<tr>
<td>f oxGVz</td>
<td>100747703</td>
<td>928776532</td>
<td>19.016899, 0.200473, 68.600456, 85.785950</td>
<td>1910, 5, 26</td>
</tr>
<tr>
<td>hiuSHvg shsZJiA</td>
<td>487600845</td>
<td>290153619</td>
<td>50.790871, 90.199417, 45.805946, 38.981430</td>
<td>268, 6, 6</td>
</tr>
<tr>
<td>BLwdTpWH iuB</td>
<td>299951456</td>
<td>236953980</td>
<td>16.891390, 42.467815, 87.583710, 82.382057</td>
<td>1525, 10, 13</td>
</tr>
<tr>
<td>g JaQEW</td>
<td>385958086</td>
<td>900429974</td>
<td>7.496038, 28.627256, 7.736828, 60.072296</td>
<td>1707, 8, 16</td>
</tr>
<tr>
<td>gyohV dnyfo</td>
<td>82499754</td>
<td>097405826</td>
<td>68.706985, 48.846607, 68.416817, 49.074440</td>
<td>571, 11, 25</td>
</tr>
<tr>
<td>fLbSzVYb GP</td>
<td>42577463</td>
<td>487293834</td>
<td>1.943845, 27.892353, 44.036175, 34.003006</td>
<td>283, 2, 9</td>
</tr>
<tr>
<td>DfKZxR wu</td>
<td>388744255</td>
<td>226028512</td>
<td>20.567533, 17.973093, 26.524048, 41.447903</td>
<td>336, 10, 28</td>
</tr>
<tr>
<td>iFP diYRN</td>
<td>129794149</td>
<td>362510080</td>
<td>30.163904, 7.025980, 12.431646, 15.205174</td>
<td>1993, 2, 9</td>
</tr>
<tr>
<td>e Kxt</td>
<td>275521225</td>
<td>023487770</td>
<td>48.647926, 78.469582, 15.379405, 71.503922</td>
<td>1948, 2, 9</td>
</tr>
<tr>
<td>HW pai</td>
<td>187530433</td>
<td>806551754</td>
<td>5.062646, 75.637451, 9.292673, 20.095301</td>
<td>262, 7, 19</td>
</tr>
<tr>
<td>KWbisY GpgE</td>
<td>103170965</td>
<td>171783500</td>
<td>15.384969, 72.823135, 11.132323, 87.422340</td>
<td>203, 1, 13</td>
</tr>
<tr>
<td>GQicypV iMVAJh</td>
<td>142364081</td>
<td>796843494</td>
<td>78.564316, 55.672142, 45.702026, 34.603619</td>
<td>1348, 1, 29</td>
</tr>
<tr>
<td>eHYgLk JLfs</td>
<td>463757926</td>
<td>690082848</td>
<td>49.795921, 38.948071, 85.586830, 99.725540</td>
<td>1313, 12, 27</td>
</tr>
<tr>
<td>mtjme qTYhbyi</td>
<td>39005391</td>
<td>403572186</td>
<td>57.934830, 96.854012, 93.495850, 7.179585</td>
<td>1174, 6, 14</td>
</tr>
<tr>
<td>e NL</td>
<td>203186641</td>
<td>786111183</td>
<td>47.466320, 20.635756, 25.195164, 46.772724</td>
<td>1335, 11, 27</td>
</tr>
<tr>
<td>gQk CYdVUX</td>
<td>22715665</td>
<td>512868218</td>
<td>61.048531, 27.330795, 70.599907, 91.310074</td>
<td>916, 12, 22</td>
</tr>
<tr>
<td>m R</td>
<td>337534975</td>
<td>429007140</td>
<td>41.752743, 89.097717, 98.980957, 55.591854</td>
<td>538, 2, 13</td>
</tr>
<tr>
<td>tW j</td>
<td>328314667</td>
<td>492160202</td>
<td>12.853459, 50.659058, 97.740654, 64.769630</td>
<td>905, 10, 4</td>
</tr>
<tr>
<td>KDT NaBnf</td>
<td>183060687</td>
<td>384114406</td>
<td>16.171839, 82.163704, 69.654602, 50.559139</td>
<td>786, 9, 23</td>
</tr>
<tr>
<td>zoYCpmEB Wc</td>
<td>173376686</td>
<td>263225850</td>
<td>64.818588, 20.150923, 28.244123, 12.908121</td>
<td>390, 8, 9</td>
</tr>
<tr>
<td>m C</td>
<td>133129861</td>
<td>871853146</td>
<td>49.345680, 76.117935, 94.267509, 63.102798</td>
<td>987, 6, 2</td>
</tr>
<tr>
<td>SfV WGj</td>
<td>400374823</td>
<td>750033134</td>
<td>42.656174, 77.987747, 48.497555, 52.804249</td>
<td>930, 7, 27</td>
</tr>
<tr>
<td>kxrAmig ZYCpTsU</td>
<td>403404550</td>
<td>606493006</td>
<td>74.597961, 70.529381, 98.401314, 92.992897</td>
<td>1797, 3, 5</td>
</tr>
<tr>
<td>st zdmEi</td>
<td>102070291</td>
<td>532523055</td>
<td>52.850719, 67.659569, 90.119537, 5.596807</td>
<td>957, 2, 14</td>
</tr>
<tr>
<td>eGkao ChU</td>
<td>316773214</td>
<td>872821496</td>
<td>89.742928, 77.944046, 61.438839, 71.805389</td>
<td>1724, 12, 29</td>
</tr>
<tr>
<td>GKHiCz ZvhSjhC</td>
<td>270769074</td>
<td>713415350</td>
<td>40.782879, 91.594521, 85.784302, 85.383209</td>
<td>1447, 7, 31</td>
</tr>
<tr>
<td>cuszC oG</td>
<td>228190184</td>
<td>439227603</td>
<td>98.913818, 91.945580, 13.102547, 95.421288</td>
<td>1486, 9, 9</td>
</tr>
<tr>
<td>NVTUzQx nSLn</td>
<td>78923154</td>
<td>336941354</td>
<td>41.693146, 97.721313, 7.343948, 54.913635</td>
<td>1960, 12, 26</td>
</tr>
<tr>
<td>HXmm Ry</td>
<td>94449188</td>
<td>440536188</td>
<td>8.172388, 26.297228, 71.251717, 25.603022</td>
<td>399, 12, 7</td>
</tr>
<tr>
<td>zWnvL jiz</td>
<td>183640495</td>
<td>529651796</td>
<td>6.885367, 0.415921, 19.941412, 62.314960</td>
<td>1353, 7, 30</td>
</tr>
<tr>
<td>HXqMW iSEtt</td>
<td>404281318</td>
<td>360423161</td>
<td>77.808167, 16.270111, 7.408850, 35.065052</td>
<td>1500, 2, 17</td>
</tr>
<tr>
<td>fBm vUM</td>
<td>134046527</td>
<td>581416572</td>
<td>17.707623, 94.759796, 63.817284, 95.755028</td>
<td>350, 10, 27</td>
</tr>
<tr>
<td>nHH GcyZZxv</td>
<td>133092533</td>
<td>425170784</td>
<td>71.141388, 17.783009, 8.111606, 96.003403</td>
<td>1852, 10, 29</td>
</tr>
<tr>
<td>g KLRHbX</td>
<td>102724453</td>
<td>749340992</td>
<td>71.922043, 54.317345, 0.425466, 81.346024</td>
<td>426, 1, 3</td>
</tr>
<tr>
<td>vGHc xKDjnHP</td>
<td>90684520</td>
<td>121906662</td>
<td>0.288976, 86.046692, 68.526237, 34.528996</td>
<td>1638, 1, 13</td>
</tr>
<tr>
<td>uioNULQr G</td>
<td>350588291</td>
<td>704178158</td>
<td>96.668037, 31.876637, 17.739880, 34.496178</td>
<td>1454, 6, 15</td>
</tr>
<tr>
<td>hEX YjaArHjR</td>
<td>435180002</td>
<td>946139548</td>
<td>21.706335, 70.328133, 20.092287, 91.243607</td>
<td>1056, 4, 15</td>
</tr>
<tr>
<td>Agx DZsjmen</td>
<td>90457112</td>
<td>689429193</td>
<td>97.068954, 26.665970, 83.507889, 78.195549</td>
<td>1420, 2, 8</td>
</tr>
<tr>
<td>CubfNiqf RXJL</td>
<td>328838136</td>
<td>290049235</td>
<td>42.088356, 2.815003, 79.092735, 13.417702</td>
<td>1368, 2, 16</td>
</tr>
<tr>
<td>sGeJs X</td>
<td>366976492</td>
<td>574147657</td>
<td>90.850494, 8.327892, 69.284630, 50.812721</td>
<td>2007, 1, 8</td>
</tr>
<tr>
<td>CdD byWbg</td>
<td>316204055</td>
<td>826429127</td>
<td>34.811001, 38.781582, 39.947685, 0.022878</td>
<td>1394, 1, 24</td>
</tr>
<tr>
<td>Mzb kEsXeBG</td>
<td>202186802</td>
<td>645752814</td>
<td>45.097584, 86.955841, 11.621934, 51.411777</td>
<td>1324, 11, 31</td>
</tr>
<tr>
<td>eke co</td>
<td>257427031</td>
<td>153541384</td>
<td>55.701683, 29.592604, 16.449974, 55.871342</td>
<td>1760, 4, 19</td>
</tr>
<tr>
<td>VEdfNG aSaTRaH</td>
<td>23629912</td>
<td>409196306</td>
<td>65.497452, 28.774261, 51.321632, 44.715282</td>
<td>1029, 8, 1</td>
</tr>
<tr>
<td>Nmt EGNseMV</td>
<td>331584945</td>
<td>701995345</td>
<td>25.659435, 20.781921, 28.240610, 70.379890</td>
<td>1755, 9, 9</td>
</tr>
<tr>
<td>ojPqsLr qgaCZa</td>
<td>441969110</td>
<td>056210080</td>
<td>19.171539, 90.682266, 25.546288, 95.610474</td>
<td>1604, 1, 16</td>
</tr>
<tr>
<td>KJY ZUa</td>
<td>53234245</td>
<td>523568749</td>
<td>5.265470, 81.812737, 19.216970, 61.321560</td>
<td>651, 5, 15</td>
</tr>
<tr>
<td>iQtoa qzgCq</td>
<td>279539379</td>
<td>759135988</td>
<td>45.450729, 18.323503, 60.475704, 90.818062</td>
<td>1232, 9, 16</td>
</tr>
<tr>
<td>p oMLaR</td>
<td>390716087</td>
<td>258642169</td>
<td>18.173935, 92.389481, 16.073494, 9.443671</td>
<td>735, 11, 22</td>
</tr>
<tr>
<td>SMSWn Wx</td>
<td>106886876</td>
<td>075671886</td>
<td>96.863205, 61.380451, 26.978434, 91.872658</td>
<td>1528, 8, 15</td>
</tr>
<tr>
<td>hoFK GugCg</td>
<td>287873073</td>
<td>942991882</td>
<td>64.951843, 30.202002, 4.691948, 63.011227</td>
<td>500, 10, 10</td>
</tr>
<tr>
<td>M TQceyanE</td>
<td>260415362</td>
<td>845823255</td>
<td>68.920128, 55.726727, 62.912415, 27.071053</td>
<td>1344, 10, 2</td>
</tr>
<tr>
<td>znhSXHd mbm</td>
<td>242414454</td>
<td>546336342</td>
<td>97.076164, 72.404282, 18.918091, 75.606789</td>
<td>412, 10, 24</td>
</tr>
<tr>
<td>ac roA</td>
<td>151888559</td>
<td>436113352</td>
<td>58.962589, 70.733452, 66.326118, 27.929981</td>
<td>467, 10, 8</td>
</tr>
<tr>
<td>awjZk xNFM</td>
<td>107927684</td>
<td>200174457</td>
<td>16.577414, 34.282360, 3.607082, 61.953369</td>
<td>1485, 12, 11</td>
</tr>
<tr>
<td>nK bupf</td>
<td>453640706</td>
<td>720291714</td>
<td>71.735832, 75.539658, 78.407967, 76.032326</td>
<td>1971, 3, 19</td>
</tr>
<tr>
<td>yw WCDtm</td>
<td>415087877</td>
<td>362229972</td>
<td>9.374064, 15.193110, 96.012039, 10.120727</td>
<td>630, 7, 2</td>
</tr>
<tr>
<td>zisn YQt</td>
<td>323937608</td>
<td>124440946</td>
<td>0.440210, 41.227440, 79.323784, 14.879815</td>
<td>871, 9, 11</td>
</tr>
<tr>
<td>yCYKY f</td>
<td>158936598</td>
<td>737516585</td>
<td>65.222137, 94.592094, 16.087709, 95.158157</td>
<td>1716, 5, 2</td>
</tr>
<tr>
<td>aJk ikWfbCAD</td>
<td>170382311</td>
<td>510680326</td>
<td>73.710541, 59.147156, 58.144417, 20.806822</td>
<td>1760, 6, 25</td>
</tr>
<tr>
<td>TS CcYN</td>
<td>297947510</td>
<td>856124374</td>
<td>40.761841, 75.236038, 60.852676, 90.815620</td>
<td>234, 10, 2</td>
</tr>
<tr>
<td>uUzuFFm NEJEu</td>
<td>339473261</td>
<td>838666640</td>
<td>64.797379, 42.436462, 83.283302, 91.812172</td>
<td>725, 6, 17</td>
</tr>
<tr>
<td>FMPEwKW ZgJBa</td>
<td>488951929</td>
<td>128317354</td>
<td>34.025787, 86.424416, 71.580849, 18.747915</td>
<td>642, 3, 16</td>
</tr>
<tr>
<td>vzsVcsiq GRynRx</td>
<td>269528902</td>
<td>763842502</td>
<td>12.765954, 87.939102, 13.134604, 42.556141</td>
<td>773, 4, 6</td>
</tr>
<tr>
<td>kr mAV</td>
<td>190741983</td>
<td>193531183</td>
<td>36.838722, 66.009918, 20.490608, 93.935318</td>
<td>1164, 5, 13</td>
</tr>
<tr>
<td>nb ofQAowvw</td>
<td>312453278</td>
<td>215747577</td>
<td>7.057332, 87.629280, 19.405939, 35.509556</td>
<td>1468, 5, 16</td>
</tr>
<tr>
<td>YZvU YsKHH</td>
<td>84919474</td>
<td>138969748</td>
<td>90.758141, 67.034927, 49.690464, 32.862110</td>
<td>101, 1, 31</td>
</tr>
<tr>
<td>dfM QwPRjf</td>
<td>392457105</td>
<td>881472456</td>
<td>4.726486, 38.398193, 67.405891, 10.918841</td>
<td>783, 6, 7</td>
</tr>
<tr>
<td>qm eZLp</td>
<td>316113229</td>
<td>405548131</td>
<td>33.836765, 40.050636, 6.629140, 95.786171</td>
<td>1998, 3, 26</td>
</tr>
<tr>
<td>HDvwGMY rLrVrY</td>
<td>273872300</td>
<td>742632419</td>
<td>69.380806, 41.945843, 85.894669, 65.948700</td>
<td>833, 9, 23</td>
</tr>
<tr>
<td>xB so</td>
<td>240584948</td>
<td>037737758</td>
<td>31.310255, 14.627411, 6.664305, 97.328529</td>
<td>1977, 9, 20</td>
</tr>
<tr>
<td>jcAjU NrGraVxC</td>
<td>259154389</td>
<td>136779376</td>
<td>89.481667, 15.840059, 68.055260, 49.647850</td>
<td>538, 10, 18</td>
</tr>
<tr>
<td>t sD</td>
<td>56591095</td>
<td>432145556</td>
<td>62.095387, 69.605347, 10.744704, 94.405556</td>
<td>1693, 11, 28</td>
</tr>
<tr>
<td>eh MecJ</td>
<td>229847682</td>
<td>218303217</td>
<td>32.274834, 25.937803, 97.281921, 27.327763</td>
<td>1155, 4, 5</td>
</tr>
<tr>
<td>PC ZDj</td>
<td>460375277</td>
<td>837637688</td>
<td>29.947783, 43.375755, 12.824705, 34.465538</td>
<td>1579, 2, 25</td>
</tr>
<tr>
<td>Web CdvsJt</td>
<td>468522166</td>
<td>052450864</td>
<td>82.772781, 10.264350, 31.718266, 94.131439</td>
<td>1286, 11, 23</td>
</tr>
<tr>
<td>j SqqsHYwM</td>
<td>3596848</td>
<td>559976442</td>
<td>14.382490, 98.197929, 19.169476, 97.770210</td>
<td>1962, 2, 12</td>
</tr>
<tr>
<td>hhEU uNcqt</td>
<td>237082126</td>
<td>629084048</td>
<td>74.316940, 39.834404, 17.908686, 46.265972</td>
<td>943, 3, 14</td>
</tr>
<tr>
<td>qWN xYJAX</td>
<td>244626733</td>
<td>888658938</td>
<td>94.897964, 91.667664, 97.985893, 59.687618</td>
<td>751, 7, 5</td>
</tr>
<tr>
<td>RTWE q</td>
<td>398014939</td>
<td>202678017</td>
<td>46.108131, 69.342743, 62.278133, 72.013596</td>
<td>1282, 3, 8</td>
</tr>
<tr>
<td>dzhUAqq ZMfzz</td>
<td>391117812</td>
<td>136719729</td>
<td>3.354482, 77.572845, 14.812164, 12.073191</td>
<td>1054, 4, 1</td>
</tr>
<tr>
<td>NPS KEP</td>
<td>364438354</td>
<td>778740472</td>
<td>76.414421, 49.632000, 57.637405, 36.863541</td>
<td>1710, 9, 29</td>
</tr>
<tr>
<td>fTcdRJT nJdJRvLw</td>
<td>72325631</td>
<td>637747366</td>
<td>16.253805, 81.874374, 86.464088, 98.461632</td>
<td>1725, 5, 12</td>
</tr>
<tr>
<td>raQjc FCU</td>
<td>422101994</td>
<td>476316187</td>
<td>44.806595, 5.000811, 93.436623, 20.868435</td>
<td>988, 11, 14</td>
</tr>
<tr>
<td>ZZDwqx P</td>
<td>241679282</td>
<td>365928256</td>
<td>78.481522, 31.735428, 19.378584, 46.444752</td>
<td>1121, 11, 15</td>
</tr>
<tr>
<td>cbRv wumLoL</td>
<td>185450768</td>
<td>060501837</td>
<td>74.890572, 18.759481, 47.722740, 53.273209</td>
<td>336, 5, 30</td>
</tr>
<tr>
<td>unGmoFo LBAnm</td>
<td>367650206</td>
<td>744791684</td>
<td>60.858597, 37.201035, 9.138454, 60.925346</td>
<td>458, 3, 1</td>
</tr>
<tr>
<td>WUjEeTR kBbTbc</td>
<td>186998823</td>
<td>236619552</td>
<td>53.909882, 12.869148, 36.909710, 31.159185</td>
<td>630, 6, 27</td>
</tr>
<tr>
<td>twy ooqSC</td>
<td>188759038</td>
<td>705465389</td>
<td>90.011147, 14.701540, 6.733249, 96.877014</td>
<td>1104, 8, 13</td>
</tr>
<tr>
<td>fFrfbg b</td>
<td>250299713</td>
<td>935460590</td>
<td>54.949879, 5.668503, 45.696709, 50.617203</td>
<td>1401, 11, 16</td>
</tr>
<tr>
<td>pyyMMxPv WUe</td>
<td>278070396</td>
<td>615050695</td>
<td>19.486677, 42.102886, 91.820938, 44.503044</td>
<td>909, 8, 6</td>
</tr>
<tr>
<td>yG qfxDJhS</td>
<td>99525535</td>
<td>088678604</td>
<td>12.487062, 50.672279, 32.695293, 82.005836</td>
<td>1222, 6, 23</td>
</tr>
<tr>
<td>ogQuVEcD QtdeyLKz</td>
<td>17259154</td>
<td>538497796</td>
<td>40.020493, 67.873245, 18.713472, 17.194916</td>
<td>1560, 3, 15</td>
</tr>
<tr>
<td>DbTQsH krPNezS</td>
<td>41758917</td>
<td>691462007</td>
<td>5.912305, 98.709091, 12.534920, 12.063718</td>
<td>221, 11, 27</td>
</tr>
<tr>
<td>cwm DsP</td>
<td>473836335</td>
<td>213837405</td>
<td>60.072315, 95.822586, 20.332268, 9.945451</td>
<td>469, 10, 16</td>
</tr>
<tr>
<td>NApRYSt TYkMAF</td>
<td>337304908</td>
<td>575225843</td>
<td>29.902302, 83.295242, 13.234219, 47.919220</td>
<td>1086, 3, 12</td>
</tr>
<tr>
<td>Ws CAov</td>
<td>129146594</td>
<td>635249734</td>
<td>73.005661, 10.907901, 88.934357, 52.702518</td>
<td>464, 8, 23</td>
</tr>
<tr>
<td>TYiJq e</td>
<td>45722132</td>
<td>717068961</td>
<td>48.984100, 48.558067, 37.640953, 14.367779</td>
<td>660, 12, 13</td>
</tr>
<tr>
<td>tb hK</td>
<td>194800038</td>
<td>537661050</td>
<td>3.223554, 49.644196, 4.239953, 82.818703</td>
<td>1587, 11, 31</td>
</tr>
<tr>
<td>qs oqcPU</td>
<td>83799972</td>
<td>939841557</td>
<td>22.167849, 13.600939, 56.865948, 54.354568</td>
<td>1418, 6, 24</td>
</tr>
<tr>
<td>SPZnv JXWG</td>
<td>363457241</td>
<td>033614213</td>
<td>8.483542, 9.765611, 73.427025, 46.481495</td>
<td>1049, 9, 7</td>
</tr>
<tr>
<td>rcpLhVPL VTUu</td>
<td>15406914</td>
<td>598714143</td>
<td>50.646187, 41.102650, 97.908485, 60.982136</td>
<td>841, 3, 18</td>
</tr>
<tr>
<td>rvGej bUUt</td>
<td>318898003</td>
<td>673417266</td>
<td>62.060795, 71.972092, 90.932678, 75.695923</td>
<td>804, 4, 24</td>
</tr>
<tr>
<td>ZESyi Stiac</td>
<td>207304635</td>
<td>921095703</td>
<td>86.632736, 84.683250, 30.163408, 48.804768</td>
<td>1158, 3, 12</td>
</tr>
<tr>
<td>dSh H</td>
<td>435519131</td>
<td>950346448</td>
<td>31.400545, 19.467596, 44.869286, 37.829918</td>
<td>937, 9, 26</td>
</tr>
<tr>
<td>Kn fZpfJwa</td>
<td>141914004</td>
<td>483424810</td>
<td>50.252457, 49.797684, 41.457382, 70.186813</td>
<td>541, 3, 27</td>
</tr>
<tr>
<td>kS Z</td>
<td>431135095</td>
<td>504196413</td>
<td>84.482986, 3.520012, 22.743034, 38.550636</td>
<td>1135, 10, 29</td>
</tr>
<tr>
<td>gkfMrXqD rCdrGJiD</td>
<td>434263504</td>
<td>235614383</td>
<td>83.360504, 89.712616, 54.932861, 93.649170</td>
<td>430, 2, 23</td>
</tr>
<tr>
<td>wQYkg bmA</td>
<td>14918374</td>
<td>589058715</td>
<td>45.318310, 72.938904, 72.298767, 84.204407</td>
<td>859, 10, 29</td>
</tr>
<tr>
<td>LPtM PZ</td>
<td>464697563</td>
<td>644845764</td>
<td>31.775009, 50.172745, 92.499130, 98.308937</td>
<td>975, 12, 12</td>
</tr>
<tr>
<td>XmNzw XMqtmdF</td>
<td>330417298</td>
<td>689492883</td>
<td>75.601402, 56.833099, 8.282969, 20.465574</td>
<td>786, 8, 24</td>
</tr>
<tr>
<td>vcvZb oN</td>
<td>28961100</td>
<td>207944945</td>
<td>11.900446, 9.938525, 96.506065, 21.896095</td>
<td>13, 2, 31</td>
</tr>
<tr>
<td>Gu wLdM</td>
<td>404045874</td>
<td>252986778</td>
<td>36.077007, 67.883690, 26.691908, 55.467060</td>
<td>434, 2, 2</td>
</tr>
<tr>
<td>JpT BydbNh</td>
<td>474858172</td>
<td>246505553</td>
<td>65.773293, 62.023376, 73.673752, 82.296303</td>
<td>1576, 4, 30</td>
</tr>
<tr>
<td>NzPj EfKG</td>
<td>473490757</td>
<td>103969753</td>
<td>83.758942, 18.343027, 69.283730, 53.224083</td>
<td>262, 7, 2</td>
</tr>
<tr>
<td>spWWDyrs LnfiEFv</td>
<td>297797618</td>
<td>780875963</td>
<td>3.693031, 51.439304, 92.131195, 25.352781</td>
<td>360, 3, 4</td>
</tr>
<tr>
<td>Ee UwG</td>
<td>207169309</td>
<td>776011801</td>
<td>55.203220, 2.443852, 7.795724, 35.209660</td>
<td>917, 5, 1</td>
</tr>
<tr>
<td>RsnND fdasNh</td>
<td>281324268</td>
<td>382011655</td>
<td>56.081650, 81.508896, 98.323914, 51.792847</td>
<td>1030, 6, 24</td>
</tr>
<tr>
<td>dm owCvrvD</td>
<td>164052208</td>
<td>941824733</td>
<td>63.568584, 52.748158, 27.144682, 29.761532</td>
<td>1699, 2, 28</td>
</tr>
<tr>
<td>iZYhKaW Qc</td>
<td>249768982</td>
<td>394650479</td>
<td>88.177612, 66.961113, 51.001980, 26.583906</td>
<td>276, 2, 31</td>
</tr>
<tr>
<td>vdaxBWq pMdjEfvj</td>
<td>224573957</td>
<td>233764635</td>
<td>15.464837, 95.638313, 39.170097, 95.543564</td>
<td>878, 6, 16</td>
</tr>
<tr>
<td>r tySz</td>
<td>434207076</td>
<td>914014187</td>
<td>90.002548, 7.864754, 86.314476, 30.944813</td>
<td>492, 8, 17</td>
</tr>
<tr>
<td>hAwzje KEkBBgfP</td>
<td>450891818</td>
<td>102453587</td>
<td>67.752823, 72.023674, 71.625374, 73.406509</td>
<td>66, 9, 19</td>
</tr>
<tr>
<td>Sc bwSub</td>
<td>134967785</td>
<td>447722358</td>
<td>17.211866, 36.083954, 43.222878, 23.917044</td>
<td>199, 7, 20</td>
</tr>
<tr>
<td>HvqLdj R</td>
<td>54873994</td>
<td>415220409</td>
<td>85.838821, 23.076929, 34.773197, 82.547173</td>
<td>1040, 10, 21</td>
</tr>
<tr>
<td>hRrPZqEL TFT</td>
<td>392433450</td>
<td>421544758</td>
<td>22.676783, 29.392282, 82.730682, 14.180075</td>
<td>402, 5, 17</td>
</tr>
<tr>
<td>SNCHd Pcb</td>
<td>223496335</td>
<td>278824932</td>
<td>41.230053, 45.212193, 29.725023, 51.813267</td>
<td>36, 1, 25</td>
</tr>
<tr>
<td>bPs yEqnnM</td>
<td>15364732</td>
<td>472306419</td>
<td>73.411987, 99.054413, 92.378212, 69.622368</td>
<td>360, 12, 20</td>
</tr>
<tr>
<td>Xn hxoTzBeC</td>
<td>472934287</td>
<td>427683231</td>
<td>26.879635, 96.550758, 18.093327, 81.994629</td>
<td>518, 2, 10</td>
</tr>
<tr>
<td>a fSY</td>
<td>395115929</td>
<td>840390243</td>
<td>14.966374, 63.365780, 14.556671, 32.466484</td>
<td>692, 6, 3</td>
</tr>
<tr>
<td>gkt Lm</td>
<td>204457967</td>
<td>642040916</td>
<td>3.066522, 82.840942, 70.730408, 86.532234</td>
<td>1125, 8, 9</td>
</tr>
<tr>
<td>YQe SQCb</td>
<td>24372498</td>
<td>009394753</td>
<td>96.967461, 48.902916, 88.832817, 33.926170</td>
<td>1606, 3, 18</td>
</tr>
<tr>
<td>YRvAFWTB SLwF</td>
<td>228475247</td>
<td>308643195</td>
<td>91.456062, 3.132229, 87.462601, 53.703835</td>
<td>204, 3, 31</td>
</tr>
<tr>
<td>Lop cz</td>
<td>254305165</td>
<td>841926267</td>
<td>82.144539, 59.748985, 2.628966, 0.694232</td>
<td>348, 3, 28</td>
</tr>
<tr>
<td>HpRV gbGe</td>
<td>243921201</td>
<td>779463418</td>
<td>22.705063, 15.591360, 67.631767, 22.956808</td>
<td>943, 7, 14</td>
</tr>
<tr>
<td>yyPm vBYLvjG</td>
<td>102014882</td>
<td>087539525</td>
<td>84.395004, 4.661326, 30.088806, 36.953789</td>
<td>1777, 8, 2</td>
</tr>
<tr>
<td>e Zq</td>
<td>300222900</td>
<td>836345255</td>
<td>36.796986, 33.301575, 72.859909, 22.274361</td>
<td>398, 9, 14</td>
</tr>
<tr>
<td>D wcnt</td>
<td>236075674</td>
<td>460415371</td>
<td>10.915236, 12.513273, 38.798721, 29.978863</td>
<td>1249, 9, 28</td>
</tr>
<tr>
<td>UHSW XDoAyEg</td>
<td>380271906</td>
<td>767242519</td>
<td>30.403221, 87.533463, 84.262863, 35.447754</td>
<td>1145, 2, 22</td>
</tr>
<tr>
<td>GsK Hh</td>
<td>286470010</td>
<td>823753248</td>
<td>87.481125, 36.514000, 24.295912, 52.195625</td>
<td>1824, 7, 31</td>
</tr>
<tr>
<td>fYsqH Txe</td>
<td>496324120</td>
<td>413014988</td>
<td>46.589039, 46.458759, 74.553093, 69.094482</td>
<td>621, 3, 3</td>
</tr>
<tr>
<td>QejMwKbi j</td>
<td>170367615</td>
<td>306221555</td>
<td>36.539116, 77.803246, 66.295601, 98.185966</td>
<td>1500, 6, 20</td>
</tr>
<tr>
<td>RU iVqdi</td>
<td>223773424</td>
<td>502320624</td>
<td>85.245651, 43.145882, 2.134944, 17.563128</td>
<td>337, 7, 9</td>
</tr>
<tr>
<td>kArAZdgm pBo</td>
<td>190744484</td>
<td>426752490</td>
<td>59.481445, 10.416466, 80.827278, 95.846237</td>
<td>271, 11, 20</td>
</tr>
<tr>
<td>evQc NnRDP</td>
<td>159944040</td>
<td>842492146</td>
<td>10.809067, 51.917625, 15.714703, 52.931225</td>
<td>1939, 5, 14</td>
</tr>
<tr>
<td>Adba TQKp</td>
<td>466884215</td>
<td>204900005</td>
<td>62.441483, 21.268175, 4.324101, 68.480949</td>
<td>511, 6, 23</td>
</tr>
<tr>
<td>ZtFWQbqZ p</td>
<td>265965687</td>
<td>313218560</td>
<td>24.324600, 78.247330, 13.574951, 24.360388</td>
<td>623, 6, 7</td>
</tr>
<tr>
<td>EDmtvA tzjh</td>
<td>420996057</td>
<td>476857442</td>
<td>84.535645, 88.478233, 33.859837, 23.762203</td>
<td>1607, 6, 9</td>
</tr>
<tr>
<td>PZwDV RAGkYHq</td>
<td>320902572</td>
<td>036476695</td>
<td>55.728153, 64.951729, 55.419689, 52.750446</td>
<td>893, 12, 11</td>
</tr>
<tr>
<td>CfBV AvbJxZ</td>
<td>172765727</td>
<td>195297336</td>
<td>84.588196, 77.093758, 11.883043, 54.252506</td>
<td>141, 6, 17</td>
</tr>
<tr>
<td>SezXFk H</td>
<td>123236004</td>
<td>960541453</td>
<td>70.396339, 13.111582, 52.672817, 87.179123</td>
<td>59, 5, 27</td>
</tr>
<tr>
<td>MayX wX</td>
<td>84276533</td>
<td>200240377</td>
<td>1.052696, 98.490387, 25.002075, 77.474884</td>
<td>691, 12, 7</td>
</tr>
<tr>
<td>RLmrXX FrFoRfj</td>
<td>292973596</td>
<td>227403585</td>
<td>16.386204, 15.893312, 94.998611, 29.514627</td>
<td>886, 7, 25</td>
</tr>
<tr>
<td>oKf fNKccMu</td>
<td>248957059</td>
<td>069305265</td>
<td>37.162613, 68.255615, 79.357094, 24.941303</td>
<td>1982, 11, 20</td>
</tr>
<tr>
<td>nAnsQNr XXVp</td>
<td>95513474</td>
<td>368844379</td>
<td>89.640343, 38.847282, 40.935486, 51.812099</td>
<td>945, 1, 30</td>
</tr>
<tr>
<td>RuJ aerKGk</td>
<td>120353269</td>
<td>075053449</td>
<td>55.160900, 82.321632, 16.925070, 92.475388</td>
<td>806, 6, 5</td>
</tr>
<tr>
<td>gNkSDL Vug</td>
<td>435448246</td>
<td>811355268</td>
<td>77.604965, 78.219574, 94.896935, 53.355133</td>
<td>1971, 11, 1</td>
</tr>
<tr>
<td>JB uBJRCaCE</td>
<td>497529644</td>
<td>560740587</td>
<td>37.403618, 4.536813, 36.304104, 9.852499</td>
<td>804, 12, 17</td>
</tr>
<tr>
<td>mrDSuQ GSTJWV</td>
<td>305790838</td>
<td>030845122</td>
<td>57.930084, 36.084560, 83.454697, 64.152611</td>
<td>1871, 7, 13</td>
</tr>
<tr>
<td>hSm vkhsTuna</td>
<td>260212639</td>
<td>522367463</td>
<td>50.656326, 78.465332, 77.306778, 40.727573</td>
<td>1302, 12, 15</td>
</tr>
<tr>
<td>WhPnk UK</td>
<td>363313732</td>
<td>285496487</td>
<td>86.129089, 71.450302, 58.238449, 8.776427</td>
<td>84, 9, 1</td>
</tr>
<tr>
<td>BMvxrNkf d</td>
<td>102746621</td>
<td>512704968</td>
<td>21.346766, 47.130672, 97.197304, 3.592500</td>
<td>1701, 7, 1</td>
</tr>
<tr>
<td>EZGHjFA rLZ</td>
<td>159398572</td>
<td>956243512</td>
<td>85.557823, 53.576168, 39.709316, 40.953835</td>
<td>383, 6, 9</td>
</tr>
<tr>
<td>uwGN M</td>
<td>87377436</td>
<td>279368244</td>
<td>31.238033, 49.982391, 87.113121, 93.262512</td>
<td>298, 12, 26</td>
</tr>
<tr>
<td>Ggzc W</td>
<td>69279991</td>
<td>579740254</td>
<td>29.961006, 51.582054, 3.734759, 12.586903</td>
<td>700, 11, 22</td>
</tr>
<tr>
<td>fsbmUaeU AnDcjhbC</td>
<td>25285970</td>
<td>520669502</td>
<td>45.760044, 70.746086, 41.071888, 95.366760</td>
<td>433, 3, 30</td>
</tr>
<tr>
<td>kYDaPxmP HNrSGVSa</td>
<td>453774710</td>
<td>156879126</td>
<td>6.942057, 52.974041, 18.195379, 27.746347</td>
<td>990, 8, 24</td>
</tr>
<tr>
<td>dPK GH</td>
<td>327162361</td>
<td>558194295</td>
<td>0.865023, 95.876839, 49.220943, 41.992046</td>
<td>1353, 3, 6</td>
</tr>
<tr>
<td>EdrEadnW dyLqb</td>
<td>170230775</td>
<td>576824700</td>
<td>32.518978, 79.501678, 72.486778, 82.946419</td>
<td>410, 2, 8</td>
</tr>
<tr>
<td>XLsyyrD GRM</td>
<td>95867358</td>
<td>395713283</td>
<td>81.177567, 0.809214, 73.241714, 37.276302</td>
<td>837, 2, 19</td>
</tr>
<tr>
<td>pi ahdk</td>
<td>487666556</td>
<td>069760464</td>
<td>7.563931, 94.078964, 30.164680, 47.733147</td>
<td>1619, 7, 30</td>
</tr>
<tr>
<td>XRfw jYgkCBsm</td>
<td>55395423</td>
<td>188162810</td>
<td>27.167236, 97.120399, 97.202286, 97.994781</td>
<td>1611, 8, 2</td>
</tr>
<tr>
<td>RP zwcKn</td>
<td>469944299</td>
<td>359192131</td>
<td>29.755322, 52.344673, 13.901011, 22.586094</td>
<td>326, 8, 10</td>
</tr>
<tr>
<td>HJ MC</td>
<td>408954653</td>
<td>112054915</td>
<td>44.787025, 49.301926, 25.523506, 26.392426</td>
<td>1594, 8, 25</td>
</tr>
<tr>
<td>uLW fUfxYfG</td>
<td>480426174</td>
<td>425763023</td>
<td>59.838615, 56.912132, 32.751888, 20.183764</td>
<td>1326, 11, 13</td>
</tr>
<tr>
<td>ejzfHa Fb</td>
<td>92729018</td>
<td>745262696</td>
<td>3.109916, 13.238141, 76.499313, 8.126390</td>
<td>497, 12, 17</td>
</tr>
<tr>
<td>CKsj uSMbc</td>
<td>145494716</td>
<td>377187286</td>
<td>82.064056, 37.335445, 65.680763, 30.683874</td>
<td>1701, 11, 26</td>
</tr>
<tr>
<td>HKaCwbtp eTx</td>
<td>209504810</td>
<td>999513780</td>
<td>69.655373, 59.049492, 19.624290, 70.327385</td>
<td>826, 12, 9</td>
</tr>
<tr>
<td>qr hMDocQB</td>
<td>375541976</td>
<td>774569858</td>
<td>94.031471, 53.023972, 6.941644, 5.455936</td>
<td>1956, 3, 2</td>
</tr>
<tr>
<td>FvLFF AhuRc</td>
<td>393421061</td>
<td>130509972</td>
<td>81.003632, 63.476929, 88.871353, 31.720316</td>
<td>1123, 5, 18</td>
</tr>
<tr>
<td>Hco UCa</td>
<td>216858735</td>
<td>194835947</td>
<td>64.477921, 62.756992, 30.469900, 87.477142</td>
<td>1750, 4, 8</td>
</tr>
<tr>
<td>zYa ZqSr</td>
<td>307835547</td>
<td>802146924</td>
<td>85.831833, 41.827011, 94.365074, 88.695732</td>
<td>1035, 4, 25</td>
</tr>
<tr>
<td>RmU Mn</td>
<td>275185358</td>
<td>907999085</td>
<td>35.658600, 56.850548, 31.810617, 7.037369</td>
<td>572, 12, 16</td>
</tr>
<tr>
<td>DSFoboL fKs</td>
<td>86052034</td>
<td>481588455</td>
<td>76.897491, 38.161476, 12.886109, 63.735767</td>
<td>1749, 7, 6</td>
</tr>
<tr>
<td>gfw w</td>
<td>389470876</td>
<td>107222813</td>
<td>76.056015, 21.945332, 32.671562, 27.993952</td>
<td>342, 4, 18</td>
</tr>
<tr>
<td>oa v</td>
<td>382403733</td>
<td>693839154</td>
<td>85.342422, 86.175606, 3.359228, 58.001915</td>
<td>1581, 8, 2</td>
</tr>
<tr>
<td>evQJ FNvf</td>
<td>224300937</td>
<td>729566358</td>
<td>94.750740, 43.963043, 9.835804, 17.130045</td>
<td>200, 8, 1</td>
</tr>
<tr>
<td>YumLie kVBTxAs</td>
<td>393853274</td>
<td>781687201</td>
<td>35.388210, 32.291664, 91.148926, 73.855324</td>
<td>283, 3, 21</td>
</tr>
<tr>
<td>txCU uJGkyY</td>
<td>248243818</td>
<td>087175954</td>
<td>88.075920, 13.950240, 67.955093, 75.680557</td>
<td>860, 3, 15</td>
</tr>
<tr>
<td>YxZdi PnSE</td>
<td>170567617</td>
<td>109977467</td>
<td>95.646858, 1.791354, 41.889977, 21.529678</td>
<td>240, 11, 26</td>
</tr>
<tr>
<td>QbRrz qG</td>
<td>305781615</td>
<td>555760479</td>
<td>34.266453, 4.745982, 75.443588, 4.558417</td>
<td>257, 9, 12</td>
</tr>
<tr>
<td>Tt jCwPSi</td>
<td>260056006</td>
<td>008656598</td>
<td>27.511787, 40.982536, 30.531958, 1.275842</td>
<td>868, 5, 28</td>
</tr>
<tr>
<td>Ryrk dxbG</td>
<td>255847709</td>
<td>086273836</td>
<td>29.559708, 59.230145, 92.289848, 46.353619</td>
<td>85, 2, 11</td>
</tr>
<tr>
<td>jVg FzTpaPa</td>
<td>369989113</td>
<td>453870732</td>
<td>14.857836, 86.755447, 50.679661, 50.235779</td>
<td>596, 2, 17</td>
</tr>
<tr>
<td>qMiK PunUUBDD</td>
<td>358223346</td>
<td>215057203</td>
<td>63.590935, 92.504570, 3.853489, 73.652756</td>
<td>1662, 4, 12</td>
</tr>
<tr>
<td>WLk YfmPh</td>
<td>463814295</td>
<td>387602388</td>
<td>36.593918, 30.864513, 60.344189, 77.057190</td>
<td>1590, 10, 13</td>
</tr>
<tr>
<td>pvE wtwHVBP</td>
<td>191680965</td>
<td>707450092</td>
<td>95.992119, 68.579376, 28.801828, 79.785904</td>
<td>1412, 2, 4</td>
</tr>
<tr>
<td>tm GGMLkc</td>
<td>53937113</td>
<td>847044309</td>
<td>66.338257, 61.919502, 18.411200, 2.296513</td>
<td>1488, 3, 6</td>
</tr>
<tr>
<td>aFWt o</td>
<td>332132479</td>
<td>638241262</td>
<td>44.299496, 40.839645, 75.586678, 72.231857</td>
<td>1694, 8, 26</td>
</tr>
<tr>
<td>LPCgYqLV UuT</td>
<td>454087145</td>
<td>969835873</td>
<td>41.878674, 28.195911, 80.844528, 3.642495</td>
<td>320, 11, 26</td>
</tr>
<tr>
<td>ZomxC dq</td>
<td>305783501</td>
<td>913469441</td>
<td>20.704723, 75.952782, 74.821426, 48.292027</td>
<td>1616, 12, 26</td>
</tr>
<tr>
<td>qKP f</td>
<td>168561742</td>
<td>375469027</td>
<td>71.883736, 57.665619, 87.793381, 4.764325</td>
<td>787, 5, 29</td>
</tr>
<tr>
<td>irJerdC QssKn</td>
<td>43684209</td>
<td>828139633</td>
<td>93.577042, 10.195077, 35.992020, 10.186475</td>
<td>459, 9, 14</td>
</tr>
<tr>
<td>Dadnhgg iuHMpGLs</td>
<td>218184736</td>
<td>594912674</td>
<td>45.166454, 52.488853, 83.982430, 56.595867</td>
<td>520, 4, 24</td>
</tr>
<tr>
<td>gYuZJ YNvSHC</td>
<td>496806647</td>
<td>365952719</td>
<td>60.006222, 83.786667, 32.168850, 59.661819</td>
<td>1514, 6, 13</td>
</tr>
<tr>
<td>vkJX rdd</td>
<td>105908580</td>
<td>873928946</td>
<td>72.541458, 89.902931, 63.713184, 80.998024</td>
<td>687, 8, 25</td>
</tr>
<tr>
<td>ckZY HaVYEoP</td>
<td>212466600</td>
<td>474493524</td>
<td>50.864548, 0.308827, 66.782143, 80.894333</td>
<td>1579, 7, 19</td>
</tr>
<tr>
<td>C QvB</td>
<td>169121752</td>
<td>960996557</td>
<td>90.712685, 34.976254, 95.614853, 36.923950</td>
<td>1964, 1, 2</td>
</tr>
<tr>
<td>cHoM AZGdpDH</td>
<td>36298753</td>
<td>558746198</td>
<td>69.543869, 73.768456, 27.422815, 58.405869</td>
<td>1101, 1, 16</td>
</tr>
<tr>
<td>BWfZLE VM</td>
<td>149011345</td>
<td>220965985</td>
<td>36.263638, 0.839822, 86.335434, 15.356159</td>
<td>1253, 2, 14</td>
</tr>
<tr>
<td>vA U</td>
<td>83226053</td>
<td>283824042</td>
<td>55.246834, 54.824341, 3.781731, 47.489372</td>
<td>1520, 1, 1</td>
</tr>
<tr>
<td>WM VufS</td>
<td>234415091</td>
<td>131844338</td>
<td>32.443256, 49.136078, 22.487188, 26.361845</td>
<td>1073, 2, 20</td>
</tr>
<tr>
<td>Jpz PGfVBGgo</td>
<td>201057983</td>
<td>260007494</td>
<td>8.001673, 91.160713, 39.379314, 58.789856</td>
<td>421, 5, 30</td>
</tr>
<tr>
<td>rEZv ha</td>
<td>327315324</td>
<td>868856418</td>
<td>87.401474, 93.469154, 66.005852, 44.153965</td>
<td>1245, 4, 6</td>
</tr>
<tr>
<td>X ignrii</td>
<td>229330871</td>
<td>845701500</td>
<td>91.397118, 38.620712, 6.586992, 4.185352</td>
<td>509, 12, 3</td>
</tr>
<tr>
<td>AcZDBxL d</td>
<td>193847731</td>
<td>966133189</td>
<td>59.843002, 80.831482, 52.962429, 95.933601</td>
<td>1389, 2, 8</td>
</tr>
<tr>
<td>pUGcsz N</td>
<td>209524519</td>
<td>837522295</td>
<td>35.364605, 0.373696, 90.150352, 94.037247</td>
<td>739, 9, 24</td>
</tr>
<tr>
<td>UpKspE un</td>
<td>116326893</td>
<td>678066352</td>
<td>66.200783, 62.534698, 52.223270, 4.457530</td>
<td>927, 6, 22</td>
</tr>
<tr>
<td>Y iF</td>
<td>286417536</td>
<td>390639017</td>
<td>40.099194, 58.053101, 61.644066, 48.342541</td>
<td>1562, 1, 29</td>
</tr>
<tr>
<td>MDCAHh CeqZ</td>
<td>77636446</td>
<td>172064649</td>
<td>39.403027, 98.657730, 99.577728, 93.771141</td>
<td>973, 4, 11</td>
</tr>
<tr>
<td>bzxKrjV fzabAry</td>
<td>146532482</td>
<td>857444410</td>
<td>51.605412, 12.592212, 26.114838, 19.085207</td>
<td>3, 1, 30</td>
</tr>
<tr>
<td>dSZArW YqpRQTbL</td>
<td>366230336</td>
<td>601555817</td>
<td>95.467514, 26.940620, 19.943771, 13.926500</td>
<td>1927, 4, 23</td>
</tr>
<tr>
<td>A dFkpxsPV</td>
<td>186012683</td>
<td>913193996</td>
<td>31.266308, 41.449345, 28.434692, 75.257011</td>
<td>422, 11, 4</td>
</tr>
<tr>
<td>U EeqN</td>
<td>258006606</td>
<td>279439312</td>
<td>10.193211, 58.357750, 12.812785, 92.321739</td>
<td>351, 9, 28</td>
</tr>
<tr>
<td>y p</td>
<td>316199884</td>
<td>953843289</td>
<td>61.633121, 70.098877, 94.522545, 7.312978</td>
<td>1300, 1, 12</td>
</tr>
<tr>
<td>gZBwP ir</td>
<td>119741061</td>
<td>306939943</td>
<td>78.336029, 72.683357, 22.460087, 84.156212</td>
<td>1048, 8, 11</td>
</tr>
<tr>
<td>jtdYkL Daw</td>
<td>211700659</td>
<td>788229761</td>
<td>27.162352, 49.767597, 92.775261, 72.799675</td>
<td>1453, 12, 10</td>
</tr>
<tr>
<td>CTLZz k</td>
<td>226762555</td>
<td>319453896</td>
<td>23.047050, 84.192253, 9.067189, 48.333088</td>
<td>572, 7, 17</td>
</tr>
<tr>
<td>RqBgw gb</td>
<td>178429463</td>
<td>418225074</td>
<td>14.322212, 51.241116, 8.192354, 80.110413</td>
<td>926, 6, 13</td>
</tr>
<tr>
<td>j rfKEHgq</td>
<td>214032042</td>
<td>982604414</td>
<td>12.256890, 71.658028, 93.558006, 14.996493</td>
<td>1839, 9, 26</td>
</tr>
<tr>
<td>SaBGaPKw YcHyqSL</td>
<td>99187663</td>
<td>877042206</td>
<td>44.911938, 43.124489, 70.525269, 13.706773</td>
<td>1769, 6, 7</td>
</tr>
<tr>
<td>AWRh XWGsv</td>
<td>451820838</td>
<td>696999411</td>
<td>25.904816, 86.553337, 18.911043, 35.591839</td>
<td>1887, 6, 21</td>
</tr>
<tr>
<td>suUEdoR qPKe</td>
<td>284881596</td>
<td>800895075</td>
<td>38.044270, 36.504799, 63.438812, 17.828321</td>
<td>1832, 4, 23</td>
</tr>
<tr>
<td>ARNGSVqs nCu</td>
<td>399635316</td>
<td>242663912</td>
<td>16.853594, 38.809132, 96.767830, 15.378387</td>
<td>1622, 12, 20</td>
</tr>
<tr>
<td>GUtKnDp QaTLzWf</td>
<td>16094695</td>
<td>664064164</td>
<td>82.306633, 34.900135, 10.995749, 52.905285</td>
<td>1151, 10, 4</td>
</tr>
<tr>
<td>MJUn KBp</td>
<td>475090830</td>
<td>939411041</td>
<td>37.904423, 79.478981, 75.124863, 62.241543</td>
<td>1041, 10, 22</td>
</tr>
<tr>
<td>TPRQiyK sChp</td>
<td>350967902</td>
<td>754405776</td>
<td>63.762932, 95.421791, 96.466873, 27.423752</td>
<td>1880, 5, 4</td>
</tr>
<tr>
<td>TvfNpqsf grZcTCDf</td>
<td>103613125</td>
<td>319338094</td>
<td>57.490086, 35.180244, 46.294033, 92.649521</td>
<td>653, 6, 4</td>
</tr>
<tr>
<td>ax R</td>
<td>317374319</td>
<td>734494578</td>
<td>17.512993, 34.268742, 8.367494, 70.564690</td>
<td>1423, 9, 16</td>
</tr>
<tr>
<td>o JQ</td>
<td>62130169</td>
<td>807035314</td>
<td>49.066948, 77.175491, 65.135223, 25.347183</td>
<td>924, 12, 18</td>
</tr>
<tr>
<td>o vmCrrarh</td>
<td>42167753</td>
<td>949388795</td>
<td>33.976677, 98.765205, 95.063812, 70.597588</td>
<td>125, 10, 8</td>
</tr>
<tr>
<td>nGW bSa</td>
<td>33646706</td>
<td>924721784</td>
<td>47.882431, 14.893385, 3.302421, 57.039753</td>
<td>1726, 1, 25</td>
</tr>
<tr>
<td>SRgR q</td>
<td>138873092</td>
<td>675109299</td>
<td>49.402336, 13.128360, 61.348694, 63.575836</td>
<td>1141, 10, 5</td>
</tr>
<tr>
<td>rQnhZ bfxePa</td>
<td>420691147</td>
<td>880961549</td>
<td>49.269444, 9.440407, 97.025009, 16.702978</td>
<td>587, 11, 13</td>
</tr>
<tr>
<td>EVN PM</td>
<td>402054415</td>
<td>499271595</td>
<td>41.039028, 14.426310, 67.158501, 83.576393</td>
<td>18, 7, 4</td>
</tr>
<tr>
<td>MptKNB ArtVD</td>
<td>298512170</td>
<td>124929731</td>
<td>16.959101, 64.802322, 0.417026, 35.874825</td>
<td>982, 11, 13</td>
</tr>
<tr>
<td>eiLy qTcpvSv</td>
<td>338885119</td>
<td>167741072</td>
<td>27.705334, 85.891350, 22.631306, 24.302584</td>
<td>683, 1, 9</td>
</tr>
<tr>
<td>JvCeW vTacoR</td>
<td>445718821</td>
<td>671517656</td>
<td>44.374474, 46.960575, 67.323822, 9.599262</td>
<td>696, 1, 10</td>
</tr>
<tr>
<td>toXXWYtL QCPQRQS</td>
<td>274067018</td>
<td>679161527</td>
<td>41.755733, 7.760316, 93.646095, 15.992946</td>
<td>830, 2, 3</td>
</tr>
<tr>
<td>wkahd CW</td>
<td>433869233</td>
<td>902281869</td>
<td>47.458004, 59.361595, 80.616409, 63.929512</td>
<td>1634, 11, 4</td>
</tr>
<tr>
<td>SeskR DVmBbtQ</td>
<td>329084575</td>
<td>041062284</td>
<td>41.363647, 53.454319, 76.902359, 68.351837</td>
<td>322, 9, 19</td>
</tr>
<tr>
<td>eCCUpeUe BQPz</td>
<td>26226762</td>
<td>953496605</td>
<td>33.040436, 36.649109, 18.758020, 50.808270</td>
<td>1608, 1, 23</td>
</tr>
<tr>
<td>qKsgpBG b</td>
<td>29967032</td>
<td>166714603</td>
<td>87.151047, 27.044512, 16.446257, 93.648254</td>
<td>401, 9, 11</td>
</tr>
<tr>
<td>qfgJzYtU TegPDyJ</td>
<td>171355366</td>
<td>089971762</td>
<td>32.252663, 52.082367, 38.141689, 35.605320</td>
<td>781, 2, 3</td>
</tr>
<tr>
<td>wRcSy yqZhiia</td>
<td>322201931</td>
<td>892756766</td>
<td>70.123741, 40.097404, 54.457752, 0.741296</td>
<td>322, 5, 9</td>
</tr>
<tr>
<td>EwJJLP EFkBb</td>
<td>421927107</td>
<td>969993553</td>
<td>59.374897, 49.860741, 89.186546, 38.850098</td>
<td>541, 5, 24</td>
</tr>
<tr>
<td>iXVR UTyBzDV</td>
<td>201191025</td>
<td>748687539</td>
<td>59.883221, 34.979897, 62.681099, 55.011150</td>
<td>1565, 7, 21</td>
</tr>
<tr>
<td>rAEReq jp</td>
<td>69278008</td>
<td>905850800</td>
<td>82.723640, 32.228394, 7.105850, 6.415926</td>
<td>605, 1, 11</td>
</tr>
<tr>
<td>TFGavc LemYcGR</td>
<td>299374280</td>
<td>693875620</td>
<td>17.030972, 44.328205, 29.384615, 71.953682</td>
<td>238, 11, 26</td>
</tr>
<tr>
<td>KeAHVSHh Jgp</td>
<td>308425466</td>
<td>706133717</td>
<td>41.654007, 61.186588, 67.519760, 34.800453</td>
<td>933, 9, 9</td>
</tr>
<tr>
<td>ra CEFzxEV</td>
<td>348319216</td>
<td>906350134</td>
<td>89.974953, 59.001892, 19.275364, 73.536400</td>
<td>126, 11, 1</td>
</tr>
<tr>
<td>iac DCZgZQbs</td>
<td>426264627</td>
<td>220390158</td>
<td>35.130276, 11.570987, 32.468700, 71.609962</td>
<td>941, 10, 23</td>
</tr>
<tr>
<td>uA rsRnXrxC</td>
<td>157149500</td>
<td>975305168</td>
<td>48.548435, 2.184753, 66.846497, 98.850494</td>
<td>842, 12, 8</td>
</tr>
<tr>
<td>yXudgpeJ H</td>
<td>25725564</td>
<td>222049356</td>
<td>62.091080, 97.426086, 41.896507, 4.558769</td>
<td>1585, 9, 28</td>
</tr>
<tr>
<td>aVZg Rvaz</td>
<td>246209772</td>
<td>233752417</td>
<td>9.041428, 97.352287, 66.290581, 40.942993</td>
<td>1583, 11, 30</td>
</tr>
<tr>
<td>zQd uEe</td>
<td>399814112</td>
<td>319426826</td>
<td>0.628652, 99.733566, 77.328026, 67.559875</td>
<td>529, 6, 24</td>
</tr>
<tr>
<td>t fX</td>
<td>96300393</td>
<td>823937975</td>
<td>89.020729, 35.600960, 24.422016, 11.438386</td>
<td>538, 5, 13</td>
</tr>
<tr>
<td>YbKs cdJXGcHB</td>
<td>304547727</td>
<td>518453956</td>
<td>40.453182, 66.778450, 35.237766, 89.640854</td>
<td>846, 10, 29</td>
</tr>
<tr>
<td>GFMG FHCQfzLJ</td>
<td>247729808</td>
<td>766289377</td>
<td>37.004272, 9.323274, 73.840477, 61.968060</td>
<td>1173, 11, 11</td>
</tr>
<tr>
<td>HzYML KTj</td>
<td>219576171</td>
<td>417188686</td>
<td>74.385193, 44.074841, 9.777912, 19.960634</td>
<td>710, 3, 10</td>
</tr>
<tr>
<td>zC giWvs</td>
<td>330153312</td>
<td>086352094</td>
<td>70.830971, 5.820390, 2.171739, 88.424706</td>
<td>1091, 6, 8</td>
</tr>
<tr>
<td>KCNMEKav nUE</td>
<td>188526455</td>
<td>867524945</td>
<td>83.768066, 30.734194, 45.724995, 21.407259</td>
<td>849, 6, 2</td>
</tr>
<tr>
<td>zo hp</td>
<td>178520337</td>
<td>875484467</td>
<td>50.449547, 46.555500, 62.149673, 29.845266</td>
<td>1109, 10, 21</td>
</tr>
<tr>
<td>CWFDvm CdarkW</td>
<td>178780990</td>
<td>783569868</td>
<td>21.927069, 92.731911, 91.026726, 70.879982</td>
<td>49, 11, 17</td>
</tr>
<tr>
<td>BqcPTd hqxiprC</td>
<td>26744290</td>
<td>119978008</td>
<td>61.509850, 63.338272, 15.750636, 61.464561</td>
<td>357, 8, 4</td>
</tr>
<tr>
<td>SV tfmYgCfG</td>
<td>49473789</td>
<td>222292537</td>
<td>56.054955, 71.089058, 61.006721, 37.102219</td>
<td>939, 12, 21</td>
</tr>
<tr>
<td>nW BR</td>
<td>93561446</td>
<td>736449888</td>
<td>82.416794, 63.153564, 51.639462, 12.864062</td>
<td>1109, 1, 22</td>
</tr>
<tr>
<td>sCwvT UyR</td>
<td>296444831</td>
<td>349801264</td>
<td>79.786880, 38.131977, 77.945709, 30.359215</td>
<td>1206, 1, 16</td>
</tr>
<tr>
<td>Bu kvPxHS</td>
<td>169675400</td>
<td>209006751</td>
<td>0.239767, 92.521996, 63.952579, 25.830704</td>
<td>1937, 8, 30</td>
</tr>
<tr>
<td>WSYTPf A</td>
<td>257424523</td>
<td>209098638</td>
<td>57.535839, 97.135033, 40.463570, 74.508385</td>
<td>1177, 11, 27</td>
</tr>
<tr>
<td>c zAs</td>
<td>45394722</td>
<td>404269905</td>
<td>15.492727, 2.952557, 43.669598, 97.826942</td>
<td>207, 11, 12</td>
</tr>
<tr>
<td>TiqKbM ipCG</td>
<td>46247137</td>
<td>933029493</td>
<td>80.207306, 6.588389, 70.076530, 13.436411</td>
<td>211, 7, 11</td>
</tr>
<tr>
<td>xThiBgLW Sw</td>
<td>488138167</td>
<td>145862181</td>
<td>30.060465, 12.838693, 99.229897, 51.166824</td>
<td>777, 7, 21</td>
</tr>
<tr>
<td>E qwHp</td>
<td>258725857</td>
<td>953099642</td>
<td>10.161245, 74.472664, 67.575966, 84.345566</td>
<td>829, 12, 14</td>
</tr>
<tr>
<td>Mbm PZmA</td>
<td>366036221</td>
<td>233604505</td>
<td>90.499451, 54.795063, 59.542343, 21.062464</td>
<td>214, 8, 15</td>
</tr>
<tr>
<td>bmvvfDL dkq</td>
<td>31087842</td>
<td>902905921</td>
<td>10.841148, 89.950012, 97.097580, 85.463486</td>
<td>1272, 7, 31</td>
</tr>
<tr>
<td>zPJpLDnb CDHdvjBp</td>
<td>75725115</td>
<td>649583466</td>
<td>46.517521, 74.692993, 72.693565, 3.765120</td>
<td>1924, 11, 31</td>
</tr>
<tr>
<td>crKbBfMF sMy</td>
<td>211352505</td>
<td>611049126</td>
<td>45.097034, 10.965685, 25.268330, 65.646194</td>
<td>904, 10, 1</td>
</tr>
<tr>
<td>D WECS</td>
<td>448855776</td>
<td>478142759</td>
<td>20.448011, 77.114723, 10.419393, 19.185623</td>
<td>1895, 5, 22</td>
</tr>
<tr>
<td>UTVHTD k</td>
<td>179818193</td>
<td>403379211</td>
<td>15.708138, 55.344460, 95.351776, 75.290169</td>
<td>1020, 11, 13</td>
</tr>
<tr>
<td>iiCTVVKc ryoaxf</td>
<td>225143687</td>
<td>920208926</td>
<td>93.866028, 39.994675, 81.757080, 58.805065</td>
<td>1290, 12, 16</td>
</tr>
<tr>
<td>voWynff QAes</td>
<td>490811704</td>
<td>895768252</td>
<td>83.039406, 36.865112, 34.543682, 20.141792</td>
<td>1699, 12, 30</td>
</tr>
<tr>
<td>oLCDPkr rJZbUpAS</td>
<td>231723612</td>
<td>383513206</td>
<td>75.473534, 92.525536, 23.389313, 49.821949</td>
<td>1741, 2, 7</td>
</tr>
<tr>
<td>PUcCcKzc ms</td>
<td>110566101</td>
<td>980598867</td>
<td>24.615143, 9.699114, 23.424173, 52.585308</td>
<td>2010, 2, 8</td>
</tr>
<tr>
<td>Vr q</td>
<td>274204502</td>
<td>068852874</td>
<td>26.777847, 1.386645, 1.215890, 82.303658</td>
<td>1958, 4, 20</td>
</tr>
<tr>
<td>ma LsmwJdz</td>
<td>4137210</td>
<td>250000984</td>
<td>62.712746, 79.509468, 81.889000, 1.280759</td>
<td>1447, 11, 17</td>
</tr>
<tr>
<td>CSU kpSQk</td>
<td>111905202</td>
<td>386783163</td>
<td>91.873535, 25.294415, 58.855518, 94.550621</td>
<td>1677, 10, 30</td>
</tr>
<tr>
<td>KhjkMcM J</td>
<td>307760374</td>
<td>519590571</td>
<td>39.363411, 21.847403, 43.111729, 93.329086</td>
<td>389, 9, 28</td>
</tr>
<tr>
<td>rhwswzY LXu</td>
<td>305401594</td>
<td>158056474</td>
<td>48.661427, 1.120676, 88.288490, 3.439476</td>
<td>1208, 3, 10</td>
</tr>
<tr>
<td>eoYgw yYDKjP</td>
<td>292809812</td>
<td>235352934</td>
<td>96.428711, 34.205833, 43.405174, 27.085129</td>
<td>1521, 11, 8</td>
</tr>
<tr>
<td>f yi</td>
<td>127682346</td>
<td>693837108</td>
<td>18.440565, 13.426400, 22.317360, 65.122879</td>
<td>225, 10, 28</td>
</tr>
<tr>
<td>CtEaMW pTbnMR</td>
<td>93872220</td>
<td>673095356</td>
<td>99.884659, 92.091743, 41.647415, 20.422020</td>
<td>1313, 4, 12</td>
</tr>
<tr>
<td>myZzfAX ri</td>
<td>51884505</td>
<td>495821512</td>
<td>65.242966, 88.208778, 13.855315, 41.816242</td>
<td>146, 9, 11</td>
</tr>
<tr>
<td>xLZNzcCu ZUFyb</td>
<td>180025475</td>
<td>838279927</td>
<td>33.196411, 84.617775, 35.384907, 79.317924</td>
<td>802, 9, 28</td>
</tr>
<tr>
<td>xVGMQ DVrmtdwX</td>
<td>207989365</td>
<td>762802771</td>
<td>33.941475, 9.878547, 27.667589, 42.039925</td>
<td>1252, 9, 25</td>
</tr>
<tr>
<td>QJS XX</td>
<td>498987996</td>
<td>456049490</td>
<td>86.332893, 94.718681, 88.063599, 47.696976</td>
<td>1836, 7, 21</td>
</tr>
<tr>
<td>J hTY</td>
<td>231655141</td>
<td>264282282</td>
<td>13.456326, 93.837524, 95.714226, 19.905581</td>
<td>837, 3, 27</td>
</tr>
<tr>
<td>WXavm XKwCbTTP</td>
<td>115555991</td>
<td>238323019</td>
<td>88.663971, 60.862968, 11.022665, 84.425407</td>
<td>1258, 1, 13</td>
</tr>
<tr>
<td>v hPxbhbw</td>
<td>443191713</td>
<td>106920094</td>
<td>89.308800, 48.312107, 32.803883, 83.325043</td>
<td>816, 2, 27</td>
</tr>
<tr>
<td>TjC tf</td>
<td>342063701</td>
<td>038633287</td>
<td>22.522280, 84.468224, 75.625076, 57.446541</td>
<td>866, 5, 18</td>
</tr>
<tr>
<td>VokwXFwo hRA</td>
<td>117936646</td>
<td>853902272</td>
<td>80.765427, 40.447105, 46.685642, 19.197895</td>
<td>359, 12, 2</td>
</tr>
<tr>
<td>YTf gYK</td>
<td>482519540</td>
<td>609789865</td>
<td>91.645149, 68.399544, 38.184570, 22.628893</td>
<td>1407, 7, 16</td>
</tr>
<tr>
<td>SEFCN SWtJB</td>
<td>465099358</td>
<td>392439569</td>
<td>13.435127, 35.257824, 14.398885, 95.062851</td>
<td>1333, 11, 29</td>
</tr>
<tr>
<td>Rz UABiTCUB</td>
<td>104448320</td>
<td>971159058</td>
<td>13.170008, 67.302444, 92.785004, 52.396477</td>
<td>583, 2, 26</td>
</tr>
<tr>
<td>PAr AKmyat</td>
<td>238466727</td>
<td>439485234</td>
<td>0.901698, 89.931458, 38.169945, 89.568451</td>
<td>1405, 6, 20</td>
</tr>
<tr>
<td>WHwZ n</td>
<td>321768189</td>
<td>166705488</td>
<td>89.752563, 2.995876, 67.109077, 74.772903</td>
<td>770, 6, 25</td>
</tr>
<tr>
<td>L ibCE</td>
<td>43199302</td>
<td>321344873</td>
<td>5.668405, 8.871229, 2.955855, 44.489555</td>
<td>615, 6, 26</td>
</tr>
<tr>
<td>z WLwSJhpZ</td>
<td>42357714</td>
<td>364929813</td>
<td>21.449356, 56.599083, 87.597931, 27.887335</td>
<td>941, 10, 11</td>
</tr>
<tr>
<td>JdreB Ugg</td>
<td>18092687</td>
<td>151247641</td>
<td>99.712219, 5.860323, 33.876083, 70.696007</td>
<td>2004, 4, 21</td>
</tr>
<tr>
<td>JsASipg K</td>
<td>64563695</td>
<td>393291941</td>
<td>84.498299, 8.354504, 18.315727, 26.018694</td>
<td>1972, 12, 27</td>
</tr>
<tr>
<td>dByN c</td>
<td>205014999</td>
<td>090732801</td>
<td>88.960434, 87.751892, 85.517387, 11.006756</td>
<td>590, 5, 8</td>
</tr>
<tr>
<td>yRiVrChQ MemGakSN</td>
<td>324757104</td>
<td>383014784</td>
<td>49.244640, 97.181374, 3.481491, 99.220016</td>
<td>1533, 9, 3</td>
</tr>
<tr>
<td>FcmxZYcL oYeUa</td>
<td>462174897</td>
<td>862602715</td>
<td>75.001228, 82.210968, 67.077705, 81.274162</td>
<td>110, 8, 23</td>
</tr>
<tr>
<td>XyFBvw x</td>
<td>458497385</td>
<td>746967315</td>
<td>11.650358, 2.963443, 57.283119, 16.886534</td>
<td>873, 6, 25</td>
</tr>
<tr>
<td>qnxCUhQS W</td>
<td>302618383</td>
<td>690809861</td>
<td>4.244104, 28.909782, 82.123344, 32.386913</td>
<td>886, 9, 30</td>
</tr>
<tr>
<td>U FNcZAZC</td>
<td>48711387</td>
<td>027557233</td>
<td>14.061060, 97.060318, 18.735909, 30.639475</td>
<td>966, 5, 18</td>
</tr>
<tr>
<td>mwz pJyo</td>
<td>294782501</td>
<td>166982578</td>
<td>45.421051, 83.745171, 3.698349, 45.790096</td>
<td>2004, 8, 21</td>
</tr>
<tr>
<td>p W</td>
<td>473062809</td>
<td>314157829</td>
<td>2.355462, 89.523766, 21.831549, 41.997086</td>
<td>349, 1, 4</td>
</tr>
<tr>
<td>pHcirk mPSQKkTA</td>
<td>153413626</td>
<td>359252877</td>
<td>8.499875, 7.210886, 80.190598, 83.747208</td>
<td>332, 11, 23</td>
</tr>
<tr>
<td>q Cgg</td>
<td>196913744</td>
<td>295178446</td>
<td>38.082241, 44.304428, 59.745548, 35.663288</td>
<td>196, 4, 16</td>
</tr>
<tr>
<td>mwFG y</td>
<td>24563729</td>
<td>265294970</td>
<td>12.869265, 77.862610, 63.696720, 34.283623</td>
<td>1824, 9, 21</td>
</tr>
<tr>
<td>hiTECKm zpfTAt</td>
<td>369654843</td>
<td>863814494</td>
<td>10.568395, 56.818333, 4.144483, 29.324656</td>
<td>368, 10, 23</td>
</tr>
<tr>
<td>sRYza AGwhrW</td>
<td>8247652</td>
<td>686854339</td>
<td>63.427254, 36.302238, 91.731606, 79.502800</td>
<td>230, 7, 28</td>
</tr>
<tr>
<td>zuYqvN gVk</td>
<td>21880402</td>
<td>915635166</td>
<td>81.434975, 2.871622, 51.605995, 99.276581</td>
<td>1315, 6, 14</td>
</tr>
<tr>
<td>jsBx S</td>
<td>197009724</td>
<td>490275619</td>
<td>58.414066, 55.847836, 54.126003, 19.022125</td>
<td>995, 3, 1</td>
</tr>
<tr>
<td>HZDrRtr vi</td>
<td>457541286</td>
<td>342590463</td>
<td>7.432597, 82.264191, 94.898621, 44.862141</td>
<td>1141, 1, 21</td>
</tr>
<tr>
<td>vdA XpAkc</td>
<td>176949380</td>
<td>898569518</td>
<td>71.177689, 24.343719, 24.067398, 98.810936</td>
<td>1162, 4, 9</td>
</tr>
<tr>
<td>Qrn YtrsVD</td>
<td>364581428</td>
<td>610900768</td>
<td>23.522243, 88.543724, 87.252197, 44.663082</td>
<td>754, 10, 26</td>
</tr>
<tr>
<td>jfhQ fcep</td>
<td>11274612</td>
<td>783131811</td>
<td>12.783959, 50.991894, 30.326157, 51.686214</td>
<td>735, 4, 19</td>
</tr>
<tr>
<td>aF hKKGdL</td>
<td>271901296</td>
<td>082647186</td>
<td>89.847000, 16.649158, 71.802940, 9.050808</td>
<td>1353, 12, 27</td>
</tr>
<tr>
<td>quo VWp</td>
<td>129199539</td>
<td>697756905</td>
<td>80.471046, 96.291733, 36.870567, 4.850532</td>
<td>778, 2, 16</td>
</tr>
<tr>
<td>nrSNp zxJvyLU</td>
<td>165165042</td>
<td>950967030</td>
<td>29.885698, 5.847057, 96.794342, 95.265266</td>
<td>2004, 1, 14</td>
</tr>
<tr>
<td>fHCNrU tEvRqTNk</td>
<td>180698127</td>
<td>946303694</td>
<td>62.888447, 98.489136, 24.365265, 55.960842</td>
<td>1460, 6, 16</td>
</tr>
<tr>
<td>EAfF AjGomeyA</td>
<td>63318898</td>
<td>336800479</td>
<td>36.148663, 84.127853, 45.833969, 13.892488</td>
<td>1798, 4, 31</td>
</tr>
<tr>
<td>ktgoeMAX CZ</td>
<td>435071372</td>
<td>180860531</td>
<td>96.005501, 17.539843, 91.936913, 3.354671</td>
<td>1137, 11, 9</td>
</tr>
<tr>
<td>tTkq qZjaXmCT</td>
<td>13190225</td>
<td>259054115</td>
<td>69.432739, 85.340576, 91.310097, 27.681013</td>
<td>1075, 4, 9</td>
</tr>
<tr>
<td>EQ iECg</td>
<td>216197122</td>
<td>948027299</td>
<td>35.908749, 4.912371, 93.339806, 88.513260</td>
<td>954, 3, 11</td>
</tr>
<tr>
<td>KnEk D</td>
<td>108236052</td>
<td>700135236</td>
<td>85.253822, 78.332634, 8.737297, 68.535881</td>
<td>1427, 8, 30</td>
</tr>
<tr>
<td>RjyNSRpR zZPMBx</td>
<td>6598536</td>
<td>581679818</td>
<td>79.393974, 0.672669, 34.229980, 23.512180</td>
<td>1043, 12, 2</td>
</tr>
<tr>
<td>YZR YwrjPFi</td>
<td>32106200</td>
<td>508491583</td>
<td>21.091965, 4.538414, 38.798416, 15.096030</td>
<td>1414, 5, 6</td>
</tr>
<tr>
<td>GryXLJq i</td>
<td>279095881</td>
<td>171916894</td>
<td>7.503838, 87.434402, 38.989864, 43.607574</td>
<td>1114, 3, 18</td>
</tr>
<tr>
<td>hzzhtodF NNRfENx</td>
<td>437180386</td>
<td>177238752</td>
<td>88.276825, 42.672318, 79.734253, 23.565325</td>
<td>365, 7, 19</td>
</tr>
<tr>
<td>TMdYJSdS h</td>
<td>36040247</td>
<td>334840897</td>
<td>10.948587, 18.116949, 9.380697, 81.101784</td>
<td>338, 7, 18</td>
</tr>
<tr>
<td>YGeHmoY sEDddf</td>
<td>13458005</td>
<td>892570246</td>
<td>77.397171, 38.378059, 87.202621, 1.955537</td>
<td>1675, 1, 14</td>
</tr>
<tr>
<td>mLviqFbV uft</td>
<td>18886215</td>
<td>017777676</td>
<td>28.944439, 90.697937, 34.834644, 75.342422</td>
<td>1620, 10, 7</td>
</tr>
<tr>
<td>P XfyaTZ</td>
<td>188974880</td>
<td>981609192</td>
<td>22.731239, 80.748703, 88.253647, 7.133718</td>
<td>1984, 9, 23</td>
</tr>
<tr>
<td>UyLRX VDEqYow</td>
<td>385718103</td>
<td>673843265</td>
<td>80.204636, 51.754826, 48.177723, 81.221565</td>
<td>74, 3, 13</td>
</tr>
<tr>
<td>thuKZG FQwg</td>
<td>150629978</td>
<td>703051237</td>
<td>41.375175, 22.492821, 37.563534, 28.805599</td>
<td>1754, 1, 21</td>
</tr>
<tr>
<td>mwwd goUbqb</td>
<td>263432826</td>
<td>045020369</td>
<td>0.802900, 86.660713, 96.370399, 21.654556</td>
<td>1759, 12, 8</td>
</tr>
<tr>
<td>cSuBFUo Gg</td>
<td>118887508</td>
<td>246688798</td>
<td>37.949471, 14.380062, 98.178917, 79.789398</td>
<td>1798, 12, 19</td>
</tr>
<tr>
<td>aXf e</td>
<td>433962427</td>
<td>185444979</td>
<td>1.399091, 51.679802, 60.343483, 56.729595</td>
<td>1544, 8, 24</td>
</tr>
<tr>
<td>XFu XwXgy</td>
<td>138198548</td>
<td>790730272</td>
<td>48.902237, 64.317993, 45.876492, 37.789276</td>
<td>1148, 2, 10</td>
</tr>
<tr>
<td>Aem AoCMo</td>
<td>364529196</td>
<td>767168927</td>
<td>46.707310, 29.258574, 88.535973, 41.879101</td>
<td>1793, 1, 29</td>
</tr>
<tr>
<td>Kg NyScm</td>
<td>441159808</td>
<td>601888290</td>
<td>15.134105, 50.585754, 0.024019, 87.735985</td>
<td>699, 3, 11</td>
</tr>
<tr>
<td>oxbnX dRBdmqY</td>
<td>355410897</td>
<td>392747070</td>
<td>64.146011, 9.468999, 25.127581, 90.350197</td>
<td>691, 10, 6</td>
</tr>
<tr>
<td>AnSp KLAcd</td>
<td>143243281</td>
<td>356178623</td>
<td>94.765282, 45.885990, 43.132103, 83.986458</td>
<td>710, 5, 20</td>
</tr>
<tr>
<td>t NMCBo</td>
<td>200334831</td>
<td>560081422</td>
<td>96.917366, 3.947548, 32.279179, 49.828529</td>
<td>1648, 2, 19</td>
</tr>
<tr>
<td>Rc tKS</td>
<td>28285859</td>
<td>798616772</td>
<td>47.425915, 53.991009, 97.222298, 26.628801</td>
<td>1720, 4, 30</td>
</tr>
<tr>
<td>bMQS kpxh</td>
<td>239654206</td>
<td>050072327</td>
<td>64.159683, 6.920593, 66.252357, 73.578514</td>
<td>134, 1, 15</td>
</tr>
<tr>
<td>owrdmkNj gD</td>
<td>102555023</td>
<td>187475461</td>
<td>41.837704, 90.668396, 78.109398, 78.204079</td>
<td>584, 12, 18</td>
</tr>
<tr>
<td>Us vcN</td>
<td>384007668</td>
<td>113525351</td>
<td>98.060661, 25.626141, 88.930946, 76.069359</td>
<td>459, 6, 30</td>
</tr>
<tr>
<td>sRphhcwJ kDQJofpM</td>
<td>377549965</td>
<td>539836860</td>
<td>63.445911, 13.135795, 65.180710, 19.750671</td>
<td>1057, 10, 24</td>
</tr>
<tr>
<td>ZtUD QGW</td>
<td>280264125</td>
<td>342850762</td>
<td>21.131657, 7.317805, 67.415665, 88.918159</td>
<td>1559, 5, 8</td>
</tr>
<tr>
<td>VEptN XmjJD</td>
<td>49927066</td>
<td>977100147</td>
<td>95.264580, 80.752068, 55.113865, 7.771571</td>
<td>1882, 2, 2</td>
</tr>
<tr>
<td>BDKPMS yUM</td>
<td>4766476</td>
<td>469916945</td>
<td>94.680420, 87.850266, 83.717484, 36.586754</td>
<td>1659, 2, 31</td>
</tr>
<tr>
<td>fEvtt QkAzkvKS</td>
<td>90537192</td>
<td>974249441</td>
<td>19.126343, 21.730400, 12.129828, 7.000969</td>
<td>117, 3, 16</td>
</tr>
<tr>
<td>JHRHCe SQSBphH</td>
<td>182388586</td>
<td>149266186</td>
<td>91.440102, 45.562004, 28.841124, 73.487900</td>
<td>473, 6, 17</td>
</tr>
<tr>
<td>T DB</td>
<td>213207368</td>
<td>923292946</td>
<td>77.569366, 34.395004, 87.292152, 39.740936</td>
<td>1911, 4, 23</td>
</tr>
<tr>
<td>DRaR CVS</td>
<td>59369084</td>
<td>336096138</td>
<td>24.655050, 11.505565, 5.502676, 81.445885</td>
<td>1734, 2, 25</td>
</tr>
<tr>
<td>ftRp FUWnyb</td>
<td>488710755</td>
<td>700163563</td>
<td>17.132767, 11.078447, 67.574272, 43.553150</td>
<td>924, 6, 6</td>
</tr>
<tr>
<td>JQkbCDJ LLEk</td>
<td>467203155</td>
<td>955859889</td>
<td>49.748905, 72.697792, 78.951866, 30.022709</td>
<td>1334, 10, 23</td>
</tr>
<tr>
<td>yD jPDrAdn</td>
<td>360112962</td>
<td>653454866</td>
<td>74.579033, 95.013229, 61.940971, 63.987057</td>
<td>439, 1, 17</td>
</tr>
<tr>
<td>XmdCDj EmgCB</td>
<td>281755413</td>
<td>777876539</td>
<td>12.985549, 68.861153, 42.227222, 21.529062</td>
<td>116, 2, 15</td>
</tr>
<tr>
<td>TiPFhbca Z</td>
<td>306190120</td>
<td>813575585</td>
<td>28.937654, 1.284342, 62.972080, 24.981636</td>
<td>971, 10, 5</td>
</tr>
<tr>
<td>Zm iJQ</td>
<td>358158017</td>
<td>955622625</td>
<td>91.405205, 64.512047, 53.370239, 6.638318</td>
<td>1576, 4, 26</td>
</tr>
<tr>
<td>Wuoxi ozMLKX</td>
<td>322540677</td>
<td>021897795</td>
<td>3.625978, 85.137230, 38.318813, 39.345619</td>
<td>627, 4, 22</td>
</tr>
<tr>
<td>tgNJjX SQaoxv</td>
<td>408893467</td>
<td>905652580</td>
<td>83.994965, 58.640854, 67.129852, 65.812614</td>
<td>62, 11, 7</td>
</tr>
<tr>
<td>bC RvQQH</td>
<td>187012424</td>
<td>511122644</td>
<td>81.235718, 20.531361, 87.961838, 35.762722</td>
<td>854, 11, 10</td>
</tr>
<tr>
<td>NpUSFFji j</td>
<td>199012293</td>
<td>665529862</td>
<td>82.105057, 18.727734, 21.048737, 24.912350</td>
<td>1160, 5, 26</td>
</tr>
<tr>
<td>H geYqto</td>
<td>229190461</td>
<td>840835265</td>
<td>79.708496, 11.519826, 16.262236, 49.667130</td>
<td>1409, 2, 3</td>
</tr>
<tr>
<td>AvKU ZTnV</td>
<td>467133499</td>
<td>970948577</td>
<td>87.986130, 47.327927, 36.922943, 39.633663</td>
<td>930, 10, 21</td>
</tr>
<tr>
<td>mTcaQST U</td>
<td>5546840</td>
<td>950025581</td>
<td>13.343983, 82.147964, 50.032921, 17.709616</td>
<td>1843, 4, 2</td>
</tr>
<tr>
<td>Sde SZnEGTd</td>
<td>433400411</td>
<td>746996446</td>
<td>54.217945, 23.138952, 89.029968, 25.749746</td>
<td>1154, 11, 17</td>
</tr>
<tr>
<td>zy bKhx</td>
<td>408557516</td>
<td>001184642</td>
<td>47.659939, 9.368251, 81.825447, 80.354820</td>
<td>960, 5, 3</td>
</tr>
<tr>
<td>Xv XDspiYM</td>
<td>361508788</td>
<td>395243728</td>
<td>8.717074, 77.397850, 13.162427, 8.001043</td>
<td>230, 6, 5</td>
</tr>
<tr>
<td>vXdmkcN hdFuqaU</td>
<td>401794647</td>
<td>437720059</td>
<td>70.059906, 47.961933, 36.806465, 2.956700</td>
<td>1459, 5, 18</td>
</tr>
<tr>
<td>j zmDbsG</td>
<td>218280917</td>
<td>153434564</td>
<td>17.797115, 36.922794, 50.601589, 32.752487</td>
<td>898, 7, 28</td>
</tr>
<tr>
<td>Ppns r</td>
<td>470439996</td>
<td>002059765</td>
<td>36.977722, 24.817915, 41.294258, 30.280308</td>
<td>915, 11, 11</td>
</tr>
<tr>
<td>GJHb U</td>
<td>63661746</td>
<td>450492271</td>
<td>70.498306, 79.687073, 16.601665, 44.900097</td>
<td>1505, 7, 25</td>
</tr>
<tr>
<td>yuHXpg Y</td>
<td>372871970</td>
<td>397199968</td>
<td>84.042923, 60.230289, 0.845609, 54.564545</td>
<td>1939, 11, 13</td>
</tr>
<tr>
<td>Py ncU</td>
<td>345318234</td>
<td>843153741</td>
<td>85.078751, 10.869900, 2.041760, 68.060028</td>
<td>1698, 6, 15</td>
</tr>
<tr>
<td>AXh z</td>
<td>327528015</td>
<td>219656818</td>
<td>94.782684, 14.938677, 16.519724, 38.158081</td>
<td>1525, 5, 6</td>
</tr>
<tr>
<td>Pafg NXZcm</td>
<td>275077170</td>
<td>103214153</td>
<td>32.499722, 62.644615, 43.759388, 26.389536</td>
<td>186, 10, 11</td>
</tr>
<tr>
<td>uvCayU Cgj</td>
<td>128389214</td>
<td>159731918</td>
<td>27.071760, 44.226215, 18.344004, 51.564693</td>
<td>1636, 7, 25</td>
</tr>
<tr>
<td>qnRp WFFKBa</td>
<td>53624938</td>
<td>568995540</td>
<td>72.588623, 62.990765, 81.699219, 18.862282</td>
<td>532, 4, 1</td>
</tr>
<tr>
<td>CQgiUxG SqLYs</td>
<td>77244718</td>
<td>942672528</td>
<td>4.103756, 77.461304, 31.003685, 77.854851</td>
<td>1827, 12, 12</td>
</tr>
<tr>
<td>sEF oPrJo</td>
<td>183810517</td>
<td>355827518</td>
<td>42.560303, 69.584175, 35.635845, 55.559101</td>
<td>201, 8, 11</td>
</tr>
<tr>
<td>rPeo Kmok</td>
<td>322031413</td>
<td>532064283</td>
<td>21.727549, 77.830666, 69.072128, 98.711296</td>
<td>1670, 6, 15</td>
</tr>
<tr>
<td>SxHqCZ i</td>
<td>228178123</td>
<td>811901643</td>
<td>14.466518, 47.383858, 29.490831, 43.273964</td>
<td>1752, 2, 3</td>
</tr>
<tr>
<td>Nq LG</td>
<td>3229369</td>
<td>420614867</td>
<td>69.787148, 10.474765, 27.117273, 43.317871</td>
<td>360, 6, 20</td>
</tr>
<tr>
<td>ZjAQtv sPg</td>
<td>258340936</td>
<td>718681570</td>
<td>46.728226, 30.119701, 33.292850, 33.445782</td>
<td>331, 3, 17</td>
</tr>
<tr>
<td>QeF XUcQ</td>
<td>35989385</td>
<td>131502544</td>
<td>30.573757, 61.885487, 62.999458, 95.938919</td>
<td>171, 4, 13</td>
</tr>
<tr>
<td>wRHTUbTV aec</td>
<td>375442064</td>
<td>319290423</td>
<td>62.692024, 57.124306, 19.021278, 80.235535</td>
<td>1890, 4, 1</td>
</tr>
<tr>
<td>A K</td>
<td>345151372</td>
<td>843485692</td>
<td>89.644142, 46.411469, 78.888588, 90.488327</td>
<td>1237, 1, 1</td>
</tr>
<tr>
<td>z LKe</td>
<td>228192412</td>
<td>574471128</td>
<td>79.259789, 19.054197, 21.716080, 96.960258</td>
<td>121, 1, 6</td>
</tr>
<tr>
<td>VUac NfQ</td>
<td>232711387</td>
<td>927348937</td>
<td>89.109917, 43.978291, 66.069389, 91.748062</td>
<td>299, 4, 13</td>
</tr>
<tr>
<td>xpGCxq XzH</td>
<td>439545765</td>
<td>854242295</td>
<td>71.786041, 6.653274, 88.752525, 13.562142</td>
<td>1065, 8, 27</td>
</tr>
<tr>
<td>hf gSnrNE</td>
<td>475282268</td>
<td>136709604</td>
<td>53.322926, 21.326984, 11.185117, 60.194611</td>
<td>706, 12, 23</td>
</tr>
<tr>
<td>cdWSSPdJ PmyjSt</td>
<td>184180562</td>
<td>887210833</td>
<td>63.842525, 91.543800, 24.700853, 4.515314</td>
<td>655, 9, 24</td>
</tr>
<tr>
<td>Jz bhVC</td>
<td>36024093</td>
<td>544302300</td>
<td>81.036377, 24.126165, 51.054008, 33.908478</td>
<td>707, 10, 16</td>
</tr>
<tr>
<td>CwzFDvBz VqXVQWhE</td>
<td>489800785</td>
<td>743228146</td>
<td>1.741713, 38.274895, 17.447445, 92.743874</td>
<td>378, 4, 19</td>
</tr>
<tr>
<td>iD XCwteRZX</td>
<td>83395988</td>
<td>426479849</td>
<td>9.992934, 96.262642, 32.369770, 50.860390</td>
<td>1403, 10, 7</td>
</tr>
<tr>
<td>xVnRQFEN GpU</td>
<td>126644450</td>
<td>966270398</td>
<td>80.597298, 1.447715, 52.389111, 75.929535</td>
<td>1217, 11, 24</td>
</tr>
<tr>
<td>DAheqip gYFiSy</td>
<td>427922814</td>
<td>196700538</td>
<td>38.069405, 4.356539, 93.949486, 83.300949</td>
<td>1666, 1, 27</td>
</tr>
<tr>
<td>tFUa kVSDvqba</td>
<td>379226832</td>
<td>477125296</td>
<td>14.541183, 97.357132, 54.979897, 59.815769</td>
<td>310, 2, 16</td>
</tr>
</tbody>
</table>
