F_FF___F__FF___F_F__FFFFF_F_____FF_FF__FFFF_F_F_FF__FF_____FFFFFF__F_F_FF__F__F__FFF_F____F____FFFFF_F____F___F_FF_FF__F___FF__FFF_FFFFF_FF_FF__FF_F___F__FF__FFFF__F___FF_FF_F___FFF
__FFF_F__F__FFFFFF___FFF______FFFF_F_F_F_FFF_F_F_F_FFFFF_F__FFF__FFFF_F_FFFFF_FF_F__F_FF_FFFF__FF__FFF_FFFFF___F____FFF_F_FFF______FFFFFFFF____FFFF_FF__F_F___F____F__FFF______FF__F_
F__F_F__FFFFFFFF_FF_F___FF__FFF_F__FFF_FFFFFFF__FF___FFFFF_FF__F_F_F______FF__FF_F__FF_FFFF_____FF____FF__F_F__FF_F_F_FF_F_F____FFF_FFFFFFFF_FF_F_FFFF__FFFF_F__F_F_FF___FFF_______F_
_FFFF_FF_F_____F____F_F___F___F___FF_FFFF____FF___F__F_______F__F_FFF__FFFFFFF_F____________FF_FFFFFFFFFFF___F_FFF__FFFF_FFFF___F_FFFFF_FFFF_FF___FFF_FF_F____FF____F___F___FFF_F_FFF
__FF_FF_FF__FFFFF_F_FF__FF_F_F_FF_____FF_FF_F_FF_FF____FFF_F__F___F_F__FF__F__FFFFFF____F___F_FF_F__FFF_FF_____F_FFFF_FF__F_F_FFFFFFFF_FF_____FFF_F___F__FFF__F__FF_FFF_FFFFF__FFF_FF
____FFFF______F_FF__F___FF_F___F_____FF_F__F__F__FFFFF_____F___F_____FF_FFF__FF___FFFF_F_F____FFF___FF_FF__F___F__FF_F_FFFF___F___F___FFF__F__F__F__F_FF_F_FFF_F_FF____F__FF__F_F_F_F
FF__F_FFFFF_FF_FF_FF_F_FF_____F_FFF__FFF_F___F___F_FF_FF__F__F____F____F____F___F__F_FF_FF__F______FF_F___FFFF__F_F_F___FFF___F_F___FFF_F__F__F___F______FFFF___FF___FFF__FFFF_F_FFF_
FFF_FF_F_FF__F___FF_F_______F_FF___FFF_F_F_FFFF__FF__FFF_F_FFF_F_FFF_FF_F_F_F__FFFF____F_F__F__FFF_FF___FF___F__F___FFF_____F___F___FF__F_F____FF__F_F_F_____________FFF__FF_FF_FFFFF
F_F_F____F__F_F__FF__F_FF_F______FFFFFFFF_F__F_______FF__F_F_____F__FFFF_FF_FF__F_FFF_FF__F_F____F____F___FFF_FFFF___F_FFF_FF_FFF_F____F__F______F___FF___F_FFF__F_FF_FF____F__FFFF_F
F___F_FFF__F______F____FFFFFFF___F___FF__FFFFFF_F__FF___F__FFF___FFFFF_FFF____FF_F___FFFF___FF__FF__F__F_FF_F__F_FFFF____FFF___FF_FFFFF____FF__FF_FFFF_FF__FF___FFFFF_FF___FF_F_FF___
F_F__FFF_FFF_F___FF___FFFF_____FFF_F_FFFF_F_FFFFF_F_____F__F_FF_F______FFFF_FF_F___F_F___F_F__FFF_F_F_FFFFFF_F__FFF_F_F_FFF_F__FF_F_F_F_F____FF_FFFF_F__F___FF_F__FF__FFFF_F_FFF_F___
FFF__FFF_FFF__F_F__FFFF_FFF_F____FFF___FF__F___F_F__FFF_F__FF__F_F__F_F_F__F___F__F__FFF_F___FF__F_FF_FFF_FF_FFF_FFF____FFFF__FF___F_F_FFFF_FFFF_F_______FF___F_F___F_F___FFFFFFF____
___F_FFFFF__F_F__FF___F_FF___F_F_FF___F_F_FF___FF_FF___F_FF_F_FF__FF_F______FF_FF_F__F__F_F__FF_FFFFF_F_F__FF__F_F__F_F_F_____FF_FFFF__F___FFF_FF_FFFF_F__F__F_F_F_FF__FFF_FF_F____F_
FFF_____FF___FFFF___FFF__FF__FF__F_F__F_____F_FF__FF_F__FFFFF____F_F__F__FFFF_F_FFF_F_F__F_F__F____FF__FF_FF_F__FFFFFFF_____FF__FFF__FFFF_F___F____FF_FFFF_____F_FFFFFFFF__F_F__F__FF
_FF_FF_FF_____F_____FFFFF_F_FF_F____FFFFFF___FF__F_F___F_F__FFF_F_FFFF__FF____F_____FF_FFF_F_FF___FF_FF___F_F_F_FF_FF_____F__F_F_FF_F_FF__FF__F_FFFFFFFF__FF_____FF__F_FF___FFF____F_
___F_FF____FFF_FF____F_F__FFFFFF_FFFF_F_FFF_F___FFFFFFF_F_____F___F_________FF__FFF____FFF_FFFF_____F_FF_FFFF_____F____FFFF_FFFF__F__FFFF___F___FF_FF_F_F__F_FF_FF__F_F_FF_F__FF___F_
_F__FFF__FFF_FFF_FFF___FF___F_F_____FF__FFF____FF_F___F_FFFFF__FFF_F_F_FF__FFFFF_FF__F______FFFF__FF___FF_FF__F_F_FFF_FF_F_F__FFFF_F__FFFF____F___F_FF__FF_FFFFFFF___F_FF__F_FF___F__
F_FF_F__FFF_FFFFF___FFF__FFFF___FF_FFFF__F___F_FF_____F__F_FFFFFF_F_F______F__FF_FFF__F__F__F__F_FFFF_F__FFFF___F__FF__FFF_FF_F___FF_F_FFF_FFFF_F_F_FFFFF_F__FF__F___FF_FFFF____FF__F
F_FF_FF_F_F_FFFFF_FF_FFFF_F_FFF__FF_F_FF___FF____F_F__F__F__FFFFFFFFF_F_F__FF__FFFF___F__FF_FFF_FFF______FF_FFFFF_FF__FFFFF______FF______F_FFF_F_F___FFF_FF_____F_______F_F_FF_FF_FF_
FF_F___F__F_F__F_______F_FF_FFF_F_____F_____F_FFF_FFFF__F___F___FFFFFFFF_F_FF___FF__F_F__FF_FFF_F__FF__F___FF__F__FFF_F_FFFF__FFF__FF_____FF_FF_____FF_FF_F__FF____F______FF_FFFFFF__
FFF_FF____F_F___F_F___F___FFFFF_F_FF_F_F__FF_F___FFF_FF_F_F_FFF________F____FF__FFFFF_F_F__F_FF_F____F__F__FF_________F_FFF_F_FFF____F___F_FFFFFF_F__F_F_F_F__FF__F___FF_F_F__F______
_FFF___F__F_____FF__FF_F__F_F_____F____FF_F_FFF__FFF___FFFFF______FFF_F___F_F_F___F___F__F___FFF_FFF_______F__F__F_F__F_FFF__F__FF__FFFFF_FFFFFFFFF__FF_F___F__FFFF_FFFF__F___FFF__FF
_F_FF_FFF__F_F_____FFFFFF_FF______FFF____F_FF__FF___F____FF_FF_F_FF__F__F_FFF_F_FFFF___F_FF_FFFF_F_F____F_FFF___FF_F________F_FFF__F___FFF___FFF__F_F__F_F_FFFF_FFF_F__F_FFF_FFF_F___
FFFFF_F_F_F_FF__FF_FFF___F___FFF__F____FF__FF__F__F______F_FFFFFF_____F_F_FFF__F__F_____FFF___FFFFF__FFFF_F__FFFFF_F_F_FF__FFF___F__F_F_FF_FF__FFFFFFFFFF__FF__F_FFF_FFF___FF__FFFFFF
F___F__FFF___F___F__F___F_F_F__F_FFF_F__F_FF__FFF_FF_F_F_F_FFF_F_______FFFFFFFFFF__F_FF_F_F____FFF__F___F_F_F__FF_F___FF_F___FF__F_____F_FFF_FFF_F__FFFFF_FFF_FF___FFF_F___F_FFF___F_
_F_FFF_FF__F__FF_F___F_F_F_F__FF_F_F__F_F_FFFF____F_FF_FF____F__F_FFFFF__FF_F__F_FF_____FFF___FFF__F_FF_F__F_FF_FFF_FF_F___FF_FFF__FF_F_F_F___F__FF__FFF__F_FFF____FF__FFFF_FF______F
__FF_F______FFF_F_FFF__FFF__FFF_F_F_F_______FF___FF___F_F___F_FF_F____FFFF______FF_F_F_F_F___FF_F__F__F_F_F_FFF_FFFFF___FF_FF___FFF___F___FFF__F_____F___FF_FFF_FF____F__F_F__FF__FFF
__FFF_F_F_F__F__F_FF___FF_F_____FFF___FFF__F_FF__F__F_FFF_FFFFFFF__FF_FFFF_FFF____FF__FF_F_F_FF_F_FFFF__F__F__F______FF_F__FFFFF_F___F_FFFF__FF_F_FF_F___FFFFF_F_F_FFF___F______F__F_
F_____F_FFFFF_FF__FF_F_FFFF__FFFF____F__FF____F____FF_F_______FF___FFF__FFF_F_FF_____FF__FF_F___F__F_F__F______F_F_F__FFFF___F___FFF_F_F____FF_FF_F____FFF__F_F___FFFFFFFFF_FF_F_F___
____FFF__F___F_FFFFF__F_FF_FF__F_FFF_FF__F_F_F_FFFF_F_F____F__F___FF___FF__F_F___F__FF_____FFFF_F_F_F_FFF____F_F_F_F__F_FF_______FFFF__F_FF__F_F_FFF_FFF_F_F_FF_F_FFFFF__F___F_FF__FF
_FF_____FFFF_____F_FFFF__F__FF__FFF__FFFF___FF__F_FF_FFF_F_FFF_FF___F___FF_FF___FFF_______FFFF_F_F__F__F_FFFF_F_________FF_F_FF__FF_F___FF__F___F___F_F__FF_FFFF__FF_F_F__FFFF___F___
_FFF_F_FF__________FFFF_F__FFF_FF_FFFF__F___F__F____FFFF_F__F_F_F_F_FFF__F_F___F___F_FF_F_FFFFF____FFFF__F___F_F_F_F_FFF_FF_F_FFF_F_F_F_F__F_FFFFFF_F_FF_FF__F_F______F_F__F________F
F_FFFF_F__FF_F_FF__F__F___FF_FFF__FF_FF_F__F____FFF_FFF__F_F_FF__FFFFF__F__F_FFFF______F_F_FF__FF__FF__FF_F_F_F___F__F_F_F_FF_F_FF_FF_FFFF_FF_____FFF__F___F_FFF____FFF__FF_F_F___F__
FF__FFFFF__F_F__F__F__FFF__F_FF_FFF__FF_FF__FF_F_F_F_FF___FFFF__FFFF_F_FF___FFFF__F_F__F____F__F_F_F_FF_F_FF_F__F_FFFF_FF_FFF____FF_FFF_F_F__FFF____FF_FFFFF__FFFF_FFFFFF_FF__F__FF_F
__FFF____F_FF____FF__FF________F__FF_____F_F_F_F_F_FF_FFF_____F__FF_FF___FF__FF_FF__FFFFFFF___FF__F___F_FF_____FFFF_FFFFFF___FF_F_F__F_F__FFF__F_FFFF___F____FF_FF____FF_FF___F__F_FF
F_FF__FFFF___FFFFF____FF_FF__F___F__FFF_FFF_FF____FF_F_F_FF_F__F_F__FF_FF__F_FF_FFF__F_F_F__FFFFFF_F__FFFF_____FF_F____F__F_FFF_FFFFF__F____F_FFF______F____F___FFF_FF_F_F____FFFF__F
F_FF_F_F_F_FFFF_F_F_____F__FF____FFF_FF__F_F_F___F___FF____F_F_FFF_F__F___F__F_FF_FFFF__FFF__F_FFF_____F_F__FF_FF__F__FF___FF_FF___FF_FF__FF__F_FF__F_FF_FFF_F_FFFF__F___FFFFF_F__FF_
_F_FFF________FFFF__F__F_FFF_FFFFF_FF___FFFFF__F_F_FF_F__FF_F___F_____F_F__F___F___FF__F__FFF_FF_FFF____F___F_F_F__F_F__FFF_F_F_FF_F_FF_FF_F_F__F_FFF_____F_____FF_____F_F_FF__FF__F_
FFF__FF__FFF__FFFF_F_F_F____F_F_F______FF__F__FF_F_FFFFF_FFF__FF__F___F_____F_F_F___F___F_F__FF_FF_FFF_FFF__F_F______F__FFF_F_FFF__FFF________F_FFF__FFFF__FFFFFF_F___F_FF_FF__FFF_F_
FF___F_FFF_____FFF__FF__F___FF__F__FF_FF_FF__F____FF_F_FF__FFFFFF__F_F_FF_FF_F_FFFF_F___FFF_F______FF_F_FFF_FF_F__FF_FF_FF__FF_F__F_F_F_F____FF_F_____FFF__F___F__F___FFF___FFFFF_FF_
F_FFF_FFF_FF__F_F_F_FF__F_F_FF____F__F__F_F_F_F_FFF__F_F__FFF____FFF_F__FFFFFF___FF_F_F_FFFFF__FF_____FFF___FF_FF_____F___FFFF_F_F____F__F__FF_FF_FFFF_____F__FF__F___F_F__FF_F_FF__F
F_F_____F__F___FF__FF______F_F_FF__FFFF__F_FF__F_F__FF_F_F_FFF___FF__F_____F_FF_______FF_____F_FF__F__F_F__F_F_FFFF_F_F___F_FFFF_FF_F_FF__F_F__FFFFFF_FF_FF_F_F_FF________FFF_____FFF
___F__FF_FFF_F_FF_F_FF__F_FF_FFF____F___FF_F_F_FFF__FF_FF_F_F__F____F__F_____FF_____FF_FF_FFF__F__FFF__FF_F___F__FFF_F__F_F____F__F_____F_FFFFFFFF_F_F__F____F__F_F_F_F_FF_F__F___FF_
FF__FF__F__F__F___FFF_F__FFFFFFF_F__FFFFF_FFF____F_FF__FF_F__FF______F__FFF_FFFF_F___F___F__FFFFFF_F_FF_FFFF_FFFF_FFF_F___F___FF_F__FF___F________F____FF__F_FF_FFFFFF__F_FF__FFFFF__
_F_F_F_FFFFF_F_F_FFF___FFFFFFFF_FF___FF_F______FFFF_F__FF___F__F_F_FF_FF__F_FFFFF_F_F_FFFFF____FFFF_F__F____FF___FF___FF_FF__FF_FFFF__F___FFFF_F_FF_F_F_FFFFFF_______FFF_F__FFFF__F__
_FFF___FFFF_FFFFF__F_____FF_FFFF_____F_F_F____F__FFFF_FF_F___FFF___FF__FFF_FFF__F_F_F_FF________F_FF___FFF_F_F___F__FFF_FFFFFFFF_F_FF__FFF__FFFFF___F______F_F_FF_F_F_F__FFF__FF__FFF
F_______FFFFF__FF_FFF__F_FFFF_FFFF__F_F_F____F_FF____FFFF__F__FF__FFF_FF___F_F_FFFFFF_F_F_FFFFF__FF_F_FFFFF_FF___FFFFFFF__F_F___FF_FFF__FFFFF_FF_FFFF_FFFFFF_FFF_F__F_FFF_F__F_FFF___
_F___FFFF_F_F_FFFFF_F______F_FFFFFFFFFF_FFFF___F__F_______F_FF___F_FFFFFF_FFFFFF_FFF__FFF_F_F_FF__F______FF_F__F____F___F___FF_FFF_________FF_F_F____FF__F__FF__F_FF___F___FFF__F__FF
FF__FF_F_F___FF___F__FF_F_______FFF__F_F__F_F_FFF_F__F_FF_F_F__F_____F_F_F_____FF______FF__FFFF_FF_F_F___F__F_FF____F_FFF_FFF__FF_FF_F_F_F__F__FF___F____F__F__FFFF__FF_FFFFF_FFF_F__
FFFFFF___F_FFFF___FFF___F_F_____FF_F_FF___FFFF_FF__FFFFF_F_F__F__F_FF___FFFF___F__F_FFFF_FFFF_FF____FFFF______FFF_______FF______FFFF_FF_FF_F__F_F_____FFF_FFFFF_F_F_F_F__FF_FF_FF___F
FF__F__FFFF______FFFFF______F__FFF_FF_FFFFF__FFFF__FFF_____F____F__FF_F___FF__FFFF____F__F_____F___FF_F__F_F___FFFF______F_F____F__F_F__F_FF__FF__F___F_F_____F_FFF__FF_F___F____F__F
F____FFFF_F_FFFF___F___F_____F__FF_F_FF___F_F__FF_FF_____FFF_F___FF_____F__F__F____FFF_F_FFFFF__F_____F__F_FF__FFF____FF_F_FFF___FFFF__F__F__F___F__F__FF_FFF_FF_F_FF_____FF__FF____F
FF_FFF_FF__FFFF____FFF_FF_F_____F__F_FFFFFFF_F____FF_FF____F_FFFF_F_FF___FF_F_FF______F_F___F_F_FFFFF__FFF____F____FFF_FF__FF__FF_F______F_FFF________FF_FF__F___FF__FFF_FFF_F_FFF__F
_F_F_F___F__F___F___FFFFF_FFFFFFF___FFFF__FFF_F__FF_F__F_FFFF_FF__F_F__F_FFFFF_F_F_F_F__FF__FF___FFFFFFFFF___F___FF_FF_FFF__F__FFF____F____________F__FF__FFFF__F_F_FF_F__FFFF__F____
____F__FFFF__________F_FFF_F_FF_F_FFF__F__F_F_F_FFFFF_F_F_FFFF__F_F_FF_FFF_F_FF__F_F__FF_FFFFF_FFF__FF______FFFFFFF__FFFFF_F__FFFFFF_F_FF_FFFFFFFF____FFFFFF_FFF_F______FFF__F__F___F
F__FF_FF___F_F_FF_FFFFFF_FF_F_FFFFF__FFF_F_FF_FFF_FF_FF_FF____F_FF___F_FF_FF_F___F___FFFF__FF___F_F_F_F____FF___FF__F__F_F____F_FF_FF_FFF_FFFFF___F_FFF__FFF___F____F____F__F____FF_F
FF__FF___FFFF_FFFFF_FFFFF_____FF___FF_F_FF_F_____FF_FFF_FF_F_F_FFFFF__F_____FFFFFFF__F___FF__F___FF___F_____F__FFFFFF____FF_F_FFFF__F_F_F_FF_F______F____FF_F____FFF_F_____FF___FF__F
F_FFFF___FFF_F__F__F_F____FF_F_F__FF__F_F__FFFFFF___F_F_F__F_FFF_FFF__F_F_F___F___FFF_FFFFFF_FF___F____F__F_FFFFFF_F___F___F_FFFF__F__F___F____FFFFFFF_F__FFFF__FFFFF_FF______FFF_F_F
_FFF____FF_F_FF_F_FF_FFFF_FFFFFFF_F_FF____F__F_FFF__F_FF__F_FF___FFFF___F_F__FFFF____FF_F__F_FFFFFF_F____F_FFFFF____FF___FFFFF___F__FFF_FFF_FFF__F_F___FFF_F__F___FF___FFFFFFFFFF_F_F
_FFFFF__FFFF____FF___F__FFF_F_F__FF_F_F__F_F__F_FF_F____FF___FFFFF_FFFF__FFF__FF___FF___FFFF_FFFF______FFFFFFFF__F__FF_FF_FF_FFFF___FF__FFF__FFFF_F_F_F_F__F___F_F____F_F_FFF_F_____F
FFF_F___F__FFF____FFFFF_FFFFF__FF_FFF_______FF_F_F__F___FFFF___FF_FF_F_FFFFFF__F_FF_F___F_FFFFFFFFFF_FF____F_____FF___F__F__F_F_F__F__F_FF__F_F_FFF_F_F_F_FF_F__F__FFF___F_FF_____F__
_FFFFFF__F_F__F__F____FFFF____FF__F__F___FF_FF_F____F_FFF_____FF____FF_F_FFFF___FF_FFF_F_F__FF_FFFF_FFF_F_FF_F__FF_FFF_F_F_F__FF_FF_FF_F_FF_F_F__F__FFFF_FF__FFF__FFFFFF___F__FFFF_F_
F_FF____F_F____FF_FF__FFF__FF_FF_F_FF__F____FF_F_F__FF_____F_F__F_F_____F__FFFF__FFFF___FF_FFF_____F_FFF_F_FF_FFFFF_FFF_FFFFFFFF__FF_FF_FF_F___F__F_FF_FFF__FF__F_FF_________F____F__
F_FFFF______FF_F_F____FF_F______FF__FFFF__F__F__FF_FF__FF__FF____FFFF_FF__F_FF_F__F__F__FF_FFFF__F_F___F__FF_FFF__FFFF_FFF____F_FF_F_F__F__F_FF_FF_FF______F_F_FFF____F_FFFFF_F___F__
F_F_F_FFFF__FF___F_F_FF__F_F_FF_F_F_FFF__F__FFFFF_F_F_____F_F___F_FFF___________F____FFFFFF___F_F_F_FFF___FF____FF___F______FFF_F___F_FFF_F_____F__FF_F_FFF___FFFF___FF__F_F___FFFFFF
___FF_F__FFF_FFF__F_FF_F__FFFF_F_FF__F_F__F__FFFFF__F___F_F__F_FF_FFFF_F__F_FF_F_F_FFFFF__FFF_FFFF_F____FFF_F_FF____F__F_F__FFF___F_FF__FF_____F_FFF__FF_F_F_FFF_FF_FFFF__FFFFF__F___
_F_FF_F__F__F_FFFFFFFF__FFFFFFF_______F_FF__F_FF_F__FFFF___F__F__F__FFFFFFFF______F_FF__F_FFFFFF___F__F_F__F_F______FF_FFF__FF__F__FFF__F____F_FFF_FF__F_F________F_FFFF____FFF_FFFFF
_F_F___F___FF_FFF_F_FF_F__F__F___F______F___F_FFF__F__F_F_F_FFF_F__FF_F__F_F______F_F_FF__FFF_FFFFF_FFF___F_F_FFF_F___FF____F___F__F__F_FF__F____FFF___FFF__FF__F_FF____F_F___FF__F_F
__F_F_F_FFF____F_FFFFF__FF_F__FFFF___FF___F____F_F_FF_F_FF_FFFFF____FF_F___F_FF_FFFFF_FFF____F_FFF_FF___F___F_F__F__FFF__FFF___F_F_F___F_F___FFF__F________F___F__F_F__F_____F_FFFF__
F___F_FF__FFFFFFF_F__FF_F_____F___F___F__F_F__FF_F___F__F_F_F_FFFFFFFF_FF___FF_FFFF_FF___FF_FFF_FFFFFFFF_FFFF_F___FF__F_F_F_FFF________F_FF__F_______F_FF_FF_FF_F____FF_FF_FFFFF____F
_F_F_F_F_F_FFF_FF_F__FF_FF__FF_F_F__FFFFF_FFFF_FF___F_______F_FF___FF_F_F_FFFF_F_F_FF_FFFFF__F___F_F__F__FFFFF___F_FF_FFFF_FF__F_F______FFFF_F_____FFF__F__F_FF_F_FF_F_FFF_____FFF__F
_FF___F___F_FFFFF___FFFF_F__F_FFF_FFF_FF_F_FFF_F_FFF_FF_____FFF_FF_FF__F_F__F__FFFF_FF_FFFF_FFF_FFF_FF__FF______F_F_FF_FFFFFFFF__FFFFF_FFFF___FFFFFF____F______FFF_F____FF_F___FF____
_______FF_FFFF____FFFFF_F___FFFFFFFF_FFF____________F_FF_FFFFFF____F___F_FFFF_FFF_F__F____F___FF_FF__FF_F_FF____FFFF____FFFFF__F_FF__F_FF______F_FF_FF__F___F_FF_FF__FFF_F_FFFFF_F_F_
__F__FF_FFF_F__FF_F_______FFF__FFFF__FFF___F_F__F__F_FF_FFF_FF__FF__FF_F_F____F__FF___FF_FF_F____FF____FFFF_____FFF_______F_F___FFF_FFFFFFFF__FF___FF_FF__FFFF_F_F__F__FF__FF__F__FFF
F___FFFF__F__F___F_FFFFFFF___F_FF_FF__FF_FF_____FFFFFF__FF__FF__F_FFFF_FF___FF_FFF_F_FFFF_F___F___FF__FF__FF_F_FFF__FFFFF____F_F___FF_FFFF____F__FFF_FFFFFF______FFFF__F__F_F_FFF__F_
_FF___FF_FF_FF__F_F___F_F__FF_F_____F__F_F_F_FFF_F__F__________F___F_F___FF__F_F____FF_FFFF____F_______F_FFFFFF__F_FF_F__F_F_FFF__FF__F__FF____F_F_F____FF__FF___F__FF_FFFF__FFF__F_F
F_F__FFF_F___FFFF_F_FF_F_F_FFF___F__F_FFF____FF_F__FF___FF_FFFF____FF_____FFFF_FF_F___F_FFFF__F__F__F_FF_FFF_F_FFF__F__F___F_F_F_FF___FF__FFF__FFF_FF___FF__FF____F__FFF_F___F__FFF__
_FF_FFF_____FF__F_F_F_FF_F_F_FF_F_FFFF_F_FF__FF_F_FF_F_FF______FFF_FFF_FFF___FFF_FFFF_F_F_FFFFF___F_____FF_F_F__F_FF_F__FFF___F_F_F_FFF_FFF_F___FF___F_F_FF_F___F__F__FF____F___F__FF
FF__FF___FF___FF_____FF_FFF_____F_F_FF_F____FF_FFF__FF__FFFFFFF_F_F_F_F__FF______FF__F___FF___F__FF_FF___FFFF_F____FF__FFFFFFFFF_F__F_FFFFFFFFFFF_F_F_F___F__FFFFFF___FF_FF_FFFF_F__F
_F___FF_F__FFFFFF__FFFFF_FFF__FFF_FF_FF_F__FFF_F__F__F_F_F___F___FFFF__FFFF_FFF_FF____F_FFF_F__F___FF_FF___F___F__FF__FF__FFF__FF_FFF__FFFF_____F_F___F_F___F____F___FFFF__F__FF_FF_F
FFFFF___F_F_FFF_FF_F__FF___F___F_F_FF_F__FF_FFF__FFFFFFFFF_____F____F_F_FFF_FF_FF__F_F_FFFFF_FF_F__FFF_F_F_FF_____F_F_FFFFFF____F____FFF_____FF_FFFFFFFFF_F_F_____F_FF_FF_F_F__FF____
FF_F__FF_FF_FF_FF__FF____F___F__F__FFF__F___F__F_FF_F_F_FF_FFFF_F_____F_FFF_FF_____F_FF_F_FFFFF_F_FFFF_F__F__F___F_FF_FFFFF___F___F_F__FF_F_F__FFF__FFF__FF_F__FFF_______FFF____F__FF
F_F_F___FF___FFF__F__F__F_F_F___F__F_FFFF__FF_____F_FFF__FF__FFF__FF_FF_FFF_FFF__FFFFFFFFFF__FFF___FF_F__F_F_FFF__F_F____FF_F__F_F__F____FFFF__FFF__FFF__FFFF_FF__F__FF__F___F__F_FFF
__F__FFF____F__F__F_F___F_F_F___FFFF__FF_FFF____FFFFFF_F_FFFF_F_F_F__F_F_F_F__FFF_FF___FF__F___F_____F___F_FF__F_F_____F_FFF__FFFF_F__F_F_F_FFFF_FF_FFFFF_FFF___F_F_FFF__F_F____FFFF_
F___F_F_FF_FFFF_F__FF_FFF__F_FF_FFFF_FFFF_FF_FF___F__FFF____F_FF_F__FF___F_FF__F_F__FF_FF_F__FF_F_FFFFFF_F____FFF_FFF_F_FF___F___F_FFFF__F_F__FF__FF_F___F_F__F_F__F______FFFFF___F__
FF_FFF_FF__FF____FFFF_FFF__F__FFFFF____F___F__FF_FF_F________F__F_F_FFF_F_F___FFF__FFF_F_____F__FFF_FFF_FF_____FF_F_FF_FF___F_F__FF____FFF__FFF__FFFF_FF_FFFFF_F_____F_FFF_F_____F__F
FFFFF_FF_FF__F__F__FFF_FF_FFF_F__F__F___F_F___FFF_FFF_FF_FFFFFFF__F__FF__F_F__FF_F_FFF____F_F___FFFF_______F__FF_FF_F____FF_____FF__F____FF_FFF__F____F____F_F_____F_FF__FFF__F__FFFF
FFFF_F_FFFFFF_F_F_F__F_FF_F_FF_FF___FFFF_F____F__F__F_FF__FFFF_F____F__FF___F_F_FF___FFFF_F_FFFFFFF______F___FFF_____F_F_F__F_FFFF_F_F_FF_FF__F_F_F__FFF___F____F___FFF_FF__F___F_F__
F_____F_FF_F____FFF___FF__FF_F_FF_____FFFFFFF_F____F__FF__F_________F_FFFFF__F__FF_F___F_F___FF_F_FF_F_____FF_F_F___FFF__F__F____F_F_FF_F_FFFFF__FFF_F_FFF_FFF_______F___F___FFFFF_FF
FF__FFFFFF____F_F___F_FF_FFFF_FF___F__FFF___FFF___FF_FF______F_FFF__F_____F_F_F_FFF_____FFFFF__F_F__FFF____F__F_FFFFFFF___F______F______F_F___F_FF_FF__FFF_FFFF____FF_FF_____FF_F_F__
___FF_F_F_FF_F__FFFF__FF____FFFF__FFFF___F______F_F___F_F_F_FFF__F_F_FF__FF_FFF_F_F_F_FF_FFF__F_F_FFF___FF__F__F___FFFF__F_____F_FFFFF___FF___FFFF___F___F_F_____FF_F__FFF___F_F_____
_FFFFFFF___F___F_FFFFF_FFF____FF_____F__FFF___F__F__FF_FF_F_F_FFF__FF_FF__F_FFFF___F_F_F_FFF___F____F_FF_FFFFF___F_FF_F_FFF_F_FFF___F_F___FFFFFF_F____FF_FF_F___FFFF__FF_F_FFF_____F_
__FF_F__F_FF_FFFF___FFFFFF_FF___F__F__F__FF_FFF__F_____FF__F_F__FF______F____F_F___FFF__FFF__F_FF_F_FF__FFF_F_F__F_F_F__F____F___FFF_F_F_F__F___F_F__F_FF______F_F__F_F_F_FF_F_FF__FF
FFFFFF____FF_FF_F_F_FFFFF___FF___FF_F__FFF____FFFF___FFFF_F___FF_FF__F_F_FF__FFF_FFFF__F____F_F_____F_F__F_FF_FFF____FFFFFF________FF__FF_FF_F__FFF_F_F__FF_F__F_F_F___FFFF_FFFF_FF__
F_FFF__FFFFF_FF__FFFFFF__FFF_F_FFFF_F_FF__FFF___FFF_F_F_FFFFF__FFFFFFF__F_F_FF__F___F__FF____F_F_FF___FFF____F___FFFF__F__FFF__FFF_F_FFF_FF_____FFF_____F_F____FF_F_F_F_F_F____FFFFF_
FF_FFFF_F_F__FF_FFFFFFFFFF_FFFFFF_F__F_F_F__F_FFF_F_FFF__FFF___FFFF___FF__FFFF_F_F_FFF_______FF__FFFFFFF_FF__FFFFF_FF_F___F_FFF____FF_F_F_FFFFF___FFF__FFF_FFF__FF_________F___F__FF_
_F____F__F_F___FF__F____F_F_F__FF_FFF__FFFF___F_FFFFFFF_F_FF____FF___F___F__FF__F_FF__FF__FF_FF___F_FF__F__F_F_FF__FF_____FFFFFF__F__F__F_F___F___FFF_FF___FF_F__F___F____FFF___F__FF
FFF_F__FFF___F_F_F_____F_F__FFF_FF__FF_F_FF__F______FFFF__F______FFFF_FFFFFFFFFF_FFFF___FF_FF__FF_F__FF_F_F____F___FFFF_F_F_F_F_FF__F___F__F_F___FF__FF__FFFF_F_FFF_FF_FF___FF___F___
_FF__F_F_FF_F___F_F_FF__F__F___FF____F__F___FF_F_F_F____FF_F__FF__F_F_F_FF_F_FF_FFF_FFFF____F__FF_FF_F_FFF_FF_F__F___F_F_FFF__F___F__F__F_FFFF___FFFF___FFFF_FFFF_____F_F_F____FFFFF_
FF_________FF______FFF_FF_FFFFFFFFFF__F_FF_F___F_F__FFFFFF__F_FFFFFFFFF_FF_FF__F__FFFF____F_FFFF__FF___F_F_FFFF___F_F_FFF__FFF___F_FF_F__F__F_______F__F__F_F___F___F____F_F_______F_
F___FF____FFF_____FFFF__F_FF__FF_F_F_____FFF_F_F_FF___F_FFF____F_F_F_F_FF__FFFF_F_FF_____F_FF_F_F__FF_F_FFFF____FFFFFF_F__FFFF___FFFFF___FF_F_FF____FFF_F___FFFF__FFFF________F__FFF_
FF__F__F_FFF_FFFF_F_FF_FF___F_F__F_FFFFFFFFFF_F______F_______F_____FF__F_F__FFFF_FF_____F___FF_F_F___F_FF___FFFF___FFFF_FFFF____FFF_FFF_FFFF__F__F__FF_FFF___F_F_F__FFFF__FF____FFFF_
_F_FF__F_F_____F_FF___F__F___F_FFFF_____F_F_FFF__FF_FFF__FFFFF_____FF__F_FF_F_F_FF_FFFF__F__F___F__F___F_F___F_FFF_FFF_FFFF__FF___F_F___FF_F___F___FFF___FFFF___FFFF_F____FFF__FFFF__
F_FFFFFF__F__FFF_FF__F_F_F___F_F_F___F_FFF_FF__FFFF_FFF___FF___F__FFF____F_F_F_FF_F__F__FF__F_FFF________F_F__FFF_F_FFF_____F_______F_FFF________FF__F__FF____FF__F__FF__FFF_FFFF_F__
_FF_FF__F_FFFF_FFF_F_FFF___FFF_F_FFFF__FFFF__FFF_F___FFFF__F_FF___F_FF______FF_F_FFFFFF___F___F__FFFF___FFFF_FF__F_FFF____F_F___F_FF_FFFFFF_____F__F__F_FF_F__F_F___F_F_FF______FFF__
F_F___FFFF___F___FFF________FFFF__F_F_FF_F_F_FF_FF__F_F__F___FF____F_FFF___FFFF__F__F__F_FFF_FF__F___F___FF_F__FFF_F__FF_F_FF_____F___FFF_F___FFF__F___FF__F_FF_F___FFF_F___F_FFF_FF_
F_F__F_F_F_FFF_FF______F_F_F_F_F___FFF___FFF____F______FF________FF_FFF_F__FFFF_FFF__FF__F_F_F____F__F_FF_F___F__FF__F__FFF_F__F_F_F_FFF_FFFF__F_FF_FF__F__F_FFF_FFF_______F_F___F_FF
___F___FFF__FFF__FF_F_FF___FF_F__FFF__FFF__F___F_FF_FF_____F_FFF_F_F__FFFFFFFFFF__F_F_____F_F_____FFF__F___FFFFFF______FF_F_F__F__FF_FFF___FF___FF__F_FF_F__FFFFF_____F_F__FFFFF___FF
_F____F_FFF__F__F_F__F_F_______FF__F__FF___F_F_F_F_FF_F_F_F__FFFFF___FF_FFFFF__F___F__F_FFF_FFF_FFFF_FFF___F_FFF____FF_F_FF_F__F__FF__F__F_F____F__F____F_FFF__F___FFF__F_FFFF______F
__FFFFF___F___FF___F_FF__F_FF__F__FFF_FF__FF_F________F_____FFF__FFFFFF__F_F_F__FFFFFF__F_FF_FF____FF__FFF__FF___F_______F__F_F_F_FFF_FF_FFFFFFFFFFF_FFFF_F_F___FF________FF_F__FF_FF
___FFFF_F_F_F__F_F__FFFF___FFF_____F__F_FF__F___FF__F_F_FF_F_FFF_F_FF_FF___FFF__FFF__F___F_FF__FFFF_FFF_FFFFF_FFFFF_F___FF_F___FF_F______FFF__FFF_F__F_FFF_F__F__FF_____F_FFFF____F_F
FF__F___F_FFFF___FFFFFFFFF_F___F_F__F_F_FFFF_F__FFFFF_FFFFF_FF___F_F__FF_F___FFFF_F____FF__FF_F________F_F___F_FF__F___F_F__F____F_FF__F__FF_FF__FFFFF_FF_____F__FFFF_____F_F_F_FFFF_
F_F___FF_FFFFF_FF_F_FFF_FF_FFF____FFF_____FF__FFF_FFFFF____F_F___F__FF__F_F__FF__FFF________F_FFF_F____FFFFF___F_F__F_FF__FFFFFF_F_FF___FFF_FFF_FF_F_F__FFF__F_F____F_FF___F_F__F___F
_FFF_F__F__F_____F__F___F__F__FF__FF_____F_F_FFF___FF_FFFFFFF_F__FFFF_FFF__F___FFF_FFF_FF_F______F__F____FFF_F__FFF___F_F___FFF_F_F_FF__FF__F_F_F___F_FFFF__F___FF_F_FF__F_FFF_FF___F
___F__FFFF___F_____F__FF_FF_F__FFFFF____F__F___F_F_F_F__FF_FF_FFFF____FF_F__FFFFFF___F___FFF_FFF__FFF__F__FF_____FF__FF_FFFF__F_FFFF_FF__F_____F__F__FFF_F_F_F_______F__F_FF__F__F_F_
__FF_F____F_F_FFF_FFF__F_F__F_F_____FFF_F_FF_FFF____FFF___FF_FF__F___F_FFF___F_FF__FF_FF___F_FFFFF____F_FFFFF_FFF____FFF___FFFF_F_FF_FFF_F_FFFFF_____FFF_FFFF_F__FF_____FFFFFFFFFF__F
_FFF_FF__F__FF__FF_FF__F____F___F__F__F_FFF_F_F_FFF_F__FF_FF__FF_FFF__FFFFFF__F_FFF_FFF___FFFF_F_____FF_F_FF_FF_F_FF___FF_FFFF___FF___FF___F_F___FF_FFF_FF_F_FFF__FFFF__FFFF_____FF__
FF__FFFF_____FF_FF__FFF_F_FFF_____FF_F__F_F____F_F_F_FFFFF___FFF_FF__FFFFFFF__F_FFF__F_F____F_F_FF_F_FFFFFF_FFF_F_F_F__FF_FF___F_FF__FFFFF___FF___FF___FFFF____F_F_FF___F_FFFF_F_FFFF
FFFFFFFFFF_FFF___FF__F_F_FFF_FF__FF____F____FF___FF_____F____FF___FF_F______FFFFFFFFFF___F_F__FF____F_F____F___FFFF___FFF___FF_F_F_F___F__F_FFFF__F_F____FF_FF_F__F_F___F_FF_F_F__FFF
_F___F__F_F_FFF_FFFF_F_FF__FF__F_FF__FFFF_F___FFF_FFF____FF_____FFF_FFF____F_F________FFFF__F__F____FFF_F__F______F__F___F__FFFFFFF_F__F__F__FF_FFF_FF_F__FFFFFFFF___F_F_FFFF_F_FF___
F___FFF__F____FFF__F_F___FF__FF_FFFFFFFF___FF___FFFFF_FF_FF____FFFF__F_FFF____F_F___FFF_F_F___F__FFF_F_F___FF__FFF__FF__FFFF_F__FF__F___FF_FF__F_FF_FFFFFF_F__F_F_F__FF_F__FFFF_FF__F
F_F_F_F___FFF__F___FF_F_FFF__F_FF_F__F_______FF_F_FFF_FF___F__F__FF__FFF___FFFFF___FF__F___F_FF___FFFFF_FF_F_FF___F__FF_F_FF________FF__FF______FF______FF________FFF_FFFF_FFFF_FF___
_F_FF_F__F_FFF___F__F_FFFFF_F___F______F_FF___F___FF__FF_FFFFFF___FF__F__FF______F___F_FFF_F__FFFFFFFFFF_F_FF_FF_F_F_FF__FF_FFFF____FFF_FFFF_FFF__F_FFFFFFFF___FFF_F___F__FFFFFF__F__
FF_F__FF_FFF_FFF_FF______F__FFFFF___FF_F_F__F__F_F__FF____F_F__FF____FFF_F__F__FF___F__F_F___FFFF__F__F__F__FFFF_FFF_FF_FFF_____F_F___F_F__F____F_____F_F_F__F___FFFF______FFFF_F__F_
______F____F_FFF_FF_______FFFF__FFF_FF__FF__F_F_FF_F__F_F___F_FF____FFF_FF______FF_FF_F__F_FF___FFFF__F__FFFF__FF___FF__F_FF__F_FF___FF__F_F___FFF____F_____FFFF______FFF__FFF__FFFF_
_F_F_F_F_F__F___F__F_F_F__F_F____F__FF_FF_F_FFFFF___________F___F__FFF_FF_____FF_FFFFF___F_F______FF__F_FFF_FF__F__F_F__F_FF_F__F_F_FF__FFFF_F_F_FFF_F___F_FF_FFFFF__F_F_F______F__F_
FFFF___FF_FFFF_F_FFF_____F_FFFFF_FF____F___F_FFFF_FF_F__F_____F__FFFF___FFFF___FFF__F_FF____FFFFF_F_____FF_FF_FF_F__FFFF_F_F_______F__F_F__FFF___F____FF_F_F_F_FFFFF_FF_F_F__F_F_FFFF
__F_F__FFFF_FFF__FFFFFFF___FFFFF_F_FFFFFF_FFF___FFF____F_F_FF_FF_F_F_F__FFF_______F_____F_F___F__FFFFF__F___FFFFF_____F__FFF_F__F__F_F_FFF_____F_FF_FF____FF_____F_F___FFFF__F_FF_FFF
__FF__F_F__F__FF_FF___F___FF__FFFFF__F__F___F__F_FF__F__F_FF__FFFF_FFFFF_FF___F____FFFF_FFF____F_FF_FF__FF____F_F__F__F__F_F_F__F__FF__F_____FF___FFFF_F___F_FFFFF___FF_F__FFFF_F_FFF
F_F____FF_F__FF__FF___F_FFF_FFF_F_FF_FFFFF__FF__FF__FF_FFFF__FFF__FFFFF__F__F___F_FFFF_FFFFF_FFFF_F____F___FFF_FF___FFF__FFFF_F_F_F______F_F___F_FF__F__FF_FF_F_FF____FFF____FF_F_F_F
_F_FFFF_F_FFF_FF_FF_F_F_FFFFF__F___F_F_FFF_F_FF_FF___F___FFFF__F_F___F__FF_FF_F__FFFF_F_F__F_F_F_F_FF_F__F_F_FFF_F_____FFFF_FF__FF____FF____F_F__F_____FFF_FFF__F_FFFFF___F_____FFFFF
_FFFF____F___FFFF____F___FFF___FF_FF___FF_F____F_FFFFF__FF__FF_F_F_F_F___FF_FFFFFFFFFFFF_F___F_F__F_FFFF_F_FFF__FFF___F_FFFF___FFFFF_F__F__FF__FFFFFFF_FFFFF____FFFF_FF__F_FF_FF____F
___FFFFFF__FFFFFF_F__F_F__FFF_F_F____F__F___F__FFF___F_F_FF____FFF_F_F_F__FF___F_FF__F___F_FFF_FF_FFF__FF______FFF_FFFFF__FF__FFFFFF_____F_______FFFFFFFFF__FF__F_F_FFF_FFFFF_F_F____
FF____FFFFFF_F_F_F__F____F_FFFFFF_FF___FFFFF_FF__F___FF__FF_F_FFF__FFFF___FFFFF_______F__FF__FF_F_F_FF_FF____F__FF____FFFFF_F_FF____FF__F____F__F__F_F__F_F__F_____FFF__F_FF__FF___FF
F_FF_F_FF_FFF_F___F__F________FFF__F_FFF__FFF_FF____F__FF___F_F_FFFF___F_FFFFF_F___F___FF_F_F_FF___F_F_F__FF_F__FFFFFF_F_FFFF__FFFF_F_FFF_F____FF_______F_F_F_F_F____F___F______FFF__
F__F___F__F_FFF_FFFF____FFF____F_____________F___F__FFFF_FFFFFF___FF_F__FFF__F_FF__FF__F___F_____F_F_FFF_F_F_F__FFF_F_FF___FF__FFF_FFF_F__F_FFF_FFF__FFF_FF__F________FF_F___FFF_FF__
__FF__FF_FFF__FFF___F_F__FFF_F_F___FFFF________FF_FFFF_F__FF_FFF_F__FF_F_F___F_F_F__F__F_F_FF_F____FF__F_F_FFFFFFFF_F__FFF_FFF_FF_______F_F_F___FF_FFFFF_FF_____FFFFFF__F___F__FFF_FF
_FF____F__F_F__F__FF_F__F_F_FFFFF____FFF__F__F_F_FFFF_F_FFF____F___F__FFF__FFFFFF___F______FF_F__________F_F____FF_F__FFFF_FFF___F_F_FF_FFF__FF_F_FF___FFFFF_F_F__F__FFF_FFF__FFFFFF_
_FF______FF__F____F___F_FF___FF____FF__F_____F_F___F_F_FF_F_____F_FFFFFF_F__F_________F_FFFF_F_F_FFFF__F__FFFF_FF__FFFFFFF_FFFFFFFFFFFF__FF_F_F_F_____F_F_______FF__F___F___F____F___
F_F_F___FFFFFFFFFFF_F_F___FF__FF_FFF_____F_FF_FFFF_FFFF_FFFFF_F__F__FF__FFFF___FF______F_F__F__F_FF_F_F__F___F_FF__FF__F_FF_F___FF__F_FF_FF_FFF_____F_F_FFFF_F____FFFF__F__FF_F__FFF_
_F___F__FF_FF_F_F__FFFFF___FFF__F___FF_FF_FFFF_F__FF_F_FF__FFFF_FFF_FF____F__FF_F____F_____F__FFF_F____F_F__FFFFFFF__FFFFF_F____F___FF_F_F_FFFFFF_FFF___F_FFFF_FF___F_F_F_FFF_F____FF
_F_F______FFF__FFF____FFF__FF_FF_FFF__FFFFF_F__F__F_FF__FFF_____F_F__F__FF_FFFFF_FF_FF__F__FFFF_FF___F___F_FFFF_F_FF_F__FFF_F_FFFF_F_F_FF__F_FFF_FF_FF_F_FFF___F_F_F__________FF_____
______F_FF__F__F_____FFFFFFFFF_F_FFF_F_F__FFF_FFFFF___FFFFF_FFF__FF_FFFFF__F_F_____F_FF_F__F_FFFF_____FF__F__FF_FF__F____F_FFFF_F_FF_F_________F__F_F_F_FFFF_FFFF____FF___FFF__FF_F__
__FF_F_F_F_FF_FFFFFFFF__F___F__F_FF__FFFFF___F_FFFF_F___FFF_FF___FFFFFFF__FF_F_F__F__F__F_F__FFF_____F__FFF_F____F_FFFFFFF__F__F_F_FF_____FF_F_FF__F____FF_FFF_F_FF_F_FFF___F__FFFF__
_F____FF_FFF_FFFF__FF___________FF______________FF____F__FF_FFFFF__F_F_FFFF______F___FF_FFF_FF_F____F_FFFFFFFF_F_FFFFF_FF_FF__F_FF____F_FF________FF_FF_F_F_F__FFFFFFF__FF_FF_F_F_FF_
_F_F_FF___FFFFFFF__F__F____FFF__F_FF_F______FF_FF__FFFFF____FFFFFFFFF_F____FF___FFF_FF____FF__FFF__FF__FF_FFF___F___FFF___F__FFFFFF__FFFF_FFF_F_FFFF____F__FFF_FFF__F_______FF_FFF_F_
F_F___F__F__F__FF_FF_F_F_______F_______FF__FFFFFFFF_F__F__FFF_F_FF_F__F__FFF____F_F_FFFF____FFF__F___F_F_F_FFFF_FF__F_F_FF_FFF_FF_F_F_FFFFF__F__F_F_F___FFF_FFF_FFFFF_FFFFFF___FFF_FF
F_F___FF_F_F__FFF_F_F_F_F__F_F__F_____F_FF_F_FF___F_FF_F_FF___F___FF__FF_F_FF_F_F_F__F_FFFFF_FFFFF___FF_FF__FFF_F_FFF_FFF_FF_F_F_F_FFF___F__F__F__FFFFF_FFF__F__F_______FF_FF_FFF_F_F
___F___F___F_FFF__F__FFFFF___F___FFF__FFFFF_F___FFF____F___F_FFF_F_FF_FF____FF__F______FFFFF_FF___F__FF_FF_____F_FF_F____F_F___F__FF__F_______F_FF___FFFFF_F__FF_FF_F_FFFFFFF____FF_F
__F_FFF_FFFF___F__F_FF_F_FFFF__FFF_FFFFF_F____FFFF__FF__F______F_FFF__FF___FFF_FF_____FF______F___FFFFFFF_FFF_FFFF_F___FFFF_F_FFFFF_FF___F_FFF_F_FFF__F____F_F_____F______FF___F_F__F
FFFF_F__FFF__F__F_FFFFFFF_FF_FF___FF___FF_FFF___FF_FF_F___F__FF_F__F_FFFFFFFF_F_FFF_F___F____FFF__F_F___F____F___FFFF___F_F_F___FFFFF__F_F___F_F__FFFF_FFF_FF_______F_FFF_FFFF_FF_FFF
__FF_F__FFFF_F_FF__FFF_F____F_FF_F__F_F__F_F_FF_F_FF_FFF_FF_F___FFFF_FFF_F__FFFF_F_F_F___FF_F_FFFFF_FFFFFF____F_F___FFF_FF_F_FFF__FFFF____FF_FF_FFF___F_FFFFF_FF__FFFF_F__FFFFFFFFF_F
______FF_F_F_______F_F_F__FF__F___F_F_F_FFF__F_____F__FF__F_FFF__F_FF___F_FF_F___F___FF_FF___F_F__FF__FF_FFFFFF__F_F_F___F_FFF___FF_____F_F_FF_F_F___FFF_F___F__F_FF__FFFF__F_F__FFFF
_F_FFF_F_F__FFF_FFFF____FFFF_F__FFF_F_F_FF__FF____FFF__FFFFF_FF_F_F_F_F_F___F___FF__FFF_FF_FFFFF__FF_F_FF_F_FF_F___F_F_F_FF__F_F_F_FFFF____F_F__F___FFFFFFFF___F_FF___FF__F__F___F___
F___F_F_F_FFF_F___F__F__F_FFFF_______F_FFFFF__FFF_FFFF___FFFF_FFF__FFFF__F__FF_FF_F_FFFFFF__F_FFFFFF_FFFF_______FF_FFFFFF_FF__FFFF_F_F_FFFF__F_FFF_FF_FFFF__F_FFFFFF_FFFF___F___F____
FFF_F__FF__F____F_____FFFFFF_FF__F___F___FF_FFFF___F_FFF__F_F_F_____F_FFFFFFFF__F____FF__F_____FF_F_FF__FF_FFFF__F_____FF__F_F___F____FFFF__FF__FFFFFF__FF_F_F_F_F_F____F_FFF___F_FFF
FF__F___F_F___FFF____F_FF__F__F_F____FFF_FF_F_FF_FF_FF___F__F__F_FF_FF___F___F__FFFFFFFF__F____FF___F__F____FFF_FF_FFF_FF_FFFF__F_FF_F_FF_FF___FF_FF__FFFFF__FFFFFFF_FFF_FF__F_F_FFF_
__F__FFFFFFFFF_F_F_______FF_FFF_FFF_F__FFF___FFFFF__FFFFF__F__FF__F__F___FF__F_FFF___F_FF_F_F____F_F__F_F_FFF_F__F_F_F__FF_F_F__FF_FFF__FF_FF_____FFFF_F___F_FF__F_FFF______F_F_____F
F__F_FFFF__FF____FF_FFFFFFF_F_F_F___F_FFF__F___F_____FF_FFF_FFFFF__F_FF__FF__F____F_F__F_F____F_FFF_F__FF__F_FF_FF__F____F___F__FF_F_FFF_FF_F_FFF_FFF_FF_FF_F___FFFFFF__FFFF__FFFFF__
____FF_FFF__FF__FFFFFF_FF_FFF_F_FF_F___F_F_____FFF__F_FF__FF_F_F_F__F_FFF__FF_FF_FF___F___FF___FFFFF_FF_FF_FF__F__F__FFFF_F_FF_____FF_FFFF__FF__F_F___FFF______F_FFF_FFFF_FF__FFFF___
_____F_F_____F_F__F____FF_FFFFF_F_FF_F___FFFF_FF_F_F_F__F_FFF_F____F___FFF_F___FFFF_FF_FF__FF_FF__F_F__FFFFF____F____F__F______F___F_F____FF_F_FFF___FFFF___F__F_F_FF____F__FFFF_FF_F
F__F____FFF____FFFF_F_FF_F____F_FF__F__FFFFF_FF_F_FF_____F_F__FF_F_FFFF_FF_FFFFFFF_FFF__FF_F___F___F_F___FFF_FF__FF__FFFF_FFFF__FF_F__F_F_FF_F__FFFFF___FF_FFF_F__FF__F_F_FFF_FFF_FFF
__FFFF_FF_FFF_F_FF_F_F_FFFFF__F___F_FFFF_____FFFFFF_F__FFFF___F__F______F__F___FF_FF_F__F_FFFF_F___F___F_F___FF__FFF_FF__F___F____F_F____F__FF__F____FFFF_F_F_FFF___F__FFF___FF____F_
FFFF_F_F__FFF_FF__FFF_FFFF_F__F_FFFF___F_F_FF__FF___F_F____FF___F__F__FFFF_____FFFF__F_FF_FFF_F_FFF___FFFFF_F__FF__FFF_F__F_FF____FF____FFFFFFF_F_______FF_F________FF_F_FFFF__FF____
FF_F_F__FFF_FF_______FFFFF___F_FF__F___FF_F_____FFFF__FF__F_F__F_F_FFFF_FF______FFFF_F__FF_F__FFF__FFF_F__FFF__FF_____FF__________FF_F__FF____F_FFFFFF_FF_FF_FF_F_FFF__F___F__FFFFFF_
_FFF__F__FFF_FF_FF__FF_F__FFFF____F_FF____FF__FFF__F_F___FFF__F___F_FFFF_F___FF___FFFF_F_F_F_F_F________FFF__F__F____F_F_____F__F_F_F_FFF___F_FFF__FFF_FF___F__FFFF__FF_FFFFF__FF_F_F
F__FFFFF_FF_FFF_F_F____F_FFF_F__F_FF_FFF__FF___F__F_FF_F_FFF_F_FF_F_FFFF_F__F__F_FFFFFF_FFFF_F__F__F__F___FFF_F_FF_FF_FFF_F_____FF_F__FF__FF_FF_F_____F_FFF__F_F_FFF__FF__FF_FF_FFFF_
___F__FF_FF__FFFFF__F_FFF__FFFF__F_F_FF____FFFF__F___F__FF_F__F_FFFFF__FFF______F__FF__F_FFFFF_____FF_FF__F_FF_F_FFF_FFF__FF__FFFFF_____FFFFF_F____FF_FFF_FFFF_FFF__F_F_FFF__F__F_FFF
__F_FF__FF____F______F_____FF_FFFFFF__FFF___FF_F__FF_FF______FFF_F___FFFF_F_F_F___F_F_FF__FFF_FFFFF___FFF__FF__FFFFFFF_FFF__FF__F_FF_F__FFFFFF_F_F___FFFF__FFF__FFFFFF_FF___FF____F_F
FF___FF_F__FF_FF_FF_F__F__F__FFF_F___F___FFFFFF_F_F_FF__F_FFF_F_FF__FF_F_F_F__F__FFFF_F_FFF_F_F__FFF_FFFF_F__FFFF_FFFFF__F_FF_F__FF______F____FFF_F_FF__FFFFFFFF__F__FF___FFF____FFF_
_FFFF_FFFF___FFF___FFFF___F__FFF_FF__FF_FF___F__FF__F__FFFFFF__FFFF____FF__FF_F_F_FFF_F____F___FFFF_FFFFFFF_FFFFFF_FFFF__F__FF_F___FFFF_FF___F____F_FFFF_F______F_F_F_______FFF______
FFFF___FFF___F__F_F__FF_FFF__F___F_F_F__F__F_FF___FFF_F_F_FF_F_FF_FFF_FFF____F__F__F__F_FF____FF_F___FFF_FF_F__FFF_F___F__F_FFFF_F____FFF_F_F__F__FFF_F___F_F___FF_F_F____FFFFF___FFF
_FFFFF_F_F____FF___FF_FFF_F__FF_FFF_F_FF____FF__FF_FF_FF_FFFF_______F__FF_F_F_F_FFFF_F____F__F___FF_FF_____FFF___FFFFF_FF__FF_FF_FFFFF__F_F__FFFF_FFFFF_FF_F_F_______FFFF__F__FF___F_
__F_____FF_FFF_F_____FF_F_FF__F_FFF_FFF__FF__FFFF_F_FF_F_FFF__F___FF____FFFF_F__F_F_FF_FFFFF_F_F______FF__FFFF____F____FFFFF__FF_F__FF___F___FF__FF______FFF__F___F__FF__F_______FF__
__FFFF___FFFF_FF______F_F__F_FF_FFF_F_FFF_F___F__FFFF_____FF_____FFF__F_FFF_F_FF_FF_F_FF__FF_F_F___FF_F___FFF_FF____FF_F____F_FF_F_FFF_FFFF_FFFFF_F__________FFF_FF_FFFFF_F_F_FF_____
_FF_FFF___F__F_______F___F__F__FF______FFF_F___F_______F_FF__F__FF______F___F_F_F___FFFF__F_FFF___F__F_______FFFFF_FF_FFFFF_______F_F_FFF_FF_F_FFF__FF_F_FF_FFF__F__FFFF____F__FFFFF_
F____FFF_FF_F___F_____FF__F____FFF___FF___FF_FF_FFFF_F_____F___F____F_F_F__F_F_F_FF__FF__FF__FF_F_____F_F_FFFFFF___F__F_F___F_F_FF_FFFF__F__F_F____FF__F__F_FF__FF_FFF_F_F_F_FFF_FFFF
_FFFF_F_FFFFFF__F____FFFF__FFFF_FF_FF_F____F_F_FF__FFFF_FF_FFF_FF__F__FFF_FF__F__F___F_F_F__FF_FFF_FF__FF_F_FFF_F_FF__F_FF_F___FF______FFFF_FF__FF_FFFFFF___F__F_F_FFF_F_F___F_FF_FF_
F_FFF__F______F__FFF_F____F__FFFFF____F__FF_FFFF__FFF___FF_F_FFFFFF_FF__F__F_FF__F_____FF_F___F___FFF_FFFF_FFFF________F_F____F____FF_F_FFF_FFF___F______FF__F_F__F_F__F_F_FFFF_F___F
_F_F___F_FFF_____FF_FFFFF__FFFF_FF__F__FF__FF__FFFF__F_FF_F__F__FFFFFFFFFF____F__F___FF__FF___F__F__FFFF____FFFFFFF_FFFF___F_F_F__F__F__FF_FFFFF__F__FFFF___FFFF_F_FFF_FFFF_F__F__F_F
__F_FF_F_F___FFF_F__FF_F_F_FFFFF_FFF_F_FFFFF_F_F_FF_F__FF_F_F__________F_FF_FFFFF_____FFF_FF__FF__FF_FF____F______FF_F__FFFF___F__F___FFFFFFF__F_F____FF_FFF_FFFF_F____FFF_FF________
