0.00207519531250000000 349.00207519531250000000
0.00122070312500000000 420.00122070312500000000
0.00097656250000000000 62.00097656250000000000
0.00158691406250000000 170.00158691406250000000
0.00109863281250000000 265.00109863281250000000
0.00012207031250000000 435.00012207031250000000
0.00195312500000000000 432.00195312500000000000
0.00012207031250000000 114.00012207031250000000
0.00134277343750000000 72.00134277343750000000
0.00195312500000000000 28.00195312500000000000
0.00036621093750000000 38.00036621093750000000
0.00000000000000000000 362.00000000000000000000
0.00012207031250000000 52.00012207031250000000
0.00183105468750000000 316.00183105468750000000
0.00097656250000000000 401.00097656250000000000
0.00109863281250000000 248.00109863281250000000
0.00134277343750000000 304.00134277343750000000
0.00109863281250000000 152.00109863281250000000
0.00073242187500000000 176.00073242187500000000
0.00170898437500000000 493.00170898437500000000
0.00122070312500000000 302.00122070312500000000
0.00231933593750000000 99.00231933593750000000
0.00073242187500000000 276.00073242187500000000
0.00061035156250000000 276.00061035156250000000
0.00036621093750000000 8.00036621093750000000
0.00231933593750000000 444.00231933593750000000
0.00122070312500000000 353.00122070312500000000
0.00036621093750000000 84.00036621093750000000
0.00183105468750000000 419.00183105468750000000
0.00048828125000000000 136.00048828125000000000
0.00036621093750000000 290.00036621093750000000
0.00134277343750000000 4.00134277343750000000
0.00000000000000000000 236.00000000000000000000
0.00170898437500000000 104.00170898437500000000
0.00146484375000000000 0.00146484375000000000
0.00109863281250000000 388.00109863281250000000
0.00012207031250000000 476.00012207031250000000
0.00012207031250000000 24.00012207031250000000
0.00085449218750000000 488.00085449218750000000
0.00048828125000000000 292.00048828125000000000
0.00073242187500000000 80.00073242187500000000
0.00122070312500000000 167.00122070312500000000
0.00061035156250000000 354.00061035156250000000
0.00122070312500000000 480.00122070312500000000
0.00134277343750000000 374.00134277343750000000
0.00073242187500000000 377.00073242187500000000
0.00109863281250000000 204.00109863281250000000
0.00024414062500000000 207.00024414062500000000
0.00158691406250000000 162.00158691406250000000
0.00122070312500000000 444.00122070312500000000
0.00122070312500000000 432.00122070312500000000
0.00231933593750000000 483.00231933593750000000
0.00097656250000000000 96.00097656250000000000
0.00122070312500000000 39.00122070312500000000
0.00048828125000000000 172.00048828125000000000
0.00036621093750000000 18.00036621093750000000
0.00036621093750000000 206.00036621093750000000
0.00000000000000000000 205.00000000000000000000
0.00219726562500000000 274.00219726562500000000
0.00158691406250000000 449.00158691406250000000
0.00170898437500000000 28.00170898437500000000
0.00146484375000000000 340.00146484375000000000
0.00170898437500000000 311.00170898437500000000
0.00048828125000000000 331.00048828125000000000
0.00134277343750000000 20.00134277343750000000
0.00024414062500000000 468.00024414062500000000
0.00158691406250000000 288.00158691406250000000
0.00207519531250000000 448.00207519531250000000
0.00048828125000000000 398.00048828125000000000
0.00195312500000000000 70.00195312500000000000
0.00085449218750000000 110.00085449218750000000
0.00183105468750000000 490.00183105468750000000
0.00073242187500000000 380.00073242187500000000
0.00207519531250000000 312.00207519531250000000
0.00073242187500000000 494.00073242187500000000
0.00158691406250000000 252.00158691406250000000
0.00061035156250000000 195.00061035156250000000
0.00061035156250000000 230.00061035156250000000
0.00146484375000000000 202.00146484375000000000
0.00219726562500000000 171.00219726562500000000
0.00170898437500000000 317.00170898437500000000
0.00231933593750000000 112.00231933593750000000
0.00122070312500000000 240.00122070312500000000
0.00000000000000000000 320.00000000000000000000
0.00012207031250000000 364.00012207031250000000
0.00085449218750000000 464.00085449218750000000
0.00134277343750000000 450.00134277343750000000
0.00231933593750000000 436.00231933593750000000
0.00073242187500000000 412.00073242187500000000
0.00195312500000000000 364.00195312500000000000
0.00024414062500000000 430.00024414062500000000
0.00146484375000000000 304.00146484375000000000
0.00219726562500000000 50.00219726562500000000
0.00207519531250000000 400.00207519531250000000
0.00085449218750000000 451.00085449218750000000
0.00024414062500000000 280.00024414062500000000
0.00024414062500000000 268.00024414062500000000
0.00170898437500000000 66.00170898437500000000
0.00036621093750000000 126.00036621093750000000
0.00195312500000000000 197.00195312500000000000
0.00207519531250000000 310.00207519531250000000
0.00219726562500000000 115.00219726562500000000
0.00231933593750000000 190.00231933593750000000
0.00183105468750000000 350.00183105468750000000
0.00195312500000000000 344.00195312500000000000
0.00183105468750000000 374.00183105468750000000
0.00024414062500000000 196.00024414062500000000
0.00061035156250000000 20.00061035156250000000
0.00183105468750000000 383.00183105468750000000
0.00170898437500000000 290.00170898437500000000
0.00024414062500000000 256.00024414062500000000
0.00085449218750000000 380.00085449218750000000
0.00195312500000000000 215.00195312500000000000
0.00036621093750000000 194.00036621093750000000
0.00097656250000000000 495.00097656250000000000
0.00231933593750000000 154.00231933593750000000
0.00158691406250000000 324.00158691406250000000
0.00085449218750000000 210.00085449218750000000
0.00207519531250000000 484.00207519531250000000
0.00122070312500000000 200.00122070312500000000
0.00219726562500000000 260.00219726562500000000
0.00207519531250000000 46.00207519531250000000
0.00000000000000000000 236.00000000000000000000
0.00000000000000000000 162.00000000000000000000
0.00024414062500000000 164.00024414062500000000
0.00134277343750000000 458.00134277343750000000
0.00183105468750000000 320.00183105468750000000
0.00048828125000000000 387.00048828125000000000
0.00146484375000000000 428.00146484375000000000
0.00207519531250000000 442.00207519531250000000
0.00073242187500000000 439.00073242187500000000
0.00024414062500000000 460.00024414062500000000
0.00207519531250000000 416.00207519531250000000
0.00024414062500000000 258.00024414062500000000
0.00219726562500000000 60.00219726562500000000
0.00122070312500000000 484.00122070312500000000
0.00048828125000000000 168.00048828125000000000
0.00024414062500000000 452.00024414062500000000
0.00109863281250000000 142.00109863281250000000
0.00231933593750000000 250.00231933593750000000
0.00036621093750000000 236.00036621093750000000
0.00231933593750000000 63.00231933593750000000
0.00061035156250000000 416.00061035156250000000
0.00097656250000000000 482.00097656250000000000
0.00061035156250000000 26.00061035156250000000
0.00195312500000000000 292.00195312500000000000
0.00170898437500000000 442.00170898437500000000
0.00122070312500000000 205.00122070312500000000
0.00085449218750000000 125.00085449218750000000
0.00219726562500000000 240.00219726562500000000
0.00000000000000000000 92.00000000000000000000
0.00231933593750000000 66.00231933593750000000
0.00036621093750000000 244.00036621093750000000
0.00097656250000000000 372.00097656250000000000
0.00122070312500000000 456.00122070312500000000
0.00061035156250000000 128.00061035156250000000
0.00073242187500000000 444.00073242187500000000
0.00158691406250000000 295.00158691406250000000
0.00048828125000000000 305.00048828125000000000
0.00024414062500000000 352.00024414062500000000
0.00207519531250000000 400.00207519531250000000
0.00109863281250000000 158.00109863281250000000
0.00036621093750000000 448.00036621093750000000
0.00085449218750000000 357.00085449218750000000
0.00134277343750000000 70.00134277343750000000
0.00170898437500000000 300.00170898437500000000
0.00122070312500000000 156.00122070312500000000
0.00085449218750000000 0.00085449218750000000
0.00109863281250000000 72.00109863281250000000
0.00183105468750000000 384.00183105468750000000
0.00134277343750000000 364.00134277343750000000
0.00219726562500000000 264.00219726562500000000
0.00134277343750000000 336.00134277343750000000
0.00207519531250000000 39.00207519531250000000
0.00231933593750000000 131.00231933593750000000
0.00219726562500000000 212.00219726562500000000
0.00207519531250000000 132.00207519531250000000
0.00146484375000000000 203.00146484375000000000
0.00073242187500000000 315.00073242187500000000
0.00146484375000000000 4.00146484375000000000
0.00048828125000000000 284.00048828125000000000
0.00146484375000000000 224.00146484375000000000
0.00183105468750000000 232.00183105468750000000
0.00024414062500000000 80.00024414062500000000
0.00073242187500000000 250.00073242187500000000
0.00109863281250000000 195.00109863281250000000
0.00183105468750000000 442.00183105468750000000
0.00048828125000000000 450.00048828125000000000
0.00085449218750000000 234.00085449218750000000
0.00195312500000000000 28.00195312500000000000
0.00000000000000000000 160.00000000000000000000
0.00109863281250000000 181.00109863281250000000
0.00122070312500000000 160.00122070312500000000
0.00048828125000000000 344.00048828125000000000
0.00048828125000000000 300.00048828125000000000
0.00195312500000000000 40.00195312500000000000
0.00195312500000000000 160.00195312500000000000
0.00097656250000000000 80.00097656250000000000
0.00219726562500000000 272.00219726562500000000
0.00036621093750000000 298.00036621093750000000
