----- map begin -----
----- end       -----
mf 1
----- map begin -----
24091704 Japan
----- end       -----
mf 1
mf 1
mf 1
----- map begin -----
45995460 Burkina
366162760 Micronesia
----- end       -----
mf 1
mf 1
----- map begin -----
263110653 Spain
297143712 Senegal
----- end       -----
mf 1
mf 1
----- map begin -----
45995460 Burkina
99890839 Thailand
233958010 City
366162760 Micronesia
----- end       -----
mf 1
mf 1
mf 1
mf 1
mf 1
----- map begin -----
263110653 Spain
297143712 Senegal
547381568 Samoa
----- end       -----
----- map begin -----
5358088 Republic
24091704 Japan
252792270 Costa
----- end       -----
----- map begin -----
5358088 Republic
24091704 Japan
252792270 Costa
----- end       -----
----- map begin -----
14795052 San
45995460 Burkina
99890839 Thailand
171467532 Albania
193397236 Germany
233958010 City
366162760 Micronesia
----- end       -----
mf 1
mf 1
mf 1
----- map begin -----
263110653 Spain
297143712 Senegal
547381568 Samoa
----- end       -----
----- map begin -----
3332194 Burkina
14795052 San
45995460 Burkina
99890839 Thailand
171467532 Albania
193397236 Germany
233958010 City
366162760 Micronesia
583188342 Moldova
----- end       -----
mf 1
mf 1
----- map begin -----
263110653 Spain
297143712 Senegal
547381568 Samoa
----- end       -----
----- map begin -----
3332194 Burkina
14795052 San
45995460 Burkina
99890839 Thailand
171467532 Albania
193397236 Germany
233958010 City
366162760 Micronesia
583188342 Moldova
----- end       -----
----- map begin -----
5358088 Republic
24091704 Japan
44157795 Bosnia
207204660 Burundi
252792270 Costa
640644590 Senegal
----- end       -----
mf 1
----- map begin -----
3332194 Burkina
14795052 San
45995460 Burkina
99890839 Thailand
171467532 Albania
193397236 Germany
233958010 City
366162760 Micronesia
583188342 Moldova
----- end       -----
mf 1
mf 1
----- map begin -----
5358088 Republic
24091704 Japan
44157795 Bosnia
207204660 Burundi
252792270 Costa
437829678 Nauru
640644590 Senegal
----- end       -----
mf 1
mf 1
mf 1
mf 1
----- map begin -----
3332194 Burkina
14795052 San
45995460 Burkina
99890839 Thailand
171467532 Albania
193397236 Germany
233958010 City
366162760 Micronesia
583188342 Moldova
----- end       -----
mf 1
mf 1
mf 1
----- map begin -----
5358088 Republic
24091704 Japan
44157795 Bosnia
181644320 Marshall
207204660 Burundi
213491460 Afghanistan
252792270 Costa
437829678 Nauru
531589134 Principe
640644590 Senegal
----- end       -----
mf 1
----- map begin -----
4038475 Croatia
263110653 Spain
297143712 Senegal
400530496 Emirates
515753954 Sao
547381568 Samoa
660797936 Canada
672434583 Swaziland
----- end       -----
mf 1
----- map begin -----
3332194 Burkina
14795052 San
45995460 Burkina
57952460 Kuwait
99890839 Thailand
171467532 Albania
193397236 Germany
233958010 City
366162760 Micronesia
530620800 Uganda
583188342 Moldova
----- end       -----
----- map begin -----
5358088 Republic
24091704 Japan
44157795 Bosnia
181644320 Marshall
207204660 Burundi
213491460 Afghanistan
252792270 Costa
437829678 Nauru
531589134 Principe
640644590 Senegal
----- end       -----
----- map begin -----
5358088 Republic
24091704 Japan
44157795 Bosnia
181644320 Marshall
207204660 Burundi
213491460 Afghanistan
252792270 Costa
437829678 Nauru
531589134 Principe
640644590 Senegal
----- end       -----
mf 1
mf 1
mf 1
mf 1
----- map begin -----
5358088 Republic
24091704 Japan
44157795 Bosnia
181644320 Marshall
207204660 Burundi
213491460 Afghanistan
252792270 Costa
437829678 Nauru
531589134 Principe
640644590 Senegal
----- end       -----
----- map begin -----
3332194 Burkina
14795052 San
45995460 Burkina
57952460 Kuwait
99890839 Thailand
171467532 Albania
193397236 Germany
233958010 City
333438632 Bosnia
366162760 Micronesia
530620800 Uganda
583188342 Moldova
----- end       -----
----- map begin -----
4038475 Croatia
263110653 Spain
287869311 Tunisia
297143712 Senegal
323041104 France
323998844 Haiti
400530496 Emirates
515753954 Sao
547381568 Samoa
660797936 Canada
672434583 Swaziland
912039921 Colombia
----- end       -----
----- map begin -----
3332194 Burkina
14795052 San
45995460 Burkina
57952460 Kuwait
99890839 Thailand
171467532 Albania
193397236 Germany
233958010 City
333438632 Bosnia
366162760 Micronesia
530620800 Uganda
583188342 Moldova
----- end       -----
----- map begin -----
3332194 Burkina
14795052 San
45995460 Burkina
57952460 Kuwait
99890839 Thailand
171467532 Albania
193397236 Germany
233958010 City
333438632 Bosnia
366162760 Micronesia
530620800 Uganda
583188342 Moldova
----- end       -----
----- map begin -----
4038475 Croatia
263110653 Spain
287869311 Tunisia
297143712 Senegal
323041104 France
323998844 Haiti
400530496 Emirates
515753954 Sao
547381568 Samoa
660797936 Canada
672434583 Swaziland
912039921 Colombia
----- end       -----
mf 1
----- map begin -----
4038475 Croatia
263110653 Spain
287869311 Tunisia
297143712 Senegal
323041104 France
323998844 Haiti
400530496 Emirates
515753954 Sao
547381568 Samoa
660797936 Canada
672434583 Swaziland
912039921 Colombia
----- end       -----
mf 1
----- map begin -----
5358088 Republic
24091704 Japan
44157795 Bosnia
160438454 Bolivia
181644320 Marshall
207204660 Burundi
213491460 Afghanistan
252792270 Costa
437829678 Nauru
531589134 Principe
640644590 Senegal
----- end       -----
mf 1
----- map begin -----
3332194 Burkina
14795052 San
45995460 Burkina
57952460 Kuwait
99890839 Thailand
171467532 Albania
193397236 Germany
233958010 City
280323800 Bosnia
333438632 Bosnia
366162760 Micronesia
530620800 Uganda
583188342 Moldova
----- end       -----
----- map begin -----
5358088 Republic
17625762 Djibouti
24091704 Japan
44157795 Bosnia
160438454 Bolivia
181644320 Marshall
207204660 Burundi
213491460 Afghanistan
252792270 Costa
437829678 Nauru
531589134 Principe
640644590 Senegal
----- end       -----
mf 1
mf 1
mf 1
mf 1
----- map begin -----
5358088 Republic
17625762 Djibouti
24091704 Japan
44157795 Bosnia
160438454 Bolivia
181644320 Marshall
207204660 Burundi
213491460 Afghanistan
252792270 Costa
437829678 Nauru
531589134 Principe
640644590 Senegal
----- end       -----
mf 1
----- map begin -----
3332194 Burkina
14795052 San
45995460 Burkina
57952460 Kuwait
99890839 Thailand
171467532 Albania
193397236 Germany
233958010 City
239163678 Tuvalu
280323800 Bosnia
333438632 Bosnia
366162760 Micronesia
530620800 Uganda
583188342 Moldova
771852554 France
----- end       -----
----- map begin -----
4038475 Croatia
8857800 Taiwan
263110653 Spain
287869311 Tunisia
297143712 Senegal
323041104 France
323998844 Haiti
400530496 Emirates
402467730 Jordan
515753954 Sao
547381568 Samoa
660797936 Canada
672434583 Swaziland
912039921 Colombia
----- end       -----
----- map begin -----
4038475 Croatia
8857800 Taiwan
263110653 Spain
287869311 Tunisia
297143712 Senegal
323041104 France
323998844 Haiti
400530496 Emirates
402467730 Jordan
515753954 Sao
547381568 Samoa
660797936 Canada
672434583 Swaziland
912039921 Colombia
----- end       -----
mf 1
mf 1
----- map begin -----
4038475 Croatia
8857800 Taiwan
263110653 Spain
287869311 Tunisia
297143712 Senegal
323041104 France
323998844 Haiti
400530496 Emirates
402467730 Jordan
515753954 Sao
547381568 Samoa
660797936 Canada
672434583 Swaziland
912039921 Colombia
----- end       -----
mf 1
mf 1
----- map begin -----
4038475 Croatia
8857800 Taiwan
263110653 Spain
287869311 Tunisia
297143712 Senegal
323041104 France
323998844 Haiti
400530496 Emirates
402467730 Jordan
515753954 Sao
547381568 Samoa
660797936 Canada
672434583 Swaziland
912039921 Colombia
----- end       -----
mf 1
mf 1
mf 1
----- map begin -----
4038475 Croatia
8857800 Taiwan
151725432 Monaco
263110653 Spain
287869311 Tunisia
297143712 Senegal
323041104 France
323998844 Haiti
400530496 Emirates
402467730 Jordan
515753954 Sao
547381568 Samoa
660797936 Canada
672434583 Swaziland
912039921 Colombia
----- end       -----
----- map begin -----
5358088 Republic
17625762 Djibouti
24091704 Japan
44157795 Bosnia
103219818 Fiji
104329446 Republic
160438454 Bolivia
181644320 Marshall
207204660 Burundi
213491460 Afghanistan
231553314 Seychelles
252792270 Costa
389678805 Armenia
437829678 Nauru
531589134 Principe
640644590 Senegal
----- end       -----
mf 1
mf 1
mf 1
----- map begin -----
5358088 Republic
17625762 Djibouti
24091704 Japan
44157795 Bosnia
103219818 Fiji
104329446 Republic
160438454 Bolivia
181644320 Marshall
207204660 Burundi
213491460 Afghanistan
231553314 Seychelles
252792270 Costa
389678805 Armenia
437829678 Nauru
531589134 Principe
556537608 Tome
640644590 Senegal
----- end       -----
----- map begin -----
5358088 Republic
17625762 Djibouti
24091704 Japan
44157795 Bosnia
103219818 Fiji
104329446 Republic
160438454 Bolivia
181644320 Marshall
207204660 Burundi
213491460 Afghanistan
231553314 Seychelles
252792270 Costa
389678805 Armenia
437829678 Nauru
531589134 Principe
556537608 Tome
640644590 Senegal
----- end       -----
mf 1
mf 1
----- map begin -----
577608 Israel
3332194 Burkina
14795052 San
45995460 Burkina
57952460 Kuwait
59891106 Brazil
99890839 Thailand
126439525 Cuba
171467532 Albania
190039872 Colombia
193397236 Germany
233958010 City
239163678 Tuvalu
280323800 Bosnia
333438632 Bosnia
366162760 Micronesia
530620800 Uganda
583188342 Moldova
675552210 Andorra
771852554 France
----- end       -----
----- map begin -----
4038475 Croatia
8857800 Taiwan
151725432 Monaco
263110653 Spain
287869311 Tunisia
297143712 Senegal
323041104 France
323998844 Haiti
358111832 Rica
400530496 Emirates
402467730 Jordan
515753954 Sao
547381568 Samoa
660797936 Canada
672434583 Swaziland
867532173 Liberia
912039921 Colombia
----- end       -----
----- map begin -----
577608 Israel
3332194 Burkina
14795052 San
45995460 Burkina
57952460 Kuwait
59891106 Brazil
99890839 Thailand
126439525 Cuba
171467532 Albania
190039872 Colombia
193397236 Germany
233958010 City
239163678 Tuvalu
280323800 Bosnia
333438632 Bosnia
366162760 Micronesia
530620800 Uganda
583188342 Moldova
675552210 Andorra
771852554 France
----- end       -----
----- map begin -----
5358088 Republic
17625762 Djibouti
24091704 Japan
44157795 Bosnia
103219818 Fiji
104329446 Republic
160438454 Bolivia
181644320 Marshall
207204660 Burundi
213491460 Afghanistan
231553314 Seychelles
252792270 Costa
389678805 Armenia
437829678 Nauru
531589134 Principe
556537608 Tome
640644590 Senegal
----- end       -----
