132
226
211
79
105
179
99
148
205
269
159
143
147
237
221
110
79
169
158
221
141
74
89
142
175
32
142
205
206
111
73
127
152
158
137
85
116
132
137
148
80
58
126
43
194
89
110
216
184
164
132
127
205
100
158
268
158
79
26
53
126
122
142
195
58
105
274
163
63
137
111
73
184
100
100
36
53
110
0
52
110
221
100
73
237
84
173
184
153
47
183
169
126
178
231
158
105
184
242
158
158
116
136
127
42
0
163
131
94
158
53
116
137
99
184
158
148
99
148
316
84
79
162
153
169
163
95
63
247
121
174
211
126
131
127
142
0
242
195
100
242
231
121
158
237
200
194
200
157
179
174
169
174
131
247
211
174
205
110
31
147
36
110
16
163
63
148
211
89
158
37
53
205
116
158
152
138
206
168
110
96
106
179
111
163
194
100
205
95
37
89
211
137
132
116
184
163
74
164
295
0
57
105
190
153
52
174
90
179
