105
77
42
31
31
14
36
59
31
48
9
9
0
0
0
47
0
20
0
60
44
48
21
59
36
0
0
155
0
189
104
83
92
0
71
30
0
0
20
25
0
0
0
25
55
53
13
0
2
38
0
60
138
0
42
53
115
41
15
8
31
20
0
49
0
0
0
76
0
82
53
121
75
0
24
70
43
14
49
0
0
3
66
0
104
0
31
65
65
0
82
0
31
72
0
0
14
82
48
60
83
9
87
58
0
3
81
54
47
0
82
42
0
0
93
14
48
31
59
127
3
0
0
9
3
0
30
111
43
8
0
9
0
0
71
155
0
0
65
71
0
43
36
0
19
19
2
0
0
0
21
54
13
0
94
65
0
13
93
30
65
0
37
32
0
36
77
78
69
0
37
8
111
14
3
43
110
54
35
14
8
2
0
110
0
60
99
8
0
3
32
4
8
78
60
110
47
25
70
98
87
9
82
0
55
59
10
