557981
976633
181503
464236
762415
939173
364328
327599
224997
37538
13050
715006
230651
524441
838226
442134
396660
3929
111048
770971
155478
545375
347457
747737
133749
454890
96353
734272
414202
536065
619103
921334
908940
808702
504887
91382
894377
794129
96774
590238
616669
580377
302241
136587
332591
438929
133862
416926
136750
922393
602644
656317
908681
53390
842288
566855
190446
256782
191418
140647
813761
375023
114075
202290
779740
222318
682119
617729
768646
778319
137132
359422
854655
246235
642821
245484
980821
398438
950273
826979
556831
875031
965597
222353
463287
129196
245804
39360
443934
333277
332732
962731
667421
801119
344020
66063
107678
694488
240921
676451
228385
868175
698335
853200
291425
58843
154266
719837
80222
474052
412546
98991
377685
459886
323676
53882
280697
646106
45652
416793
58371
160201
79331
934892
306011
103494
112641
300109
47448
608707
525842
655545
8510
874703
79588
493024
774797
255757
369998
471705
894750
212170
560052
310802
972547
196838
827588
378485
761011
740176
467822
113834
384606
321641
925526
939962
353885
78719
980182
433593
764522
389456
844697
980289
817071
542830
856125
519062
600485
141976
500555
292978
157051
765217
98526
26041
65239
962129
161298
253222
729
347379
709258
404947
762131
891613
843786
432869
310311
647407
789429
86925
672659
448507
110179
813526
429927
167709
846129
170001
676126
554677
495573
104849
507623
526091
30624
662775
497474
408130
175701
576922
653615
761627
12191
11887
38648
611170
449774
865057
988415
515433
462849
799590
352575
109312
745124
691931
979265
826714
395264
501590
379585
944099
882940
656967
616638
702764
950336
112854
679296
814546
999171
959449
699097
976350
698320
306408
520722
615954
977323
206910
180581
131156
212024
407852
551464
250810
288991
608187
932850
653995
921995
332904
611559
416119
291294
586883
455730
162421
344513
108578
828059
164748
388106
340227
544292
832671
396360
214129
266184
931963
977436
756781
503444
641820
775844
947050
294326
876424
36731
148395
808915
445862
295855
793723
509800
938465
778102
718269
892141
574679
971259
67098
731795
657684
336459
662175
407438
824007
908550
78037
965798
158675
278637
670410
227026
799159
710219
967649
667146
465631
343199
183226
72389
857572
684975
123665
377677
262221
706317
165447
212729
705800
604670
131534
183808
238946
450983
731612
18183
452008
297027
106424
821639
458842
957576
876291
423729
134937
259217
639407
808244
774425
740530
848406
516798
941277
197798
872157
350286
405317
65667
938628
795960
10458
830119
653746
460130
542187
684350
626934
768625
238580
609262
544196
712250
451109
907757
768527
428678
751129
127751
70238
792359
220509
968424
507185
664833
729602
103366
718389
984448
749693
211822
311573
691210
737018
720148
879457
70310
324282
638369
45439
946512
250625
846444
891305
892952
122654
599137
31305
767050
911628
784110
485895
309110
948539
907453
713968
501693
922383
207295
42465
382579
487518
84457
8826
505927
859593
972482
640758
852301
610387
973297
263438
310393
479239
181168
999785
233785
910610
809200
611275
364376
52724
700136
538425
309616
38988
90209
671056
421517
866629
533095
856793
332318
317825
609743
601123
564693
213853
546861
555615
984828
29600
559882
260416
510573
767097
768520
304829
305555
597270
823028
324447
105687
861402
477658
26419
873049
468109
86769
768901
73733
472323
222270
429850
139588
23873
64587
989578
267440
685405
364508
426975
698534
593695
283013
254554
908124
635159
311943
950720
42829
499680
231968
187895
230602
427568
526617
154800
708220
500357
996962
379300
685347
18858
391924
236087
567775
45054
279409
742970
914121
436830
274968
595088
655712
313583
908129
21339
755011
773218
353063
630815
548037
415905
530924
529073
653250
260289
912371
411371
664986
55065
969698
87302
931044
525458
614150
896202
517283
250209
991668
418349
992478
699787
674339
679240
467385
817574
699733
151995
527509
334505
393590
447577
311698
995595
850673
277475
946837
526719
836036
288008
658144
178377
890375
650233
316493
493852
485479
115978
798918
921538
325538
549211
684617
213477
250716
499450
317938
138778
477288
153080
447231
186564
76849
172577
480222
290496
613181
452637
779478
179038
954314
513899
954221
711477
234237
209501
879390
77888
212594
212253
979883
927417
511066
473061
230511
333714
216406
814004
492109
488764
44266
435940
522698
351550
754403
470638
593611
269485
596542
856449
33079
74291
170502
749004
536576
240489
931173
869633
158410
194758
945123
295112
536968
75940
350735
911990
943684
51224
806602
256575
335938
78178
211105
313559
553593
292476
564390
33505
120413
726136
79968
91522
70318
89110
465911
639453
594837
446690
416415
842989
4251
594539
503777
630417
549023
98947
698029
896506
668574
532906
92503
355887
280060
588247
212144
258299
476622
40552
270058
325617
580754
314643
364239
329683
59184
988267
934700
666154
960665
885484
719734
235969
447621
909110
741275
760558
229559
338410
307268
333686
632356
134555
13112
844751
931521
939527
645107
96157
916474
794288
457240
350524
128973
568023
317409
379916
893929
365883
634651
241148
341788
347503
370014
653829
867322
91672
105921
122188
856472
36255
914715
199076
217603
742952
784191
10801
804887
146164
922794
729443
626522
331401
242763
181597
973927
771198
859632
308404
766786
193013
1276
749751
20029
829114
598939
978055
123897
238217
144583
938137
247316
827752
304553
449377
15465
51491
25320
512887
46608
558208
701278
344508
356847
244454
938132
575630
130954
555672
844360
403052
722438
269627
841480
80906
540580
209664
821457
245267
642513
662771
337463
141714
124278
151957
91891
803127
236709
366073
457222
609898
321851
640193
417977
415807
871286
421773
388556
406222
704621
306487
626724
871907
220249
31979
828138
885632
444443
690939
952258
746167
167065
358878
995538
160615
961028
596886
833118
478486
49774
54306
228962
223292
733497
494615
618208
798807
908660
653529
39658
376495
495586
660911
561844
338198
211853
99400
829013
194632
694138
354175
344957
642988
951223
905580
708051
300983
384010
653917
483112
77608
421592
130897
209727
680059
591457
54554
534129
468540
252549
439997
539194
846186
307736
212537
23676
275976
237651
731295
643883
355301
955155
618922
262911
830567
515508
233492
31376
249342
898902
262421
637115
398731
120791
827453
911907
656439
213410
808663
511508
125228
647278
671372
160249
403479
828383
339970
307984
653529
392981
893964
66018
546526
267216
15
536060
266530
930214
390738
945620
882761
506082
435793
933648
63394
701816
994533
328804
952333
54056
594419
177708
626443
915890
679437
361265
646672
719544
472571
411069
18887
453081
545397
753938
81518
414631
723723
925977
477778
810005
504617
99552
292211
420653
74089
447073
239301
548762
645617
349082
