971010
723868
595584
585086
834149
241575
111689
971217
715760
784973
84040
939659
202185
379072
355730
988402
603938
344021
566118
858874
962995
291250
23523
169924
74669
35053
449971
498994
258040
327923
334773
445453
506728
189212
128109
829140
403428
259256
215431
462350
6497
179935
250693
869130
974405
258184
969766
898247
757615
813797
496786
695739
197511
298447
765004
332821
200713
234200
438006
641033
920707
349826
350019
358919
911989
861906
566945
582007
540947
234756
295984
290890
73510
897176
554442
212334
656492
505016
140479
787056
163598
25605
180963
382612
555332
703126
123040
778249
629368
185690
909705
529978
834968
573012
937570
641178
877564
441155
973835
772904
898656
719096
57570
13510
815143
925620
344685
291861
899902
58609
278792
567425
504154
121367
624376
971908
133654
482832
493471
322747
189688
65195
301294
980412
392284
947276
534557
311564
846241
773636
810441
106734
653742
948546
514881
443112
382970
175503
19944
425374
752579
25108
165839
915952
136928
137593
288798
482657
465120
350280
830748
173684
90603
501145
95589
932541
215528
794578
558545
803487
777230
823801
137451
853882
478454
146163
184317
224165
314284
795993
134791
400231
292137
215726
741369
544406
983713
798221
853093
145492
662536
780127
294184
681944
684004
598630
622177
593477
80920
315667
12393
258800
610836
233345
877714
237306
247151
258445
378556
945423
345223
279715
910550
747868
931930
106768
502717
634375
400919
886569
707234
980125
286065
131844
417925
607776
101137
91670
781716
45690
937751
432937
104975
21964
260481
639983
207902
231459
158011
700620
655239
609129
934436
203823
328952
778400
796216
45711
207129
64544
3587
90061
590304
37650
918074
130059
956710
658689
971253
585344
283325
649324
387411
104836
502290
787798
663692
946131
703923
438426
70932
440246
761458
445342
325046
187985
539640
163163
169180
715089
672223
884768
349540
198086
525775
744232
270882
197623
726972
807133
160549
419443
70407
39335
39112
818052
804650
51707
246201
94752
223302
956018
408473
800101
266668
630999
291656
757093
943307
751071
430111
95573
877735
268016
914964
205269
885613
443445
94951
890605
963972
144544
315101
586964
429813
657004
74421
289667
283196
100200
744316
412961
518615
124994
112776
54704
671262
647924
230044
597000
388557
131863
694916
237368
290403
623069
734736
223490
643190
520728
666566
736446
174995
485541
591719
33395
918302
192645
652487
146630
104633
9424
764064
789718
318554
813509
569667
979676
127912
347177
931327
5466
705311
938679
999987
651092
878661
288139
269757
428961
866918
619367
927213
534952
890135
252982
832852
273476
542372
63786
801512
292290
387372
807840
561758
511292
946913
295597
535796
808875
538907
358624
114862
748677
781754
474575
632376
376998
616235
18542
863956
612858
447160
153207
501327
373893
896505
999043
159894
847878
476384
762728
708366
431726
165258
682768
242353
907293
515665
717704
174994
848356
308466
401996
547373
262114
483397
559041
311955
845108
926773
632257
544903
891317
643048
911568
62626
188117
268865
304604
851467
89129
532719
44567
735826
411081
128797
976290
677548
850757
346558
986305
74505
630580
813668
840198
517995
638665
769269
903667
639707
512126
824587
328440
160576
8361
0
19
269232
448081
192051
653763
184
171488
338933
393788
16819
760095
135206
243585
445565
964501
505866
169399
973908
549064
190717
704070
994409
159981
539261
496090
300517
345341
188742
307631
608175
808034
287618
977184
914292
968290
272463
481613
525669
513756
833085
27868
591733
76221
336625
19033
115547
721626
88202
861955
657704
37289
186743
753716
37908
807867
298018
167633
669168
973175
335930
128058
247010
221760
7797
447990
390197
968879
564125
993439
805102
336971
843733
227382
215107
536195
523324
937743
392206
14611
482602
95226
956401
653904
872584
229342
623744
975848
308336
23431
120515
909299
327521
674680
102105
703921
934121
310997
916364
601791
477413
313661
352143
489705
391212
929115
242255
936170
859548
972347
524572
242092
143539
848778
430720
293018
406873
548410
273895
808435
435386
652518
513864
886290
130817
428471
364686
780334
77102
754121
398160
242730
93997
684834
964720
472076
488116
513137
362239
709978
771660
582217
109642
828246
952715
942411
560460
613049
746312
234888
176225
145568
395386
612918
612579
537952
795997
111547
534137
361174
509733
130895
632440
270970
195271
279263
42493
860133
928994
456457
315508
365584
935143
217715
461873
776441
300068
331405
342492
267058
31602
19628
324396
289157
872491
569634
15179
347928
204436
948949
669742
98172
878582
983539
585223
361355
745613
630811
695701
583235
166883
768334
893828
210613
12059
264868
803528
877424
795788
829197
855345
950267
464999
705581
270446
103616
829144
142815
143074
372693
778684
809317
445093
407487
52684
694380
308344
329189
145169
530612
483118
845530
798641
556093
17417
315831
444613
309398
846742
994518
850393
676055
274795
341243
183292
260353
486582
363932
700250
489301
352469
539039
625479
765675
589263
763478
312701
369092
679850
704564
349635
51069
985180
606469
318698
771495
651324
28432
770868
289755
452308
857673
797413
126402
298858
21867
669711
920246
1059
816667
90441
964361
945577
565797
118857
195691
179974
99614
221743
946354
274357
191436
821137
140746
610071
176158
762367
160183
830546
120003
420326
797535
737749
49544
111451
802602
157024
107058
335845
211806
259711
131896
421110
710391
593588
421378
882702
6306
701537
656681
947925
893211
183173
976714
116448
826961
927779
775909
784546
584742
189972
289807
606981
307308
572178
875857
195072
402197
645571
444443
675596
690948
905158
227351
225393
542871
568679
795726
506902
126528
773601
308603
363739
130684
401067
719080
49300
540521
568179
872603
662825
779182
568424
733361
825097
160644
735108
813320
52014
555008
497024
87495
484702
11998
478381
739940
338690
62360
440950
581789
846835
276779
804619
887417
243147
148419
44849
639444
238619
75357
137665
931734
734825
612537
527751
943607
275190
692755
69406
420187
168352
282180
325608
930147
659692
214469
902984
371804
536905
40150
888867
660263
885367
396276
713138
393574
671765
596368
73685
623836
222541
961838
939772
71490
489821
929512
896549
844205
752263
816271
742863
697284
740622
99892
143033
404582
600467
636621
796027
426105
566047
982841
495207
336670
192425
575438
830025
283940
672218
82070
916709
867657
878881
243953
98886
263893
545755
381582
378300
554212
711215
92630
458108
669792
105362
386516
322285
206993
96649
767415
498082
786215
138205
78872
713657
642707
410773
260681
461936
988381
546603
995080
72753
988734
658350
793006
177596
513753
615304
731300
402141
915014
867830
812432
377943
572817
100857
39379
666981
400621
812349
929662
801709
925837
926462
453229
259871
691317
8335
534454
398684
417381
602933
80048
375528
73881
740770
533201
590905
569640
914577
186474
269177
22903
23400
170741
763912
273979
62431
543666
202040
845881
787165
184885
258131
301724
538846
355499
775582
721084
717483
881520
