min = 112225054
Not Full
Not Empty
min = 390815006
Not Empty
min = 1140652301
min = 1023292763
Not Empty
min = 437762867
Not Full
Not Full
Not Empty
Not Full
Not Full
Not Full
Not Full
Not Full
Not Full
Empty
Not Full
Not Empty
Not Empty
Not Empty
min = 802180331
min = 628315953
Not Empty
Not Empty
Empty
min = 95170271
Not Full
Empty
Not Empty
min = 281007227
Not Empty
Not Full
Not Full
Not Empty
min = 40475954
min = 727254396
Not Empty
min = 1637431782
Not Empty
Not Empty
Not Full
Not Full
Not Full
Not Full
min = 522780467
Not Empty
Not Empty
Not Empty
Not Empty
min = 93472003
Not Empty
Not Empty
Not Full
min = 1992844949
Not Empty
Not Full
Not Full
Not Full
Not Empty
Not Empty
Not Empty
Not Full
Empty
Not Empty
Not Full
Empty
Not Full
Not Full
Not Full
Not Full
Not Empty
Not Empty
min = 454797812
min = 84800155
Not Empty
Not Full
Not Empty
Not Empty
Not Full
Not Empty
Not Empty
min = 228465
Not Empty
min = 827826925
Not Full
Not Full
min = 267554593
Not Empty
Not Full
Not Full
Not Empty
min = 399486947
min = 105241789
Not Full
Not Full
Not Empty
Not Empty
Not Full
Not Empty
Not Full
min = 242697994
min = 73343129
Not Full
Not Full
Not Full
Not Empty
min = 49287298
min = 75667144
min = 168584640
Not Full
Not Full
min = 14636271
Not Full
Not Full
Not Full
Not Empty
Not Full
Not Empty
Empty
Not Empty
Not Full
min = 7050797
Not Empty
Not Empty
Not Full
Not Full
Not Full
min = 48175236
Not Empty
min = 296878361
Not Empty
min = 87205222
Not Full
Not Full
min = 56196710
min = 184973196
min = 425381458
min = 55036910
Not Empty
Not Full
Empty
Not Full
min = 472900800
Not Full
Not Full
Not Full
Not Full
Empty
Not Full
min = 145067049
Empty
Not Full
Not Full
Not Empty
Not Full
Not Full
Not Full
Not Empty
Not Empty
Not Full
Not Empty
Not Empty
min = 152460795
Not Empty
Not Empty
Not Empty
Not Empty
Not Full
min = 82568229
Not Empty
Not Full
Not Full
Not Full
min = 42647718
Not Empty
Not Full
Not Empty
min = 11552645
Not Empty
min = 80663496
Not Empty
Empty
min = 170132298
min = 978595053
Not Empty
Not Empty
Not Empty
Not Full
Not Full
Not Full
Not Empty
Not Empty
Not Full
Not Full
Not Full
Not Full
min = 18370668
Not Empty
Not Empty
Not Empty
min = 136043750
min = 26846695
Not Empty
Not Empty
Not Empty
Not Full
Not Empty
min = 186677661
Not Full
min = 873715952
min = 18380394
Not Full
Not Full
min = 697974505
Not Full
Not Empty
Not Empty
Not Empty
min = 292427738
Not Empty
Not Empty
Not Empty
Not Full
Not Full
Not Full
Not Full
Not Empty
Not Empty
min = 19378705
Not Empty
min = 446341514
Not Empty
Not Empty
Not Empty
Not Empty
Not Empty
min = 387178772
Not Full
Not Empty
Not Empty
Not Full
Not Full
Empty
Not Empty
Not Full
Not Full
Not Full
Not Empty
Not Full
Not Full
Not Empty
Not Full
Not Full
Not Empty
Not Full
Not Full
Not Full
Not Empty
Not Full
Not Empty
Not Full
Not Empty
Not Full
Not Full
Not Full
Not Empty
Not Full
Not Empty
Not Empty
Not Empty
min = 6596434
min = 67343264
Not Full
Not Empty
Not Full
Not Full
Not Empty
Not Empty
Not Full
min = 52258665
min = 434249864
Not Empty
Not Empty
Not Empty
Not Full
min = 1850938656
min = 147085631
Not Empty
Not Full
min = 26888979
Not Empty
Not Full
Not Empty
min = 26139467
Not Full
min = 43987288
Not Full
Not Full
min = 77889653
min = 27805680
Not Empty
min = 438890724
min = 132882882
Not Empty
min = 193507003
min = 487634544
Not Empty
Not Empty
Not Empty
Not Full
Not Empty
Not Full
Not Empty
Not Empty
Not Full
min = 674620684
Not Empty
Not Empty
Not Empty
Not Empty
Not Full
Not Full
Not Full
Not Empty
Not Full
Not Empty
Not Empty
Not Empty
Not Full
Not Empty
min = 150868749
Not Empty
min = 52770320
min = 990408221
Not Empty
Not Empty
Not Full
Not Empty
min = 284878496
Not Empty
Not Full
min = 585605095
Not Full
Not Empty
Not Full
min = 497713959
Not Full
Not Empty
Not Full
min = 1164353150
Not Empty
Not Full
Not Full
Not Empty
min = 388315064
Not Full
min = 900993351
Not Empty
Not Full
min = 64519888
Not Full
Not Empty
Not Full
min = 148134667
Not Empty
min = 470054235
min = 129441213
Not Empty
min = 175158122
Not Full
Not Full
min = 1365647300
Not Full
Not Empty
Not Full
Not Empty
Not Full
Not Full
Not Empty
Not Empty
Not Full
Not Empty
Not Empty
Not Empty
Not Empty
min = 493075982
Not Empty
min = 158562029
Not Full
Not Full
Not Empty
Not Empty
min = 85380232
Not Full
Not Empty
Not Empty
Not Empty
Not Empty
Not Full
Not Full
Not Empty
Empty
Not Empty
Empty
Not Full
Not Full
Not Empty
Not Empty
Not Full
min = 36699993
Not Full
Not Empty
min = 38137233
Not Full
Not Full
Not Full
Not Full
Not Empty
Not Full
Not Empty
Not Full
Not Empty
Not Empty
Not Full
Not Full
Not Empty
min = 118564028
min = 15332881
Not Full
Not Full
min = 612582696
Not Empty
Not Full
Not Full
Not Empty
Not Full
Not Full
min = 408822906
Not Full
Not Empty
Not Empty
min = 113178242
Not Full
Not Full
Not Full
Empty
min = 87646365
Not Full
Not Full
Empty
Not Empty
min = 743329258
Not Empty
Not Empty
Not Empty
Not Empty
Not Full
Not Empty
Not Full
Not Empty
Not Empty
Not Empty
Not Full
Not Full
Not Full
Not Empty
Not Full
Not Full
Not Full
Not Empty
Not Full
min = 118758340
Not Empty
Not Empty
Not Empty
Not Full
Not Empty
Not Full
Not Full
Not Full
Not Full
min = 73566830
min = 1699696512
Not Full
Not Full
Not Empty
Not Empty
Not Empty
Not Empty
min = 615459801
Not Full
Not Full
Not Full
Not Empty
Not Full
Not Full
Not Empty
Not Empty
Not Full
Not Full
Not Empty
Not Empty
Not Full
Not Full
min = 493538489
Not Full
Not Empty
Not Empty
Not Full
min = 45707043
min = 193387643
Not Full
Not Full
Not Empty
min = 366312039
Not Full
Not Empty
Not Full
Not Empty
Not Full
Not Full
Not Empty
Not Empty
min = 196125798
Not Empty
Not Full
min = 72186733
Not Empty
min = 343901576
Not Full
Not Empty
Not Full
Not Empty
Not Full
Not Empty
Not Empty
Not Empty
Not Full
Not Empty
min = 238707655
Not Full
Not Empty
min = 111165098
min = 1521503545
Not Empty
Not Full
Not Full
Not Empty
min = 1197258783
Not Full
Not Full
Not Full
Not Empty
Not Empty
Not Full
Not Full
Not Empty
min = 35027835
min = 10670358
min = 153976999
min = 592934057
min = 49515495
Not Empty
min = 25321605
Not Full
min = 25196038
Not Empty
Not Empty
Not Full
Not Empty
min = 67953848
Not Full
Not Full
Not Empty
min = 37288135
Not Full
min = 68283860
min = 122159938
Not Full
Not Full
Not Empty
Not Empty
Not Full
Empty
Empty
Not Full
Not Full
Not Full
Not Full
Not Full
Not Full
Not Empty
Not Empty
Not Full
Not Full
min = 230643279
Not Empty
Not Empty
Not Full
Not Empty
Not Full
Not Empty
Not Empty
Not Full
Not Empty
min = 685933118
min = 62665839
min = 112269436
Not Empty
Not Empty
Not Empty
Not Full
Not Empty
Not Empty
Not Full
min = 98640803
min = 767279236
Not Empty
Not Full
Not Empty
Not Full
Not Full
Not Full
min = 247815783
Not Full
Not Empty
min = 22513245
min = 64714337
Not Full
Not Empty
Not Empty
Not Full
min = 26354824
Not Full
Not Empty
Not Empty
Not Full
Not Full
Not Empty
Not Full
Not Empty
Not Full
Not Full
Not Empty
Not Empty
Not Full
Not Full
min = 7712781
min = 63153407
Not Full
Not Empty
Not Full
Not Full
Not Empty
Not Full
Not Empty
Not Empty
Not Full
Not Empty
Not Full
Not Full
Not Empty
min = 92186152
Not Full
Not Full
Not Full
Not Full
Not Full
Not Empty
Not Full
Not Empty
Not Empty
Not Full
Not Empty
Not Full
Not Full
min = 83899775
Not Empty
Not Empty
Not Full
Not Full
Not Empty
Not Empty
Not Empty
Not Full
min = 252999266
Full
Not Full
min = 244124287
min = 4613726
Full
Not Empty
Not Full
Not Empty
Not Full
Not Full
min = 140706452
min = 476836379
Full
Not Empty
Not Empty
Not Empty
Not Empty
Not Empty
Not Empty
Not Full
min = 610345439
Full
Not Empty
Not Empty
Not Empty
Not Empty
Not Full
Not Full
Not Empty
Not Full
Not Empty
Not Full
Not Empty
Not Empty
min = 194520833
Not Empty
Not Empty
Not Full
Not Empty
Not Full
Not Empty
Not Empty
Not Full
min = 916286046
Not Full
min = 203302250
Not Full
min = 578758604
Not Full
min = 344232796
Not Empty
Not Full
Not Empty
Not Full
Not Empty
min = 397785154
Not Empty
Not Empty
min = 221250286
Not Empty
Not Full
Not Full
min = 7573792
Not Empty
Not Full
min = 220790476
Not Full
Not Full
Not Full
Not Full
Not Full
Not Full
Not Full
min = 300883212
min = 291749009
Not Empty
Not Full
min = 109684316
Not Full
Not Empty
Not Full
Not Full
Not Empty
Not Full
Not Full
Not Full
Not Empty
min = 171852887
Not Full
min = 99781562
Not Empty
Not Full
Not Empty
Not Empty
Not Empty
min = 224422817
Not Full
Not Empty
Not Empty
min = 779606493
