min = 110657731
Not Empty
Not Empty
Not Full
Not Empty
Not Full
Not Full
Not Empty
Not Empty
Not Full
Not Full
min = 705426574
Not Full
Not Empty
Not Empty
Not Empty
Not Full
Not Empty
min = 845014626
Not Empty
Not Full
Not Full
Not Empty
Not Empty
min = 159667964
Not Full
Not Empty
Not Full
Not Full
Not Empty
min = 343684401
Not Empty
Not Empty
min = 355648764
min = 239927665
min = 420392366
min = 426561725
min = 465533644
Not Empty
min = 377620864
Not Full
Not Full
Not Empty
Not Full
Not Empty
Not Empty
Not Full
Not Full
Not Full
min = 164144963
Not Empty
min = 42136216
Not Full
min = 231834579
Not Full
Not Empty
Not Full
Not Empty
Not Full
Not Full
Not Empty
Not Full
Not Full
Not Empty
Not Empty
min = 376631839
Not Full
min = 74613014
Not Full
Not Full
Not Full
Not Full
Not Empty
min = 756183518
Not Full
Empty
Not Empty
Not Empty
min = 251488667
Not Empty
min = 529620908
min = 640973061
Not Empty
min = 481361384
Not Empty
Not Full
Not Empty
Not Full
Not Full
min = 113780393
Not Full
min = 47189722
Not Full
Not Full
min = 156377961
min = 197750884
min = 421987277
Not Full
Not Empty
Not Full
min = 1065333703
Not Full
Empty
Not Empty
Not Empty
Not Empty
Not Empty
Not Full
Not Empty
Not Empty
Not Empty
Not Full
min = 315514345
Not Full
Not Full
min = 26035680
min = 218655238
Not Empty
min = 153405568
Not Empty
Not Full
min = 237267395
Not Empty
Not Full
Not Full
min = 69231845
Not Empty
Not Empty
Not Full
Not Empty
Not Full
Not Empty
min = 646284616
min = 819488679
Not Full
Not Full
Not Full
Empty
Not Full
Not Full
Not Full
Not Empty
Not Empty
Not Empty
Not Full
Not Full
Not Full
Not Empty
Not Empty
Not Full
Not Empty
Not Full
min = 52094892
Not Empty
Not Empty
Not Empty
Empty
Not Empty
Not Empty
Not Empty
Not Full
Not Empty
Not Empty
Not Empty
Not Empty
Not Full
Not Empty
Not Full
Not Full
Not Empty
Not Full
Not Full
Not Full
Not Empty
Not Empty
Not Empty
Not Empty
Not Full
min = 170452065
Not Full
Not Empty
Not Full
Not Full
Not Empty
Not Full
Not Full
Not Empty
Not Empty
Not Full
Not Full
min = 162293202
Not Full
min = 245417465
Not Full
Not Full
Not Empty
min = 290180684
Not Empty
Not Empty
Not Empty
Not Full
min = 726502794
Not Full
min = 206106118
Not Full
Not Full
Empty
Not Empty
Not Full
Not Empty
Not Empty
Not Empty
Not Full
Not Full
min = 380899576
Not Empty
min = 119666672
Not Empty
Not Empty
Not Full
Not Full
min = 279784363
Not Full
Not Empty
Not Full
Not Empty
Not Full
Not Empty
Not Empty
Not Empty
Not Full
Not Empty
Not Full
min = 119681549
Not Full
Not Full
Not Full
Not Full
min = 98452193
min = 215469861
Not Full
Not Full
Not Full
Not Empty
Not Empty
min = 95618860
Not Full
Not Empty
Not Empty
Not Empty
min = 112125804
Not Full
Not Full
min = 110344424
Not Full
Not Empty
Not Empty
min = 612917960
Not Full
Not Empty
Not Empty
min = 39016675
Not Full
Not Empty
Not Empty
Not Full
Not Full
Not Full
Not Empty
Not Empty
Not Empty
Not Empty
Not Empty
min = 205016734
min = 42768429
Not Empty
Not Empty
min = 1850189024
min = 849434465
Not Empty
Not Empty
min = 41023261
min = 1029576441
Not Full
Not Empty
Not Empty
Not Full
Not Empty
Not Full
Not Empty
min = 47718340
Not Empty
min = 331872256
Not Empty
min = 304424862
min = 7576928
min = 1047164146
Not Full
Not Full
Not Empty
min = 315087649
Not Full
Not Full
min = 203523691
Not Empty
Not Full
Not Full
Not Empty
Not Empty
Not Empty
Not Empty
Not Full
min = 66928101
Not Full
min = 39856134
Not Empty
Not Empty
Not Full
Not Empty
Not Empty
Not Empty
Not Empty
Not Empty
Not Full
min = 891419275
Not Full
Not Full
Not Full
Not Empty
min = 122320290
Not Empty
Not Empty
Not Empty
Not Empty
Empty
min = 55811292
Not Full
Not Empty
Not Full
Not Empty
Not Empty
Not Full
Not Empty
Not Full
Not Full
Not Empty
Empty
Not Empty
Not Empty
Not Full
Not Full
Not Empty
Not Full
Not Full
Not Full
Not Empty
Not Empty
Not Full
min = 145956483
Not Full
min = 23018886
Not Full
Not Empty
Not Full
Not Full
Not Full
Not Full
Not Full
Not Empty
Not Empty
Not Full
Not Full
Not Empty
Not Empty
Empty
Not Full
Not Empty
Not Full
min = 1708664059
Not Empty
Not Empty
Not Full
Not Empty
Empty
Not Full
Not Empty
Not Full
Empty
Not Empty
Not Full
Not Full
Not Empty
min = 364453892
min = 16220078
Not Full
Not Full
Not Full
Not Full
Not Full
Not Empty
Not Empty
Not Full
min = 71142207
Not Empty
Not Empty
Not Empty
Not Full
Not Empty
Not Full
min = 40224783
Not Full
min = 197676216
Not Empty
min = 228802891
Not Full
Not Empty
Not Full
min = 82561090
Not Empty
Not Empty
Not Empty
min = 295018890
Not Full
Not Full
Not Full
min = 25620874
Not Empty
min = 581458666
Not Empty
Not Full
Not Full
Not Full
min = 273813040
Not Full
Not Empty
Not Empty
Not Empty
Not Empty
Not Full
Not Empty
Not Full
Empty
min = 1085832225
Not Empty
Not Full
Not Full
Not Empty
Not Empty
Not Full
Not Full
Not Full
Not Empty
Not Empty
min = 50092401
Empty
Not Full
Not Full
min = 21857096
min = 80909034
Not Empty
Not Full
Not Full
Not Empty
Not Empty
Not Empty
Not Full
Not Full
Not Full
Not Full
Not Full
Not Empty
min = 11466617
Not Empty
Not Full
Not Empty
Not Empty
min = 246664465
min = 44500477
Not Full
min = 288871068
min = 252004729
Not Full
min = 1139540204
Not Empty
Not Empty
Not Full
Not Full
Not Empty
Not Empty
Not Full
Not Full
Not Full
min = 55829815
Not Empty
min = 8354926
min = 61816490
Not Empty
min = 111593291
Not Full
Not Full
min = 176919667
Not Empty
Not Empty
Not Full
Not Empty
Not Full
Not Empty
Not Full
Not Empty
Not Empty
Not Full
min = 230361324
Not Full
min = 313039492
min = 18817551
Not Empty
min = 547699609
min = 778414094
Not Full
Not Empty
Not Empty
Not Full
Not Full
Not Full
Not Empty
Not Empty
min = 19853544
Not Empty
Not Full
Not Empty
Not Empty
Not Empty
Not Full
Not Empty
min = 678393192
Not Empty
Not Empty
min = 73470156
Not Full
Not Empty
min = 314521041
Not Empty
Not Empty
Not Empty
Not Empty
Not Full
Not Empty
Not Full
Not Empty
min = 44522923
min = 83030334
Not Full
Not Empty
Not Full
Not Full
min = 99734371
min = 73932414
Not Empty
Not Full
Not Full
min = 303423765
Not Empty
Not Empty
Not Full
Not Empty
Not Empty
Not Full
Not Full
Not Empty
Not Full
Not Full
Not Empty
Not Full
Not Full
Not Full
Not Full
min = 83591022
Not Empty
min = 98741830
Not Empty
Not Full
min = 112715027
Not Empty
Not Full
Not Full
Not Full
Not Empty
Not Full
Not Full
min = 44507269
Not Full
Not Full
min = 157709667
Not Empty
min = 171065506
Not Empty
Not Full
Not Empty
Not Empty
Not Full
Not Empty
Not Empty
min = 140889856
min = 171298831
min = 184473007
Not Full
Not Full
Not Empty
Not Empty
Not Empty
Not Empty
Not Empty
Not Full
min = 136662151
Not Full
Not Empty
Not Empty
Not Full
Not Full
Not Empty
Not Empty
Empty
Not Full
min = 58801041
Not Empty
Not Full
min = 256252190
min = 895338585
Not Empty
Not Empty
Not Empty
Not Full
Not Empty
Not Full
Not Full
min = 76564634
Not Full
Not Full
Not Full
Not Empty
Not Full
Not Empty
Not Full
Not Empty
Not Full
Not Empty
Not Full
min = 181064189
Not Full
Not Empty
Not Empty
Not Full
Not Full
Not Empty
min = 691476136
min = 46805460
Not Empty
Not Empty
Not Full
min = 86332916
Not Empty
Not Full
Not Full
Not Full
min = 217247691
Not Full
Not Empty
Not Empty
Not Full
Not Empty
Not Empty
Not Empty
Not Empty
min = 1321729270
Not Full
Not Full
Not Empty
Not Empty
Not Empty
min = 64678471
Not Empty
Not Empty
Not Full
Not Empty
min = 267602528
Not Full
Not Full
Not Empty
Not Empty
Not Full
Not Empty
Not Full
Not Full
Empty
min = 1108133770
Not Empty
min = 109105805
Empty
Not Empty
Not Empty
Not Empty
Not Full
min = 274448961
min = 343977041
Not Full
Not Empty
Not Full
Not Empty
Not Empty
Not Full
min = 714376451
Not Full
min = 140654727
Not Full
Not Empty
Not Full
min = 2973156
Not Empty
Not Empty
Not Empty
Not Full
Not Full
Not Full
Not Full
Not Empty
Not Full
min = 262847171
Not Full
Not Full
Not Empty
Not Empty
Not Full
Not Full
Not Full
Not Full
Not Empty
Not Empty
Not Empty
min = 556309780
Not Full
Not Empty
Not Full
min = 36460905
Not Empty
Not Empty
min = 761643585
Not Empty
Not Full
min = 26468653
Not Empty
Not Empty
Not Empty
Not Full
Empty
Not Empty
min = 114029655
Not Empty
Not Full
Not Empty
Not Full
Not Empty
Not Full
Not Empty
Not Full
Not Full
Not Empty
Not Full
Not Empty
Not Full
Not Full
Not Full
Not Full
Not Empty
Not Full
min = 99361419
Not Full
Not Empty
min = 96138030
Not Full
Not Empty
Not Full
Not Full
Not Full
Not Empty
Not Empty
Not Empty
Not Full
Not Full
min = 141855626
Not Full
Not Full
Not Empty
Not Empty
Not Full
Not Empty
Not Full
Not Empty
Not Empty
Not Full
Not Empty
min = 137568678
Not Full
min = 729604
Not Empty
Not Empty
min = 710499008
Not Full
Not Empty
min = 102380327
min = 19086043
Not Full
Not Full
Not Full
Not Full
Not Full
min = 33301302
Not Full
Not Empty
Not Empty
Not Full
Not Empty
Not Empty
Not Full
Not Full
Not Full
Not Full
Not Full
min = 191144274
Not Full
Not Empty
Not Full
Not Empty
Not Empty
Not Empty
Not Full
min = 3180800
Not Full
Not Empty
Not Full
Not Empty
min = 149637480
Not Empty
Not Full
Not Full
Not Empty
Not Empty
Not Empty
min = 18162319
min = 293567973
Not Full
Empty
Not Empty
Not Full
min = 1047954503
Not Empty
Not Empty
Not Empty
Not Full
Not Full
Not Full
Not Empty
min = 91685657
Not Full
Not Empty
Empty
min = 178102149
Not Full
Not Empty
Not Full
Not Full
Not Full
Not Empty
min = 191417396
Not Empty
Not Full
Not Full
Empty
Not Empty
Not Empty
min = 2082308879
min = 1261454264
Not Empty
Not Full
Not Full
min = 62823832
Not Empty
Empty
Not Empty
Not Full
Not Full
Not Full
Not Full
Not Empty
Not Full
min = 41868390
Not Full
Not Empty
min = 8427155
Not Full
Empty
Not Empty
min = 175535303
Not Full
Not Full
min = 88067686
Not Full
Not Full
Not Empty
Not Full
min = 918030625
Not Empty
Not Full
Not Full
Not Full
Not Full
Not Full
min = 46032019
min = 23192509
min = 193154195
Not Full
Not Empty
Not Empty
Not Full
Not Full
Not Full
min = 46407126
Not Empty
Not Empty
Not Empty
Not Full
Not Full
Not Empty
Not Empty
Not Full
Not Empty
Not Empty
Not Full
Not Full
min = 141826566
Not Empty
Not Empty
Not Full
min = 172088852
Not Full
min = 283685372
Not Empty
Not Full
min = 158695767
Not Empty
Not Empty
Not Empty
Not Full
min = 226557441
Not Full
Not Full
Not Full
Not Empty
Not Full
Not Empty
Not Full
Not Empty
Not Full
Not Empty
min = 29215668
min = 74987157
Not Empty
min = 96537514
Not Empty
Not Full
Not Full
Not Empty
Not Empty
Not Empty
min = 188460316
Not Full
Not Full
Not Empty
Not Empty
Not Empty
Not Full
Empty
Not Empty
Not Full
Not Full
Not Full
Not Full
Not Full
Not Full
Not Full
min = 319164099
min = 5805939
min = 141643652
Not Full
Not Full
Empty
Not Full
Not Empty
Empty
Not Full
Not Full
Not Empty
Not Full
Not Empty
Not Empty
Not Empty
Not Full
Not Empty
Not Empty
Not Empty
Not Full
Not Full
Not Empty
Not Empty
Not Full
Not Empty
Not Empty
Not Full
Not Full
Not Full
min = 178906785
min = 514786856
Not Full
Not Full
Not Full
Not Empty
min = 245583332
Not Full
Not Full
Not Empty
Not Full
Not Empty
Not Empty
min = 361115621
Not Full
Not Empty
Not Empty
Not Empty
Not Empty
Not Empty
Empty
Not Full
Not Full
Not Full
Not Empty
min = 104068239
Not Full
Not Empty
Not Empty
Not Full
Not Empty
Not Full
Not Full
Not Full
Not Full
Not Full
Not Full
Not Full
Not Full
Not Empty
Not Empty
Not Empty
Not Full
Not Empty
Not Empty
Not Empty
Not Full
Not Empty
Not Full
Not Full
Not Full
Not Empty
Not Full
Not Full
Not Empty
Not Full
min = 37836141
min = 242590023
Not Full
min = 127145523
Not Full
Not Empty
Not Empty
Not Full
min = 514680393
Not Empty
Not Empty
min = 45258972
Not Empty
Not Full
Not Full
Not Full
Not Empty
min = 806822620
Not Full
Not Full
min = 172981039
Not Full
Not Full
Not Full
Empty
Not Full
min = 277254432
Not Empty
Not Empty
Not Empty
Not Empty
min = 58666240
min = 39226698
Not Empty
min = 123275547
min = 244330452
min = 133323001
Not Full
Not Full
Not Empty
Not Empty
Not Full
Not Full
min = 169597835
Not Full
Not Full
Not Full
Not Empty
Not Empty
Not Full
Not Empty
Not Empty
Not Full
Not Full
Not Full
min = 203185416
Not Full
min = 266603936
min = 823651258
min = 421267419
Not Empty
Not Full
min = 54627844
min = 205068136
Not Empty
Not Empty
Not Full
Not Empty
Not Empty
Not Full
min = 36294415
Not Full
min = 271378283
Not Full
Not Empty
Not Empty
Not Empty
min = 914839721
Not Full
Not Empty
Not Empty
Not Full
Not Empty
Not Full
Not Empty
Not Empty
Not Full
Not Empty
Not Empty
min = 230660270
Not Full
Not Full
Not Empty
Not Empty
Not Empty
Not Empty
Not Full
Not Full
Not Empty
Not Empty
Not Full
Not Empty
Not Empty
Not Empty
Not Empty
min = 55908798
Not Full
Not Full
Not Full
min = 213442559
Not Empty
Not Full
Not Full
Not Empty
Not Full
min = 722913203
Not Full
Not Full
Not Full
Not Full
Not Full
Not Full
Not Full
Not Empty
Not Empty
Not Empty
Not Empty
Not Empty
Not Full
Not Empty
Not Full
min = 25840016
Not Empty
Empty
Not Full
Not Full
Not Full
Not Empty
Not Full
Not Full
Not Full
Not Full
Not Empty
Not Full
Not Full
Not Full
Not Full
min = 91091274
min = 169846315
Not Empty
min = 264851659
Not Empty
min = 37710422
Not Empty
Not Full
min = 602204066
Not Empty
min = 163468245
Empty
Not Empty
min = 1266169381
Not Full
Not Empty
Not Full
Not Full
Not Full
min = 259333345
min = 579232064
min = 253714715
Not Empty
min = 1220299421
Not Full
Not Empty
min = 1703313058
Not Full
Not Full
Not Full
Not Full
Not Full
min = 592393999
Not Full
Not Full
Not Empty
Not Empty
Not Full
Not Empty
Not Empty
Not Empty
Not Full
Not Full
Not Full
Not Full
Not Empty
Not Empty
Not Full
min = 265752112
min = 666635501
Not Full
Not Empty
min = 56725177
Not Full
Not Empty
Not Empty
min = 297466355
Not Empty
Not Full
Not Full
Not Empty
min = 49823914
min = 86584260
min = 476889872
Not Full
Not Empty
Not Full
Not Empty
Not Full
Not Full
Not Empty
Not Empty
Not Empty
Not Full
Not Full
min = 48292139
min = 691563648
Not Full
min = 103102063
Not Empty
Not Full
Not Empty
min = 157691991
Not Full
min = 82835281
min = 157252011
Not Empty
Not Full
Not Full
Not Full
Not Empty
Not Full
Not Full
min = 373156252
Not Empty
Not Full
Not Full
Not Full
Not Empty
Not Empty
min = 5977985
min = 364240481
Not Empty
Not Empty
Not Full
Not Full
Empty
Not Empty
Not Full
Not Empty
min = 41033890
Not Empty
Not Full
Not Full
Not Empty
Empty
Not Full
Not Empty
Not Empty
Not Full
Not Empty
Not Full
Not Full
min = 164228302
min = 3322673
Not Full
min = 167552032
Not Empty
Not Empty
Not Empty
Not Empty
Empty
Not Empty
min = 686447309
Not Empty
Not Full
Not Full
min = 657144142
Empty
Not Full
Not Empty
Not Full
Not Full
Not Empty
Not Full
Not Full
Not Full
min = 307136041
Not Full
Not Full
Not Full
min = 64158328
Not Full
Not Empty
Not Full
Not Empty
Not Empty
Not Full
Not Empty
Not Empty
Not Empty
Not Empty
Not Empty
min = 896187767
Not Full
min = 113187187
Not Full
Not Empty
Not Empty
Not Full
Empty
Not Full
Not Full
Not Full
Not Full
Not Full
Not Full
Not Full
Not Empty
Not Full
min = 312934668
Empty
Not Empty
Not Full
min = 341102367
Not Empty
Empty
Not Empty
Not Full
min = 91217913
min = 66129019
min = 105501713
Not Full
Empty
min = 180530914
Not Empty
Not Empty
Not Empty
Not Empty
min = 109285951
Not Empty
Not Empty
Not Empty
Not Full
Not Full
Not Empty
Not Empty
Not Empty
Not Full
Not Empty
Not Empty
Not Full
Not Empty
Not Full
Not Full
Not Empty
Not Empty
Not Empty
min = 666851695
min = 970401114
Not Full
Not Empty
Not Full
Empty
Not Full
min = 449754341
Not Empty
Not Full
Not Empty
Not Full
Not Full
min = 494958718
min = 188915123
Not Full
Not Empty
Not Empty
Not Full
Not Full
Not Empty
Not Full
Not Empty
Not Full
Not Empty
Not Full
Not Empty
Not Full
min = 246317607
Not Full
Not Empty
Empty
Not Full
Not Empty
Not Full
Not Empty
Not Empty
Not Empty
Not Empty
Not Empty
Not Full
Not Full
Not Full
Not Full
min = 114632303
min = 238922091
Not Empty
Not Full
Not Empty
min = 462370135
Not Empty
Not Full
min = 130996316
Not Empty
Not Empty
Not Full
Not Empty
min = 41540433
min = 42737048
Not Empty
Not Full
Not Full
Not Full
min = 203495058
min = 99459569
Not Empty
Not Empty
Not Empty
Not Empty
Not Empty
Not Empty
Not Full
Not Empty
Not Empty
Not Full
Not Empty
Not Empty
Not Empty
Not Empty
Not Full
min = 13615480
Not Full
Not Empty
min = 2117477462
Empty
Not Empty
Not Empty
Not Empty
Not Full
min = 179367303
Not Full
Not Empty
Not Empty
min = 574977373
Not Full
Not Full
Not Empty
Not Full
Not Empty
min = 221008458
Not Full
Not Full
Not Empty
min = 187169230
Not Full
Not Empty
Not Empty
Not Empty
Not Empty
Empty
min = 314447776
Not Full
Not Full
Not Full
Not Empty
Not Empty
Not Full
Not Full
Not Full
Not Full
Not Empty
Empty
min = 92303265
Empty
Not Empty
Not Full
Not Full
Not Empty
Not Full
min = 610448143
Not Full
Not Full
Not Empty
Not Full
Not Empty
Not Empty
Not Empty
Not Full
Not Full
Not Empty
Not Full
Not Empty
Not Empty
Not Empty
Not Empty
Not Full
Not Empty
min = 114711948
Not Full
Not Full
Not Full
Not Full
Not Empty
Not Empty
Not Empty
Not Full
Not Empty
Not Empty
Not Full
Not Empty
Not Empty
Not Empty
Not Empty
min = 85327440
Not Empty
Not Empty
Not Empty
Not Full
Not Full
Not Empty
min = 82948668
Not Empty
Not Full
Not Full
min = 483224867
min = 232434015
Not Full
min = 241786496
min = 67206450
Not Full
Not Empty
Not Full
Not Empty
Not Empty
Not Full
min = 26992516
Not Empty
Not Empty
Not Full
min = 185887877
Not Empty
Not Full
Not Full
Not Full
Not Full
Not Empty
Not Empty
Not Full
Not Empty
min = 8679834
Not Empty
min = 23922489
Not Empty
Not Full
min = 10293625
Not Empty
Not Full
min = 713820284
min = 327804384
Not Empty
Not Full
min = 145544309
min = 12597646
Not Empty
Not Full
Not Full
Not Full
Not Empty
Not Empty
Not Full
Not Empty
Not Empty
Not Empty
Not Empty
min = 145158271
Not Empty
Not Full
Not Full
Not Full
Not Empty
Not Empty
min = 221596
Not Full
Not Full
Not Full
Not Empty
Not Full
Not Empty
Not Full
Not Empty
Not Full
min = 536772651
Not Empty
Not Empty
Not Full
Not Empty
Not Empty
Not Empty
min = 88799657
Not Empty
Not Empty
Not Full
Not Full
Not Empty
Not Full
Not Empty
Not Full
Not Empty
Not Full
min = 719128644
Not Empty
min = 536761620
Not Full
Not Empty
Not Full
Not Full
Not Empty
Not Empty
Not Empty
min = 117408846
Not Empty
Not Full
min = 96813179
Not Empty
min = 63502322
Not Empty
min = 11695557
Not Empty
Not Full
Not Full
Not Full
Not Empty
Not Empty
min = 1465044714
Not Empty
Not Empty
min = 121725419
Not Full
Not Full
min = 111216560
Not Full
Not Empty
Not Empty
min = 153680258
Not Empty
Not Full
Not Full
min = 17521069
Not Full
min = 61061917
Not Empty
Not Full
Not Full
Not Full
Not Full
Not Empty
Not Full
Not Empty
Not Full
min = 287554096
min = 72671089
Not Empty
Not Full
Not Empty
Not Full
Not Full
Not Empty
Not Empty
Not Full
Not Empty
Not Empty
Not Empty
min = 69945514
Not Empty
Not Full
min = 56986028
Not Empty
Not Full
Not Full
Not Empty
Not Empty
Not Full
min = 31049587
Not Full
Not Empty
Not Full
Not Full
Not Empty
Not Empty
Not Empty
Not Empty
Not Empty
Not Full
min = 314182868
Not Empty
Not Empty
Not Empty
Not Empty
Not Full
Not Full
min = 12847178
Not Empty
min = 50675847
Not Empty
Not Empty
min = 37564266
Not Full
Not Full
Not Full
min = 1385963008
Not Empty
Not Empty
Not Empty
Not Full
Not Empty
Not Full
Not Empty
Not Empty
Not Empty
min = 399509989
Not Full
Not Full
Not Full
Not Empty
Not Empty
Not Full
Not Empty
Not Full
Not Empty
min = 139003834
min = 59469727
Not Full
Not Full
Not Full
Not Full
Not Full
min = 148144115
Not Empty
Not Full
Not Empty
Not Empty
Not Empty
Not Empty
Not Full
min = 70942570
min = 174881585
Not Empty
Not Empty
Not Empty
Not Empty
Not Full
Not Full
min = 12392968
Not Empty
Not Empty
Not Full
Not Full
Not Full
Not Full
min = 123831434
Not Empty
Not Full
Not Empty
min = 176351211
Not Full
Not Full
Not Full
Not Full
Not Empty
Not Full
Not Full
Not Full
Not Empty
Not Empty
Not Full
Not Empty
Not Full
Not Empty
Not Empty
Not Empty
Not Empty
Not Empty
Not Empty
Not Full
min = 67241561
Not Full
Not Empty
min = 81306674
Not Empty
Not Full
Not Empty
Empty
Not Full
Not Full
Empty
Not Full
Not Full
min = 93455241
Not Full
Not Empty
Not Full
Not Full
Not Full
Not Full
Not Full
min = 621565984
Not Full
Not Full
Not Full
min = 126221091
Not Full
min = 35691546
Not Full
min = 90072046
Not Empty
Not Empty
Not Empty
Not Full
Not Empty
min = 312372312
Not Empty
Not Empty
Not Empty
Not Empty
Not Full
Not Full
Not Empty
Not Full
Not Full
Not Full
Not Full
Not Full
Empty
Not Empty
Not Empty
Not Full
Not Empty
Not Full
min = 162579333
Not Full
Not Full
Not Full
Not Empty
Not Full
Not Full
Not Full
Not Empty
Not Empty
min = 62786515
Not Empty
Not Full
Not Empty
Not Full
Not Empty
Not Full
Not Empty
Not Full
Not Empty
Not Empty
Not Full
Not Full
Not Empty
Not Full
Not Empty
Not Empty
Not Full
min = 185332955
Not Empty
Not Empty
min = 465471329
Not Empty
Not Full
Not Empty
Not Full
Not Empty
Not Empty
min = 38492520
Not Empty
Not Full
Not Full
Not Empty
Not Empty
Not Full
min = 134084589
Not Empty
min = 46303409
Not Full
Not Full
Not Empty
Not Empty
Not Empty
Not Full
min = 573608943
min = 592037592
Not Full
Not Empty
Not Full
Full
Not Empty
Not Empty
Not Empty
Not Empty
Not Empty
Not Empty
Not Empty
Not Empty
min = 148531823
Full
min = 555726640
Not Empty
Not Full
Not Empty
Not Full
Not Full
min = 113046467
min = 3547489
Not Empty
Not Empty
Not Empty
Not Full
Not Empty
Not Empty
Not Empty
Not Full
Not Empty
min = 37034128
min = 183722309
Not Empty
min = 58134737
Not Empty
min = 223241667
Not Full
Not Full
min = 187117286
Not Empty
Not Empty
Not Full
Not Full
Not Full
Not Full
Not Empty
Not Empty
min = 91044344
Not Empty
Not Full
min = 349564684
Not Empty
min = 219824990
Not Empty
min = 89669504
Not Full
Empty
Not Empty
Not Full
min = 29173379
Not Full
Not Full
min = 105632186
Not Empty
min = 365151100
Not Empty
Not Empty
Not Full
Not Full
Not Full
Not Full
Not Full
Not Full
Not Full
Not Full
Not Full
min = 42401821
Not Empty
Not Full
Not Empty
Not Empty
Not Full
Not Full
Not Full
Not Full
min = 431968294
min = 165238328
Not Full
Not Full
Not Full
Not Full
Not Empty
Not Full
Not Full
Not Full
Not Empty
min = 222617906
Not Full
Not Full
min = 332613786
Not Full
Not Empty
Not Full
Not Full
min = 1011657592
min = 674097273
Not Empty
Not Full
Not Full
min = 749641516
Not Empty
Not Empty
Not Empty
Not Full
Not Empty
Not Empty
Not Full
Not Empty
Not Empty
Not Full
min = 743895975
Not Full
Not Full
min = 39433615
min = 146104708
Not Full
Not Empty
min = 45698483
min = 106943196
Not Empty
Not Full
Not Empty
Not Full
Not Full
min = 63417151
Not Empty
Not Full
Not Full
Not Empty
min = 21654882
Not Empty
Not Empty
Not Full
Not Empty
Not Empty
Not Empty
Not Empty
Not Empty
Not Empty
Not Empty
Not Empty
Not Full
min = 179659358
Not Empty
Not Full
Not Empty
Not Full
Not Full
Not Empty
Not Full
Not Full
min = 208982241
Not Empty
Not Full
Not Empty
Not Full
Not Full
Not Empty
min = 183020066
Not Full
Not Full
Not Empty
min = 83667514
Not Empty
Not Full
Not Empty
Not Empty
Not Full
Not Full
Not Full
Not Empty
Not Full
Not Empty
min = 100837203
Not Full
min = 1878431
Not Empty
Not Full
min = 228762926
min = 1127482878
min = 50387601
Not Empty
Not Empty
Not Full
Not Full
Not Empty
Not Empty
Not Empty
Not Empty
Not Empty
Not Empty
Not Full
Not Full
Not Empty
Not Full
Not Full
Not Full
Not Full
Not Empty
Not Empty
Not Full
Not Empty
min = 288360208
Not Full
Not Full
Not Full
Not Empty
min = 115876041
Not Full
Not Empty
Not Full
min = 7780056
Not Empty
Not Empty
Not Empty
Not Empty
Not Empty
Not Full
Not Full
Not Full
Not Full
min = 1078736852
Not Empty
Not Empty
min = 278910725
Not Full
Not Empty
Not Empty
Not Empty
Not Full
Not Full
Not Full
Not Empty
min = 443106783
Not Full
min = 429757168
Not Full
Not Empty
Not Full
Not Full
min = 45770412
Not Empty
min = 242000629
Not Empty
min = 55670446
min = 163113324
Not Empty
Not Empty
Not Full
Not Full
Not Full
min = 1835516720
Not Empty
Not Empty
Not Full
Not Empty
Not Full
Not Full
Not Empty
Not Full
Not Full
Not Full
Not Full
Not Empty
min = 64773229
Not Full
Not Full
Not Empty
min = 236662276
Not Full
Not Full
Not Full
Not Empty
Not Empty
Not Empty
Not Empty
Not Full
Not Full
Not Full
Not Empty
Not Full
Not Full
Not Empty
Not Full
Not Empty
Not Empty
Not Empty
Not Full
Not Full
Not Empty
min = 743020029
Not Empty
Not Empty
min = 231222003
Not Full
Not Empty
min = 86158797
Not Full
min = 35861228
Not Full
Not Empty
Not Empty
Not Empty
Not Empty
Not Empty
min = 230122217
min = 124695050
Not Empty
Empty
Not Empty
Not Empty
Not Empty
min = 424848930
Not Full
min = 608053937
min = 246375665
Not Empty
Not Full
Not Full
Not Empty
Not Empty
Not Full
Not Full
Not Empty
Not Full
min = 522997530
min = 55692045
Not Empty
Not Empty
Not Full
Not Empty
min = 48150526
Not Full
Not Full
Not Empty
Not Full
Not Full
min = 320170319
Not Empty
Not Full
Not Full
Not Empty
Not Full
Not Full
Not Full
Not Empty
min = 311373701
Not Empty
Empty
Not Empty
Not Full
Not Empty
Not Full
Not Empty
min = 238956594
Empty
Not Empty
Not Full
Not Empty
min = 319910788
Not Empty
min = 94179775
Empty
Not Full
Not Full
Not Empty
Not Full
Not Full
Not Empty
min = 39663249
Not Full
Not Empty
Not Full
Not Full
min = 90301469
Not Empty
Not Full
Not Empty
Not Empty
Not Empty
Not Full
Not Empty
Not Full
min = 762434965
min = 399326679
Not Full
Not Full
min = 418671698
min = 132218708
Not Empty
min = 547083976
Not Full
Not Full
Not Empty
Not Full
Empty
Not Empty
min = 82043374
Not Full
Not Empty
Not Empty
Not Full
Not Empty
Not Full
Not Full
Not Empty
Not Empty
min = 161731077
Not Full
Not Empty
Not Full
Not Empty
min = 220841542
min = 52868722
Not Full
Not Empty
Not Full
min = 81878164
min = 277294943
min = 123040857
Not Full
Not Full
Not Full
Not Full
Not Empty
Not Full
Not Full
Not Empty
Not Full
Not Empty
Not Empty
Not Empty
min = 65124074
Not Full
Not Empty
Not Full
Not Full
min = 6718772
Not Full
Not Empty
min = 499177666
Not Full
Not Empty
min = 121267499
min = 95590380
min = 150267397
min = 111975086
Not Empty
Not Full
Not Full
min = 2540009
Not Full
Not Full
Not Empty
Not Empty
Empty
Not Empty
Not Full
Not Empty
min = 284521362
Not Full
Not Full
Not Full
Not Empty
Not Empty
min = 269345526
Not Empty
Not Empty
min = 112103443
Not Full
Not Empty
Not Empty
Not Full
Not Full
Not Empty
Not Empty
Not Full
min = 245513545
Not Empty
Not Full
Not Empty
Not Empty
Not Empty
Not Empty
min = 503815238
Not Full
min = 3868712
Not Empty
Not Empty
Not Empty
Not Empty
Not Empty
Not Full
min = 864837843
Not Full
Not Empty
Not Full
Not Empty
Not Full
Not Full
Not Full
Not Full
min = 843428551
min = 25994444
min = 1120865684
Not Full
Not Empty
Not Empty
Not Full
Empty
Not Full
min = 168181426
Not Full
Not Empty
Empty
Not Full
Empty
Not Full
Not Full
Not Empty
Not Empty
min = 4704503
Not Full
Not Empty
Not Full
Not Full
Not Full
Not Full
Not Empty
Not Empty
Not Empty
min = 828016175
Not Empty
Not Full
Not Empty
min = 74927389
Not Full
Not Full
Not Full
Not Empty
Not Empty
Not Empty
Not Full
min = 229050040
min = 140966974
Not Empty
Not Empty
Not Full
Not Full
Not Full
Not Empty
Not Empty
Not Full
Not Full
Not Empty
Not Empty
Not Empty
min = 238130165
Not Empty
Not Empty
Not Empty
Not Full
Not Empty
Not Full
Not Empty
min = 18698097
Not Empty
Not Empty
Not Empty
min = 110818622
Not Full
Not Full
Not Empty
min = 323444720
Not Empty
min = 1443316954
Not Full
Not Full
Not Empty
Not Full
Not Empty
Not Full
min = 182848612
min = 123484208
Not Full
Not Empty
min = 2019418
Not Empty
Not Full
Not Empty
Not Empty
min = 113321800
Not Empty
Not Empty
Not Full
Not Empty
Not Empty
Not Full
min = 142598266
Not Empty
Not Empty
min = 158919004
Not Full
Not Full
Not Full
Not Empty
min = 90767236
min = 90901786
Not Empty
min = 164248009
Not Empty
Not Empty
min = 38251277
Not Empty
min = 118708219
min = 190266322
Not Full
Not Empty
Not Empty
min = 195364409
Not Empty
Not Empty
Not Full
Not Empty
Not Full
Empty
Not Full
min = 134341943
Not Full
Not Full
Not Empty
Not Empty
Not Full
min = 128462194
Not Full
Not Full
Not Full
Not Full
min = 269227836
Not Full
min = 102503331
min = 185238140
Not Empty
Not Full
min = 92370060
Not Empty
min = 213705534
Not Full
min = 35613541
Not Full
Not Full
min = 184860587
Not Empty
Not Empty
Empty
min = 91114446
Not Empty
min = 9819704
Not Full
Not Full
Not Empty
Not Full
min = 153688291
Not Full
Not Full
Not Full
Not Empty
Not Full
Not Full
Not Full
Not Empty
Not Full
Not Empty
Not Empty
min = 124634750
Not Empty
Not Full
Not Empty
Not Full
Not Empty
Not Empty
Empty
Not Full
Not Full
Not Empty
Not Empty
Not Empty
min = 864970475
Not Full
min = 8743730
Not Full
Not Empty
Not Full
Not Full
min = 93975570
Not Empty
Not Full
Not Full
min = 37445383
Not Empty
Not Empty
Not Empty
Not Full
Not Full
Not Empty
Not Empty
Not Empty
Not Full
Not Full
Not Empty
min = 25011917
Not Full
Empty
Not Full
Not Full
Not Full
Not Empty
Not Empty
Not Full
Not Full
min = 69683717
Not Full
min = 91596777
Not Full
Not Full
Not Full
Not Empty
Not Full
Not Full
Not Full
Not Empty
Not Full
min = 2582334
Not Empty
Not Empty
Not Empty
Not Empty
Not Empty
Not Empty
Not Full
min = 278574862
min = 117999185
Not Empty
Not Empty
Not Full
min = 53172421
Not Full
Not Full
min = 133799942
Not Full
Empty
Not Empty
min = 482430044
Not Empty
min = 64955164
Not Full
Empty
Not Empty
min = 248119956
Not Empty
Not Empty
Not Empty
Not Empty
Not Empty
Not Empty
Not Full
Not Empty
Not Full
Not Full
Not Full
Not Empty
Not Empty
Not Empty
min = 49155046
Not Full
Not Empty
Not Empty
min = 148704927
Not Empty
Not Full
Empty
Not Full
Not Full
Not Full
Not Full
Not Empty
Not Empty
Not Empty
Not Empty
min = 110327841
Not Empty
Not Full
Not Empty
Not Full
Not Empty
Not Empty
Not Full
Not Empty
Not Empty
Not Empty
min = 48953667
Not Full
Not Full
Not Full
Not Empty
Not Full
Not Full
Not Empty
Not Empty
Not Full
Not Full
Not Full
Not Full
min = 143614303
Not Empty
Not Full
Not Empty
Not Empty
Not Full
Not Full
Not Full
Empty
Not Full
Not Full
Not Empty
Not Empty
Not Full
Not Full
Not Empty
Not Full
Not Full
Not Full
Not Empty
Not Full
min = 137300778
Not Empty
Not Empty
Not Full
Not Empty
Not Empty
Not Full
Not Full
Not Full
Not Full
Not Full
Not Full
Not Empty
Not Full
Not Empty
Not Full
Not Empty
Not Full
Not Full
Not Empty
Not Empty
Not Empty
Not Full
min = 47625705
Not Full
Not Full
Not Empty
Not Empty
Not Empty
Not Full
Not Full
Not Full
Not Empty
Not Empty
Not Full
min = 365315038
Not Full
Not Full
Not Empty
Not Empty
min = 67839241
Not Full
Not Full
Not Full
Not Full
Not Full
min = 705091667
Not Empty
Not Full
Not Empty
Not Empty
Not Empty
Not Full
Not Full
Not Empty
Not Empty
Not Empty
min = 407611072
Not Full
min = 17872412
Not Full
Not Full
Not Empty
min = 70943
min = 23899657
Not Full
Not Empty
Not Empty
Empty
min = 365042860
Not Full
min = 444781543
Not Empty
Not Full
Not Full
Not Full
Not Empty
Not Empty
Not Empty
Not Full
Not Full
Not Full
Not Empty
Not Full
Not Full
Not Empty
min = 464082209
min = 24968313
Not Full
Not Full
Not Empty
Not Empty
Not Empty
min = 164353991
Not Empty
Not Empty
Not Empty
Not Full
Not Empty
Not Empty
Not Full
min = 20531107
min = 220661943
min = 74483253
Not Empty
Not Empty
Not Empty
Not Full
Not Empty
Not Empty
Not Empty
Not Empty
Not Full
Not Empty
Not Empty
Not Empty
Not Empty
Not Full
min = 210254841
Not Full
Not Full
min = 762551108
Not Empty
Not Full
Not Full
Not Empty
Not Full
Not Full
min = 20810625
Not Full
Not Full
Not Full
Not Full
Not Empty
Not Full
Not Empty
Not Full
Not Full
Not Full
Not Full
Not Full
Not Full
min = 171173668
Not Empty
Not Empty
Not Full
Not Full
Not Full
Not Full
Not Empty
Not Empty
min = 86874182
min = 163109492
Not Empty
Not Full
Not Empty
Not Full
Not Empty
Not Full
Not Full
Not Empty
Not Empty
Not Empty
Not Empty
min = 197902286
Not Empty
Not Full
Not Full
min = 83910712
min = 11727993
Not Full
Not Empty
Not Empty
Not Full
Not Full
min = 987911469
Not Full
Not Empty
Not Full
Not Empty
Not Empty
Not Empty
Not Full
min = 3901213
min = 87255469
Not Empty
min = 21894508
Not Empty
min = 341290633
Not Full
Not Empty
Not Full
Not Empty
Not Empty
Not Empty
min = 369371249
Not Empty
Not Empty
Not Empty
min = 159233281
Not Full
Not Empty
Not Empty
min = 345932957
Not Empty
Not Full
Not Full
Not Empty
Not Full
Not Full
Not Empty
Not Empty
Not Empty
Not Full
Not Empty
Not Full
Not Full
min = 16152801
Not Empty
Not Empty
Not Full
Not Empty
Full
min = 35030922
Not Full
min = 356145144
min = 43189954
Not Empty
min = 47239477
min = 269988741
Not Full
Not Full
Not Empty
Not Empty
Not Full
Full
Not Full
Not Full
min = 89495334
Not Empty
min = 780140060
Not Empty
Not Full
Not Empty
min = 122389324
Not Empty
Not Full
Not Empty
Not Full
Not Full
min = 288328277
min = 196586640
min = 584963739
Not Full
Not Empty
Not Empty
Not Empty
Full
Not Empty
Not Full
Not Empty
Full
Full
Not Full
min = 52044895
min = 84156810
Full
Full
Not Full
Not Full
min = 2392253
Not Empty
Not Full
Not Empty
Empty
Not Full
Not Full
min = 18253685
min = 646892024
Not Empty
Not Full
Not Full
Not Empty
Not Empty
Not Empty
Not Empty
Not Empty
Not Empty
min = 56753555
Not Empty
min = 70776049
Not Full
min = 359916757
Not Empty
min = 40591901
Not Full
Not Empty
Not Full
Not Empty
Empty
Not Empty
min = 594889674
Not Empty
Not Empty
Not Full
Not Empty
Not Empty
Not Empty
Not Full
Not Empty
Not Full
Not Full
Not Full
min = 157429778
Not Empty
Not Empty
Not Full
Not Empty
Not Full
min = 103350202
Not Full
Not Full
min = 69070560
Not Full
Not Full
Not Empty
Not Empty
Not Full
Not Empty
min = 11252080
Not Full
min = 446737310
Not Empty
Not Full
Not Empty
Not Empty
Not Full
min = 41615765
Not Empty
min = 20438319
Not Empty
Not Empty
Not Full
Not Empty
Not Full
Not Empty
Not Full
Not Empty
Empty
min = 81556811
Not Full
Not Full
min = 18217539
min = 90324516
Not Empty
Not Full
Not Full
Not Empty
Not Full
Not Empty
Not Empty
Not Full
Not Full
Not Empty
Not Full
min = 100930756
Not Empty
Not Full
Not Empty
Not Full
Not Full
Not Empty
min = 168702347
Not Full
Not Full
Not Full
Not Full
Not Full
Not Full
Not Full
Not Empty
Not Empty
Not Empty
Not Empty
Not Empty
Not Empty
Not Empty
Not Full
Not Full
Not Full
Not Empty
min = 2372124
Not Empty
Not Empty
Not Full
Not Empty
Not Full
Not Full
Not Full
min = 180496119
Not Empty
Not Empty
Not Full
Not Full
Not Empty
Not Full
min = 69232765
Not Empty
Not Full
min = 124595306
Not Empty
Not Empty
Not Full
Not Empty
min = 246224847
Not Full
min = 1947005409
Not Full
min = 200619151
Empty
Not Empty
Not Full
min = 450624274
Not Empty
Not Full
Not Empty
Not Empty
Not Empty
Not Full
Not Empty
Not Empty
Not Full
Not Empty
Not Full
Not Empty
Not Full
Not Full
Not Full
Not Full
Not Full
Not Full
Not Empty
Not Full
Not Empty
Not Empty
Not Empty
Not Empty
Empty
Not Empty
Not Full
Not Empty
Not Empty
Not Full
Not Empty
Not Full
Not Empty
min = 15684346
Not Empty
Not Empty
Not Empty
Not Full
Not Empty
Not Full
Not Full
min = 207088821
Not Empty
Not Empty
Not Empty
Not Full
Not Full
Not Full
Not Empty
Not Full
Not Full
Not Empty
Not Full
Not Empty
Not Empty
Not Empty
Not Empty
Not Empty
Not Empty
min = 25004864
Not Empty
Empty
Not Full
min = 5518699
Not Empty
Not Full
Not Empty
Not Empty
Not Empty
Not Empty
min = 77419256
Not Empty
Not Empty
min = 1424567065
min = 212796485
Not Empty
Not Empty
Not Full
Not Empty
min = 579029702
min = 731966561
Not Empty
Not Full
min = 11824995
Not Full
min = 1632398338
Not Empty
Not Full
Not Full
Not Empty
Not Empty
Not Empty
Not Full
Not Empty
Not Empty
Not Full
Not Full
Not Empty
Not Full
min = 290064954
Not Empty
Not Full
Not Empty
Not Full
Not Empty
Not Full
Not Empty
Not Full
min = 27408053
Not Empty
min = 158630597
Not Empty
Not Empty
min = 37481496
Not Empty
min = 98511343
Not Empty
Not Full
Not Empty
min = 91397060
Not Full
Not Empty
Not Full
Not Empty
Not Full
min = 39718014
Not Full
Not Full
Not Full
min = 136932980
Not Empty
Not Empty
Not Empty
min = 125323314
Not Full
Not Empty
Not Full
Not Full
Not Empty
min = 64213939
Not Full
Not Full
Not Full
min = 65712462
Not Empty
Not Empty
Not Empty
Not Empty
Not Empty
min = 92233510
Not Full
Not Full
Not Full
Not Full
Not Empty
Not Full
min = 210189075
Not Empty
Not Full
min = 98228256
Not Full
Not Full
Not Full
Not Full
Not Full
Not Full
Not Full
Not Empty
Not Full
Not Empty
Not Empty
min = 54468906
Not Empty
Not Full
Not Full
Not Full
Not Full
Not Empty
Not Full
Not Full
Not Full
Not Full
Not Empty
Not Empty
Not Full
min = 1115006860
Not Full
Not Empty
Not Full
Not Empty
Not Empty
Not Full
Not Full
Not Empty
Not Empty
min = 22690526
min = 126929358
Not Empty
Not Empty
Not Empty
Not Full
Not Full
Not Empty
Not Full
Not Empty
min = 239648596
Not Full
min = 27335790
Not Full
Not Full
Not Empty
Not Full
Not Full
min = 2911600
Not Empty
Not Empty
min = 58713082
Not Empty
Not Full
Not Full
min = 351734233
Not Full
Not Full
Not Empty
Not Empty
Not Empty
Not Empty
Not Full
Not Empty
Not Full
Not Empty
Not Full
Not Empty
Not Empty
min = 77848060
Not Full
min = 185516436
Not Empty
Not Full
Not Full
Not Full
min = 15824684
min = 56213260
Not Full
Not Full
Not Full
Not Empty
min = 65487433
Not Full
Not Empty
min = 1820783892
Not Full
Not Full
Not Full
Not Full
Not Empty
Not Full
Not Empty
min = 162811031
min = 248176649
min = 1121655438
Not Empty
min = 1191668085
Not Full
Not Full
Not Empty
Not Full
Not Full
min = 210525333
Not Full
min = 578370070
Not Empty
Not Full
Not Full
Not Full
Not Empty
Not Full
Not Empty
Not Full
Not Empty
Not Empty
min = 7913897
Not Full
Not Full
Not Full
Not Full
Not Full
min = 221755396
Not Full
Not Full
Not Full
Not Empty
Not Empty
Not Full
Not Full
Not Empty
min = 11541901
Not Empty
Not Full
Not Full
Not Empty
Not Empty
Not Full
Not Full
min = 8870821
Not Empty
Not Full
Not Full
min = 184380646
Not Full
Not Empty
Not Full
Not Empty
Not Full
Not Full
min = 67083809
Not Full
min = 191792104
Not Full
min = 140478940
Not Empty
Not Full
Not Empty
Not Empty
Not Empty
Not Full
Not Empty
Not Full
Not Full
Not Full
min = 1831727
min = 34868983
Not Full
Not Full
Not Empty
Not Full
min = 263404660
Not Full
Not Full
min = 228342954
Not Full
Not Empty
Not Full
min = 307591733
Not Full
Not Empty
Not Full
Not Empty
Not Full
Not Full
min = 67704266
Not Full
Not Empty
Empty
Not Full
Not Empty
Not Empty
Not Full
Not Full
Not Empty
Not Full
min = 277851202
Not Full
Not Full
Not Full
Not Empty
Not Full
Not Empty
Not Empty
Not Full
Not Full
min = 121719112
Not Empty
Not Full
Not Full
Not Empty
Not Full
min = 631147900
Not Empty
Not Full
Not Empty
Not Full
Not Empty
Not Full
min = 430185104
min = 236997010
min = 364793711
Not Empty
Not Full
Not Empty
Not Empty
Not Full
Not Empty
Not Empty
min = 154314591
min = 20134918
Not Full
Not Full
Not Full
Not Empty
Not Full
Not Empty
Not Empty
min = 277762014
Not Full
Not Empty
Not Empty
Not Empty
Not Full
Not Full
Empty
Not Full
Not Full
Not Full
Not Empty
Not Empty
Not Full
Not Empty
Not Empty
Not Full
Not Full
min = 289126384
Not Empty
Not Empty
Not Full
Not Empty
min = 287100124
Not Empty
Empty
Not Empty
Not Full
Not Empty
Not Empty
min = 407308509
min = 1007369078
Not Empty
min = 27133233
Not Empty
Not Empty
Not Empty
Not Empty
Not Full
Not Full
Not Full
min = 218133899
Not Full
Not Empty
Not Full
Not Empty
Not Full
Not Full
Not Empty
min = 44230048
min = 291450291
Not Full
min = 52657592
Not Empty
Not Full
Not Full
min = 314039860
Not Full
Not Full
Not Empty
Not Full
Not Full
Not Empty
Not Empty
Not Empty
Not Full
Not Full
min = 509293815
Not Full
Not Empty
min = 433478911
Not Full
min = 509612884
Not Empty
Not Full
Not Full
Not Empty
Not Empty
min = 19020957
Not Empty
Not Full
min = 511185910
Not Empty
Not Empty
Empty
Not Empty
Not Full
min = 579081694
Not Empty
Not Full
Not Full
Not Full
min = 45733251
Not Empty
Not Empty
Not Empty
Not Empty
Not Full
Empty
Not Full
Not Full
Not Empty
Not Empty
Not Empty
Not Full
Not Empty
min = 127220518
Not Empty
Not Full
Not Empty
Not Full
Not Full
Not Full
Not Empty
Not Full
Not Empty
Not Empty
Not Full
Not Empty
Not Full
min = 56352630
min = 674288904
Not Full
Not Empty
Not Empty
min = 756650894
Not Full
Not Empty
Not Full
min = 162927118
Not Full
Not Empty
min = 18508669
Not Empty
Not Full
min = 224953464
Not Empty
Not Full
Not Empty
Not Empty
Not Full
Not Full
Not Full
Not Full
min = 817669546
Not Full
min = 189448684
Not Full
Not Empty
Not Full
Not Empty
Not Empty
min = 332197993
Not Full
Not Full
Not Full
Not Full
Not Empty
Not Empty
Not Empty
Not Empty
Not Empty
min = 1478862412
Not Empty
Not Full
Not Empty
min = 43375581
Not Full
Not Full
Not Full
Not Full
Not Empty
Not Empty
Not Empty
Not Full
Not Full
Empty
min = 232497343
Not Empty
Not Full
Not Empty
Not Empty
min = 46239506
Not Full
Not Full
min = 1039184830
Not Empty
Not Empty
Not Full
Not Empty
Not Full
Not Empty
min = 433306480
Not Full
min = 22511626
min = 277993568
Not Empty
Not Full
min = 580014468
Not Full
Not Empty
Not Empty
Not Empty
Not Empty
Not Full
Not Full
Not Full
min = 256715870
Not Empty
Not Empty
Not Empty
Not Empty
min = 64592809
Not Empty
Not Full
Not Empty
Not Full
Not Empty
Not Empty
Not Full
Not Empty
Not Full
min = 38231715
Not Empty
Not Empty
Not Full
min = 40770889
Not Empty
Not Empty
Not Full
Not Full
Not Full
Not Empty
Not Empty
Not Empty
min = 31457096
Not Full
Not Empty
Not Empty
Not Full
Not Empty
Not Full
min = 154906390
Not Full
Not Empty
Not Full
Not Full
Not Empty
min = 96978684
Not Empty
Not Empty
min = 581293689
Not Empty
Not Full
min = 604768448
Not Empty
Not Full
min = 49996871
Not Full
Not Empty
Not Full
Not Empty
min = 209453564
Empty
Not Full
Not Empty
Not Full
min = 50784515
min = 361669409
Empty
Not Empty
Not Full
Empty
Not Full
Not Empty
Not Empty
Not Full
Not Full
min = 171485948
Not Full
min = 79706047
Not Empty
Not Full
Not Full
Not Full
Not Empty
min = 81765960
Not Empty
Not Full
min = 56915766
min = 26779044
Not Empty
Not Full
Not Full
Not Empty
Not Full
min = 159814642
Not Empty
Not Empty
Not Empty
Not Full
Not Empty
Not Full
Not Empty
min = 112352737
Not Full
Not Empty
Not Full
Not Full
Not Full
Not Full
Not Full
Not Empty
Not Full
Not Empty
Not Full
Not Full
Not Empty
Not Empty
Not Full
Not Empty
Not Full
Not Full
Not Empty
Not Empty
min = 697601835
Not Full
Not Full
Not Empty
min = 428528490
Not Full
Not Empty
Not Empty
Not Full
Not Full
min = 178464040
Not Empty
Not Empty
Not Empty
Not Empty
Not Full
min = 117766346
Not Empty
Not Empty
Empty
Not Empty
Not Full
Not Full
Not Full
min = 311030271
Not Full
Not Full
Not Full
Not Empty
min = 313376979
Not Empty
Not Empty
Not Empty
Not Empty
Not Full
min = 175828400
Not Empty
Not Full
Not Empty
Not Full
Empty
Not Empty
Not Full
Not Empty
Not Empty
Not Full
Not Empty
Not Empty
Not Full
Not Empty
Not Empty
min = 949436481
Not Empty
Not Empty
Not Full
min = 241210475
min = 247459973
Not Empty
min = 10269160
Not Full
Not Empty
min = 532369081
min = 33048586
Not Full
Not Empty
Not Empty
Not Empty
Not Full
Not Full
Not Empty
Not Empty
Not Empty
min = 354105785
min = 560239366
Not Full
Not Empty
Not Full
Not Empty
Not Empty
Not Full
Not Full
Not Full
Not Empty
min = 647488165
Not Full
Not Empty
min = 226538944
Not Empty
Not Empty
Not Full
Not Full
min = 483387718
Not Empty
min = 55445540
Not Empty
Not Empty
Not Empty
Not Full
Not Full
min = 213546006
Not Full
Not Empty
Not Full
min = 567739054
Not Full
Not Full
Not Full
Not Full
Not Full
min = 979418069
min = 75862761
min = 894723005
min = 26230097
Not Full
min = 316369640
Not Empty
Not Full
Not Full
Not Full
Empty
Not Full
Not Full
Not Empty
min = 189856821
Not Empty
Not Empty
Not Full
Not Full
min = 803910988
min = 1623500967
Not Full
Not Empty
Not Full
Not Full
min = 532202442
Not Full
Not Full
min = 34265420
Not Empty
Not Full
Not Empty
min = 98418585
min = 13425193
min = 45140061
Not Full
Not Full
Not Empty
min = 764551060
Not Empty
Not Empty
Not Full
Not Full
Not Empty
Not Empty
Not Full
Not Empty
Empty
Not Full
Not Full
Not Empty
Not Empty
Not Empty
Not Empty
Not Full
Not Full
Not Full
Not Empty
Not Empty
min = 17064114
min = 130813785
Not Full
Not Empty
Not Full
min = 56237596
Not Empty
Not Full
Not Empty
Not Full
Not Empty
Not Full
min = 198236835
Not Empty
Not Full
Not Empty
Not Full
Not Full
Not Full
Not Empty
Empty
Not Empty
Not Empty
Not Full
Not Empty
min = 29632080
Not Empty
Not Empty
Empty
Not Full
Not Empty
min = 906616952
Empty
Not Full
min = 528159596
Not Full
Not Full
min = 256249815
Not Full
Not Empty
min = 394912538
Not Empty
min = 368063480
Not Empty
Not Empty
Not Full
Not Full
Not Full
Not Full
Not Empty
Not Full
Not Full
min = 754644957
Not Empty
Not Full
Not Empty
Not Empty
Not Full
Not Empty
Not Empty
Not Full
Not Empty
Not Empty
min = 698063253
min = 30293234
Not Empty
Not Full
Not Full
Not Empty
Not Empty
Not Full
min = 319616227
min = 333440747
Not Empty
Not Full
Not Empty
Not Full
min = 12507897
Not Full
Not Empty
Not Full
min = 220669074
min = 86185228
Not Empty
Not Full
Not Empty
Not Empty
Not Full
Not Full
Not Empty
min = 430653981
Not Full
min = 810353300
min = 78945336
Not Empty
Not Full
Not Full
Not Empty
Not Full
Not Full
Not Empty
Not Full
Not Empty
min = 257866083
Not Full
Not Empty
min = 109167889
Not Full
Not Full
Not Full
Not Empty
min = 532402701
Not Empty
Not Full
min = 85482828
Not Empty
min = 46408481
Not Empty
Not Empty
min = 135745256
Not Full
min = 89933679
Not Empty
Not Empty
Not Empty
Not Empty
Empty
Not Empty
Not Empty
Not Empty
min = 185297929
Not Full
Not Empty
Not Full
Not Empty
Empty
Not Empty
min = 863890801
min = 111625157
Not Empty
Not Full
Not Empty
Not Full
Not Full
min = 104730890
Not Empty
min = 646643641
Not Empty
Not Empty
min = 188688112
Not Empty
Not Full
Not Full
Not Empty
min = 92949613
Not Full
min = 268250406
Not Full
Not Full
Not Full
Empty
Not Full
Not Full
Not Full
Not Full
min = 20758010
Not Full
Not Empty
Not Full
Not Full
Not Full
Not Empty
min = 117662810
min = 512069849
Not Full
Not Empty
Not Empty
Not Full
Not Full
Not Full
min = 10434356
min = 8775721
Not Full
Not Full
Not Full
Not Full
Not Empty
Not Full
Not Empty
Not Empty
Not Empty
Not Empty
Not Full
Not Empty
Not Empty
Not Full
Not Full
Not Full
Not Full
Not Empty
Not Empty
Not Empty
Not Full
Not Empty
Not Empty
Not Full
Not Full
min = 144972049
Not Empty
Not Empty
Not Full
min = 162480564
Not Full
Not Full
Not Full
Not Full
Not Full
Not Full
Not Full
Not Full
Not Empty
Empty
Not Empty
Not Full
Not Full
Not Full
Not Empty
Not Full
Not Full
Not Full
Not Empty
min = 4664589
min = 12324363
min = 268952245
min = 59941253
Not Full
Not Empty
Not Empty
min = 120715780
Not Empty
Not Full
Not Empty
Not Full
Not Empty
Not Full
Not Empty
Not Empty
Not Full
Not Full
Not Empty
Not Full
Not Full
Not Empty
Not Full
Not Full
Not Full
Not Empty
Not Empty
Not Full
Not Empty
Not Empty
min = 968950156
Not Empty
Not Empty
Not Full
Not Full
min = 1511257
Not Full
Not Empty
Not Full
Not Empty
Not Full
Not Full
min = 28355142
Not Empty
Not Full
Not Full
min = 256629489
Not Empty
Not Full
min = 267552066
Empty
min = 922133051
min = 169750658
Not Full
Not Empty
min = 77066542
Not Empty
Not Empty
min = 188540490
Not Full
Not Empty
min = 299834938
min = 305347634
Not Empty
Not Empty
Not Full
Not Empty
Not Full
Not Full
Not Full
Not Full
Not Empty
min = 36426549
Not Empty
Not Full
min = 15546667
Not Empty
Not Full
Not Full
Not Full
Not Full
Not Full
Not Full
Not Empty
Not Full
Not Full
Not Empty
min = 43699886
Not Full
Not Empty
Not Empty
Not Empty
Not Full
Not Full
Not Full
Not Full
Not Full
Empty
Not Full
Not Full
Not Empty
Not Full
Not Empty
Not Empty
Not Empty
Not Full
Not Empty
Not Full
min = 56659990
Not Full
Not Full
Not Full
min = 8848531
Not Empty
Not Full
min = 72139884
min = 1252677800
Not Empty
min = 29822088
Not Empty
Not Empty
Not Empty
min = 158603275
Not Full
Not Empty
Not Full
Not Empty
Not Full
min = 67089180
Not Empty
Not Full
Not Full
Not Empty
Not Empty
Not Full
min = 93323864
min = 22726712
Not Empty
Not Full
Not Empty
Not Empty
min = 245154552
Not Full
Not Empty
Not Full
Not Empty
min = 70659017
min = 1921761
Not Empty
Not Empty
Not Full
Not Full
Not Empty
Not Empty
Not Empty
Not Full
Not Full
Not Empty
Not Empty
Not Empty
Not Full
Not Full
Not Full
Not Empty
min = 1451535225
Not Full
Not Full
Not Full
Not Empty
Not Empty
Not Empty
Not Empty
Not Full
Not Empty
Not Empty
Not Empty
Not Full
Not Full
Not Empty
min = 336106859
Not Full
Not Empty
Not Full
Not Empty
Not Empty
min = 220898691
Not Empty
Not Full
Not Empty
Not Empty
Not Full
Not Full
Not Full
Not Empty
Not Full
Not Empty
Not Empty
min = 945588856
Not Empty
Not Full
min = 103242263
min = 101966709
min = 256244015
Not Empty
Not Full
min = 339145412
Not Full
Not Full
Not Empty
Not Full
Not Full
Not Full
Not Empty
Not Full
Not Empty
Not Empty
Not Full
Not Empty
Not Empty
min = 9273066
min = 50201236
Not Empty
Not Full
min = 41981695
min = 206185972
Not Empty
Not Empty
min = 74390112
Not Empty
Not Full
Not Full
Not Full
Not Full
Not Full
Not Empty
Not Empty
min = 122550597
Not Empty
min = 26806954
min = 57460909
Not Full
Not Full
Not Empty
Not Full
Not Empty
Not Empty
Not Full
Not Full
Not Full
min = 259825969
min = 1489602477
Not Full
Not Full
Not Full
Not Full
min = 101172246
min = 56490019
Not Empty
Not Full
Not Empty
Not Full
Not Full
Not Empty
Not Full
Not Full
Not Empty
Not Full
Not Empty
Not Empty
Not Empty
min = 25632755
Not Empty
Not Full
Not Full
min = 193155814
Not Full
min = 3084655
Not Empty
min = 138447883
Not Empty
Not Empty
Not Full
min = 265167119
min = 2032076264
Not Full
Not Empty
Not Full
Not Full
min = 45981186
Not Empty
Not Full
Not Full
min = 75759400
Not Full
min = 64055921
min = 189003983
Not Empty
Not Full
Not Empty
Not Empty
Not Full
Not Empty
Not Empty
Not Full
Not Empty
Not Empty
Not Empty
Not Full
Not Empty
min = 78003153
Not Full
Not Full
Not Full
Not Full
Not Empty
Not Full
min = 91644939
Not Empty
Not Empty
Not Full
Not Full
min = 214702177
Not Full
Not Empty
Not Full
Not Empty
Not Empty
Not Full
Not Empty
Not Empty
Not Empty
Not Empty
Empty
Not Empty
Not Full
Not Full
Not Empty
Not Empty
Not Full
Empty
Not Empty
Not Empty
min = 704215391
Not Full
Not Empty
min = 80433640
Not Full
Not Empty
min = 305145793
Not Full
Not Empty
Not Empty
Not Empty
Not Empty
Not Empty
Not Empty
Not Empty
Not Empty
Not Full
Not Full
Not Empty
min = 81669135
Not Full
Not Full
Not Full
min = 86904217
Not Full
Not Full
Not Full
Not Full
Not Full
Not Full
Empty
Not Empty
Not Full
Not Full
Not Full
min = 1148946240
Not Full
min = 189331256
min = 185201679
Not Full
Not Full
Not Empty
Not Full
Not Empty
Not Full
Not Full
Not Full
Not Empty
min = 46429569
min = 496880190
Not Full
min = 1086164142
Not Full
Not Full
Not Empty
Not Full
Not Full
Not Empty
Not Empty
Not Empty
Not Empty
Not Empty
Not Empty
Not Empty
Not Empty
Not Full
Not Empty
Not Full
Not Full
min = 35084249
min = 99646468
Not Full
Not Full
Not Empty
Not Empty
Not Full
Not Empty
Not Empty
Not Empty
Not Full
Not Empty
Not Empty
Not Full
Not Empty
Not Full
Not Empty
Not Full
Not Empty
Not Empty
Not Full
Not Full
min = 87206880
Not Full
Not Empty
Not Full
min = 405401235
Not Full
Not Empty
min = 5066704
Not Full
Not Empty
Not Empty
min = 77155776
Not Full
Not Full
min = 207890614
Empty
Not Empty
Not Full
Not Full
Not Empty
Not Empty
Not Empty
Not Empty
Not Empty
Not Empty
Not Empty
Not Full
Not Full
min = 79473179
Not Full
Not Full
min = 75757525
Not Empty
Not Empty
Not Full
Not Full
Not Full
Not Full
Not Full
Not Empty
Not Full
Not Full
Not Full
Not Empty
Not Full
min = 170589881
min = 75669698
Not Empty
Not Full
Not Full
Not Empty
min = 123889689
Not Full
Not Full
Not Full
Not Full
Not Empty
Not Empty
Not Full
Not Full
Not Empty
Not Empty
Not Empty
Not Empty
Not Full
Not Empty
Not Empty
Not Full
Not Full
Not Empty
min = 619877473
min = 86434987
min = 1073718882
Not Full
Not Full
Not Full
Not Full
Not Full
min = 257063788
min = 93922966
min = 69638226
Not Full
Not Empty
Not Empty
Not Empty
min = 144463404
Not Full
Not Full
min = 308288052
Not Empty
Not Empty
Not Full
min = 187188467
Not Full
Not Full
Not Empty
Not Full
Not Empty
Empty
Not Empty
Empty
Not Empty
min = 17770587
Not Full
Not Full
Not Empty
Not Empty
Not Empty
Not Full
Not Full
min = 292512255
Not Full
Not Full
Not Full
Not Full
Not Empty
Not Full
Not Full
Not Full
min = 1917750776
Not Empty
Not Empty
Not Empty
Not Empty
min = 458452172
Not Full
Not Empty
Not Full
Not Empty
Not Full
min = 226403325
Not Empty
Not Empty
min = 2011161258
min = 452208605
min = 532487368
Not Full
Not Empty
Not Full
Not Empty
Not Empty
Not Empty
Not Full
Not Empty
min = 19132729
Not Full
Not Full
Not Full
Not Full
Not Full
Not Full
Not Empty
Not Full
min = 177506397
Not Empty
Not Empty
min = 114000480
Not Full
Not Empty
Not Full
Not Full
Not Full
Not Empty
Not Full
Not Empty
Not Full
min = 11854956
min = 49269973
min = 186866976
min = 221031225
Not Full
min = 63127546
Not Full
min = 136895035
Not Empty
Not Empty
Not Empty
Not Full
Not Full
Not Full
Not Empty
Not Full
Not Full
Not Empty
Not Empty
Not Full
Not Empty
Not Full
Not Empty
Not Full
Not Empty
Not Empty
Not Empty
Not Full
min = 432794068
Not Full
min = 315559294
Not Empty
Not Full
Not Empty
min = 234302118
Not Empty
Not Full
Not Empty
Not Full
Not Empty
Full
Not Full
Not Empty
Not Empty
Not Full
Not Full
Full
min = 387100394
min = 77931749
Not Empty
Not Full
min = 40145430
Not Full
min = 647322672
Not Empty
Not Full
Not Empty
Not Full
min = 148188660
min = 221444695
min = 189341969
Not Full
Not Full
Not Full
Not Full
Not Empty
Not Empty
Not Empty
Not Full
Not Empty
min = 73164715
min = 134675373
Not Full
Not Empty
min = 44126906
Not Empty
Not Full
Not Empty
Not Full
min = 106991687
Not Empty
Not Empty
Not Empty
Not Empty
Not Empty
min = 140025350
Not Full
Not Empty
Not Empty
min = 686896640
Not Empty
Not Full
Not Empty
Not Full
Not Full
min = 222674261
Not Full
Not Full
Not Empty
Not Full
min = 97406077
Not Empty
Not Full
min = 285079669
Not Empty
Not Empty
Not Empty
Not Full
Not Empty
Not Full
Not Empty
Not Full
Not Empty
Not Empty
Not Full
Not Full
Not Full
min = 182639006
Not Full
Not Full
Not Empty
Not Empty
Not Empty
Not Full
Not Full
Not Full
Not Empty
Not Empty
Not Empty
Not Empty
Not Empty
min = 290309628
Not Full
Not Empty
Not Full
Not Empty
min = 9988503
min = 302846766
Not Empty
Not Empty
Not Empty
Not Empty
min = 161788142
Not Full
Not Empty
Not Empty
Not Full
Not Full
min = 39232802
Not Empty
Not Full
Not Full
Not Full
Not Full
min = 148100650
Not Empty
Not Full
min = 184017364
Not Full
Not Full
Not Empty
Not Full
Not Full
min = 467020880
Not Empty
Not Full
min = 213940709
Not Full
Not Empty
Not Empty
Not Full
Not Full
Not Empty
min = 798219466
Not Full
Not Full
Not Full
Not Empty
Not Empty
Not Empty
Not Empty
Not Empty
Not Full
Empty
min = 18036806
Not Empty
Not Full
min = 507415952
Not Full
min = 4133203
Not Full
Not Empty
Not Empty
Not Empty
Not Full
Not Full
Empty
Not Empty
Not Full
Not Empty
Not Empty
Not Empty
Not Full
Not Full
Not Empty
Not Empty
Not Full
Not Empty
Not Full
Not Full
min = 279985569
Not Full
Not Full
Not Empty
Not Empty
Not Empty
min = 1676427467
min = 172135579
Not Full
Not Empty
Not Empty
Not Empty
Not Empty
Not Full
Not Empty
Not Full
Not Full
Not Full
Not Empty
Not Empty
Not Empty
Not Empty
min = 7452981
Not Full
Not Full
Not Empty
Empty
Not Full
Not Full
Not Empty
Not Full
Not Empty
min = 29235833
Not Empty
Not Empty
Not Empty
Not Full
Not Empty
Not Empty
min = 142802281
min = 612605463
Not Empty
Not Full
Not Full
Not Full
min = 36924532
Not Full
Not Full
min = 250632388
Not Empty
Not Empty
Not Full
Not Full
Not Full
min = 136725137
Not Full
Not Empty
Not Empty
Not Full
Not Empty
Not Empty
Not Full
Not Empty
Not Full
min = 7384812
Not Full
Not Full
Empty
Not Empty
Not Full
min = 853395348
Empty
min = 42183362
Not Full
Not Full
Not Full
min = 161503993
min = 258201628
Not Empty
Not Empty
Not Full
min = 291821263
Not Full
min = 691244478
Not Full
Not Full
Not Full
Not Empty
Not Empty
Not Full
Not Empty
min = 201250723
Not Full
Not Empty
Not Full
Not Empty
Empty
Not Empty
Not Empty
Not Full
Not Full
Not Empty
Not Full
Not Empty
Not Empty
Not Full
Not Full
min = 14707059
Not Full
Not Empty
Not Full
Not Empty
min = 236415592
Not Empty
Not Full
Not Full
Not Full
min = 83570354
Not Full
Not Full
Not Full
Not Empty
Not Full
Not Full
min = 249119746
Not Full
Not Full
min = 570025688
min = 836000544
min = 405085791
Not Full
Not Empty
min = 6408677
min = 18084650
Not Empty
Not Empty
Not Full
Not Full
Not Full
Not Full
Not Empty
min = 684468967
Not Empty
min = 184079650
Not Full
Not Full
Not Full
Not Empty
Not Full
Not Empty
Not Empty
Not Empty
Not Empty
min = 125061813
Not Full
Not Empty
Not Empty
min = 58749010
min = 179153590
Not Empty
Not Full
Not Empty
Not Full
Not Empty
Not Full
Not Full
Not Full
Not Empty
Not Empty
Not Empty
Not Full
min = 16290499
Not Empty
Not Full
Not Full
min = 218172954
Not Empty
Not Full
Not Full
Not Empty
Not Full
Not Full
Not Empty
Not Empty
Not Full
Not Empty
min = 142590158
Not Full
Not Empty
min = 220238489
min = 299655595
min = 274396826
Not Full
Not Full
Not Empty
min = 73719290
Not Empty
Not Empty
Not Empty
Not Empty
Not Full
Not Empty
Not Empty
Not Full
Not Empty
Not Empty
Not Empty
min = 22258464
Not Full
Not Full
Not Full
Not Full
Not Empty
Not Full
Not Full
Not Full
Not Full
Not Empty
min = 112126705
Not Full
min = 136208287
Not Full
Not Full
Not Empty
Not Full
Not Empty
Not Empty
Not Empty
Not Full
min = 23906664
Not Empty
Not Full
Not Empty
Not Full
Not Empty
Not Full
Not Full
Not Full
min = 1623780279
Not Empty
min = 54628429
Not Full
Not Full
Not Empty
min = 9390396
Not Full
Not Full
Not Full
Not Full
Not Full
Not Full
Not Full
Not Empty
Not Full
Not Empty
Not Full
Not Empty
Not Empty
min = 36248974
Not Full
Not Full
Not Full
Not Full
Not Full
min = 331378426
Not Full
min = 168341642
Not Full
Not Empty
Not Full
min = 57315363
Not Empty
Not Empty
Not Full
Not Full
Not Full
Not Empty
Not Empty
min = 768916242
Not Full
Not Empty
Not Empty
Not Empty
Not Full
min = 144790761
Not Full
min = 93489942
Not Empty
min = 1079752112
Not Full
Not Full
min = 1044373499
Not Full
min = 72359722
Not Empty
min = 335326575
min = 139585512
Not Empty
Not Empty
Not Full
Not Empty
Not Full
Not Empty
Not Empty
Not Full
Not Full
Not Full
min = 346634608
Not Empty
Not Full
Not Empty
Not Full
Not Full
Not Full
Not Empty
Not Empty
min = 514529235
Not Full
Not Empty
Not Full
Not Empty
Not Full
Empty
Not Full
Not Full
Not Full
Not Full
Not Empty
Not Full
min = 17181815
Not Full
Not Empty
Not Full
Not Empty
Not Empty
Not Full
Not Empty
Not Empty
min = 6938773
Not Empty
min = 35481094
Full
Not Empty
Not Full
Not Full
Not Empty
min = 160265624
Full
Not Empty
min = 341873900
Not Empty
min = 90734137
Not Empty
Full
min = 228609669
Empty
min = 22898838
Not Full
Not Full
min = 112471475
Not Full
Not Full
Not Full
Not Full
Not Full
Not Full
min = 179347375
Not Full
min = 576444891
min = 420894792
Not Full
Not Empty
Not Full
Not Full
Not Empty
min = 342134398
Not Empty
Not Full
Not Full
Not Full
Not Empty
Not Full
Not Full
min = 226057972
Not Full
Not Full
Not Empty
Not Full
Not Empty
Not Full
Not Full
Not Full
min = 50610762
Not Empty
Not Empty
min = 576793095
Not Empty
Not Full
min = 532848129
min = 193320309
Not Empty
Not Empty
min = 13153943
Not Empty
Not Empty
Not Full
min = 184177610
Not Full
Not Full
Not Empty
Not Empty
Not Full
Not Full
min = 88516863
min = 42057027
Not Full
Not Empty
min = 154145502
Not Full
Not Empty
Not Full
Not Full
min = 623226301
Not Empty
min = 57591954
Not Empty
Not Empty
min = 244730788
Not Full
Not Empty
Not Empty
Not Full
Not Empty
Not Full
Not Empty
Not Full
Not Full
Not Full
min = 146228732
min = 442605117
Not Full
Not Empty
Not Full
Not Empty
min = 227005742
Not Full
Not Full
Not Full
Not Empty
Not Full
min = 83728626
Not Empty
min = 70744713
Not Empty
min = 1968802905
Not Full
min = 102814411
Not Full
Not Empty
Not Empty
Not Empty
Not Full
Not Full
Not Empty
Not Full
Not Full
Not Empty
Not Full
Not Empty
Not Full
Not Empty
Not Full
Not Empty
Not Empty
Not Full
Not Full
Not Empty
Not Full
Not Empty
Not Full
Not Empty
Not Empty
Not Empty
Not Empty
Not Full
Empty
Not Empty
Not Full
Not Full
Not Empty
Empty
Not Full
Not Empty
Not Full
Not Full
Not Empty
min = 30914338
Not Empty
Not Empty
Not Full
min = 63402232
Not Full
Not Empty
Not Full
min = 2119102515
Not Empty
min = 201965893
Not Empty
Not Empty
Not Empty
min = 150820489
Not Empty
Not Empty
Not Empty
min = 305198945
min = 104623602
min = 309057588
Not Full
Not Full
min = 35846496
Not Full
Not Full
Not Empty
min = 109080406
Not Empty
Not Empty
min = 4447662
Not Empty
Not Empty
Not Empty
Not Empty
min = 162972648
Not Full
Not Empty
min = 412764946
Not Full
Not Full
Not Full
Not Full
Not Full
Not Full
Empty
Not Empty
Not Full
Not Empty
Not Empty
Not Empty
min = 34409109
Not Full
Not Full
min = 689493362
Not Full
Not Empty
Not Full
Not Empty
min = 805461064
min = 37879065
Not Full
Not Empty
Not Empty
min = 32433640
Not Empty
min = 333498771
Not Empty
Not Empty
Not Empty
Not Full
Not Empty
Not Full
Not Full
min = 478617297
Not Full
min = 49680906
Not Full
Not Full
Not Full
Not Full
Not Empty
Not Empty
Not Empty
min = 60860213
Not Full
Not Empty
Not Empty
Not Full
Not Full
min = 14139422
Not Full
Not Full
Not Empty
Not Empty
Not Empty
Not Empty
Not Full
Not Full
Not Full
Not Full
min = 27506342
min = 134260044
Not Empty
Not Full
min = 260713987
min = 29153297
Not Full
Not Full
Not Empty
Not Full
Not Empty
Not Empty
Not Full
Not Full
Not Empty
Not Full
Not Empty
Not Full
Not Empty
min = 30895887
Not Empty
Not Full
Not Full
Not Empty
Not Empty
Empty
Not Empty
Not Empty
Not Empty
Not Full
min = 348368291
Not Full
min = 206275588
Not Empty
Not Full
Not Empty
Not Empty
min = 343664493
Not Full
Not Empty
Not Empty
min = 515287320
Not Full
min = 1592590780
Not Full
Not Full
Not Empty
Not Full
min = 183978279
Not Empty
Not Full
Not Empty
Not Full
Not Full
Not Full
Not Full
Not Full
Not Empty
Not Empty
Empty
Not Empty
Not Full
Not Full
min = 384211294
Not Full
Not Empty
Not Full
Not Empty
Not Full
Not Empty
Not Empty
Not Empty
Not Full
Not Empty
Not Empty
min = 206660963
Not Full
Not Empty
Not Empty
Not Empty
Not Empty
Not Full
Not Full
Not Full
Not Full
min = 26605270
Not Full
Not Empty
Not Full
Not Empty
Not Full
Not Empty
Not Empty
Not Full
Not Full
Not Full
Not Full
Not Full
Not Full
Not Full
Not Empty
min = 93727221
Not Full
Not Full
Not Empty
Not Empty
min = 26331993
Not Empty
Not Full
Not Full
Not Full
min = 131836536
Not Empty
Not Full
min = 102903132
min = 293780560
min = 305027261
Not Empty
Not Full
Not Empty
Not Empty
min = 432527634
Empty
Not Empty
Not Full
Not Empty
Not Full
min = 1465305833
min = 198343479
Not Full
min = 7198396
Not Empty
Not Full
Not Full
Not Full
Not Empty
Not Empty
Empty
Not Empty
Not Full
min = 83810256
min = 20112496
Not Empty
min = 53336893
Not Empty
Not Empty
Not Empty
min = 30227122
Not Empty
Not Full
min = 34347654
min = 22136084
Not Empty
min = 35921539
min = 150665754
Not Full
min = 339602282
Not Empty
min = 170387269
Not Full
min = 51296103
Not Empty
Not Empty
Not Full
min = 405442486
Not Empty
min = 34243282
min = 46656670
Not Empty
min = 397087503
Not Full
Not Full
Not Full
Not Full
min = 187906701
Not Full
Not Empty
Not Full
Not Full
Not Full
Not Full
Not Empty
Not Full
Not Full
Not Full
Not Full
Not Empty
Not Empty
Not Full
Not Full
min = 324021706
Not Full
min = 2675133
Not Full
Not Full
min = 72506457
Not Empty
min = 36987133
min = 49577592
min = 50138435
Not Full
min = 64360248
Not Full
Not Empty
Not Full
Not Empty
Not Empty
Not Full
Not Empty
Not Empty
Not Full
Empty
Not Empty
Not Full
Empty
min = 27039318
min = 122346355
Not Empty
min = 48314188
Not Full
Not Empty
min = 262810779
min = 216980337
Not Full
min = 1422789907
Empty
min = 78648539
Not Full
Not Full
Not Full
Not Empty
Not Full
min = 252742731
Not Empty
Not Full
min = 32756885
Not Empty
Not Empty
Not Full
Not Empty
min = 119442732
Not Full
min = 1455027334
Not Empty
Not Empty
min = 1612858389
Not Empty
Not Full
min = 75300479
Not Full
min = 96986195
min = 241273980
Not Empty
Not Full
Not Full
Not Empty
Not Empty
Not Empty
Not Full
Not Full
min = 320357637
Not Full
Full
Not Empty
min = 2081450888
Full
Not Full
Full
Not Full
Not Full
min = 248528900
Not Empty
Not Full
Not Full
Not Full
Not Empty
Not Full
Not Empty
min = 6755274
Not Full
Not Empty
Not Empty
Not Empty
Not Empty
Not Full
Not Empty
min = 2011591086
Not Full
Not Empty
min = 1005966750
Not Empty
min = 292203917
min = 155705863
Not Full
Not Empty
Not Empty
min = 131281595
Not Empty
Not Full
Not Empty
Not Full
Not Full
Not Empty
Not Empty
min = 102641147
Not Empty
Not Empty
Not Empty
Not Full
Not Full
Not Empty
Not Full
min = 11401016
Not Full
Not Full
min = 271489517
Not Full
Not Full
min = 46717329
Not Empty
Not Empty
Not Empty
Empty
Not Full
min = 48947664
Not Empty
min = 232683219
Not Empty
Not Full
Not Empty
Not Empty
Not Empty
Not Empty
Not Empty
Not Empty
Not Full
Not Full
Not Full
min = 250887369
min = 65862726
Not Full
Not Full
Not Full
Not Full
min = 109828988
Not Empty
Not Empty
min = 43793371
min = 565980263
Not Full
Not Empty
Not Full
min = 251204910
Not Full
Not Empty
min = 254976323
Not Full
Not Full
Not Full
Not Full
Not Full
Not Empty
min = 225651562
Not Empty
Not Full
Not Empty
Not Empty
Not Full
Not Full
Not Empty
Not Full
Not Full
Not Full
Not Full
Not Full
Not Empty
Not Full
Not Full
min = 73199439
min = 165210609
Empty
Not Empty
Not Empty
Not Full
Not Empty
Not Full
min = 305257979
Not Empty
Not Full
Not Empty
min = 245306114
Not Full
Not Empty
Not Empty
Not Full
Not Full
min = 145175911
Not Empty
Not Empty
Not Empty
Not Empty
Not Full
Not Empty
Not Full
min = 18985557
Not Full
Not Empty
Not Empty
Not Full
min = 279133195
Not Full
Not Empty
Not Full
Not Full
min = 37073089
Not Empty
Not Full
Not Empty
min = 42423990
min = 97385234
Not Full
Not Empty
min = 550810253
Empty
Not Empty
Empty
Not Full
Not Empty
Not Full
Not Full
Not Empty
Not Full
Not Full
min = 722469952
Not Empty
Not Full
Not Full
Not Full
min = 244225635
Not Empty
Not Empty
min = 60810762
Not Empty
Not Full
Not Full
Empty
min = 479768985
min = 681527586
min = 259364389
Not Empty
Not Full
Not Empty
min = 291076726
min = 370952927
min = 428532866
Not Empty
Not Empty
Not Empty
min = 420374828
Not Empty
min = 164628705
Not Full
min = 1849125308
Not Empty
Not Full
Not Empty
Not Empty
min = 168009177
Not Empty
Not Empty
Not Empty
Not Full
Not Empty
Not Empty
Not Full
Not Empty
Not Empty
Not Empty
min = 192195932
min = 444040982
Not Empty
Not Empty
Not Full
min = 153613335
Not Full
Not Empty
Not Empty
Not Full
min = 738484375
min = 802065437
Not Empty
min = 89075626
Not Full
min = 584919422
Not Full
Not Empty
Not Empty
Not Empty
Not Full
Not Empty
Not Full
Not Empty
Not Empty
Not Full
Not Full
Not Empty
Not Full
min = 213758017
Not Empty
Not Empty
Not Full
Not Full
Not Full
Not Full
min = 254390545
Not Empty
Not Full
Not Empty
Not Empty
Not Full
Not Full
Not Empty
Not Empty
Not Full
Not Empty
Not Empty
Not Empty
Not Empty
Not Full
Not Empty
Not Full
Not Full
Not Empty
Not Full
Not Empty
Not Full
min = 276850121
min = 197934391
Not Empty
Not Full
Not Empty
Not Empty
Not Empty
Not Full
Not Full
Not Full
Not Full
min = 46282198
Not Empty
Not Full
Not Empty
min = 1152911741
Not Full
min = 189499907
Not Empty
Not Full
Not Empty
min = 257918800
min = 38833014
min = 16958470
Not Empty
Not Empty
min = 65444516
Not Empty
Not Empty
Not Full
Not Full
min = 54680728
Not Empty
Not Full
Not Full
Not Full
min = 127972940
Not Full
Not Empty
Not Full
Not Full
Not Full
min = 79984493
Not Empty
Not Full
min = 193940988
Not Full
Not Full
Not Empty
Not Full
Not Full
Not Full
Not Full
Not Empty
Not Full
Not Empty
Not Empty
Not Empty
min = 21160988
Not Empty
Not Full
Not Empty
Not Empty
Not Full
Not Full
Not Full
Not Full
Not Empty
Not Full
Not Full
min = 263300429
min = 53897332
Not Full
Not Full
min = 224512107
Not Full
min = 25965916
min = 248236945
min = 651031308
Not Full
Not Empty
Not Full
Not Empty
min = 69734557
Not Empty
Not Empty
Not Full
min = 48439694
Not Full
Empty
Not Full
Not Full
Not Empty
Not Full
min = 95947417
Not Full
Not Empty
Not Full
Not Full
Not Empty
min = 80847994
Not Empty
Not Full
Not Full
Not Empty
Not Full
Not Empty
Not Empty
Not Empty
Not Full
Not Empty
min = 22327474
Not Full
min = 75516804
Not Full
min = 1210711897
Not Full
Not Empty
Empty
Not Full
Not Full
min = 25706308
Not Full
Not Empty
Not Full
Not Full
Not Empty
Not Empty
Not Full
Not Full
Not Full
Not Full
Not Empty
Not Empty
Not Empty
Not Full
Not Full
min = 431929369
Not Full
Not Full
Not Full
Not Empty
Not Full
Not Empty
Not Empty
Not Full
Not Full
min = 588586102
Not Full
Not Full
Not Empty
Not Full
Not Full
Not Full
Not Empty
Not Empty
Not Full
Not Empty
Not Full
Not Full
Not Full
Not Empty
Not Full
min = 1086673599
min = 141786177
Not Empty
Not Full
Not Empty
Not Empty
Not Full
Not Empty
Not Full
Not Empty
min = 36088798
min = 1567042
min = 286578626
Not Full
Not Empty
min = 162132379
Not Empty
Not Full
Not Full
Not Empty
Not Full
Not Full
Not Full
Not Full
Not Empty
Not Full
Not Full
Not Empty
Not Full
Not Full
Not Empty
Not Empty
Not Empty
Not Full
Empty
Not Empty
min = 179169908
Not Empty
min = 1764175
Not Full
Not Empty
Not Full
Not Full
min = 109122434
min = 132519912
Not Empty
Not Empty
Not Full
min = 56235992
Not Full
min = 67770992
Not Full
min = 8499836
Not Full
Not Empty
Not Empty
Not Empty
Not Empty
Not Full
Not Empty
Empty
Not Empty
min = 393235618
Not Empty
Not Full
min = 51643471
Not Full
Not Full
min = 72196564
min = 394921612
min = 848835146
min = 14361650
Not Empty
Not Empty
Not Empty
Not Full
Not Empty
Not Full
min = 421679246
Not Empty
min = 1379606437
Not Full
Not Full
min = 586178258
Not Empty
Not Empty
Not Empty
Not Empty
Empty
Not Full
Not Empty
Not Full
Not Full
Not Full
Not Empty
Not Empty
Not Empty
Not Full
min = 112440861
Not Full
Not Empty
Not Empty
Not Full
min = 81127919
min = 276841535
Not Full
min = 778555584
Not Full
Not Full
Not Full
Not Full
Not Empty
Not Full
Not Empty
Not Full
Not Empty
Not Full
Not Full
Not Empty
Not Full
min = 370656114
