Not Full
Not Empty
min = 653911487
min = 1261109866
Not Full
Not Empty
Not Full
Not Full
Not Full
min = 341255773
Not Full
Not Empty
Not Full
Not Empty
Not Full
min = 646056023
Not Empty
Not Empty
Not Full
Not Empty
Not Full
Not Full
min = 82983449
min = 80385824
min = 169561991
Not Empty
Not Empty
Not Empty
Not Full
min = 111278337
Not Full
min = 34827432
Not Empty
Not Empty
Empty
Not Full
Not Full
Not Full
min = 142086040
Not Empty
Not Empty
Not Empty
Not Empty
min = 296347372
min = 326025028
Not Empty
Not Empty
Not Full
Not Empty
min = 33926747
min = 63237320
Not Full
Not Empty
Not Full
Not Empty
Not Full
Not Empty
Not Empty
min = 146758098
Not Empty
Not Empty
Not Full
Not Empty
min = 20950996
min = 59426157
min = 77531804
Not Full
Not Full
Not Full
Not Full
Not Full
Not Full
Empty
min = 17761444
Not Empty
Not Empty
Not Empty
min = 29669839
Not Full
Not Full
min = 494931290
min = 224002861
min = 299662437
Not Full
Not Full
Not Empty
Not Full
Not Full
min = 969518153
min = 1358906
Not Empty
Not Empty
Not Full
Not Empty
Not Empty
Not Full
Not Full
Not Empty
Not Empty
Empty
Not Full
Not Empty
Not Full
Not Full
Not Full
Not Full
Not Full
min = 83531360
Not Full
Not Full
Not Full
min = 1051063678
min = 323787911
Not Full
Not Full
Not Full
Not Full
Not Full
min = 336148651
Not Full
Not Full
Empty
min = 375768973
Not Full
Not Empty
Not Full
min = 422988605
Not Full
Not Empty
Not Empty
Not Full
Not Full
Not Full
Not Full
min = 918376496
Not Empty
Not Empty
Not Empty
Not Empty
min = 4598946
Not Full
min = 559335161
Not Empty
Not Empty
Not Full
Not Empty
Not Empty
min = 695575605
Not Full
Not Full
min = 277480265
Not Empty
Not Full
Not Full
Not Empty
Not Empty
min = 216221895
Not Empty
Not Empty
Not Empty
Not Full
Not Full
min = 484738204
min = 206657469
min = 639881586
Not Full
Not Empty
Not Full
Not Empty
Not Empty
Not Empty
Not Empty
Not Empty
Not Empty
Not Empty
Not Full
min = 1022633701
Not Full
min = 85990566
Not Empty
Not Empty
Not Full
min = 164319903
Not Empty
Not Empty
Not Full
Not Empty
Not Empty
Not Empty
Not Full
Not Full
Not Full
min = 16857885
min = 695601092
Not Empty
Not Empty
min = 89272158
Not Empty
Not Full
Not Empty
Not Full
Not Full
min = 109646092
Not Full
Not Empty
Not Empty
Not Empty
Not Empty
min = 54939851
Not Empty
Not Full
min = 1382733992
min = 155546304
Not Full
min = 63299435
min = 94942291
Not Empty
Not Empty
Not Empty
Not Full
Not Full
min = 840469062
Not Empty
Not Full
Not Empty
min = 954477401
Not Full
Not Full
Not Empty
Not Empty
Not Full
min = 956594816
Not Full
Not Empty
Not Empty
Not Empty
min = 1645319659
Not Full
Not Empty
Not Full
Not Empty
min = 325218822
Not Full
Not Full
Not Empty
Not Empty
Not Full
min = 101494292
Not Empty
min = 336854295
Not Full
Not Full
min = 10010048
Not Empty
Not Empty
Not Full
Not Full
Not Empty
min = 143333412
Not Full
min = 90600813
Not Empty
Not Empty
Not Full
Not Full
Not Empty
Not Full
Not Full
Not Full
Not Full
Not Empty
Not Empty
Not Empty
Not Empty
Empty
Not Empty
min = 270845049
Not Empty
Not Full
Not Full
Not Empty
Not Full
Not Empty
Not Full
Not Empty
Not Full
Not Full
Empty
Not Empty
Not Empty
Not Full
Empty
Not Full
Not Full
Not Empty
min = 44781829
Not Full
Not Full
Not Full
Not Empty
Not Empty
min = 255193091
Not Empty
Not Full
min = 66408775
min = 1592420779
Not Full
min = 68301007
Not Full
min = 166425821
Not Empty
min = 17698366
Not Empty
Not Full
Not Empty
Not Empty
Not Empty
min = 459042575
Not Full
min = 467782687
Not Full
Not Empty
Not Full
min = 481226691
Not Full
Not Empty
Not Full
Empty
Not Empty
Not Full
Empty
Not Full
min = 43655348
Not Empty
Not Full
Not Full
Not Empty
Not Empty
Not Empty
Not Empty
min = 112100695
Not Empty
Not Empty
Not Empty
Not Full
Not Full
Empty
min = 477173404
Not Full
Not Empty
Not Empty
Not Full
Not Full
Not Full
Not Empty
Not Empty
Not Full
Not Full
Not Full
Empty
min = 846602742
Not Full
Not Full
Not Full
Not Full
Not Empty
Not Full
Not Full
Not Full
Not Full
min = 127051048
Not Empty
Not Empty
Not Full
min = 156050672
min = 39572293
Not Full
Not Full
min = 80422223
Not Empty
Not Empty
min = 101327482
Not Full
Not Full
Not Empty
Not Empty
min = 236209623
Not Full
Not Full
Not Empty
Not Empty
Not Full
Empty
Not Full
Not Full
Not Empty
Not Full
Not Empty
Not Full
Not Empty
Not Empty
Not Full
Not Full
Not Empty
min = 99436498
Not Empty
Not Full
Not Full
min = 173095733
Not Full
Not Empty
Not Full
Not Empty
Not Full
Not Empty
Not Full
Not Full
Not Full
Not Full
Not Full
min = 27228852
min = 50956322
min = 79904723
Not Full
Not Full
Not Full
Not Full
Not Empty
Not Empty
Not Empty
Not Empty
Not Full
Not Full
Not Full
min = 27048401
min = 788062865
Not Empty
min = 233648515
Not Empty
min = 194513421
min = 223695376
Not Full
min = 579568604
Not Empty
Not Full
Not Full
Not Empty
Not Full
Not Full
Not Empty
min = 538079335
min = 242997962
Not Full
min = 851104007
Not Empty
Not Full
Not Full
min = 242060235
min = 354094193
Not Empty
Not Empty
Not Empty
min = 20467105
Not Empty
Not Full
Not Full
Not Full
Not Full
Not Full
Not Full
Not Empty
Empty
Not Full
Not Full
Not Empty
Not Empty
Not Full
Not Empty
Not Empty
Not Empty
min = 64147264
Not Full
Not Empty
Not Empty
Not Full
Not Empty
Not Empty
min = 97173708
Not Full
min = 111550387
Not Empty
Not Full
Not Empty
min = 157709817
min = 128311145
Not Empty
Not Full
Not Empty
Not Full
Not Empty
Not Full
Not Full
Not Empty
Not Full
min = 131324558
Not Empty
Not Empty
Not Full
Not Full
Not Full
Not Full
Not Full
Not Full
Not Full
min = 155588852
Not Empty
Not Empty
min = 193448296
Not Full
Not Full
Not Full
Not Full
Not Empty
Not Empty
Not Empty
Not Empty
Not Empty
Not Empty
min = 278174304
min = 25505556
Not Empty
Not Empty
min = 74667463
Not Full
Not Full
Not Full
Not Empty
Not Empty
Not Empty
Not Empty
Not Empty
Not Empty
Not Empty
Not Empty
min = 318209130
Not Empty
Not Full
min = 278747434
min = 47820284
Not Empty
min = 7090010
Not Empty
Not Full
Not Full
Not Full
Not Full
Not Full
Not Empty
Not Full
Not Full
Empty
Not Full
min = 333025954
Not Empty
Not Full
Not Full
Not Empty
min = 1655545870
Not Full
min = 1766636349
Not Empty
Not Empty
Not Empty
Not Empty
Not Full
Not Empty
Not Full
Not Full
Not Full
Not Full
Not Empty
min = 377386298
min = 44201996
Not Full
Not Empty
Not Full
min = 967661490
Not Full
Not Full
min = 491080633
Not Full
Not Full
Not Full
Not Empty
Empty
Not Full
Not Empty
Not Full
Not Full
Not Full
min = 54092438
Not Empty
Not Empty
Not Full
Not Empty
Not Empty
min = 436622250
Not Empty
Not Full
Not Empty
min = 30844925
Not Empty
Not Full
Not Empty
Not Empty
Not Empty
min = 1650507228
Not Full
min = 120236176
Not Full
Not Full
Not Full
Not Full
Not Full
Not Empty
min = 65176382
min = 1809511206
Not Full
Not Full
Not Empty
Not Empty
Not Empty
Not Full
Not Empty
Not Empty
min = 179187207
Not Full
Not Empty
min = 22822827
min = 193022324
min = 503193635
Not Empty
min = 200132165
Not Empty
min = 127987089
Not Full
Not Empty
min = 16777494
Not Full
Not Full
Not Empty
Not Empty
Not Empty
Not Full
Not Empty
Not Full
Not Full
Not Full
Not Full
Not Full
Not Full
Not Empty
Not Full
Not Full
Not Empty
Not Full
Not Full
Empty
min = 385776268
Not Full
Empty
Not Full
Not Empty
Not Full
Not Full
Not Full
Not Full
min = 322599765
Not Empty
Not Empty
Not Empty
Not Empty
Not Empty
Not Empty
Not Full
Not Empty
Empty
Not Full
Not Empty
Not Empty
Not Full
Not Full
Not Full
min = 111193889
Not Full
Not Full
Not Full
Not Full
Not Empty
Not Full
Not Empty
Not Full
min = 266388992
Not Full
Not Full
Not Full
Empty
Not Empty
Not Empty
Not Empty
Not Empty
min = 615035267
Not Full
Not Empty
Not Empty
min = 282277021
Not Full
Not Full
Not Full
Not Full
Not Full
Not Full
Not Empty
Not Empty
Not Full
Not Full
Not Full
min = 266037289
Not Full
Not Empty
Not Full
Not Full
Not Full
Not Empty
min = 281148139
Not Empty
Not Empty
Not Full
Not Empty
Not Full
Not Empty
Not Empty
Not Full
Not Full
Not Empty
Not Full
Not Empty
Not Empty
Not Full
Not Full
Not Empty
Not Empty
Not Empty
Not Full
Not Empty
Not Empty
min = 258721551
min = 361739714
min = 407290473
Not Empty
Not Empty
min = 932109980
Not Empty
Not Empty
min = 897269788
Not Full
Not Empty
Not Full
Not Full
Not Empty
min = 100762638
min = 50802109
min = 363133825
Not Empty
Not Empty
min = 1473524579
Not Empty
Not Empty
Not Empty
Not Full
Not Empty
min = 264114487
Not Full
Not Empty
Not Full
Not Full
Not Full
Not Empty
Not Full
Not Full
min = 82367925
min = 179448013
Empty
Not Empty
min = 300215636
Not Full
Not Full
Not Empty
Not Full
Not Full
Not Full
Not Full
Not Empty
Not Empty
Empty
min = 799909048
Not Empty
min = 51010868
Not Full
Not Full
Not Full
Not Empty
Not Full
Not Full
Not Full
Empty
Not Empty
min = 782166518
min = 313817158
Not Full
Not Full
Not Full
min = 361612948
Not Full
min = 375829413
Not Full
Not Full
Not Full
min = 927140015
Not Empty
min = 235572952
Not Full
Not Full
Not Empty
Not Full
min = 552733616
Not Empty
Not Empty
Not Full
min = 166534644
min = 1181738571
Not Full
min = 34986332
min = 1343334608
Not Empty
Not Full
Not Full
Not Empty
Not Full
Not Full
Not Empty
min = 359995111
Not Empty
min = 654119492
Not Full
min = 512996255
min = 1100943092
Not Full
Not Empty
min = 7903410
min = 1542238485
Not Empty
min = 1503501316
Not Full
Not Full
Not Full
Not Full
Not Full
Not Full
Not Empty
Not Empty
Not Empty
Not Empty
min = 910294447
Not Empty
Not Empty
Not Full
Not Empty
Not Full
min = 21540826
Not Full
Not Full
Not Full
Not Full
Not Full
min = 301562780
Not Full
Not Empty
min = 58699461
Not Full
Not Empty
Not Full
min = 1628046430
Not Full
Not Full
Not Empty
Not Empty
Not Full
Not Full
Not Full
min = 87556623
Not Empty
Not Full
Not Full
Not Full
Not Empty
Not Full
Not Empty
Not Empty
Not Full
Not Empty
Not Full
min = 220133545
Not Full
Not Empty
Not Empty
min = 485683484
Not Empty
Not Empty
min = 335006877
Not Empty
Not Empty
Not Empty
Not Empty
Not Full
Not Empty
Not Empty
Not Full
Not Empty
min = 20473057
Not Empty
Not Empty
Not Empty
Not Full
Not Empty
min = 114662723
Not Full
min = 155853275
Not Empty
Not Empty
Not Full
Not Empty
Not Full
Not Full
Empty
Not Empty
Not Empty
min = 213986687
min = 15623080
Not Full
Not Full
Not Full
Empty
Not Empty
Not Full
Empty
Not Full
Not Full
Not Full
Not Empty
Not Full
Not Full
min = 123179757
Not Empty
min = 1277743412
Not Full
Not Empty
Not Full
Not Empty
Not Full
Not Empty
Not Full
min = 245161280
Not Full
Not Empty
Not Full
Not Full
Not Empty
Not Full
min = 187569029
Not Empty
min = 110402819
min = 99835404
min = 89373827
Not Full
Not Full
Not Empty
Not Full
min = 139410762
min = 235426559
Not Full
Not Empty
Not Empty
Not Empty
Not Empty
Not Full
Not Empty
Not Empty
Not Empty
Not Empty
Not Full
Not Empty
Not Empty
Not Empty
Not Empty
Not Empty
Not Full
Not Full
Not Empty
Not Empty
Not Full
Not Empty
Not Full
Not Empty
Not Empty
Not Empty
Not Empty
Not Full
min = 20112194
Not Full
Not Empty
Not Full
Not Empty
Not Full
min = 11408684
min = 276859918
Not Full
Not Empty
min = 111043722
Not Empty
Not Empty
Not Full
Not Full
Not Full
Not Empty
Not Full
Not Full
Not Empty
Not Full
Not Full
min = 134720677
Not Empty
Not Empty
Not Full
min = 40251696
Not Empty
Not Empty
Not Full
Not Empty
Not Full
Not Empty
Not Empty
Not Empty
Not Full
Not Full
Not Full
Empty
Not Full
min = 5284722
Not Empty
Not Full
Not Empty
Not Full
Not Full
Not Full
Not Empty
Not Empty
Not Full
min = 23047991
Not Empty
Not Empty
Not Full
Not Empty
Not Empty
min = 120109944
Not Empty
Not Empty
Not Full
Not Empty
Not Full
Not Empty
Not Empty
Not Full
min = 23715396
Not Empty
min = 153498631
Not Full
Not Full
Not Full
Not Empty
Not Full
min = 21471028
min = 24428745
Not Full
Not Full
Not Full
Not Full
Not Full
min = 24587930
Not Empty
Not Full
Not Empty
Not Full
Not Full
Not Empty
Not Full
Not Full
Not Full
Not Full
Not Empty
Not Full
Not Empty
Not Empty
Not Full
min = 125722752
Not Empty
min = 7117108
Not Empty
Not Empty
Not Empty
Not Full
Not Empty
Not Empty
Not Empty
min = 147177552
Not Empty
Not Empty
min = 32205041
min = 56591359
Not Full
min = 57961244
Not Full
Not Empty
Not Full
Not Full
Not Full
Not Full
Not Full
min = 284754813
Not Full
min = 57207140
Not Full
Not Full
Not Empty
Not Full
Not Full
Not Full
min = 315104598
min = 140970634
min = 59653700
Not Empty
Not Full
Not Empty
min = 63612923
Not Full
Not Full
Not Full
Not Empty
Not Full
Not Full
Not Full
Not Full
min = 715769161
Not Empty
Not Full
Not Empty
Not Full
Not Full
Not Full
Not Empty
min = 304442315
min = 52364284
min = 325015797
Not Empty
Not Full
Not Empty
Not Full
min = 10618430
Not Full
Not Empty
Not Full
Not Full
Not Empty
min = 3139549
Not Empty
Not Full
Not Full
Not Empty
Not Empty
Not Full
Not Full
Not Full
Not Empty
Not Empty
min = 540222501
Not Empty
Not Empty
min = 596001824
Not Full
Not Full
Not Empty
Not Empty
Not Full
Not Full
Not Full
min = 75144428
min = 910417706
Not Full
Not Full
Not Full
Not Full
Not Full
Not Empty
min = 1882926763
Empty
Not Full
min = 72425325
Not Empty
Not Full
Not Full
min = 159094630
Not Full
Not Empty
Not Full
Not Full
Not Empty
min = 872792
Not Empty
Not Full
Not Full
Not Full
Not Full
Not Empty
min = 16604883
Not Empty
Not Empty
Not Full
Not Empty
Not Full
Not Full
min = 61723666
Not Empty
Not Empty
Not Empty
Not Empty
Empty
Not Full
Not Empty
Not Full
Not Empty
Not Empty
min = 100216533
Not Full
Not Empty
Not Empty
Not Full
Not Full
Not Full
Not Full
Not Full
Not Full
Not Empty
Not Empty
Not Full
Not Full
Not Full
Not Full
Not Empty
Not Full
Not Full
Not Empty
Not Empty
Not Empty
Not Full
Not Full
min = 3991478
Not Empty
min = 72810774
Not Full
Not Full
Not Empty
Not Empty
min = 424358037
Not Empty
min = 86896313
min = 105331129
Not Full
Not Full
Not Empty
min = 206494685
min = 304251804
Not Full
Not Empty
Not Full
Not Empty
Not Full
min = 227618362
Not Empty
min = 61810761
Not Empty
Not Full
Not Empty
Not Full
Not Empty
Empty
min = 557636757
Not Full
Not Full
Not Empty
Not Empty
Not Empty
Not Empty
Not Empty
Not Empty
Not Full
Not Full
Not Empty
Not Full
Not Full
Not Full
Not Full
Not Full
Not Empty
Not Empty
Not Full
min = 39821747
Not Empty
Not Empty
Not Empty
min = 13474787
Not Empty
Not Empty
Not Full
min = 382795074
Not Empty
Not Empty
Not Empty
Not Full
min = 1453441330
Not Empty
Not Empty
Not Empty
Not Full
Not Empty
Not Empty
Not Full
Not Empty
Not Empty
Not Empty
Not Empty
Not Empty
Not Empty
min = 76705071
Not Empty
Not Empty
Not Full
Not Empty
Not Full
Not Full
Not Full
Not Full
min = 40753317
Not Full
Not Full
Not Empty
Not Full
Not Empty
min = 258652087
min = 504031043
Not Empty
Not Full
Not Full
Not Empty
min = 916444288
min = 1636337934
Not Full
Not Empty
Not Full
Not Empty
Not Full
Not Full
Not Full
Not Full
Not Empty
Not Empty
Not Full
Not Empty
Not Full
Not Full
Not Full
Not Full
Not Full
Not Empty
min = 608284233
min = 341644386
Not Empty
Not Empty
Not Full
Empty
Not Empty
Not Full
Not Empty
min = 67215453
Not Full
Not Full
Not Full
Not Full
Not Full
min = 77364904
Not Full
min = 235448768
min = 59245659
Not Full
min = 1315562864
Not Full
Not Empty
Not Full
Not Full
Not Full
Not Full
Not Full
Not Full
Not Full
Not Empty
Not Full
Not Full
Not Empty
Not Empty
Not Empty
min = 174506611
Not Empty
Not Empty
Not Full
Not Full
Not Full
Not Empty
Not Empty
min = 508082436
Not Full
Not Empty
Not Full
Not Full
Not Full
min = 483462513
Not Empty
Not Full
Not Full
min = 43366825
Not Empty
Not Empty
Not Empty
Not Full
Not Full
Not Empty
Not Empty
Not Empty
Not Empty
min = 28138228
Not Full
Not Empty
Not Full
Not Full
Not Empty
min = 93567284
Not Full
Not Full
Not Empty
min = 589662240
Not Empty
min = 35040005
Not Empty
min = 50781511
Not Empty
min = 653356403
Not Empty
Not Full
Not Empty
Not Empty
Not Empty
Not Full
Not Empty
Not Empty
Not Full
Not Empty
min = 972650317
Not Empty
Not Empty
Not Full
Not Full
Not Empty
Not Empty
Not Full
Not Empty
min = 45588199
Not Full
Empty
Not Empty
Not Full
Not Full
Not Full
Not Empty
Not Full
Not Full
Not Full
Not Empty
Not Empty
Not Full
Not Full
Not Empty
min = 81776956
min = 63074263
Not Empty
min = 6444258
Not Empty
Empty
min = 377208645
min = 218607767
Not Full
Not Empty
min = 412995853
Not Empty
Not Full
Not Full
Not Empty
Not Empty
Not Full
Not Full
Not Full
Not Empty
Not Full
Not Empty
Not Full
Not Empty
min = 66230628
Not Empty
Not Empty
Not Empty
Not Full
min = 94447838
Not Empty
Not Empty
Not Full
min = 102985663
Not Empty
Not Full
Not Empty
Not Full
Not Empty
Not Full
Not Empty
Not Empty
Full
Not Full
min = 1110978057
Not Full
Not Full
min = 1168144206
Not Empty
min = 202943252
Not Full
Not Empty
Not Full
Not Empty
Not Full
Not Full
Not Full
Not Full
Not Empty
Not Full
Not Full
Not Full
Not Full
min = 1490149372
Not Empty
Not Full
min = 106790922
Not Full
Not Full
Not Empty
min = 3868410
min = 232459183
Not Full
Not Empty
Not Empty
Not Empty
Not Full
min = 535015121
Empty
Not Full
Not Empty
min = 524809348
Not Empty
Not Empty
Not Full
Empty
Not Empty
Not Full
Not Empty
Not Full
Not Full
min = 141944595
Not Full
Not Full
Not Empty
Not Empty
Not Empty
Not Empty
Not Empty
Not Empty
min = 604078792
Not Full
min = 161623722
Not Full
Not Empty
min = 1285605006
Not Full
Not Empty
min = 658456000
Not Empty
min = 220819559
Not Full
Not Empty
min = 38759576
Not Empty
Not Empty
Not Empty
min = 206796153
Not Full
Not Empty
Not Full
Not Full
min = 185905309
min = 68499726
Not Full
Not Empty
min = 258010032
Not Empty
Not Full
Not Full
Not Full
Not Full
Not Full
Not Full
Not Full
Not Empty
Not Empty
Not Full
Not Full
Not Empty
Not Empty
Not Full
Not Empty
Not Full
Not Full
Not Empty
min = 3282498
Not Empty
min = 58078850
Not Full
Not Empty
Not Empty
Not Empty
Not Full
Not Full
min = 200133125
Not Empty
min = 107891290
Not Full
Not Full
Not Empty
Not Empty
Not Empty
Not Empty
Not Empty
Not Full
Not Full
Not Empty
Not Full
Not Full
Not Full
Not Full
min = 11495834
min = 151544761
Not Full
Not Full
Not Full
Not Empty
Not Empty
Not Empty
Not Empty
min = 220025061
Not Full
Not Empty
Not Empty
Not Full
Not Full
Not Full
Not Empty
Not Empty
Not Full
Not Empty
Not Full
min = 337117404
Not Empty
Not Full
Not Full
Not Full
min = 135521985
Not Empty
Not Full
Not Full
Not Empty
Not Full
Not Empty
Not Full
Not Full
min = 187207156
Not Empty
Not Empty
min = 70573771
Not Empty
Not Full
Not Empty
Not Full
Not Empty
Not Full
Not Empty
min = 284802788
Not Full
min = 228634945
Not Full
Not Empty
Not Full
min = 143229902
min = 793592985
Not Empty
Not Full
Not Empty
Not Full
min = 23963664
Not Full
Not Empty
Not Empty
Not Full
min = 25315951
Not Full
Not Full
min = 193787683
min = 47996635
Not Empty
Not Full
Not Full
Not Empty
Not Full
Not Full
Not Full
min = 48522367
Not Full
Not Full
min = 25815158
Not Empty
Not Full
Not Full
Not Empty
min = 1226486938
Not Full
Not Full
min = 138226182
Not Full
min = 103923001
min = 79839579
Not Empty
Not Empty
Not Empty
Not Empty
Not Empty
Not Full
min = 982801997
Not Empty
Not Full
Not Empty
Not Empty
min = 93521551
Not Empty
Not Empty
Not Full
Not Full
Not Full
Not Full
Not Empty
Not Full
Not Empty
Not Full
Not Full
min = 539196192
Not Full
Not Full
Not Empty
Empty
Not Full
Not Empty
Not Empty
Not Full
Not Empty
Not Full
min = 64615074
Not Empty
Not Empty
Not Full
min = 220182657
Not Empty
Not Empty
Not Full
Not Full
Not Empty
min = 677041562
Not Full
min = 122230031
Not Empty
Not Full
Not Empty
min = 301184393
Not Empty
min = 145692132
Not Full
Not Empty
Not Full
min = 935341991
Not Empty
Not Full
Not Full
Not Full
Not Empty
Not Empty
Not Empty
Not Empty
Not Full
min = 48062154
Not Empty
Not Empty
Not Full
Not Full
Not Full
Not Empty
Not Empty
Empty
Not Empty
Not Full
Not Empty
Not Full
Not Empty
min = 1315493
Not Full
Not Empty
Not Empty
Not Empty
Not Full
Not Full
min = 88598595
min = 236726737
Not Empty
Not Empty
Not Empty
Not Empty
Empty
min = 23557032
Not Full
Not Full
Empty
min = 46013486
min = 18321268
Not Full
min = 9619397
min = 182712305
Not Empty
Not Full
Not Full
Not Empty
Not Full
Not Empty
Not Empty
Not Empty
min = 22625030
Not Empty
min = 577428026
Not Full
Not Full
Not Empty
Not Empty
Not Full
Not Empty
Not Full
Not Empty
Not Full
Not Full
Not Empty
Not Full
min = 79328453
Not Empty
Not Full
Not Empty
Not Empty
Not Full
Empty
Not Full
Not Full
Not Empty
Not Empty
Not Empty
Not Empty
Not Empty
Not Empty
Not Full
Not Empty
Not Full
Not Empty
Empty
Not Empty
Empty
Not Empty
Not Full
min = 328490703
Not Full
Not Empty
Not Full
min = 8888260
Not Empty
Not Empty
Not Empty
Not Empty
min = 529141832
Not Full
Not Full
Not Empty
min = 545355366
Not Full
Not Full
min = 13106086
Not Empty
Not Full
Not Empty
Not Full
Not Empty
Not Empty
Not Full
Not Full
Not Empty
Not Empty
Not Full
Not Full
Not Full
Not Full
min = 62492110
Not Empty
Not Empty
min = 118414732
min = 27164553
Not Empty
Not Full
Not Empty
Not Full
Not Full
Not Full
Not Empty
Not Full
Empty
Not Full
min = 13708377
Not Empty
min = 359386711
Not Full
Not Full
Not Full
Not Empty
Not Empty
Not Full
Not Full
Not Empty
Not Full
min = 131756421
Not Empty
Not Full
Not Full
min = 80608658
Not Empty
Not Empty
Not Full
min = 73709861
Not Empty
Not Full
Not Empty
Not Full
min = 288353536
Not Full
Not Empty
Not Full
Not Full
Not Full
Not Empty
min = 27166578
Not Empty
Not Full
Not Empty
Not Full
Not Empty
min = 173315998
Not Empty
Empty
Empty
Not Empty
min = 43555537
Not Empty
min = 61896792
min = 31430302
Not Empty
min = 37044268
min = 81217010
min = 62652990
Not Full
Empty
Not Empty
Not Full
min = 68698306
min = 120555769
Not Empty
Not Full
Not Full
Not Full
Not Full
Not Full
Not Full
Not Empty
min = 114967134
Not Full
min = 293958
Not Empty
Not Full
Not Empty
Not Full
Not Empty
Not Empty
Not Full
Not Empty
Not Full
Not Empty
Not Full
Not Full
Not Empty
min = 618532395
Not Full
Not Full
Not Empty
min = 382324351
min = 541608053
Empty
Not Full
Not Empty
Not Full
Not Empty
Not Full
Not Empty
Empty
Not Full
min = 190368244
min = 232638441
Not Full
Not Full
Not Full
Not Empty
Not Empty
min = 695731275
Not Full
Not Empty
Not Full
Not Empty
Not Empty
Not Full
Not Full
Not Empty
Not Full
Not Full
Not Full
min = 103827456
min = 23954069
Not Full
Not Full
min = 21301874
Not Full
Not Full
Not Full
Not Empty
Not Full
Not Empty
Not Full
Not Empty
Not Empty
Not Full
Not Full
Not Full
Not Empty
Not Empty
Not Empty
min = 97789407
Not Full
Not Full
min = 428013594
Not Empty
Not Empty
Not Empty
Empty
Not Full
Not Full
min = 148076065
min = 87129480
Not Empty
Not Full
Empty
Not Full
Not Full
Not Empty
Not Empty
Not Empty
Not Empty
Not Empty
Not Empty
Not Full
Not Empty
min = 155912483
Not Empty
Not Empty
Not Empty
Not Full
Not Empty
Not Full
min = 177700009
Not Full
Not Full
Not Full
Not Empty
Not Full
Not Empty
Not Empty
min = 143668944
Not Empty
min = 133838394
Not Empty
min = 23926024
Not Full
Not Empty
Not Empty
min = 269160289
Not Full
Not Full
Not Full
Not Full
Not Full
Not Empty
min = 47735530
Not Empty
Not Full
Not Empty
Not Full
Not Empty
Not Full
Not Empty
Not Empty
Not Empty
Not Full
Not Full
Not Empty
Empty
Not Full
Not Full
Not Empty
Not Full
Not Full
Not Full
Not Empty
Not Full
Not Empty
Not Full
min = 99751109
Not Empty
Not Full
Not Empty
Not Full
min = 5752570
Not Empty
min = 53033029
Not Full
Not Full
min = 66311662
Not Full
Not Empty
Not Empty
Not Empty
Not Empty
Not Full
Not Full
min = 137303687
Not Full
min = 742113957
Not Full
min = 1388629
Not Empty
Not Empty
Not Full
Not Full
Not Empty
Not Full
Not Empty
Not Empty
Not Full
Not Full
Not Full
Not Full
min = 1722099256
Not Empty
Not Full
Not Full
min = 51119291
min = 1936512782
min = 61052584
Not Full
Empty
min = 81152982
Not Full
min = 191846776
min = 467000486
Not Empty
Not Full
Not Empty
Not Empty
Not Full
Not Empty
Not Empty
min = 2328750
Not Full
Not Full
Not Full
min = 50144100
Empty
Not Empty
Not Empty
Not Full
Not Full
Not Full
Not Full
Not Full
Not Full
Not Empty
min = 85300902
Not Empty
Not Full
Not Empty
min = 85401342
Not Empty
min = 691306662
Not Full
min = 100507429
Not Full
min = 364786635
Not Full
min = 709537971
Not Empty
Not Full
min = 17846071
Not Empty
min = 990464669
Not Full
Not Full
Not Full
Not Full
Not Full
min = 42464483
Not Empty
Not Empty
Not Full
Not Empty
Not Full
Not Full
Not Full
Not Empty
Not Empty
min = 56138295
Not Full
Not Full
min = 56118542
Not Empty
Not Full
Not Full
Not Empty
Empty
Not Full
Not Full
Not Full
Not Full
Not Full
Not Full
Not Full
Not Empty
min = 600708596
min = 163579571
min = 553540286
min = 213644664
Not Full
Not Full
Not Full
Not Empty
min = 202820415
Empty
Not Empty
Not Full
Not Full
Not Full
Not Full
min = 219711113
Not Empty
Not Empty
Not Empty
Not Empty
min = 1053907991
min = 256288662
Not Empty
Not Empty
Not Empty
Not Full
Not Full
Not Full
min = 13307117
Not Full
Not Empty
Not Full
Not Empty
Not Full
Not Empty
Not Full
Not Empty
Not Empty
Not Full
min = 243812822
Not Empty
Not Full
Not Empty
Not Full
Empty
Not Full
Not Full
Not Empty
Not Full
Not Empty
Not Full
Not Empty
Not Empty
Not Full
Not Full
Not Full
Not Empty
Not Empty
Not Empty
Not Full
min = 365720756
Not Full
min = 553833857
Not Full
Not Full
Not Empty
Not Empty
Not Empty
min = 332173208
Not Empty
Not Empty
Not Full
min = 1446765501
Not Empty
min = 241470158
Not Empty
min = 750849482
Not Full
Not Full
Not Empty
Not Full
Not Empty
Not Full
Not Full
Not Full
Not Full
Not Full
Not Full
Not Empty
Not Empty
Not Full
Not Full
Not Empty
Not Full
Not Empty
min = 190143849
Not Empty
Not Full
Not Empty
Not Full
Not Full
Not Empty
Not Empty
Empty
Not Empty
Empty
Not Empty
Not Full
Not Full
Not Empty
min = 189076063
Not Empty
Not Full
Not Full
Not Full
Not Full
min = 14482223
min = 14121077
Not Full
min = 28000967
Not Empty
Not Empty
Not Full
Not Empty
Not Empty
Not Empty
Not Full
Not Full
Not Empty
Not Empty
min = 121432574
min = 77966524
Not Full
min = 50500795
Not Empty
min = 687054809
min = 340656916
Not Empty
Not Full
Not Full
Not Empty
Not Empty
Not Full
min = 354055528
Not Empty
Not Empty
Not Empty
Not Empty
min = 322478544
Not Empty
Not Empty
Not Full
Not Full
Not Empty
min = 18323504
min = 660483506
Not Empty
min = 240388160
Not Empty
Not Full
Not Full
min = 188443554
Not Full
Not Empty
Not Empty
Not Empty
min = 320546079
Not Empty
Not Full
Not Full
Not Empty
min = 419745703
Not Full
Not Full
Not Full
Not Full
Not Empty
min = 841994919
Not Empty
Not Full
min = 10999383
min = 55542421
min = 214606670
Not Full
Not Empty
Not Empty
Empty
Not Full
Not Empty
min = 300689773
Not Empty
min = 1667200106
min = 239170428
Not Empty
Not Full
Not Empty
Not Empty
Not Empty
Not Empty
Not Full
Not Full
Not Full
min = 301750726
Not Empty
Not Full
Not Full
Not Full
Not Empty
Not Full
Not Empty
Not Full
Not Full
Not Empty
Not Empty
Not Full
Not Full
Not Empty
Not Full
min = 103115731
Not Full
Not Empty
Not Full
Not Full
Not Empty
min = 342254428
Not Full
Not Full
Not Full
Not Full
Not Empty
min = 103171995
Not Empty
Not Full
Not Empty
Not Empty
Not Full
Not Full
Not Full
Not Full
Not Full
Not Full
Not Empty
Not Full
min = 594395912
min = 583476689
min = 153645626
min = 1012352139
min = 183052552
min = 211163428
Not Full
Not Full
Not Full
Not Full
min = 1007548312
Not Empty
Not Empty
Not Empty
Not Empty
Not Empty
Empty
min = 355387058
Not Full
Not Full
min = 262784068
min = 13275787
Not Empty
Not Full
Not Full
Not Empty
min = 706615941
Not Full
min = 371755507
Not Full
Not Full
Not Empty
Not Full
Not Full
Not Full
Not Full
min = 2020882
Empty
Not Empty
Not Full
Not Full
min = 246591178
min = 42764431
Not Empty
Not Full
Not Full
Not Empty
Not Empty
Not Empty
Not Empty
Not Full
Not Full
Not Full
Not Empty
min = 143444825
Not Empty
min = 1215292833
Not Empty
min = 199453913
Not Full
Not Empty
Not Empty
Not Full
Not Full
min = 540925480
Not Full
Not Full
Not Empty
Not Empty
Not Empty
Not Full
Not Empty
Not Full
Not Empty
Not Full
Not Empty
Not Empty
min = 18302089
Not Full
Not Empty
Not Empty
Not Empty
Not Full
Not Full
Not Full
min = 58100376
Not Full
Not Empty
Not Empty
Not Empty
Not Empty
Not Empty
Not Full
Not Full
min = 66357966
Not Full
Not Empty
Not Empty
min = 364919079
Not Empty
Not Full
min = 89356449
Not Empty
min = 271101075
Not Full
Not Empty
Not Empty
Not Full
Not Empty
min = 24910184
Not Full
min = 138690398
Not Full
Not Full
Not Empty
Not Empty
Not Full
Not Empty
Not Empty
Not Full
Not Full
Not Empty
min = 565159426
Not Full
Not Empty
min = 3881738
Not Empty
Not Full
Not Empty
min = 18859000
Not Empty
min = 38161104
Not Empty
Not Full
Not Full
min = 1488039654
Not Full
Not Full
Not Empty
Not Empty
Not Empty
Not Full
Not Full
Not Full
min = 19032260
Not Empty
Not Full
min = 534177495
min = 672158728
Not Full
Not Full
Not Empty
Not Full
Not Full
min = 362812222
Not Empty
Not Empty
Not Empty
Not Empty
Not Empty
Not Empty
Not Full
Not Full
min = 2033940437
Not Empty
min = 347669011
min = 102430583
Not Empty
Not Full
Not Full
Not Empty
Not Empty
Not Full
Not Full
Not Empty
Not Empty
Not Full
Not Empty
Not Full
Not Empty
Not Full
min = 322350076
Not Empty
Not Empty
min = 333279053
Not Empty
Not Full
min = 32798284
Not Empty
Not Empty
Not Empty
Not Full
Not Empty
min = 81768973
min = 614609918
Not Full
Not Empty
Not Empty
min = 141457947
min = 218613337
min = 1040262671
Not Empty
Not Empty
Not Empty
Not Full
min = 93893267
Not Empty
min = 166861567
min = 4643047
Not Empty
Not Full
Not Empty
Not Empty
Not Full
Not Full
Not Full
Not Full
Not Empty
Not Full
Not Full
Not Empty
min = 83026059
Not Empty
min = 87052095
Not Full
Not Full
Not Empty
Not Full
min = 244893482
Not Full
Not Full
Not Full
Not Empty
Not Full
Not Full
Not Full
Not Empty
Not Empty
Not Empty
Not Empty
Not Empty
Not Full
Not Full
min = 350514244
Not Full
Not Full
Not Empty
Not Empty
min = 552000972
Not Empty
min = 175669533
Not Full
Not Full
Not Empty
Not Empty
Empty
Not Empty
min = 5168732
Not Full
Not Empty
Not Full
Not Empty
Not Full
min = 45265570
Not Full
Not Empty
Not Empty
Not Empty
Not Empty
Not Full
Not Empty
Not Full
Not Full
Not Empty
Not Empty
Not Full
Not Full
Not Full
min = 1120621928
Not Empty
Not Empty
Not Full
Not Full
Not Empty
Not Full
Not Full
min = 24995709
min = 1758922462
min = 198153744
Not Empty
Not Empty
Not Empty
Not Empty
Not Empty
Not Empty
Not Full
Empty
Not Full
Not Empty
Not Empty
Not Full
Not Full
Not Empty
Not Full
Not Full
Not Full
Not Empty
Not Empty
Not Full
Not Empty
Not Empty
Not Empty
Not Full
Not Full
Not Empty
Not Empty
min = 30024129
min = 226015652
min = 11941
Not Empty
min = 1860427
Not Empty
min = 1727535520
Not Empty
Not Empty
Not Full
Not Empty
min = 466703773
Not Full
Not Full
min = 342463651
Not Empty
Not Empty
Not Full
Not Empty
Not Full
Not Full
Not Empty
min = 543418762
min = 1302998518
Not Empty
Not Full
Not Full
Not Empty
Not Empty
min = 474380469
Not Empty
Not Full
Not Full
min = 79384013
Not Empty
Not Full
Not Full
min = 169774054
Not Full
Not Empty
Not Empty
min = 53305083
Not Full
Not Empty
Not Full
Not Empty
Not Full
Not Full
Not Empty
Not Empty
Not Full
Not Full
Not Full
Not Full
Not Full
Not Full
Not Full
min = 16220202
Not Full
min = 2349165
min = 8595347
Not Full
Not Empty
min = 34426646
Not Full
Not Empty
Not Full
min = 1977044
Not Empty
Not Full
Not Full
min = 52467164
Not Empty
Not Full
Not Empty
Not Empty
min = 87847168
min = 57366204
Not Full
min = 241785608
Not Empty
Not Full
Not Empty
Not Full
Not Empty
Not Empty
Not Empty
Not Full
Not Empty
min = 426610248
Not Full
Not Empty
Not Full
Not Full
Not Full
min = 272052584
min = 148896326
Not Empty
Not Empty
min = 78042659
Not Full
Not Empty
min = 145810586
Not Full
Not Full
Not Full
min = 389570928
Not Full
Not Full
min = 189642049
min = 875970264
Not Full
Not Full
min = 949226846
Not Full
Not Empty
Not Full
Not Full
Not Empty
min = 52735212
Not Empty
Not Full
min = 65973096
Not Full
Not Full
Not Empty
Not Empty
Not Empty
Not Full
min = 127239230
Not Full
Not Empty
Not Empty
Not Full
Not Full
Not Full
Not Empty
Not Full
Not Full
min = 86730841
Not Full
Not Empty
Not Full
Empty
Not Full
min = 52474627
Not Full
Not Full
Not Full
Not Empty
min = 191409953
Not Empty
Not Empty
Not Full
Not Empty
Not Full
Not Full
Not Empty
Not Full
Not Empty
Not Empty
Not Full
Not Empty
min = 154191990
Not Full
min = 40444058
Not Empty
Not Empty
Not Full
Empty
Not Empty
min = 125705933
Not Full
Not Empty
Not Full
Not Empty
Not Full
Not Full
Not Full
Not Empty
Not Empty
Not Empty
Not Full
Not Full
Not Full
Not Full
Not Full
min = 532742317
Not Full
Not Full
Not Empty
Not Empty
Not Full
Not Full
Not Empty
min = 514749366
Not Full
Not Empty
Empty
min = 24699834
Not Full
Not Empty
Not Empty
Not Empty
Not Full
Not Empty
Not Full
Not Empty
min = 153967654
Not Full
Not Full
Not Full
Not Empty
Not Full
Not Full
Not Full
min = 419271204
Not Full
Not Full
Not Full
min = 695604019
min = 762542209
min = 315912422
Not Full
min = 24002690
Not Full
min = 582788116
Not Empty
Not Empty
Not Empty
Not Full
Not Empty
min = 383874034
Not Empty
Not Full
Not Empty
min = 117404426
Not Empty
Not Empty
Not Empty
Not Full
Not Full
Not Empty
Not Full
min = 243901537
Not Full
min = 203176404
Not Full
min = 14463091
Not Full
Not Empty
Not Empty
Not Empty
Not Empty
min = 96295483
Not Full
Not Full
Not Empty
Not Full
Not Full
Not Full
Not Full
Not Empty
Not Full
Not Empty
Not Full
Not Full
Not Empty
Not Empty
Not Empty
min = 60400433
Not Empty
Not Empty
Not Empty
Not Empty
Not Full
min = 20092579
min = 219537420
min = 71301327
min = 123740533
Not Full
Not Empty
min = 143334765
Not Full
Not Empty
Not Empty
Not Full
Not Full
Not Full
Not Empty
Not Full
Not Full
Not Full
Not Full
min = 234787929
Not Empty
Not Empty
Not Full
Not Full
min = 100500499
Not Empty
Not Full
Not Full
Not Empty
Not Empty
Not Full
Not Full
Not Empty
Not Full
min = 29267300
Not Full
Not Empty
Not Empty
Not Empty
Not Full
Not Full
min = 110014803
Not Full
Not Full
Not Empty
Not Full
min = 31847032
Not Empty
Not Empty
Not Full
Not Full
min = 84635315
Not Empty
Not Empty
Not Full
Not Empty
Not Full
min = 181002965
Not Empty
Not Empty
Not Full
min = 880782883
Not Empty
Not Full
Not Empty
Not Empty
Not Empty
min = 347030385
Not Empty
Not Full
Not Full
Not Full
Not Full
Not Empty
Not Empty
Not Full
Not Empty
Not Full
Not Empty
Not Full
Not Empty
Not Full
Not Full
Not Empty
Not Full
Not Empty
Not Empty
Not Empty
Not Full
min = 164285985
Not Full
min = 277298261
Not Empty
Not Empty
Not Empty
Not Full
Not Full
Not Empty
Not Full
min = 256812560
min = 540652737
min = 732849766
Empty
Not Empty
Not Empty
Not Full
Not Full
Not Empty
Not Empty
Not Full
min = 15295115
Not Empty
Not Full
Not Empty
Not Empty
Not Empty
Not Full
min = 553583092
min = 863613695
Not Full
Not Empty
Not Full
Not Full
min = 37854539
Not Full
Not Empty
Not Full
Not Full
Not Empty
Not Empty
min = 101729827
Not Empty
Not Full
min = 826085317
Not Empty
Not Full
Not Empty
Not Empty
Not Full
Not Full
Not Full
Not Full
Not Empty
Not Empty
Not Empty
Not Empty
Not Full
Not Empty
min = 1362504405
Empty
Not Empty
Not Full
min = 98903641
min = 166609815
Empty
Not Full
Not Full
Empty
Not Full
Not Full
min = 39127875
Empty
Not Full
Not Full
Not Full
Not Full
Not Empty
Not Full
Not Full
Not Empty
Not Full
Not Empty
min = 2029761859
Not Empty
Empty
min = 21929689
Not Full
Not Empty
Not Empty
Not Full
min = 101461731
Not Empty
Not Empty
Not Empty
Not Full
Not Empty
Not Full
Not Full
Not Full
Not Empty
min = 251341949
Not Full
min = 42133686
min = 118153598
min = 85152312
Not Full
Not Full
Not Empty
Not Full
Not Full
Not Full
Not Full
Not Empty
Not Empty
min = 60625117
Not Empty
Not Empty
Not Empty
Not Empty
Not Empty
Not Full
Not Empty
Not Full
min = 744656462
Not Empty
Not Empty
Not Empty
Not Full
Not Empty
Not Empty
Not Full
Not Empty
Not Full
Not Empty
Not Full
Not Full
Not Empty
Not Full
min = 227453562
Not Full
Not Full
Not Full
Not Full
Not Empty
Not Full
Not Full
min = 48198166
Empty
Not Full
Not Empty
min = 477144961
Not Full
Not Full
min = 54290809
Not Empty
Not Empty
Not Empty
Not Empty
Not Full
Not Empty
Not Empty
Not Empty
Not Empty
Not Full
Not Empty
min = 165626573
Not Empty
Not Empty
Not Empty
Not Empty
Not Empty
Not Full
Not Full
Not Empty
min = 552187570
Not Empty
min = 7547102
min = 445323886
Not Full
Not Empty
Not Full
Not Empty
Not Empty
Not Full
Not Full
min = 690271336
Not Empty
Not Empty
Not Empty
Not Full
Not Full
Not Full
Not Full
min = 51058838
Not Empty
Not Empty
min = 63670366
Not Full
Not Full
Not Empty
Not Full
Not Empty
Not Full
min = 78347539
min = 111041983
min = 413927610
Not Empty
Not Empty
Not Empty
Not Full
min = 13969753
Not Full
Not Empty
Not Full
Not Empty
Not Empty
Not Full
Not Empty
Not Empty
Not Empty
min = 293000439
Not Empty
min = 216051540
min = 215462329
Not Full
Not Empty
Not Empty
Not Empty
Not Full
Not Full
Not Empty
Not Full
Not Empty
Not Empty
Not Empty
Not Empty
Not Full
Empty
Not Full
Not Empty
min = 523904328
Not Full
Empty
Not Full
Not Full
Empty
Not Full
Not Full
Not Empty
Not Full
Not Full
Not Empty
Not Empty
Not Full
Not Empty
Not Empty
Not Empty
min = 132056951
Not Full
Not Full
Not Full
Not Full
Not Empty
Not Full
Not Empty
min = 112970182
Not Empty
min = 264036724
Not Full
min = 133225288
Not Full
Not Full
Empty
Not Full
Not Full
Not Empty
Not Empty
min = 23861139
Not Full
min = 161198956
Empty
Not Empty
Not Full
Not Empty
Not Empty
Empty
min = 85281177
Not Full
min = 682898739
Not Full
Not Full
Not Full
Not Full
Not Full
Not Empty
Not Empty
Not Full
Not Full
Not Full
Not Empty
Not Full
Not Empty
Not Empty
Not Full
Not Empty
Not Empty
Not Full
Not Full
Not Full
Not Full
min = 1531220240
Not Empty
Not Empty
Not Empty
Not Full
Not Full
Not Full
Not Full
Not Full
Not Full
min = 227702319
Not Full
Not Full
Not Empty
Not Empty
Not Full
Not Empty
Not Empty
Not Empty
Not Full
Empty
Not Empty
Empty
Not Full
Empty
Not Empty
Not Empty
Empty
Not Empty
Not Empty
Not Empty
Not Empty
min = 60511606
Not Full
Not Empty
Not Empty
Not Full
Not Full
min = 33964701
Not Full
Not Empty
Not Empty
Not Full
Not Full
Not Empty
Not Empty
Not Full
min = 104011100
Not Full
Not Empty
Not Full
Not Empty
Not Empty
Not Full
min = 171363973
Not Empty
Not Empty
Not Empty
min = 46477440
Not Full
min = 91129538
Not Empty
Not Full
Not Empty
Not Empty
Not Empty
Not Empty
Not Full
Not Full
Not Empty
Not Empty
min = 91713760
Not Full
Not Empty
min = 817209606
Not Empty
Not Full
Not Full
Not Full
Not Full
Not Full
Not Full
min = 206608239
Not Empty
Not Empty
Not Full
Not Empty
Not Full
Not Empty
Not Full
min = 46579565
Not Empty
Not Full
Not Empty
Not Full
Not Full
Not Full
min = 60480392
Not Full
Not Full
min = 98139042
Not Empty
Not Empty
min = 106883493
Not Full
Not Empty
Not Empty
Not Full
min = 11697114
Not Empty
min = 247094174
min = 106378371
Not Full
min = 172073092
Not Full
Not Empty
Not Empty
Not Empty
Not Full
Not Empty
Not Full
Not Full
Not Empty
Not Full
Not Empty
min = 497124977
Not Full
Not Full
Not Full
Not Full
min = 96503974
min = 393374841
Not Full
Not Empty
Not Empty
Not Empty
Not Full
Not Empty
Not Empty
Not Full
Not Empty
Not Empty
Not Empty
Not Empty
Not Full
Not Empty
min = 100888594
Not Empty
Not Full
Not Full
Not Empty
Not Empty
min = 22573253
Not Empty
Not Empty
Not Full
Not Full
Not Empty
Not Full
Not Empty
Not Empty
Not Full
Not Empty
Not Full
Not Empty
min = 109963572
min = 81409702
min = 418498212
Not Empty
Not Full
Not Empty
min = 7215037
Not Full
Not Full
Not Empty
Not Empty
Not Full
Not Empty
Empty
Not Empty
Not Full
Not Full
Not Empty
min = 355650280
Not Full
Not Empty
Not Empty
Not Empty
min = 8639097
Not Full
Not Empty
Not Full
Not Full
Not Full
Not Empty
Not Full
Not Empty
Not Empty
min = 10510454
min = 58219672
min = 893916998
Not Full
min = 113734679
Not Empty
Not Full
Not Empty
Not Empty
Not Empty
Not Empty
min = 1677929896
Not Empty
min = 114590531
Not Full
min = 269576520
Not Full
Not Full
Not Full
min = 157829901
Not Full
Not Full
Not Empty
Not Empty
Not Full
Not Empty
Not Full
min = 174154405
Empty
Not Full
Not Full
Not Empty
min = 118738742
Not Empty
Not Empty
min = 246814451
min = 130260456
Not Full
Not Full
min = 23037389
Not Empty
Not Full
Not Full
Not Empty
Not Full
Not Empty
min = 248177206
min = 74903130
min = 47634217
Not Full
Not Full
Empty
min = 152608282
Not Full
Not Full
Not Full
min = 17151623
Not Empty
Not Full
min = 563349998
Not Empty
Not Full
Not Empty
min = 178533508
Empty
min = 133354667
min = 185446666
Not Full
Not Empty
min = 504854786
Not Full
Not Full
Not Empty
Not Full
min = 88975566
Not Empty
Not Full
Not Full
Not Full
Not Empty
Not Empty
Not Full
Not Full
Not Empty
Not Full
Not Empty
Not Empty
Not Full
Not Full
Not Full
Not Empty
Not Full
min = 820287044
Not Full
Not Full
Not Empty
Not Empty
Not Empty
Not Full
Not Empty
Not Full
Not Empty
Not Full
Not Full
Not Full
Not Full
min = 193839050
Not Empty
min = 28020352
Not Empty
Not Empty
Empty
Not Empty
Not Full
Not Full
Not Full
Not Full
Not Empty
Not Empty
Not Empty
Not Full
Not Full
min = 72415112
Not Full
min = 118854603
Not Empty
Not Empty
min = 151130836
Not Empty
Not Empty
Not Empty
Not Empty
Not Full
Not Empty
min = 17293160
Not Full
Not Full
Not Empty
Not Empty
Not Full
Not Full
Not Full
Not Full
Not Full
Not Empty
Not Empty
Not Empty
Not Full
Not Empty
min = 358246281
Not Full
Not Full
Not Full
Not Empty
min = 194853037
Not Full
Not Empty
min = 14571888
Not Empty
Not Full
Not Empty
Not Full
Not Empty
Not Full
Not Empty
Not Empty
Not Empty
min = 25278523
min = 64672216
Not Empty
Not Empty
Not Full
min = 149341661
min = 147037886
min = 171817376
Not Full
min = 66082665
Not Full
Not Empty
Not Empty
Not Empty
Not Empty
Not Empty
Not Empty
Not Empty
Not Empty
Not Full
Not Empty
Not Empty
Not Empty
Not Empty
min = 156028534
Not Full
Empty
min = 527784558
Not Empty
Not Full
Not Full
min = 169592209
Not Full
Not Full
Not Full
Not Full
Not Empty
Not Empty
Not Empty
Not Full
Not Full
Not Empty
min = 1340801
Not Empty
Not Empty
Not Empty
Not Empty
Not Full
Not Empty
Not Full
Not Empty
Not Empty
Not Empty
min = 16270252
Not Full
Not Empty
min = 45390775
Not Empty
Not Full
min = 196771735
Not Empty
Not Full
Not Full
Not Full
Not Full
Not Full
Not Full
Not Empty
min = 890610628
min = 74584212
Not Empty
min = 1223612604
Not Full
min = 70902409
Not Full
min = 1298361937
Not Full
Not Full
Not Empty
Not Full
min = 1790624023
min = 1190968205
Not Full
Not Full
Not Empty
Not Full
Not Full
Not Full
min = 232011325
min = 1030466752
Not Empty
Not Empty
Not Empty
min = 702220690
min = 72570141
Not Full
Not Full
Not Full
Not Empty
Not Full
Not Empty
Not Empty
min = 15978855
Not Full
Not Full
min = 211096669
Not Empty
Not Full
Not Full
Not Full
Not Full
Not Full
Not Full
Not Full
Not Full
Not Full
Not Empty
min = 1072740964
min = 21438386
Not Full
Not Full
Not Full
min = 76450276
Not Empty
Not Full
Not Empty
Not Full
min = 89962787
Not Empty
min = 13556823
Not Full
min = 93434157
Not Empty
Not Full
Not Full
min = 853441448
Not Full
Not Full
Not Full
Not Empty
Not Full
Empty
Not Full
Not Empty
Not Empty
min = 105756557
Not Full
min = 210140486
Not Empty
Not Full
Not Full
Not Full
Not Full
Not Empty
min = 773455359
Not Full
min = 214818691
Not Empty
Not Full
Not Empty
Not Empty
min = 724641497
Not Full
Not Empty
min = 23788725
Not Full
min = 301064137
Not Empty
Not Full
min = 223492886
Not Empty
Not Full
Not Empty
Not Empty
Not Full
Empty
min = 173723701
Not Full
min = 49207426
Not Empty
Not Full
Not Empty
Not Empty
Not Empty
Not Full
Not Full
Not Full
Not Empty
Not Full
Not Full
Not Full
Not Full
Not Empty
Not Full
Not Empty
Not Full
Not Empty
Not Full
Not Empty
Not Empty
Not Empty
min = 139362572
Not Empty
Not Full
Not Full
Not Full
Not Full
Not Empty
Empty
Not Empty
Not Full
Not Empty
Not Empty
Not Empty
Not Full
Not Empty
Not Empty
Not Empty
Not Full
Not Full
Not Empty
Not Full
Not Empty
Not Empty
Not Full
Not Empty
Not Full
Not Full
Not Full
Not Empty
Not Full
Not Empty
min = 240130
Not Empty
Not Full
Not Empty
Not Empty
Not Empty
Not Full
Not Full
Not Empty
Not Full
Not Empty
Not Empty
Not Full
Not Full
Not Empty
Not Full
Not Empty
min = 121762269
Not Full
min = 22385035
min = 337131065
min = 83498319
min = 200802125
Not Full
Not Empty
Not Full
Not Empty
Not Empty
Not Empty
Not Empty
Not Full
Not Empty
Not Empty
Not Empty
Not Full
Not Full
min = 12122792
Not Empty
min = 208454027
Not Full
min = 923624100
Not Full
Not Empty
Not Empty
Not Full
Not Full
Not Full
Not Full
Not Empty
Not Full
Not Empty
Not Full
Not Full
Not Full
Not Empty
Not Empty
Not Full
Not Full
Not Empty
Not Full
Not Empty
Not Full
Not Empty
min = 139166272
Not Empty
min = 632899200
Not Full
min = 142553557
Not Full
min = 29495857
Not Full
Not Full
Empty
Not Full
Not Full
Not Full
Not Empty
min = 377528144
Not Empty
Not Full
Not Full
Not Full
Not Full
min = 873859891
Not Full
Not Full
Not Empty
Not Empty
Not Full
Empty
min = 121740491
Not Full
min = 542497277
Not Full
Not Empty
Not Empty
Not Empty
Not Full
Not Full
Not Full
Not Full
Not Full
Not Full
Not Full
Not Full
min = 23917522
min = 172404282
Not Empty
Not Full
Not Full
min = 55728957
Not Empty
Not Empty
min = 567126135
Not Empty
Not Empty
min = 11375594
Not Empty
Not Empty
Not Empty
Not Full
min = 1483760388
Not Empty
Not Full
Not Full
Not Empty
min = 194035239
min = 45434432
Not Full
min = 1419192017
Not Empty
Not Full
min = 422844243
Not Empty
Not Full
Not Full
Not Empty
Not Empty
Not Full
Not Full
Not Empty
Not Full
Not Empty
Not Full
Not Full
Not Full
min = 4300350
Not Empty
min = 158349469
Not Full
min = 83784709
Not Empty
min = 300224564
Not Empty
Not Full
Empty
Empty
Not Full
Not Empty
min = 86945903
Not Full
min = 106116062
Not Empty
Not Full
Not Empty
Not Full
Not Full
min = 244582112
min = 365306106
min = 45455757
Not Empty
min = 826193054
Not Empty
Not Empty
Not Full
Not Full
Not Empty
min = 1165953
Not Empty
Not Empty
Not Full
Not Full
Not Full
Not Empty
Not Empty
Not Empty
Not Empty
Not Full
Not Empty
Not Empty
Not Full
Not Full
Not Empty
Not Empty
min = 114587150
Not Empty
Not Full
Not Full
min = 689028129
min = 29316514
min = 700061045
Not Full
min = 1052052330
Not Empty
min = 183913854
Not Full
Not Empty
Not Full
Not Full
Not Full
Not Empty
min = 186162408
Not Empty
Not Full
Not Full
Not Full
min = 583954408
min = 115411256
Not Full
Not Empty
Not Empty
min = 1272683193
Not Empty
Not Empty
Not Empty
Not Full
Not Full
Not Empty
Not Full
min = 215884563
Not Full
Not Full
Not Empty
min = 120862741
Not Empty
Not Full
Not Empty
min = 12859907
Not Full
Not Full
Not Empty
Not Empty
Not Full
min = 25323522
min = 45366038
min = 161176329
min = 209469208
Not Empty
min = 438960931
Not Empty
Not Empty
min = 1423269937
Not Full
Not Full
min = 110885483
Not Empty
Not Empty
Not Full
Not Full
Not Full
Not Full
Not Full
Not Empty
min = 119200987
Not Full
Not Empty
Not Empty
Not Full
Not Empty
Not Full
Not Full
Not Empty
Not Full
Not Full
Not Empty
Not Full
Not Empty
Not Full
Not Empty
Not Empty
Not Full
Not Full
Not Full
Not Full
Not Empty
Not Full
Not Full
Not Empty
min = 2363047
Not Empty
Not Empty
min = 114619624
Not Full
Not Full
Not Empty
Not Empty
Not Full
Not Full
Not Empty
Not Full
min = 1301258342
Not Full
Not Empty
Not Empty
Not Empty
Not Empty
Not Empty
Not Empty
Not Empty
Not Empty
Not Full
Not Empty
Not Empty
Not Empty
Not Full
Not Empty
Empty
Not Empty
Not Full
min = 182956168
Not Empty
Not Empty
Not Full
Not Empty
Not Full
Not Empty
Not Full
Not Empty
Not Full
Not Empty
min = 35820743
Not Full
Not Empty
Not Full
Not Full
Not Full
Not Empty
Not Empty
Not Empty
Not Full
Not Full
Not Empty
Not Full
Not Empty
min = 335619496
Not Empty
Not Empty
Not Empty
Not Empty
min = 253515402
Not Empty
Empty
Not Full
Not Full
Not Empty
Not Full
Not Empty
Not Full
Not Full
Empty
Not Empty
Not Empty
Not Empty
Not Empty
Not Empty
Not Empty
Not Empty
min = 235348005
min = 227330975
Not Full
Not Full
Not Full
min = 222149728
Not Empty
min = 42984870
Not Empty
Not Empty
min = 282889827
Not Empty
min = 774730201
Not Empty
min = 5905579
Not Empty
Not Empty
min = 221889665
Not Empty
min = 439356744
Not Full
Not Empty
Not Empty
Not Full
Not Full
Not Full
Empty
Not Empty
Not Full
Not Full
Empty
Not Empty
Not Empty
Not Empty
Not Full
min = 173149508
Not Full
Not Empty
Not Empty
Not Full
min = 89818233
Not Full
min = 184785812
Not Full
Not Empty
Not Empty
Not Empty
Not Full
Not Full
Not Full
min = 1125367363
min = 249925204
Not Empty
Not Empty
min = 46082178
Empty
Not Full
Not Empty
Not Full
Not Full
Not Empty
Not Full
Not Full
Not Empty
Not Empty
Not Empty
min = 872924755
Not Full
min = 146172781
Not Empty
Not Full
Not Empty
Not Empty
min = 38422402
Not Full
Not Full
min = 965580833
Not Full
Not Full
min = 104844932
Not Full
Not Empty
Not Empty
min = 88455421
min = 145265923
Not Full
Not Full
Not Full
Not Full
Not Empty
Not Empty
Not Full
Not Empty
Not Empty
Not Full
Not Full
min = 114175580
Not Empty
Not Empty
Not Empty
Not Empty
Not Full
Not Empty
Not Empty
Not Empty
Not Full
min = 391866375
Not Full
Not Full
min = 391730374
Not Full
Not Full
min = 477045704
Not Full
Not Full
Not Full
Not Full
Not Full
min = 441610848
Not Full
Empty
Empty
Not Empty
Not Full
Not Full
Not Empty
Not Empty
min = 181348746
Not Empty
Not Empty
min = 602554545
Not Full
Not Empty
Not Full
Not Full
Not Full
Not Full
Not Full
Not Full
Not Empty
Not Empty
min = 398578891
Not Empty
Not Full
Not Empty
Not Full
min = 216156312
Not Full
min = 515443740
min = 180881843
Not Full
Not Full
Not Full
Not Full
Not Empty
Not Full
Not Empty
min = 94069844
Not Full
Not Full
Not Full
Not Full
Not Empty
Not Full
Not Empty
Not Full
Not Full
Not Full
Not Empty
Not Empty
Not Full
Not Empty
Not Empty
Not Empty
Not Empty
Not Empty
Not Empty
min = 599808232
Not Full
Not Empty
Not Full
Not Full
Not Full
Not Empty
Not Empty
Not Full
Not Empty
Not Empty
Not Full
Not Full
Not Full
min = 261906188
Not Full
min = 506131018
min = 484054705
Not Full
Not Empty
Not Empty
Not Full
Not Full
Not Full
Not Empty
Not Full
min = 437676663
Not Full
min = 746071505
Not Full
Not Empty
min = 347323413
Not Empty
Not Empty
Not Full
Not Empty
Not Full
Not Full
Not Empty
Not Full
Not Empty
Not Full
min = 64844753
Not Full
Not Full
Not Full
Not Empty
Not Full
Not Full
Not Empty
Not Full
Not Full
Not Full
Not Full
min = 147429031
min = 731248052
Not Full
Not Full
Not Full
min = 609631520
Not Empty
Not Full
Not Full
Not Full
Not Full
Not Empty
min = 50889832
Not Empty
Not Full
Not Empty
Not Full
min = 670567
Not Full
Not Empty
Not Empty
Not Empty
Not Full
min = 107775555
min = 124202225
min = 67083049
Not Empty
Not Empty
Not Full
Not Empty
min = 333585328
Not Empty
Not Full
Not Full
Not Full
Not Full
Not Full
Not Empty
Not Empty
min = 493647695
Not Full
min = 411422669
min = 48738888
Not Empty
Not Empty
Not Full
Not Empty
Not Empty
Not Full
Not Empty
Not Empty
min = 2083325367
Not Full
Not Empty
min = 49848204
Not Empty
Not Empty
Not Empty
Not Full
Not Empty
Not Full
Not Full
Not Full
Not Full
Not Empty
Not Empty
Not Full
Not Full
Not Empty
Not Full
Not Empty
Not Empty
min = 238224336
Not Empty
Not Full
min = 195739639
Not Full
min = 363275040
Not Empty
min = 426992118
Not Empty
Not Empty
Not Empty
min = 148765137
Not Empty
Not Full
Not Empty
Not Empty
Not Full
Not Empty
Not Full
Not Empty
Not Full
Not Full
min = 124417254
Not Empty
Not Full
Not Full
min = 55354065
min = 125055734
Not Full
Not Empty
Not Full
Not Empty
Not Empty
Not Full
Not Empty
min = 105091190
Not Empty
Not Full
Not Empty
Not Full
Not Full
Not Full
Not Empty
Not Empty
Not Empty
Not Full
Not Full
Not Full
Not Full
Not Empty
Not Full
Not Empty
Not Empty
min = 15467239
min = 247256344
Not Full
Not Full
Not Full
Not Empty
Not Full
Not Full
Not Empty
Not Empty
Not Empty
Not Full
Not Full
min = 75141633
Not Empty
Not Empty
Not Empty
Not Full
Not Full
Not Empty
min = 61153718
min = 31835960
Not Full
min = 242083638
Not Empty
Not Full
min = 337667792
Not Full
min = 109588932
Not Full
Not Empty
Not Empty
Not Full
Not Full
min = 267848220
Not Empty
Not Full
Not Full
Not Full
min = 160506857
Not Empty
min = 12606619
Not Empty
Not Empty
Not Empty
Empty
Not Full
Not Full
Empty
Not Full
Not Empty
Not Full
min = 421105831
Not Full
Not Empty
Not Empty
Not Empty
min = 269401658
Empty
Empty
Not Empty
Not Full
Not Full
Not Full
Not Full
Not Full
min = 152792426
Not Full
Not Full
Not Full
Not Full
Not Full
Not Full
Not Full
Not Full
Not Empty
Not Full
Not Empty
Not Full
Not Full
Not Full
Not Empty
Not Full
Not Full
Not Full
Not Empty
min = 334888618
Not Empty
min = 57892705
Not Empty
min = 12671478
min = 204326705
Not Full
Not Empty
Not Empty
Not Empty
min = 75795964
Not Empty
Not Empty
Not Full
Not Full
Not Full
Not Empty
Not Full
Not Empty
Not Full
Not Empty
Not Empty
Not Full
Not Empty
Not Full
Not Full
Not Full
Not Full
min = 222292252
Not Full
min = 110413240
Not Empty
Not Full
Not Empty
Not Full
Not Empty
Not Empty
Not Empty
min = 1265281433
Not Full
Not Full
Not Full
Not Full
Not Empty
Not Empty
Not Full
Not Full
Not Empty
Not Empty
Not Empty
Not Full
min = 38182074
Not Full
min = 213266958
Not Full
Not Full
Not Empty
Not Full
Not Empty
Not Full
Not Full
Not Full
Not Empty
Not Empty
Not Full
min = 310680095
Not Empty
Not Empty
Not Full
Not Empty
min = 255919916
Not Full
Not Full
Not Full
Not Full
Not Empty
Not Full
Not Full
Empty
min = 169000608
Not Full
Not Empty
Not Empty
min = 4947853
Not Full
Not Full
min = 1162528293
min = 39639872
Not Full
Not Empty
min = 169559662
min = 14100078
Not Full
Not Empty
Not Full
Not Empty
Not Full
Not Empty
Not Empty
Not Empty
Not Empty
Not Empty
Not Empty
min = 583120183
Not Full
Not Full
Not Empty
Not Full
min = 54347508
Not Empty
min = 911934381
Not Full
Not Full
Not Empty
Not Full
Not Full
min = 60717472
Not Empty
Not Full
Not Empty
Not Empty
Not Full
Not Full
Not Empty
min = 106005794
Not Full
Not Full
Not Empty
min = 95991285
Not Full
Not Empty
min = 226145190
min = 289886197
min = 69375310
Not Empty
Not Empty
min = 113633561
Not Empty
Not Full
Not Full
min = 104535393
Not Full
min = 134561745
min = 51062788
Not Full
Not Full
Not Full
Not Full
Not Full
Not Full
Not Empty
Not Full
min = 6328513
Not Full
Not Full
Not Full
Not Full
Not Full
Not Full
min = 6013811
min = 299251440
Not Full
Not Empty
Not Full
Not Full
Not Empty
Not Empty
min = 755084653
Not Full
Not Empty
min = 1468364214
Not Empty
Not Empty
Not Full
Not Full
Not Full
Empty
Not Empty
Not Full
min = 162119304
Not Empty
min = 1732747070
Empty
Not Full
Not Empty
Not Empty
Not Full
Not Empty
Not Full
Not Empty
Not Empty
Not Empty
min = 388154761
Not Full
Not Full
Not Empty
Not Full
Not Empty
Not Full
min = 95608497
Not Full
Not Empty
Not Empty
Not Full
min = 1931529006
Not Full
Not Full
Not Empty
Not Full
Not Empty
Empty
min = 318519077
Not Full
Not Empty
Not Empty
Not Empty
min = 1894565122
min = 161913656
Not Empty
Not Full
Not Empty
Not Empty
Not Empty
min = 39517950
Not Full
Empty
Not Empty
Not Empty
Not Empty
Not Empty
Not Full
Not Full
Not Full
Not Empty
Not Empty
Not Full
Not Empty
min = 211328687
Not Empty
min = 154302450
Not Full
Not Empty
Not Full
Not Full
Not Full
Not Full
min = 86314296
Not Full
Not Empty
Not Full
Not Full
Not Full
Not Full
Not Full
Not Full
Empty
Not Empty
Not Full
Not Full
Not Empty
Not Full
Not Empty
Not Empty
Not Full
Not Empty
min = 24086467
Not Full
Not Full
Not Full
Not Empty
Not Full
min = 158627065
Empty
min = 120484035
Not Empty
Not Empty
Not Empty
Not Empty
Not Full
Not Full
Not Empty
Not Full
Not Full
Not Full
Not Empty
Not Full
Not Empty
Not Empty
Not Full
Not Full
min = 152008662
Not Full
Not Empty
Not Full
min = 1467209495
Not Empty
Not Empty
Not Empty
Not Empty
Not Empty
Not Full
Not Full
Not Empty
min = 1604546986
Not Empty
Not Empty
Not Full
Not Empty
Not Empty
Not Empty
min = 212980266
Not Empty
Not Empty
min = 63858943
min = 542247578
min = 1200196125
Not Empty
Not Full
Not Empty
Not Empty
Not Empty
Not Full
Not Full
Not Empty
Not Full
Not Empty
Not Empty
min = 336746601
Not Full
Not Full
Not Full
Not Empty
min = 274424714
min = 92943282
Not Full
Not Empty
Not Full
Not Empty
Not Full
Not Empty
Not Full
Not Empty
Not Full
Not Full
Not Full
Not Full
Not Empty
Not Empty
Not Full
Not Full
Not Full
min = 2106667515
Not Full
Not Empty
Not Empty
Not Full
Not Empty
Not Full
Not Empty
min = 446065347
Not Empty
Not Full
Not Full
Not Empty
Empty
Not Empty
min = 686906711
min = 139663681
min = 189027335
Not Full
Not Full
min = 180041939
min = 146816169
Not Empty
Not Full
Not Full
Not Empty
Not Empty
Not Empty
Not Full
Not Empty
Not Full
Not Full
Not Full
Not Full
Not Empty
Not Full
Not Full
Not Empty
Not Full
Not Empty
min = 295694195
Not Full
Not Full
Not Full
Not Full
Not Empty
min = 525089663
Not Empty
Not Full
Not Empty
Not Full
Not Empty
Not Full
Not Full
Not Full
Not Full
Not Full
Not Empty
min = 17858109
min = 201633649
Not Full
min = 49527312
min = 141726982
min = 29325603
Not Empty
min = 101055903
Not Full
min = 229541890
Not Full
Not Full
Not Full
Not Empty
Not Empty
Not Empty
min = 56128490
Not Empty
Not Full
Not Full
Not Empty
Not Full
Not Full
Not Empty
Not Full
Not Empty
Not Full
Not Full
Not Empty
min = 59740604
Not Full
Not Full
Not Full
Not Empty
Not Full
Not Empty
min = 11106801
Not Full
Not Full
Not Empty
Not Full
Not Empty
min = 315380195
Not Full
Not Empty
Not Full
Not Empty
Not Empty
min = 435782253
min = 50324623
min = 52512593
Not Full
Not Full
min = 12194083
Not Full
Not Empty
Not Empty
Not Full
Not Full
Not Full
Not Empty
Not Full
min = 43017811
min = 982199059
Not Empty
Not Empty
Not Full
Not Full
min = 675981557
Not Empty
Not Full
Not Full
Not Full
Not Full
Not Full
min = 187152625
Not Empty
min = 567708933
min = 27606921
Not Empty
Not Empty
Not Empty
Not Full
Not Empty
min = 565835511
Not Empty
Not Full
Not Full
Not Empty
Not Empty
Not Empty
Not Full
Not Empty
min = 103252923
Not Empty
Not Empty
Not Full
min = 1217419765
Not Empty
Not Full
Not Empty
min = 183951119
min = 15958578
Not Full
Not Full
Not Empty
Not Empty
Not Empty
Not Empty
Not Full
Not Empty
Not Empty
Not Empty
min = 232522775
min = 704841583
Not Full
Not Full
Not Full
Not Full
Not Full
Not Empty
Not Empty
Not Empty
Not Empty
Empty
Not Full
Not Full
min = 621714490
Not Empty
Not Empty
Not Empty
Not Full
Not Full
Not Empty
Not Full
min = 1461021999
Not Empty
Empty
Not Empty
Not Empty
min = 379530271
Not Full
Not Full
Not Full
Not Full
Not Full
Not Full
min = 66448959
Not Empty
Not Full
Not Full
min = 410569274
Not Empty
min = 45825616
min = 707454581
min = 93525090
min = 724919487
Not Empty
Not Empty
Not Empty
Not Empty
Not Full
min = 49096672
Not Empty
Not Empty
Not Full
Not Full
Not Full
Not Full
Not Full
Not Full
Not Full
min = 414307626
Not Empty
min = 1181095210
min = 201344346
Not Full
Not Full
min = 14441078
min = 32014375
Not Full
min = 62381979
Not Full
Not Empty
Not Full
min = 1119905589
Not Empty
min = 418071714
Not Full
Not Full
Not Empty
Not Full
min = 521848703
min = 40942787
Not Empty
Not Full
Empty
Not Empty
Not Full
Empty
Not Empty
Not Empty
Not Empty
Not Full
Not Full
Not Empty
Not Empty
Not Empty
Not Empty
Not Full
Not Empty
min = 507270418
Not Empty
Not Empty
Not Full
Not Full
Not Full
Not Full
Not Empty
Not Full
Not Full
Not Empty
Not Empty
min = 330127160
Not Full
Empty
min = 471196249
min = 371835647
Not Empty
min = 461583908
Not Empty
Not Full
Not Full
Not Empty
Not Empty
Not Full
Not Full
Not Full
min = 1971906
Not Empty
Not Empty
Not Empty
Not Empty
Not Empty
Not Full
Not Full
min = 90876794
Not Full
min = 138640490
Not Full
min = 856632749
Not Full
Not Full
Not Empty
Not Empty
Not Empty
min = 244457459
Not Empty
Not Empty
Not Full
Not Full
Not Empty
Not Full
min = 891567660
Not Full
Not Full
Not Full
Empty
Not Empty
Not Full
Not Full
min = 320627719
Not Full
Not Empty
Not Full
Not Empty
Not Empty
Not Full
Not Empty
Not Empty
Not Full
Not Full
Not Full
Not Full
Not Empty
Not Full
Not Full
Not Empty
Not Empty
min = 215948995
Not Full
Not Empty
Not Full
Not Full
Not Full
Not Full
min = 529677759
Not Empty
Not Empty
min = 1038267127
Not Full
Not Empty
Not Full
min = 34994127
min = 98488103
Not Full
Not Empty
min = 279390831
min = 9100883
min = 121867939
min = 141326341
Not Full
min = 570545606
Not Full
Not Full
Not Full
Not Empty
Not Empty
Not Full
Not Empty
Not Full
Not Empty
Not Empty
Not Full
Not Full
Not Full
Not Full
Not Full
Not Empty
Not Empty
Not Empty
Not Full
Not Empty
Not Empty
Not Empty
Not Full
Not Full
min = 115137454
Not Empty
Not Empty
min = 643310225
min = 1005371516
min = 1273533201
Not Empty
Not Empty
Not Full
Not Empty
Not Full
Not Empty
Not Empty
min = 96013917
Not Full
Not Empty
Not Full
min = 135172721
min = 191789405
Not Full
Not Empty
Not Full
Not Empty
Not Empty
Not Full
Not Full
Not Full
Not Empty
min = 123479562
Not Empty
Not Empty
Not Full
min = 108814697
min = 203411766
Not Full
Not Empty
Not Empty
Not Empty
Not Empty
Not Empty
min = 144553098
Not Full
Not Empty
Not Full
Not Full
Not Full
Not Empty
Not Full
Not Empty
min = 3304551
Not Full
Not Empty
Not Full
min = 580605854
Not Full
Not Full
Not Full
Not Empty
Not Empty
Not Empty
Not Full
Not Empty
Not Full
min = 918557819
min = 39819766
Not Full
Not Full
Not Full
Not Empty
min = 98263502
Not Full
min = 121262672
Not Full
min = 150542095
Not Full
Not Full
Not Empty
Not Full
Not Empty
Not Empty
Not Full
min = 23597280
Not Full
Not Empty
Not Full
Not Empty
Not Full
Not Full
Not Empty
Not Full
Not Full
Not Empty
min = 507189278
Not Full
Not Empty
Not Empty
Not Full
min = 58746436
min = 22090969
Not Empty
Not Full
min = 24893317
Not Empty
Not Empty
Not Full
min = 100948789
Not Empty
Empty
Not Empty
Not Empty
Not Empty
Not Full
Not Full
Not Empty
Not Empty
Not Full
Not Full
Not Full
Not Full
Not Empty
min = 41892735
Not Empty
Empty
min = 387441263
min = 88771535
Not Full
Not Empty
Not Empty
Not Full
Not Empty
Not Empty
Not Full
Not Full
min = 515236136
Not Full
min = 52846974
Not Empty
Not Empty
min = 272987340
Not Empty
min = 63643915
Not Full
Not Full
min = 335598115
min = 83385763
min = 186438027
Not Full
Not Full
Not Empty
min = 69295211
Empty
Not Empty
Not Full
Not Empty
Not Empty
Not Empty
Not Full
Not Full
Not Full
Not Empty
min = 317459876
Not Empty
Not Full
Not Full
Not Full
Not Full
Not Empty
Not Empty
Not Empty
Not Full
Not Empty
min = 14821113
Not Empty
Not Empty
Not Full
Not Empty
Not Empty
Not Full
Not Full
Not Full
Not Full
Not Empty
Not Empty
Not Empty
min = 228009777
Not Empty
min = 31743218
Not Empty
Not Empty
Not Full
Not Full
min = 264187352
Not Full
Not Full
Not Full
Not Full
min = 58420437
Not Empty
min = 617931116
min = 445248785
Not Empty
Not Full
Not Full
min = 392632800
min = 54836729
Not Full
min = 22875742
min = 40142946
Not Full
Not Full
Not Full
Not Empty
Not Full
Not Full
Not Empty
Not Empty
Not Full
Not Full
Not Empty
Not Full
min = 162306987
Not Empty
Not Empty
Not Empty
Not Empty
Not Empty
min = 1905300101
min = 96366003
Not Full
Not Full
min = 172869646
Not Full
min = 605860621
min = 1486591417
Not Full
Not Empty
Not Empty
Not Full
Not Full
Not Full
Not Empty
Not Empty
Not Full
Not Empty
Not Full
Not Empty
Not Empty
min = 242439699
Not Full
Not Full
Not Empty
Not Full
Not Empty
min = 217919759
Not Empty
Not Empty
Not Empty
Not Full
Not Empty
Not Full
Not Empty
Not Empty
min = 607194796
Not Empty
Not Empty
Not Empty
Not Full
Not Empty
Not Full
Not Empty
Not Full
Not Empty
Not Full
Not Empty
Not Empty
Not Full
Not Full
Not Full
Not Full
Not Full
min = 1326895524
Not Empty
min = 21148417
Not Empty
Not Full
Not Empty
Not Empty
min = 244491143
min = 1275770
Not Full
Not Full
Not Full
Not Full
Not Empty
min = 629239629
Not Full
Not Full
Not Empty
Not Empty
Not Full
Not Empty
Not Full
Not Full
Not Empty
Not Empty
min = 49146768
Not Full
min = 108443520
min = 162991267
min = 927572872
Not Empty
Not Empty
Not Empty
Not Empty
min = 82249870
Not Empty
min = 58550521
min = 1309147514
Not Empty
Not Empty
Not Empty
min = 202357945
Not Empty
Not Full
min = 28504232
min = 27126456
Not Full
Not Empty
min = 29105198
Not Empty
Not Empty
Empty
Not Full
Not Full
Not Full
Not Empty
Not Full
Not Empty
Not Full
Not Empty
min = 54646853
Not Full
min = 180748477
Not Full
min = 174610620
Not Full
Not Empty
Not Full
min = 417211555
Not Full
Not Full
min = 29917504
Not Empty
Not Full
Not Empty
Not Full
Not Full
min = 115896446
Not Full
Not Empty
Not Empty
Not Empty
Not Empty
Not Full
Not Empty
min = 101907769
Not Empty
Not Full
Not Empty
Not Full
Not Empty
Not Full
min = 208675342
Not Empty
Not Empty
Not Empty
Not Full
Not Full
Not Full
Not Full
Not Full
min = 193974537
Not Full
min = 103181303
Not Empty
Not Full
min = 914995594
Not Full
Not Empty
min = 206578831
Not Empty
Not Empty
Not Full
Not Full
Not Full
Not Empty
Not Full
Not Full
Not Full
Not Full
Not Empty
Not Full
Not Empty
Empty
Not Full
min = 67139194
Not Empty
Not Full
Not Full
Not Empty
Not Empty
min = 52850749
Not Full
Not Full
Not Full
min = 145209634
Not Empty
Not Full
Not Full
Not Full
Not Full
Not Empty
Not Empty
Not Empty
Not Full
Not Full
Not Empty
Not Full
min = 1444109542
Not Full
Not Empty
Not Full
Not Empty
Not Full
Not Full
Not Full
min = 195823180
Not Empty
Not Full
min = 316575590
Not Empty
Not Full
Not Full
Not Empty
Not Empty
min = 550705063
Not Full
Not Full
Not Empty
Not Full
min = 14444411
Not Full
Not Empty
Not Full
Not Full
min = 66551114
Not Empty
Not Empty
min = 242079177
Not Full
Not Full
Not Empty
min = 24671011
min = 10480815
Not Empty
Not Full
Not Full
Not Empty
Not Full
Not Full
Not Full
min = 246155456
min = 103501924
Not Empty
Not Full
Not Empty
Not Empty
Not Full
Not Empty
Not Empty
min = 328212561
Not Full
Not Empty
Not Full
Not Empty
Not Empty
Not Full
min = 81842344
Not Full
Not Empty
Not Full
Not Full
min = 1612080496
Not Empty
Not Full
Not Full
Not Full
Not Full
min = 64465640
Not Empty
min = 78045672
Not Empty
Not Full
Not Full
Empty
Not Full
Not Full
Not Full
Empty
Not Empty
Not Empty
Not Empty
Not Empty
Not Full
Not Empty
Not Full
Not Empty
Not Full
Not Full
min = 67432520
Not Full
Not Full
Not Empty
min = 315364074
Not Full
min = 30332907
Not Empty
Not Empty
Not Empty
min = 99494931
min = 38697800
min = 355158687
Not Full
min = 279655327
Not Empty
min = 196437285
Not Full
min = 295188933
Not Empty
min = 17796937
Not Empty
Not Full
Not Full
Not Full
Not Empty
Not Full
Not Full
min = 381758940
Not Empty
min = 900688537
min = 303426797
Not Full
Not Full
Not Empty
Not Full
min = 1279527384
Not Full
Not Full
Not Empty
Not Empty
Not Full
min = 393271406
Not Empty
Not Full
Not Full
Not Empty
Not Full
Not Empty
min = 364887198
Not Full
Not Full
Not Empty
min = 546102987
Not Empty
min = 21876328
Not Full
Not Empty
Not Full
Not Empty
min = 498364287
Not Empty
Not Full
min = 74632689
min = 89733411
Not Empty
Not Full
Not Full
Not Full
Not Empty
Not Full
Not Full
Not Empty
Not Full
Not Empty
Not Empty
min = 255330732
Not Full
Not Empty
Not Empty
Not Full
Not Full
Not Full
Not Full
min = 9896363
Not Full
Not Empty
Not Full
Not Empty
min = 215347891
Not Empty
Not Full
Not Full
Not Empty
Not Full
Not Empty
Not Empty
Not Full
Empty
Not Full
Not Empty
Not Full
Not Full
Not Empty
Not Full
min = 25491813
Not Empty
Not Full
Not Full
Not Full
Not Empty
Not Empty
Not Full
Not Full
Not Full
Not Full
Not Full
Not Empty
Not Empty
Not Empty
Not Empty
Not Full
Not Full
Not Full
min = 1997508167
Not Full
Not Full
Not Full
Not Empty
Not Empty
Not Empty
min = 14765420
Not Empty
Not Full
Not Full
Not Empty
Not Full
Not Full
min = 147342218
min = 191600449
Not Full
min = 210019717
Not Full
Not Empty
Not Empty
Not Full
Not Full
Not Empty
Not Empty
min = 22166950
Not Full
Not Empty
Not Empty
Not Full
Not Empty
min = 2608347
min = 275243344
Not Empty
Not Empty
Not Full
Not Full
Not Empty
Not Full
Not Empty
Not Full
Not Empty
Not Full
min = 264601585
min = 90496744
Not Empty
min = 384820501
Not Empty
Not Full
min = 540272105
min = 260590852
min = 3065490
Not Full
Not Full
Not Empty
Not Full
Not Empty
Not Empty
Not Full
Not Full
min = 978327380
Not Empty
Not Empty
Not Empty
Not Full
Not Empty
Not Empty
Not Empty
Not Empty
min = 561038502
min = 182561708
Not Empty
min = 41333280
Not Full
Not Full
Not Empty
Not Full
min = 227562995
Not Empty
min = 5370407
Not Full
min = 91871551
Not Full
Not Full
Not Empty
Not Full
Not Full
Not Empty
Not Full
Not Full
Not Empty
Not Empty
Not Full
Not Empty
Not Empty
Not Full
Not Empty
Not Empty
Not Empty
Not Full
Not Empty
Not Empty
min = 416360138
Not Empty
min = 214063286
Not Full
Not Full
Not Empty
Not Empty
Not Full
Not Empty
Not Empty
Not Empty
Not Empty
Not Empty
Not Full
min = 34345903
Not Full
Not Full
Not Full
Not Empty
Not Empty
Not Empty
Not Empty
Not Full
min = 17548646
min = 56445390
Not Full
Not Full
Not Full
Not Full
Not Full
min = 1480065529
Not Empty
Not Empty
Not Empty
Not Empty
Not Full
Not Empty
Not Empty
Not Empty
min = 9024693
Not Full
Not Full
Not Empty
Not Empty
Not Full
Not Full
Empty
Not Full
Not Full
Not Empty
Not Empty
Not Full
Not Full
Not Empty
min = 218977585
Not Empty
Not Full
Not Empty
Not Empty
Empty
Not Full
Not Full
min = 12580973
min = 86041517
Not Empty
Not Empty
Not Empty
Not Empty
Not Empty
Not Empty
Not Full
Not Full
min = 175900413
Empty
Not Full
Not Full
Not Empty
min = 612954785
Not Full
Not Empty
Not Full
Empty
min = 149820075
Not Empty
min = 26927836
Not Full
Not Empty
Not Empty
Not Empty
Not Empty
Not Empty
Not Full
Not Full
Not Full
Not Empty
min = 222171150
Not Full
Not Empty
Not Empty
Not Empty
Not Empty
Not Empty
Not Empty
Not Empty
Not Full
Not Full
min = 140105741
min = 87091203
min = 317509982
Not Empty
Not Full
Not Empty
min = 39592981
Not Full
min = 16690480
Not Empty
Not Empty
min = 267194615
Not Empty
Not Full
min = 33574861
min = 64777524
Not Full
Not Empty
Not Full
Not Full
Not Empty
Not Empty
Not Full
Not Empty
Not Full
Not Full
Not Full
min = 71254980
Not Full
Not Full
Not Full
Not Empty
min = 75865608
Not Full
Not Full
Not Full
Not Full
Not Empty
Not Empty
Not Empty
Not Full
Not Empty
Not Empty
Not Empty
min = 735486493
Not Full
Not Empty
Not Full
Not Full
Not Full
Not Empty
Not Full
Not Empty
min = 182962955
min = 151936076
min = 170674147
Not Empty
Not Full
Empty
Not Full
Not Full
Not Full
Not Full
Not Empty
min = 68681120
Not Full
Not Empty
Not Full
Not Empty
Not Empty
Not Empty
Not Full
Not Empty
Not Empty
min = 268723879
Not Empty
Not Empty
Not Empty
Not Empty
Not Full
Not Empty
Not Full
Not Full
Not Full
min = 319640042
Not Empty
min = 249630440
Not Empty
min = 1103203799
Not Full
Not Empty
Not Full
Not Empty
min = 570249865
Not Full
Not Full
Not Full
min = 236392047
Not Full
Not Empty
Not Full
Not Full
Not Full
Not Full
Not Full
min = 101282334
Not Empty
min = 75653551
Not Full
Not Full
Not Full
Not Full
min = 6183696
Not Full
min = 5794650
Not Full
Not Empty
Not Full
Not Empty
Not Empty
Not Empty
Not Full
Not Full
Not Empty
Not Full
Not Empty
Not Full
Not Full
Not Empty
Not Empty
Not Empty
Not Empty
Not Empty
Not Empty
Not Full
min = 184662
Not Full
Not Full
Not Empty
Not Full
Not Full
Not Full
Not Empty
Not Full
Not Full
min = 1937192253
min = 92570967
Not Empty
Not Full
Not Full
Not Empty
Not Empty
Not Full
Not Empty
Not Full
min = 106715925
Not Full
min = 733518192
Not Full
Not Full
min = 1007527988
min = 1175793986
Not Full
Not Empty
Not Empty
Not Empty
Not Full
min = 15308664
min = 1058605263
min = 59587248
min = 605565134
Not Empty
Not Full
min = 274831831
min = 273214650
Not Empty
min = 94233133
Not Full
Not Empty
min = 420750409
min = 121339386
Not Empty
Not Full
Not Empty
Not Empty
min = 284167752
Not Empty
Not Empty
min = 166166765
Not Full
Not Empty
Not Full
Not Empty
Not Full
Not Empty
Not Full
Not Full
Not Full
Not Full
Not Full
Not Full
Not Empty
Not Empty
min = 21246582
Not Empty
Not Empty
Not Empty
Empty
min = 258143515
Not Empty
Not Empty
Not Empty
min = 194558456
Not Empty
min = 396525546
Not Full
min = 464714123
Not Empty
Not Empty
min = 229659277
Not Empty
Not Empty
min = 380980042
min = 275276661
min = 69311221
Not Full
min = 1529183509
Not Full
min = 420837259
min = 6084948
min = 406614040
min = 436879305
Not Full
min = 166576213
min = 78057951
Not Empty
Not Full
min = 31761884
Not Full
Not Full
Not Full
min = 12219608
Not Full
Not Empty
Not Full
Not Full
min = 403744443
min = 108923846
Not Full
min = 3342385
min = 314725691
Not Empty
Not Full
Not Full
Not Full
Not Full
Not Full
min = 137199606
Not Full
Not Full
Not Full
min = 70655970
min = 336040922
Not Full
Not Full
Not Empty
min = 991975650
min = 1316354637
Not Empty
min = 246922937
Not Full
Not Full
Not Empty
Not Empty
Not Full
min = 127010507
Not Full
Not Empty
Not Full
min = 160882346
Not Full
Not Empty
min = 7004777
Not Empty
min = 283345332
Not Empty
Not Full
Not Empty
Not Empty
Not Empty
min = 5905653
Not Empty
Not Full
min = 74798931
min = 81266070
Not Full
Not Empty
min = 696291774
Not Full
Not Empty
Not Empty
Not Empty
Not Empty
Not Empty
Not Full
Not Full
Not Full
Not Empty
Not Empty
Not Full
Not Full
Not Full
Not Full
min = 186149784
Not Empty
Not Empty
min = 68231481
Not Full
min = 12164073
Not Empty
Not Empty
Not Empty
Not Full
min = 96692203
Not Empty
Not Full
Not Full
Not Full
Not Empty
min = 46384636
min = 98867574
Not Empty
Not Empty
Not Full
Not Full
Not Full
Not Full
min = 215516849
min = 580973575
min = 43021709
Not Empty
Not Empty
min = 298739182
Not Full
Not Empty
Not Full
Not Empty
Not Full
Not Full
min = 31148716
Not Full
min = 393032309
Not Full
Not Empty
Not Empty
Not Full
Not Full
Not Full
Not Full
Not Full
Not Full
Not Full
Not Full
Not Full
Not Empty
min = 364458661
min = 650260855
Empty
Not Full
Not Empty
Not Full
Not Empty
Not Full
Not Empty
min = 1275427310
Not Empty
Not Empty
min = 533474780
Not Full
Not Full
Not Empty
min = 340111570
Not Empty
Not Full
Not Empty
min = 70171240
min = 17983815
Not Full
min = 2128903489
Not Full
Not Full
Not Empty
Not Empty
Not Empty
Empty
min = 107017320
Not Full
Not Empty
min = 1100393840
Not Empty
Not Empty
Not Full
Not Full
Not Empty
Not Empty
Not Empty
Not Empty
Not Empty
Not Full
Not Full
Not Full
Not Empty
min = 1377063486
Not Empty
Empty
Not Full
min = 147590279
min = 135511263
Not Empty
Not Full
min = 77599844
Not Full
Not Empty
Not Empty
Not Empty
Not Empty
Not Full
Not Full
Not Full
Not Full
min = 359598091
Not Full
min = 51838826
Not Full
Not Empty
Not Empty
Not Empty
Not Full
Not Full
Not Empty
Not Full
Not Empty
Not Full
Not Full
min = 298430285
Not Empty
min = 21412312
Not Full
Not Full
Not Full
Not Full
Not Full
Not Full
Not Full
Not Full
min = 137286978
Not Empty
Not Full
Not Full
min = 316836776
