Not Empty
Not Empty
Not Full
Not Empty
min = 273132626
Not Full
Not Empty
Not Empty
Not Full
Not Full
min = 1070205477
Not Empty
Not Empty
Not Full
min = 698903747
Not Empty
Not Full
min = 308963731
Not Full
Not Empty
Not Full
min = 121080206
Not Empty
Not Full
Not Empty
min = 1431434562
Empty
min = 1082474685
Not Full
Not Full
Not Full
min = 1147089576
Empty
Not Full
Not Empty
Not Empty
Not Full
Not Empty
Not Empty
Not Full
min = 519703559
Not Empty
Not Full
min = 134985324
Not Empty
Not Full
Not Full
Not Empty
Not Full
Not Full
Not Empty
Not Full
min = 107149473
Not Full
Not Empty
Not Empty
Not Empty
Not Full
min = 74622773
Not Full
Not Empty
Not Full
Not Empty
Not Full
Not Full
Not Empty
Not Empty
Not Empty
Empty
Not Full
Not Full
Not Empty
Not Full
Not Empty
Not Empty
min = 298982923
Not Empty
Not Full
Not Empty
Not Full
Not Empty
Not Full
Not Empty
min = 315610822
Not Empty
Not Empty
Not Full
Not Full
Not Full
Not Empty
Not Full
min = 115761669
Not Empty
Not Empty
Not Full
min = 12678256
min = 34989724
min = 193237408
Not Full
Not Full
Not Full
Not Full
Not Empty
Not Full
min = 336227696
Not Full
Not Empty
Not Empty
Not Full
Not Empty
Not Full
min = 36747612
Not Empty
Not Full
Not Full
Not Full
Not Full
Not Full
Not Empty
Not Full
Not Empty
min = 200543833
Not Empty
Not Empty
min = 175688718
Not Full
min = 344211451
Not Full
min = 28432909
Not Full
Not Empty
Not Full
Not Empty
Not Full
Not Empty
Not Full
Not Empty
Not Full
Not Full
Not Empty
Not Full
Not Full
Not Empty
Not Full
Not Full
Not Full
Not Full
Not Full
Not Empty
Not Full
Not Full
min = 205792839
Not Full
Not Full
Not Empty
Not Empty
Not Full
Not Empty
Not Empty
min = 129049013
min = 254572055
Not Full
Not Full
Empty
Not Empty
Not Empty
min = 13745370
Not Full
Not Full
Not Empty
min = 250808321
Not Full
Not Full
Not Full
Not Empty
Not Empty
min = 28919854
Not Empty
Not Empty
Not Empty
Not Full
Not Full
Not Full
Not Empty
Not Full
Not Empty
Not Full
Not Full
Not Full
min = 46523497
Not Full
Not Empty
Not Empty
min = 129705730
Not Full
Empty
Not Full
Not Empty
Not Empty
min = 157003324
min = 259204543
Not Full
Not Empty
Not Full
min = 142577317
min = 604702771
Not Empty
Not Full
Not Full
Not Empty
Not Full
min = 298893956
Not Empty
Not Empty
Not Empty
min = 72887469
Not Full
Not Empty
Not Full
Empty
Not Empty
Not Full
Not Full
Not Full
Not Empty
Not Empty
Not Full
Not Empty
Not Full
Not Full
min = 492208097
Not Full
Not Empty
Not Empty
Not Empty
Not Empty
min = 685004307
min = 3139061
Not Empty
min = 10904670
Not Empty
Not Empty
min = 95121328
Not Empty
Not Empty
Not Full
Not Full
Not Empty
Not Full
Not Empty
Not Empty
min = 200791888
Not Full
min = 312333943
Not Empty
min = 53199219
min = 149259636
Not Full
min = 108665083
Not Full
Not Full
Not Full
min = 31512984
Not Full
Not Full
Not Full
Not Empty
Not Empty
Not Full
Not Full
Not Full
Not Empty
min = 182792448
Not Full
Not Full
Not Full
Not Full
Not Full
Not Full
min = 323226303
Not Empty
Not Empty
Not Full
Not Full
min = 289894159
Not Full
Not Full
Not Full
Not Full
Not Full
Not Full
Not Empty
Not Empty
Not Full
Not Empty
Not Full
Not Full
Not Empty
Not Full
Not Full
Not Empty
Not Empty
min = 39639757
min = 94072600
min = 50335129
Not Empty
Not Full
Not Empty
Not Empty
Not Empty
Not Empty
Not Full
Not Empty
Not Empty
Not Empty
Not Empty
Not Empty
Not Full
min = 297013355
Not Empty
Not Empty
Not Empty
Not Empty
min = 193470078
Not Empty
Not Empty
Not Empty
min = 224849233
Not Full
Not Full
Not Full
Not Empty
Not Full
Not Full
Not Full
min = 312465086
Not Empty
Not Empty
Not Full
Not Full
Not Full
min = 78477671
Not Empty
Not Full
Not Full
Not Empty
Not Empty
Not Full
Not Empty
min = 28395118
Not Empty
Not Empty
Not Full
Not Empty
Not Empty
Not Full
min = 114898443
Not Empty
Not Full
Not Full
min = 243722934
Not Full
Not Empty
Not Full
min = 333652832
Not Full
Not Full
min = 105652405
min = 106406175
min = 269823322
min = 539335074
Not Empty
Not Full
Not Full
Not Empty
Not Empty
Empty
Empty
Not Empty
min = 1864496681
Not Full
Not Empty
Not Empty
Not Full
Not Full
Not Full
min = 65163493
Not Full
Not Empty
Empty
min = 1171508327
Not Full
Not Empty
Not Empty
Not Full
min = 265737459
Not Empty
Not Empty
Not Full
Not Empty
min = 102392152
Not Empty
min = 164561559
Not Full
Not Empty
Not Full
min = 219981142
min = 54509914
Not Empty
min = 244037477
min = 428602752
min = 462132536
Empty
Not Empty
Not Full
min = 134150428
Not Full
Not Empty
Not Full
Not Empty
Not Full
Not Full
min = 514113485
Not Empty
min = 85532358
Not Empty
Not Empty
min = 218398355
Not Full
Not Empty
Not Full
Not Empty
min = 437242700
Not Full
Not Empty
Not Empty
Not Empty
Not Empty
Not Full
Not Full
Not Full
Not Full
min = 258343197
Not Empty
Not Empty
Not Full
Not Empty
min = 50316488
min = 134905716
Not Full
Not Full
Not Full
Not Empty
Not Empty
Not Full
min = 294411385
Not Full
Not Full
min = 389029930
min = 779797
min = 2091923500
Not Full
Not Empty
Not Full
Not Full
Not Empty
min = 92101688
Not Full
Empty
Not Empty
Not Empty
Not Full
Not Full
Not Empty
Not Empty
min = 166053430
Not Empty
Not Full
Not Full
Not Empty
Not Full
min = 130069855
Not Empty
Not Full
Not Empty
Empty
Not Full
min = 492101142
Not Empty
Not Full
min = 35933290
Not Empty
Empty
Not Empty
Not Empty
Not Empty
Not Full
Not Empty
Not Full
Not Full
Not Empty
Not Empty
Not Full
Not Full
Not Full
Not Full
min = 107727058
Not Full
Not Empty
Not Full
Not Full
Not Full
min = 168884819
Not Full
Not Full
Not Full
Not Empty
Not Empty
Not Full
Not Empty
Not Full
Not Empty
Not Empty
Not Full
Not Full
Not Empty
Not Full
Not Empty
Not Full
Not Empty
Not Full
min = 9830138
Not Empty
Not Full
Not Empty
Not Empty
Not Empty
Not Full
Not Empty
Empty
Not Full
Not Full
Not Full
Not Empty
Not Empty
Not Full
min = 49522778
Not Empty
Not Empty
Not Full
Not Empty
Not Empty
Not Empty
Not Full
Not Empty
Not Full
min = 554441833
Not Full
Not Full
Not Empty
Not Full
Not Empty
Not Empty
Not Full
Not Empty
Not Full
min = 262580690
Not Empty
Not Empty
Not Full
min = 3488371
Not Full
Not Empty
Not Full
Not Empty
Not Full
Not Empty
min = 20862868
min = 61052553
Not Full
min = 45047606
Not Full
Not Empty
Not Full
Not Full
Not Empty
Not Empty
Not Empty
min = 46504237
min = 62154155
Not Full
min = 121449627
Not Empty
min = 126026461
Not Full
min = 39141532
Not Empty
Not Empty
Not Full
Not Empty
Not Full
Not Full
Not Empty
Not Full
Not Full
Not Full
Not Empty
Not Empty
Not Empty
Empty
Not Full
Not Full
Not Full
Not Empty
Not Empty
Not Full
min = 38970535
Not Empty
Not Empty
Not Empty
Not Full
Not Empty
min = 238586443
Not Empty
Not Full
Not Empty
Not Full
Not Full
Not Empty
Not Empty
Not Empty
min = 186459666
Not Full
Not Full
Not Full
Not Full
min = 273908557
Not Empty
Not Full
Not Full
Not Full
min = 441780383
Not Full
Not Full
Not Empty
Not Full
Not Full
Not Full
Not Empty
Not Empty
Not Empty
Not Empty
Not Full
min = 157017417
min = 9608468
Not Empty
Not Full
Not Empty
Not Full
Not Empty
Not Full
Not Empty
Not Empty
Not Empty
Not Empty
Not Empty
Not Empty
min = 87542583
Not Full
Not Empty
Not Empty
Not Full
Not Full
Not Empty
Not Empty
Not Empty
Not Empty
Not Empty
min = 296174489
min = 369332302
min = 263840952
Not Empty
Not Full
Not Empty
Not Full
Not Full
Not Full
Not Empty
Not Empty
Not Full
min = 122722350
min = 218592860
Not Full
Not Empty
Not Empty
Not Empty
Not Empty
min = 326521102
Not Full
Not Empty
min = 552444320
min = 591322520
Not Full
Not Full
Not Empty
Not Full
Not Empty
Not Empty
Not Empty
Not Empty
Not Full
Not Empty
Not Empty
Not Full
Empty
min = 144725546
min = 424122424
min = 222790434
min = 324013
Not Full
Not Empty
Not Full
Not Full
Not Full
Not Empty
min = 32036246
Not Full
Not Full
Not Full
min = 58854665
Empty
Not Full
Not Full
Not Empty
Not Full
Not Full
min = 3004513
Not Empty
min = 47915069
Not Full
Not Empty
Not Empty
Not Empty
Not Empty
min = 67960697
Not Empty
Not Full
Not Empty
Not Empty
Not Empty
Not Empty
Not Empty
Not Empty
Not Full
Not Full
Not Empty
Not Empty
Not Full
min = 121385086
Not Full
Not Empty
Not Empty
min = 308393316
Not Full
Full
Full
Not Full
Empty
Not Empty
Not Full
Full
Not Full
Not Empty
Not Full
Not Full
Not Empty
Not Full
Not Full
Not Full
min = 1674121
Not Full
Not Empty
Not Full
min = 1034011825
Not Empty
Not Full
Not Full
Not Empty
Not Empty
min = 22887116
Not Full
Not Empty
min = 93009139
Not Empty
Not Empty
Not Full
Not Full
Not Empty
min = 234753368
min = 219081537
Not Full
Not Empty
Not Empty
Not Empty
Not Empty
Not Empty
Not Full
Not Empty
Not Full
Not Empty
Not Full
Not Empty
Not Empty
Not Empty
Not Empty
min = 442076121
Not Full
min = 444253060
Not Full
min = 187173525
Not Empty
Not Full
min = 627313032
Not Full
min = 62407622
min = 417683598
min = 333746247
Not Empty
Not Full
Not Empty
Not Full
Not Empty
Not Full
min = 422650618
Not Empty
min = 303408554
Not Full
Not Empty
Not Full
Not Full
Not Empty
Not Full
Not Empty
min = 78008464
Not Full
min = 195149149
min = 528229479
Not Full
Not Full
Not Full
Not Full
Not Empty
min = 37122477
min = 160895050
Not Full
Not Empty
Not Full
Not Empty
Not Full
Not Empty
Not Empty
Not Full
Not Full
Not Full
min = 3720211
Not Full
Not Empty
Not Full
Not Full
min = 101729252
Not Full
Not Empty
Not Empty
Not Full
min = 135756382
Not Full
Not Full
Not Empty
Not Empty
Not Full
Not Full
min = 184837875
Not Full
Empty
Not Empty
min = 1863817684
Not Empty
Not Empty
Not Empty
Not Empty
Not Empty
Not Empty
Not Full
Not Empty
min = 1277507548
Not Empty
Not Full
Not Empty
Not Full
Not Empty
Not Full
Not Empty
Not Full
Not Empty
Not Empty
Not Full
Not Full
Not Full
Not Empty
Not Empty
Not Full
Not Full
min = 75090397
Not Full
Not Full
Not Empty
Not Full
min = 103910037
Not Full
Not Empty
Not Empty
min = 296153343
Empty
Not Full
Not Full
min = 186159105
Not Empty
Not Empty
Empty
Not Full
min = 49250694
Not Full
min = 95080571
min = 19384134
Not Full
Not Full
Not Empty
Not Empty
min = 70514667
min = 218698190
Not Empty
Not Empty
Not Full
Not Empty
Not Empty
Not Full
Not Empty
Not Full
Not Full
Not Full
Not Empty
Not Empty
min = 1662987955
min = 10913046
Not Empty
Not Empty
Not Full
min = 49120462
Not Empty
Not Full
Not Full
Not Full
Not Full
min = 113918886
Not Empty
min = 8361301
Not Empty
min = 131181831
Not Full
Not Full
Not Full
Empty
Not Full
Not Full
Not Full
Not Empty
Empty
min = 95363673
min = 82423871
Not Empty
min = 413436065
Not Full
Not Empty
Not Empty
Not Full
min = 121779337
Not Empty
Not Full
Not Full
Not Empty
Not Empty
Not Empty
Not Full
min = 539119180
min = 298160992
Not Full
Not Full
Not Full
Not Full
Not Full
Empty
Not Empty
min = 896427368
Not Full
Not Empty
Not Full
Not Empty
Not Full
Not Full
Not Empty
Not Full
min = 5554862
min = 54535641
min = 123057710
Not Full
Not Full
Not Empty
Not Full
min = 297577376
Not Empty
Not Full
min = 421214903
min = 330223333
Not Full
Not Empty
Not Full
Not Full
Not Empty
Not Full
Not Empty
Not Full
min = 108394156
Not Empty
min = 329137376
Not Empty
Not Full
Not Full
Not Empty
Not Full
Not Full
Not Empty
min = 106298935
Not Empty
min = 126398128
Not Empty
Not Full
Not Full
Not Full
min = 7935840
min = 348620350
Not Full
Not Full
Not Empty
Not Full
Not Empty
Not Empty
Not Full
Not Empty
Not Full
Not Full
Not Empty
Not Empty
min = 201315702
min = 410721596
Not Full
Not Full
Not Empty
Not Full
Not Empty
Not Empty
Not Full
Not Empty
Not Full
Not Full
Not Full
Not Empty
Not Empty
Not Full
Not Empty
min = 54176142
Not Full
Not Empty
Not Empty
Not Empty
min = 23445145
Not Empty
min = 27913008
Not Full
min = 157894959
Not Empty
Not Full
Not Empty
Not Full
Not Full
Not Full
Not Full
Not Empty
Not Empty
Not Full
Not Full
Not Full
Not Full
Not Full
Not Empty
Not Full
min = 302632752
min = 5954403
min = 43515661
Not Empty
Not Empty
min = 212460167
Not Empty
min = 716905706
Not Full
Not Empty
Not Empty
Not Empty
Not Empty
Not Empty
Not Empty
Not Empty
Not Empty
min = 1627992298
Not Empty
Not Full
Not Empty
Not Full
Not Empty
Not Full
min = 371445536
Not Empty
Empty
min = 73772561
Not Empty
Not Full
Not Empty
min = 198557703
Not Empty
Not Empty
Not Full
Not Full
min = 499849745
Not Empty
min = 638344391
Not Full
Not Empty
Not Empty
Not Empty
Not Empty
Not Empty
Not Empty
Not Full
Not Empty
Not Full
Not Full
Not Empty
Not Full
min = 483390775
Not Empty
min = 672765071
Not Empty
Not Full
Not Full
min = 105900328
Not Full
Not Empty
Not Empty
Not Empty
Not Full
Empty
Not Empty
Not Empty
Not Full
Not Full
Not Empty
Not Full
Not Empty
min = 267887964
Not Full
Empty
Not Empty
min = 11020500
Not Empty
Not Empty
Not Full
Not Full
Not Full
Not Empty
Not Full
min = 12629915
Empty
Not Full
Not Full
Not Full
Not Full
Not Full
Not Full
Not Full
Not Full
Not Empty
Not Empty
min = 76076858
min = 482043924
Not Full
Not Empty
Not Empty
Not Empty
Not Full
min = 19886267
Not Full
Not Empty
Not Full
Not Full
Not Empty
Not Full
Not Empty
min = 1914925737
Not Full
Not Full
Not Empty
min = 66637233
Not Empty
Not Empty
Not Full
Not Full
Not Full
Empty
min = 698360292
Not Empty
Not Empty
Not Full
Not Full
Not Empty
Not Full
Not Empty
Not Full
Not Empty
min = 611556410
Not Full
Not Full
Not Empty
Not Full
Not Full
Not Full
Not Empty
min = 103849543
min = 64440334
Not Full
min = 222445748
min = 244180895
Not Full
Not Empty
min = 278901442
Not Full
min = 256318102
Not Empty
Not Empty
Not Full
min = 12150297
Empty
Not Full
Not Full
Not Full
min = 49255918
Not Full
Not Empty
Not Full
Not Empty
Not Full
Not Full
Not Empty
min = 65089954
Not Full
Not Full
Not Empty
Not Full
Not Full
min = 20072487
Not Full
Not Empty
min = 812325207
Not Empty
Not Empty
Not Empty
Not Full
Not Empty
Not Full
min = 218058542
Not Empty
Not Empty
Not Full
Not Full
Not Full
min = 156317027
Not Empty
Not Empty
min = 11589976
Not Empty
Empty
min = 589259234
Not Empty
Not Empty
Not Full
Not Empty
min = 1013905374
Not Full
Not Empty
Not Full
min = 1223542761
min = 51185853
Not Empty
Not Empty
Not Full
Not Full
Not Full
min = 17606503
Not Full
Not Empty
Not Empty
min = 681862186
min = 116274131
Not Empty
Not Full
Not Full
min = 98794535
Not Empty
Not Empty
Not Empty
Not Full
Not Full
Not Empty
Not Full
Not Full
Not Empty
Not Empty
Not Full
Not Full
Not Full
min = 296489948
Not Full
Not Empty
Not Empty
Not Empty
min = 228157983
Not Empty
min = 56188440
Not Empty
min = 354157700
min = 36202288
min = 418718266
Not Full
Empty
Not Empty
Not Empty
Not Empty
Not Full
Not Empty
Not Empty
Not Empty
Not Empty
Not Empty
Not Full
Not Empty
Not Full
min = 21615839
Not Full
Not Empty
Not Empty
Not Empty
Not Empty
Not Empty
min = 101018605
Not Full
Not Full
Not Full
Not Full
Not Empty
Not Empty
min = 31022836
Not Empty
Not Empty
Not Empty
Not Full
Not Full
Not Empty
Not Full
Not Empty
Not Full
Not Empty
min = 239609982
Not Empty
Not Empty
Not Empty
Not Empty
Not Full
min = 89065700
Not Full
Not Full
Not Full
Not Empty
Not Empty
Not Empty
Not Full
Not Full
Not Full
Not Full
Not Empty
Not Empty
Not Full
Not Empty
Empty
Not Empty
min = 65150022
Not Full
Not Empty
min = 38511570
min = 385958335
Not Full
Not Empty
Not Full
min = 175564201
Not Full
Not Empty
Not Full
Not Full
min = 54787620
Not Empty
Not Empty
Not Full
Not Empty
Not Empty
Not Full
Not Full
Not Full
Not Empty
Not Full
Not Full
Not Empty
min = 249501264
min = 712756639
min = 154130540
Not Full
Not Full
min = 70747215
min = 759905023
min = 875676646
Not Empty
Not Empty
Not Empty
Not Empty
Not Empty
Not Empty
Not Empty
Not Full
min = 160448882
Not Full
Not Empty
min = 194840680
Not Empty
Not Full
min = 108358001
Not Empty
Not Empty
min = 30330180
Not Empty
Not Full
Not Empty
Not Empty
Not Full
Not Full
Not Empty
min = 54145167
Not Full
Not Empty
Not Full
Not Full
Not Empty
Not Full
Not Empty
Not Full
Not Full
Not Empty
Not Full
min = 1486291541
min = 122670322
Not Full
Not Full
Not Empty
Not Empty
Not Empty
Not Empty
Not Full
Not Full
Not Empty
Not Empty
Not Empty
Not Full
Not Empty
Not Empty
Not Full
Not Full
min = 32664758
min = 15423594
Not Full
Not Full
Not Empty
Not Full
Not Empty
min = 16715211
min = 67676225
min = 92559109
Not Full
Not Empty
min = 108859465
Not Full
min = 72133898
min = 21559264
min = 644423194
Not Full
Not Full
Not Full
Not Empty
Not Empty
Not Full
Not Empty
Not Full
Not Full
Not Full
Not Empty
min = 99662227
Not Full
Not Empty
Not Full
Not Empty
Not Empty
Not Empty
Not Full
Not Full
Not Empty
Not Empty
Not Full
Not Empty
Not Empty
Not Full
Not Empty
Not Empty
Not Empty
Not Empty
min = 1155359796
Not Empty
Empty
Not Empty
Not Full
min = 132538569
Not Full
Not Full
Not Full
Not Empty
min = 308360908
Not Full
Not Empty
Not Empty
Not Empty
Not Full
Not Empty
Not Full
Not Empty
Not Full
min = 802124585
Not Full
Not Full
Not Empty
Not Empty
min = 263702309
Not Full
Not Empty
min = 232437052
min = 314946287
min = 229722290
Not Full
min = 306281037
Not Empty
Not Empty
Not Full
min = 20851123
Not Empty
Not Full
Not Empty
Not Empty
Not Empty
Not Full
Not Full
Not Full
min = 1784293668
min = 19988732
Not Full
Not Full
min = 678950585
Not Empty
Not Full
min = 327729432
Not Empty
Not Full
Not Empty
min = 172304651
min = 275383729
Not Full
Not Empty
Not Empty
Not Full
Not Empty
Not Empty
Not Empty
Not Empty
Not Full
Not Full
Not Full
Not Empty
min = 115908365
min = 824439154
Not Empty
Not Full
Not Empty
min = 706613024
Not Full
Not Full
Not Full
Not Full
Not Full
Not Empty
min = 54644994
min = 65289136
Not Full
Not Full
Not Full
Not Full
Not Full
Not Empty
Not Empty
Not Empty
Not Full
Not Full
Not Full
Not Empty
Not Full
Not Empty
Not Full
Not Full
Not Full
Not Empty
min = 59601548
Not Empty
Not Full
min = 103893877
Not Empty
Not Empty
Not Empty
Not Empty
Not Full
Not Empty
Not Full
Not Full
Not Empty
Not Full
Not Empty
Not Full
min = 125312858
Not Empty
Not Empty
Not Empty
Not Empty
Not Empty
Not Empty
min = 819508507
Not Full
Not Full
Not Full
min = 275246367
Not Full
Not Full
Not Empty
min = 176059629
Not Empty
Not Empty
Not Empty
Not Empty
Not Full
Not Empty
Not Empty
Not Empty
Not Empty
min = 12157948
Empty
Not Empty
Not Empty
min = 73148210
Not Empty
Not Full
Not Empty
Not Empty
Not Full
Not Full
Not Empty
min = 142201572
Not Empty
Not Empty
min = 283903717
min = 10592292
Not Full
Not Full
Not Full
min = 533567729
Not Empty
Not Empty
min = 676358240
Not Empty
Not Full
Not Full
Empty
Not Full
Not Full
min = 512597523
Not Empty
Not Empty
min = 710167031
Not Full
min = 110825227
Not Full
Not Empty
Not Empty
Not Empty
min = 300578133
Not Empty
Not Full
min = 896562917
Not Empty
Not Empty
Not Empty
min = 512662276
Not Full
min = 87154340
Not Empty
Not Empty
Not Empty
Not Empty
Not Full
Not Empty
Not Full
Not Empty
Not Full
Empty
Not Empty
Not Empty
min = 347611282
Empty
Not Full
Not Full
Not Full
Not Full
Not Empty
Not Full
Not Empty
Not Full
Not Full
Not Full
Empty
Not Empty
Not Full
Not Empty
Not Full
Not Empty
Not Empty
Not Full
Not Empty
min = 161839870
Not Empty
Not Empty
min = 103086969
Not Full
Not Full
Not Empty
Not Empty
min = 1738114454
Not Full
min = 641116923
Not Empty
Not Empty
min = 18613536
Not Full
Not Empty
Not Empty
Not Full
Not Empty
Not Empty
Not Full
Not Empty
Not Full
Not Full
min = 1086259062
min = 33111508
Not Full
Not Full
Not Full
Not Full
min = 53676360
Not Full
Not Empty
Not Full
Not Empty
Not Full
Not Empty
Not Empty
Not Full
min = 37553441
Not Empty
min = 68804773
Not Empty
min = 764793541
Not Full
Not Empty
min = 1439749527
Not Empty
Not Full
Not Full
Not Empty
Not Empty
min = 423297195
Not Full
min = 619509012
Not Empty
Not Empty
Not Full
Not Empty
Empty
min = 146167930
Not Full
Not Full
Not Empty
Not Empty
Not Full
Not Empty
Not Empty
Not Full
Not Empty
Not Full
Not Full
Not Empty
Not Full
Not Empty
Not Full
Not Empty
min = 165576267
Not Empty
Not Full
Not Full
Not Full
Not Full
Not Empty
Not Full
Not Empty
Not Full
min = 142432962
Not Full
Not Empty
Not Empty
Not Full
min = 214601484
Not Full
Not Full
Not Empty
min = 1159417138
min = 7159264
Not Full
min = 96667158
Not Full
Not Full
Not Empty
Not Full
Not Empty
Not Full
Not Full
Not Empty
Not Empty
Not Empty
Not Empty
Not Full
Not Empty
Not Empty
min = 316253561
Not Full
Not Full
Not Empty
Not Full
min = 1479880774
Not Empty
Not Full
Not Full
Not Full
Not Full
min = 11797238
Not Empty
Not Empty
Not Empty
min = 109234435
min = 36987183
Not Empty
Not Empty
min = 286072066
Not Empty
Not Full
Not Empty
min = 198138936
min = 31276805
min = 92041928
Not Full
Not Empty
Not Empty
Not Full
Not Empty
Not Empty
Not Full
Not Full
Not Full
min = 36371854
Not Full
Not Full
min = 593895193
Not Full
Not Full
Not Full
Empty
min = 80473580
min = 744859803
Not Empty
Not Empty
Not Empty
min = 230621682
Not Empty
Not Empty
Not Full
min = 48082366
Not Empty
Not Full
min = 80818476
min = 1387382250
Not Full
Not Full
Not Full
Not Full
Not Empty
Not Empty
Not Full
min = 1575964711
Not Empty
Not Full
Not Empty
Not Full
Not Full
Not Full
Not Empty
Not Empty
Not Full
Not Full
min = 17900092
Not Empty
Not Full
Not Empty
min = 538500214
Not Full
Not Empty
min = 1179179525
Not Empty
Not Full
min = 16181198
Empty
Not Full
Not Full
min = 609259645
Not Empty
Not Empty
Not Full
Not Full
Not Empty
Not Empty
min = 369171570
Not Empty
Not Empty
min = 8332984
Not Empty
Not Empty
Not Full
min = 86691591
Not Empty
Not Full
min = 102219894
Not Empty
min = 290476503
Not Empty
Not Full
Not Empty
min = 70304845
min = 165895884
min = 43723422
Not Empty
Not Full
Not Full
Not Full
Empty
Not Empty
Not Empty
Not Full
min = 201720607
Not Empty
Not Empty
Empty
Not Full
Not Full
Not Empty
Not Empty
Not Full
Not Empty
Not Empty
Not Full
min = 168835767
min = 504858499
Not Full
Not Full
Not Full
Not Full
min = 396952734
Not Empty
Not Empty
Not Empty
Not Full
min = 144365472
Not Full
Not Empty
Not Empty
Not Empty
Not Empty
Not Empty
Not Empty
Not Empty
Not Full
Not Full
Not Empty
Not Empty
Not Full
Not Empty
Not Full
Not Empty
Not Full
Not Empty
Not Full
Not Full
Not Full
Not Full
Not Empty
Not Empty
Not Empty
Not Full
Not Full
min = 903177005
min = 91428709
Not Empty
Not Empty
Not Empty
Not Full
Not Empty
Not Empty
Empty
Not Full
Not Full
Not Full
Empty
Not Empty
Not Empty
min = 96625208
Not Full
Not Empty
Not Empty
Not Empty
Not Full
Not Empty
Not Full
Not Full
Not Full
Not Empty
Not Full
Not Empty
Not Full
Not Full
Not Empty
Not Full
Not Empty
Empty
min = 556907329
Not Empty
min = 107500894
Not Empty
min = 291130543
min = 189505381
Not Full
Not Empty
Not Empty
min = 128248826
Not Full
Not Empty
min = 1254794000
Not Full
Not Empty
Not Empty
Not Empty
Not Full
Not Empty
Not Empty
min = 244192450
Not Empty
min = 16727579
Empty
Not Full
Not Empty
Not Empty
Not Empty
Not Full
min = 254421372
Not Full
Not Full
min = 177390448
Not Empty
Not Full
Not Empty
Not Full
Not Full
Not Empty
Not Full
Not Empty
Not Empty
Not Full
Not Full
Not Empty
Not Empty
min = 873646526
Not Full
Not Full
Not Empty
Not Full
Not Empty
min = 22597297
min = 427027787
Not Empty
Not Empty
Not Empty
Not Empty
Not Empty
Not Full
Not Full
Not Full
Not Full
min = 136685437
Not Full
min = 487693093
Not Empty
Empty
Not Empty
Not Full
Not Full
Not Empty
Not Full
Not Empty
Not Empty
Not Full
Not Empty
Not Full
Not Full
Not Full
min = 294505744
Not Full
Not Full
Not Full
Not Full
Not Empty
Not Full
min = 28463952
Not Full
Not Full
Not Empty
Not Empty
Not Empty
min = 436421103
Not Full
Not Empty
Not Full
Not Full
min = 1183737288
Not Empty
Not Empty
Empty
Not Full
Not Full
Not Empty
Not Empty
Not Full
Not Empty
Not Empty
Not Empty
Not Full
Not Empty
Not Full
Not Empty
Not Full
Not Empty
Not Full
Not Empty
Not Empty
Not Full
Not Full
Not Full
Not Full
Not Full
min = 187004435
Not Empty
min = 62066505
Not Empty
Not Full
Not Empty
Not Empty
Not Empty
Not Full
min = 869692478
Not Full
Not Full
min = 243792575
Not Full
Not Full
min = 354313109
Not Empty
min = 330493145
Not Empty
Not Full
Not Full
Not Empty
Not Full
Not Full
Not Full
Not Full
Not Full
Not Full
Empty
Not Full
Not Full
Not Full
Not Empty
Not Full
Empty
Not Empty
Not Full
Not Full
Not Empty
Not Full
min = 215069007
Not Empty
min = 54394172
min = 357967355
Not Empty
Not Full
Not Empty
Not Full
Not Full
Not Empty
Not Full
Not Full
Not Full
Not Empty
Not Empty
Not Empty
Not Full
min = 647337432
Not Full
Empty
Not Full
Not Full
Not Empty
Not Empty
Not Full
Not Full
Not Empty
Not Full
Not Full
Not Full
Not Full
Not Empty
Not Full
min = 297321013
Not Full
Not Full
Not Full
Not Empty
Not Empty
min = 678125840
Not Empty
Not Empty
min = 28025343
Not Empty
min = 28236420
Not Full
Not Empty
Not Full
Not Full
Not Empty
Not Full
Not Full
min = 160730813
Empty
Not Empty
Not Full
Not Full
Not Empty
Not Full
min = 182109019
Not Empty
Not Empty
Not Empty
Not Empty
Not Empty
Not Empty
Not Full
Not Empty
min = 23505421
Not Empty
Not Empty
Not Full
min = 317353478
min = 385848335
Not Full
Not Empty
Not Full
min = 160866118
min = 343927042
Not Full
Not Full
Not Full
Not Empty
Not Empty
Not Empty
Not Empty
Not Full
Not Full
Not Empty
Not Empty
Not Full
Not Empty
Not Empty
min = 132142679
min = 314163800
Not Full
Not Empty
min = 76766123
min = 217918984
Not Empty
Not Full
min = 144910982
Not Full
Not Full
Not Full
Not Full
Not Full
Not Full
Not Empty
Not Empty
min = 451929755
min = 393003745
Not Empty
min = 2395868
Not Empty
min = 121609022
Not Empty
Not Empty
Not Empty
Not Full
Not Empty
min = 179014832
min = 508989003
min = 324766954
Not Full
Not Full
Not Empty
Not Full
Not Empty
min = 237142923
Not Full
Not Full
Not Full
min = 132060108
min = 23405950
Not Full
Not Empty
Not Empty
min = 282846305
min = 331749638
Not Full
Not Full
Not Full
Not Full
min = 508680982
Not Empty
Not Full
Not Empty
min = 74360515
Not Empty
Not Empty
Not Full
Not Full
Not Full
Not Full
min = 59531671
Not Empty
Not Full
min = 54182090
Not Empty
Not Empty
min = 20610878
Not Full
Not Full
Not Full
Not Full
Not Full
Not Empty
Not Empty
Not Full
Not Empty
min = 7999755
Not Empty
Not Empty
Not Full
Not Empty
Not Empty
Not Empty
Not Empty
Not Full
Not Full
Not Empty
Not Empty
Not Empty
Not Full
Not Empty
min = 251259892
Not Full
min = 1862140802
Not Empty
Not Empty
Not Full
Not Empty
Not Full
Not Full
Not Empty
Not Full
Not Empty
Not Full
Not Full
Not Full
Not Full
min = 144208294
Not Empty
Not Full
min = 58430173
Not Full
Not Empty
min = 26186426
Not Full
Not Empty
Not Full
min = 73739502
Not Full
Not Full
Empty
Not Empty
Not Empty
Not Empty
Not Empty
min = 141603723
Not Full
Not Empty
Not Empty
Not Empty
min = 122176387
Not Empty
Not Full
Not Full
min = 11493784
Not Full
Empty
Not Full
Empty
Not Empty
Not Full
Not Full
Not Empty
Empty
Not Empty
Not Full
Empty
Not Empty
Not Empty
min = 175358950
Not Empty
min = 310788791
Not Full
Not Full
Not Full
min = 154467487
Not Full
Not Full
min = 123933524
Not Full
Not Empty
Not Full
Not Full
Not Full
min = 302779333
Not Full
min = 83775248
Not Full
min = 80705799
Not Full
Not Empty
Not Empty
Not Full
Not Full
Not Empty
Not Full
Not Full
Not Empty
Not Empty
min = 191827417
Not Empty
Not Empty
Not Empty
Not Empty
Not Full
Not Empty
min = 174714870
Not Empty
Not Empty
Not Full
min = 196048471
Not Full
min = 65074947
Not Full
Not Empty
Not Full
Not Full
Not Empty
Not Empty
Not Full
Not Full
Not Full
Not Empty
Not Empty
min = 65739546
Not Empty
min = 161666722
Not Full
Not Full
min = 12679093
Not Empty
Not Empty
Not Empty
Not Empty
min = 163918041
Not Full
Not Full
min = 719885435
Not Full
Not Full
Not Empty
min = 4819087
Not Empty
Not Full
Not Full
Not Full
Not Full
Not Full
Empty
Not Empty
Not Full
Not Empty
Not Full
Not Empty
Not Empty
Empty
Not Empty
min = 20636792
min = 524827155
Not Full
Not Full
Not Full
Not Empty
Not Full
Not Full
min = 142863086
Not Empty
Not Full
Not Empty
Not Empty
Not Full
min = 302686088
Not Empty
min = 781380560
min = 973609666
Not Empty
Not Empty
Not Full
Not Full
Not Full
Not Empty
Not Full
Not Empty
Not Full
Empty
min = 340586328
Not Empty
Not Empty
Not Empty
Not Empty
Not Empty
min = 65804002
Not Full
Not Empty
min = 175964564
Not Full
Not Full
min = 66378309
Not Full
Not Empty
Not Full
Not Full
Not Full
Not Full
Not Full
Not Empty
Not Empty
Not Empty
Not Full
Not Empty
Not Empty
Not Full
Not Empty
Not Full
Not Empty
min = 392288069
Not Empty
Not Empty
Not Full
Not Empty
Not Full
Not Empty
Not Full
min = 225228524
Not Full
min = 382168496
Not Empty
min = 96843031
min = 172809136
Not Empty
Not Full
Not Full
min = 5356663
min = 783714161
Not Empty
Not Empty
Not Empty
Not Full
Not Empty
Not Full
Not Full
Not Full
Not Empty
Not Empty
Not Full
Not Empty
Not Empty
Not Empty
Not Empty
Not Full
Not Empty
Not Empty
Not Full
Not Full
Not Full
Not Empty
Not Empty
Not Empty
min = 818467752
Not Full
Not Empty
min = 60882123
Not Full
Not Empty
min = 68260623
Not Empty
min = 215857849
Not Empty
Not Full
Not Empty
Not Empty
Not Full
Not Empty
Not Empty
Not Full
Not Empty
Not Empty
Not Full
Not Full
Not Full
Not Empty
Not Empty
min = 609830523
Not Empty
Not Empty
Not Full
min = 105798738
Not Full
Not Empty
Not Empty
Not Empty
Not Empty
min = 64003565
Not Full
Not Full
Not Full
Not Full
Not Empty
Not Empty
Not Full
Not Empty
Not Full
Not Full
Not Empty
min = 30211225
Not Full
Not Full
Not Full
min = 152073511
Not Full
Not Full
Not Full
Not Full
min = 32481739
Not Full
Not Full
Not Empty
min = 145760142
Not Full
min = 177537733
min = 80480861
Not Empty
Not Empty
Not Empty
Not Full
Not Full
Not Empty
Not Full
min = 250563084
Not Full
Not Empty
Not Empty
Not Empty
min = 590536227
Not Empty
Not Empty
Not Full
min = 292982138
Not Empty
Not Full
Not Full
Not Empty
Not Full
Not Empty
Not Empty
Not Full
Not Full
Not Empty
Not Empty
Not Empty
Not Full
Not Empty
Not Empty
Not Empty
min = 30851443
Not Full
Not Full
Not Empty
min = 7955624
Not Full
min = 4605779
Not Empty
min = 152582859
Not Full
Not Full
min = 1073732463
Not Full
Not Full
Not Full
min = 12017312
Not Full
Not Empty
Not Empty
min = 83502693
Not Full
Not Empty
Not Empty
Not Full
Not Full
Not Empty
Not Empty
Not Empty
Not Full
min = 22616170
Not Empty
Not Full
Not Empty
Not Empty
Not Full
Not Empty
Not Empty
min = 62317417
min = 317984907
Not Full
Not Full
Not Full
Not Full
Not Empty
Not Full
Not Empty
Not Full
min = 35567136
Not Empty
Not Empty
min = 192846667
min = 44467768
min = 388433786
Not Full
Not Full
Not Full
Not Empty
Not Full
Not Full
Not Empty
min = 488366817
Not Empty
Not Full
Not Full
Not Empty
min = 385273648
Not Full
Not Full
Not Full
Not Empty
Not Empty
min = 283883006
Not Full
min = 30458542
Not Empty
Not Empty
min = 534456217
Not Empty
min = 490934976
Not Full
Not Empty
Not Full
Not Full
Not Empty
min = 33049005
Not Full
Not Empty
Not Full
Not Empty
Not Empty
min = 27474217
Not Full
min = 57267394
min = 1979344320
Not Full
Not Full
Not Full
Not Empty
Not Empty
Not Full
Not Full
Not Empty
Not Full
min = 514513514
Not Empty
Not Full
Not Empty
Not Full
Not Full
Not Full
Not Full
min = 591988756
Not Empty
Not Full
Not Empty
Not Full
Not Full
min = 237720352
Not Full
Not Full
min = 852783382
Not Empty
Not Empty
Not Full
Not Full
Not Full
Not Full
Not Full
min = 1199025726
min = 488435585
Not Empty
Not Empty
Not Empty
min = 490689686
Not Full
Not Empty
Not Full
Not Full
Not Empty
Not Empty
Not Full
Not Full
Not Full
Not Empty
Not Full
Not Empty
Not Full
Not Full
min = 981016189
Not Full
Not Full
Not Full
Not Empty
Not Empty
min = 794394446
Not Empty
Not Full
Not Empty
Not Full
Not Empty
Not Empty
Not Empty
Not Empty
Not Full
Not Full
Not Full
Not Full
Not Full
Not Empty
Not Empty
Not Full
Not Empty
Not Full
min = 92789276
Not Full
min = 108283035
min = 93839580
Not Full
Not Full
Not Empty
Not Empty
Not Full
Not Empty
Not Full
min = 57448093
Not Full
Not Full
Not Full
Not Empty
Not Full
Not Full
Not Empty
Not Full
Not Empty
Not Empty
Not Empty
min = 66035077
Not Full
Not Empty
Not Full
Not Empty
Empty
Not Empty
Not Full
Not Empty
Not Empty
Not Empty
Not Empty
min = 2010258209
Not Empty
Not Empty
min = 229627137
min = 565212275
Not Full
min = 8382733
Not Full
Not Full
Not Full
Not Empty
Not Empty
Not Empty
Not Empty
Not Empty
Empty
Not Empty
Not Empty
Not Empty
Not Full
Not Full
Not Full
min = 353750040
Not Empty
min = 246399230
Not Full
Not Full
min = 29986785
Not Full
Not Empty
Not Empty
min = 220090624
Empty
Not Full
Not Empty
Not Empty
Not Empty
Not Empty
Not Full
min = 208209896
Not Full
Not Empty
Not Full
Not Empty
Not Full
Not Empty
Not Empty
min = 39413529
Not Empty
Not Full
Not Empty
Not Full
min = 64975447
Not Empty
Not Full
Not Full
Not Empty
Not Full
Not Empty
Not Full
Not Empty
Not Full
Not Empty
Not Full
min = 119536180
min = 230163569
Not Full
Not Full
Not Empty
Not Empty
Not Full
Not Full
Not Empty
Not Full
Not Full
Not Full
Not Full
Not Empty
min = 213413808
min = 386212423
min = 7844521
Not Empty
Not Empty
Not Full
min = 92608871
Not Empty
min = 326800722
Not Empty
Not Empty
Empty
Not Empty
Not Full
Not Empty
Not Empty
Not Full
Not Full
Not Full
Not Full
Not Full
Not Full
Not Empty
Not Full
min = 43313492
Not Empty
Not Full
Not Full
Empty
min = 25601100
min = 23089572
Not Empty
Not Full
min = 52200634
min = 101023976
Empty
Not Full
Not Full
Not Full
Not Empty
Not Empty
Not Empty
Not Full
Not Empty
Not Empty
Not Empty
Not Empty
Not Full
Not Empty
Not Empty
Not Full
min = 759418603
Not Full
Not Empty
Not Full
Not Empty
min = 406544393
min = 253635888
Not Empty
min = 443751395
Not Empty
Not Empty
Not Full
Empty
Not Full
min = 2077482243
Not Empty
Not Empty
min = 33766662
Not Empty
Not Full
min = 794706
Not Empty
Not Empty
Not Full
Not Full
Not Empty
min = 805186103
min = 63848136
min = 72265528
Not Empty
min = 21408471
Not Empty
min = 93870105
Not Empty
Not Full
min = 229227613
Not Full
Not Empty
Not Full
min = 286873907
min = 120476872
Not Empty
Not Full
Not Full
Not Full
Not Empty
Not Empty
Not Full
min = 289467438
min = 65461949
Not Full
Not Full
Not Empty
Not Empty
Not Full
Not Full
Empty
Not Full
Not Full
Not Empty
Empty
Not Full
Not Full
Not Full
Not Empty
Not Full
Not Full
Not Empty
Not Empty
Not Empty
Not Full
Not Full
Not Full
Not Empty
min = 77620463
Not Full
min = 127628276
Not Full
Full
Not Empty
Not Full
min = 13554023
Not Empty
Not Full
Not Empty
Not Full
Not Empty
Not Full
Not Full
Not Full
Not Empty
Not Empty
Not Full
Not Empty
Not Full
Not Empty
Not Empty
Not Empty
Not Full
Not Empty
Not Empty
min = 228587191
Not Full
Not Full
Not Empty
Not Full
Not Full
Not Full
Not Full
Not Full
Not Empty
Not Full
Not Empty
Not Empty
Not Empty
Not Full
Not Full
min = 324483116
Not Empty
Not Empty
Not Empty
Not Empty
Not Empty
min = 1736029491
Not Full
Not Empty
Not Empty
Not Full
Not Full
Not Full
Not Full
Not Empty
min = 452473331
Not Full
Not Empty
Not Empty
Not Full
min = 116094430
Not Empty
Not Full
Not Full
Not Empty
Not Full
Not Full
Not Full
min = 39614489
Not Full
min = 107026419
Not Empty
Not Empty
Not Empty
Not Full
Not Full
Not Empty
Not Empty
Not Empty
Not Empty
Empty
min = 684788877
min = 589518965
Not Full
min = 19586136
Not Empty
Not Full
Not Full
min = 1600947267
Not Full
Not Full
Not Empty
Not Empty
Not Empty
Not Full
min = 119064930
Not Full
Not Empty
Not Empty
Not Empty
Not Full
min = 69460984
min = 141732493
min = 927877279
Not Full
Not Empty
Not Full
Not Full
Not Full
Not Empty
Not Empty
Not Full
Not Full
Not Empty
Not Full
Not Full
Not Full
Not Empty
Not Empty
Not Full
min = 16451957
Not Empty
Not Full
Not Full
Not Empty
min = 108550767
Not Full
Not Full
Not Empty
Not Empty
min = 815567644
min = 175303612
Not Full
Not Full
Not Full
Not Full
min = 66766517
Not Empty
Not Empty
Not Empty
Not Empty
Not Full
Not Empty
Not Empty
Not Full
Not Full
Not Full
Not Full
Not Full
Not Full
Not Full
Not Empty
Not Full
Not Full
Not Empty
min = 565846557
Not Empty
Not Full
Not Full
Not Full
min = 654640192
Not Empty
Not Empty
Not Full
Not Full
min = 49434790
Not Full
Not Empty
Not Empty
min = 694059320
Not Empty
Not Full
Not Full
min = 209479436
Not Empty
Not Full
Not Empty
Not Full
Not Full
Not Empty
Not Full
min = 79910251
min = 355881564
Not Empty
Not Empty
Not Empty
Not Full
min = 83505785
Not Empty
min = 459522637
Not Full
Not Empty
min = 1527796223
min = 104162217
Not Empty
Not Empty
Not Empty
Not Full
Not Empty
Not Full
Not Full
Not Empty
Not Full
Not Full
min = 607686648
Not Empty
min = 17992856
Not Full
Not Full
Not Empty
Not Full
Not Empty
min = 53473932
Not Empty
Not Empty
Not Empty
Not Empty
min = 13423323
Not Full
Not Full
Not Full
Not Empty
min = 50426859
min = 69518956
min = 127973200
min = 1097332510
min = 153254545
Not Full
Not Empty
min = 7651381
min = 78152285
Not Empty
Not Full
Not Full
Not Empty
min = 24949879
Not Full
Not Full
Not Empty
Not Full
Not Empty
Not Full
Not Full
Not Full
Not Empty
Not Empty
min = 1388247318
Not Empty
Not Full
Not Empty
min = 132265279
Not Full
Not Full
Not Empty
Not Full
Not Empty
Not Empty
Not Empty
Not Empty
Not Empty
Not Full
Not Full
Not Empty
Not Empty
Not Empty
Not Full
Not Full
Not Empty
Not Empty
min = 8968317
Not Full
Not Full
Not Empty
Not Full
min = 80644432
Not Full
Not Full
Not Full
Not Empty
Not Full
min = 593238873
Not Empty
Not Empty
Not Empty
Not Full
min = 194161809
min = 34824561
Not Empty
min = 67635384
min = 465999219
Not Full
Not Full
Not Full
Not Full
Not Empty
Not Empty
Not Full
Not Empty
Not Full
Not Full
min = 317834378
Not Full
min = 151323538
Not Empty
Not Full
Not Full
Not Empty
Not Full
min = 36163107
min = 141421537
min = 119411577
Not Full
min = 419554299
Empty
Not Full
min = 475281172
Not Full
Not Full
Not Full
Not Full
Not Empty
Not Full
Not Full
min = 159269715
Not Empty
min = 193088369
min = 42382216
Not Full
Not Empty
Not Full
Not Empty
min = 20809881
Not Full
min = 367681179
Not Full
Not Empty
Not Empty
Not Empty
Not Full
Not Full
Not Empty
Not Full
Not Empty
Not Empty
Not Full
Not Full
Not Empty
Not Full
Not Full
Not Full
Not Empty
Not Full
Not Empty
Not Empty
Not Empty
Not Empty
Not Full
Not Empty
min = 62356663
Not Full
Not Empty
min = 56557118
min = 172832741
Not Full
min = 723676487
Not Full
Not Empty
Not Empty
Not Empty
Not Full
Not Empty
Not Empty
min = 518775565
Not Full
Not Full
Not Empty
min = 613583831
Not Full
Not Empty
Not Empty
min = 156683730
Not Empty
Not Full
Not Empty
Not Empty
Not Full
Not Empty
Not Full
Not Empty
min = 166833446
Not Full
Not Full
Not Full
Not Full
Not Full
Not Full
Not Empty
Not Full
Not Empty
Not Empty
Not Empty
Not Full
Not Full
Not Empty
Not Full
Not Empty
Not Empty
Not Full
min = 468497952
Empty
min = 53270932
Not Full
Not Full
min = 494518961
Not Full
Not Full
Not Full
min = 29521215
min = 91768931
min = 31458173
min = 62523193
min = 364509268
Not Full
Not Empty
Not Full
Not Empty
Not Full
Not Empty
Not Empty
Empty
min = 119051055
Not Empty
Not Empty
Not Empty
min = 50675088
Not Empty
min = 595894148
Not Empty
Not Full
min = 850035489
min = 95323930
Empty
Not Full
Not Full
Not Empty
Not Empty
Not Full
min = 712389381
Not Full
Not Empty
Not Empty
min = 305067746
Not Full
Not Full
min = 59647541
Not Full
Not Empty
Not Full
Not Empty
min = 333713415
min = 141893352
Not Empty
Not Full
Not Full
Not Empty
Not Full
Not Full
Not Empty
Not Full
Not Full
Not Empty
min = 150034802
Not Empty
Not Full
Not Empty
Not Full
Not Empty
Not Full
Empty
Not Empty
min = 47352123
Not Full
Not Empty
min = 101389371
Not Full
Not Full
Not Full
min = 742635266
min = 365929819
Not Empty
min = 30267860
Not Full
min = 42785880
Not Empty
Not Empty
Not Full
Not Full
Not Empty
Not Empty
min = 801699170
Not Full
Not Empty
Not Full
Not Full
Not Full
Empty
Not Full
Not Full
Not Empty
Not Full
Not Empty
min = 90847994
Not Full
min = 128947240
Not Empty
Not Empty
Not Full
Not Empty
min = 266741015
Not Full
Not Full
min = 21826603
Not Empty
min = 157903114
Not Empty
Not Full
Not Empty
Not Full
Not Full
min = 195596300
Not Full
Not Empty
min = 66010927
Not Empty
Not Full
min = 23375833
Not Full
Empty
Not Empty
Not Empty
Not Full
min = 357669923
Not Empty
Not Full
min = 158809763
Not Empty
Not Full
Not Full
Not Full
Not Empty
Not Full
Not Empty
Not Full
Not Empty
Not Full
Not Full
Not Full
Not Empty
Not Full
Not Empty
Not Empty
min = 142369807
Not Full
Not Full
Not Full
Not Full
Not Empty
min = 189324801
Not Full
Not Full
Not Full
Not Full
Not Empty
Not Empty
Not Full
Not Empty
min = 13603081
min = 230375809
Not Full
Not Empty
Not Full
min = 63737309
Not Empty
min = 1182688777
Not Full
Not Empty
Not Full
Not Empty
Not Full
min = 275837318
Not Full
Not Full
Not Empty
Not Empty
Not Empty
Not Full
Not Empty
Not Full
Not Empty
Not Empty
Not Full
Not Empty
Not Empty
Not Empty
Not Full
Not Full
Not Full
Not Empty
Not Empty
Not Full
Not Empty
min = 19303978
Not Empty
Not Full
Not Empty
Not Full
Not Empty
Not Full
min = 64984594
Not Full
Not Full
Not Full
Not Full
Not Full
min = 21168221
Not Empty
min = 50533820
Not Empty
Not Empty
min = 208774773
Not Full
Not Empty
Not Empty
Not Full
Not Full
Not Empty
min = 142690341
Not Full
Not Full
min = 150420680
Not Full
min = 343315257
Not Empty
min = 224720312
Not Full
Not Empty
Not Full
Not Empty
Not Empty
Not Empty
Not Full
min = 597130638
Not Full
min = 597378928
Not Full
min = 24607291
Not Empty
Not Full
Not Full
Not Empty
Empty
Not Empty
Not Full
Not Full
Not Full
min = 79191456
Not Empty
Not Full
Not Empty
Not Full
Not Full
Not Empty
Not Empty
Not Empty
Not Empty
Not Empty
Not Full
Not Empty
Not Empty
Not Empty
min = 172799247
min = 1292945
Not Full
Not Full
Empty
Not Full
min = 776849738
min = 410200397
Not Full
Not Full
Not Empty
min = 1809636796
min = 1168120060
Not Empty
Not Full
Not Empty
Not Empty
Not Full
min = 39228803
min = 30928806
Not Full
Not Empty
Not Full
Not Empty
Not Full
Not Empty
Not Empty
Not Empty
Not Empty
min = 115860491
Not Full
Not Empty
min = 88432118
Not Full
Not Empty
Not Full
min = 61103067
Not Empty
Not Full
Not Full
min = 190458462
Not Empty
Not Full
Not Empty
Not Full
Not Empty
Not Empty
min = 41397463
Not Empty
Not Empty
min = 420824064
Not Empty
Not Full
Not Full
min = 396891899
Not Empty
Not Empty
min = 64221347
min = 211792037
Not Full
Not Full
min = 40599836
Not Full
Not Full
Not Empty
Not Full
Not Full
Not Full
Not Empty
min = 982295708
Not Full
Not Empty
Not Empty
Not Full
Not Empty
Not Empty
Not Full
min = 234523789
Empty
min = 23569457
Not Full
min = 469233305
Not Full
Not Empty
Not Full
Not Full
min = 45249320
Not Full
Not Empty
Not Empty
Not Full
Not Full
Not Full
min = 196958658
Not Empty
Not Empty
Not Full
Not Full
Not Full
min = 85968539
Not Empty
Not Empty
Not Full
min = 130679092
Not Full
Not Full
Not Empty
min = 174359796
min = 28813868
min = 665444681
Not Full
Not Full
min = 43466450
Not Empty
min = 46689648
Not Empty
Not Empty
min = 76634101
Not Full
Not Full
Not Full
min = 211202131
Not Full
Not Empty
min = 377398751
min = 215231342
Not Empty
Not Empty
Not Full
Not Empty
min = 819514290
min = 910797879
Not Empty
min = 214288626
Not Full
Not Full
Not Full
Not Full
Not Full
Not Full
Not Empty
Not Full
Not Empty
Not Empty
Not Full
Not Full
Not Full
Not Empty
Not Full
Not Empty
Not Empty
Not Empty
Not Full
min = 375805872
Not Full
Not Empty
Not Full
Not Full
Not Full
Not Full
min = 52959148
Not Full
Not Empty
min = 91737316
Not Empty
min = 185292028
Not Full
Not Full
Not Full
Not Empty
min = 304488188
min = 124505776
Not Full
Not Full
Not Full
Not Empty
Not Empty
Not Full
Not Full
Not Empty
Not Full
Empty
Not Full
Not Full
Not Empty
Not Empty
Not Full
min = 792033184
Not Full
Not Empty
Not Full
Not Empty
Not Full
Not Empty
Not Full
Not Full
Not Full
min = 124072104
Not Full
Not Full
Not Empty
Not Full
Not Full
Not Full
Not Full
min = 49283001
min = 167140867
Not Empty
Not Empty
Not Full
Not Full
Not Empty
Not Empty
Not Full
Not Full
Not Empty
Not Empty
Not Empty
Not Empty
Not Full
Not Full
Not Full
Not Full
min = 210412298
Not Full
Not Full
min = 147790115
Not Empty
Not Full
Not Full
min = 165114930
Not Empty
min = 186307434
Not Full
min = 1919796189
Not Empty
Not Empty
min = 15905889
Not Full
min = 329136660
min = 5442751
min = 163720071
Not Empty
Not Full
Not Full
Not Empty
Not Empty
Not Empty
Not Empty
min = 231217494
Not Empty
Not Full
Not Empty
Not Empty
Not Full
Not Empty
Not Full
min = 1310195448
Not Full
Not Empty
Not Full
Not Full
Not Full
Not Full
min = 530816460
min = 596053014
Not Empty
min = 13665295
Not Full
Not Empty
Not Empty
Not Empty
min = 34354414
min = 49114907
Not Full
Not Empty
Not Empty
min = 263324033
Not Empty
Not Empty
Not Full
min = 560035
Not Full
Not Empty
Not Empty
Not Full
Not Full
Not Empty
min = 73483227
Not Empty
Not Empty
min = 72567834
Empty
Not Empty
min = 126249043
Not Full
Not Empty
Not Full
Not Empty
Not Full
Not Empty
Not Full
Not Full
Not Full
Not Empty
Not Empty
Not Empty
Not Empty
Not Empty
min = 92339524
min = 56139214
Not Empty
Empty
Not Empty
Not Empty
Not Empty
Not Full
min = 366864311
Not Empty
Not Empty
Not Empty
Empty
Not Empty
Not Empty
Not Full
min = 169849252
Not Empty
Not Empty
Not Full
min = 1332285830
Not Full
Not Empty
Not Empty
min = 683392654
Not Empty
Not Full
min = 241076974
Not Empty
Not Full
Not Empty
min = 53053149
Empty
Not Empty
min = 52583289
Not Empty
min = 572353063
Not Full
Not Empty
min = 590429380
Not Full
Not Empty
Not Full
Not Empty
Not Full
min = 49965546
Not Full
Not Empty
min = 10263425
Not Full
Not Empty
Not Full
min = 119572392
Not Full
Not Full
Not Empty
Not Empty
min = 188426388
Not Empty
Not Empty
Not Full
Not Full
Not Full
Not Empty
Not Empty
Not Empty
min = 281731844
Not Empty
Not Full
Not Full
Not Full
Not Empty
Not Empty
Not Empty
Not Full
Not Empty
Not Empty
Not Full
Not Empty
Not Empty
Not Full
Not Empty
min = 228868714
min = 58698809
min = 192491587
Not Empty
Not Empty
min = 201446841
Not Full
Not Full
min = 9258025
Empty
Not Empty
min = 437898362
min = 22196168
Not Full
min = 79242960
Not Full
Not Empty
Not Full
Not Full
Not Empty
Not Full
Not Empty
Not Empty
Not Full
Not Full
Not Full
Not Full
Not Full
Not Full
Not Empty
Not Empty
Not Empty
Not Empty
min = 39783059
Not Full
Not Full
Not Empty
min = 202405030
Not Full
Not Full
min = 75382227
Not Empty
Not Full
min = 117194676
Not Empty
Not Empty
Not Full
Not Full
Not Full
Not Full
min = 32921474
Not Empty
Not Full
min = 480893363
Not Full
Not Full
Not Full
Not Empty
Not Empty
Empty
Not Full
Not Empty
Not Full
min = 140919073
min = 1243776632
min = 309339155
min = 501039222
min = 76463442
Not Full
Not Full
Not Empty
Not Full
Not Empty
Not Empty
Not Full
Not Full
Not Full
Not Full
min = 654421884
Not Empty
Not Empty
Not Full
Not Empty
