230
-158
-92
-458
-246
-139
-238
58
-380
412
58
-438
-64
-472
-498
-148
-24
237
230
-449
-50
25
-24
-50
-25
-1
30
-3
30
-24
-1
48
28
-5
14
10
-4
-26
-30
-31
42
-48
-19
28
-25
-10
-3
-30
-50
-30
-6
-50
-11
-39
14
-1
24
-20
-38
0
-33
-40
-15
-8
-26
-32
-42
-6
38
-46
-34
18
20
-20
18
-42
46
4
-14
45
10
-8
20
20
45
-46
-25
-28
-26
-32
46
-40
-44
-5
-30
26
49
-34
11
40
30
-42
-31
5
-28
25
-38
5
-46
37
-15
-46
46
-5
2
10
-18
30
-35
8
-2147483648
-2147483648
-2147483648
-2147483648
-2147483648
-2147483648
