640
368
429
338
19
241
395
337
541
302
252
636
144
690
594
198
123
297
188
551
55
109
108
275
356
25
387
645
241
10
424
176
698
289
672
321
122
563
227
487
569
768
323
402
331
778
977
147
523
168
188
566
699
659
82
53
200
483
303
166
498
75
855
416
596
688
242
94
169
492
179
247
439
372
141
124
199
358
496
557
28
687
865
296
407
203
32
92
662
647
249
80
175
163
616
419
813
710
104
115
317
49
483
60
231
839
58
609
454
195
287
211
600
577
170
257
266
565
200
67
224
338
185
123
274
709
367
446
441
530
13
322
602
189
881
71
11
81
101
417
263
199
427
149
444
693
874
173
751
257
70
836
66
136
61
839
588
52
650
197
138
156
340
225
153
35
451
136
32
243
125
92
130
10
296
270
595
377
825
531
680
617
52
349
70
7
457
235
690
93
127
354
170
662
217
359
698
295
316
314
6
447
85
890
32
18
49
225
370
252
469
483
124
127
698
444
262
422
84
48
102
62
41
528
671
315
414
68
752
141
554
191
310
67
590
777
2
204
431
263
64
235
613
372
164
485
647
61
245
968
346
210
187
100
3
736
121
175
590
644
74
39
52
689
960
2
628
891
402
572
338
244
329
142
364
181
200
308
166
234
251
635
7
178
447
73
19
424
684
27
38
601
210
1
519
483
653
464
881
271
197
404
317
42
621
677
46
53
232
515
627
225
294
615
636
73
506
353
160
383
12
160
86
28
57
282
529
351
781
142
728
566
57
129
34
729
352
11
223
364
594
116
441
114
488
258
185
875
387
201
154
453
5
152
5
64
410
57
277
379
403
188
387
132
134
836
381
485
197
253
70
133
323
171
156
102
29
86
490
536
644
684
225
708
545
287
155
584
565
701
862
145
620
593
101
462
684
17
482
136
48
421
476
379
321
868
821
243
1
213
335
170
44
76
84
915
245
11
560
143
274
333
729
646
611
461
548
18
424
757
430
208
131
140
382
200
229
705
200
635
479
341
101
486
58
538
546
144
948
167
198
271
11
92
98
785
131
282
190
327
676
513
507
145
332
262
290
541
372
167
797
294
617
489
28
5
95
234
798
85
563
181
43
158
238
101
177
26
319
746
3
402
424
225
364
368
600
130
875
48
558
530
495
362
308
540
78
359
147
254
179
426
459
11
301
9
72
572
42
615
749
23
536
453
816
347
576
194
527
707
415
253
210
615
280
614
145
113
72
111
111
269
123
176
215
74
598
565
276
245
835
701
128
245
820
287
663
391
44
117
320
285
752
574
114
216
120
119
638
831
39
173
266
663
466
206
57
520
251
422
405
457
131
180
167
479
163
354
817
117
18
351
110
650
679
107
914
523
47
618
787
509
301
340
827
234
601
189
503
77
341
320
96
333
384
51
325
100
42
945
361
427
49
199
68
363
717
52
147
438
80
504
841
12
455
558
107
224
6
224
67
193
211
190
661
347
513
396
94
114
56
212
151
190
5
463
8
176
335
428
777
55
230
52
576
123
26
877
286
84
559
53
911
536
165
643
34
633
341
236
11
337
229
14
555
221
722
10
371
761
227
495
384
360
467
637
92
400
80
124
27
534
386
110
167
198
49
113
229
97
109
379
452
40
19
609
235
464
39
352
335
792
216
450
809
727
704
315
84
45
319
413
147
250
476
357
318
491
943
62
87
159
1
489
915
25
137
751
612
236
50
555
222
558
161
316
533
836
217
486
172
236
399
322
250
302
467
154
219
608
57
292
190
190
344
645
133
141
25
241
24
116
308
87
192
200
803
461
713
456
552
241
230
364
851
622
509
464
367
81
657
133
88
104
173
188
302
433
51
409
288
117
485
513
265
716
452
91
379
437
725
136
331
401
39
36
648
126
244
578
718
138
115
85
480
14
428
165
751
288
6
614
390
293
494
282
65
220
520
151
613
250
99
722
70
526
457
154
130
54
6
499
150
48
654
34
437
158
696
39
553
497
164
465
212
292
17
227
728
270
528
366
239
91
233
135
413
536
585
437
342
105
199
899
529
452
37
338
25
378
134
705
30
2
833
419
83
180
54
470
1
422
140
420
524
274
98
610
475
154
99
376
477
490
757
167
32
295
17
16
277
141
819
396
449
174
464
121
162
401
443
72
147
682
364
290
149
182
60
63
429
519
581
542
80
396
63
126
357
199
421
806
301
207
620
185
505
426
745
774
343
115
32
94
380
90
61
369
343
20
5
301
355
750
150
226
200
706
363
718
131
359
323
787
385
336
478
543
760
628
285
32
520
364
594
534
567
143
371
223
276
22
190
507
229
129
300
506
363
591
43
182
247
859
109
662
99
602
35
205
220
429
305
123
308
89
602
529
612
13
17
27
457
393
147
758
610
485
221
601
627
267
500
774
447
788
439
241
407
290
178
535
287
418
175
3
183
391
625
252
919
899
167
369
626
299
417
290
197
17
144
145
17
367
585
214
471
122
345
582
234
323
366
112
426
149
143
291
636
358
39
554
766
140
126
52
148
85
866
217
471
221
162
16
19
153
416
325
382
166
297
510
233
278
549
180
635
9
90
492
308
124
465
668
494
208
295
134
76
166
228
163
206
266
269
23
783
530
589
190
433
192
97
632
574
205
309
324
152
36
153
532
862
959
144
588
679
68
255
79
256
47
329
211
81
129
311
906
56
383
385
11
562
733
12
350
369
356
648
324
25
143
551
132
509
247
280
56
233
312
153
56
271
255
262
432
597
38
209
378
81
71
601
631
277
31
742
276
109
194
51
697
113
293
17
145
608
294
578
558
546
204
744
158
198
615
422
265
30
823
490
483
102
646
657
185
42
78
387
558
686
461
2
18
379
221
806
112
488
249
790
659
272
279
91
213
231
488
229
285
779
610
499
122
317
40
257
484
317
385
107
393
631
459
171
336
115
252
208
120
377
476
257
307
246
723
532
37
247
311
299
610
225
477
355
181
68
84
755
526
290
196
293
196
62
614
29
317
629
328
586
388
343
700
451
588
781
184
95
291
446
215
92
692
515
86
695
185
473
146
262
313
85
214
466
107
543
553
26
318
613
178
315
217
94
347
522
440
164
438
655
603
52
541
186
863
649
542
59
109
276
84
264
111
629
477
80
528
851
594
817
190
71
671
483
340
237
147
164
262
49
180
650
221
10
554
408
437
32
120
44
163
60
568
142
49
621
146
76
650
335
45
460
338
481
4
191
89
192
244
521
402
602
225
75
231
539
52
33
104
116
57
718
288
39
417
624
150
101
24
775
123
220
291
374
212
302
193
34
683
490
11
6
161
83
96
600
444
103
19
361
565
40
186
13
13
614
587
265
188
430
537
29
376
181
22
810
69
337
399
596
39
591
65
571
832
51
146
209
36
301
452
243
102
540
550
31
421
451
10
243
648
89
331
836
787
51
53
528
250
29
125
38
197
193
93
885
320
138
302
464
840
462
201
671
7
444
228
10
307
225
320
186
3
551
259
147
488
358
750
536
69
334
233
134
159
111
759
547
26
187
179
289
127
541
322
41
139
60
41
157
72
261
248
314
307
51
597
31
375
554
451
28
287
567
166
129
764
314
79
636
187
157
362
58
11
482
45
437
640
71
36
271
232
259
55
676
361
52
528
249
92
400
156
114
316
843
122
501
94
44
247
16
373
66
467
736
36
119
252
430
911
540
308
55
586
390
168
145
623
394
594
453
