mf 1
uf 0
----- map begin -----
----- end       -----
----- map begin -----
----- end       -----
mf 1
mf 1
mf 1
uf 0
mf 1
uf 0
uf 0
uf 0
----- map begin -----
----- end       -----
mf 1
mf 1
mf 1
uf 0
uf 0
uf 0
----- map begin -----
----- end       -----
uf 0
uf 0
uf 0
mf 1
uf 0
----- map begin -----
124 Serbia
----- end       -----
mf 1
----- map begin -----
----- end       -----
----- map begin -----
----- end       -----
----- map begin -----
----- end       -----
mf 1
mf 1
uf 0
uf 0
----- map begin -----
----- end       -----
mf 1
uf 0
----- map begin -----
----- end       -----
mf 1
mf 1
mf 1
mf 1
uf 0
uf 0
----- map begin -----
72 Tome
----- end       -----
mf 1
----- map begin -----
----- end       -----
uf 0
uf 0
mf 1
mf 1
----- map begin -----
----- end       -----
----- map begin -----
----- end       -----
----- map begin -----
----- end       -----
----- map begin -----
----- end       -----
mf 1
uf 0
uf 0
mf 1
uf 0
mf 1
----- map begin -----
----- end       -----
----- map begin -----
107 Palau
----- end       -----
----- map begin -----
107 Palau
----- end       -----
mf 1
uf 0
mf 1
mf 1
----- map begin -----
----- end       -----
----- map begin -----
80 Switzerland
103 Chile
----- end       -----
mf 1
----- map begin -----
80 Switzerland
103 Chile
----- end       -----
uf 0
mf 1
----- map begin -----
48 Norway
----- end       -----
uf 0
mf 1
----- map begin -----
80 Switzerland
103 Chile
----- end       -----
mf 1
uf 0
----- map begin -----
31 Kosovo
----- end       -----
uf 0
----- map begin -----
80 Switzerland
103 Chile
----- end       -----
uf 0
----- map begin -----
120 Lesotho
----- end       -----
mf 1
mf 1
uf 0
----- map begin -----
115 Niger
122 Cuba
----- end       -----
mf 1
uf 1
uf 0
mf 1
----- map begin -----
120 Lesotho
----- end       -----
mf 1
uf 0
uf 0
uf 0
mf 1
----- map begin -----
8 Togo
72 Tome
----- end       -----
uf 0
----- map begin -----
----- end       -----
mf 1
----- map begin -----
----- end       -----
mf 1
----- map begin -----
53 Kingdom
----- end       -----
uf 0
----- map begin -----
----- end       -----
----- map begin -----
----- end       -----
mf 1
uf 0
uf 0
----- map begin -----
82 Switzerland
115 Niger
122 Cuba
----- end       -----
uf 0
uf 0
----- map begin -----
36 Herzegovina
----- end       -----
----- map begin -----
82 Switzerland
115 Niger
122 Cuba
----- end       -----
mf 1
----- map begin -----
----- end       -----
----- map begin -----
----- end       -----
uf 0
uf 0
uf 0
uf 0
mf 1
----- map begin -----
5 Zealand
----- end       -----
----- map begin -----
4 Syria
112 Ukraine
125 Chad
----- end       -----
uf 0
