----- map begin -----
----- end       -----
mf 1
----- map begin -----
----- end       -----
----- map begin -----
----- end       -----
----- map begin -----
----- end       -----
mf 1
uf 0
mf 1
uf 0
----- map begin -----
----- end       -----
mf 1
uf 0
----- map begin -----
----- end       -----
uf 0
uf 0
----- map begin -----
----- end       -----
uf 0
uf 0
----- map begin -----
----- end       -----
uf 0
mf 1
mf 1
uf 0
----- map begin -----
----- end       -----
----- map begin -----
----- end       -----
uf 0
mf 1
uf 0
uf 0
----- map begin -----
----- end       -----
uf 0
uf 0
----- map begin -----
----- end       -----
----- map begin -----
----- end       -----
uf 0
mf 1
uf 0
uf 0
----- map begin -----
----- end       -----
uf 0
----- map begin -----
----- end       -----
----- map begin -----
----- end       -----
----- map begin -----
106 Honduras
----- end       -----
uf 0
mf 1
mf 1
uf 0
uf 0
mf 1
uf 0
uf 0
mf 1
----- map begin -----
----- end       -----
----- map begin -----
----- end       -----
----- map begin -----
----- end       -----
----- map begin -----
109 Malaysia
----- end       -----
mf 1
----- map begin -----
----- end       -----
----- map begin -----
62 Indonesia
----- end       -----
mf 1
uf 0
----- map begin -----
----- end       -----
----- map begin -----
76 Malta
----- end       -----
----- map begin -----
64 Bhutan
----- end       -----
mf 1
mf 1
----- map begin -----
----- end       -----
mf 1
----- map begin -----
----- end       -----
uf 0
uf 0
uf 0
mf 1
----- map begin -----
----- end       -----
mf 1
uf 0
mf 1
----- map begin -----
94 North
----- end       -----
----- map begin -----
38 Barbados
----- end       -----
uf 0
uf 0
mf 1
uf 0
----- map begin -----
----- end       -----
uf 0
uf 0
mf 1
uf 0
mf 1
----- map begin -----
76 Malta
----- end       -----
uf 0
mf 1
----- map begin -----
98 Croatia
----- end       -----
----- map begin -----
64 Bhutan
----- end       -----
----- map begin -----
81 Congo
105 Tanzania
----- end       -----
uf 0
mf 1
uf 0
----- map begin -----
64 Bhutan
----- end       -----
uf 0
----- map begin -----
----- end       -----
----- map begin -----
103 Portugal
----- end       -----
mf 1
----- map begin -----
----- end       -----
----- map begin -----
----- end       -----
uf 0
mf 1
mf 1
mf 1
----- map begin -----
----- end       -----
mf 1
----- map begin -----
5 Libya
----- end       -----
uf 0
uf 0
mf 1
mf 1
mf 1
----- map begin -----
94 North
----- end       -----
----- map begin -----
68 South
106 Honduras
----- end       -----
mf 1
uf 0
uf 0
uf 0
----- map begin -----
----- end       -----
----- map begin -----
68 Maldives
----- end       -----
mf 1
uf 0
uf 0
----- map begin -----
82 Korea
112 Tome
----- end       -----
uf 0
----- map begin -----
76 Malta
----- end       -----
mf 1
----- map begin -----
32 Estonia
----- end       -----
----- map begin -----
62 Indonesia
----- end       -----
----- map begin -----
20 Turkey
----- end       -----
----- map begin -----
57 Jordan
----- end       -----
uf 0
uf 0
uf 0
----- map begin -----
----- end       -----
----- map begin -----
24 Sweden
64 Bhutan
----- end       -----
----- map begin -----
82 Korea
112 Tome
----- end       -----
uf 0
uf 0
uf 0
mf 1
uf 0
mf 1
mf 1
uf 0
uf 0
mf 1
mf 1
uf 0
----- map begin -----
----- end       -----
mf 1
uf 0
----- map begin -----
22 Timor
62 Indonesia
----- end       -----
uf 0
----- map begin -----
88 Chile
109 Malaysia
----- end       -----
mf 1
uf 0
----- map begin -----
0 Tome
34 Jordan
103 Portugal
----- end       -----
----- map begin -----
82 Antigua
----- end       -----
uf 0
mf 1
mf 1
----- map begin -----
116 Panama
----- end       -----
----- map begin -----
68 South
106 Honduras
----- end       -----
----- map begin -----
76 Malta
----- end       -----
uf 0
uf 0
uf 0
----- map begin -----
107 Cape
----- end       -----
uf 0
uf 0
mf 1
mf 1
----- map begin -----
52 Comoros
107 Oman
112 Sri
----- end       -----
uf 0
mf 1
----- map begin -----
116 Panama
----- end       -----
uf 0
----- map begin -----
12 Vincent
13 Liberia
38 Barbados
----- end       -----
----- map begin -----
----- end       -----
mf 1
----- map begin -----
32 Tobago
88 Chile
109 Malaysia
----- end       -----
----- map begin -----
----- end       -----
uf 0
mf 1
uf 0
----- map begin -----
24 Sweden
64 Bhutan
----- end       -----
mf 1
mf 1
uf 0
uf 0
----- map begin -----
82 Antigua
----- end       -----
mf 1
----- map begin -----
82 Korea
108 Norway
112 Tome
----- end       -----
uf 0
uf 0
----- map begin -----
66 Ghana
114 Saudi
----- end       -----
mf 1
----- map begin -----
----- end       -----
----- map begin -----
9 Canada
----- end       -----
uf 0
----- map begin -----
52 Comoros
107 Oman
112 Sri
----- end       -----
----- map begin -----
68 Maldives
----- end       -----
mf 1
uf 0
mf 1
uf 0
mf 1
----- map begin -----
45 Luxembourg
65 Slovakia
69 Vatican
----- end       -----
mf 1
uf 0
----- map begin -----
76 Malta
----- end       -----
----- map begin -----
66 Republic
----- end       -----
----- map begin -----
4 Singapore
40 Tanzania
42 Rwanda
81 Congo
105 Tanzania
----- end       -----
----- map begin -----
68 South
106 Honduras
122 Coast
----- end       -----
mf 1
mf 1
mf 1
----- map begin -----
45 Luxembourg
56 Philippines
65 Slovakia
69 Vatican
----- end       -----
mf 1
mf 1
----- map begin -----
45 Luxembourg
56 Philippines
65 Slovakia
69 Vatican
----- end       -----
mf 1
mf 1
----- map begin -----
12 Vincent
13 Liberia
38 Barbados
103 Singapore
104 France
----- end       -----
uf 0
----- map begin -----
45 Luxembourg
56 Philippines
65 Slovakia
69 Vatican
----- end       -----
uf 0
----- map begin -----
----- end       -----
uf 0
uf 0
mf 1
----- map begin -----
52 Comoros
107 Oman
112 Sri
----- end       -----
----- map begin -----
66 Ghana
114 Saudi
126 Qatar
----- end       -----
mf 1
----- map begin -----
20 Turkey
32 Costa
----- end       -----
uf 0
uf 0
mf 1
uf 1
----- map begin -----
32 Tobago
88 Chile
89 Malawi
109 Malaysia
----- end       -----
----- map begin -----
68 South
106 Honduras
122 Coast
----- end       -----
----- map begin -----
0 Tome
34 Jordan
103 Portugal
----- end       -----
uf 0
----- map begin -----
52 Comoros
107 Oman
112 Sri
----- end       -----
mf 1
----- map begin -----
0 Lithuania
----- end       -----
----- map begin -----
----- end       -----
----- map begin -----
32 Estonia
----- end       -----
mf 1
uf 1
uf 0
mf 1
uf 0
----- map begin -----
0 Tome
34 Jordan
103 Portugal
----- end       -----
mf 1
uf 0
uf 0
uf 0
uf 0
uf 0
uf 0
mf 1
mf 1
----- map begin -----
22 Timor
62 Indonesia
----- end       -----
mf 1
mf 1
----- map begin -----
66 Ghana
114 Saudi
126 Qatar
----- end       -----
uf 0
uf 0
----- map begin -----
73 Armenia
94 North
----- end       -----
----- map begin -----
0 Tome
28 Emirates
34 Jordan
80 Lucia
103 Portugal
----- end       -----
mf 1
mf 1
mf 1
uf 0
----- map begin -----
62 Monaco
112 Namibia
116 Panama
----- end       -----
uf 0
----- map begin -----
7 Botswana
94 Tuvalu
----- end       -----
uf 1
mf 1
----- map begin -----
6 Seychelles
66 Republic
----- end       -----
----- map begin -----
19 Arabia
73 Armenia
94 North
----- end       -----
mf 1
mf 1
----- map begin -----
8 Norway
22 Timor
62 Indonesia
----- end       -----
mf 1
mf 1
mf 1
uf 0
mf 1
----- map begin -----
84 Qatar
----- end       -----
mf 1
mf 0
----- map begin -----
6 Palau
57 Jordan
102 Panama
----- end       -----
uf 0
----- map begin -----
0 Lithuania
----- end       -----
----- map begin -----
0 Lithuania
----- end       -----
uf 0
----- map begin -----
8 Norway
22 Timor
62 Indonesia
----- end       -----
uf 0
mf 1
uf 0
uf 0
mf 1
mf 1
uf 0
uf 0
mf 1
uf 0
uf 0
uf 0
mf 1
uf 0
----- map begin -----
32 Estonia
----- end       -----
mf 1
----- map begin -----
32 Tobago
88 Chile
89 Malawi
109 Malaysia
----- end       -----
mf 1
mf 1
uf 0
----- map begin -----
28 Mongolia
70 Seychelles
98 Croatia
----- end       -----
----- map begin -----
62 Monaco
112 Namibia
116 Panama
----- end       -----
----- map begin -----
17 Belarus
24 Sweden
64 Bhutan
96 Tanzania
----- end       -----
uf 0
----- map begin -----
6 Palau
57 Jordan
84 Colombia
102 Panama
----- end       -----
uf 0
mf 1
uf 0
----- map begin -----
16 Sierra
66 Ghana
114 Saudi
126 Qatar
----- end       -----
mf 1
mf 1
----- map begin -----
14 Principe
32 Tobago
88 Chile
89 Malawi
109 Malaysia
----- end       -----
uf 0
uf 0
mf 1
----- map begin -----
16 Mexico
29 Barbados
44 Kuwait
84 South
----- end       -----
----- map begin -----
9 Canada
----- end       -----
----- map begin -----
0 Tome
28 Emirates
34 Jordan
80 Lucia
103 Portugal
----- end       -----
uf 0
uf 0
----- map begin -----
20 Turkey
32 Costa
----- end       -----
uf 1
mf 1
----- map begin -----
58 North
90 Trinidad
92 Paraguay
107 Cape
----- end       -----
uf 0
----- map begin -----
21 Benin
43 Niger
----- end       -----
uf 0
uf 0
mf 1
mf 0
mf 1
uf 0
uf 0
uf 1
----- map begin -----
68 Maldives
----- end       -----
mf 1
mf 1
mf 1
uf 0
uf 0
mf 1
----- map begin -----
6 Seychelles
66 Republic
----- end       -----
mf 1
mf 1
uf 0
uf 0
----- map begin -----
21 Benin
43 Niger
----- end       -----
----- map begin -----
0 Lithuania
----- end       -----
mf 1
mf 1
----- map begin -----
45 Luxembourg
56 Philippines
65 Slovakia
69 Vatican
80 Armenia
100 St
----- end       -----
----- map begin -----
0 Tome
28 Emirates
34 Jordan
80 Lucia
103 Iraq
----- end       -----
uf 0
mf 1
mf 1
uf 0
----- map begin -----
0 Tome
28 Emirates
34 Jordan
80 Lucia
103 Iraq
----- end       -----
uf 0
uf 0
----- map begin -----
0 Arabia
76 Malta
----- end       -----
mf 1
----- map begin -----
20 Turkey
32 Costa
111 Mauritius
----- end       -----
uf 0
uf 0
uf 0
----- map begin -----
9 Canada
88 Turkmenistan
----- end       -----
uf 0
----- map begin -----
0 Lithuania
----- end       -----
mf 1
----- map begin -----
28 Marshall
56 Lucia
84 Armenia
121 Mozambique
----- end       -----
----- map begin -----
68 Maldives
----- end       -----
----- map begin -----
52 Comoros
107 Oman
112 Sri
----- end       -----
mf 1
mf 1
mf 1
uf 0
mf 1
uf 0
uf 0
mf 1
----- map begin -----
114 Costa
----- end       -----
uf 0
uf 0
mf 1
uf 0
mf 1
----- map begin -----
6 Seychelles
66 Republic
----- end       -----
mf 1
mf 1
uf 0
mf 1
----- map begin -----
28 Marshall
56 Lucia
84 Armenia
121 Mozambique
----- end       -----
uf 0
uf 0
----- map begin -----
26 Honduras
58 North
90 Trinidad
92 Paraguay
107 Cape
----- end       -----
----- map begin -----
26 Honduras
58 North
90 Trinidad
92 Paraguay
107 Cape
----- end       -----
----- map begin -----
26 Honduras
58 North
90 Trinidad
92 Paraguay
107 Cape
----- end       -----
----- map begin -----
17 Suriname
45 Luxembourg
56 Philippines
65 Slovakia
69 Vatican
80 Armenia
100 St
----- end       -----
----- map begin -----
9 Canada
88 Turkmenistan
----- end       -----
mf 1
uf 0
uf 0
----- map begin -----
6 Palau
38 Ghana
57 Jordan
82 Thailand
84 Colombia
99 Zealand
102 Panama
108 Hungary
----- end       -----
mf 1
----- map begin -----
7 Botswana
94 Tuvalu
----- end       -----
----- map begin -----
0 Arabia
76 Malta
----- end       -----
uf 0
----- map begin -----
16 Sierra
19 Switzerland
66 Ghana
114 Saudi
126 Qatar
----- end       -----
----- map begin -----
28 Marshall
56 Lucia
84 Armenia
121 Mozambique
----- end       -----
mf 1
mf 1
mf 1
mf 1
uf 0
mf 1
----- map begin -----
5 Libya
98 Belize
108 Malawi
----- end       -----
mf 1
mf 1
mf 1
mf 1
----- map begin -----
32 Tobago
88 Chile
89 Malawi
96 Nigeria
109 Malaysia
----- end       -----
uf 0
mf 1
mf 1
mf 1
mf 1
mf 1
----- map begin -----
20 Turkey
32 Costa
111 Mauritius
----- end       -----
mf 1
uf 0
mf 0
mf 1
----- map begin -----
32 Estonia
88 Bahrain
----- end       -----
mf 1
----- map begin -----
0 Tome
28 Emirates
34 Jordan
80 Lucia
103 Iraq
106 Central
----- end       -----
mf 1
uf 0
uf 0
uf 0
mf 1
mf 1
uf 0
----- map begin -----
26 Honduras
58 North
64 Peru
90 Trinidad
92 Paraguay
107 Cape
----- end       -----
uf 0
uf 0
uf 0
mf 1
mf 1
----- map begin -----
6 Palau
38 Ghana
57 Jordan
82 Thailand
84 Colombia
99 Zealand
102 Panama
108 Hungary
----- end       -----
mf 1
uf 0
----- map begin -----
0 Arabia
76 Malta
----- end       -----
mf 1
mf 1
----- map begin -----
46 Sierra
80 Belize
106 Arab
111 Central
----- end       -----
----- map begin -----
12 Vincent
16 Moldova
38 Barbados
62 Comoros
90 Gambia
103 Singapore
104 France
122 Antigua
----- end       -----
mf 1
----- map begin -----
8 Norway
22 Timor
52 Honduras
62 Indonesia
----- end       -----
uf 0
----- map begin -----
0 Lithuania
----- end       -----
mf 1
----- map begin -----
8 Norway
22 Timor
52 Honduras
62 Indonesia
----- end       -----
----- map begin -----
28 Marshall
56 Lucia
84 Armenia
121 Mozambique
----- end       -----
mf 1
uf 0
mf 1
uf 0
----- map begin -----
6 Palau
38 Ghana
57 Jordan
82 Thailand
84 Colombia
99 Zealand
102 Panama
108 Hungary
----- end       -----
mf 1
----- map begin -----
12 Ghana
17 Belarus
23 Burkina
24 Sweden
64 Bhutan
96 Tanzania
98 Bahrain
----- end       -----
mf 1
mf 0
uf 0
----- map begin -----
21 Benin
28 Monaco
43 Niger
88 Congo
----- end       -----
uf 0
----- map begin -----
7 Botswana
94 Tuvalu
110 Morocco
116 Tuvalu
124 Burkina
----- end       -----
----- map begin -----
0 Lithuania
4 Burkina
----- end       -----
----- map begin -----
18 Liechtenstein
53 Belize
63 Korea
----- end       -----
uf 0
mf 1
uf 0
----- map begin -----
17 Suriname
45 Luxembourg
56 Philippines
65 Slovakia
69 Vatican
80 African
100 St
----- end       -----
uf 0
----- map begin -----
84 Qatar
116 Saudi
----- end       -----
mf 1
----- map begin -----
16 Tobago
68 Maldives
----- end       -----
mf 1
uf 0
mf 1
----- map begin -----
28 Marshall
56 Lucia
84 Armenia
121 Mozambique
----- end       -----
uf 0
----- map begin -----
20 Turkey
32 Costa
111 Mauritius
----- end       -----
uf 0
----- map begin -----
20 Turkey
32 Costa
111 Mauritius
----- end       -----
mf 1
uf 0
----- map begin -----
32 Estonia
88 Bahrain
----- end       -----
----- map begin -----
0 Arabia
76 Malta
----- end       -----
uf 0
mf 1
mf 1
----- map begin -----
16 Mexico
29 Barbados
44 Kuwait
68 Uzbekistan
84 Guinea
123 Djibouti
----- end       -----
uf 0
----- map begin -----
38 Slovenia
58 Maldives
68 South
79 Deps
84 Moldova
92 Antigua
102 Mexico
106 Honduras
112 Sao
122 Coast
----- end       -----
mf 1
uf 0
----- map begin -----
7 Botswana
94 Tuvalu
110 Morocco
116 Tuvalu
124 Burkina
----- end       -----
----- map begin -----
84 Qatar
116 Saudi
----- end       -----
uf 0
mf 1
uf 0
mf 1
uf 0
uf 0
----- map begin -----
12 Ghana
17 Belarus
23 Burkina
24 Sweden
64 Bhutan
96 Tanzania
98 Bahrain
----- end       -----
----- map begin -----
17 Suriname
45 Luxembourg
56 Philippines
65 Slovakia
69 Vatican
80 African
100 St
----- end       -----
----- map begin -----
5 Libya
98 Belize
108 Malawi
----- end       -----
mf 1
uf 0
uf 0
uf 0
mf 1
----- map begin -----
84 Qatar
116 Saudi
----- end       -----
----- map begin -----
32 Estonia
88 Bahrain
----- end       -----
----- map begin -----
18 Liechtenstein
53 Belize
63 Korea
----- end       -----
mf 1
uf 0
mf 1
----- map begin -----
40 Comoros
93 Serbia
114 Costa
117 Afghanistan
----- end       -----
----- map begin -----
46 Sierra
80 Belize
96 Ethiopia
106 Arab
111 Central
----- end       -----
----- map begin -----
40 Comoros
93 Serbia
114 Costa
117 Afghanistan
----- end       -----
mf 1
mf 1
----- map begin -----
16 Tobago
32 Tome
68 Maldives
----- end       -----
mf 1
----- map begin -----
46 Sierra
80 Belize
96 Ethiopia
106 Arab
111 Central
----- end       -----
----- map begin -----
0 Mexico
19 Arabia
32 Iraq
41 Arab
61 States
73 Armenia
94 North
----- end       -----
----- map begin -----
12 Ghana
17 Belarus
23 Burkina
24 Sweden
64 Bhutan
96 Tanzania
98 Bahrain
----- end       -----
mf 1
uf 0
uf 0
mf 1
----- map begin -----
0 Mexico
19 Arabia
32 Iraq
41 Arab
61 States
73 Armenia
94 North
103 Tobago
----- end       -----
mf 1
----- map begin -----
70 Libya
84 Qatar
116 Saudi
127 Cameroon
----- end       -----
uf 0
----- map begin -----
56 Ivory
82 Korea
88 Croatia
93 Cameroon
108 Norway
110 Venezuela
112 Tome
116 Vincent
121 Tonga
127 Botswana
----- end       -----
uf 0
----- map begin -----
5 Libya
40 Grenadines
98 Belize
108 Malawi
----- end       -----
----- map begin -----
18 Liechtenstein
53 Belize
63 Korea
----- end       -----
uf 0
----- map begin -----
16 Tobago
32 Tome
68 Maldives
----- end       -----
----- map begin -----
12 Ghana
17 Belarus
23 Burkina
24 Sweden
64 Bhutan
96 Tanzania
98 Bahrain
----- end       -----
----- map begin -----
38 Slovenia
58 Maldives
68 South
79 Deps
84 Moldova
92 Antigua
102 Mexico
106 Honduras
112 Sao
122 Coast
----- end       -----
----- map begin -----
18 Liechtenstein
53 Belize
63 Korea
----- end       -----
----- map begin -----
16 Tobago
32 Tome
68 Maldives
----- end       -----
uf 0
----- map begin -----
18 Liechtenstein
53 Belize
63 Korea
----- end       -----
----- map begin -----
4 Singapore
33 Uruguay
40 Tanzania
68 Malawi
85 Burkina
105 Tanzania
----- end       -----
mf 1
uf 0
uf 0
----- map begin -----
20 Turkey
32 Costa
111 Mauritius
----- end       -----
mf 1
uf 0
mf 1
----- map begin -----
9 Canada
76 Senegal
88 Turkmenistan
111 Mauritius
----- end       -----
mf 1
uf 0
mf 1
uf 0
mf 1
----- map begin -----
7 Botswana
94 Tuvalu
110 Morocco
116 Tuvalu
124 Burkina
127 African
----- end       -----
----- map begin -----
18 Liechtenstein
53 Belize
63 Korea
----- end       -----
uf 0
mf 1
----- map begin -----
9 Canada
76 Senegal
88 Turkmenistan
111 Mauritius
----- end       -----
----- map begin -----
40 Comoros
93 Serbia
114 Costa
117 Afghanistan
----- end       -----
mf 1
uf 0
uf 0
mf 1
uf 0
uf 0
mf 1
mf 1
mf 1
mf 1
uf 0
mf 1
mf 1
mf 1
----- map begin -----
0 Lithuania
4 Burkina
23 Angola
92 Albania
126 India
----- end       -----
uf 0
mf 1
uf 0
mf 1
uf 0
mf 1
uf 0
uf 0
----- map begin -----
20 Turkey
32 Costa
111 Mauritius
----- end       -----
mf 1
uf 0
----- map begin -----
32 Estonia
88 Bahrain
----- end       -----
----- map begin -----
4 Singapore
33 Uruguay
40 Tanzania
68 Malawi
85 Burkina
105 Tanzania
----- end       -----
uf 0
----- map begin -----
28 Mongolia
70 Seychelles
98 Croatia
----- end       -----
----- map begin -----
0 Lithuania
4 Burkina
23 Angola
92 Albania
126 India
----- end       -----
uf 0
uf 0
uf 0
mf 1
uf 0
mf 1
mf 1
mf 0
uf 0
uf 0
uf 0
----- map begin -----
28 Marshall
56 Lucia
84 Lanka
121 Mozambique
----- end       -----
uf 0
mf 1
----- map begin -----
20 Turkey
32 Costa
111 Mauritius
----- end       -----
mf 1
----- map begin -----
0 Arabia
76 Malta
80 Laos
----- end       -----
mf 1
----- map begin -----
0 Lithuania
4 Burkina
23 Angola
92 Albania
126 India
----- end       -----
uf 0
uf 0
----- map begin -----
17 Suriname
45 Luxembourg
56 Philippines
65 Slovakia
69 Vatican
80 African
100 St
----- end       -----
uf 0
uf 0
uf 0
----- map begin -----
4 Liechtenstein
5 Libya
40 Grenadines
98 Belize
102 Bahrain
108 Malawi
----- end       -----
mf 1
----- map begin -----
2 Nicaragua
6 Seychelles
58 Vanuatu
66 Republic
104 Malawi
----- end       -----
mf 1
uf 0
mf 1
uf 0
mf 1
----- map begin -----
12 Vincent
16 Moldova
38 Barbados
62 Comoros
67 Georgia
90 Gambia
103 Singapore
104 France
122 Antigua
----- end       -----
----- map begin -----
0 Tome
24 Taiwan
28 Emirates
34 Jordan
80 Lucia
103 Iraq
106 Central
----- end       -----
----- map begin -----
2 Nicaragua
6 Seychelles
58 Vanuatu
66 Republic
104 Malawi
----- end       -----
uf 1
mf 1
----- map begin -----
28 Mongolia
70 Seychelles
98 Croatia
116 Uzbekistan
----- end       -----
mf 1
uf 0
mf 1
uf 0
----- map begin -----
56 Ivory
82 Korea
88 Croatia
93 Cameroon
108 Norway
110 Venezuela
112 Tome
116 Vincent
121 Tonga
127 Botswana
----- end       -----
mf 1
----- map begin -----
4 Liechtenstein
5 Libya
40 Grenadines
98 Belize
102 Bahrain
108 Malawi
----- end       -----
uf 0
uf 0
mf 1
----- map begin -----
0 Mexico
19 Arabia
32 Iraq
41 Arab
61 States
73 Armenia
94 North
103 Tobago
----- end       -----
uf 0
mf 1
----- map begin -----
4 Liechtenstein
5 Libya
40 Grenadines
98 Belize
102 Bahrain
108 Malawi
----- end       -----
----- map begin -----
12 Vincent
16 Moldova
38 Barbados
62 Comoros
67 Georgia
90 Gambia
103 Singapore
104 France
122 Antigua
----- end       -----
uf 0
mf 1
----- map begin -----
16 Mexico
29 Barbados
44 Kuwait
64 Lanka
68 Uzbekistan
84 Guinea
122 Saint
123 Djibouti
----- end       -----
mf 1
mf 1
----- map begin -----
9 Canada
76 Senegal
88 Turkmenistan
111 Mauritius
----- end       -----
----- map begin -----
6 Palau
38 Ghana
53 Kyrgyzstan
57 Jordan
82 Thailand
84 Colombia
99 Zealand
102 Panama
105 Madagascar
108 Hungary
120 Bolivia
----- end       -----
----- map begin -----
18 Oman
32 Tobago
88 Chile
89 Malawi
96 Nigeria
109 Malaysia
----- end       -----
----- map begin -----
32 Estonia
85 Argentina
88 Bahrain
----- end       -----
mf 1
----- map begin -----
56 Vatican
70 Libya
84 Qatar
116 Saudi
122 Lithuania
127 Cameroon
----- end       -----
----- map begin -----
46 Sierra
68 Iceland
80 Belize
96 Ethiopia
106 Arab
111 Central
----- end       -----
mf 1
----- map begin -----
1 Andorra
12 Ghana
17 Belarus
23 Burkina
24 Sweden
32 Nicaragua
56 Chad
64 Bhutan
80 Bangladesh
96 Tanzania
98 Bahrain
----- end       -----
mf 0
uf 0
uf 0
----- map begin -----
14 Turkmenistan
56 Cameroon
82 Korea
88 Croatia
93 Cameroon
108 Norway
110 Venezuela
112 Tome
116 Vincent
121 Tonga
127 Botswana
----- end       -----
mf 1
uf 0
mf 1
----- map begin -----
16 Sierra
19 Switzerland
22 Bosnia
36 Bosnia
51 Eritrea
66 Ghana
92 Uzbekistan
103 Ecuador
114 Saudi
120 Portugal
126 Qatar
----- end       -----
----- map begin -----
16 Sierra
19 Switzerland
22 Bosnia
36 Bosnia
51 Eritrea
66 Ghana
92 Uzbekistan
103 Ecuador
114 Saudi
120 Portugal
126 Qatar
----- end       -----
----- map begin -----
28 Marshall
52 Ireland
56 Lucia
84 Lanka
121 Mozambique
----- end       -----
uf 0
mf 1
uf 0
----- map begin -----
2 Nicaragua
6 Seychelles
58 Vanuatu
66 Republic
104 Malawi
----- end       -----
uf 0
mf 1
mf 1
uf 0
uf 0
----- map begin -----
18 Liechtenstein
48 Nepal
53 Belize
63 Korea
108 Germany
120 Bulgaria
----- end       -----
uf 0
----- map begin -----
0 Tome
24 Taiwan
28 Emirates
34 Jordan
38 Tonga
80 Lucia
103 Iraq
106 Central
----- end       -----
uf 0
----- map begin -----
32 El
52 Costa
62 Monaco
75 Verde
112 Namibia
116 Panama
----- end       -----
----- map begin -----
0 Tome
24 Taiwan
28 Emirates
34 Jordan
38 Tonga
80 Lucia
103 Iraq
106 Central
----- end       -----
mf 0
----- map begin -----
32 Estonia
85 Argentina
88 Bahrain
----- end       -----
uf 0
----- map begin -----
4 Singapore
33 Uruguay
40 Tanzania
68 Malawi
85 Burkina
105 Tanzania
----- end       -----
mf 1
mf 1
----- map begin -----
32 Estonia
85 Argentina
88 Bahrain
----- end       -----
mf 1
mf 1
mf 1
----- map begin -----
8 Norway
22 Timor
44 Kyrgyzstan
52 Honduras
61 &
62 Indonesia
74 Belize
----- end       -----
----- map begin -----
28 Marshall
52 Ireland
56 Lucia
84 Lanka
121 Mozambique
----- end       -----
uf 0
----- map begin -----
8 Norway
22 Timor
44 Kyrgyzstan
52 Honduras
61 &
62 Indonesia
74 Belize
----- end       -----
mf 1
mf 1
----- map begin -----
21 Benin
28 Monaco
43 Niger
88 Congo
112 Marshall
----- end       -----
----- map begin -----
0 Lithuania
4 Burkina
23 Angola
40 States
92 Albania
110 Saint
126 India
----- end       -----
uf 0
----- map begin -----
0 Arabia
30 Croatia
76 Malta
80 Laos
----- end       -----
uf 0
----- map begin -----
56 Vatican
62 Principe
70 Libya
84 Qatar
116 Saudi
122 Lithuania
127 Cameroon
----- end       -----
uf 0
uf 0
mf 1
----- map begin -----
14 Turkmenistan
34 Trinidad
56 Cameroon
82 Korea
88 Croatia
93 Cameroon
108 Norway
110 Venezuela
112 Tome
116 Vincent
121 Tonga
127 Botswana
----- end       -----
mf 1
uf 0
uf 0
mf 1
mf 1
mf 1
mf 1
mf 1
uf 0
uf 0
uf 0
----- map begin -----
46 Sierra
68 Iceland
80 Belize
96 Ethiopia
106 Arab
111 Central
----- end       -----
uf 0
----- map begin -----
17 Suriname
45 Luxembourg
65 Slovakia
69 Vatican
80 African
100 St
----- end       -----
----- map begin -----
6 Palau
38 Ghana
53 Kyrgyzstan
57 Jordan
82 Thailand
84 Colombia
99 Zealand
102 Panama
105 Madagascar
108 Hungary
120 Bolivia
----- end       -----
mf 1
mf 1
----- map begin -----
9 Canada
76 Senegal
88 Turkmenistan
111 Mauritius
----- end       -----
----- map begin -----
8 India
16 Tobago
32 Tome
63 Zambia
68 Maldives
78 Lucia
----- end       -----
mf 1
mf 1
mf 1
uf 1
mf 1
uf 0
mf 1
uf 0
----- map begin -----
28 Mongolia
70 Seychelles
84 Poland
98 Croatia
116 Uzbekistan
----- end       -----
mf 1
uf 0
mf 0
mf 1
mf 1
mf 1
uf 0
mf 1
----- map begin -----
0 Lithuania
4 Burkina
23 Angola
40 States
92 Albania
110 Iran
126 India
----- end       -----
----- map begin -----
8 Norway
22 Timor
44 Kyrgyzstan
52 Honduras
61 &
62 Indonesia
74 Belize
----- end       -----
----- map begin -----
16 Sierra
19 Switzerland
22 Bosnia
36 Bosnia
51 Eritrea
66 Ghana
78 Laos
92 Uzbekistan
103 Ecuador
114 Saudi
120 Portugal
122 Gabon
125 East
126 Qatar
----- end       -----
mf 1
----- map begin -----
4 Liechtenstein
5 Libya
40 Grenadines
98 Belize
102 Bahrain
108 Malawi
----- end       -----
mf 1
uf 0
mf 1
----- map begin -----
40 Comoros
64 Uruguay
93 Serbia
114 Costa
117 Afghanistan
----- end       -----
uf 0
mf 1
mf 1
mf 1
mf 1
uf 0
----- map begin -----
14 Turkmenistan
34 Trinidad
49 Qatar
56 Cameroon
82 Korea
88 Croatia
93 Cameroon
108 Norway
110 Venezuela
112 Tome
116 Vincent
121 Tonga
127 Botswana
----- end       -----
----- map begin -----
40 Comoros
64 Uruguay
93 Serbia
114 Costa
117 Afghanistan
----- end       -----
mf 1
----- map begin -----
28 Mongolia
70 Seychelles
84 Poland
98 Croatia
116 Uzbekistan
----- end       -----
----- map begin -----
8 India
16 Tobago
32 Tome
63 Zambia
68 Maldives
78 Lucia
----- end       -----
----- map begin -----
17 Suriname
45 Luxembourg
48 Azerbaijan
65 Slovakia
69 Vatican
80 African
96 Morocco
100 St
----- end       -----
----- map begin -----
28 Marshall
34 Armenia
52 Ireland
56 Lucia
66 Marino
84 Lanka
96 Republic
121 Mozambique
----- end       -----
mf 1
uf 1
mf 1
----- map begin -----
40 Comoros
64 Uruguay
93 Serbia
114 Costa
117 Afghanistan
----- end       -----
uf 0
----- map begin -----
16 Sierra
19 Switzerland
22 Bosnia
36 Bosnia
51 Eritrea
66 Ghana
78 Laos
92 Uzbekistan
103 Ecuador
114 Saudi
120 Portugal
122 Gabon
125 East
126 Qatar
----- end       -----
----- map begin -----
21 Benin
28 Monaco
43 Niger
84 Salvador
88 Congo
112 Marshall
----- end       -----
uf 0
uf 0
mf 1
----- map begin -----
14 Turkmenistan
34 Trinidad
49 Qatar
56 Cameroon
82 Korea
88 Croatia
93 Cameroon
108 Norway
110 Venezuela
112 Tome
116 Vincent
121 Tonga
127 Botswana
----- end       -----
----- map begin -----
0 Lithuania
4 Burkina
23 Angola
40 States
92 Albania
110 Iran
126 India
----- end       -----
----- map begin -----
40 Comoros
64 Uruguay
93 Serbia
114 Costa
117 Afghanistan
----- end       -----
uf 0
uf 0
mf 1
uf 0
uf 0
mf 1
uf 0
mf 1
uf 0
mf 0
mf 1
uf 0
mf 1
----- map begin -----
17 Suriname
45 Luxembourg
48 Azerbaijan
65 Slovakia
69 Vatican
80 African
96 Morocco
100 St
----- end       -----
uf 0
mf 1
----- map begin -----
16 Sierra
19 Switzerland
22 Bosnia
36 Bosnia
51 Eritrea
66 Ghana
78 Laos
92 Uzbekistan
103 Ecuador
114 Saudi
120 Portugal
122 Gabon
125 East
126 Qatar
----- end       -----
mf 1
mf 1
mf 1
mf 1
----- map begin -----
1 Malta
6 Palau
38 Ghana
53 Kyrgyzstan
57 Jordan
82 Thailand
84 Colombia
99 Zealand
102 Panama
105 Madagascar
108 Hungary
120 Bolivia
----- end       -----
mf 1
----- map begin -----
18 Oman
22 Spain
32 Tobago
43 Poland
88 Chile
89 Malawi
96 Nigeria
109 Malaysia
----- end       -----
----- map begin -----
0 Mexico
16 City
19 Arabia
32 Iraq
41 Arab
61 States
73 Armenia
94 North
103 Tobago
----- end       -----
----- map begin -----
21 Benin
28 Monaco
43 Niger
84 Salvador
88 Congo
112 Marshall
----- end       -----
----- map begin -----
15 Bulgaria
16 Mexico
29 Barbados
44 Kuwait
48 Kenya
64 Lanka
68 Uzbekistan
84 Guinea
122 Saint
123 Djibouti
----- end       -----
----- map begin -----
0 Tome
24 Taiwan
28 Emirates
34 Jordan
38 Tonga
80 Lucia
103 Iraq
106 Central
----- end       -----
uf 0
mf 1
mf 1
uf 0
uf 0
uf 0
----- map begin -----
4 Liechtenstein
5 Libya
40 Grenadines
95 Seychelles
98 Belize
102 Bahrain
108 Malawi
----- end       -----
mf 1
uf 1
----- map begin -----
0 Tome
24 Taiwan
28 Emirates
34 Jordan
38 Tonga
80 Lucia
103 Iraq
106 Central
----- end       -----
mf 1
----- map begin -----
15 Bulgaria
16 Mexico
29 Barbados
44 Kuwait
48 Kenya
64 Lanka
68 Uzbekistan
84 Guinea
122 Saint
123 Djibouti
----- end       -----
----- map begin -----
8 India
16 Tobago
32 Tome
63 Zambia
68 Maldives
78 Lucia
----- end       -----
mf 1
----- map begin -----
21 Benin
28 Monaco
43 Niger
84 Salvador
88 Congo
112 Marshall
----- end       -----
uf 0
mf 0
uf 0
mf 1
uf 0
mf 1
mf 0
mf 1
uf 0
uf 0
----- map begin -----
0 Djibouti
25 Guyana
32 Estonia
43 Tonga
57 Argentina
85 Argentina
88 Bahrain
----- end       -----
uf 1
----- map begin -----
9 Canada
67 Emirates
76 Senegal
88 Turkmenistan
111 Mauritius
----- end       -----
----- map begin -----
32 El
44 Indonesia
52 Costa
62 Monaco
71 Tonga
75 Verde
112 Namibia
116 Panama
----- end       -----
----- map begin -----
0 Mexico
19 Arabia
32 Iraq
41 Arab
61 States
73 Armenia
94 North
103 Tobago
----- end       -----
----- map begin -----
16 Uganda
24 Central
26 Honduras
28 Turkmenistan
40 Serbia
58 North
64 Peru
90 Trinidad
92 Paraguay
104 Principe
107 Cape
----- end       -----
uf 0
mf 1
----- map begin -----
12 Vincent
16 Moldova
38 Barbados
62 Comoros
67 Georgia
90 Gambia
103 Singapore
104 France
116 Bangladesh
122 Antigua
----- end       -----
----- map begin -----
8 Armenia
52 Kitts
64 Serbia
80 Islands
86 San
107 Oman
112 Sri
----- end       -----
----- map begin -----
2 Nicaragua
6 Seychelles
58 Vanuatu
61 Solomon
64 Liechtenstein
66 Republic
104 Malawi
----- end       -----
----- map begin -----
1 Andorra
12 Ghana
17 Belarus
23 Burkina
24 Sweden
32 Nicaragua
56 Chad
64 Bhutan
80 Bangladesh
96 Tanzania
98 Bahrain
108 East
----- end       -----
uf 0
uf 0
uf 0
uf 0
mf 1
mf 1
----- map begin -----
18 Oman
22 Spain
32 Tobago
43 Poland
88 Chile
89 Malawi
96 Nigeria
109 Malaysia
----- end       -----
mf 1
mf 1
uf 0
----- map begin -----
1 Malta
6 Palau
35 Peru
38 Ghana
44 Qatar
53 Kyrgyzstan
57 Jordan
82 Thailand
84 Colombia
99 Zealand
102 Panama
105 Madagascar
108 Hungary
120 Bolivia
----- end       -----
----- map begin -----
0 Nicaragua
20 Turkey
32 Costa
111 Mauritius
----- end       -----
----- map begin -----
7 Botswana
70 Swaziland
94 Tuvalu
110 Morocco
124 Burkina
127 African
----- end       -----
mf 1
uf 0
uf 1
uf 0
----- map begin -----
4 Liechtenstein
5 Libya
40 Grenadines
95 Seychelles
98 Belize
102 Bahrain
108 Malawi
----- end       -----
uf 0
uf 0
mf 1
----- map begin -----
16 Uganda
24 Central
26 Honduras
28 Turkmenistan
40 Serbia
58 North
64 Peru
90 Trinidad
92 Paraguay
104 Principe
107 Cape
----- end       -----
----- map begin -----
0 Mexico
8 Seychelles
19 Arabia
28 Bhutan
32 Iraq
41 Arab
61 States
73 Armenia
94 North
103 Tobago
----- end       -----
mf 1
----- map begin -----
28 Lesotho
34 Armenia
46 Costa
52 Ireland
56 Lucia
66 Marino
84 Lanka
96 Republic
121 Mozambique
----- end       -----
uf 0
mf 1
uf 0
mf 1
mf 0
uf 0
mf 1
----- map begin -----
23 Principe
46 Sierra
68 Iceland
80 Belize
88 Trinidad
96 Ethiopia
100 Palau
106 Arab
111 Central
----- end       -----
mf 1
----- map begin -----
0 Mexico
8 Seychelles
19 Arabia
28 Bhutan
32 Iraq
41 Arab
61 States
73 Armenia
94 North
103 Tobago
----- end       -----
uf 0
----- map begin -----
17 Suriname
45 Luxembourg
48 Azerbaijan
65 Slovakia
69 Vatican
80 African
96 Morocco
100 China
112 Central
----- end       -----
uf 0
uf 0
uf 0
mf 1
----- map begin -----
16 Uganda
24 Central
26 Honduras
28 Turkmenistan
40 Serbia
58 North
64 Peru
90 Trinidad
92 Paraguay
104 Principe
107 Cape
----- end       -----
mf 0
----- map begin -----
12 Vincent
16 Moldova
38 Barbados
62 Comoros
67 Georgia
90 Gambia
103 Singapore
104 France
116 Bangladesh
122 Antigua
----- end       -----
----- map begin -----
0 Arabia
30 Croatia
43 Slovenia
72 Togo
76 Malta
80 Laos
104 Indonesia
----- end       -----
uf 0
uf 0
----- map begin -----
28 Lesotho
34 Armenia
46 Costa
52 Ireland
56 Lucia
66 Marino
84 Lanka
96 Republic
121 Mozambique
----- end       -----
uf 0
uf 0
----- map begin -----
28 Lesotho
34 Armenia
46 Costa
52 Ireland
56 Lucia
66 Marino
84 Lanka
96 Republic
121 Mozambique
----- end       -----
mf 1
uf 0
----- map begin -----
56 Vatican
62 Principe
84 Qatar
116 Saudi
119 Bolivia
122 Lithuania
127 Cameroon
----- end       -----
uf 0
mf 0
uf 0
----- map begin -----
28 Mongolia
30 Lanka
70 Seychelles
84 Poland
98 Croatia
116 Uzbekistan
----- end       -----
uf 0
uf 0
uf 0
uf 1
mf 1
mf 1
----- map begin -----
0 Arabia
30 Croatia
43 Slovenia
72 Togo
76 Malta
80 Laos
104 Indonesia
----- end       -----
mf 1
uf 0
mf 1
mf 1
uf 0
mf 1
mf 1
----- map begin -----
9 Canada
67 Emirates
76 Senegal
88 Turkmenistan
111 Mauritius
----- end       -----
uf 1
uf 0
uf 0
mf 1
uf 0
----- map begin -----
12 Vincent
16 Moldova
38 Barbados
62 Comoros
67 Georgia
90 Gambia
103 Singapore
104 France
116 Bangladesh
122 Antigua
----- end       -----
----- map begin -----
18 Liechtenstein
37 Zambia
48 Nepal
51 Norway
53 Belize
63 Korea
81 Albania
84 Kazakhstan
88 Kenya
108 Marshall
120 Bulgaria
----- end       -----
----- map begin -----
4 Liechtenstein
5 Libya
40 Grenadines
95 Seychelles
98 Belize
102 Bahrain
108 Malawi
----- end       -----
----- map begin -----
0 Mexico
8 Seychelles
19 Arabia
28 Bhutan
32 Iraq
41 Arab
61 States
73 Armenia
94 North
103 Tobago
----- end       -----
----- map begin -----
0 Nicaragua
20 Turkey
32 Costa
111 Mauritius
----- end       -----
mf 1
mf 1
uf 0
uf 0
mf 1
----- map begin -----
17 Suriname
45 Luxembourg
48 Azerbaijan
65 Slovakia
69 Vatican
80 African
96 Morocco
100 China
112 Central
----- end       -----
mf 1
----- map begin -----
18 Oman
22 Spain
30 Pakistan
32 Tobago
43 Poland
88 Chile
89 Malawi
96 Nigeria
109 Malaysia
----- end       -----
----- map begin -----
4 Singapore
33 Uruguay
40 Tanzania
68 Malawi
85 Burkina
105 Tanzania
112 Honduras
----- end       -----
uf 0
uf 0
----- map begin -----
0 Nicaragua
20 Turkey
32 Costa
96 Islands
111 Mauritius
----- end       -----
mf 1
uf 1
uf 0
----- map begin -----
4 Singapore
33 Uruguay
40 Tanzania
68 Malawi
85 Burkina
105 Tanzania
112 Honduras
----- end       -----
uf 1
uf 0
----- map begin -----
38 Slovenia
48 Zambia
58 Maldives
68 Lucia
79 Deps
84 Moldova
92 Antigua
102 Mexico
106 Honduras
112 Sao
115 Panama
122 Coast
----- end       -----
----- map begin -----
18 Liechtenstein
37 Zambia
48 Nepal
51 Norway
53 Belize
63 Korea
81 Albania
84 Kazakhstan
88 Kenya
108 Marshall
120 Bulgaria
----- end       -----
mf 1
uf 0
uf 0
mf 1
uf 0
uf 0
uf 0
uf 0
mf 0
uf 1
uf 1
uf 1
uf 0
uf 0
uf 0
uf 0
----- map begin -----
0 Mexico
8 Seychelles
19 Arabia
28 Bhutan
32 Iraq
41 Arab
61 States
73 Armenia
94 North
103 Tobago
----- end       -----
uf 0
mf 1
mf 1
uf 0
mf 1
mf 1
uf 0
mf 1
uf 0
uf 0
----- map begin -----
8 India
16 Tobago
32 Tome
63 Zambia
68 Maldives
78 Lucia
104 Andorra
112 Chile
124 Jamaica
----- end       -----
mf 1
----- map begin -----
17 Suriname
40 Republic
45 Luxembourg
48 Azerbaijan
65 Slovakia
69 Vatican
80 African
82 Cambodia
96 Morocco
100 China
112 Central
----- end       -----
----- map begin -----
17 Suriname
40 Republic
45 Luxembourg
48 Azerbaijan
65 Slovakia
69 Vatican
80 African
82 Cambodia
96 Morocco
100 China
112 Central
----- end       -----
----- map begin -----
9 Canada
67 Emirates
76 Senegal
88 Turkmenistan
111 Mauritius
----- end       -----
