1 6 31 113 122 144 303 556 642 691 727 816 851 853 918 984 994 1014 1240 1241 
2383 2284 2214 2206 2181 2164 2128 2100 2094 2019 2001 1979 1919 1844 1558 1550 1530 1431 1395 1347 
2474 2520 2548 2567 2654 2694 2726 2771 2785 2825 2839 2869 2918 3302 3381 3429 3461 3584 3635 3639 
5119 5068 5068 5020 4992 4964 4856 4828 4679 4540 4528 4215 4059 4047 3939 3859 3849 3826 3824 3750 
5148 5153 5172 5209 5299 5418 5424 5504 5885 5957 6191 6234 6313 6411 6635 6854 6883 6911 6924 6954 
8781 8773 8550 8492 8461 8360 8306 8306 8081 8044 7743 7680 7624 7573 7573 7571 7357 7293 7117 7106 
8882 8899 8932 9011 9059 9135 9145 9250 9337 9359 9372 9500 9515 9633 9699 9757 9959 10069 10076 10147 
12188 12035 12030 12013 11942 11812 11798 11624 11218 11188 10957 10893 10863 10824 10770 10722 10608 10575 10445 10275 
12453 12514 12562 12603 12635 12749 12845 12946 13036 13041 13097 13162 13217 13227 13236 13296 13441 13450 13650 13789 
15667 15625 15567 15490 15329 15229 15031 14987 14592 14574 14387 14170 14136 14100 14093 13983 13973 13945 13867 13848 
15712 15736 15949 15963 16079 16104 16277 16785 16805 16869 16939 17004 17034 17105 17208 17222 17315 17337 17376 17547 
19204 19074 18936 18719 18707 18643 18600 18500 18448 18392 18383 18349 18331 18278 18262 18033 17924 17749 17707 17656 
19329 19381 19387 19519 19531 19778 19867 19983 20148 20231 20367 20484 20513 20540 20842 21130 21220 21440 21503 21514 
23151 23034 22972 22966 22962 22826 22783 22659 22499 22463 22416 22388 22233 22084 22080 21918 21781 21766 21691 21518 
23280 23301 23314 23395 23479 23496 23508 23636 23647 23706 23822 23830 23926 24099 24176 24181 24191 24240 24323 24325 
25523 25456 25418 25358 25337 25296 25207 25184 25165 25154 25032 24952 24932 24832 24821 24724 24700 24627 24556 24469 
25525 25633 25763 25790 25928 26004 26012 26082 26098 26152 26182 26202 26219 26223 26492 26580 26584 26605 26630 26683 
29001 28573 28497 28363 28362 28226 28022 27668 27640 27550 27517 27325 27239 27170 27152 27132 27128 27011 26922 26750 
29084 29110 29119 29186 29214 29216 29268 29283 29339 29390 29666 29703 29832 29850 30029 30060 30156 30270 30299 30488 
32755 32572 32485 32473 32442 32115 32062 32018 31972 31848 31609 31527 31366 31353 30994 30972 30866 30637 30621 30581 
