56 153 206 231 243 324 391 449 460 471 514 532 562 585 599 609 658 733 779 785 832 889 894 917 936 1054 1062 1083 1165 1178 
2244 2241 2238 2121 2028 1938 1908 1898 1874 1851 1845 1820 1786 1659 1615 1597 1573 1566 1555 1545 1519 1445 1443 1406 1366 1325 1312 1267 1242 1211 
2281 2330 2345 2423 2432 2447 2471 2485 2601 2604 2644 2660 2705 2739 2758 2782 2788 2827 2929 2929 2940 2975 3009 3055 3075 3080 3098 3132 3172 3216 
4614 4585 4581 4486 4440 4429 4393 4327 4155 4006 3952 3913 3903 3866 3849 3846 3810 3726 3719 3642 3523 3483 3448 3447 3443 3407 3375 3339 3284 3272 
4687 4690 4729 4792 4797 4876 4876 4891 4892 4944 5056 5057 5062 5073 5137 5185 5216 5234 5275 5389 5467 5503 5534 5542 5579 5589 5673 5915 5935 5947 
7021 6995 6980 6926 6920 6909 6905 6849 6780 6757 6750 6709 6682 6599 6538 6537 6487 6447 6443 6441 6273 6181 6132 6119 6059 6047 6039 6034 6001 5959 
7089 7101 7110 7198 7294 7299 7422 7581 7592 7612 7621 7662 7663 7743 7750 7771 7831 7854 7861 7875 7951 7955 7960 7990 7995 8137 8142 8160 8204 8247 
9467 9452 9363 9363 9266 9226 9223 9188 9184 9177 9115 9088 9048 8951 8945 8944 8924 8901 8898 8887 8735 8705 8672 8581 8552 8444 8437 8331 8293 8253 
9511 9515 9552 9560 9573 9576 9648 9676 9693 9695 9715 9722 9748 9822 9894 9908 9908 10008 10017 10065 10132 10161 10221 10251 10255 10318 10334 10367 10378 10391 
11426 11372 11352 11343 11331 11279 11236 11193 11030 10964 10941 10930 10859 10790 10778 10725 10677 10655 10652 10626 10595 10593 10540 10464 10461 10453 10433 10428 10423 10405 
11522 11543 11597 11614 11782 11805 11836 11845 11921 11954 11960 11989 12034 12046 12049 12101 12117 12173 12176 12194 12287 12318 12320 12361 12361 12376 12429 12463 12465 12487 
13505 13502 13490 13484 13393 13354 13341 13340 13335 13319 13310 13300 13294 13211 13114 13106 13096 13080 13073 13049 13045 13040 12929 12917 12904 12844 12740 12735 12609 12563 
13508 13536 13550 13635 13641 13670 13675 13683 13683 13728 13746 13772 13785 13819 13869 13873 13975 14006 14008 14026 14026 14109 14126 14158 14199 14268 14395 14426 14496 14573 
15790 15783 15750 15745 15729 15515 15487 15476 15444 15383 15253 15211 15181 15075 15028 15005 14995 14946 14920 14919 14852 14787 14762 14751 14748 14741 14731 14720 14688 14589 
15801 15813 15827 15969 16019 16042 16062 16075 16088 16099 16099 16117 16132 16167 16179 16251 16273 16278 16338 16434 16446 16477 16595 16623 16633 16655 16667 16678 16700 16711 
17575 17502 17488 17471 17435 17432 17428 17417 17398 17370 17354 17333 17302 17301 17275 17212 17190 17117 17114 17071 17051 16997 16972 16920 16858 16796 16792 16792 16760 16743 
17631 17650 17662 17801 17847 17893 17902 18018 18030 18030 18091 18105 18130 18201 18251 18256 18264 18284 18309 18358 18428 18467 18480 18568 18575 18577 18585 18619 18655 18702 
19835 19814 19812 19803 19749 19747 19687 19686 19668 19626 19626 19450 19421 19394 19314 19288 19206 19185 19137 19117 19074 19060 19058 19030 19022 18999 18941 18928 18842 18804 
19859 19888 19892 19899 19940 20048 20049 20108 20118 20208 20211 20230 20234 20244 20317 20439 20442 20467 20523 20524 20525 20598 20610 20699 20750 20774 20835 20840 20877 20908 
21613 21589 21561 21560 21510 21501 21466 21464 21463 21458 21454 21446 21388 21337 21308 21275 21270 21269 21256 21176 21154 21143 21141 21098 21048 21001 20983 20952 20914 20910 
21628 21638 21638 21647 21650 21667 21689 21706 21750 21759 21778 21786 21813 21875 21896 21924 21995 22048 22065 22071 22085 22105 22147 22232 22278 22297 22371 22393 22417 22478 
23720 23705 23696 23645 23516 23473 23396 23388 23387 23336 23324 23289 23258 23123 23104 23084 23075 23068 23064 23033 22997 22993 22745 22688 22596 22536 22535 22514 22510 22502 
23739 23766 23774 23804 23913 24075 24249 24260 24289 24335 24364 24394 24473 24492 24496 24511 24520 24552 24571 24633 24692 24706 24715 24757 24760 24791 24861 24876 24935 24939 
26343 26282 26259 26235 26141 26096 26095 25910 25840 25740 25646 25639 25485 25470 25447 25418 25389 25381 25352 25295 25281 25275 25228 25220 25194 25148 25097 25097 25052 25019 
26346 26410 26422 26467 26482 26495 26503 26565 26590 26652 26674 26680 26731 26748 26776 26793 26827 26835 26861 26909 26917 26927 26967 27029 27146 27179 27208 27273 27420 27430 
28744 28647 28597 28543 28537 28526 28509 28492 28489 28388 28386 28381 28353 28324 28307 28186 28171 28109 28109 28071 27980 27961 27914 27879 27764 27678 27668 27594 27520 27446 
28754 28791 28801 28811 28864 28870 28882 28891 28924 28931 28971 28986 29039 29097 29122 29133 29141 29201 29241 29243 29319 29370 29394 29415 29454 29469 29504 29599 29614 29650 
30528 30528 30431 30425 30346 30338 30322 30304 30262 30248 30243 30233 30232 30157 30141 30091 30042 30024 30023 29989 29981 29971 29969 29929 29901 29838 29707 29676 29656 29653 
30566 30584 30638 30638 30667 30749 30791 30800 30866 30881 30899 30965 31064 31114 31290 31298 31302 31332 31352 31370 31384 31420 31454 31457 31466 31506 31527 31542 31576 31586 
32729 32681 32671 32643 32620 32575 32488 32486 32333 32325 32287 32246 32169 32164 32076 32050 32049 32045 31995 31976 31956 31901 31786 31777 31773 31677 31657 31645 31624 31617 
