7 28 33 38 56 60 69 142 152 165 242 247 254 267 269 288 294 297 300 301 302 341 360 367 381 418 419 425 429 434 440 445 451 467 483 519 550 557 560 583 600 615 653 656 684 691 691 706 712 730 
1361 1338 1309 1306 1281 1272 1226 1214 1212 1210 1194 1174 1172 1156 1138 1116 1091 1087 1084 1076 1053 1040 1028 1028 1026 1017 1008 991 989 980 948 937 917 908 903 897 874 851 846 836 825 792 786 779 771 758 752 749 734 732 
1376 1376 1380 1392 1395 1417 1420 1421 1474 1475 1496 1507 1516 1518 1543 1545 1574 1584 1589 1609 1616 1617 1629 1633 1642 1648 1658 1671 1676 1693 1701 1710 1729 1732 1734 1737 1743 1754 1756 1766 1768 1771 1779 1787 1799 1801 1804 1809 1820 1860 
2600 2600 2592 2587 2548 2540 2488 2456 2454 2451 2438 2432 2394 2392 2363 2363 2352 2336 2317 2311 2302 2301 2299 2243 2233 2227 2226 2220 2212 2202 2199 2187 2148 2136 2102 2066 2063 2051 2049 2017 1995 1994 1965 1954 1950 1925 1916 1899 1896 1863 
2602 2628 2633 2650 2654 2660 2667 2678 2685 2705 2713 2726 2746 2758 2806 2826 2832 2842 2851 2862 2864 2866 2888 2918 2920 2922 2933 2934 2945 2971 3006 3012 3018 3056 3058 3065 3069 3078 3082 3092 3099 3104 3110 3112 3138 3145 3157 3164 3164 3175 
3940 3930 3910 3903 3902 3901 3884 3880 3877 3873 3855 3831 3821 3820 3793 3790 3783 3774 3750 3750 3674 3658 3642 3639 3633 3578 3559 3555 3544 3530 3472 3464 3455 3393 3389 3388 3382 3381 3344 3327 3306 3297 3274 3268 3257 3247 3246 3237 3199 3180 
3957 3970 3979 3992 4000 4008 4032 4033 4061 4069 4074 4087 4090 4098 4125 4141 4146 4159 4166 4170 4195 4204 4206 4214 4238 4245 4256 4268 4277 4305 4315 4321 4351 4354 4357 4359 4382 4394 4398 4411 4413 4418 4451 4478 4492 4495 4502 4529 4556 4567 
5298 5292 5289 5284 5274 5249 5230 5189 5187 5186 5173 5164 5145 5130 5129 5122 5110 5102 5101 5055 5051 5029 5012 5001 4966 4963 4961 4959 4955 4944 4931 4873 4861 4830 4822 4795 4789 4787 4770 4753 4727 4720 4697 4675 4673 4668 4641 4607 4590 4568 
5310 5312 5318 5319 5333 5334 5338 5360 5364 5368 5373 5386 5396 5415 5423 5430 5440 5455 5456 5457 5480 5485 5488 5488 5501 5516 5517 5547 5568 5572 5577 5583 5591 5595 5645 5654 5717 5734 5741 5747 5751 5774 5808 5840 5850 5854 5858 5864 5867 5889 
6578 6550 6548 6499 6496 6483 6470 6464 6461 6454 6453 6447 6436 6430 6419 6415 6404 6386 6381 6376 6366 6346 6337 6324 6321 6314 6264 6241 6240 6232 6214 6211 6203 6174 6162 6147 6141 6139 6106 6101 6097 6071 6036 6010 6004 6003 6001 5996 5905 5890 
6592 6603 6613 6615 6618 6619 6620 6626 6630 6631 6642 6646 6679 6686 6686 6729 6770 6772 6787 6802 6813 6819 6836 6837 6916 6925 6930 6972 6992 6993 6998 7006 7020 7046 7049 7051 7051 7069 7071 7075 7089 7093 7138 7142 7146 7153 7165 7171 7176 7182 
7769 7763 7746 7738 7733 7730 7726 7718 7704 7689 7684 7681 7667 7662 7657 7621 7607 7602 7597 7592 7583 7578 7576 7548 7547 7532 7530 7527 7505 7494 7492 7490 7458 7458 7450 7438 7408 7400 7327 7302 7277 7257 7243 7243 7240 7233 7223 7207 7206 7194 
7777 7784 7838 7843 7844 7867 7871 7878 7887 7901 7901 7901 7905 7927 7936 7944 7973 7979 7987 7992 8000 8010 8017 8037 8045 8048 8063 8078 8079 8090 8097 8098 8112 8124 8158 8180 8183 8186 8191 8217 8234 8239 8253 8279 8287 8297 8313 8322 8325 8334 
8966 8963 8943 8938 8938 8935 8897 8879 8819 8778 8764 8754 8750 8744 8721 8703 8702 8691 8688 8678 8662 8637 8630 8629 8606 8592 8574 8558 8557 8556 8555 8543 8517 8501 8499 8475 8468 8459 8439 8420 8416 8404 8404 8371 8366 8366 8366 8352 8344 8343 
8967 8975 8996 9008 9014 9016 9042 9043 9055 9070 9087 9121 9124 9166 9170 9183 9187 9209 9218 9220 9220 9233 9271 9283 9290 9364 9379 9386 9389 9390 9392 9400 9404 9408 9430 9433 9439 9443 9467 9473 9490 9504 9515 9542 9555 9582 9584 9604 9618 9621 
10401 10368 10367 10347 10345 10341 10327 10298 10292 10284 10281 10271 10269 10238 10230 10215 10212 10199 10179 10150 10127 10106 10105 10082 10026 10011 9985 9984 9957 9953 9921 9920 9906 9904 9888 9867 9861 9858 9858 9852 9845 9773 9743 9715 9708 9684 9658 9652 9651 9639 
10412 10426 10435 10456 10461 10538 10545 10554 10557 10564 10568 10581 10592 10595 10601 10634 10649 10653 10654 10657 10671 10707 10714 10726 10731 10748 10762 10764 10799 10806 10806 10844 10847 10854 10869 10885 10922 10924 10925 10941 10959 10961 10988 10991 10996 11025 11036 11048 11049 11054 
11674 11671 11616 11605 11601 11596 11594 11582 11578 11564 11551 11529 11516 11513 11504 11502 11484 11477 11466 11461 11460 11446 11439 11431 11426 11379 11366 11358 11358 11325 11291 11281 11245 11243 11242 11235 11226 11225 11222 11220 11210 11185 11153 11143 11140 11132 11121 11112 11103 11057 
11697 11724 11731 11742 11743 11767 11780 11787 11794 11794 11841 11902 11902 11902 11904 11911 11931 11941 11947 11948 11991 11993 12029 12040 12082 12136 12160 12171 12182 12186 12189 12208 12228 12239 12263 12345 12346 12395 12396 12398 12400 12400 12411 12442 12443 12450 12473 12491 12496 12514 
13014 13011 12950 12927 12895 12887 12882 12881 12879 12868 12866 12848 12845 12843 12834 12827 12819 12805 12798 12788 12784 12769 12729 12702 12702 12700 12698 12679 12668 12665 12654 12649 12635 12634 12621 12618 12618 12599 12592 12589 12569 12560 12559 12552 12551 12543 12541 12534 12526 12517 
13053 13056 13076 13094 13104 13104 13107 13119 13141 13148 13153 13164 13166 13198 13224 13242 13266 13274 13298 13341 13341 13347 13383 13384 13389 13416 13427 13463 13488 13505 13516 13526 13541 13548 13570 13579 13601 13610 13634 13639 13654 13665 13677 13685 13723 13733 13774 13779 13792 13800 
14360 14349 14344 14343 14322 14303 14298 14294 14289 14240 14236 14232 14228 14213 14203 14186 14185 14168 14147 14147 14120 14118 14117 14115 14114 14109 14103 14094 14077 14061 14060 14059 14021 13987 13987 13984 13978 13974 13956 13944 13912 13910 13909 13908 13904 13889 13882 13850 13827 13823 
14389 14389 14397 14404 14418 14422 14427 14441 14472 14480 14498 14550 14555 14564 14606 14609 14627 14641 14689 14713 14720 14749 14762 14768 14789 14797 14846 14847 14875 14877 14879 14880 14899 14927 14930 14939 14943 14947 14958 15010 15011 15018 15018 15033 15059 15064 15087 15097 15128 15135 
15741 15709 15707 15697 15687 15663 15647 15643 15642 15637 15636 15617 15613 15600 15554 15550 15502 15498 15498 15495 15483 15478 15443 15442 15425 15423 15417 15415 15410 15391 15378 15358 15322 15315 15295 15281 15275 15254 15241 15239 15229 15225 15175 15171 15169 15163 15160 15160 15158 15147 
15757 15779 15789 15810 15823 15831 15848 15864 15893 15913 15916 15917 15931 15936 15940 15940 15980 16033 16048 16080 16097 16107 16111 16119 16125 16142 16151 16159 16191 16191 16194 16198 16217 16239 16251 16278 16282 16284 16287 16316 16329 16414 16420 16471 16483 16486 16492 16502 16517 16525 
17171 17155 17147 17139 17130 17123 17116 17109 17098 17070 17066 17058 17049 17045 17024 16978 16961 16942 16933 16914 16896 16893 16886 16881 16878 16859 16856 16839 16825 16805 16737 16717 16714 16695 16682 16677 16671 16671 16660 16660 16659 16657 16649 16626 16611 16598 16590 16576 16573 16532 
17173 17204 17235 17248 17261 17285 17290 17290 17298 17314 17326 17328 17366 17369 17392 17402 17409 17446 17453 17467 17479 17564 17596 17608 17647 17668 17681 17705 17718 17723 17723 17736 17742 17760 17764 17766 17776 17778 17787 17818 17825 17853 17874 17883 17892 17911 17914 17919 17939 17955 
18609 18606 18583 18565 18538 18530 18512 18512 18501 18495 18494 18489 18489 18468 18457 18407 18397 18397 18362 18355 18328 18325 18317 18313 18311 18285 18284 18259 18221 18199 18189 18169 18164 18162 18147 18135 18131 18120 18090 18080 18067 18063 18058 18047 18021 18019 18004 17981 17979 17956 
18638 18665 18685 18690 18690 18699 18701 18716 18717 18728 18735 18739 18762 18766 18773 18800 18808 18812 18821 18830 18840 18864 18869 18915 18934 18951 18961 18966 18971 18974 18984 18987 19006 19011 19024 19056 19068 19070 19075 19080 19085 19106 19112 19127 19131 19134 19145 19151 19157 19170 
19737 19733 19719 19714 19703 19669 19669 19659 19619 19605 19598 19579 19573 19558 19558 19551 19532 19511 19496 19493 19484 19481 19467 19462 19432 19416 19414 19412 19396 19395 19380 19378 19374 19373 19371 19360 19341 19337 19332 19325 19309 19305 19278 19272 19208 19201 19195 19187 19180 19177 
19759 19759 19760 19773 19774 19779 19782 19790 19811 19825 19837 19898 19901 19910 19911 19924 19964 19988 19990 19993 20004 20007 20011 20034 20048 20058 20060 20085 20102 20112 20116 20122 20129 20129 20162 20174 20176 20191 20200 20206 20211 20237 20238 20268 20291 20293 20298 20304 20329 20353 
21081 21070 21027 21025 21024 21019 21014 21014 20999 20975 20957 20940 20931 20894 20878 20831 20831 20820 20818 20814 20796 20793 20765 20745 20685 20675 20669 20654 20635 20626 20621 20614 20610 20590 20588 20586 20553 20526 20523 20510 20509 20506 20504 20478 20468 20461 20455 20406 20403 20381 
21084 21093 21105 21112 21126 21154 21166 21167 21167 21187 21191 21200 21205 21207 21270 21285 21305 21314 21317 21328 21352 21356 21357 21363 21366 21412 21444 21481 21482 21486 21497 21508 21509 21512 21513 21521 21542 21552 21561 21575 21581 21595 21597 21609 21626 21636 21644 21683 21686 21723 
22264 22257 22250 22234 22229 22219 22202 22195 22179 22174 22152 22145 22130 22112 22106 22097 22093 22063 22060 22058 22044 22044 22041 22037 22029 22017 22000 21993 21974 21961 21950 21941 21928 21923 21919 21889 21888 21852 21847 21847 21840 21834 21832 21827 21820 21815 21814 21777 21768 21737 
22273 22290 22298 22312 22318 22327 22329 22346 22351 22361 22368 22378 22383 22406 22412 22420 22425 22430 22488 22490 22498 22509 22524 22536 22578 22601 22626 22641 22651 22654 22657 22667 22684 22695 22700 22701 22703 22711 22753 22755 22808 22846 22863 22881 22884 22895 22902 22907 22915 22919 
23476 23461 23440 23401 23397 23367 23365 23361 23340 23303 23303 23297 23282 23271 23269 23266 23261 23250 23250 23244 23237 23214 23203 23173 23167 23159 23158 23157 23139 23132 23130 23119 23113 23111 23110 23087 23066 23066 23064 23046 23037 23013 23011 23008 23007 22995 22961 22944 22934 22926 
23508 23524 23555 23562 23568 23576 23627 23649 23716 23751 23758 23760 23783 23794 23795 23804 23824 23829 23836 23859 23866 23884 23888 23911 23916 23923 23923 23937 23944 23950 23963 23967 24009 24019 24029 24036 24045 24069 24069 24073 24076 24094 24116 24119 24130 24160 24169 24176 24177 24182 
24674 24659 24645 24642 24641 24637 24615 24588 24582 24580 24545 24541 24541 24534 24528 24517 24502 24489 24484 24483 24481 24468 24454 24441 24436 24430 24415 24412 24404 24400 24399 24356 24356 24336 24329 24324 24299 24294 24290 24286 24272 24258 24258 24257 24217 24204 24203 24201 24200 24191 
24688 24692 24707 24714 24723 24731 24732 24752 24760 24763 24783 24826 24847 24870 24893 24899 24921 24978 24987 24991 24996 25011 25011 25033 25050 25066 25069 25081 25089 25094 25099 25112 25123 25128 25128 25196 25207 25237 25247 25254 25261 25270 25290 25291 25300 25327 25333 25347 25352 25424 
26079 26056 26050 26043 26037 26030 26021 26004 25992 25975 25932 25928 25921 25915 25876 25871 25869 25862 25861 25839 25837 25832 25830 25822 25813 25810 25807 25806 25785 25732 25726 25700 25689 25686 25678 25654 25640 25622 25568 25559 25535 25513 25496 25477 25467 25465 25462 25460 25455 25442 
26098 26101 26114 26152 26182 26208 26218 26225 26261 26275 26296 26328 26335 26343 26343 26390 26401 26406 26412 26418 26430 26434 26452 26469 26473 26480 26486 26497 26543 26632 26656 26688 26700 26721 26722 26727 26748 26778 26782 26782 26784 26786 26791 26802 26803 26826 26829 26881 26906 26916 
27780 27763 27759 27758 27754 27737 27714 27697 27695 27692 27652 27621 27594 27587 27567 27566 27562 27557 27546 27531 27510 27504 27457 27404 27372 27362 27322 27309 27306 27299 27286 27282 27268 27254 27250 27233 27214 27141 27090 27088 27069 27063 26991 26977 26976 26976 26960 26938 26926 26923 
27785 27798 27860 27861 27863 27900 27902 27923 27936 27939 27940 27940 27959 27967 27984 28008 28024 28046 28050 28087 28091 28097 28108 28110 28111 28136 28139 28141 28160 28205 28206 28223 28224 28232 28243 28252 28257 28271 28303 28347 28356 28383 28387 28390 28413 28428 28430 28435 28440 28453 
29038 29030 29010 28995 28987 28951 28948 28940 28932 28927 28918 28900 28894 28886 28874 28855 28852 28846 28833 28830 28815 28790 28772 28760 28741 28737 28737 28729 28719 28715 28682 28650 28637 28634 28630 28622 28618 28572 28567 28555 28552 28539 28536 28513 28505 28477 28474 28472 28468 28466 
29057 29057 29065 29070 29076 29086 29102 29109 29112 29159 29164 29186 29201 29241 29251 29271 29280 29292 29304 29321 29341 29344 29357 29373 29385 29393 29423 29432 29437 29438 29442 29448 29450 29458 29475 29490 29491 29495 29505 29512 29549 29565 29569 29581 29592 29610 29621 29633 29660 29660 
30183 30170 30135 30129 30122 30118 30069 30066 30061 30059 30059 30043 30035 30012 30004 29998 29988 29974 29973 29972 29947 29939 29937 29920 29917 29917 29905 29904 29897 29896 29888 29885 29876 29873 29850 29847 29845 29843 29811 29805 29770 29763 29741 29731 29730 29723 29722 29717 29693 29688 
30186 30187 30188 30220 30226 30237 30237 30245 30256 30266 30303 30310 30312 30314 30324 30336 30337 30400 30459 30460 30467 30485 30487 30487 30493 30516 30519 30527 30540 30545 30572 30586 30590 30599 30602 30620 30621 30634 30651 30654 30656 30693 30698 30709 30736 30738 30744 30745 30746 30753 
31418 31391 31385 31316 31307 31295 31291 31281 31275 31265 31256 31248 31197 31193 31188 31180 31157 31122 31118 31104 31096 31082 31072 31070 31051 31040 31038 31030 31027 31009 31004 31001 30944 30926 30902 30891 30886 30884 30869 30859 30858 30851 30850 30838 30836 30831 30824 30777 30776 30767 
31475 31481 31483 31512 31548 31567 31568 31578 31605 31612 31620 31626 31644 31645 31646 31656 31682 31706 31720 31727 31729 31759 31762 31780 31781 31801 31805 31815 31818 31831 31836 31838 31842 31850 31868 31909 31912 31921 31930 31947 31969 31983 32005 32029 32035 32046 32061 32066 32077 32082 
32755 32736 32729 32706 32697 32662 32658 32649 32645 32636 32631 32630 32552 32514 32504 32472 32468 32462 32449 32445 32412 32405 32399 32394 32392 32378 32375 32351 32349 32337 32336 32309 32305 32303 32294 32274 32272 32242 32240 32203 32202 32198 32182 32176 32155 32145 32137 32115 32103 32085 
