ARRAY ID 9, set(-2576, -19416400) SUCCESS
ARRAY ID 9, set(-2576, -45860090) SUCCESS
ARRAY ID 7, set(-23669, -6997497) OUTOFBOUND
ARRAY ID 9, get(8089) : OUTOFBOUND
ARRAY ID 3, set(19750, 13615640) SUCCESS
ARRAY ID 5, set(-18240, 24341301) SUCCESS
No value
No value
No value
No value
No value
No value
No value
No value
No value
No value
No value
No value
No value
No value
No value
No value
No value
No value
No value
No value
No value
No value
No value
No value
No value
No value
No value
No value
No value
No value
No value
No value
No value
No value
No value
No value
No value
No value
No value
No value
No value
No value
No value
No value
No value
No value
No value
No value
No value
No value
No value
No value
No value
No value
No value
No value
No value
13615640
No value
ARRAY ID 1, set(-12160, -38777000) OUTOFBOUND
ARRAY ID 2, set(-28833, -30770482) OUTOFBOUND
ARRAY ID 8, set(18803, 26530510) SUCCESS
ARRAY ID 0, set(-4277, -31044206) SUCCESS
ARRAY ID 7, set(22841, 35213167) SUCCESS
ARRAY ID 8, set(-24447, -1077464) OUTOFBOUND
ARRAY ID 8, set(-7313, 42255790) OUTOFBOUND
ARRAY ID 0, set(23999, 31666826) OUTOFBOUND
ARRAY ID 7, get(22841) = 35213167
ARRAY ID 1, set(20099, 24581740) SUCCESS
ARRAY ID 9, get(-24747) : OUTOFBOUND
ARRAY ID 6, set(6109, 24714244) OUTOFBOUND
ARRAY ID 9, set(23001, -5113887) OUTOFBOUND
ARRAY ID 4, set(-8428, 4688326) SUCCESS
ARRAY ID 8, set(18806, 26203046) SUCCESS
ARRAY ID 7, set(22858, -44093884) SUCCESS
ARRAY ID 6, set(-30703, 39644198) SUCCESS
ARRAY ID 2, set(32745, -1185842) SUCCESS
ARRAY ID 6, set(-30708, 8582124) SUCCESS
No value
No value
-31044206
No value
No value
No value
No value
No value
No value
ARRAY ID 5, set(-18220, 505604) SUCCESS
ARRAY ID 5, get(-3436) : OUTOFBOUND
ARRAY ID 9, get(-2576) = -45860090
ARRAY ID 0, get(-4277) = -31044206
ARRAY ID 5, get(-18220) = 505604
No value
No value
No value
No value
No value
No value
No value
No value
No value
No value
No value
No value
35213167
No value
No value
No value
No value
No value
No value
No value
No value
No value
No value
No value
No value
No value
No value
No value
No value
-44093884
No value
No value
No value
No value
No value
No value
No value
No value
No value
No value
No value
No value
No value
No value
No value
ARRAY ID 3, set(-47, -6501394) OUTOFBOUND
ARRAY ID 0, set(-4278, 29068863) SUCCESS
ARRAY ID 9, set(31737, 23320636) OUTOFBOUND
ARRAY ID 0, set(-4274, -35101356) SUCCESS
ARRAY ID 5, set(-18226, 13767624) SUCCESS
ARRAY ID 0, set(-4279, 29956350) SUCCESS
ARRAY ID 3, set(-31664, 1675977) OUTOFBOUND
ARRAY ID 2, set(24083, -14069322) OUTOFBOUND
ARRAY ID 1, set(20098, -45382908) SUCCESS
ARRAY ID 2, set(4278, -39932565) OUTOFBOUND
ARRAY ID 2, set(32745, 26970142) SUCCESS
ARRAY ID 9, set(15429, -38983498) OUTOFBOUND
ARRAY ID 8, set(14171, -46657467) OUTOFBOUND
ARRAY ID 8, get(18806) = 26203046
ARRAY ID 5, set(10959, 23586682) OUTOFBOUND
ARRAY ID 6, get(-30703) = 39644198
ARRAY ID 2, get(32745) = 26970142
ARRAY ID 6, set(22507, -9229608) OUTOFBOUND
ARRAY ID 3, set(19709, 41436102) SUCCESS
ARRAY ID 6, get(-30703) = 39644198
ARRAY ID 1, set(20095, -41790150) SUCCESS
ARRAY ID 4, set(-8427, -32531816) SUCCESS
ARRAY ID 0, get(3952) : OUTOFBOUND
ARRAY ID 9, set(-2576, 28654352) SUCCESS
ARRAY ID 4, set(-28261, -26486848) OUTOFBOUND
ARRAY ID 1, set(-3367, 7410504) OUTOFBOUND
ARRAY ID 4, get(23219) : OUTOFBOUND
ARRAY ID 8, set(18821, -23963440) SUCCESS
ARRAY ID 2, set(32766, 16061148) SUCCESS
ARRAY ID 6, set(-30700, -40877766) SUCCESS
No value
No value
No value
No value
No value
No value
No value
No value
No value
No value
No value
No value
35213167
No value
No value
No value
No value
No value
No value
No value
No value
No value
No value
No value
No value
No value
No value
No value
No value
-44093884
No value
No value
No value
No value
No value
No value
No value
No value
No value
No value
No value
No value
No value
No value
No value
ARRAY ID 1, get(16223) : OUTOFBOUND
ARRAY ID 3, get(19750) = 13615640
ARRAY ID 4, set(-8431, 3867512) SUCCESS
ARRAY ID 7, set(22864, 27379280) SUCCESS
ARRAY ID 1, get(20098) = -45382908
ARRAY ID 4, get(-16383) : OUTOFBOUND
ARRAY ID 1, set(-371, -38687884) OUTOFBOUND
ARRAY ID 7, set(22855, 41663690) SUCCESS
ARRAY ID 1, set(-2951, -17385884) OUTOFBOUND
ARRAY ID 6, get(-30700) = -40877766
ARRAY ID 8, set(18818, -15463052) SUCCESS
ARRAY ID 7, set(-19383, -42666985) OUTOFBOUND
ARRAY ID 2, get(20809) : OUTOFBOUND
ARRAY ID 1, set(20093, -47502020) SUCCESS
ARRAY ID 1, get(-5020) : OUTOFBOUND
ARRAY ID 0, get(6257) : OUTOFBOUND
ARRAY ID 8, set(18800, -41389476) SUCCESS
ARRAY ID 0, set(-4279, 6945920) SUCCESS
ARRAY ID 4, set(-8446, 12135964) SUCCESS
ARRAY ID 8, get(18803) = 26530510
ARRAY ID 2, set(6401, 42539000) OUTOFBOUND
ARRAY ID 6, set(-13271, 9140629) OUTOFBOUND
ARRAY ID 9, get(25099) : OUTOFBOUND
ARRAY ID 7, set(22865, -31910104) SUCCESS
ARRAY ID 4, get(8375) : OUTOFBOUND
ARRAY ID 5, get(-9354) : OUTOFBOUND
ARRAY ID 9, set(-2576, -48088196) SUCCESS
ARRAY ID 0, get(-4274) = -35101356
ARRAY ID 3, set(19699, 33015605) SUCCESS
ARRAY ID 0, set(-4279, 23120954) SUCCESS
ARRAY ID 8, set(18798, -42359800) SUCCESS
ARRAY ID 7, set(22836, -36735049) SUCCESS
ARRAY ID 9, set(-2576, 34673069) SUCCESS
ARRAY ID 8, set(27449, -24639440) OUTOFBOUND
ARRAY ID 8, set(18836, -44594684) SUCCESS
ARRAY ID 5, set(-19316, -9055280) OUTOFBOUND
ARRAY ID 2, get(32766) = 16061148
ARRAY ID 0, get(-4279) = 23120954
ARRAY ID 0, set(-13636, 7413792) OUTOFBOUND
No value
No value
No value
No value
No value
No value
No value
No value
No value
No value
No value
No value
No value
No value
No value
No value
No value
No value
No value
No value
No value
No value
No value
No value
No value
No value
No value
No value
No value
No value
No value
No value
No value
No value
No value
No value
No value
No value
No value
No value
No value
No value
No value
8582124
No value
No value
No value
No value
39644198
No value
No value
-40877766
No value
No value
No value
No value
No value
No value
No value
No value
No value
No value
No value
No value
ARRAY ID 4, set(-1263, 34059414) OUTOFBOUND
ARRAY ID 6, get(-27873) : OUTOFBOUND
ARRAY ID 6, set(31196, 20973504) OUTOFBOUND
ARRAY ID 5, set(-18252, -48157280) SUCCESS
ARRAY ID 6, get(20411) : OUTOFBOUND
ARRAY ID 2, get(32766) = 16061148
No value
No value
No value
No value
No value
No value
33015605
No value
No value
No value
No value
No value
No value
No value
No value
No value
41436102
No value
No value
No value
No value
No value
No value
No value
No value
No value
No value
No value
No value
No value
No value
No value
No value
No value
No value
No value
No value
No value
No value
No value
No value
No value
No value
No value
No value
No value
No value
No value
No value
No value
No value
No value
No value
No value
No value
No value
No value
13615640
No value
ARRAY ID 5, set(-18225, -48120913) SUCCESS
ARRAY ID 1, get(-6307) : OUTOFBOUND
ARRAY ID 7, set(22867, 15740058) SUCCESS
ARRAY ID 0, set(-4279, 23826416) SUCCESS
ARRAY ID 6, get(-30703) = 39644198
ARRAY ID 7, set(5472, 49508150) OUTOFBOUND
ARRAY ID 2, get(6561) : OUTOFBOUND
No value
12135964
No value
No value
No value
No value
No value
No value
No value
No value
No value
No value
No value
No value
No value
No value
3867512
No value
No value
4688326
-32531816
No value
ARRAY ID 6, set(-30735, 14296104) SUCCESS
ARRAY ID 2, set(32748, 35695683) SUCCESS
ARRAY ID 1, set(23593, 32810844) OUTOFBOUND
ARRAY ID 2, set(-19386, 12306482) OUTOFBOUND
ARRAY ID 2, set(-4130, -49473000) OUTOFBOUND
ARRAY ID 7, get(22865) = -31910104
ARRAY ID 2, set(18341, -13751602) OUTOFBOUND
ARRAY ID 8, get(18818) = -15463052
ARRAY ID 8, get(16541) : OUTOFBOUND
ARRAY ID 3, set(-2101, 28773705) OUTOFBOUND
ARRAY ID 3, set(30021, 42075672) OUTOFBOUND
ARRAY ID 2, set(16709, -3655705) OUTOFBOUND
ARRAY ID 5, set(-18234, 27044544) SUCCESS
ARRAY ID 6, set(25045, 32132228) OUTOFBOUND
ARRAY ID 9, set(-2576, 33607087) SUCCESS
ARRAY ID 8, set(18833, -27705860) SUCCESS
ARRAY ID 5, get(-18252) = -48157280
ARRAY ID 5, set(-18247, -10237472) SUCCESS
ARRAY ID 2, set(5889, 17303731) OUTOFBOUND
ARRAY ID 2, set(32752, -23835633) SUCCESS
ARRAY ID 3, get(28933) : OUTOFBOUND
ARRAY ID 6, get(-30735) = 14296104
ARRAY ID 3, get(-13107) : OUTOFBOUND
ARRAY ID 8, set(18833, 38762844) SUCCESS
ARRAY ID 3, set(19747, 46930431) SUCCESS
ARRAY ID 5, set(-18236, -25427314) SUCCESS
ARRAY ID 1, get(20099) = 24581740
ARRAY ID 7, set(22846, -42140299) SUCCESS
ARRAY ID 0, set(11113, 36610478) OUTOFBOUND
ARRAY ID 4, get(-8446) = 12135964
ARRAY ID 3, set(-29161, 29312821) OUTOFBOUND
33607087
ARRAY ID 3, set(19717, -9860780) SUCCESS
ARRAY ID 9, set(16376, -14006772) OUTOFBOUND
ARRAY ID 6, set(-30709, 24446588) SUCCESS
ARRAY ID 8, set(18795, -46587418) SUCCESS
ARRAY ID 0, set(22203, -24861668) OUTOFBOUND
ARRAY ID 0, set(-4279, -26334204) SUCCESS
ARRAY ID 7, set(22860, 15506848) SUCCESS
ARRAY ID 9, get(23453) : OUTOFBOUND
ARRAY ID 5, set(17249, -36884) OUTOFBOUND
ARRAY ID 8, set(5731, 16481410) OUTOFBOUND
ARRAY ID 6, get(-22512) : OUTOFBOUND
ARRAY ID 6, set(-30701, -47385760) SUCCESS
ARRAY ID 5, get(30683) : OUTOFBOUND
ARRAY ID 9, set(-30293, 37641906) OUTOFBOUND
ARRAY ID 2, set(32750, -48105140) SUCCESS
ARRAY ID 2, get(32745) = 26970142
ARRAY ID 6, set(-28703, 16365900) OUTOFBOUND
ARRAY ID 4, set(25213, -28923498) OUTOFBOUND
ARRAY ID 2, set(-17370, 31628800) OUTOFBOUND
ARRAY ID 8, get(1427) : OUTOFBOUND
ARRAY ID 5, set(27147, -46799875) OUTOFBOUND
ARRAY ID 6, set(20261, 7096897) OUTOFBOUND
ARRAY ID 1, set(20104, 5279715) SUCCESS
ARRAY ID 0, get(-4278) = 29068863
ARRAY ID 1, get(20098) = -45382908
ARRAY ID 0, set(-4273, 8097446) SUCCESS
ARRAY ID 3, set(19750, -36441880) SUCCESS
ARRAY ID 4, set(-8430, -30230767) SUCCESS
ARRAY ID 2, set(32736, 8795310) SUCCESS
ARRAY ID 3, get(22493) : OUTOFBOUND
ARRAY ID 3, set(19725, 48436302) SUCCESS
ARRAY ID 8, set(20126, 20967960) OUTOFBOUND
ARRAY ID 1, set(20096, -28657260) SUCCESS
ARRAY ID 5, get(1997) : OUTOFBOUND
ARRAY ID 8, get(18800) = -41389476
ARRAY ID 7, get(-14343) : OUTOFBOUND
ARRAY ID 7, set(22837, 41711650) SUCCESS
ARRAY ID 4, get(-8427) = -32531816
ARRAY ID 4, set(-8440, -4121830) SUCCESS
ARRAY ID 5, get(-18226) = 13767624
ARRAY ID 7, set(-3824, -32730320) OUTOFBOUND
ARRAY ID 6, get(-30735) = 14296104
ARRAY ID 0, set(-11027, -21910254) OUTOFBOUND
ARRAY ID 6, get(-9109) : OUTOFBOUND
ARRAY ID 3, set(-22238, -48501832) OUTOFBOUND
ARRAY ID 2, get(17593) : OUTOFBOUND
ARRAY ID 5, set(26745, 49790660) OUTOFBOUND
ARRAY ID 0, set(17229, 24878265) OUTOFBOUND
ARRAY ID 5, set(-11806, 31349083) OUTOFBOUND
ARRAY ID 2, get(-16183) : OUTOFBOUND
ARRAY ID 1, set(11739, -3384688) OUTOFBOUND
ARRAY ID 2, set(7366, 15387474) OUTOFBOUND
ARRAY ID 1, set(20092, -7376180) SUCCESS
ARRAY ID 0, set(-4275, -46884251) SUCCESS
ARRAY ID 1, set(20099, -33859235) SUCCESS
ARRAY ID 1, set(8161, 35103546) OUTOFBOUND
ARRAY ID 3, set(-30483, -43382215) OUTOFBOUND
ARRAY ID 2, set(32737, -46257482) SUCCESS
ARRAY ID 0, set(-4275, -13780880) SUCCESS
ARRAY ID 0, set(-17331, 42679840) OUTOFBOUND
ARRAY ID 9, set(28200, -25040640) OUTOFBOUND
ARRAY ID 7, get(-13047) : OUTOFBOUND
ARRAY ID 7, get(22855) = 41663690
ARRAY ID 8, set(18817, -43398842) SUCCESS
ARRAY ID 4, set(26231, 35347022) OUTOFBOUND
ARRAY ID 7, get(30337) : OUTOFBOUND
ARRAY ID 5, set(27073, -46815465) OUTOFBOUND
ARRAY ID 6, set(-30711, 16600350) SUCCESS
ARRAY ID 2, set(32765, 16279652) SUCCESS
ARRAY ID 3, set(19731, -9785616) SUCCESS
ARRAY ID 6, set(-23365, -48279161) OUTOFBOUND
ARRAY ID 8, set(18794, 10508172) SUCCESS
ARRAY ID 1, set(20102, -11877962) SUCCESS
ARRAY ID 3, get(-913) : OUTOFBOUND
No value
No value
No value
No value
No value
10508172
-46587418
No value
No value
-42359800
No value
-41389476
No value
No value
26530510
No value
No value
26203046
No value
No value
No value
No value
No value
No value
No value
No value
No value
No value
-43398842
-15463052
No value
No value
-23963440
No value
No value
No value
No value
No value
No value
No value
No value
No value
No value
No value
38762844
No value
No value
-44594684
No value
No value
ARRAY ID 8, set(18837, -38739274) SUCCESS
ARRAY ID 7, set(2432, -17886424) OUTOFBOUND
ARRAY ID 3, set(20863, -31721470) OUTOFBOUND
ARRAY ID 3, get(19731) = -9785616
ARRAY ID 1, set(20097, 47715910) SUCCESS
ARRAY ID 1, set(4335, -43031800) OUTOFBOUND
ARRAY ID 2, set(21605, -38444192) OUTOFBOUND
ARRAY ID 6, get(-30709) = 24446588
ARRAY ID 2, set(-1222, 39996059) OUTOFBOUND
ARRAY ID 7, set(22839, 7268718) SUCCESS
ARRAY ID 8, get(28801) : OUTOFBOUND
ARRAY ID 8, set(18817, -12247220) SUCCESS
ARRAY ID 8, set(22505, -32750190) OUTOFBOUND
ARRAY ID 4, set(22084, -42640189) OUTOFBOUND
ARRAY ID 9, get(21786) : OUTOFBOUND
ARRAY ID 5, set(-18254, 42114944) SUCCESS
ARRAY ID 4, get(-8446) = 12135964
ARRAY ID 4, get(-8428) = 4688326
ARRAY ID 2, get(-24091) : OUTOFBOUND
ARRAY ID 8, get(18817) = -12247220
ARRAY ID 2, get(32748) = 35695683
ARRAY ID 9, set(-2576, 34766926) SUCCESS
ARRAY ID 6, set(18721, -16576904) OUTOFBOUND
ARRAY ID 5, set(-1365, -40869650) OUTOFBOUND
ARRAY ID 1, set(-427, 42601600) OUTOFBOUND
ARRAY ID 2, get(8858) : OUTOFBOUND
ARRAY ID 5, get(-18226) = 13767624
ARRAY ID 9, set(-16163, -14175361) OUTOFBOUND
ARRAY ID 2, set(-12447, -7991752) OUTOFBOUND
ARRAY ID 6, set(-24991, 13646758) OUTOFBOUND
ARRAY ID 2, get(32766) = 16061148
ARRAY ID 9, get(10545) : OUTOFBOUND
ARRAY ID 2, set(32741, 1892688) SUCCESS
ARRAY ID 3, set(-28898, -25692640) OUTOFBOUND
ARRAY ID 0, get(10597) : OUTOFBOUND
ARRAY ID 7, set(4917, -44587905) OUTOFBOUND
ARRAY ID 2, set(-5775, 37834852) OUTOFBOUND
ARRAY ID 7, get(-20211) : OUTOFBOUND
ARRAY ID 4, set(-8438, 33373320) SUCCESS
ARRAY ID 5, set(-18244, -43822981) SUCCESS
ARRAY ID 1, set(-30563, -45882640) OUTOFBOUND
ARRAY ID 5, get(-7351) : OUTOFBOUND
ARRAY ID 7, set(22857, -27224700) SUCCESS
ARRAY ID 8, set(-23855, -10996348) OUTOFBOUND
ARRAY ID 9, set(-6479, 20423008) OUTOFBOUND
ARRAY ID 2, get(32750) = -48105140
ARRAY ID 0, get(-4275) = -13780880
ARRAY ID 4, get(-4207) : OUTOFBOUND
ARRAY ID 9, set(-2576, -10251500) SUCCESS
ARRAY ID 8, set(18793, -33947502) SUCCESS
ARRAY ID 9, set(-2576, -29819813) SUCCESS
ARRAY ID 8, set(18838, -33847224) SUCCESS
No value
No value
No value
No value
-33947502
10508172
-46587418
No value
No value
-42359800
No value
-41389476
No value
No value
26530510
No value
No value
26203046
No value
No value
No value
No value
No value
No value
No value
No value
No value
No value
-12247220
-15463052
No value
No value
-23963440
No value
No value
No value
No value
No value
No value
No value
No value
No value
No value
No value
38762844
No value
No value
-44594684
-38739274
-33847224
ARRAY ID 8, set(-19028, 20503310) OUTOFBOUND
ARRAY ID 2, get(32766) = 16061148
ARRAY ID 1, set(-12471, 27103776) OUTOFBOUND
ARRAY ID 1, get(20092) = -7376180
ARRAY ID 3, set(19700, -45300745) SUCCESS
ARRAY ID 0, get(-4273) = 8097446
ARRAY ID 2, get(13889) : OUTOFBOUND
ARRAY ID 0, set(7989, 39697135) OUTOFBOUND
ARRAY ID 9, get(16167) : OUTOFBOUND
ARRAY ID 9, set(-2576, 12641837) SUCCESS
ARRAY ID 7, set(22852, -48143176) SUCCESS
ARRAY ID 7, set(1657, -49889148) OUTOFBOUND
ARRAY ID 8, set(27345, -39295361) OUTOFBOUND
ARRAY ID 6, get(-30732) : HAVENOTSET
ARRAY ID 6, get(-30711) = 16600350
ARRAY ID 1, set(20099, -39500920) SUCCESS
ARRAY ID 7, set(22857, -35336590) SUCCESS
ARRAY ID 3, get(-20911) : OUTOFBOUND
ARRAY ID 6, set(-30733, -30512814) SUCCESS
ARRAY ID 6, get(-30708) = 8582124
ARRAY ID 8, set(13441, 2401074) OUTOFBOUND
ARRAY ID 1, get(20095) = -41790150
ARRAY ID 4, set(-8444, 25833500) SUCCESS
ARRAY ID 2, set(32740, 47264500) SUCCESS
ARRAY ID 1, get(20096) = -28657260
ARRAY ID 3, get(19717) = -9860780
ARRAY ID 2, get(-16273) : OUTOFBOUND
ARRAY ID 8, set(-12765, -49966031) OUTOFBOUND
ARRAY ID 4, get(28210) : OUTOFBOUND
ARRAY ID 8, set(-8439, -13857792) OUTOFBOUND
ARRAY ID 3, set(19728, 13272438) SUCCESS
ARRAY ID 8, set(18802, -48392946) SUCCESS
ARRAY ID 2, set(32760, -20399580) SUCCESS
ARRAY ID 2, get(32766) = 16061148
ARRAY ID 7, set(22853, -6044080) SUCCESS
ARRAY ID 0, set(-4272, 36575500) SUCCESS
ARRAY ID 6, set(-30701, -20812810) SUCCESS
ARRAY ID 5, set(-18243, -31680250) SUCCESS
ARRAY ID 1, set(1792, -11176914) OUTOFBOUND
ARRAY ID 7, get(-26453) : OUTOFBOUND
ARRAY ID 5, set(-22777, 48926098) OUTOFBOUND
ARRAY ID 1, set(20102, -40140696) SUCCESS
ARRAY ID 4, set(-17275, 16706984) OUTOFBOUND
ARRAY ID 3, set(4624, 16398600) OUTOFBOUND
ARRAY ID 5, set(-18226, 13448171) SUCCESS
ARRAY ID 4, get(27210) : OUTOFBOUND
ARRAY ID 2, set(17293, -42902820) OUTOFBOUND
ARRAY ID 8, get(18821) = -23963440
ARRAY ID 2, set(32750, -9222411) SUCCESS
ARRAY ID 0, set(-30427, -37430519) OUTOFBOUND
ARRAY ID 6, get(-21503) : OUTOFBOUND
ARRAY ID 2, set(32736, -22112698) SUCCESS
ARRAY ID 1, set(-23083, 37700290) OUTOFBOUND
ARRAY ID 4, set(-21329, 44201600) OUTOFBOUND
ARRAY ID 6, set(32753, 34475472) OUTOFBOUND
ARRAY ID 4, get(-8446) = 12135964
ARRAY ID 0, set(-4278, -41244955) SUCCESS
ARRAY ID 0, get(-14656) : OUTOFBOUND
ARRAY ID 8, set(18799, 8092808) SUCCESS
ARRAY ID 8, get(13039) : OUTOFBOUND
ARRAY ID 1, get(20102) = -40140696
ARRAY ID 7, set(22836, -46211375) SUCCESS
ARRAY ID 9, get(-2576) = 12641837
ARRAY ID 9, get(-23345) : OUTOFBOUND
ARRAY ID 4, set(-8437, -37629490) SUCCESS
ARRAY ID 0, get(-4274) = -35101356
ARRAY ID 6, get(-30709) = 24446588
No value
No value
No value
No value
No value
No value
No value
No value
No value
No value
No value
No value
No value
No value
No value
No value
14296104
No value
-30512814
No value
No value
No value
No value
No value
No value
No value
No value
No value
No value
No value
No value
No value
No value
No value
No value
No value
No value
No value
No value
No value
16600350
No value
24446588
8582124
No value
No value
No value
No value
39644198
No value
-20812810
-40877766
No value
No value
No value
No value
No value
No value
No value
No value
No value
No value
No value
No value
ARRAY ID 2, get(32736) = -22112698
ARRAY ID 5, set(-1701, 9641352) OUTOFBOUND
ARRAY ID 8, get(18817) = -12247220
ARRAY ID 2, set(32758, 240157) SUCCESS
ARRAY ID 3, set(19742, -41729650) SUCCESS
ARRAY ID 9, get(-21210) : OUTOFBOUND
ARRAY ID 3, set(19745, 43269828) SUCCESS
ARRAY ID 6, set(23883, -12880) OUTOFBOUND
ARRAY ID 7, set(3097, -44259107) OUTOFBOUND
ARRAY ID 7, get(22864) = 27379280
ARRAY ID 3, set(-24409, 47560730) OUTOFBOUND
ARRAY ID 9, set(-2576, -43863779) SUCCESS
ARRAY ID 5, set(-2298, -46254500) OUTOFBOUND
ARRAY ID 1, set(27737, -19686046) OUTOFBOUND
ARRAY ID 6, set(-30732, -18975850) SUCCESS
ARRAY ID 9, set(-2576, -6412516) SUCCESS
ARRAY ID 6, set(14761, -29807116) OUTOFBOUND
ARRAY ID 0, set(-4273, 40361840) SUCCESS
ARRAY ID 3, set(19702, -35488636) SUCCESS
ARRAY ID 9, get(-2576) = -6412516
ARRAY ID 9, set(19849, 22938264) OUTOFBOUND
ARRAY ID 8, set(18804, -603900) SUCCESS
ARRAY ID 3, set(19718, 8410579) SUCCESS
ARRAY ID 4, set(-8434, 37508133) SUCCESS
ARRAY ID 1, set(851, 7974625) OUTOFBOUND
ARRAY ID 6, get(-30701) = -20812810
ARRAY ID 9, set(9745, -34933019) OUTOFBOUND
ARRAY ID 5, get(-3652) : OUTOFBOUND
ARRAY ID 4, get(-8431) = 3867512
ARRAY ID 0, set(-4273, -24475561) SUCCESS
ARRAY ID 9, get(7105) : OUTOFBOUND
ARRAY ID 8, get(-20163) : OUTOFBOUND
ARRAY ID 8, set(18793, -35218750) SUCCESS
-6412516
ARRAY ID 7, get(22837) = 41711650
ARRAY ID 6, get(-30701) = -20812810
ARRAY ID 1, set(-21205, 17126452) OUTOFBOUND
ARRAY ID 8, set(18803, 3881250) SUCCESS
ARRAY ID 7, get(30295) : OUTOFBOUND
ARRAY ID 3, get(32663) : OUTOFBOUND
ARRAY ID 6, get(-16275) : OUTOFBOUND
ARRAY ID 8, set(-24255, 21100275) OUTOFBOUND
ARRAY ID 1, get(20099) = -39500920
ARRAY ID 2, get(32740) = 47264500
ARRAY ID 7, set(22867, -47024352) SUCCESS
ARRAY ID 2, get(32760) = -20399580
ARRAY ID 8, set(18806, -30873992) SUCCESS
ARRAY ID 4, set(24635, 31311988) OUTOFBOUND
ARRAY ID 6, set(-30711, -27503893) SUCCESS
ARRAY ID 6, set(-30746, -40135840) SUCCESS
ARRAY ID 5, get(15741) : OUTOFBOUND
ARRAY ID 6, set(23703, -24565625) OUTOFBOUND
ARRAY ID 4, set(-8434, -10733128) SUCCESS
ARRAY ID 0, set(-4274, -32789586) SUCCESS
ARRAY ID 6, get(-15233) : OUTOFBOUND
ARRAY ID 2, set(-19247, 43107904) OUTOFBOUND
ARRAY ID 1, set(-18783, 17703090) OUTOFBOUND
ARRAY ID 0, get(-4278) = -41244955
ARRAY ID 4, set(19719, 42731860) OUTOFBOUND
ARRAY ID 1, set(20095, -15396300) SUCCESS
-26334204
-41244955
-31044206
No value
-13780880
-32789586
-24475561
36575500
No value
ARRAY ID 5, get(20287) : OUTOFBOUND
ARRAY ID 9, get(-2576) = -6412516
ARRAY ID 8, get(18837) = -38739274
ARRAY ID 5, get(30653) : OUTOFBOUND
ARRAY ID 8, set(18814, 33407136) SUCCESS
ARRAY ID 1, set(10434, -14368048) OUTOFBOUND
ARRAY ID 2, get(26367) : OUTOFBOUND
ARRAY ID 3, set(19746, 16549873) SUCCESS
ARRAY ID 0, get(10421) : OUTOFBOUND
ARRAY ID 0, get(26769) : OUTOFBOUND
ARRAY ID 7, get(-16417) : OUTOFBOUND
ARRAY ID 1, get(-26447) : OUTOFBOUND
ARRAY ID 7, set(22839, -3247500) SUCCESS
ARRAY ID 5, set(-18235, 6704980) SUCCESS
ARRAY ID 7, set(16057, 19877450) OUTOFBOUND
ARRAY ID 7, set(1851, -28312158) OUTOFBOUND
ARRAY ID 6, get(18269) : OUTOFBOUND
ARRAY ID 4, get(-8431) = 3867512
ARRAY ID 2, get(32740) = 47264500
ARRAY ID 4, set(30273, -49861616) OUTOFBOUND
ARRAY ID 8, get(32455) : OUTOFBOUND
ARRAY ID 6, set(-30702, 49977392) SUCCESS
ARRAY ID 1, set(13236, 4090741) OUTOFBOUND
ARRAY ID 5, get(-18252) = -48157280
ARRAY ID 2, get(9577) : OUTOFBOUND
ARRAY ID 9, set(6413, -25801493) OUTOFBOUND
ARRAY ID 1, get(20098) = -45382908
ARRAY ID 0, set(-4273, -15225585) SUCCESS
ARRAY ID 7, set(27396, -41121011) OUTOFBOUND
ARRAY ID 2, set(8973, -30300665) OUTOFBOUND
ARRAY ID 0, set(18145, -2350188) OUTOFBOUND
ARRAY ID 0, set(-4272, -16947225) SUCCESS
ARRAY ID 2, set(-14655, -22584208) OUTOFBOUND
ARRAY ID 3, get(13191) : OUTOFBOUND
ARRAY ID 2, set(20921, 4448982) OUTOFBOUND
ARRAY ID 1, set(20091, 3629444) SUCCESS
ARRAY ID 4, set(-26423, -34102764) OUTOFBOUND
ARRAY ID 9, set(-2576, -14892824) SUCCESS
ARRAY ID 4, set(-8441, -46249384) SUCCESS
ARRAY ID 9, set(-2576, 45001382) SUCCESS
ARRAY ID 3, set(19733, -9665323) SUCCESS
ARRAY ID 3, set(30845, -31683844) OUTOFBOUND
ARRAY ID 2, set(-4239, -46439365) OUTOFBOUND
ARRAY ID 3, set(19693, -47400894) SUCCESS
ARRAY ID 1, set(20092, -47262312) SUCCESS
ARRAY ID 3, set(19724, 6209800) SUCCESS
ARRAY ID 0, set(4675, -43586554) OUTOFBOUND
ARRAY ID 0, set(-6151, 26622814) OUTOFBOUND
ARRAY ID 4, set(-8439, 36294510) SUCCESS
ARRAY ID 9, get(-2576) = 45001382
ARRAY ID 9, get(-2576) = 45001382
ARRAY ID 5, set(-15777, 24456605) OUTOFBOUND
ARRAY ID 6, set(-30743, 31128889) SUCCESS
No value
No value
No value
No value
No value
-40135840
No value
No value
31128889
No value
No value
No value
No value
No value
No value
No value
14296104
No value
-30512814
-18975850
No value
No value
No value
No value
No value
No value
No value
No value
No value
No value
No value
No value
No value
No value
No value
No value
No value
No value
No value
No value
-27503893
No value
24446588
8582124
No value
No value
No value
No value
39644198
49977392
-20812810
-40877766
No value
No value
No value
No value
No value
No value
No value
No value
No value
No value
No value
No value
ARRAY ID 7, get(21188) : OUTOFBOUND
ARRAY ID 3, set(19750, -40165081) SUCCESS
ARRAY ID 0, set(-28635, 3144586) OUTOFBOUND
ARRAY ID 6, get(2514) : OUTOFBOUND
ARRAY ID 2, set(32751, -42230312) SUCCESS
ARRAY ID 1, set(20093, -28955300) SUCCESS
ARRAY ID 3, get(19717) = -9860780
ARRAY ID 8, set(18832, 4965429) SUCCESS
ARRAY ID 8, set(-18303, 49836068) OUTOFBOUND
ARRAY ID 0, set(25785, -18675400) OUTOFBOUND
ARRAY ID 8, set(-4799, -20644206) OUTOFBOUND
ARRAY ID 5, set(-18230, -5728356) SUCCESS
ARRAY ID 9, get(-2576) = 45001382
ARRAY ID 4, set(20034, -28669723) OUTOFBOUND
ARRAY ID 0, set(-4271, -14042441) SUCCESS
ARRAY ID 6, get(-30746) = -40135840
ARRAY ID 9, set(-16271, -47135750) OUTOFBOUND
ARRAY ID 5, set(-18216, 4798330) SUCCESS
ARRAY ID 3, set(-383, -49951079) OUTOFBOUND
ARRAY ID 7, set(31611, -14271037) OUTOFBOUND
ARRAY ID 3, set(15555, 33486881) OUTOFBOUND
ARRAY ID 9, set(-2576, -9012836) SUCCESS
ARRAY ID 3, get(4627) : OUTOFBOUND
ARRAY ID 3, set(-32131, 7423600) OUTOFBOUND
ARRAY ID 1, set(22159, 44581420) OUTOFBOUND
ARRAY ID 5, set(-18242, -24016956) SUCCESS
ARRAY ID 8, get(8371) : OUTOFBOUND
ARRAY ID 8, get(6834) : OUTOFBOUND
ARRAY ID 5, get(-18247) = -10237472
ARRAY ID 3, get(-6649) : OUTOFBOUND
ARRAY ID 8, get(-17075) : OUTOFBOUND
ARRAY ID 1, set(-13183, 46912650) OUTOFBOUND
ARRAY ID 6, set(-30747, -35779425) SUCCESS
ARRAY ID 4, set(-8444, -18751638) SUCCESS
ARRAY ID 4, set(-8433, -31227878) SUCCESS
ARRAY ID 9, set(22731, -15908628) OUTOFBOUND
ARRAY ID 0, set(-4227, -5063507) OUTOFBOUND
ARRAY ID 9, set(-2576, -4830237) SUCCESS
ARRAY ID 7, get(22839) = -3247500
ARRAY ID 1, get(20097) = 47715910
ARRAY ID 9, set(-19923, -46867985) OUTOFBOUND
ARRAY ID 7, set(26369, 31493762) OUTOFBOUND
ARRAY ID 8, get(18838) = -33847224
ARRAY ID 1, get(1955) : OUTOFBOUND
ARRAY ID 8, get(-2959) : OUTOFBOUND
ARRAY ID 8, set(-6744, -26388860) OUTOFBOUND
ARRAY ID 0, set(6993, -45100564) OUTOFBOUND
ARRAY ID 9, set(-11231, 24248360) OUTOFBOUND
ARRAY ID 6, get(11821) : OUTOFBOUND
ARRAY ID 6, set(-11339, 21901549) OUTOFBOUND
ARRAY ID 8, set(3467, 26465310) OUTOFBOUND
ARRAY ID 9, get(27136) : OUTOFBOUND
ARRAY ID 0, set(14326, -31073253) OUTOFBOUND
No value
No value
No value
No value
-35218750
10508172
-46587418
No value
No value
-42359800
8092808
-41389476
No value
-48392946
3881250
-603900
No value
-30873992
No value
No value
No value
No value
No value
No value
No value
33407136
No value
No value
-12247220
-15463052
No value
No value
-23963440
No value
No value
No value
No value
No value
No value
No value
No value
No value
No value
4965429
38762844
No value
No value
-44594684
-38739274
-33847224
ARRAY ID 6, get(-21997) : OUTOFBOUND
ARRAY ID 1, set(20104, -28914822) SUCCESS
ARRAY ID 3, get(19718) = 8410579
ARRAY ID 0, set(18507, 7590076) OUTOFBOUND
ARRAY ID 2, set(32754, -13368920) SUCCESS
ARRAY ID 1, get(20669) : OUTOFBOUND
ARRAY ID 0, get(-4273) = -15225585
ARRAY ID 5, get(-18216) = 4798330
ARRAY ID 0, set(-4276, -45663106) SUCCESS
ARRAY ID 6, set(-30693, -15579200) SUCCESS
ARRAY ID 8, set(18823, -12437775) SUCCESS
ARRAY ID 4, set(10933, 39208623) OUTOFBOUND
ARRAY ID 0, get(-4276) = -45663106
ARRAY ID 6, get(28324) : OUTOFBOUND
ARRAY ID 6, set(-30719, -47718912) SUCCESS
ARRAY ID 8, set(29993, 36101992) OUTOFBOUND
ARRAY ID 5, set(-18219, -27691776) SUCCESS
ARRAY ID 7, set(22856, -14813810) SUCCESS
ARRAY ID 4, set(-8445, 13701740) SUCCESS
ARRAY ID 8, get(-32307) : OUTOFBOUND
ARRAY ID 7, get(22856) = -14813810
ARRAY ID 3, set(-14302, -44345746) OUTOFBOUND
ARRAY ID 9, get(2729) : OUTOFBOUND
ARRAY ID 2, get(-2251) : OUTOFBOUND
ARRAY ID 0, set(6289, -39569088) OUTOFBOUND
ARRAY ID 2, set(845, 22807672) OUTOFBOUND
ARRAY ID 7, get(22860) = 15506848
ARRAY ID 0, set(503, 28304758) OUTOFBOUND
ARRAY ID 7, set(22844, -17801853) SUCCESS
ARRAY ID 7, get(-5393) : OUTOFBOUND
ARRAY ID 7, set(22834, 39108320) SUCCESS
ARRAY ID 6, get(-9587) : OUTOFBOUND
ARRAY ID 5, set(22357, -35355029) OUTOFBOUND
ARRAY ID 4, set(3573, 14237522) OUTOFBOUND
ARRAY ID 2, set(30302, -26339040) OUTOFBOUND
ARRAY ID 8, set(18822, -630586) SUCCESS
-47400894
No value
No value
No value
No value
No value
33015605
-45300745
No value
-35488636
No value
No value
No value
No value
No value
No value
41436102
No value
No value
No value
No value
No value
No value
No value
-9860780
8410579
No value
No value
No value
No value
No value
6209800
48436302
No value
No value
13272438
No value
No value
-9785616
No value
-9665323
No value
No value
No value
No value
No value
No value
No value
No value
-41729650
No value
No value
43269828
16549873
46930431
No value
No value
-40165081
No value
ARRAY ID 1, get(-23521) : OUTOFBOUND
ARRAY ID 7, set(-17118, -18536380) OUTOFBOUND
ARRAY ID 0, get(-4278) = -41244955
ARRAY ID 7, get(22844) = -17801853
ARRAY ID 7, set(-25515, -46884328) OUTOFBOUND
ARRAY ID 7, set(22003, 44897184) OUTOFBOUND
ARRAY ID 8, get(-121) : OUTOFBOUND
ARRAY ID 7, get(125) : OUTOFBOUND
ARRAY ID 5, get(-18234) = 27044544
ARRAY ID 0, get(-4277) = -31044206
ARRAY ID 0, get(28653) : OUTOFBOUND
ARRAY ID 6, get(-2374) : OUTOFBOUND
ARRAY ID 4, set(-4072, -27036800) OUTOFBOUND
ARRAY ID 3, set(-4549, 31355846) OUTOFBOUND
ARRAY ID 6, set(-30728, -23239722) SUCCESS
ARRAY ID 2, get(32751) = -42230312
ARRAY ID 2, set(32746, -19032363) SUCCESS
ARRAY ID 9, set(-2576, 49281368) SUCCESS
ARRAY ID 3, set(19741, -20218148) SUCCESS
ARRAY ID 5, set(-18253, 6955150) SUCCESS
ARRAY ID 4, get(-12855) : OUTOFBOUND
ARRAY ID 2, set(-2211, -47234059) OUTOFBOUND
ARRAY ID 1, set(30371, 45988414) OUTOFBOUND
ARRAY ID 3, set(19735, 30514624) SUCCESS
ARRAY ID 2, set(-11323, -46993572) OUTOFBOUND
ARRAY ID 0, get(-4278) = -41244955
ARRAY ID 9, get(-19545) : OUTOFBOUND
ARRAY ID 4, get(-8438) = 33373320
ARRAY ID 8, set(25851, -10954969) OUTOFBOUND
ARRAY ID 3, set(-16573, -28070988) OUTOFBOUND
ARRAY ID 8, set(3205, 33862031) OUTOFBOUND
ARRAY ID 3, set(-13115, -36403922) OUTOFBOUND
ARRAY ID 2, get(15415) : OUTOFBOUND
ARRAY ID 1, set(20093, 1261318) SUCCESS
ARRAY ID 2, set(28549, -41112233) OUTOFBOUND
ARRAY ID 8, set(18811, 11177450) SUCCESS
-47400894
No value
No value
No value
No value
No value
33015605
-45300745
No value
-35488636
No value
No value
No value
No value
No value
No value
41436102
No value
No value
No value
No value
No value
No value
No value
-9860780
8410579
No value
No value
No value
No value
No value
6209800
48436302
No value
No value
13272438
No value
No value
-9785616
No value
-9665323
No value
30514624
No value
No value
No value
No value
No value
-20218148
-41729650
No value
No value
43269828
16549873
46930431
No value
No value
-40165081
No value
ARRAY ID 4, set(31631, -32961495) OUTOFBOUND
ARRAY ID 3, get(19750) = -40165081
ARRAY ID 2, set(32765, 31601778) SUCCESS
ARRAY ID 5, set(-18251, 11388611) SUCCESS
ARRAY ID 3, get(21329) : OUTOFBOUND
ARRAY ID 5, set(26686, -17864612) OUTOFBOUND
No value
No value
No value
No value
-35779425
-40135840
No value
No value
31128889
No value
No value
No value
No value
No value
No value
No value
14296104
No value
-30512814
-18975850
No value
No value
No value
-23239722
No value
No value
No value
No value
No value
No value
No value
No value
-47718912
No value
No value
No value
No value
No value
No value
No value
-27503893
No value
24446588
8582124
No value
No value
No value
No value
39644198
49977392
-20812810
-40877766
No value
No value
No value
No value
No value
No value
-15579200
No value
No value
No value
No value
No value
ARRAY ID 5, set(-7423, -12868532) OUTOFBOUND
ARRAY ID 0, set(22692, 45605896) OUTOFBOUND
ARRAY ID 9, get(27641) : OUTOFBOUND
ARRAY ID 8, get(25758) : OUTOFBOUND
ARRAY ID 3, set(19736, -25541180) SUCCESS
ARRAY ID 0, set(-23371, -7012880) OUTOFBOUND
ARRAY ID 0, get(-4274) = -32789586
ARRAY ID 4, set(12134, -12940320) OUTOFBOUND
ARRAY ID 2, set(-16131, -8350545) OUTOFBOUND
ARRAY ID 5, get(-1867) : OUTOFBOUND
ARRAY ID 5, get(-15701) : OUTOFBOUND
ARRAY ID 7, set(-27999, -30400730) OUTOFBOUND
ARRAY ID 7, set(22835, 43480572) SUCCESS
ARRAY ID 7, set(-13171, -8030604) OUTOFBOUND
ARRAY ID 9, get(8601) : OUTOFBOUND
ARRAY ID 3, set(19712, 45911460) SUCCESS
ARRAY ID 2, set(32731, -44369198) SUCCESS
ARRAY ID 8, set(5181, 28159968) OUTOFBOUND
ARRAY ID 4, set(-19855, 1063145) OUTOFBOUND
ARRAY ID 6, set(-30728, 38783860) SUCCESS
ARRAY ID 0, set(-4275, -1346108) SUCCESS
ARRAY ID 7, set(22830, -1718096) SUCCESS
ARRAY ID 8, set(-4859, -10649712) OUTOFBOUND
ARRAY ID 4, set(-8436, -35428962) SUCCESS
ARRAY ID 0, set(-25855, -32393870) OUTOFBOUND
ARRAY ID 9, set(-2576, 18418035) SUCCESS
ARRAY ID 0, get(-11883) : OUTOFBOUND
ARRAY ID 9, set(-2576, -10384356) SUCCESS
ARRAY ID 1, get(-397) : OUTOFBOUND
ARRAY ID 6, get(-12235) : OUTOFBOUND
ARRAY ID 3, set(19742, -12778938) SUCCESS
ARRAY ID 7, get(22855) = 41663690
ARRAY ID 3, set(19745, 8728160) SUCCESS
ARRAY ID 3, set(-1931, -35090000) OUTOFBOUND
ARRAY ID 8, get(18817) = -12247220
ARRAY ID 5, get(-18219) = -27691776
ARRAY ID 2, set(32741, -38061920) SUCCESS
ARRAY ID 1, set(20096, 3273649) SUCCESS
ARRAY ID 1, get(10275) : OUTOFBOUND
ARRAY ID 1, get(-18121) : OUTOFBOUND
ARRAY ID 2, set(10771, 11613828) OUTOFBOUND
ARRAY ID 4, get(16129) : OUTOFBOUND
ARRAY ID 0, set(-4274, 39592781) SUCCESS
ARRAY ID 6, set(-30712, -28619672) SUCCESS
ARRAY ID 5, set(-18240, -25966948) SUCCESS
ARRAY ID 8, set(26513, 37087980) OUTOFBOUND
ARRAY ID 4, set(-8429, -40903871) SUCCESS
ARRAY ID 3, get(-13874) : OUTOFBOUND
ARRAY ID 8, get(18833) = 38762844
ARRAY ID 9, set(-3967, 36597120) OUTOFBOUND
ARRAY ID 6, get(-30700) = -40877766
ARRAY ID 5, set(32142, 7954739) OUTOFBOUND
ARRAY ID 8, set(-19215, -18542696) OUTOFBOUND
ARRAY ID 5, set(-7063, 15075456) OUTOFBOUND
ARRAY ID 1, get(28915) : OUTOFBOUND
ARRAY ID 1, set(20094, -10845068) SUCCESS
ARRAY ID 2, get(32731) = -44369198
ARRAY ID 7, get(22856) = -14813810
ARRAY ID 2, set(20579, 22843641) OUTOFBOUND
ARRAY ID 4, set(-4715, -43838689) OUTOFBOUND
ARRAY ID 9, get(-2576) = -10384356
ARRAY ID 4, set(-8428, -12880768) SUCCESS
ARRAY ID 3, set(19709, -28825100) SUCCESS
ARRAY ID 2, get(-4728) : OUTOFBOUND
ARRAY ID 3, get(19699) = 33015605
ARRAY ID 8, get(26931) : OUTOFBOUND
ARRAY ID 6, set(-3379, 14082500) OUTOFBOUND
ARRAY ID 0, get(-4278) = -41244955
No value
No value
No value
No value
-35779425
-40135840
No value
No value
31128889
No value
No value
No value
No value
No value
No value
No value
14296104
No value
-30512814
-18975850
No value
No value
No value
38783860
No value
No value
No value
No value
No value
No value
No value
No value
-47718912
No value
No value
No value
No value
No value
No value
-28619672
-27503893
No value
24446588
8582124
No value
No value
No value
No value
39644198
49977392
-20812810
-40877766
No value
No value
No value
No value
No value
No value
-15579200
No value
No value
No value
No value
No value
ARRAY ID 9, get(-2576) = -10384356
ARRAY ID 4, get(-8429) = -40903871
ARRAY ID 7, set(22868, 24443584) SUCCESS
ARRAY ID 6, get(-28106) : OUTOFBOUND
ARRAY ID 7, get(-18702) : OUTOFBOUND
ARRAY ID 9, get(-2576) = -10384356
ARRAY ID 0, get(-4279) = -26334204
ARRAY ID 7, get(22855) = 41663690
ARRAY ID 7, get(32403) : OUTOFBOUND
ARRAY ID 5, set(-18217, 887905) SUCCESS
ARRAY ID 2, set(32764, -10036650) SUCCESS
ARRAY ID 6, set(31475, -24579696) OUTOFBOUND
ARRAY ID 5, set(-23466, 4858350) OUTOFBOUND
ARRAY ID 2, set(-21811, -14456016) OUTOFBOUND
ARRAY ID 9, get(-2576) = -10384356
ARRAY ID 8, set(20539, 15644758) OUTOFBOUND
ARRAY ID 3, set(-24343, 17238775) OUTOFBOUND
ARRAY ID 5, get(-18219) = -27691776
ARRAY ID 8, get(18832) = 4965429
ARRAY ID 0, set(19425, -39659084) OUTOFBOUND
ARRAY ID 0, get(-4271) = -14042441
ARRAY ID 3, set(19730, -48176760) SUCCESS
ARRAY ID 6, set(-30713, 40615336) SUCCESS
ARRAY ID 1, get(20095) = -15396300
ARRAY ID 8, set(29873, 8345055) OUTOFBOUND
ARRAY ID 0, set(-3795, 16587470) OUTOFBOUND
ARRAY ID 7, set(4673, 18677082) OUTOFBOUND
ARRAY ID 3, set(19734, 25481593) SUCCESS
ARRAY ID 8, set(18830, 1043359) SUCCESS
ARRAY ID 5, get(-6939) : OUTOFBOUND
ARRAY ID 9, set(6780, 4963531) OUTOFBOUND
ARRAY ID 4, set(10958, 24653302) OUTOFBOUND
ARRAY ID 7, set(22871, -29922054) SUCCESS
No value
-1718096
No value
No value
No value
39108320
43480572
-46211375
41711650
No value
-3247500
No value
35213167
No value
No value
-17801853
No value
-42140299
No value
No value
No value
No value
No value
-48143176
-6044080
No value
41663690
-14813810
-35336590
-44093884
No value
15506848
No value
No value
No value
27379280
-31910104
No value
-47024352
24443584
No value
No value
-29922054
No value
No value
No value
No value
No value
No value
-35218750
10508172
-46587418
No value
No value
-42359800
8092808
-41389476
No value
-48392946
3881250
-603900
No value
-30873992
No value
No value
No value
No value
11177450
No value
No value
33407136
No value
No value
-12247220
-15463052
No value
No value
-23963440
-630586
-12437775
No value
No value
No value
No value
No value
No value
1043359
No value
4965429
38762844
No value
No value
-44594684
-38739274
-33847224
ARRAY ID 7, set(-13295, 44865880) OUTOFBOUND
ARRAY ID 6, get(-30701) = -20812810
ARRAY ID 1, get(20099) = -39500920
ARRAY ID 7, set(22846, -34377978) SUCCESS
ARRAY ID 4, set(-5068, 48574650) OUTOFBOUND
ARRAY ID 9, get(-2576) = -10384356
ARRAY ID 4, set(-8447, -751595) SUCCESS
ARRAY ID 7, get(-8944) : OUTOFBOUND
ARRAY ID 3, set(-31411, 11099070) OUTOFBOUND
ARRAY ID 1, get(20097) = 47715910
ARRAY ID 9, get(-2576) = -10384356
ARRAY ID 4, set(-2328, 46251652) OUTOFBOUND
ARRAY ID 6, set(-2871, -5986675) OUTOFBOUND
ARRAY ID 5, set(-22547, 15100323) OUTOFBOUND
ARRAY ID 8, set(-15438, 40450704) OUTOFBOUND
ARRAY ID 1, set(20090, -22382576) SUCCESS
ARRAY ID 4, set(-8436, -12203470) SUCCESS
ARRAY ID 4, set(-8438, -48267596) SUCCESS
ARRAY ID 2, get(-16606) : OUTOFBOUND
ARRAY ID 9, set(-2576, -46182500) SUCCESS
ARRAY ID 3, set(19712, -29628207) SUCCESS
ARRAY ID 9, set(-21043, 13950287) OUTOFBOUND
ARRAY ID 9, set(32366, -25335696) OUTOFBOUND
ARRAY ID 0, set(-4276, 36043949) SUCCESS
ARRAY ID 5, get(-18216) = 4798330
ARRAY ID 6, get(-30747) = -35779425
ARRAY ID 7, set(22859, 40141875) SUCCESS
ARRAY ID 8, set(21609, -12048336) OUTOFBOUND
ARRAY ID 6, set(-28527, 10139890) OUTOFBOUND
-46182500
ARRAY ID 0, get(29473) : OUTOFBOUND
ARRAY ID 6, get(-30709) = 24446588
ARRAY ID 2, set(32769, -40516934) SUCCESS
ARRAY ID 2, set(32762, -3355110) SUCCESS
ARRAY ID 5, set(-18230, -11790536) SUCCESS
ARRAY ID 0, set(-4279, 34123134) SUCCESS
ARRAY ID 9, set(-2576, 20825921) SUCCESS
ARRAY ID 4, get(-23291) : OUTOFBOUND
ARRAY ID 6, set(-30712, 38883456) SUCCESS
ARRAY ID 0, set(-4275, 9049387) SUCCESS
ARRAY ID 7, set(22861, -31539909) SUCCESS
ARRAY ID 8, set(10201, -42049020) OUTOFBOUND
ARRAY ID 5, get(-18251) = 11388611
ARRAY ID 5, set(-18227, 39840025) SUCCESS
ARRAY ID 0, set(-4273, 22803040) SUCCESS
ARRAY ID 5, set(11505, 29816394) OUTOFBOUND
ARRAY ID 4, set(-8435, 26526948) SUCCESS
ARRAY ID 0, set(15681, 41223005) OUTOFBOUND
ARRAY ID 9, set(-22725, -14668380) OUTOFBOUND
ARRAY ID 0, set(-4276, -32350611) SUCCESS
ARRAY ID 5, get(-22367) : OUTOFBOUND
ARRAY ID 4, set(-8435, -49967594) SUCCESS
ARRAY ID 9, get(-2576) = 20825921
ARRAY ID 3, get(19693) = -47400894
ARRAY ID 4, set(-8444, -1078776) SUCCESS
ARRAY ID 9, set(-2576, -38906164) SUCCESS
ARRAY ID 3, get(19745) = 8728160
ARRAY ID 5, set(-18241, -15495680) SUCCESS
ARRAY ID 5, set(-18215, 5778559) SUCCESS
ARRAY ID 6, set(-26219, 22028264) OUTOFBOUND
ARRAY ID 9, set(-2576, -43025996) SUCCESS
No value
No value
No value
No value
-35779425
-40135840
No value
No value
31128889
No value
No value
No value
No value
No value
No value
No value
14296104
No value
-30512814
-18975850
No value
No value
No value
38783860
No value
No value
No value
No value
No value
No value
No value
No value
-47718912
No value
No value
No value
No value
No value
40615336
38883456
-27503893
No value
24446588
8582124
No value
No value
No value
No value
39644198
49977392
-20812810
-40877766
No value
No value
No value
No value
No value
No value
-15579200
No value
No value
No value
No value
No value
ARRAY ID 4, get(-8437) = -37629490
ARRAY ID 2, get(1677) : OUTOFBOUND
ARRAY ID 4, set(-8435, 41332735) SUCCESS
No value
42114944
6955150
-48157280
11388611
No value
No value
No value
-10237472
No value
No value
-43822981
-31680250
-24016956
-15495680
-25966948
No value
No value
No value
-25427314
6704980
27044544
No value
No value
No value
-11790536
No value
No value
39840025
13448171
-48120913
No value
No value
No value
No value
505604
-27691776
No value
887905
4798330
5778559
No value
No value
ARRAY ID 2, set(6961, 32397640) OUTOFBOUND
ARRAY ID 1, set(-17627, 23269625) OUTOFBOUND
ARRAY ID 9, set(-2576, 38825955) SUCCESS
ARRAY ID 9, set(-2576, -14825102) SUCCESS
ARRAY ID 6, set(-4261, 37273683) OUTOFBOUND
ARRAY ID 9, set(-2576, -31747858) SUCCESS
ARRAY ID 8, get(18832) = 4965429
ARRAY ID 7, set(-23391, -46613930) OUTOFBOUND
ARRAY ID 8, set(18838, 26308402) SUCCESS
ARRAY ID 7, get(22860) = 15506848
ARRAY ID 4, get(-6281) : OUTOFBOUND
ARRAY ID 1, set(20094, 45741359) SUCCESS
ARRAY ID 8, set(18816, -42567290) SUCCESS
ARRAY ID 4, get(-19960) : OUTOFBOUND
No value
-1718096
No value
No value
No value
39108320
43480572
-46211375
41711650
No value
-3247500
No value
35213167
No value
No value
-17801853
No value
-34377978
No value
No value
No value
No value
No value
-48143176
-6044080
No value
41663690
-14813810
-35336590
-44093884
40141875
15506848
-31539909
No value
No value
27379280
-31910104
No value
-47024352
24443584
No value
No value
-29922054
No value
No value
ARRAY ID 5, get(-18226) = 13448171
ARRAY ID 0, get(-24708) : OUTOFBOUND
ARRAY ID 4, set(-8441, -32778966) SUCCESS
ARRAY ID 8, get(18832) = 4965429
ARRAY ID 5, set(-18233, 47956547) SUCCESS
ARRAY ID 2, set(32741, 35503894) SUCCESS
ARRAY ID 2, set(-13797, -12885998) OUTOFBOUND
ARRAY ID 7, get(22846) = -34377978
ARRAY ID 3, set(19703, -31294440) SUCCESS
ARRAY ID 6, set(-30691, -40499275) SUCCESS
ARRAY ID 7, set(22853, 9834184) SUCCESS
ARRAY ID 9, set(25517, -34006630) OUTOFBOUND
ARRAY ID 6, get(-29419) : OUTOFBOUND
ARRAY ID 5, set(26145, -9327630) OUTOFBOUND
ARRAY ID 7, get(22841) = 35213167
ARRAY ID 5, get(-18217) = 887905
ARRAY ID 0, get(-4278) = -41244955
ARRAY ID 5, set(-18213, -37600280) SUCCESS
ARRAY ID 4, set(-9151, -24894264) OUTOFBOUND
ARRAY ID 1, set(20095, -2089810) SUCCESS
ARRAY ID 2, set(32733, -4813704) SUCCESS
ARRAY ID 9, set(-14859, -4291058) OUTOFBOUND
No value
No value
No value
No value
-35218750
10508172
-46587418
No value
No value
-42359800
8092808
-41389476
No value
-48392946
3881250
-603900
No value
-30873992
No value
No value
No value
No value
11177450
No value
No value
33407136
No value
-42567290
-12247220
-15463052
No value
No value
-23963440
-630586
-12437775
No value
No value
No value
No value
No value
No value
1043359
No value
4965429
38762844
No value
No value
-44594684
-38739274
26308402
ARRAY ID 7, set(25564, -26128498) OUTOFBOUND
ARRAY ID 9, set(8518, 26169812) OUTOFBOUND
ARRAY ID 0, set(-4277, 31721888) SUCCESS
ARRAY ID 9, get(-2576) = -31747858
ARRAY ID 8, get(18804) = -603900
ARRAY ID 9, set(-2576, 11417760) SUCCESS
ARRAY ID 3, get(-22743) : OUTOFBOUND
ARRAY ID 0, get(-4274) = 39592781
ARRAY ID 7, get(22858) = -44093884
ARRAY ID 8, set(18792, 18234433) SUCCESS
ARRAY ID 7, set(-3556, -43985156) OUTOFBOUND
ARRAY ID 7, get(2878) : OUTOFBOUND
ARRAY ID 0, set(-4271, -40784850) SUCCESS
ARRAY ID 5, set(-1087, -2620290) OUTOFBOUND
ARRAY ID 1, get(2785) : OUTOFBOUND
ARRAY ID 8, get(19747) : OUTOFBOUND
ARRAY ID 5, get(-18227) = 39840025
ARRAY ID 9, set(-2576, -8814853) SUCCESS
ARRAY ID 4, set(8337, -32199760) OUTOFBOUND
ARRAY ID 2, set(-8600, -15703375) OUTOFBOUND
ARRAY ID 7, set(22837, 42152184) SUCCESS
ARRAY ID 8, set(1641, 44058600) OUTOFBOUND
ARRAY ID 5, set(-30863, -13570702) OUTOFBOUND
ARRAY ID 6, set(-30725, -4332560) SUCCESS
ARRAY ID 8, set(-14015, 36313984) OUTOFBOUND
ARRAY ID 7, get(-5014) : OUTOFBOUND
ARRAY ID 2, set(29461, 31032772) OUTOFBOUND
ARRAY ID 0, set(-13763, 26301072) OUTOFBOUND
ARRAY ID 9, set(-2576, -31031854) SUCCESS
ARRAY ID 4, get(-3159) : OUTOFBOUND
ARRAY ID 4, set(-8446, 30927552) SUCCESS
ARRAY ID 5, get(9561) : OUTOFBOUND
ARRAY ID 3, get(19745) = 8728160
ARRAY ID 7, set(-27031, -39577759) OUTOFBOUND
ARRAY ID 6, get(4778) : OUTOFBOUND
ARRAY ID 0, set(-4274, -41870408) SUCCESS
ARRAY ID 5, set(-18223, 49646948) SUCCESS
ARRAY ID 0, get(22995) : OUTOFBOUND
ARRAY ID 0, get(-4273) = 22803040
ARRAY ID 4, set(-8444, 34966594) SUCCESS
ARRAY ID 2, get(32764) = -10036650
ARRAY ID 1, set(19969, -36291168) OUTOFBOUND
ARRAY ID 8, set(-13795, -26607852) OUTOFBOUND
ARRAY ID 6, set(4907, -44907887) OUTOFBOUND
ARRAY ID 2, get(-25165) : OUTOFBOUND
ARRAY ID 9, set(-7415, -40183992) OUTOFBOUND
ARRAY ID 0, get(-4272) = -16947225
ARRAY ID 8, get(-19308) : OUTOFBOUND
ARRAY ID 4, set(-8439, 28046443) SUCCESS
ARRAY ID 6, get(24408) : OUTOFBOUND
ARRAY ID 6, set(-30701, -24862435) SUCCESS
ARRAY ID 0, get(31812) : OUTOFBOUND
ARRAY ID 3, get(-515) : OUTOFBOUND
ARRAY ID 1, get(29037) : OUTOFBOUND
ARRAY ID 7, set(20218, 39129700) OUTOFBOUND
ARRAY ID 2, set(-9427, -22026609) OUTOFBOUND
ARRAY ID 5, set(-25541, -18995183) OUTOFBOUND
ARRAY ID 2, get(32741) = 35503894
ARRAY ID 9, set(-25911, -22390444) OUTOFBOUND
No value
-1718096
No value
No value
No value
39108320
43480572
-46211375
42152184
No value
-3247500
No value
35213167
No value
No value
-17801853
No value
-34377978
No value
No value
No value
No value
No value
-48143176
9834184
No value
41663690
-14813810
-35336590
-44093884
40141875
15506848
-31539909
No value
No value
27379280
-31910104
No value
-47024352
24443584
No value
No value
-29922054
No value
No value
ARRAY ID 1, set(20089, -40418502) SUCCESS
ARRAY ID 0, set(-5011, 37209321) OUTOFBOUND
No value
No value
No value
No value
-35779425
-40135840
No value
No value
31128889
No value
No value
No value
No value
No value
No value
No value
14296104
No value
-30512814
-18975850
No value
No value
No value
38783860
No value
No value
-4332560
No value
No value
No value
No value
No value
-47718912
No value
No value
No value
No value
No value
40615336
38883456
-27503893
No value
24446588
8582124
No value
No value
No value
No value
39644198
49977392
-24862435
-40877766
No value
No value
No value
No value
No value
No value
-15579200
No value
-40499275
No value
No value
No value
ARRAY ID 9, set(-29949, 19555485) OUTOFBOUND
ARRAY ID 3, get(-15615) : OUTOFBOUND
ARRAY ID 2, get(32754) = -13368920
ARRAY ID 5, set(-18250, 2725522) SUCCESS
ARRAY ID 2, get(32746) = -19032363
34123134
-41244955
31721888
-32350611
9049387
-41870408
22803040
-16947225
-40784850
ARRAY ID 7, set(30663, -45731611) OUTOFBOUND
ARRAY ID 1, set(20089, -43332480) SUCCESS
ARRAY ID 0, set(-4279, 44614010) SUCCESS
ARRAY ID 4, set(-8428, -26058012) SUCCESS
ARRAY ID 1, set(20098, 38238416) SUCCESS
ARRAY ID 7, get(-15701) : OUTOFBOUND
ARRAY ID 3, set(19716, -45225074) SUCCESS
ARRAY ID 4, set(-8434, 23001122) SUCCESS
ARRAY ID 6, set(-32500, 11957622) OUTOFBOUND
ARRAY ID 5, set(-18248, -5487522) SUCCESS
ARRAY ID 8, get(-10804) : OUTOFBOUND
ARRAY ID 0, get(-4271) = -40784850
ARRAY ID 9, set(-2576, 30966392) SUCCESS
ARRAY ID 7, set(22871, -49311424) SUCCESS
ARRAY ID 9, get(-31897) : OUTOFBOUND
ARRAY ID 7, set(22870, 37638235) SUCCESS
ARRAY ID 5, set(-9307, 15960358) OUTOFBOUND
ARRAY ID 8, set(-7639, -27633519) OUTOFBOUND
ARRAY ID 5, get(-18254) = 42114944
ARRAY ID 7, set(22863, -28500150) SUCCESS
ARRAY ID 2, get(-4295) : OUTOFBOUND
ARRAY ID 3, get(-30751) : OUTOFBOUND
ARRAY ID 1, get(-2703) : OUTOFBOUND
ARRAY ID 1, set(20104, -27560442) SUCCESS
ARRAY ID 3, get(-25691) : OUTOFBOUND
ARRAY ID 0, set(6404, -38898320) OUTOFBOUND
ARRAY ID 8, get(-11894) : OUTOFBOUND
ARRAY ID 7, get(22871) = -49311424
ARRAY ID 8, set(18826, 2499541) SUCCESS
ARRAY ID 4, get(-8431) = 3867512
ARRAY ID 5, set(-18213, 22555430) SUCCESS
ARRAY ID 5, set(11228, 17607032) OUTOFBOUND
ARRAY ID 7, set(22848, -43915560) SUCCESS
ARRAY ID 7, set(22861, 32144512) SUCCESS
ARRAY ID 5, set(8159, -32280620) OUTOFBOUND
ARRAY ID 6, set(-30734, -33158242) SUCCESS
ARRAY ID 0, set(-4277, 15921150) SUCCESS
ARRAY ID 6, get(16638) : OUTOFBOUND
ARRAY ID 0, get(-8847) : OUTOFBOUND
ARRAY ID 1, set(-4655, 11472694) OUTOFBOUND
ARRAY ID 0, set(14316, 20201956) OUTOFBOUND
ARRAY ID 0, set(-16423, -43796560) OUTOFBOUND
ARRAY ID 3, set(-27552, 647804) OUTOFBOUND
ARRAY ID 0, get(-4279) = 44614010
ARRAY ID 0, get(-4277) = 15921150
ARRAY ID 0, get(-4275) = 9049387
ARRAY ID 1, get(-555) : OUTOFBOUND
ARRAY ID 3, set(27472, -34001320) OUTOFBOUND
ARRAY ID 7, get(22852) = -48143176
ARRAY ID 0, set(-4277, -5550000) SUCCESS
ARRAY ID 6, get(-30702) = 49977392
ARRAY ID 0, set(16001, 46825778) OUTOFBOUND
ARRAY ID 1, set(-9244, -44876384) OUTOFBOUND
ARRAY ID 7, get(22830) = -1718096
ARRAY ID 8, set(18818, -47946767) SUCCESS
ARRAY ID 2, set(31311, -29055995) OUTOFBOUND
ARRAY ID 7, get(24405) : OUTOFBOUND
ARRAY ID 8, set(18806, 1359699) SUCCESS
ARRAY ID 3, get(19699) = 33015605
ARRAY ID 3, get(19703) = -31294440
ARRAY ID 2, set(29477, 22213424) OUTOFBOUND
ARRAY ID 1, set(-17503, -20586624) OUTOFBOUND
ARRAY ID 2, set(-2437, -35798932) OUTOFBOUND
ARRAY ID 7, get(-20047) : OUTOFBOUND
ARRAY ID 3, get(-2818) : OUTOFBOUND
ARRAY ID 5, set(-18249, -27029220) SUCCESS
ARRAY ID 4, get(-8446) = 30927552
ARRAY ID 5, set(13733, 8812459) OUTOFBOUND
ARRAY ID 9, set(-2576, 34446968) SUCCESS
ARRAY ID 1, set(-13115, 15742168) OUTOFBOUND
ARRAY ID 8, get(18838) = 26308402
ARRAY ID 8, set(18815, 76803) SUCCESS
ARRAY ID 9, get(-2576) = 34446968
ARRAY ID 4, get(-28575) : OUTOFBOUND
ARRAY ID 8, set(18789, -49360088) SUCCESS
ARRAY ID 4, set(-8430, 26139243) SUCCESS
ARRAY ID 3, set(-22375, -44642815) OUTOFBOUND
ARRAY ID 2, get(-12872) : OUTOFBOUND
ARRAY ID 3, set(19751, 33898437) SUCCESS
ARRAY ID 1, set(20093, 23390964) SUCCESS
ARRAY ID 7, get(-27983) : OUTOFBOUND
ARRAY ID 4, set(29074, -40082225) OUTOFBOUND
ARRAY ID 2, set(12009, -3854456) OUTOFBOUND
ARRAY ID 2, get(-15743) : OUTOFBOUND
ARRAY ID 4, get(-8427) = -32531816
ARRAY ID 7, set(19005, 42314250) OUTOFBOUND
ARRAY ID 9, set(19133, -16291348) OUTOFBOUND
ARRAY ID 0, set(-4271, 28459066) SUCCESS
ARRAY ID 6, get(-30734) = -33158242
ARRAY ID 8, set(18811, -26577580) SUCCESS
ARRAY ID 9, get(-2576) = 34446968
ARRAY ID 2, set(32754, 41541660) SUCCESS
ARRAY ID 3, set(5235, 4513457) OUTOFBOUND
ARRAY ID 0, set(-31371, -18963918) OUTOFBOUND
ARRAY ID 9, set(-11286, -49310414) OUTOFBOUND
ARRAY ID 1, get(-15552) : OUTOFBOUND
ARRAY ID 6, set(-30695, -49377852) SUCCESS
ARRAY ID 3, set(19706, 17529206) SUCCESS
ARRAY ID 7, set(-18831, -37950510) OUTOFBOUND
ARRAY ID 1, set(2789, -21279554) OUTOFBOUND
ARRAY ID 4, set(-8431, -3645725) SUCCESS
ARRAY ID 0, set(-4274, -6120693) SUCCESS
ARRAY ID 8, get(18792) = 18234433
ARRAY ID 1, set(20090, 13378032) SUCCESS
ARRAY ID 5, set(-18215, -4641050) SUCCESS
ARRAY ID 0, set(24013, -48374451) OUTOFBOUND
ARRAY ID 4, set(-24159, 3493408) OUTOFBOUND
ARRAY ID 1, set(24749, 49217300) OUTOFBOUND
ARRAY ID 3, get(19741) = -20218148
ARRAY ID 4, get(-8444) = 34966594
ARRAY ID 5, get(-18226) = 13448171
ARRAY ID 8, get(18826) = 2499541
ARRAY ID 1, set(-9423, 15303238) OUTOFBOUND
ARRAY ID 4, set(22941, 48329221) OUTOFBOUND
ARRAY ID 2, set(-5605, 12901153) OUTOFBOUND
ARRAY ID 4, set(-12793, -41887330) OUTOFBOUND
ARRAY ID 5, get(-18234) = 27044544
ARRAY ID 9, set(-4869, -47304703) OUTOFBOUND
-47400894
No value
No value
No value
No value
No value
33015605
-45300745
No value
-35488636
-31294440
No value
No value
17529206
No value
No value
-28825100
No value
No value
-29628207
No value
No value
No value
-45225074
-9860780
8410579
No value
No value
No value
No value
No value
6209800
48436302
No value
No value
13272438
No value
-48176760
-9785616
No value
-9665323
25481593
30514624
-25541180
No value
No value
No value
No value
-20218148
-12778938
No value
No value
8728160
16549873
46930431
No value
No value
-40165081
33898437
ARRAY ID 9, set(15901, 22361927) OUTOFBOUND
ARRAY ID 4, set(15553, 4103374) OUTOFBOUND
ARRAY ID 1, get(25193) : OUTOFBOUND
ARRAY ID 0, set(-4279, -5795684) SUCCESS
ARRAY ID 2, set(32740, -27890815) SUCCESS
ARRAY ID 7, get(1449) : OUTOFBOUND
ARRAY ID 6, set(-30717, 44476347) SUCCESS
