>branchiostegite
?enoil
?epulosis
?burlily
?enteromorpha
?elucubrate
?acromiothoracic
?demurrable
?dermatoplastic
?fibdom
?aqueousness
?funicle funicule
>urd
?chase
?cox ex fox hox od oe of on or os pox rox tox
?disturber
?biodyne
?impalpably
?colubriform colubriformia
?convexed
?goma gooma
?antonomastically
?centromere
?desand
?correspondentially
?covibrate
?boiko
?bowing bowpin
?ibycus
?intentionalism
?alveololingual
?homospory
?carbonero
?apperceptively
?flighted
?conification
?glossata
?ba be big biz fi gi hi ji wi
?deinosauria
?intercoxal
?carminite
?caprification
?assai
?enthrone
?enfranchiser
?forebowline
?imminentness
?incongruous
?hieratically
?embryoniform
?cultivatable
?insularize
?heredolues
?incontrollably
?catamiting
?frozen
?graven
?choosableness
?cephalohumeralis
>durant
?coralloid
?bavenite
?idioblastic
?biological
?antilobium
?biserially
?gossipred
?fishpool
?chloroaurite
?arar arba arbor
?hilarytide
?devotee
?chrysopsis
?enchytraeid
?cabber caliber caller
?anacephalize
?belliferous
?acidize
?ethnographical
?asphyxia
?echiurida
?autodyne
?comatous
?hierographical
?homeozoic
?epituberculous
?bedplate
?cellulate
?injunct
?antistrophon
?coccinellid
?hypercritically
?cyanoplatinite
?homoiousianism
?fraudfully
?deprive
?demophon
?gucki
?cholesterate
?complete complex
?archaist
?amaranth
?ametabolous
?allagostemonous
?inwall
?beshadow
?azafrin
?fluked
?genitival
?commissure
?arguslike
?buckleya
?agaricin
?baccara
?exporter
?groomling
?ebon
?arthrempyesis
?apologetic
?bedscrew
?condign conidian
?calelectricity
?diaphany
?caviya
?confirmatory
?auxochrome
?firebrat
?interlinement
?crossbeak
?craniocele
?extinguishant
?acauline
?across cross recross
?incognoscent
?criminalist
?chalastic
?gamopetalae
?familial
?galactopoietic
?aerogram
?hostess
?integrodifferential
?aphididae
?caudiform
?aizle
?arietta
?interdestructive
?idleness
?gametal
>ache
?correctorship
?disintricate
?deferent
?hypsistenocephaly
?adeniform
?derogate
?abiological
?copyist
?chakobu
?agitational
?acaridomatium
?acescence
?gingerroot
?conciliationist
?chylifactory
?capot carpos
?fuchsinophilous
?coblentzian
?heautarit
?aphroditeum
?bullcart
?hexecontane
?gigantesque
?epistomian
?antic
?decaudation
?alphorn
?filmgoing
?entosclerite
?gid gonid nid
?caroling
>hognut
>indefinity
?expansile
?declarator
?duckweed
?deeply
?disheaven
?chylifaction
?demiangel
?buzzard
?declensional
?brescian
?evenblush
?hardship wardship
?cymbaleer
?gelatinizer
?ethnobotanical
>bibliothec
?clydesdale
?cinquefoiled
?geckotoid
?biga
?commodiousness
?homotatic
?contextural
?angelate
>dextrorotary
?faraway
?acetonylidene
?ephemeral
?interwoven
?cacatuidae
?coffeeleaf
?cycadlike
?commensalist
?exclusioner
?adapid
?congregational
?grease
?hydrostatician
?ineconomic uneconomic
?earn
?fred
?bigemina
?cosmogenesis
?fruitlet
?calbroben
?deucedly
?affusion
?benzylidene
?functionally
?fratricide
>disputation
?continuous
?dolciano
?houseboy
?exportable
>bag
?eschalot
?capably
?hurdle hurler hurley hurtle
?achar ache agha azha
?aceraceous
?hemimetabolic
?breasted
?gymnemic
?formicariidae
?chariotry
?alackaday
?antifogmatic
?inomyositis
?calvinistical
?gaffsman
?bloodletter
?bucky busky
?factually
?digamist
?berycine
?antivaccination
?gripsack
?debut
?capitol
?disintrench
?implume
?cuspule
?chop chou chow coho cro echo icho pho scho
?inspective
?capacitor
?arctomys
?heteratomic
?anaphyte
?hylomorphism
?champlainic
?hulverhead
?argusianus
?citrination
?hepatogenous
?chondrosamine
?deuterogenic
?acanthaceous
?duodecane
?culturologist
?clearly nearly yearly
?endways
?deseed
?agglutinize
?antirealism
?asterope
?crozer
?highish
?formalistic
?antireform
?cymbopogon
?bankruptcy
?chug
?elevated
?intertranspicuous
?hurdleman
?dotardism
?excalceate
?chlorinize
?gilo gulo
?anthracic
?fritillaria
?deductible
?heavyhandedness
?gurt gutt
?cankerflower
?expansibility
?basiophthalmite
?frictionize
?cultrirostral
?emargination
?hopyard
?egest
?councilman
?impuritan
?iridotome
?acritan
?dezaley
?bacis
?budlet
?aliethmoidal
?cephalocone
?heredosyphilogy
?disdainly
?counterstatant
?afterhours
?canoeload
?fam
?abatised
?branchipus
?flamboyer
?bodicemaking
?englut
?intranscalent
?grallatory gratulatory
?elephantiasis
?auditive
?icteroid
?fiorin
?aurae aurorae
?cephalogenesis
?exhumation
?interlinguistic
?aphorizer
?guttersnipish
?circean
?felichthys
>burseraceae
?gropple
?implacental
?comminglement
?chondrite
?enstamp
?gravigrada gravigrade
?allthorn alphorn
?geobiont
?hexyne
?hospitize
?huso
?fatherlandish
?carpalia
?deloul
?bronchiectasis
?dyspeptically
?institutrix
?extinguished
?irreceptive
?hexachord
?grainland
?hepatatrophy
?interverbal
?bridecake
?acupunctuate
?equidominant
?correctively
?bacitracin
?guar gufa guha gula gum guna gus guz pua qua rua
?byzantinesque
?cordiform
>barking
?irrespirable
?histiocytic
?heterophylly
?catalysis
?hydrotechny
?gade gapo gapy gave grape gype pape rape
?cyanochroic
?betrough
?crotchetiness
?citizenhood
?glariness
?culling
?cowskin
?alkylene
?ionizer
?directivity
?gynandry
?comate pomate
?dermatoplasty
?dermatoplastic
?greenhornism
?bischofite
?fiorin florin
?indefeasibility infeasibility
?floatplane
?hemicardia
?godsonship
?iliotrochanteric
?foreimagine
?dissolutive
?balachong
?capacitativly
?clam fam flag flak flamb flap flat flaw lam slam
?candent
?bullpout
?cladothrix
?bogusness
?acarology
?fluocerine
?geullah
?beglerbegluc
?brawny
?compatibly
?diosma
?amberite
?bounder
?anacidity
?fanegada
?chytra
?featherbird
?cardiorrhaphy
?freieslebenite
>impavidly
?euthytatic
?apocarp
?entoptoscope
?cirrous cirrus citrous
?formidability
?bagattino
?cubomancy
?autolyze
?doctrinarianism
?equitable
?dinornithes
?desmoneoplasm
?fountaineer
?irvingiana
?incontinuity
?casking
?cantred
?enscroll
?directress
?irreprovable
?akcheh
?believer
?gymnemic
?booky brooky
?incredible
?hydrostatically hypostatically
?barong bring brog bronk
?catechist
?aquicolous
?gryphosaurus
?entotic
?idiopsychology
?fairtime
?d e f hu l mu nu t up
?chordoid
?circularization
?antiarchi
?hamza
?antritis
?calycoideous
?chlorimetric
?footstep
?conglomeratic
?cosmozoic
?dermatrophy
?arthrophyma
?antidysuric
?ammophila
?branchiopulmonate
?endorsable
?attendancy
?dashnaktzutiun
?eclipsareon
?grudgingly
?buoy
?believer
?adhamant
?corkite
?garbardine
?czech
?fanfarade
?cholecyst
?flavaniline
?angiocarpian
