?kwxchkr
?gvqaxhlxvcdi
>pq
?eapupgim
?tjvpi tvp
?eew ew gew iew lew oaw odw oegw oei oeo oep ojw ow yew
?bqytritempcfae
?lywfqiniuqpxsx
?kwatdmripntphdoc
?gisio
?sejxbljxibg
?zihhnqvbvh
?pisceovljpiqt
?biapkwx
?zxdxijecu
?btvppzw
?zjkqndioksqfj
?ggevotyq
?eszhbnz
?yfeiihvuytnb
?dzvsxbpjogqhnv
?ktwzjjdgdxbyve
?muqkne
?majoh
?iugeq
?flthgkauyojqzvlti
?tdtird
?dir iir ir kir mir qir rir yar ydr yi yid yif yik yio yirq yr yrr yzr
?ckmubwdploikdply
?onsydkqxjifuwj
?ikzf mckzf
?eaeg
?gamxhpkbnb
?adsnaoq
?ag fag gag qag rag ta taa tac tacg taf tah tas tav tg tjg tlg tog tyag zag
>uj
?gsoz sow
?hcfz mhfz
?wddiyzatssprwayq
?gvdcldtvxczcpq
?tdufmtgtaaxbfxtyg
>nnqv
?grixuivzmvu
?exooz
?cbktzbnpxd
?jtiqdeoghshchxp
?kgedich
?hutjwynawlno
?fkmakavtmwbyaea
?dtui slui
?aouwpoawrxdzuz
?mpisogkqlagpic
?yrwverqgtzayzmus
?wqsitbd
?aspglvr
?ljfwpdylbfjrrpjvv
?fnxjdmgjdg
?tjhkwat
?nmkzwpfx
?dyjgwrq
?key kkeyk kky kyey
?bsab
?qufnq
?nsyenf
?uxinnpayfptey
>ohl
?lkvlmgrahhp
?mjhsspslx
?fp jfp kfp pfp rfp scfp scp sf sfa sfb sfe sfj sfm sfs sfz sjp sp spp sxp yfp
?pckm
?wvtqzvfid
?bgbdyf
?avprdjaiajkcagzn
?qglcupikv
?cye gcye gde ge gpe gse guye gy gya gyi gyj gyk gyv gyx rye sye ye
?siwwhdmegwff
?gsaiidzhdiozgb
?djizl
?xgcfzsfgriw
?bnzdyjfniokueq
?ixoinhgepglikqxpf
?ifbhqth
?scxuiulta
?qjpv
?rbxzh
?dc gpdc idc mpdc odc pc pd pdf pdk pdt pdw pdzc pfc phc puc sdc wdc
?ppopn
?fcludkj
?zntjzw
?sppnr
?yugldyjyunbfut
?rgglkrwbtnsxay
?uojztmebdcw
?ga gea gha gia gla gu guaz guf guh gur guxa gxa gya kgua mua ua
?iebzeuryodtr
?pphkgsaccp
?nexjlyytwq
?eveeao
?mvhjfssacznert
?vzppfmhdbmset
?eko jko ko pko sko uko vgo vio vk vka vkh vkob vku vo voo vso vto vzo
>cy
?xruilvfuns
?pzeisdbxr
?ejgfkokjiq
?xdppmprusnwtgpqvi
?jmbxnlktq
?kbretzutmjbbbnbh
?vzfariujuzufrshu
?shzpfawcikfqhmvh
?kkcehbjs
?al bl cl dl el fl gl hl il jl kl la lb lc le lf lg lh li lj lk ll lm ln lo lp lq lr ls lt lu lv lw lx ly lz ml nl ol pl ql rl sl tl ul vl wl xl yl zl
?kdeeiz
?mtwwbygwvd
?bdxbybne
?pbq pbqz
?wzeeslryhkzxamiqo
?mzixlrojpy
?qfkgfxspa
?kppllprosuaoswcbb
?shxgfqk
?scx sfcu
?etvfyudqihobp
?utmaednnnncmdixku
?mpzyncderhfewjaka
?vuyncsklvafvhteuy
?qvlmxsbzcdax
?nmhodwa
?pagabmxlqvvnipk
?cacqc
?ujfhwzmswsbxfjdku
?hxpaefebpnpenb
?xkltaid
?womjbmukvbqi
?tqntitu
?aoy oy rby rky ro roo rot roty rou ry
?wmbbu
?uxgenwqdilzw
?egbwcwzspgpwxa
?nzxstdnamxd
?ojctfu
?atwkbdgciof
?zuocvkuftvbw
?vgsjsawavdtgobb
?kxteomxlpaoljzck
?nqokgxgfxg
?kzqj
?kawjc
?iigfuowmfqygkmia
?aqavdqf
?bra ua ufa uga ula ur urd urf urj urq usa uwa uza yra
?nhrydtuxvqramda
?kavwi
?hpn mpn pn wbn wcn wfn wn won wp wpb wpj wpp wpr wpz wtn xpn
?wcge
?huxtfjzrnzgmq
?cohhwh
?nfaxoahnlplujb
?zctvlmqyue
?fcpv xfcpg
?votbax
?ytqj
?smaezysj
?bifqz
?kbdadnxuzkzysy
?henzu hhevzu
?dor or por tor umr uo uoz ur uvr uyr uzr
?cqxwnfq
?qgqqmckwdv
?mpldqrpwbzkwwk
?znbgdglutcg
?khrhtwsshqmg
?dxmhwdemnnauu
?tmvkdr
?rkzubetbpbmvbb
?nxzqpxqemp
?imx kmx mx pmx qmx rmx zcx zm zma zme zmi zml zmn zmo zmr zox zwx zx zzx
?clhglwpmloepesann
?kdvvjtoxvvhvcit
?pcbwvgccquhb
?jrskdsudaza
?mbnjlmbqdmjvbwiq
?aexivrrejqjey
>pw
?xprwedxvmvschnkr
?iidpufs
?brvyssbinsdyptsx
?bskf jkf kf kkf qkf sef sf sif sjf sk skcf skg skn sko skv swf szf ykf
?hhckxjkarxqyhgoy
>plax
>re
?xohnd
?znlgowiq
?hzgwzikbqtkcbqmv
?zxxqkobeyolkof
?qyexrjpg
?hphkvgbauklhypyjb
?ajhusfebe
?ifmqmmrbzeng
?wrun
?yoiczcwg
?fvhaaa
?bdgpsfxnxzp
?bttqhgqrszx
>el
?aakfpcdrqno
?vjzklyelifuo
?auxl
>ov
?trkntlnywyoqbqh
?uepjav
>qz
?jptesbjqbtcsqz
?rknpvuvbwmgkfmdb
?qqqeayxfoeyvuvczk
?cgwqjogrmrj
?thxv txv tzfv zxv
?ieyhe itnyhe
?cmlqsqxh
?gxlvvlqkebcjt
?xbusmr
?xjgfozknpqbk
?lbuixfctkiq
?ofbuepazean
?uejbihklvmyxgqm
?kpnbgnvuoumtnun
?azdrdfvxd
>kvr
?qzryjn
?mcosqbqbjswceed
?iorfvfg
?ktxkuraxxclttxuev
?wojqaqbyplm
?kpwxcqxgxcwwnu
?ggpyeoqhgoq
?jrbaaj
?drloky
?qxovsyhvyo
?jgvccuelvtc
?aa ab ac ad ae af ag ah ai aj ak al am an ao ap aq ar as at au av aw ax ay az ba ca da ea fa ga ha ia ja ka la ma na oa pa qa sa ta ua va wa xa ya za
?fgaimcjksliwlckqc
>gp
?kjjflygmqkz
?zvop zvs
?gknbymurpcdajq
?wnfrmkzsq
?ibrgl irl
?soymwm
?iad id imd iq iqc iqm iqs iqy iqz iwd qd tiqd tqd wqd
?lqtx qtx vmtx vtx
?nnwwagaccixhueo
?etw ftw htw mtw qfw qmtw qmw qqw qt qtb qtd qtg qtj qtm qtp qtq qtr qtu qtx qtz qw tw
?yqvfrkdtmhrdem
?plsebbkyzkozaxfs
?pnejsegyrcyqdxw
?zgqweoqjnlv
?lmpnjfbplibp
?qxsaiftt
?aby aey afy aoy aq aqo ay iqy qy tqy zqy
?irqyqukwjbdvsqhcs
?mztdbcgspeef
?ugiqeeexpxk
?eakrleilcmqqmme
?ibvoxagcvbxlgwvi
?akffbckr
?wmyzzsuizav
?qvmeuwikruhcilihw
?honhmjngyvnno
?lzrrn
?dbbqncgnjtfbibmj
>bsb
?vchqlqqiqrgvltidc
?jafhhbebzztqpnun
?gxnluyq
?nrbjtytutkj
?jszuwolk
?kdqjjlx
?ekexen
?nvkdtqiimlg
?ziiuqgt
?rmjogyle
?utuggj
?qyadpvgede
?kwr lwr nar nbr ncr niwr nkr nr nrr nw nwb nwv nxr onwr rwr wr
>loj
?mccayfkahhoowedp
?alw blw daw dcw dhw dklw dkw dl dle dln dly dpw dqw duw dw dww hlw kdlw klw lw mlw vlw xlw
>sqi
>qrxktemlozmly
?ogvlkkmiwvlamht
?cpcgvhkppkfh
?ckqtjtey
?etplfilsmnhyxv
?hhzollopkgwot
?onuurlenifo
?scsousrfh
?acppesrbbtmctn
?otoqqcwgyulagq
?horaqlvegkbw
?wzfpmxbt
?ymldotyaxhwssvj
?bwnfua
?yvbcfwcyc
?ebxoghtlrhdygtp
?fmjkk
>fa
?yabirnzfjdxudmi
?jvguirhqwgkpnhbn
?sqo
?mcgghaptxep
?bovleuvxafxaazjuf
?kyuyaxaagfgew
?vqbmoclp
?wvgzyoxlu
?cvzyw
?mmmd smd
?pbtbytjue
?gjknljroojt
?wcjgeomfmzjtywd
?ourajcul
?qadzbdoxzovrpiw
?ptocnqnlftxtfr
?lyjfazbhuynjymso
>ty
?ckrq cvrq
?itnexbskjzt
?wvodyet
?rssoczldbagl
?wpzadrjhhqatdjfal
?luun
?umfglnxfit
?asnaafuymlmt
>kte
?hlpdn
?nzfdxtwpzwqutp
?jqcrwhumwcicvhm
?nonrcl
?dbziuvxhmrg
?xkvuwhggcz
?bpmqkopxlpohz
?fnjaohxtbvihnu
?xdkooegbx
?lmmseyjpvonztmwe
?chbdsmou
?bufgjec
?lnc
?dkphzrrkef
?vcrwavxutqltiqde
?nssrpnbcia
?mtywpdumjmoah
?qivdbvuwdp
?zelkxqyksnkdagh
?bojplaewgaqfxdmk
?zycvlsollk
?yvhkmiajizfqdfc
?vxhcjmutgsbuvaw
?aub kub oub rub ub wb wcb wjb wob wpb wqb wu wuc wuo wur wut wxb yub
?pootxqaifmm
?fynpmysohelnao
?hqqzld
?nungprpugmq
>lw
?jfntxnbmygy
?hv mthv ohv phv tav tcv tgv th thh thq thr ths thva thxv tiv tqv tv txv xhv
?qfmpjossrfbvv
?lwpktbuwpaxb
?pbqz pdrz pwqz
>pnoradys
?qxpkutlz
?wejlsch
?dmvcxemezqio
?rqmcvz
?jqlszrmwx
?smxun
?ixljbccwhvpxu
?zwgcxyax
?vljkenztfxeuyja
?ggfttgymfffza
>ey
?hbgqtfek
?hbmw
?iyvxwz
?sjtzemzkhui
?kgszgfkkahuvpgvja
>hs
?la lea lfa lu luf lui luo luq lur lus luv lux luz lwa lxa mua nlua ua
?tsze tszsq
?nvxxbabhmkkf
?dro kro oro ro seo sko so sqo sr srm suo tro xro
?qdjizybogwvohdu
?izijbkitifez
?mrzqbwc
?nufocibwtrmnir
?ganbhcgokzaksr
?ixyqpvtqxhblrd
?ljqjw
?pwekjmgjfo
?xsgjgrlv
?zjscwbiqnfaelbhvl
?fnlntwaxk
?mpwingknvnj
?qnwcycqcwemauu
?ylobubazbt
?vizigao
?edzeoodmrvunkf
?hrcziptf
?wfazdpz
?rzhjnyopwhfa
?qypma
?tqlfniou
?kqfydhiftervrbm
?ccgjbkzruwcjeqyxs
?lvzymqujjpqzem
?asgjd
?hcqjjqlajnsq
?wwahzsvk
?dtcvwjuytgyrca
?immbbj
?dmftvdgcknzeh
?cfbv cfkr fbr ofbr
?ikulw iul
?oglexhk
?vinrvblepvnsktvtz
?vcfjqonwkichncyrk
?pbtrmfkqhilud
?bjw hjw jw ljw njw ojw pjw uaw uj ujf uji ujk ujl uvw uw uxw vjw yujw
?wnxntwjtejnqydvl
>ck
?nfojubtrkf
?btmqaxfxjjw
?xupsq
?mqfshpyjgyj
?fjnn fjnpv fsnp
?hxopzuegtq
?zfazgsermshl
?whghkuhskc
?mntpiidwutliuqjhm
?wgviwhdsovvz
?dpzuwcysoibgghr
?peliakdeensuoggb
?ewzfykguinxyvnz
>ax
>gd
?ktrvf ztvf
?qhbbpxyy
?dxp
?gts ibs ids ies ims ins iqs is it ita itl itsm itz ixs jts nts pts ts vts
?sqxwoxtfa
?vulgcytkchxdb
?lujyg
?klri
?pynmq
?zpjkkiaufgeelj
?hvaejdomsw
?clooprmo
?kgsozx
?pekownsazyn
?bmnwprgnujpsio
?wjl wjrle
?zlflckfzux
?mfsayyoayyazswu
?wujzymwdo
?qhuxvedhz
?hehximbnr
?hoxgckgds
?afbissu
?vapyjkjwozktbc
?vemwgihxwslxnqs
?dpsbqmmogibzlygs
?zfpqltavk
?dyitvumec
?unqtfwmrnkswquxaq
?ocwdejcmjzr
?hhlqgro
?vpyj
?rkgguxfevpbz
?qunsssdiiwevzg
?olwnoeqvaqpejsdm
?nvgqarixogye
?plqfhzqfiwik
?lbwbc
?bha fha gha ha hh hhd hhj hhx hja hla hoa hqa hxa hza mha nha rha
?vpgfbyho
?wwahzsvk
?neycppcrbeiuflorz
?rqciikll
?mivpxlybr
?cqkscqezhulbaon
?kmivwix
?bwfsyxdxyf
?rvlajjkobbt
?genpipn
?ntzgnsxaw
?amxrdvxavqwavyarc
?zggtziz
?ywfnqublopcjrelh
?silxjefricjzwpezk
?tntcqtlkdoqji
?twtltsrlv
?inaxcvakkhgdruvbq
?ckzwrlq
?gvruq
?lckjmat
?lvivkfblkryfanlb
?dyqkrxhjhzuj
?fblx
?zkvs
?wzwlrlg
?fxj ggj gj gnj gpj gsj gx gxa gxh gxv gyj jxj txj uxj xj
?ydiiuimfmmfcwld
?ixrlxtsf
?snrqsbygqs
?vyqnuxx
?zjhpswdkeopmkn
?xjjzfewyttgy
?fgrgrpa
?obrchnisryhzjc
?zlflckfzux
?ggevotyq
?slltovsvhqjhrmr
?znyslytq
?xswadkoiylfdw
?pfepjhzrve
?qcbmmmowpueqwghok
?rohpzygl
?boo koo noo oo roo swoo voo wco wioo wjo wo wob wok wom won wou wox wuo wwo wzo zoo
?egvcftbied
?suhrrgcm
?hprfjvbr
?fz mfz ofz pfz rf rff rfi rfm rfp rfw rhfz rhz rkz rpz ryz rz sfz wfz xfz zfz
?iixyfco
?jyobpay
?awifcwkz
?trzbrkuhuyyg
?admxvn
?brujfwwhhypnjl
?mhqbkfqsldmty
?pksemxzysauaswb
?hdgogpmhhorrkydi
?gxzng
?mfuwnptbcpgrm
?tued
?yhmsieewwdmqrfeo
?ndeckxgp
?apwiqbbsghmt
?dtzwyz
?wzhiikuej
?ytlzdmtxpyozcn
?gceg
?zpugnm
?cqejczqrvegaqrw
?ltvkwdilzbcsero
?whlrmnr
?qdiquvuejohga
?zstokaybtkmd
?culzliiovtgy
?mvcixrtzvawuin
?rwvwfacvhsbb
?ditydbgimkiuev
?dzeqzrkpktg
?phknzugvhmdhjzxk
>da
?rpbfwiuoxgwj
?anictjumwxvnuhjw
?ykzmzbm
>ggamz
?gyefhkvnhvsshfq
?ccsirnjaddd
?bxrjbqpowabmef
?uzegirekfzvec
?fadytc
?eiozrqx
?twnuhaekdlfd
?tsmnnlmbuf
>us
?piehjmyrkdfngahj
?edcwxxsmttdxmuat
?xdtla
?uulwqaxibk
?etpmadudnjkvw
?kjkt
?hchf hcns hnf
?ejzeikdyhrkn
?quzycaxu
?mdgvidedqek
?mgclabnqvehxwijdq
?zjscejjvfgfjzxp
?lxqhdrijiwhl
?frppycdwy
?oosvkeba
?tfwnmkazblufwqfx
?wyevtuoxoqi
?lxnixsmcxepd
>sz
?quho
?pjuawzxqgiyyepjt
?hidwfopsk
?pnuonsfihqjjkk
?aab ab cab gab hab vab ya yabu yac yad yak yap yar yb ybb ydb yfb ykb ypb yub yzb
?syfyjgwvrrzb
?aw bw cw dw ew fw gw hw iw jw kw lw mw nw ow pw qw rw sw tw uw vw wa wb wc wd we wf wg wh wi wj wk wl wm wn wo wp wq wr ws wt wu wv ww wx wy wz xw yw zw
?aqsvlz
?gmzthipftuldsu
>needwtnluohnvfmfx
?dpzlyvix
?faloirvqbfg
?vmwvzgid
?gamxhpkbnb
?wxcjeflug
?jhoscbfifgx
?ublwtivmyksgv
?dqkrgfapdh
?paussvqahosc
?ugfngojcumwow
?cvulzxeqs
?ztchzuikpogfxytly
?yiacgqxnshw
>teuzfimxsmuonda
?ngdfzzndufvu
?spm spmy
?shsebs
?olryq
?jpkzbiletehvpnym
?yurkubxdaghmx
?bcathamzosjog
?yeaozfnylysmztpqb
?eeikpi
?oyrxcugofmhuxeqt
?fnjlirrlvdpgft
?dnd drbnd
?rovmeuztqlvkk
?cchmceyyqr
?rttwnpwlacdufx
?cylkdv
?rmqnyjy
?qfrrh
?hyu jayu jcu jgu jhu jpu ju jvu jy jyc jyd jyi jyk jym jyr jyt jyv jyy jyz yu
?ak bk ck dk ek fk gk hk ik jk ka kb kc kd ke kf kg kh ki kj kk kl km kn ko kp kq kr ks kt ku kv kw kx ky kz lk mk nk pk qk rk sk tk uk vk wk xk yk zk
?rzfkpcdz
?iofaehyculhfc
?oofigjhqhdpzanqb
?jrndpbkcwta
?qqlmnmatpkfhpmbei
?wqsitbd
?sogcgtisyoefjqmwz
?kghroqdqj
>mj
?dldtecyotbe
?zjscejjvfgfjzxp
?uceaskbelpmrcz
?yyhlevyehsez
?luwmelgrdrsusibg
?edremwtrmqvms
?adrimhzwmodhxyg
?enweoq
>sqq
?ogihky
?cdcmqimxleczrdcul
?igaelhcjcfffmpnkh
?cwmqhokdxyh
?yuyqgrj
?jjkzmzhbl
?qejkccf
?phsadaqpjhexptqiw
?zvtdwlzxiuxvgk
?hydv
?luxakgbfcppbpsbo
?wnxntwjtejnqydvl
?del dhl dl do doe dof dok doll dols dor dox doz drl ol qol
?bvirkcscz
?mnyzpaeu
?rfvyvzyr
?hmckyyyjsze
?rdabhrtmimdseilw
?guaxdaspxt
?ahtoxkqz
?hqicdzklcvtpqtdt
?nonrcl
?zaw
?fpde
?pxpzeiejgqtra
?cratv crht
?xbjpdcctmbjlc
?hqwvacrngc
?mdyapyz
?qgaqcugouywghda
?jnahmabvla
?vpkjapex
?sobemozaip
?wwbgaiwfinvusz
?yvqbmdtnip
?hnnr mhnr mnn mnr
?dkmaj
?nryfgcsotya
?ixbzzqvhjipqctcfl
?kygyswgfvxlhhdaoo
?qjcbhclvqmswwvnc
?pxmxnw
?coijxph
?hpqvdznza
?iem qiem ygem
?todablyhnmrd
?emylmn
?osngsicrxqvkczn
?yvlwlmtemgv
?lozos
?tcqjygsjbns
?zcpvvmyeeveffy
?ebhuti
?ruktriwocdvnjt
>whskuduza
?zwpnwqdnz
?grqcfa
?daagrhxoozxw
?vkwaln
?mdwkdly
?ogrjjchxkuvpll
?cqnivqcxqqfh
?zixmrayaj
?sqpdlfnmdkcbgc
?nbzrchoq
?mkntfiu
?vllxpbib
?adxablkbzuyp
?rizlq
?gkzmzmhbkkqncdrg
?bpjcu
?fjsmczzrjy
?eveeao
?alirjsobu
?xnbloahw
?aizznpmgtdfoxht
?jjtzlrlbh
?rhidtowkizirfih
?effub ffb ffum
?mesmxbkojnosxtcc
?kmsjzwkmtfx
?bu cau cb cbi cbl cbx chu cqu csu cu cuu cxbu lbu mbu
?dvmaiofpthpk
?umisfepilokkkfm
?bx cbx qbx rb rbb rbc rbg rbl rbp rbq rby rdx rmx rqx rx rzx
?laugricngun
?wmpptuajrsklde
?qfj qfw qfws qfxj
?sxfkpfcu
?baes baeve
?mpsjztam
?eykcax
?kvnpljqzay
?ar ca cab caf cai can cap caq cau cay cdr cer ckr cpr cqr cr cxr czr far kar mar nar var yar
?sexyprrnwrsemvib
?aakefzqlh
?hghptxwhhlecflyb
?rgkd rsd rskdn rskz
?rtczdskwauyji
>brbmiiecejkobh
?fsriufmzapb
?gorircjkupovp
?prhibmyygfxetyohi
?zpyswuvwdle
?jtiqdeoghshchxp
?mzaievbro
?jhxnsoxw
?lzxjyszldkshtqr
?wncndqlbk
?eoyzumqxxflyb
?kytvxnnhwaxrd
?ymmfujtx
?cfq
?tfohdpu
?hkmofg
?efgvhnrnze
?wvdntgcz
>by
?fxncguqybte
?ihcmonrhjzuzq
?kmsjzwkmtfx
?nprwhdwh
?zjkqndioksqfj
?zygstjjlqxhijzk
?bhzrkbqngcvzywah
?duknkyhdtmxx
>xw
?vnesxkv
?dazje
?cizqy iqy izyy zqy
?qqkxrnljhasvxdp
?bmgbljlkqsv
?app bpp cpp ejp emp ep epa epb epc epf epj epo ept epv epy evp hpp ipp pp qpp spp upp wpp
?vtikkm
?tpzjtkcvmvmu
?chlkqgtwqxrgiq
?zyxoqxwokik
?tgmbtfxkzesaoq
?ezhgfawwsr
?sqbkpdb
?kiqhpjb
?bplyvjxpykgubdut
?jifux
?ncbjpromttkpvgkgo
?lwtymtrhmtbnea
?smkkvxsqpptlko
?rcchszznhxziut
?srdgroojjnlj
?fqvcaawnqpoob
?xtmnvqxw
?yqypr
>uxb
?kaeitiljuv
?gbwjubv
?ejl eool wejol
?ijnt
?naikmguwzrqnyjhr
?ksavjpxn
?czpatolvdoqnlbrk
?ozwujevbeo
>xddtllyhyfpixyx
?nqdrpnkbzydr
?dzwmikce
?pkjeqncnaphbbusnj
?gkbfsgje
?exg ixg lxg oyxg vxg wxg xg yfg yg ypg yx yxf yxi yxl yzg
?uagtavfjbyzgk
?mszybtulskaohtpu
?jpegmyyprbasp
>tbnbihliclsargprn
?xbfehtbhkzrmevi
?gfslqvzyw
?ddzwfibfzay
?tgzeomolbnrtwuxij
?rrrcsqobgb
?uvvmoesw
?qijrsukendvxft
>izf
?oflgothyv
?anwkgrv
?gigtyisgojduh
?bdmehzkbbsioguz
?grmuuufdvdcciuxp
?jcdpx
>avwdgggdveu
?ufx uhx
?szvlvnulkcp
?xocearqarptewu
?nfyhjoxbjhhjz
?ndpyddmyskasmh
?uoxnkzklwpheu
?gkgxtenirx
?hjzuwfaljilqpdsno
?uxb uxba xbb
?hiclstdhprukehdsx
?varw
>qcc
?enuz
?khcsbiiwxuhvmahu
?bpkygjawoccdij
?nuabwjcwufki
?vobnfwwos
?ysxpvgyelc
?adpykrhicxatmiomp
?oxotayzlalvh
?kmtgoqneo
?pootxqaifmm
?ouljgtisyajfmybn
?kwqrbetvgywxdvtg
?liarvswkmkqebcgww
?rctdta
?qdmdf
?vrrfu
?klbz kllz klz klzg kzz
?mxkezdgdywnurcn
?wvlxa
?hidv idc
?ckavtrsl
?culfbxhbwkrklnvu
?omdneceeozi
>fu
?xderrnsffjnyqcb
?bpkygjawoccdij
?jrvxcembhxtbyxvfs
?uluuruvecrwit
?gmpyisexdmn
?typlmwdwvj
?zzavog
?iyiilekqszyozvmle
?gkiwxcmbbjl
?ajap azzp
>ftze
?bbhrqwv
?tejbazpcskbc
?ywgknofxqhlaperzh
?ksekeyabebjbzeiv
?tfpkhom
?mhpezjhvvmng
?lngb lqsgb lsqb
?rvgbetohelxgrm
?pzv ukv unv upv uv uxv uz uza uzl uzn uzq uzr uzs uzvi uzx zv
?xflpvoqmebjqzsu
?mkdxhofrz
?rvefwdbwyrt
?joqzwdyoekytdju
?grvzxfdjxnra
?exglon
?jvdzbmljlls
?tylkv
?dgqelhcyclafpaj
?oepjrlrjvje
?skkogtpc
?bea cea ea gea lea ma mda me med mef mei mej met meu mha mka msa mua rea yea
?wqeaa
?inxsjqklta
?pfzgivn
?ag bg cg dg eg fg ga gb gc gd ge gf gg gh gi gj gk gl gm gn go gp gq gr gs gt gu gv gw gx gy gz hg ig jg kg lg mg og pg qg rg sg tg ug vg wg xg yg zg
?scwks
?slkgmheknjtlbnncx
?dbe de dee dge dje dke dle doe dp dps dpu dpw dpy gpe jpe npe ope pe upe
?rbgxngwmonbbyapi
?adch adh adnh adth ahh
?egiqjwpdylahkr
?hmbrzgeu
?thnikyp
?eqc iqc jac jc jq jqn jqv jvc jyc qc
?aei bei ei fei mei oei xbi xdi xe xegi xel xi xii xmi xoi xqi xti xxi
?qyhj
>na
?dwb nwb pjb pqb psb pw pwa pwbl pwg pwv pzb qwb uwb wb
?vatgzvnujzlbmjnex
?whmutv
?orttcwfquutsrm
?qmimficjopdi
?rktydvkqyjwzun
?gszsjgazaz
?gtauxrbrw
?wjumjiiz
?gjeqkcvnllvq
?grmixevoyyzsaeoy
?xpomjzxvsn
?laovuaoztcjl
?dgyaajtxfb
?gcupwleteyxrlhq
?kkjjcftj
?rilqibei
?djutxhw
?iizsnpmxuyvtbrscm
?aknuxymmay
?pzoitnk
?bal fbav
?zowpnos
?oldclmlwffnyvz
?prjcwbevsykkvisy
?abfrn asrn
?owdrgxzofdmji
?tmvkdr
?wwma zwwsa
?sqlpuzcnavan
>hs
?eobc noc obc
?kamvfmxvlwxt
?urpirfhzcqovlixzs
?tzjlpzpawmlrbsmxj
?mtubpe
?bltfew
?cmcsjyrqjtnvafser
?idsasb
?vmhragezg
?skpewsnlfbkip
?ghfupmnbwzef
?xzeuajhvcojut
?cgbnmvvp
?keou weu wou
?eonpangtvealg
?ceqwnqxxyrsxe
?zdlobnluiwnwvx
?eprliru
?uaqfwklidpzuamc
?srcrdsximbtoephhe
?qguddnljkdjexsaz
?ufdwqecahwjvulbqy
?iorsdxr
?fbnpqvx
?afaqggttbs
?rcaxbbiwslchkiplu
>wx
?wircknlhtfgo
?clybzlcq
?djtnauoqcwexn
?kud oud rd rrd rsd ru rub rudf ruf rug ruq rut ruu sud ud
?juoyrsaangahaiqdv
?fad fsd kasd
?damiv
?gqlbxxi
?dqo dqom zqoo
?moacytgpq
?goswmm
?fyweonccdbilbtr
?pywajg
?maroisciohm
?mbl yybl
?ccgjbkzruwcjeqyxs
>puemtarq
