0
0
0
0
0
0
0
0
0
0
0
0
0
0
0
0
0
0
0
0
0
0
0
0
1
0
0
0
0
0
0
0
0
0
0
0
0
0
0
0
0
0
1
0
0
0
0
0
1
0
0
0
0
0
1
0
0
0
1
0
0
0
0
0
0
0
0
0
0
0
1
0
0
0
1
0
0
1
0
0
0
0
1
0
0
0
0
0
0
0
0
0
0
1
0
0
0
0
0
1
0
1
0
0
0
0
1
0
0
0
0
0
0
0
0
0
0
0
0
0
1
0
0
0
0
0
0
0
0
0
0
1
0
0
1
0
0
0
0
0
0
0
0
0
0
0
0
0
1
1
0
0
0
0
0
0
1
0
0
0
0
0
0
0
1
0
0
1
0
0
0
0
0
0
1
0
0
0
0
0
1
0
0
1
0
0
0
0
1
0
0
0
0
1
0
1
0
0
1
1
0
1
0
0
0
1
1
0
0
0
1
0
0
0
1
0
0
1
0
0
0
0
0
0
0
0
1
0
0
0
1
0
1
0
1
0
0
1
1
0
0
0
0
0
0
1
1
1
0
0
0
1
1
1
0
1
0
0
0
0
1
1
1
0
0
1
0
0
1
0
0
0
0
0
1
1
0
1
1
0
0
1
0
0
0
1
0
0
1
1
1
0
0
0
1
1
1
0
1
1
0
1
1
1
0
0
1
0
1
1
0
1
0
0
0
0
0
1
0
1
1
0
0
1
0
0
1
0
0
0
1
1
0
0
0
0
0
0
0
0
0
1
1
1
1
0
1
1
1
1
0
0
1
0
0
0
0
1
1
0
1
1
1
1
0
1
0
0
0
1
0
0
0
0
1
1
0
1
0
1
1
0
1
0
1
1
1
1
1
1
1
0
1
1
0
0
0
0
0
1
1
1
0
1
0
0
1
1
0
1
0
0
1
1
1
1
1
1
0
0
0
0
0
0
0
1
0
0
1
1
1
1
1
0
1
1
1
0
1
1
0
1
1
0
0
1
1
0
0
1
1
0
0
1
1
0
0
1
1
1
1
1
1
0
0
1
1
1
1
0
1
0
0
1
1
1
1
0
1
0
0
0
1
1
0
1
1
1
1
1
1
1
1
1
1
1
1
1
1
1
1
0
1
1
1
1
1
1
1
1
0
1
0
0
1
1
0
1
1
0
1
0
0
0
0
1
1
1
0
0
1
1
1
0
1
1
0
1
0
0
1
1
0
1
1
0
1
1
1
0
1
0
0
1
1
1
0
1
1
1
1
1
1
1
0
1
0
1
1
1
0
1
1
1
0
1
0
1
0
1
1
0
0
1
1
1
1
1
1
0
0
0
1
1
0
1
1
1
0
1
1
1
1
0
1
1
0
1
1
1
1
1
1
1
1
1
1
1
1
1
1
1
0
0
0
0
1
1
0
0
1
1
0
1
1
1
1
0
1
0
1
1
1
0
1
0
0
1
1
1
0
1
1
1
0
1
0
0
1
1
1
0
1
1
1
0
1
1
1
1
0
1
1
0
0
1
1
1
1
0
1
1
1
1
0
0
1
1
1
1
1
1
1
1
1
0
0
1
1
1
0
1
1
1
0
1
1
1
1
1
1
1
1
1
1
1
1
0
0
1
1
1
1
0
0
0
1
1
1
1
1
1
1
1
1
1
1
0
1
1
1
0
1
0
1
1
1
0
1
1
1
1
0
1
1
1
1
1
1
0
0
1
1
1
1
1
1
1
0
1
0
1
0
1
1
1
1
1
0
1
1
1
0
1
0
0
0
1
1
0
1
1
1
0
1
1
1
1
0
1
1
0
1
0
1
1
1
1
1
1
0
1
0
1
0
0
0
1
0
0
1
0
1
1
1
0
0
0
1
1
0
1
1
0
1
1
1
1
1
0
1
1
1
1
1
1
1
1
1
1
1
1
1
1
1
1
1
1
1
1
1
1
1
1
1
1
1
1
0
1
1
1
1
1
1
1
0
1
1
1
1
1
1
1
1
1
1
1
1
1
1
1
1
1
1
1
1
1
1
1
0
1
0
1
1
1
1
1
1
1
1
1
1
1
1
1
1
1
1
1
0
1
1
1
1
1
1
1
0
1
0
1
1
1
1
0
1
1
1
1
1
1
1
1
1
1
1
0
1
0
1
1
1
1
1
1
1
1
1
1
1
1
1
1
1
1
1
1
1
1
1
1
1
0
1
1
1
0
1
0
1
1
1
1
1
1
1
1
1
1
0
1
0
1
1
1
0
1
1
0
1
1
1
1
1
1
1
0
1
1
1
1
1
1
1
1
1
1
1
1
1
1
1
1
1
1
1
1
1
1
1
1
1
1
1
0
1
0
1
1
1
0
1
1
0
1
0
1
1
0
1
1
1
0
1
0
1
1
1
1
1
1
1
1
1
1
1
1
1
1
1
1
1
0
1
1
1
1
1
1
1
1
1
0
0
1
1
1
1
1
1
1
1
1
1
1
1
1
0
1
1
1
1
1
1
1
1
0
1
1
1
1
0
1
0
1
0
1
1
1
1
1
0
1
1
1
1
1
1
1
1
1
1
1
1
1
1
1
1
1
1
1
1
1
1
1
1
1
1
1
1
1
1
1
0
1
0
1
1
1
1
1
1
1
1
1
1
1
1
1
1
1
0
1
1
1
1
1
1
1
1
1
1
1
1
1
1
1
1
1
1
1
1
1
1
1
1
0
1
0
0
1
1
1
1
0
1
1
1
1
1
1
1
1
1
1
1
1
1
1
1
1
0
1
1
1
1
1
1
1
1
1
0
1
1
1
1
1
1
1
1
1
1
1
1
1
0
1
1
1
1
1
1
1
0
1
1
1
1
1
1
1
0
1
1
1
1
1
1
0
0
1
1
1
1
1
1
0
1
1
1
0
0
1
1
1
1
1
1
1
1
1
0
1
1
1
1
1
1
1
1
1
1
1
1
1
1
1
1
1
1
1
1
1
1
1
1
1
1
1
1
0
1
1
1
1
1
1
1
1
1
1
1
1
1
1
1
1
1
1
1
1
1
1
1
1
1
1
1
1
1
1
1
1
1
1
1
1
1
1
1
1
1
1
1
1
1
1
1
0
1
1
1
1
1
0
1
1
1
1
1
1
1
1
1
1
1
1
1
1
1
1
1
1
1
1
1
1
1
1
1
1
1
0
1
1
1
1
1
1
1
1
1
1
1
1
0
0
0
1
1
1
1
1
1
1
1
1
1
1
1
1
1
1
1
1
1
1
1
1
1
1
1
1
0
1
1
1
1
1
1
1
1
1
1
1
1
1
1
1
1
1
1
1
1
1
1
1
1
0
1
1
1
1
1
1
1
1
1
1
1
1
0
1
1
1
1
1
0
1
1
1
1
1
0
1
1
1
1
1
1
1
1
1
1
1
1
1
1
1
1
1
1
1
1
1
1
1
1
1
1
1
1
1
1
1
1
1
1
1
1
1
1
1
1
1
1
0
1
1
1
1
1
1
1
1
0
1
1
1
1
1
1
1
1
1
1
1
0
1
1
0
1
1
1
1
1
1
1
1
1
1
1
1
1
1
1
1
1
1
1
1
1
1
1
1
1
1
1
1
1
0
1
1
0
1
1
1
1
1
1
1
1
1
1
1
1
1
1
1
1
1
1
1
1
1
1
1
1
1
1
1
1
1
1
1
1
1
1
1
0
1
1
1
1
1
1
1
1
1
1
1
1
1
1
1
1
1
1
1
1
1
1
1
1
1
1
1
1
1
1
1
1
1
1
1
1
1
1
1
1
1
1
1
1
1
1
0
1
0
1
1
1
0
1
1
1
1
1
1
0
1
1
1
1
1
1
1
1
1
1
1
1
1
1
1
1
1
1
1
1
1
1
1
1
1
1
1
1
1
1
1
1
1
1
1
1
1
1
1
1
1
1
1
1
1
1
1
1
1
1
1
1
1
1
1
1
0
0
1
1
1
1
0
1
1
1
1
1
1
1
1
1
1
1
1
1
1
1
1
1
1
1
1
1
1
1
1
1
1
1
1
1
1
1
1
1
1
1
1
1
1
1
1
1
1
1
1
1
1
1
1
1
1
1
1
1
1
1
1
0
1
1
1
1
1
1
1
1
1
1
1
0
1
1
1
1
1
1
1
1
1
1
1
1
1
1
1
1
1
1
1
1
1
1
1
1
1
1
1
1
1
1
0
1
1
1
1
1
1
1
1
1
1
1
1
1
1
1
1
1
1
1
1
1
1
1
1
1
1
1
1
1
1
1
1
1
1
1
1
1
1
1
1
1
1
1
1
1
1
1
1
1
1
1
1
1
1
1
1
1
1
1
1
1
1
1
1
1
1
1
1
1
1
1
1
1
1
1
0
1
1
1
1
1
1
1
1
1
1
1
1
1
1
1
1
1
1
1
1
1
1
1
1
1
1
1
1
1
1
1
1
1
1
1
1
1
1
1
1
1
1
1
1
1
1
1
1
1
1
1
1
1
1
1
1
1
1
1
1
1
1
1
1
1
1
1
1
1
1
1
1
1
1
1
1
1
1
1
1
1
1
1
0
1
1
1
1
1
1
1
1
1
1
1
1
1
1
1
1
1
1
1
1
1
1
1
1
1
1
1
1
1
1
1
1
1
1
1
0
0
1
1
1
1
1
1
1
1
1
1
1
1
1
1
1
1
1
1
1
1
1
1
1
1
1
1
1
1
1
1
1
1
1
0
1
1
1
1
1
1
1
1
1
1
1
1
1
1
1
1
1
1
1
1
1
1
1
1
1
1
1
1
1
1
1
1
1
1
1
1
1
1
1
1
1
1
1
1
1
1
1
1
1
1
1
1
1
1
1
1
1
1
1
1
1
1
1
1
1
1
1
1
1
1
1
1
1
1
1
1
1
1
1
1
0
1
1
1
1
1
1
1
1
1
1
1
1
1
1
1
1
1
1
1
1
1
1
1
1
1
1
1
1
0
1
1
1
1
1
1
1
1
1
1
1
1
1
1
1
1
1
1
1
1
1
1
1
1
1
1
1
1
1
1
1
1
1
1
1
1
1
1
1
1
1
1
1
1
1
1
1
1
1
1
1
1
1
1
1
1
1
1
1
1
1
1
1
1
1
1
1
1
0
1
1
1
1
1
1
1
1
1
1
1
1
1
1
1
1
1
1
1
1
1
1
1
1
1
1
1
1
1
1
1
1
1
1
1
1
1
1
0
1
1
1
1
1
1
1
1
1
1
1
1
1
1
1
1
1
1
1
1
1
1
1
1
1
1
1
1
1
1
1
1
1
1
1
1
1
1
1
1
1
1
1
1
1
1
1
1
1
1
1
1
1
1
1
1
1
1
1
1
1
1
1
1
1
1
1
1
1
1
1
1
1
1
1
1
1
1
1
1
1
1
1
1
1
1
1
1
1
1
1
1
1
1
1
1
1
1
1
1
0
1
1
1
1
1
1
1
1
0
1
1
1
1
1
1
1
1
1
1
1
1
1
1
1
1
1
1
1
1
1
1
1
1
1
1
1
1
1
1
1
1
1
1
1
1
1
1
1
1
1
1
1
1
1
1
1
1
0
1
1
1
1
1
1
1
1
1
1
1
1
1
1
1
1
1
1
1
1
1
1
1
1
1
1
1
1
1
1
1
1
1
1
1
1
1
1
1
1
1
1
1
1
1
1
1
1
1
1
1
1
1
1
1
1
1
1
1
1
1
1
1
1
1
1
1
1
1
1
1
1
1
1
1
1
1
1
1
1
1
1
1
1
1
1
1
1
1
1
1
1
1
1
1
1
1
1
1
1
1
1
1
1
1
1
1
1
1
1
1
1
1
1
1
1
1
1
1
1
1
1
1
1
1
1
1
1
1
1
1
1
1
1
1
1
1
1
1
1
1
1
1
1
1
1
1
1
1
1
1
1
1
1
1
1
1
1
1
1
1
1
1
1
1
1
1
1
1
1
1
1
1
1
1
1
1
1
1
1
1
1
1
1
1
1
1
1
1
1
1
1
1
1
1
1
1
1
1
1
1
1
1
1
1
1
1
1
1
1
1
1
1
1
1
1
1
1
1
1
1
1
1
1
1
1
1
1
1
1
1
1
1
1
1
1
1
1
1
1
1
1
1
1
1
1
1
1
1
1
1
1
1
1
1
1
1
1
1
1
1
1
1
1
1
1
1
1
1
1
1
1
1
1
1
1
1
1
1
1
1
1
1
1
1
1
1
1
1
1
1
1
1
1
1
1
1
1
1
1
1
1
1
1
1
1
1
1
1
1
1
1
1
1
1
1
1
1
1
1
1
1
1
1
1
1
1
1
1
1
1
1
1
1
1
1
1
1
1
1
1
1
1
1
1
1
1
1
1
1
1
1
1
1
1
1
1
1
1
1
1
1
1
1
1
1
1
1
1
1
1
1
1
1
1
1
1
1
1
1
1
1
1
1
1
1
1
1
1
1
1
1
1
1
1
1
1
1
1
1
1
1
1
1
1
1
1
1
1
1
1
1
1
1
1
1
1
1
1
1
1
1
1
1
1
1
1
1
1
1
1
1
1
1
1
1
1
1
1
1
1
1
1
1
1
1
1
1
1
1
1
1
1
1
1
1
1
1
1
1
1
1
1
1
1
1
1
1
1
1
1
1
1
1
1
1
1
1
1
1
1
1
1
1
1
1
1
1
1
1
1
1
1
1
1
1
1
1
1
1
1
1
1
1
1
1
1
1
1
1
1
1
1
1
1
1
1
1
1
1
1
1
1
1
1
1
1
1
1
1
1
1
1
1
1
1
1
1
1
1
1
1
1
1
1
1
1
1
1
1
1
1
1
1
1
1
1
1
1
1
1
1
1
1
1
1
1
1
1
1
1
1
1
1
1
1
1
1
1
1
1
1
1
1
1
1
1
1
1
1
1
1
1
1
1
1
1
1
1
1
1
1
1
1
1
1
1
1
1
1
1
1
1
1
1
1
1
1
1
1
1
1
1
1
1
1
1
1
1
1
1
1
1
1
1
1
1
1
1
1
1
1
1
1
1
1
1
1
1
1
1
1
1
1
1
1
1
1
1
1
1
1
1
1
1
1
1
1
1
1
1
1
1
1
1
1
1
1
1
1
1
1
1
1
1
1
1
1
1
1
1
1
1
1
1
1
1
1
1
1
1
1
1
1
1
1
1
1
1
1
1
1
1
1
1
1
1
1
1
1
1
1
1
1
1
1
1
1
1
1
1
1
1
1
1
1
1
1
1
1
1
1
1
1
1
1
1
1
1
1
1
1
1
1
1
1
1
1
1
1
1
1
1
1
1
1
1
1
1
1
1
1
1
1
1
1
1
1
1
1
1
1
1
1
1
1
1
1
1
1
1
1
1
1
1
1
1
1
1
1
1
1
1
1
1
1
1
1
1
1
1
1
1
1
1
1
1
1
1
1
1
1
1
1
1
1
1
1
1
1
1
1
1
0
1
1
1
1
1
1
1
1
1
1
1
1
1
1
1
1
1
1
1
1
1
1
1
1
1
1
1
1
1
1
1
1
1
1
1
1
1
1
1
1
1
1
1
1
1
1
1
1
1
1
1
1
1
1
1
1
1
1
1
1
1
1
1
1
1
1
1
1
1
1
1
1
1
1
1
1
1
1
1
1
1
1
1
1
1
1
1
1
1
1
1
1
1
1
1
1
1
1
1
1
1
1
1
1
1
1
1
1
1
1
1
1
1
1
1
1
1
1
1
1
1
1
1
1
1
1
1
1
1
1
1
1
1
1
1
1
1
1
1
1
1
1
1
1
1
1
1
1
1
1
1
1
1
1
1
1
1
1
1
1
1
1
1
1
1
1
1
1
1
1
1
1
1
1
1
1
1
1
1
1
1
1
1
1
1
1
1
1
1
1
1
1
1
1
1
1
1
1
1
1
1
1
1
1
1
1
1
1
1
1
1
1
1
1
1
1
1
1
1
1
1
1
1
1
1
1
1
1
1
1
1
1
1
1
1
1
1
1
1
1
1
1
1
1
1
1
1
1
1
1
1
1
1
1
1
1
1
1
1
1
1
1
1
1
1
1
1
1
1
1
1
1
1
1
1
1
1
1
1
1
1
1
1
1
11 *).QBnSa+*0PV
6 j*DpN%S^!=xi3i-`d-Xof,f$ez[5<fr'o73><e7V#KA55M04sg>Z
7 e0^niAKI2\LUXc{j[fp1)B/s_1~P'FCkV#Z@]&
6 lPT4I"(
6 >?{E.:Bo<']6Pw.>16<|:+BZJU9"X}-uW)Ve\wox}g/i_W(+l](Bgc{2S53F3ZW&|.&Z&t
9 &|z^T`/PJ{nnae2]_HG<<IHt!Nvm
10 O%i*dmU<;''Y~h=HRv^1<eyG~:lyMmN|qSAq[v.u|NP{8(_%9>OT>I{X
5 ""Bpxt>$
6 EEl&c!=1$Ohm@a*=>%Sg)ai}zBayNtk/TXNSsjc2TL!//DKfH9hQzRiu0e,][2'Jjo|xZ{+J
8 FxP#6bz2)v"z@U_%pz''niVK|tpN)}VNv(jG%fr-]tB8J<<U8\['GMQDB\-J[b3l%}5C~B
5 (av.?n9~5k``}@|w6sy%.wvyJo`J|[1%W(L21eKEk,A%e>|zLv:YnKmSVO9SEIr8j?Iz?/@+:zJ!
10 b?;kcg.n~E3fGo:=F3.;5C^w!M:lsLmqjC]hE'X_Kj`-tydUGqp[O
7 N<(i=6~hrgGG:#wdFa
7 ~*|YHVq]"h;cv;>(v)x{*#Ld26/|SUimy"GBrS~s<:X4n1;!9O|BQ
11 cS_0!wl}mcl%SE&@wD=hd
10 j59ot`'C\77T~B$+ns^D_q!Ye(p3xendy(T*gtg^F}NE
6 Bh5|Vo=d/r1\f*MO?o}
6 nuZJwW0hT
5 <-G%$sr)d^PAg`&Ej)i7dLV<p&%)\5Z3B=
6 >j!F*khI4mo2}=VL)e~a"tMkrpenaJC~5^
9 XT[a8`WIj*.Z9
3 3GJj'l%3`zI=nYl}}{zuN$V\VbYP'4P9t5>7"Bc|>-:GeAE}=@
11 -U)+O|3Kb)+Lg*d4hkp5f*^m/_
7 x_:FE5Zryd[QMKx,(p^g]&G.@q,]8B-K#`-a0"U+!K[guTr|_R!>qGeL9pEjMk6if\L
4 Pm)J[gaeo|?L'VETp]tVD
7 Qx*Cb`WJ?g
12 5$vjlQB-NN1)VN0~(lfL4OQeVQt
9 Gh
7 _TLw3va0oJajBwFx/;>"D?)1p.xJ(65f%z^7qZ`{?\g`nHZ9b3:'RBQ]
4 c)Yl@Gu[3dm,5)o3`swc.
11 tl*S{I#VJjS6Bs4P;~cD]F%O+]7BkfY`Sc4j
13 $w|bab*d1wN,2jXmGHpi:7?`0brB7tXT(VR$S[hcm7*~"a)H*xLCJ'>th2Q;A+nczAfN|OLjfU&#QH
8 yr"RRb!bsgb31!gilst2`Xv"bKaA_jvsw3`Ju{Gic*7/E9wL-(]l_n)C:jc4UtBg)>M9
10 x\\i2wka>DWMxvXm>VIpJVd+\$UN94
9 x.
10 -r>[
7 `QZ$Mw*W\>Mp0H9D
9 Q6~TgRiRw~+vx.|P|xA*LA."[q>%7xfg/!<1mAbe@m\9zY%wmE<:!d;[Vrz)lao6{G
7 3y#^6{ymu
4 5Tm'wo,u]X]GrtTVQFL1C:}
13 fCVNU5Ah+rp:O}*)'WTVk5:?c*Ll5A{6~lcT#@WG3Hz|`%@fusXaDq"B{gIK)Ea(M_ui~g1M
9 PJR%"Ff1+3wdYp,{wmK4m\LJ|-jUp{~AFQFb
5 *9n|6aCF5_S^&X(9S^UEB5,8J#+-QCct[l-qOOR}J&\Ow}$L]X,:(7QkS\w%~\4tI
7 moa?Cf/,:7OYp`anAw6umNQUsL2hk:isEf3ggA/"q]Z|X=lx5=*>jtrx\?{bYeV9f$;N^IPkAE
4 NV{X$C!\(HQ~.ZIuC8/|Z\]{50W~Ap7*
8 j*zJnTJvSMYB\|
6 ;[J.mEr+]\Y(:6c_zJcC$oGnR!urN{y$WDLE%?iazC$Osf0n2rLO}/>P/5]v1Wz${
12 RXh(B7G6o`73&|~Tt&lhb"8r4{je|=Zit
4 _o\[])@x#I)S&;3A7E%,adiyk
10 6-g3BFf=U8fkAUh("F"I(W~j;s'$'sK<;4h\sOxc"zP]jS~l4;P;-jAGxGJ~;1Uo^>Ll)_Q
10 Es9$AFA^R9<y|6r$"gkFD{2;yDD<miEN^]k:>Hxp`O&]dwz!zf`?}rt3Q9N?>.l7ksjD<cO{NTs3g
14 J\\A,KfiGY-%PG?lA
8 ""nmVhD.,iT/zmo@0614+eWfCK=+
7 bUYdu>XdpwmDPa0J'^"b[]:'toZG_F+C6}BF<5+--wP\
11 U!LhfIb>l:x5DVcDkw(Y`B+@cu;d4(E%),lnnj.[?Ap|3nA}fIrb&8=iIW
9 K?$?96K[CH/!?1\jqj!nP[sNJk>-
10 mBf^uo^Igk!R$<lWaWL_OUNa8}psB2kKmSDc]=
7 1k=ZsivH"g,Vl|Zj!D@:v,4-2InNY[i%G(x;,+c-qn|y'qdA7?Z.dnTu8]D,9HJzOC6ug4=Z=;TC-
4 ,](&>y[xwvcfkVFE!l=V)6q*qb=f;AoF9vfp-B%
8 lH&Yq[@Sob|c~|+-K56"Cv,pMA!-H}%5`*ml~H@o+>m+U3Q!
8 E7E
10 igDO(LGZG;xY)X1\Xt2Oe&Jm-FxBB@$G(H1IsW>V.8J
4 )l^-oj7TV~xX~O4="CwolLTS&p"6oeuwln@vYVLJo_#*
9 hFOjVgRd6oB5h8x6w[e
6 !ZPcP?S];FAH/=[gZe$2HK7nG/hmBLq
5 v*W2w3(ic%PTpyGipLJD1:6z=6\8cygZ>?lPk/UiN&Y?:!)+
9 Lc8rKZ0spi/`]R5q]c=']@-Nc@T%oVk<:>0~wY/iC
8 d"*xrf\J(:j5ghnWm_Hsz|
3 "3+nKTsC>(AAm94xS;J?B|z:=51PEt,F(65miD1(ekcS@2frM12*.HCdvTP<I[|jp2rto>7UE
6 BH*8k*j3;SWA,,8Mwe#$Q%3Q&k+Rhf
5 eV<G2`L~TG}U)hOr-5"8TH^o#P$`8~z8o7^#wF"f(:V0#&>JT?a)"[x$,7c]7xuAKnC]5_^=x6f7;%`
7 X?t:p{bYvi,RM!Lr&o)j^\5UK|/lsF1
6 |1d*revtaj0"cT)F>m-<^,YFc6+
4 %[_eNf*U09dx%VYws)j0TIRXTT
5 PGK.Y;y&*N+5iZ%ij|WYWN3.5v8t4A?cg
6 u>-*nNkAyl6@O"lnV47q:FZvy)>9eL/uiU~Y$&5}-JX[KFd=sz/.\h?V,v*pDR".(""
8 "g|QW'|s
7 N{K,{)3^sLlN0|-aF*<>"8l2+klz=v]&r*1+LDh@+om;ly7N>SkZ&Xk0^rFzi
7 (bP/7U]9>M+F-STBPf#f,<Gn3C{FI#Kj~64P&q$^Y/%eaYBLZ^M!5snH8&)z(m!A%4
2 j3'N-E.)L2"G%0&Kn|iWtClKLX<[7(6"T=i`{w$bD%*I4J/=G40<
9 e+BYtx95"KNthz)kur@:;uO_/(z+.[#reDf
5 5Z@sIKk?=1-GY38wzwxg)gw}2pU[Y*E)~!7He$"#N.cB
7 I]!yB->GlnevH$=x8lo._H2Lr!tId7!Hs"C6.z]5%],f`H_35OZ/wkZ&(Ohkei4sjp
6 [lm&8NXF(z2o!2rRO3c4{u</GW~j}!DY)LyZzR!
6 ~'!+=|~5f+"NEM
8 BxlifIa"ncPk4kG'uNymd&?2GZ/o_Al":Yk!#M=,Kl
8 ?p@+.jEcFVV2'IS#iaC&i`;
4 WHL6w?9-Yt<4kAN`gvDX4tRm0\-UYm31Py`IS4o-
3 HPq)Tpv'sNa|H@>@;u/kC%|[.k%go,G9[T[1_R7S;3jblD$(:2.vPElx2q`"8BTs1J?o
7 iO"yiq"KX-Hh;IBQJ~vw02`
8 r:tT^L<6/q+`v~k,@5^`b_
6 "TLy${2mfMgP?h{20^6J(W6kVG~!X_UsN#mR9:@~fBP@EfRTEg~gYOSJvRJOM;^6=
9 Aj~&]:&?o4yUs}bnpOqX3R2uE$ti>DL^/K}(~%FnRZ^FrB5d,A=>/ONSlD>E#%>LO=Sh[4q.mjnzG>_
8 /qO3tczKZOU*mT;]5{SZG$-?!!3>68gDE7V:5l~nVTw_)M=Wd+3,.YJHsve*0ghn}Y)N`(=8[Pv~
7 MNDC|Us<,abl@=}|XL23q)cw#Djbh%=6m`sjPgB\c?c$u{<hHM{:V_Lr>8o'VHWDCKJs
11 qFIu+p09/[|j/kJSUK@9pKrOM\sgraJ~B/0M~@eH6b4Ei]3YCRrN}e8KBFN
7 o|iEUN
8 [:fSUY84b+l^+P)3e/7O=Ca<uJhN=UXwo?f_w}.uCyTNd]zd'LN^nKy~
10 ,8Uf{ZmxCziRT'`4^4K5f1kCwp_FRGLw^"y[\gn:|XkRxL!rz
6 {sX~4B<HZu/s-X,{Iv2;>(F#<E(I_+$
10 >{wE:.tJx1}z^dzR9)
2 %*'N@lK7b^%"4MHEj;2{du]7R&=O8I"<m(%.0i_
10 Y?Sc7GXWez0QL?er
5 >{14W8>`=A:HS%S`Hxej0>DaNuuLe?I>;Ykq,+lHe'+9F]5)
10 Oc%c
13 y@hyp"j~K4HD^*Umz-+]Ug)Wt|tA`H/tg2osM
9 oS7~1=cKWchJEF?O6eajLQBO
6 n)L=&:ibW
8 Nbp/<n<1"ldiG=w
8 7*wqX~<'m{t=1{rA"$$~P:u[#1?
6 y^P\6rNl!os<Ob#Oxxo73fi]-6V(,(
5 $hWky0I'YS.RF]inbk'bb
11 &ws;T)VUzwE3+|
4 Q$NA.-)V0oPF1zFI(X<4c;KyF<
8 oN?-x_AHGju;ROu`nmU*\wy2sqpA7m*'WHMjCm
10 bk^bEEl,O!*?)_-vlwNxmeEM3WDeiPZLWS0{w7(HQL"ZFHk3@;F.;ktN]SNG%Cs
4 `|4B!7];bv5t:6ssM
9 ,x(?!BWR9g[zstqhBV,g(?vS>-7aT~!y3BT3},e7rA2gQ>j.tut7O'%)4;%#T%{"`P4^\4tioA
12 0+Rf#CcZb[?wO+ZBs1[_Y+#uMgwW0^=?i
9 ;/zdI',o:+u)jzET3y@d6\F\?0;
11 QKq}MEe*[B1{}a:ZMJ}BzvTzXcL7HJ/50!3]_w";UMRm/'HuPF8KX'`
7 Wa<hySi
7 UoHRKhn>oQ%Q
7 kju+h5<dP%H|!{m_I{9z'YQN11-[Z!)F&:jmN'l}F56F2?AZUYo[3A+^QQT,Q]kp2Wx_w
3 FRHg>i&RWC3O)>0I3irMl2)>j)&HjFb13E3Q09>"ukP}*_aVc
3 5WbeIAFDh_Bm^
5 BbxjygA}U;!7vriu"'JsT9%*S>XPyEOVBbBWJ|U
7 .#WE3=N@=`6}KE~/5BTRJzm)(bi&w/5@1(
9 -i6{j8VA##/uofk%V6K|.ivRl_:bE~Pkh!hnR?0U[>Kf@Rj1#6.J:@|A
7 CY?tFB|t@$20S4!^%ggEG`~#)kwVfVj*K*:peQ!@T3PB`j!~R$^4}w
7 m}[$tLs?q]5PXNHTWzf=<t#BF*%V~%o(#f+23:P?v!oONR>@N%\%y_FZ$eK#%VD(=iSi$?)5
7 yqkBqZxK!<c7cp)j`Q>oX$,75P\[X>hlJn/VI(
16 flW"_I19TPC{U$_zYP-_xy{|vY#z:W$;Et<?XLW.8z*
9 D@/#x=B^96<d+y3+0A4qr9ymZgm6'=Ae\igV(DOZYj@}!lCJ
8 +I'p%gFeR
5 \sON'%%b`N?"(PtzRe,xeppm{;S]"a?]UmGu-erl42nVacQ4d]GJh89dl'\mgzfWi.N
4 9%$qnJkhEge<[$7tZT0:cfX=31dd
10 Nk=YA)FT:u^VR#
6 J\'45'$<?eQrB6>r-I]yH5+lBAcebDT-!ZZ5zxkU^=b!m"syJQ/q!9
5 !u<M7YDN_BD%|t0;EKX!m~$Hm0Dg`AQa8(/h`l7ZI
9 7%EPnKT+4C\llLI,w0ed5ufe$L:]I[]y_=Jhg9.7uj>c7"*IKn.`~0`=[yz?UX9O0|92QFH
8 J<buslPgcmD@#mJsr'RylR%7||-Zd5TIkQ@_>+a=x'\6sA*"av7h
8 )'k#-{:v>3
6 v>UbXTF7L(;{L3
6 )nLL&#RK[8__2FZv"=CPheC$\zb0+0UN}<y
5 1e{?;\}pT8e#]|n$^}hS4ZA(o*ih?,2jp.*FiB7XY8tQ5cU.
9 W5g^t9T4!fWW^0?O
4 $eq_z6JLqb=OL=
4 Bm:v,>joY*#TgRbcWi=U//^h]w9k':FHC_Yh8DXpgu_PHBN:,joT5N>-GpwgE>0g8h
10 _ByX]w5;2UJ<J,{o6Y@N6eiJouq$`hv[Eq4#ibW6
6 yn}fqZM\RcGDr<sd#$8>SdCTi"2\&B%;L#
6 ]X[LY?cDgW,75a|F;[;-]})H&[2o8dUtWK[2j@ol2z%G\
8 VfNlo`^byzh#2^@CtM}1P#J;VAuXk6XB
6 0gMQvUav0iipq;G/fW+P#-aN$ku`v.GAt/q'cm9.X#~dW`/XS9)o_&>c,5D$\jDk5Qqw?+A2
10 $7nMZvYlS._7kCY_Y+t3eOltz3D49Da<[j$Pav
6 }3A=<>Ph#aq$y\n[T{Y&&<O@W%b-%Zm#(/YCf*Fh&Rk~/[[c
8 GL6-F1X*43gHvs1T|4l
11 YeR7hnstN:NQ^$(
4 {P.l`br3Q%&2=fdN:Z"I*|@4Tx&
4 s{10''(AtL[r#w5B]LU@jjTq|;I{f|\Zxl%;/Fu$rl20d`QB.'b3-
7 )QMj!$R$?2dOwm3Q;o)-f
8 EJ9;)'SweLY,y@VpPBwb}_#rWEK}Q8;1|me&s9}t!W!yvVjax}E2]G%O'iMq"$$}ph%!=#t=s0
8 +hc0b$0YI;d{?y@dG26N.J@\,S?oOd
3 oJ)/|kEDD7EY`1&;vx0.BN%I?yV|^4Lh]nvZtV:9(x.hD3$;F3
5 fyeV6|>[>(u/5D|vGQ%dDHcCv^d/2EZ3
8 R3#mwc`\hDSq[.&O
6 K(pzVr~QkP^G1Zel\Gu%</gNH);%twSZ:_UoRn\X?;~i0!plaf,|ure>7"CF41!h+oXv^5P
9 %le@vmuy2?'zr51z?PEn{Xy{1z@u8
10 TzlHC$PPB,zQ<@gL|5P+jY}=b#-/~&"S!m6^,eIN,D:G}=/zk^@V
9 r[}BmlwOjI}OAEyEwM*dmfSo{:G!a0vnk01Y{CCfl
7 oYkC2@9<{x0vOvNvb@ea[EjSsz}eFPyPDerp&GG"ZV4Dg{
7 #(Q<3SLN<RP"snT_ks^x(JL.4I@f)O_+
7 rx++!}oOR]UJgz@ET9'aH[R4"9D^R]>`Vc&pa0ZO(J4nFn55(;1i1b}2z\ph:II,G
8 q):0;-9;_?*axMJ2m"}PQaw.|QmHI;";C;ew
4 ,.*bDi5
5 N0$[8O)J-HR/',L*4HpcMdA'\QCT<AD%jay#1#gWKTfQ_M[.0fpvL3}C}[vT7UX"QS?|U'T;ZU(T>ba
4 0$xm0_7wjtLMsh[*TTdEB>Rq4B')7<kFYe5h_KzdAH2OK(X!vW_9t3
7 "
11 [orS"#*ROh!"mXeNP*jH=m/Mdvl4\\8Sf+'#HJT24n3"G4i2=nZsv$B[yI+p&B^lfenI0^[]g)
7 "s>r=082~0=vrKb_w%O:YT^l)~OK7[kRjD_BTvTSB,dOVa/hfx#Zgaaoz1;2(Ac
11 }j#U6"o,VM*A_w@[Hlt4`D
12 nb}ED+@D|u:jQ?eeJ'3k2XMth;x=q{Lz^JA=o
10 S}`ik&42%gzP#o\I{'R]Bddy<NQ[|KSPcO:OTgzsi2Dk";6
8 ~_vN92[iabxh}?WO:JaYyP,*V?6;t<!sz2]N^SR@QKDO%z}X__2Y
12 YMpSR74yfD5G%*K*5;\L6ySqb5.j"XSZ
10 24Bk!=kt6KvCctueq\V!CgNp)o0{.o8?>YE>1L4
6 DDM}z.4xYs3g)TWZ~RbBsE,4W;IvKP[*/*)*Q<=+0OrR$d-=7+_Fi&YB@=9'l006SRY%*uJ9EWkc<
7 lN]'}rC4OuwcwR"Q
5 {[O+Mg4Au8J)p,)x7&USn-9~s~T/hrndO>+7@>q6U<X`a`Z3!Jenp:)dS].<P{<::Fjs}\*T3aOsB*A
5 $lKp<b}*%odz8[3!F08M
9 Ct\Cq!v9!l.Pg'<WdX;!`<s[e_%r`Xk$gIFYcXqdE~O
11 Cn$9Y'hV|A'=q(G
5 ,Z
10 3}WdmZKJ'vl\c=<0\#!`MrF$9-Z>hR96P+5>d_g&Wo{U-8!iU;d=/+A
10 uk(R{lN>a|!G[QP/<,c/zpuzyN:~EQ%<=,m93Wpsnq;dCkry2q).|9Cv"\2G.6|KA&cS\obfa
7 *
6 *j4hfzd44++HWxa;k
5 ;+uw!n+;cV"B%K|4H$65lwK=cL9
7 a"+/xi(z@\Hqdpw.gbm~.FAnVF68.(B+Df9Wk@R,758{AJD)-2B:XbCI)s{QzX[Y@s2FO}k!
5 _@"EV%
11 irD@Fr6Aa>u&6n!a|-S>D[Gd3*3}f;LQ/+,n9[0yxA!IJ;,GGxdjnFj#i|;QR"=`FHO^$_s
4 ycf\Ez^H)xX\q%4(4&3/7L6\kd;gGyl[]mR$$1eF*>$7C7>p
6 4`W"pI_LZzvrGN|
5 QTqmz,JJ-Um)wwB=O#dcb,Ao'ZFKB
9 0FN[D`:]zm93K@sKkQ'H0u!
5 ?v{)VmJ`u(#8oe4<THiyuDQ
4 (Pl0$l6JR?'M<:{:9}_1PdW4Er%64q_;\fJ_myE[9e)o~%*R=%}lhU<HHZ
6 W!*XeXNNmpTd}s}9%hwM+.W8hsFiRG^*ahba[KJc<}HU-am2d"^*/QAwE"{wcZ<E]}(9cQ|;
13 8.dj6XcD^ICu!;lPNur[a5K
7 -};`y[]e[{?\okdc;T/1*`}r@`B$dAr,?/k9%J}_`WVPCU4xD\*h=C[w>}z=?nIw851
10 n)udaE]6
12 Ac<PTYX^?JGw<<
6 }PahCoxN$87Z$K%Lk^:xK_VOO9<o{9f5$H|F81sUHEJeoO3[HLTrGEBu^w!t
10 !U-NnHgS.>X*dc5zB88E
11 =6L`R2j(
3 Zf=MQHA=2^a,{UqH9Jd<"gyXcP\w$F
7 fB<<=T>1fnPtk#7}QH?0&pl#AZ~`k5qRW.n/|GYc7*r=G*;wls(-~//@i/;
10 =fx>x;Sx\tL6*~%n}98iUb3f[]H
7 m}BXB]=qs&`hRHr!+c0GSeqTSpYy.QHzOjT,b,8W1xZ
9 U~`RFVQuEzauUAO_=krCb*Q>Mm~^?g]s#XFb/2XmG:~{tNv3T%oQ.\*uJCnhEL\a&=ENN|=u
10 YZ
7 pv[=
6 @'g$ady;vI
7 ]VsD#wywK_zRo,hc-@4/
6 kC2z90ljfqpu~
11 Gr=Zk=Nvbd+k0>Yk%?$L*s=&rxf_YIq!</tBe]TIC^5l7mY;-v"6j?V^8=>pe0,<X<x?xM#
5 VF)7G_+%}@GWjdF2@~=UYHFfCsfz\MyMr#}
9 ^/-tBBu"V=&y#I/W&[l!/y|]Bg^yU:U4H{C%>9&soFnr*8d0.RJVfG5)Jr=~--4n*V/G+4VysEl}
3 6$HYCc2.Bk($5l#F]K+FAtZ0!#$A7?~
6 ;cRu](G\QdOq:0$]T0u
4 <$ka`ZEJ%H}Ks\]}qQ?JpZQR`:Lz5,y
3 &s2+N"w`{7BsRI@ckxSGtjB
7 V<<*P*}R3NYO*?,sA{6eLoYQJXQQzzylQP1"s0T'wHo#"7
8 ;=2VenR"0K?/[>Rpe;=6d}MF?6<2hyE?RWt8`aS+.qT$0't
8 Sz9X|5|<;NFbfq5bsc
10 mPRBW`)Flr$e\IkO)7Th^c}C9EOD<}I*Nzf'unfc|iIsM5CUe2YDtW"H{P(8iP\8
5 S(bY=pQ4@7HW+5>[y2l|s"Vx$b}vJG/|O-V'|C:WYb0d2M@FxGC(b4!ev9\A`&>J2
5 ej]{Pp0t6Wf0S"63i"j^Br%1
16 ]HA
8 ;l=53B;(ctD762``a43VS<L8o-nu++)_2`t_#Jf!Y+7oV3j9`|n4TUeDaT:'x\f,Wujs@Q/x
7 kgNh9Jx(L\0@dPfZFyY4@mVJ<7XNzfm"NWi""b*gZ9(?$
9 c}.vKo<6Eg3+]oAK0]yGB6b0X#Wgk7/O5VayG81k!CuwM7C\0>>km!6F=(H*YVrm.
10 A/'<m$6$'85~qq
10 .I>S[
7 9&i:hr
8 \g09M/M$]~^ZdLFH6y2jbG^LX=9s
6 bE1|`7-CW(hGD$_&nURCXl:]sy`@D$;BbeYC|f"n)%6g(0l1!ZmXa)PV=Lu`OK#21\o.],7
8 'e=gxUG+3)Ib/3J"5M?MYBkY^)h6|w#$wY&q/M{Ao`$~rN;B6Yon6[b0deE{]a:V;?
8 "l|-$l\\H+-./p9?bV!fM[,?*/Cles?#`<Ic
11 9vuL9L/r\W"$J-~/$LIBSn^*O"lI,p?^#OE;6S
4 o2bx
5 '|?&F1TSjFFNz-\`k2}drH"sy=XXBL#bcAg*k<wV|>?wd6YPHWO;:kIO)<(Jg+.f
4 _8+m"YA)|xN:|'ef]9i9L[aTG
5 \7G0zcKQ6C-ViYBH6}n_YQ.apFu4E89<i`KdD2PsT]
6 6%7f+
4 Ag}fKH.9.:)z,at
5 >SpFoYTcIpjtk!Dtd.q5.@qWc;f/eE;$wGI#!8!JD&Y
11 x{o.2-QO2G\+>{'!o(pCms]Wl(BXHf\\cLi0YUxj{o1T'QTuXE9aSv9[9t4`[+WYWAhK
9 zDPPB}p\O!,gp<0d<a{%Qoy~*b
3 /mztpO$2+96eCT[oBk{qKKz"i^{Na($,t};!gXMqqbqOQgY.mo!T;6U%sQmpX,{g
7 oAt?W'Dpi0Ay-<vZ^2qVLnMzc"Kq0xH!T=YFC}7..q(T
6 d&kaNrp/?=/_>9{U8K=\Lj#4Gg
5 CB3D8FaC]_"/s2OY!.7Pltl!ES7zrv&P
11 g2-g^!;.M9\I03qp%,[#-:\Ofp*{
7 s#
10 !,w0p,[n'Tn"'BD)W9>Tun\_s`<fV.QqTc"En\N01WKQ
8 NGUv"mv({)2K*DF@t#NaKnF8#xxv}VCL|3C:!:A{\laeLBAADn>owcByvU
7 [v%)FE`F+lP.FuIMBg8z0$Gvr~a0/uGi(f-M,l/6Yx]!*BgL*!aS$Ce1BG@jW#T^haGshoECh#]q^E
8 _
8 'i0-+G^UW!Uuv:@*spx=B@FYs'V?%Zl+^{8hC1>52.F)GeLUVFrxeSlYY]4]S;h27;6sKmCv{h:CNf
7 2>CqJ*lwXP8I%g7e[V;miPX/1p
6 {g=o$3'EIBx!-s7?3yb7>FegU#J$2esIM19kCY1'6EA
3 CTX!pZ;f#wB~rl([F@i:KL}jk`PcHby'QmABb
1 (wOdA^2Z}2$507sx/'RQr_:pEQ=gv&798e|Y_I4w
10 'ZkKf4tWf4U=4<j*GD4o#!VuYrpu<n:\I&)JS8<;K,WyG\$*"Qx$Qi4,\?<4.Uopt3;HJp|u|o
6 qc|3D\7%}?b=qxodu?b2Z1r=
9 @G'SGYZ!M9N+kh.8:bMHI<k@RTt0>[Cw#IKI=@
11 Y.PuTxtt6
6 I'^jvY
8 KfE|gNF4Wn/V9nsshn3Yae)p|[#N=e1gLU~N%
8 YVR?uc-']YEcTR3!NQP.AffUcvP>(##`rn;$RG*K;iIo<\+%.t3h\x>Z+)w2+y-8%G;V*E<DIe
6 ]@%~9n1r3A@$'I_E],4g:wVHV[Ouy-7WL<p!E"rWBMub1U()zVo5N
5 gaEvSq,L>*mG5\tb}e{h_RH_2H&;e(9gixxWj&%)/-P]
6 1MpKnB?xKTo/
8 I,`*5hu526?<m-`CY2]"3y@,vPky`rE*~
3 ]9/JNy5/<TKkSHDP^Nu[truj|s"b)l9!'GKnB_|wOc~#,]R%Fc`<VV'm
9 P7\|ss$y&
5 ]bPSb@16
8 QGjg;}u[jaiKzZof2q]7DvOD/C$Xp{4CC9+x7<n"8XLNNW5_Ir2li`2w>Oj/K9Q*Q\##3,?J~jwM
8 7H"Klx32]!3Ko/~Q0zaAjgP6ALY}M`Z})[I1nuBf1n3!|LlGHN#36RHp9<n"{c~@?cP.Y-0
7 Ax;6~J$XA;`2CEq9L/P</crbGvw
9 90lJ<]2+FG)a
6 z{v/[`xtvT#l~?QP{8df1)A2xu@$P~;KzLtp-mf?\$,\\vGX/,YYNyka+,~Z+;AAf62/>3MzP
7 >Liy~cY1*NB+'!t*!9GvN*'XTv'l3;,k#te"XYL|B
9 ${gLU{$lZ7T]tCTi9E>kgQxPuGmKl;IoQL='HZs>pbz!&jjXJC_2tr{j:iPB@yL,F$Mm][,O>(i
6 ?7?C5VAg{N5i4x3hJB)$QM;lBkzsbI."yf^/>;vThFX7?j~$GCB4o\;LbPZExg`
5 "M|;Z.:kb6(ZbEQDQNq)($8Nb^j?5S$P;;ktH@zEU#!8aku3:g;\&lEhK0(
7 m`2fJ0lXedKoRdVbWE0;7moRvVgse1emq2TVBB/B'Y2sYgV1G!e]moJdaLs
10 4c>l2wuhB2~zy5{$7dZ;e[9n]rCdLF)_+`f<X\?z)?1>mGA?,zZpprzN!>ML
7 C,.N.`)WD#&cR3gi:8rIAVuE|Rm
8 iSM4*t?3brbiJ(2u26mzY2-~Y6b|:27$e}Q*/pWpc:[.\(>m=,$v=011_..xZ_8@]hc'sUwqom:ft
9 [q6M&/`nPbM<9=fh~():Zm&slEZ$rnNN`c6e.vnwsW4.s6u.=9G3(gA/-z2:i`
7 O!>e+Low}n);mT.Q
6 MGBh4(#2s!c_#Cvi=qG
9 ,<O`|yu'UKDd3NP-:W>.thDqUWnjEB>Pw(K0"A7pktU9]&E2v|?
7 RjTbaN<'QLSSEEb>|<BA\I)_Els_d>@7Cs4?\i`H74zus]Np5p2pTUjxB_r'83WZ
5 R0'xpJVk
4 9SF]kX*w_"~Zo(|E-zr{+6dMm2eB&gsXUT6A-YS'ZR`etwE".8}9gbeU/L2NN&(%s=_
7 xrY!$Cyq(:K:a&bke?X"X3(sOoK[;8mOE
5 a)Y`H;R3;w^Zw61k^pS<e:R\#L*th(JKK>FrYwAs,~h>6x*/jvdjL7GNbj]Lq)2
8 XJc#]Q-njc`7l`6NbE6NR'5Agx}".\z"'^>~1d)zHh2OJa|G
6 G{\f=~x}/M#b0"cKsnd<ZAVHT@1:1^xW[pX3+QK:9M{HNzr\%q4^4iAgDQ<o1OG'@;SKk}~&L6M5
9 2`$~-k;y<W)+,#2:a+AFpiZ;*[Cr<gcg
9 +9E<F-5FGC.`:V+LH
9 ^L.#g_{&K!9pwW-,~{6opI+Tr
4 l2v
5 Y`1{'Y
4 \3F\x67Kz*{L?3`,cKWe@"T`x7Q
7 P`9<#EjjorAX>@zE'GrpwYGchr+uKeAz`YRb}=g*JCa#cvH%>;tQ/VO2IZ(tZI+<#\9
7 fB-,CRO#?LL{-i@#Y]R4#'S:Wn8Rm;knww5;d}=$e$~q)Y/aQ`1T
7 8I,#mewPjl}hI^.2DmSlk/+<t&mA+1$]YI_a0q3yx1|B*,SN4BU:PyV_!^!+n>g
7 Ay#V|8s`f565uq|+y;V);TgW2
6 7+>P"$@C-hZT-ay7b
14 APCNy{*`\*|j%,3`/QQ:HZEkGF5NaPs$"Qk6g0uD
6 Hq:vtLdB,64/LdzI
10 bOggOWFX(R\B+Yzgssoc;E)W#pP`8keyVN|@&CwGtTh:Hd"<r,~HPB~m3iNKV4
6 ]<!]fvF\eSsF@scM;IxmTXX"D*k+eR<^mV<TM{KNj?s+4qqhUkW*^
7 ooft5C3
3 G.vSz-x`p'6_IIq&![(d@%,zs2p:]M]?Zn-o{&P
6 Q=A'G-#Rmb
3 Gata6JdVLRTojDTn$M=}MjgI.)!WAj-gL#c{fbR35'=!dqn$YF<(2%PYGj1gUXP<t4
9 ;7fmMs~{/Y%|+Eh$&%@Ey)(qQs"*^K/5a0=I><FLtdd;Dg
5 |P(x"Oe{2sI}wi0Oj
11 K
4 0drXI])<AM5&o+&Fvo/(bii
7 ~]+'b!I?V$>h7Ua1zn[U=sgok_k(2X>K7bQ4|zRS
5 QICgq8G(\c5Eax0Jsi=E@)2~s$M4$`iTD.V6E|="{k`
4 %f?rEfF*DR|JCF>DZU$6@+T&{7;cz~$
6 pA?'aITk]XabBLy4'kbSx2KK'^kECnINJhT,LC3*zs'X@;kF'hy:zE
9 \$.)+emgQn%6O8@Q8miDyrHs_qkqr&?ODgqNgz79iUh9()%@2)cF{,Tu9[g,zAt?)
8 b)y&V)L@p&8aIsA6$Yqf^YGcfmxx`mwCv-HM5/(@4Y<\M]-PQ:Q0.w.0
9 G9p^kWvg-mu<Fjz2c5R&3m<Npy7f9v'`JvYPiQ8uYIL:NaeMu8RC@),L#B3UT9P}K+i5u
3 %+>kUDYpRk=AU=AMoXDVtTjAgdqL/UT3z-:jPr[>xx^O
6 wme<tql$r1b?Y2;hNdA%Emx*
7 E$SKH:|cw&;NYgK?6P
4 %XMJ^PWvjUDM}y9Xf)Mv`C:r_c>);w(@Qni0?[AD1eqIyE=ag%rHH-;(+rKFkl
10 4gTk1@~9@UI3BL&RI^-Zy0)xkG>YAaFnIyusT0-sdU'A#G
10 F7Dv?|Lf/N7yllr?D10DZUzMps'&[)[<Y~3x{^yF-1@493R\]{<RR
7 e]4:o#(2.(zch*Li=i^%e@t`k0.rQ,dQi3&Y6-&CN!BRD)<aqzeqUZSA&z4p'3BoFGcumhS=$
7 QSu[g12offr>3l5a.RTT%0QmX]9#95`jgV`i#rYhsfA'
4 *IsDWn)!04,IX<QC723c,RHBJm}h9SFB|TfT]nol>6PuQ<T#MfeY9.6b74Li"-,9`q
8 @iNKyzKIg@^5c-
11 ^W:4By$:ozB1t^s82xl_U>%YI!>3zDPs{i(>}EWn@5:Or
6 A~Ive~aod'DVktp-d>\'}aB84EuG]nw}m[0Sup]Zv"K}2
7 {I?\lUtr^d]
9 fDNJ[s{'#ROa7Okeaa.I
7 T':~I3jpP^LL%Ut9eh(t1zse=5#}]N>2nX1Rj
3 8`+}~=yF"E|"d9oF2A2Hr4S<|ZBFvxT/Y
9 !x<X_Ous%dl`s9v}R6(jhYoY<=
7 Xvh5ILv(Y3{XP:+mm+1\s2)QRKo(2q)ih-9Lr0
3 -BDQB[8YPo,Lx<:FX(YV#6@`iL<2Qj?]HcIi?{C+'ip:&E`xf
7 j:(7ic>N}@0wGjoOW.Shsx-27Cng{yX"5_S9C,gAK2Sq8^Ank/W_C~-Y\z\ru50Etb]R)_/Sqa_*Z
4 g$K2d*DJzOfW_)=}pl5\8jJBvWkH15g3RMEQV$zQR|DL&`d1hxl;}8\0
4 Tg'@>L~XS<I\l;!^8X`R4jxLbyW*<[H+]Ndzycmh;7_(k_!$R
6 ,d,J%rA4K#qW$4S&\:I<6PhtaR0I|vs)[!Sy./.X1~JOM9nDR8`g$cvdQ'HN8=
9 ]0l6Gh$<:K}ywCf~@|H{r?O{vj~cj60
5 A2_AKHfi]={`R[~%M0V.,*S96(=E.Lnh]ODC
10 ,w*S=MzN/^M.$>q\]-d^xjkthEB1Qv|vn(JF
10 5bx#`Gl(wbxM-!EJUB=D#SpD)(pUTynhvgkXJry\Vr*brhGb+}
9 [MW1DXu%Foc"DI*NcHqPduNl^$CAe|}[do(*H|H*(,+eTO4R2'>v{k}u+
3 Xnls]{oQMB!|I&w
8 3XO{]>(@I@2sS'psm*Z:Q#ly=ttbV&6$wd~U#B0e{BYOHeC7n9j[UWo-gdn>%&
6 .6
7 gC&@.?K6GoG?crGO_-?f>K+(47AzDji,H*LUb2k+"Mc~Z
5 QPd`ICZVC4<J?hD%WC:^2]aAEZ"^)F:t19Ut[0K}]"c{iB!\~T;137kWql65MiDx#xmwCS
5 CenddakkW2FBK,mIusEGq(D(.ttiQWFs=OX<L^($pg_<rM
8 X}"
9 KWd66
7 U#zBWOF"<5Y4g[g{VRc.3g0@B3NCmo2DqG!I2GKMu?z]6bZkOX4bA]=|o
7 P+j"v*ORQ\Z('eWLum-Yt!0C}em3,Eoui[w`~G4P>mr^mJEcRlXalg@jg.}rl)%W}{8|]KN7TAtB
7 \7=APuDZ7^3~FtQ^Jc
3 (}azTBJ17v,jl}Vu+r7vD'F
6 V31X8f8Y>"-(?eKm%w'Gw]*`TbMD7zDl.U`EVw}t4F{l,atKZzqlszNHw6'
4 2+h6Wa"S:F+"Y<YbsK,e0ad:X#nA;>Ngb7|:3:lf_2gSg\6\(
12 +f(Inn.NDT7l8G%]-XW4AGv4ft_*iY40[U
8 k
2 O}\Zq76={)t_e|{AdKFUVf6MVDUTH?e3WCldY#"o+uj+."erLGb#
5 .x)UWg^GosS6k)|tzq-o4(R\|:ml.;G;Nj+&RhM\w;qcDnXY{!c0(6'%O/pwcSM3>XR
8 ACl-N"FW}utc#n^9SE+Qas|9%LzPpC8Le?X4Z
7 Q
2 ;:dK;&{G,,{Dh=$yN;:U;7g,'
4 U]Q#c5n(81[cXSN|ZG/LBKd~:r0d2;z"wM$[a-|4=Y20G_-"BVh
8 A$nXAd1c[?w:W*z)HyL+]n"WnJ$N?Pl_SvRs[cWQ=i's."7U{c_slzKuEhDd9L
7 >qf,IW%cpCqkJYX}N<jJ|X^7IQ<
9 }igbqIW+Zo]+vbsQRM(o(T%+4:AHB7-
10 U#S1Dkw0Yl-.}/VOa{FC]
6 1SP0BFO//2JF&]\+^ZG9^VujC%WE#&]Mr.\5S,]{W)Cv!:=xscLmU\Xw`J=|i
7 \_.`g:hpCS}~-Z+*lxK&y/w\4Ky|skePes2gHyYjgq%sL/
10 T^C!QL4c4utBAc@UPLE[sv'v"D"RcROR
7 W[i"y_C?,CKT=o,9X1F;XSpy]}E>iL>[(B]=#!u.CA{yK)N>9sY,ad&@be]g2
5 5H2D-
4 MtXSD
6 A^Whmg]%R~)Z3]x528K3w7aVr0ev~'}ZdoCSW<q*Uz}#Xv7&/{RA34v@D\
5 DZG6M0jS"/2LTO~~wS8[K=1y2x_PI0c
7 NP{Q0Vmo-q0PYI
9 6\&M)qtPZv|+d`68{@94$9SC{>jodytypzGy(<dbNblM]$dYC}
5 _1D#0#mj%NoI9w3jvxAM%`R.Wf#iC?!>P^@_`Hed2UHdh[Oyn,Hs'5"
7 7sbr,1R=q0,&
6 w>6H~G"@<V4,3`fW?9)s^ske~|WwvO
6 +J
4 ,QsRg}M
6 -+P97MFe}.YG{Iajcv@$kq,vd7.MZ^jf$;!:#F:;mra%VCnU;JXAV}
3 >GqfEdJk[BC1&0A|QgY#gC/"R2^A[U\47hzuME|C"ZSA&/?V23YxVgyC5s~+cu?5^:+F
6 H;!3{6o~e}"0mM=:{UbU&q%bhOU}RQy6kyb#1R
5 TAi~6#}7[NAl(.cFkF'R^%+Mi*Ci6pS%2>>a@<w6jT#-a!SgaY;@wE(bNJL}V~$gW[J2w\
5 dBXiiN7mE0F~TO2!s,G-JnG"w'WVO=&Ox
3 Nh9:}1orU-&O?QI;>S`A8(`e79p.0H/]1a20q<=GIB1grt=LH9
7 :7ZqtK#J6]L5OwC@fVUs+@^
6 .kMQsT\I)p8-$;w[~&U[[cd>pN~Tr|1!h]lvLc[TU.zXb.Na4>=n<=H.&G{w_-4b
8 vE%tTy[FpL`4NI@V:OmaY&;2xyjD`9&X]*
7 `qK:%'H0@2goE-}0$c5Oyu8]`uDm}UE^a+4eK[1k(w[M%ZvCX--R
7 xIzZ"k+^BYWe6aNm?+e\C`x{iBs"q?=&#R_$
9 {
2 qR7>!6k2+HRngBY4fOBxVSy
4 _|\*z6#2xSg,#5d)S$U;y(!|6Xjn&2adJ>*Em,p#yYH7m-?[1tuE71BLi.<*Y8)
7 O[~qD(oZl6[$t.cbXkx%z9uS/&3e`44K+M=NUGCB]9`lGDO:1c>F7
6 {(,6q]nqC9wo?*ck:LA3$NIPIC5iy%euF,,8hyDFMW7kzyq5`4ada,
11 SXzel^8+?|./:W2LW&0&6H,s<<yQz</i/*iz#"@B9gPSYb:2#IQS,\Ga3[3I2[3@!
7 ;Ar(4T/6sx}=2,D;06SFNQ%4~U#ZJ__~!lA4B
5 A\[p{IhQo*49G+;<oYg8%}AfG+T%pa`L>VW:!@&+J:C,DxG4RIeVG'=)K--Vm)=,^s`^5
2 'eo|z|L$|Vv9@YU*Rix%{z)Y(>JJcRh%Rr#hphkm?bB_V2h)z|GwwOk:(Qck$goot-
8 qu|2_M2[8w-
6 $T(4ZBpQ:X#wOL6l8$(MdEU-h/cu7,e:y(gTIX@|1Cty
5 w?<G56nfmU=xUazbTW0d;[TBcPwn~`52:QsO"b6*8R$)
6 TzYWB)\woJv&:TT$'gS}C9oJi_^M`eNOz(A=J|O
4 42>k%%3g\QKgsXmY2G
4 O;R)"oT,3#\m|"X"-<+rpm?v3
6 \6CGc]y;}AFQ)X7+v#J*SO0
11 s"e)N!EIO)>[nYD-A1o,b-f$S.'Az$[*%[Mluq6_5n<>b_J$,
8 Z^[k=g4=2_}vG/6B(K@{RnTek0D*GNt#Gj)}RVV}6Tt\},~&pY"]HU^5!=XGjgcM
9 $I-k]*BNFBvSRm;v;%6,#b5Er5B8qW"u".{xQYa26sega!x|%/CA,qe}'(64y8D6
10 PGD[0:<_|]
4 I
8 F$3rmeS'T#ZDg}A=RG6IH[<>FJ]2
7 otrci%3jDvrP=k.xF1@MrQ1#CirP"W",M/*QM<<qM0\i6i}\6>DC*o
7 dk0XjcJNawrXIvp#sHsl9YbqV0L"#$4fo]YZA?C=Q605G"7<cEC{9'nnPUp
5 8Z+9!WG+)t`_f/*]3?bK6w%Z;.Jzt>M.wW`3I)WR|9L}aUu//XZEP^:''}<7<hDN[%`
6 <(TSq;Xr+]tu&Zja(##Y.8tI}e'+`G1{i!O[U(Nz!]p@9\<ZxX4Ao
7 RUj
9 WfaAU;jkr$n_Nz6Lx?P$?eU5wUZB)BK_CH!4b&~UCnO-i!X|YC!w)o-;E"]M^CG<
8 f<%wbu`$1l
9 +r,i?r2qu|(I#9XgDP]oqCZaZSVVx!:$/_lMl:YcQaGm5:pr%Nbu
4 F"f+JYJJ5RJnpU&efu:^Cv88fD(|dXi+YQO>Ey#YfLcW"h=$
9 tg#%J&N$O$$KB8&Bx8qGE=g<HUtR&Y,yA.9'NfD|%abGxg
7 EI\{.w&'
4 *L:U/?+0a^vKWp#\1Ae
3 ')F0;$'GKmvstQ(Nm}6K,f7_8`lKm{1/@q>Zt^=[f
6 :U_GbOOl}f~cJC*1+30>6zId{lCj{$d6rDvU.a]GH\+-~NWDag{2|Ev5MT:Iq}xeC,UPl3v5o=
9 "]-Lgr+j36[<jHP"1*n{ctni?g\~}G$:?JeA>p,jAf',JWGZ`QqDFz.~c%~aK=zifzE?kQ+-81Ra
2 )8:FaKc%
5 JD;3$ncoB+/~8gqeC9]V:lP^V+q!eGrJjH\)8ZxYd(r7*d|f8tXR{)
4 +uZ
7 d]qY&pHY"y7E@j(%eWazgJJ
4 7%4'Xbo1nQ"g9G@bIXe5C-Y}<rTz+MDBQqbDTRoC>,EVReS7X9KzF%4{3$3=Ppx<b\y7Iisgu:Xb~-x
5 1
8 ]HBOoKxl.RPDvD`>g66TEW`D!+~%STsK{Q6l7IYDzE#-h|JPNy@rQ;QR_PVM@ex
8 3'#G,_l-Z5l(cVaqhhf)+6qu6[D*`PN.VPn{J[*?o1Fm"Cy&,`.61~FFt%ionS|`$k\ha!(QK
5 q-i9ew^YlHTr*^}*:D^t~_+1)H^U]/HO<Lg<_GtL*c?3CWVv6Ok5J1`Rr
8 3}(!WbN[?Ro93
8 4"_^D[`BS)a,DpvlHG~,"';ui`2(We]kf=JEw+#eN}qq*$xkJwwe~
9 ED.vGc}}EVJ?@;m"R'q`b?M.-;
4 hE;Vb]<s;c4@;6t59pu
5 X
4 )dG*q/:>8beZa]I24-l13w]&(g^Y>$m`g5jY]?vt<wj}
7 ZDBKTKm}Yg/r85:[<o]10U73EN7%>d`wD=]wgeu\N@OeT
5 l4J:(r8:\GhHU"g?<PLlYmXu5n0,-\?y+hNLuee
7 !|
10 k;#%*axt*Z!OjOs=gK'Hu''BVyuN^h;d$=iG9b=CW=qBk"^nf!7\'>~v80F2x`u7
8 'X/zV1&PcXt**q8(E<SAk^c?Ec]8wSP9,x4bESMCGBLPN~qs;`5BY3z:uXQm,='RPUOtC{9iX~
6 [yB;Zn/%GG&>t\_xxuw{h_^J4`\xAX|{SY7.bEL*llb{IBu\8)X<hQ!7
5 zY6aCQ)ij$[r[W
8 [N'>XGR[|O.qK0A`
4 $^~G%]ZKp-/p|U3U]wa&Oi.kt'`o!tV$modqN?WYeeecUw9MoyRYcy`r
7 7TV/MXR5QPFB@=6caXb{nF|-a~Z+}7e5k
7 &-GMq
11 MY
4 !"z5ctqe"h$LRc
5 R#,/Ok'I==
6 IPcaltm2J|a}^0i|^hRz]{ZW7ZEW)f(l7jN?y<
6 -T7V3uh(hd->i\_*V,O{J{&(WKptl[Sx0iP\y9c|8oU"g5E>[tU&,tGc@9r.sF'>Jpz^
8 Pq%7(5*s*c3h-\/%lq
8 -s7ATRfkme%],
4 Ieg+@-n_U(+IcgaVS";D[kuVA\QUgLA22)VlPEL&LphKXe<,fVi\]
4 O@=(ZN[]sOsNTsQ{Q.J[jd(M6a./dm=N.YU#(Kyz5nIi|6!NCJ*H/11D
6 ']!|Nbp}h@h<5}ZK:{J7TVkzW-Zod5~&q~#
4 P[p;I
6 }W],&LH$'%c|}9Fq3lec/:Q0@?tD8<ZP.R\4
3 ;5_#nXlV\Bp1DQKyYX[^0:gdn2WJgU{>%u@rNHcEiTVI@"]yY9X$lZ#[lY&nI"
6 nsDjl&%]
9 bM28&DB_+"qCIg"]=iB5dA;K+xUUrTJo=u)B:d<_"/=Ju>)M(da''8R11(!?uJ/3ZQo/7
4 snzI:Q9wndd2_PV:'q_0.GLb_?EakiwzrsD-_]?h\>z<*Qp0Cj
2 @v~;@r)Xzx8;QzGeZd\_CHssU(NyHy\g,\=KiF$~YV;+k{,F`g'$Ky
5 Z[28'Roz<"fV]p_A
3 wPcV@8}x91Pu8Oi:PZ^`_$n`ia-1D0>Vy<-:nEMBp|8)g"]8uVxUZg6DcCnBlGw
7 MvMA`0?&4s[vNvTHQm;nZuqQbKVQ0r^viFRJUqj$eFz4>
2 ,b!,fujL^ko4zC3sGiM?wpDBEl/8BcjgF&r-zwrZ
6 r=EmJm6=96f#|~qBk*=m-!e,Q'T!?pqLHQ:qYPIq!Jt|dfYP+u?Rv?]bEL|}WnK~Z~,4
6 G6~Xjsb6a6kKNZp2MC{k'2F5ljhg5hV[:oO?c2T`a[,
4 ~,"1"Nk"eA%9Qb?d-xQ9'ibw9^/
2 Z<"Fn;M=U8qb#3*
5 .-A!>H%9s7VD=e*U73(.O*@uH&tN|BEEhe_(/c
3 nMcq^;<nfz|s/
3 @/24pCId)L`CE]Gn;gy.h4N+Ia?z&T[`c(snJXmm?N1}GXlaZ#*]6X$x:B0@v&;Z-/cp"Q^@~o?FbF
7 D1Z~;DT(fUw;{E>X3Us&q"A7/3?N*k)h{|#R[VYCFQ]B166C'DI3Eicn7$=[n_^'w`XSQ2uv}nT/?%l
3 K^}Kk0;}>q3K!b[/:tUf7W(Ed#q}ll"Re:|RcRP"D|g_yCm5R]zh6>I5@
2 aGj6+_Z1B"_o|1}!LPka8{rvO!Zln7AjwF"=@[Nav.RtXj0
3 Tf3B6e(BRYySne~4.k#1/v^0F<C7
4 <3^2X)15Ymv=K,Wdf86nof5f$^,VH;N~NG1'j\U^JLz1Xlt?%EI/Fw1IV<:9pg8YIIy4
3 lK?C">YV36TXOsd)tBkd!;d=rGCZ+oGv;eU=$/.7D{n
5 EOd-h4mi`~"M\\Uh)qEUGx*w3T#
1 !Tt{X785Pkjz9<f,HmA];F"4b6<
1 !Tt{X785Pkjz9<f,HmA];F"4b6<
1 (wOdA^2Z}2$507sx/'RQr_:pEQ=gv&798e|Y_I4w
2 %*'N@lK7b^%"4MHEj;2{du]7R&=O8I"<m(%.0i_
2 'eo|z|L$|Vv9@YU*Rix%{z)Y(>JJcRh%Rr#hphkm?bB_V2h)z|GwwOk:(Qck$goot-
2 )8:FaKc%
2 ,b!,fujL^ko4zC3sGiM?wpDBEl/8BcjgF&r-zwrZ
2 ;:dK;&{G,,{Dh=$yN;:U;7g,'
2 @v~;@r)Xzx8;QzGeZd\_CHssU(NyHy\g,\=KiF$~YV;+k{,F`g'$Ky
2 O}\Zq76={)t_e|{AdKFUVf6MVDUTH?e3WCldY#"o+uj+."erLGb#
2 Z<"Fn;M=U8qb#3*
2 aGj6+_Z1B"_o|1}!LPka8{rvO!Zln7AjwF"=@[Nav.RtXj0
2 j3'N-E.)L2"G%0&Kn|iWtClKLX<[7(6"T=i`{w$bD%*I4J/=G40<
2 qR7>!6k2+HRngBY4fOBxVSy
3 "3+nKTsC>(AAm94xS;J?B|z:=51PEt,F(65miD1(ekcS@2frM12*.HCdvTP<I[|jp2rto>7UE
3 %+>kUDYpRk=AU=AMoXDVtTjAgdqL/UT3z-:jPr[>xx^O
3 &s2+N"w`{7BsRI@ckxSGtjB
3 ')F0;$'GKmvstQ(Nm}6K,f7_8`lKm{1/@q>Zt^=[f
3 (}azTBJ17v,jl}Vu+r7vD'F
3 -BDQB[8YPo,Lx<:FX(YV#6@`iL<2Qj?]HcIi?{C+'ip:&E`xf
3 /mztpO$2+96eCT[oBk{qKKz"i^{Na($,t};!gXMqqbqOQgY.mo!T;6U%sQmpX,{g
3 3GJj'l%3`zI=nYl}}{zuN$V\VbYP'4P9t5>7"Bc|>-:GeAE}=@
3 5WbeIAFDh_Bm^
3 6$HYCc2.Bk($5l#F]K+FAtZ0!#$A7?~
3 8`+}~=yF"E|"d9oF2A2Hr4S<|ZBFvxT/Y
3 ;5_#nXlV\Bp1DQKyYX[^0:gdn2WJgU{>%u@rNHcEiTVI@"]yY9X$lZ#[lY&nI"
3 >GqfEdJk[BC1&0A|QgY#gC/"R2^A[U\47hzuME|C"ZSA&/?V23YxVgyC5s~+cu?5^:+F
3 @/24pCId)L`CE]Gn;gy.h4N+Ia?z&T[`c(snJXmm?N1}GXlaZ#*]6X$x:B0@v&;Z-/cp"Q^@~o?FbF
3 CTX!pZ;f#wB~rl([F@i:KL}jk`PcHby'QmABb
3 FRHg>i&RWC3O)>0I3irMl2)>j)&HjFb13E3Q09>"ukP}*_aVc
3 G.vSz-x`p'6_IIq&![(d@%,zs2p:]M]?Zn-o{&P
3 Gata6JdVLRTojDTn$M=}MjgI.)!WAj-gL#c{fbR35'=!dqn$YF<(2%PYGj1gUXP<t4
3 HPq)Tpv'sNa|H@>@;u/kC%|[.k%go,G9[T[1_R7S;3jblD$(:2.vPElx2q`"8BTs1J?o
3 K^}Kk0;}>q3K!b[/:tUf7W(Ed#q}ll"Re:|RcRP"D|g_yCm5R]zh6>I5@
3 Nh9:}1orU-&O?QI;>S`A8(`e79p.0H/]1a20q<=GIB1grt=LH9
3 Tf3B6e(BRYySne~4.k#1/v^0F<C7
3 Xnls]{oQMB!|I&w
3 Zf=MQHA=2^a,{UqH9Jd<"gyXcP\w$F
3 ]9/JNy5/<TKkSHDP^Nu[truj|s"b)l9!'GKnB_|wOc~#,]R%Fc`<VV'm
3 lK?C">YV36TXOsd)tBkd!;d=rGCZ+oGv;eU=$/.7D{n
3 nMcq^;<nfz|s/
3 oJ)/|kEDD7EY`1&;vx0.BN%I?yV|^4Lh]nvZtV:9(x.hD3$;F3
3 wPcV@8}x91Pu8Oi:PZ^`_$n`ia-1D0>Vy<-:nEMBp|8)g"]8uVxUZg6DcCnBlGw
4 !"z5ctqe"h$LRc
4 $^~G%]ZKp-/p|U3U]wa&Oi.kt'`o!tV$modqN?WYeeecUw9MoyRYcy`r
4 $eq_z6JLqb=OL=
4 %XMJ^PWvjUDM}y9Xf)Mv`C:r_c>);w(@Qni0?[AD1eqIyE=ag%rHH-;(+rKFkl
4 %[_eNf*U09dx%VYws)j0TIRXTT
4 %f?rEfF*DR|JCF>DZU$6@+T&{7;cz~$
4 (Pl0$l6JR?'M<:{:9}_1PdW4Er%64q_;\fJ_myE[9e)o~%*R=%}lhU<HHZ
4 )dG*q/:>8beZa]I24-l13w]&(g^Y>$m`g5jY]?vt<wj}
4 )l^-oj7TV~xX~O4="CwolLTS&p"6oeuwln@vYVLJo_#*
4 *IsDWn)!04,IX<QC723c,RHBJm}h9SFB|TfT]nol>6PuQ<T#MfeY9.6b74Li"-,9`q
4 *L:U/?+0a^vKWp#\1Ae
4 +uZ
4 ,.*bDi5
4 ,QsRg}M
4 ,](&>y[xwvcfkVFE!l=V)6q*qb=f;AoF9vfp-B%
4 0$xm0_7wjtLMsh[*TTdEB>Rq4B')7<kFYe5h_KzdAH2OK(X!vW_9t3
4 0drXI])<AM5&o+&Fvo/(bii
4 2+h6Wa"S:F+"Y<YbsK,e0ad:X#nA;>Ngb7|:3:lf_2gSg\6\(
4 42>k%%3g\QKgsXmY2G
4 5Tm'wo,u]X]GrtTVQFL1C:}
4 7%4'Xbo1nQ"g9G@bIXe5C-Y}<rTz+MDBQqbDTRoC>,EVReS7X9KzF%4{3$3=Ppx<b\y7Iisgu:Xb~-x
4 9%$qnJkhEge<[$7tZT0:cfX=31dd
4 9SF]kX*w_"~Zo(|E-zr{+6dMm2eB&gsXUT6A-YS'ZR`etwE".8}9gbeU/L2NN&(%s=_
4 <$ka`ZEJ%H}Ks\]}qQ?JpZQR`:Lz5,y
4 <3^2X)15Ymv=K,Wdf86nof5f$^,VH;N~NG1'j\U^JLz1Xlt?%EI/Fw1IV<:9pg8YIIy4
4 Ag}fKH.9.:)z,at
4 Bm:v,>joY*#TgRbcWi=U//^h]w9k':FHC_Yh8DXpgu_PHBN:,joT5N>-GpwgE>0g8h
4 F"f+JYJJ5RJnpU&efu:^Cv88fD(|dXi+YQO>Ey#YfLcW"h=$
4 I
4 Ieg+@-n_U(+IcgaVS";D[kuVA\QUgLA22)VlPEL&LphKXe<,fVi\]
4 MtXSD
4 NV{X$C!\(HQ~.ZIuC8/|Z\]{50W~Ap7*
4 O;R)"oT,3#\m|"X"-<+rpm?v3
4 O@=(ZN[]sOsNTsQ{Q.J[jd(M6a./dm=N.YU#(Kyz5nIi|6!NCJ*H/11D
4 P[p;I
4 Pm)J[gaeo|?L'VETp]tVD
4 Q$NA.-)V0oPF1zFI(X<4c;KyF<
4 Tg'@>L~XS<I\l;!^8X`R4jxLbyW*<[H+]Ndzycmh;7_(k_!$R
4 U]Q#c5n(81[cXSN|ZG/LBKd~:r0d2;z"wM$[a-|4=Y20G_-"BVh
4 WHL6w?9-Yt<4kAN`gvDX4tRm0\-UYm31Py`IS4o-
4 \3F\x67Kz*{L?3`,cKWe@"T`x7Q
4 _8+m"YA)|xN:|'ef]9i9L[aTG
4 _o\[])@x#I)S&;3A7E%,adiyk
4 _|\*z6#2xSg,#5d)S$U;y(!|6Xjn&2adJ>*Em,p#yYH7m-?[1tuE71BLi.<*Y8)
4 `|4B!7];bv5t:6ssM
4 c)Yl@Gu[3dm,5)o3`swc.
4 g$K2d*DJzOfW_)=}pl5\8jJBvWkH15g3RMEQV$zQR|DL&`d1hxl;}8\0
4 hE;Vb]<s;c4@;6t59pu
4 l2v
4 o2bx
4 snzI:Q9wndd2_PV:'q_0.GLb_?EakiwzrsD-_]?h\>z<*Qp0Cj
4 s{10''(AtL[r#w5B]LU@jjTq|;I{f|\Zxl%;/Fu$rl20d`QB.'b3-
4 ycf\Ez^H)xX\q%4(4&3/7L6\kd;gGyl[]mR$$1eF*>$7C7>p
4 {P.l`br3Q%&2=fdN:Z"I*|@4Tx&
4 ~,"1"Nk"eA%9Qb?d-xQ9'ibw9^/
5 !u<M7YDN_BD%|t0;EKX!m~$Hm0Dg`AQa8(/h`l7ZI
5 ""Bpxt>$
5 "M|;Z.:kb6(ZbEQDQNq)($8Nb^j?5S$P;;ktH@zEU#!8aku3:g;\&lEhK0(
5 $hWky0I'YS.RF]inbk'bb
5 $lKp<b}*%odz8[3!F08M
5 '|?&F1TSjFFNz-\`k2}drH"sy=XXBL#bcAg*k<wV|>?wd6YPHWO;:kIO)<(Jg+.f
5 (av.?n9~5k``}@|w6sy%.wvyJo`J|[1%W(L21eKEk,A%e>|zLv:YnKmSVO9SEIr8j?Iz?/@+:zJ!
5 *9n|6aCF5_S^&X(9S^UEB5,8J#+-QCct[l-qOOR}J&\Ow}$L]X,:(7QkS\w%~\4tI
5 ,Z
5 .-A!>H%9s7VD=e*U73(.O*@uH&tN|BEEhe_(/c
5 .x)UWg^GosS6k)|tzq-o4(R\|:ml.;G;Nj+&RhM\w;qcDnXY{!c0(6'%O/pwcSM3>XR
5 1
5 1e{?;\}pT8e#]|n$^}hS4ZA(o*ih?,2jp.*FiB7XY8tQ5cU.
5 5H2D-
5 5Z@sIKk?=1-GY38wzwxg)gw}2pU[Y*E)~!7He$"#N.cB
5 8Z+9!WG+)t`_f/*]3?bK6w%Z;.Jzt>M.wW`3I)WR|9L}aUu//XZEP^:''}<7<hDN[%`
5 ;+uw!n+;cV"B%K|4H$65lwK=cL9
5 <-G%$sr)d^PAg`&Ej)i7dLV<p&%)\5Z3B=
5 >SpFoYTcIpjtk!Dtd.q5.@qWc;f/eE;$wGI#!8!JD&Y
5 >{14W8>`=A:HS%S`Hxej0>DaNuuLe?I>;Ykq,+lHe'+9F]5)
5 ?v{)VmJ`u(#8oe4<THiyuDQ
5 A2_AKHfi]={`R[~%M0V.,*S96(=E.Lnh]ODC
5 A\[p{IhQo*49G+;<oYg8%}AfG+T%pa`L>VW:!@&+J:C,DxG4RIeVG'=)K--Vm)=,^s`^5
5 BbxjygA}U;!7vriu"'JsT9%*S>XPyEOVBbBWJ|U
5 CB3D8FaC]_"/s2OY!.7Pltl!ES7zrv&P
5 CenddakkW2FBK,mIusEGq(D(.ttiQWFs=OX<L^($pg_<rM
5 DZG6M0jS"/2LTO~~wS8[K=1y2x_PI0c
5 EOd-h4mi`~"M\\Uh)qEUGx*w3T#
5 JD;3$ncoB+/~8gqeC9]V:lP^V+q!eGrJjH\)8ZxYd(r7*d|f8tXR{)
5 N0$[8O)J-HR/',L*4HpcMdA'\QCT<AD%jay#1#gWKTfQ_M[.0fpvL3}C}[vT7UX"QS?|U'T;ZU(T>ba
5 PGK.Y;y&*N+5iZ%ij|WYWN3.5v8t4A?cg
5 QICgq8G(\c5Eax0Jsi=E@)2~s$M4$`iTD.V6E|="{k`
5 QPd`ICZVC4<J?hD%WC:^2]aAEZ"^)F:t19Ut[0K}]"c{iB!\~T;137kWql65MiDx#xmwCS
5 QTqmz,JJ-Um)wwB=O#dcb,Ao'ZFKB
5 R#,/Ok'I==
5 R0'xpJVk
5 S(bY=pQ4@7HW+5>[y2l|s"Vx$b}vJG/|O-V'|C:WYb0d2M@FxGC(b4!ev9\A`&>J2
5 TAi~6#}7[NAl(.cFkF'R^%+Mi*Ci6pS%2>>a@<w6jT#-a!SgaY;@wE(bNJL}V~$gW[J2w\
5 VF)7G_+%}@GWjdF2@~=UYHFfCsfz\MyMr#}
5 X
5 Y`1{'Y
5 Z[28'Roz<"fV]p_A
5 \7G0zcKQ6C-ViYBH6}n_YQ.apFu4E89<i`KdD2PsT]
5 \sON'%%b`N?"(PtzRe,xeppm{;S]"a?]UmGu-erl42nVacQ4d]GJh89dl'\mgzfWi.N
5 ]bPSb@16
5 _1D#0#mj%NoI9w3jvxAM%`R.Wf#iC?!>P^@_`Hed2UHdh[Oyn,Hs'5"
5 _@"EV%
5 a)Y`H;R3;w^Zw61k^pS<e:R\#L*th(JKK>FrYwAs,~h>6x*/jvdjL7GNbj]Lq)2
5 dBXiiN7mE0F~TO2!s,G-JnG"w'WVO=&Ox
5 eV<G2`L~TG}U)hOr-5"8TH^o#P$`8~z8o7^#wF"f(:V0#&>JT?a)"[x$,7c]7xuAKnC]5_^=x6f7;%`
5 ej]{Pp0t6Wf0S"63i"j^Br%1
5 fyeV6|>[>(u/5D|vGQ%dDHcCv^d/2EZ3
5 gaEvSq,L>*mG5\tb}e{h_RH_2H&;e(9gixxWj&%)/-P]
5 l4J:(r8:\GhHU"g?<PLlYmXu5n0,-\?y+hNLuee
5 q-i9ew^YlHTr*^}*:D^t~_+1)H^U]/HO<Lg<_GtL*c?3CWVv6Ok5J1`Rr
5 v*W2w3(ic%PTpyGipLJD1:6z=6\8cygZ>?lPk/UiN&Y?:!)+
5 w?<G56nfmU=xUazbTW0d;[TBcPwn~`52:QsO"b6*8R$)
5 zY6aCQ)ij$[r[W
5 {[O+Mg4Au8J)p,)x7&USn-9~s~T/hrndO>+7@>q6U<X`a`Z3!Jenp:)dS].<P{<::Fjs}\*T3aOsB*A
5 |P(x"Oe{2sI}wi0Oj
6 !ZPcP?S];FAH/=[gZe$2HK7nG/hmBLq
6 "TLy${2mfMgP?h{20^6J(W6kVG~!X_UsN#mR9:@~fBP@EfRTEg~gYOSJvRJOM;^6=
6 $T(4ZBpQ:X#wOL6l8$(MdEU-h/cu7,e:y(gTIX@|1Cty
6 ']!|Nbp}h@h<5}ZK:{J7TVkzW-Zod5~&q~#
6 )nLL&#RK[8__2FZv"=CPheC$\zb0+0UN}<y
6 *j4hfzd44++HWxa;k
6 +J
6 ,d,J%rA4K#qW$4S&\:I<6PhtaR0I|vs)[!Sy./.X1~JOM9nDR8`g$cvdQ'HN8=
6 -+P97MFe}.YG{Iajcv@$kq,vd7.MZ^jf$;!:#F:;mra%VCnU;JXAV}
6 -T7V3uh(hd->i\_*V,O{J{&(WKptl[Sx0iP\y9c|8oU"g5E>[tU&,tGc@9r.sF'>Jpz^
6 .6
6 .kMQsT\I)p8-$;w[~&U[[cd>pN~Tr|1!h]lvLc[TU.zXb.Na4>=n<=H.&G{w_-4b
6 0gMQvUav0iipq;G/fW+P#-aN$ku`v.GAt/q'cm9.X#~dW`/XS9)o_&>c,5D$\jDk5Qqw?+A2
6 1MpKnB?xKTo/
6 1SP0BFO//2JF&]\+^ZG9^VujC%WE#&]Mr.\5S,]{W)Cv!:=xscLmU\Xw`J=|i
6 4`W"pI_LZzvrGN|
6 6%7f+
6 7+>P"$@C-hZT-ay7b
6 :U_GbOOl}f~cJC*1+30>6zId{lCj{$d6rDvU.a]GH\+-~NWDag{2|Ev5MT:Iq}xeC,UPl3v5o=
6 ;[J.mEr+]\Y(:6c_zJcC$oGnR!urN{y$WDLE%?iazC$Osf0n2rLO}/>P/5]v1Wz${
6 ;cRu](G\QdOq:0$]T0u
6 <(TSq;Xr+]tu&Zja(##Y.8tI}e'+`G1{i!O[U(Nz!]p@9\<ZxX4Ao
6 >?{E.:Bo<']6Pw.>16<|:+BZJU9"X}-uW)Ve\wox}g/i_W(+l](Bgc{2S53F3ZW&|.&Z&t
6 >j!F*khI4mo2}=VL)e~a"tMkrpenaJC~5^
6 ?7?C5VAg{N5i4x3hJB)$QM;lBkzsbI."yf^/>;vThFX7?j~$GCB4o\;LbPZExg`
6 @'g$ady;vI
6 A^Whmg]%R~)Z3]x528K3w7aVr0ev~'}ZdoCSW<q*Uz}#Xv7&/{RA34v@D\
6 A~Ive~aod'DVktp-d>\'}aB84EuG]nw}m[0Sup]Zv"K}2
6 BH*8k*j3;SWA,,8Mwe#$Q%3Q&k+Rhf
6 Bh5|Vo=d/r1\f*MO?o}
6 DDM}z.4xYs3g)TWZ~RbBsE,4W;IvKP[*/*)*Q<=+0OrR$d-=7+_Fi&YB@=9'l006SRY%*uJ9EWkc<
6 EEl&c!=1$Ohm@a*=>%Sg)ai}zBayNtk/TXNSsjc2TL!//DKfH9hQzRiu0e,][2'Jjo|xZ{+J
6 G6~Xjsb6a6kKNZp2MC{k'2F5ljhg5hV[:oO?c2T`a[,
6 G{\f=~x}/M#b0"cKsnd<ZAVHT@1:1^xW[pX3+QK:9M{HNzr\%q4^4iAgDQ<o1OG'@;SKk}~&L6M5
6 H;!3{6o~e}"0mM=:{UbU&q%bhOU}RQy6kyb#1R
6 Hq:vtLdB,64/LdzI
6 I'^jvY
6 IPcaltm2J|a}^0i|^hRz]{ZW7ZEW)f(l7jN?y<
6 J\'45'$<?eQrB6>r-I]yH5+lBAcebDT-!ZZ5zxkU^=b!m"syJQ/q!9
6 K(pzVr~QkP^G1Zel\Gu%</gNH);%twSZ:_UoRn\X?;~i0!plaf,|ure>7"CF41!h+oXv^5P
6 MGBh4(#2s!c_#Cvi=qG
6 Q=A'G-#Rmb
6 TzYWB)\woJv&:TT$'gS}C9oJi_^M`eNOz(A=J|O
6 V31X8f8Y>"-(?eKm%w'Gw]*`TbMD7zDl.U`EVw}t4F{l,atKZzqlszNHw6'
6 W!*XeXNNmpTd}s}9%hwM+.W8hsFiRG^*ahba[KJc<}HU-am2d"^*/QAwE"{wcZ<E]}(9cQ|;
6 [lm&8NXF(z2o!2rRO3c4{u</GW~j}!DY)LyZzR!
6 [yB;Zn/%GG&>t\_xxuw{h_^J4`\xAX|{SY7.bEL*llb{IBu\8)X<hQ!7
6 \6CGc]y;}AFQ)X7+v#J*SO0
6 ]<!]fvF\eSsF@scM;IxmTXX"D*k+eR<^mV<TM{KNj?s+4qqhUkW*^
6 ]@%~9n1r3A@$'I_E],4g:wVHV[Ouy-7WL<p!E"rWBMub1U()zVo5N
6 ]X[LY?cDgW,75a|F;[;-]})H&[2o8dUtWK[2j@ol2z%G\
6 bE1|`7-CW(hGD$_&nURCXl:]sy`@D$;BbeYC|f"n)%6g(0l1!ZmXa)PV=Lu`OK#21\o.],7
6 d&kaNrp/?=/_>9{U8K=\Lj#4Gg
6 j*DpN%S^!=xi3i-`d-Xof,f$ez[5<fr'o73><e7V#KA55M04sg>Z
6 kC2z90ljfqpu~
6 lPT4I"(
6 n)L=&:ibW
6 nsDjl&%]
6 nuZJwW0hT
6 pA?'aITk]XabBLy4'kbSx2KK'^kECnINJhT,LC3*zs'X@;kF'hy:zE
6 qc|3D\7%}?b=qxodu?b2Z1r=
6 r=EmJm6=96f#|~qBk*=m-!e,Q'T!?pqLHQ:qYPIq!Jt|dfYP+u?Rv?]bEL|}WnK~Z~,4
6 u>-*nNkAyl6@O"lnV47q:FZvy)>9eL/uiU~Y$&5}-JX[KFd=sz/.\h?V,v*pDR".(""
6 v>UbXTF7L(;{L3
6 w>6H~G"@<V4,3`fW?9)s^ske~|WwvO
6 wme<tql$r1b?Y2;hNdA%Emx*
6 y^P\6rNl!os<Ob#Oxxo73fi]-6V(,(
6 yn}fqZM\RcGDr<sd#$8>SdCTi"2\&B%;L#
6 z{v/[`xtvT#l~?QP{8df1)A2xu@$P~;KzLtp-mf?\$,\\vGX/,YYNyka+,~Z+;AAf62/>3MzP
6 {(,6q]nqC9wo?*ck:LA3$NIPIC5iy%euF,,8hyDFMW7kzyq5`4ada,
6 {g=o$3'EIBx!-s7?3yb7>FegU#J$2esIM19kCY1'6EA
6 {sX~4B<HZu/s-X,{Iv2;>(F#<E(I_+$
6 |1d*revtaj0"cT)F>m-<^,YFc6+
6 }3A=<>Ph#aq$y\n[T{Y&&<O@W%b-%Zm#(/YCf*Fh&Rk~/[[c
6 }PahCoxN$87Z$K%Lk^:xK_VOO9<o{9f5$H|F81sUHEJeoO3[HLTrGEBu^w!t
6 }W],&LH$'%c|}9Fq3lec/:Q0@?tD8<ZP.R\4
6 ~'!+=|~5f+"NEM
7 !|
7 "
7 "s>r=082~0=vrKb_w%O:YT^l)~OK7[kRjD_BTvTSB,dOVa/hfx#Zgaaoz1;2(Ac
7 #(Q<3SLN<RP"snT_ks^x(JL.4I@f)O_+
7 &-GMq
7 (bP/7U]9>M+F-STBPf#f,<Gn3C{FI#Kj~64P&q$^Y/%eaYBLZ^M!5snH8&)z(m!A%4
7 )QMj!$R$?2dOwm3Q;o)-f
7 *
7 -};`y[]e[{?\okdc;T/1*`}r@`B$dAr,?/k9%J}_`WVPCU4xD\*h=C[w>}z=?nIw851
7 .#WE3=N@=`6}KE~/5BTRJzm)(bi&w/5@1(
7 1k=ZsivH"g,Vl|Zj!D@:v,4-2InNY[i%G(x;,+c-qn|y'qdA7?Z.dnTu8]D,9HJzOC6ug4=Z=;TC-
7 2>CqJ*lwXP8I%g7e[V;miPX/1p
7 3y#^6{ymu
7 7TV/MXR5QPFB@=6caXb{nF|-a~Z+}7e5k
7 7sbr,1R=q0,&
7 8I,#mewPjl}hI^.2DmSlk/+<t&mA+1$]YI_a0q3yx1|B*,SN4BU:PyV_!^!+n>g
7 9&i:hr
7 :7ZqtK#J6]L5OwC@fVUs+@^
7 ;Ar(4T/6sx}=2,D;06SFNQ%4~U#ZJ__~!lA4B
7 >Liy~cY1*NB+'!t*!9GvN*'XTv'l3;,k#te"XYL|B
7 >qf,IW%cpCqkJYX}N<jJ|X^7IQ<
7 Ax;6~J$XA;`2CEq9L/P</crbGvw
7 Ay#V|8s`f565uq|+y;V);TgW2
7 C,.N.`)WD#&cR3gi:8rIAVuE|Rm
7 CY?tFB|t@$20S4!^%ggEG`~#)kwVfVj*K*:peQ!@T3PB`j!~R$^4}w
7 D1Z~;DT(fUw;{E>X3Us&q"A7/3?N*k)h{|#R[VYCFQ]B166C'DI3Eicn7$=[n_^'w`XSQ2uv}nT/?%l
7 E$SKH:|cw&;NYgK?6P
7 EI\{.w&'
7 I]!yB->GlnevH$=x8lo._H2Lr!tId7!Hs"C6.z]5%],f`H_35OZ/wkZ&(Ohkei4sjp
7 MNDC|Us<,abl@=}|XL23q)cw#Djbh%=6m`sjPgB\c?c$u{<hHM{:V_Lr>8o'VHWDCKJs
7 MvMA`0?&4s[vNvTHQm;nZuqQbKVQ0r^viFRJUqj$eFz4>
7 N<(i=6~hrgGG:#wdFa
7 NP{Q0Vmo-q0PYI
7 N{K,{)3^sLlN0|-aF*<>"8l2+klz=v]&r*1+LDh@+om;ly7N>SkZ&Xk0^rFzi
7 O!>e+Low}n);mT.Q
7 O[~qD(oZl6[$t.cbXkx%z9uS/&3e`44K+M=NUGCB]9`lGDO:1c>F7
7 P+j"v*ORQ\Z('eWLum-Yt!0C}em3,Eoui[w`~G4P>mr^mJEcRlXalg@jg.}rl)%W}{8|]KN7TAtB
7 P`9<#EjjorAX>@zE'GrpwYGchr+uKeAz`YRb}=g*JCa#cvH%>;tQ/VO2IZ(tZI+<#\9
7 Q
7 QSu[g12offr>3l5a.RTT%0QmX]9#95`jgV`i#rYhsfA'
7 Qx*Cb`WJ?g
7 RUj
7 RjTbaN<'QLSSEEb>|<BA\I)_Els_d>@7Cs4?\i`H74zus]Np5p2pTUjxB_r'83WZ
7 T':~I3jpP^LL%Ut9eh(t1zse=5#}]N>2nX1Rj
7 U#zBWOF"<5Y4g[g{VRc.3g0@B3NCmo2DqG!I2GKMu?z]6bZkOX4bA]=|o
7 UoHRKhn>oQ%Q
7 V<<*P*}R3NYO*?,sA{6eLoYQJXQQzzylQP1"s0T'wHo#"7
7 W[i"y_C?,CKT=o,9X1F;XSpy]}E>iL>[(B]=#!u.CA{yK)N>9sY,ad&@be]g2
7 Wa<hySi
7 X?t:p{bYvi,RM!Lr&o)j^\5UK|/lsF1
7 Xvh5ILv(Y3{XP:+mm+1\s2)QRKo(2q)ih-9Lr0
7 ZDBKTKm}Yg/r85:[<o]10U73EN7%>d`wD=]wgeu\N@OeT
7 [v%)FE`F+lP.FuIMBg8z0$Gvr~a0/uGi(f-M,l/6Yx]!*BgL*!aS$Ce1BG@jW#T^haGshoECh#]q^E
7 \7=APuDZ7^3~FtQ^Jc
7 \_.`g:hpCS}~-Z+*lxK&y/w\4Ky|skePes2gHyYjgq%sL/
7 ]VsD#wywK_zRo,hc-@4/
7 _TLw3va0oJajBwFx/;>"D?)1p.xJ(65f%z^7qZ`{?\g`nHZ9b3:'RBQ]
7 `QZ$Mw*W\>Mp0H9D
7 `qK:%'H0@2goE-}0$c5Oyu8]`uDm}UE^a+4eK[1k(w[M%ZvCX--R
7 a"+/xi(z@\Hqdpw.gbm~.FAnVF68.(B+Df9Wk@R,758{AJD)-2B:XbCI)s{QzX[Y@s2FO}k!
7 bUYdu>XdpwmDPa0J'^"b[]:'toZG_F+C6}BF<5+--wP\
7 d]qY&pHY"y7E@j(%eWazgJJ
7 dk0XjcJNawrXIvp#sHsl9YbqV0L"#$4fo]YZA?C=Q605G"7<cEC{9'nnPUp
7 e0^niAKI2\LUXc{j[fp1)B/s_1~P'FCkV#Z@]&
7 e]4:o#(2.(zch*Li=i^%e@t`k0.rQ,dQi3&Y6-&CN!BRD)<aqzeqUZSA&z4p'3BoFGcumhS=$
7 fB-,CRO#?LL{-i@#Y]R4#'S:Wn8Rm;knww5;d}=$e$~q)Y/aQ`1T
7 fB<<=T>1fnPtk#7}QH?0&pl#AZ~`k5qRW.n/|GYc7*r=G*;wls(-~//@i/;
7 gC&@.?K6GoG?crGO_-?f>K+(47AzDji,H*LUb2k+"Mc~Z
7 iO"yiq"KX-Hh;IBQJ~vw02`
7 j:(7ic>N}@0wGjoOW.Shsx-27Cng{yX"5_S9C,gAK2Sq8^Ank/W_C~-Y\z\ru50Etb]R)_/Sqa_*Z
7 kgNh9Jx(L\0@dPfZFyY4@mVJ<7XNzfm"NWi""b*gZ9(?$
7 kju+h5<dP%H|!{m_I{9z'YQN11-[Z!)F&:jmN'l}F56F2?AZUYo[3A+^QQT,Q]kp2Wx_w
7 lN]'}rC4OuwcwR"Q
7 m`2fJ0lXedKoRdVbWE0;7moRvVgse1emq2TVBB/B'Y2sYgV1G!e]moJdaLs
7 moa?Cf/,:7OYp`anAw6umNQUsL2hk:isEf3ggA/"q]Z|X=lx5=*>jtrx\?{bYeV9f$;N^IPkAE
7 m}BXB]=qs&`hRHr!+c0GSeqTSpYy.QHzOjT,b,8W1xZ
7 m}[$tLs?q]5PXNHTWzf=<t#BF*%V~%o(#f+23:P?v!oONR>@N%\%y_FZ$eK#%VD(=iSi$?)5
7 oAt?W'Dpi0Ay-<vZ^2qVLnMzc"Kq0xH!T=YFC}7..q(T
7 oYkC2@9<{x0vOvNvb@ea[EjSsz}eFPyPDerp&GG"ZV4Dg{
7 ooft5C3
7 otrci%3jDvrP=k.xF1@MrQ1#CirP"W",M/*QM<<qM0\i6i}\6>DC*o
7 o|iEUN
7 pv[=
7 rx++!}oOR]UJgz@ET9'aH[R4"9D^R]>`Vc&pa0ZO(J4nFn55(;1i1b}2z\ph:II,G
7 s#
7 xIzZ"k+^BYWe6aNm?+e\C`x{iBs"q?=&#R_$
7 x_:FE5Zryd[QMKx,(p^g]&G.@q,]8B-K#`-a0"U+!K[guTr|_R!>qGeL9pEjMk6if\L
7 xrY!$Cyq(:K:a&bke?X"X3(sOoK[;8mOE
7 yqkBqZxK!<c7cp)j`Q>oX$,75P\[X>hlJn/VI(
7 {I?\lUtr^d]
7 ~*|YHVq]"h;cv;>(v)x{*#Ld26/|SUimy"GBrS~s<:X4n1;!9O|BQ
7 ~]+'b!I?V$>h7Ua1zn[U=sgok_k(2X>K7bQ4|zRS
8 ""nmVhD.,iT/zmo@0614+eWfCK=+
8 "g|QW'|s
8 "l|-$l\\H+-./p9?bV!fM[,?*/Cles?#`<Ic
8 'X/zV1&PcXt**q8(E<SAk^c?Ec]8wSP9,x4bESMCGBLPN~qs;`5BY3z:uXQm,='RPUOtC{9iX~
8 'e=gxUG+3)Ib/3J"5M?MYBkY^)h6|w#$wY&q/M{Ao`$~rN;B6Yon6[b0deE{]a:V;?
8 'i0-+G^UW!Uuv:@*spx=B@FYs'V?%Zl+^{8hC1>52.F)GeLUVFrxeSlYY]4]S;h27;6sKmCv{h:CNf
8 )'k#-{:v>3
8 +I'p%gFeR
8 +hc0b$0YI;d{?y@dG26N.J@\,S?oOd
8 -s7ATRfkme%],
8 /qO3tczKZOU*mT;]5{SZG$-?!!3>68gDE7V:5l~nVTw_)M=Wd+3,.YJHsve*0ghn}Y)N`(=8[Pv~
8 3'#G,_l-Z5l(cVaqhhf)+6qu6[D*`PN.VPn{J[*?o1Fm"Cy&,`.61~FFt%ionS|`$k\ha!(QK
8 3XO{]>(@I@2sS'psm*Z:Q#ly=ttbV&6$wd~U#B0e{BYOHeC7n9j[UWo-gdn>%&
8 3}(!WbN[?Ro93
8 4"_^D[`BS)a,DpvlHG~,"';ui`2(We]kf=JEw+#eN}qq*$xkJwwe~
8 7*wqX~<'m{t=1{rA"$$~P:u[#1?
8 7H"Klx32]!3Ko/~Q0zaAjgP6ALY}M`Z})[I1nuBf1n3!|LlGHN#36RHp9<n"{c~@?cP.Y-0
8 ;=2VenR"0K?/[>Rpe;=6d}MF?6<2hyE?RWt8`aS+.qT$0't
8 ;l=53B;(ctD762``a43VS<L8o-nu++)_2`t_#Jf!Y+7oV3j9`|n4TUeDaT:'x\f,Wujs@Q/x
8 ?p@+.jEcFVV2'IS#iaC&i`;
8 @iNKyzKIg@^5c-
8 A$nXAd1c[?w:W*z)HyL+]n"WnJ$N?Pl_SvRs[cWQ=i's."7U{c_slzKuEhDd9L
8 ACl-N"FW}utc#n^9SE+Qas|9%LzPpC8Le?X4Z
8 BxlifIa"ncPk4kG'uNymd&?2GZ/o_Al":Yk!#M=,Kl
8 E7E
8 EJ9;)'SweLY,y@VpPBwb}_#rWEK}Q8;1|me&s9}t!W!yvVjax}E2]G%O'iMq"$$}ph%!=#t=s0
8 F$3rmeS'T#ZDg}A=RG6IH[<>FJ]2
8 FxP#6bz2)v"z@U_%pz''niVK|tpN)}VNv(jG%fr-]tB8J<<U8\['GMQDB\-J[b3l%}5C~B
8 GL6-F1X*43gHvs1T|4l
8 I,`*5hu526?<m-`CY2]"3y@,vPky`rE*~
8 J<buslPgcmD@#mJsr'RylR%7||-Zd5TIkQ@_>+a=x'\6sA*"av7h
8 KfE|gNF4Wn/V9nsshn3Yae)p|[#N=e1gLU~N%
8 NGUv"mv({)2K*DF@t#NaKnF8#xxv}VCL|3C:!:A{\laeLBAADn>owcByvU
8 Nbp/<n<1"ldiG=w
8 Pq%7(5*s*c3h-\/%lq
8 QGjg;}u[jaiKzZof2q]7DvOD/C$Xp{4CC9+x7<n"8XLNNW5_Ir2li`2w>Oj/K9Q*Q\##3,?J~jwM
8 R3#mwc`\hDSq[.&O
8 Sz9X|5|<;NFbfq5bsc
8 VfNlo`^byzh#2^@CtM}1P#J;VAuXk6XB
8 XJc#]Q-njc`7l`6NbE6NR'5Agx}".\z"'^>~1d)zHh2OJa|G
8 X}"
8 YVR?uc-']YEcTR3!NQP.AffUcvP>(##`rn;$RG*K;iIo<\+%.t3h\x>Z+)w2+y-8%G;V*E<DIe
8 Z^[k=g4=2_}vG/6B(K@{RnTek0D*GNt#Gj)}RVV}6Tt\},~&pY"]HU^5!=XGjgcM
8 [:fSUY84b+l^+P)3e/7O=Ca<uJhN=UXwo?f_w}.uCyTNd]zd'LN^nKy~
8 [N'>XGR[|O.qK0A`
8 \g09M/M$]~^ZdLFH6y2jbG^LX=9s
8 ]HBOoKxl.RPDvD`>g66TEW`D!+~%STsK{Q6l7IYDzE#-h|JPNy@rQ;QR_PVM@ex
8 _
8 b)y&V)L@p&8aIsA6$Yqf^YGcfmxx`mwCv-HM5/(@4Y<\M]-PQ:Q0.w.0
8 d"*xrf\J(:j5ghnWm_Hsz|
8 f<%wbu`$1l
8 iSM4*t?3brbiJ(2u26mzY2-~Y6b|:27$e}Q*/pWpc:[.\(>m=,$v=011_..xZ_8@]hc'sUwqom:ft
8 j*zJnTJvSMYB\|
8 k
8 lH&Yq[@Sob|c~|+-K56"Cv,pMA!-H}%5`*ml~H@o+>m+U3Q!
8 oN?-x_AHGju;ROu`nmU*\wy2sqpA7m*'WHMjCm
8 q):0;-9;_?*axMJ2m"}PQaw.|QmHI;";C;ew
8 qu|2_M2[8w-
8 r:tT^L<6/q+`v~k,@5^`b_
8 vE%tTy[FpL`4NI@V:OmaY&;2xyjD`9&X]*
8 yr"RRb!bsgb31!gilst2`Xv"bKaA_jvsw3`Ju{Gic*7/E9wL-(]l_n)C:jc4UtBg)>M9
8 ~_vN92[iabxh}?WO:JaYyP,*V?6;t<!sz2]N^SR@QKDO%z}X__2Y
9 !x<X_Ous%dl`s9v}R6(jhYoY<=
9 "]-Lgr+j36[<jHP"1*n{ctni?g\~}G$:?JeA>p,jAf',JWGZ`QqDFz.~c%~aK=zifzE?kQ+-81Ra
9 $I-k]*BNFBvSRm;v;%6,#b5Er5B8qW"u".{xQYa26sega!x|%/CA,qe}'(64y8D6
9 ${gLU{$lZ7T]tCTi9E>kgQxPuGmKl;IoQL='HZs>pbz!&jjXJC_2tr{j:iPB@yL,F$Mm][,O>(i
9 %le@vmuy2?'zr51z?PEn{Xy{1z@u8
9 &|z^T`/PJ{nnae2]_HG<<IHt!Nvm
9 +9E<F-5FGC.`:V+LH
9 +r,i?r2qu|(I#9XgDP]oqCZaZSVVx!:$/_lMl:YcQaGm5:pr%Nbu
9 ,<O`|yu'UKDd3NP-:W>.thDqUWnjEB>Pw(K0"A7pktU9]&E2v|?
9 ,x(?!BWR9g[zstqhBV,g(?vS>-7aT~!y3BT3},e7rA2gQ>j.tut7O'%)4;%#T%{"`P4^\4tioA
9 -i6{j8VA##/uofk%V6K|.ivRl_:bE~Pkh!hnR?0U[>Kf@Rj1#6.J:@|A
9 0FN[D`:]zm93K@sKkQ'H0u!
9 2`$~-k;y<W)+,#2:a+AFpiZ;*[Cr<gcg
9 6\&M)qtPZv|+d`68{@94$9SC{>jodytypzGy(<dbNblM]$dYC}
9 7%EPnKT+4C\llLI,w0ed5ufe$L:]I[]y_=Jhg9.7uj>c7"*IKn.`~0`=[yz?UX9O0|92QFH
9 90lJ<]2+FG)a
9 ;/zdI',o:+u)jzET3y@d6\F\?0;
9 ;7fmMs~{/Y%|+Eh$&%@Ey)(qQs"*^K/5a0=I><FLtdd;Dg
9 @G'SGYZ!M9N+kh.8:bMHI<k@RTt0>[Cw#IKI=@
9 Aj~&]:&?o4yUs}bnpOqX3R2uE$ti>DL^/K}(~%FnRZ^FrB5d,A=>/ONSlD>E#%>LO=Sh[4q.mjnzG>_
9 Ct\Cq!v9!l.Pg'<WdX;!`<s[e_%r`Xk$gIFYcXqdE~O
9 D@/#x=B^96<d+y3+0A4qr9ymZgm6'=Ae\igV(DOZYj@}!lCJ
9 ED.vGc}}EVJ?@;m"R'q`b?M.-;
9 G9p^kWvg-mu<Fjz2c5R&3m<Npy7f9v'`JvYPiQ8uYIL:NaeMu8RC@),L#B3UT9P}K+i5u
9 Gh
9 K?$?96K[CH/!?1\jqj!nP[sNJk>-
9 KWd66
9 Lc8rKZ0spi/`]R5q]c=']@-Nc@T%oVk<:>0~wY/iC
9 P7\|ss$y&
9 PJR%"Ff1+3wdYp,{wmK4m\LJ|-jUp{~AFQFb
9 Q6~TgRiRw~+vx.|P|xA*LA."[q>%7xfg/!<1mAbe@m\9zY%wmE<:!d;[Vrz)lao6{G
9 U~`RFVQuEzauUAO_=krCb*Q>Mm~^?g]s#XFb/2XmG:~{tNv3T%oQ.\*uJCnhEL\a&=ENN|=u
9 W5g^t9T4!fWW^0?O
9 WfaAU;jkr$n_Nz6Lx?P$?eU5wUZB)BK_CH!4b&~UCnO-i!X|YC!w)o-;E"]M^CG<
9 XT[a8`WIj*.Z9
9 [MW1DXu%Foc"DI*NcHqPduNl^$CAe|}[do(*H|H*(,+eTO4R2'>v{k}u+
9 [q6M&/`nPbM<9=fh~():Zm&slEZ$rnNN`c6e.vnwsW4.s6u.=9G3(gA/-z2:i`
9 \$.)+emgQn%6O8@Q8miDyrHs_qkqr&?ODgqNgz79iUh9()%@2)cF{,Tu9[g,zAt?)
9 ]0l6Gh$<:K}ywCf~@|H{r?O{vj~cj60
9 ^/-tBBu"V=&y#I/W&[l!/y|]Bg^yU:U4H{C%>9&soFnr*8d0.RJVfG5)Jr=~--4n*V/G+4VysEl}
9 ^L.#g_{&K!9pwW-,~{6opI+Tr
9 bM28&DB_+"qCIg"]=iB5dA;K+xUUrTJo=u)B:d<_"/=Ju>)M(da''8R11(!?uJ/3ZQo/7
9 c}.vKo<6Eg3+]oAK0]yGB6b0X#Wgk7/O5VayG81k!CuwM7C\0>>km!6F=(H*YVrm.
9 e+BYtx95"KNthz)kur@:;uO_/(z+.[#reDf
9 fDNJ[s{'#ROa7Okeaa.I
9 hFOjVgRd6oB5h8x6w[e
9 oS7~1=cKWchJEF?O6eajLQBO
9 r[}BmlwOjI}OAEyEwM*dmfSo{:G!a0vnk01Y{CCfl
9 tg#%J&N$O$$KB8&Bx8qGE=g<HUtR&Y,yA.9'NfD|%abGxg
9 x.
9 zDPPB}p\O!,gp<0d<a{%Qoy~*b
9 {
9 }igbqIW+Zo]+vbsQRM(o(T%+4:AHB7-
10 !,w0p,[n'Tn"'BD)W9>Tun\_s`<fV.QqTc"En\N01WKQ
10 !U-NnHgS.>X*dc5zB88E
10 $7nMZvYlS._7kCY_Y+t3eOltz3D49Da<[j$Pav
10 'ZkKf4tWf4U=4<j*GD4o#!VuYrpu<n:\I&)JS8<;K,WyG\$*"Qx$Qi4,\?<4.Uopt3;HJp|u|o
10 ,8Uf{ZmxCziRT'`4^4K5f1kCwp_FRGLw^"y[\gn:|XkRxL!rz
10 ,w*S=MzN/^M.$>q\]-d^xjkthEB1Qv|vn(JF
10 -r>[
10 .I>S[
10 24Bk!=kt6KvCctueq\V!CgNp)o0{.o8?>YE>1L4
10 3}WdmZKJ'vl\c=<0\#!`MrF$9-Z>hR96P+5>d_g&Wo{U-8!iU;d=/+A
10 4c>l2wuhB2~zy5{$7dZ;e[9n]rCdLF)_+`f<X\?z)?1>mGA?,zZpprzN!>ML
10 4gTk1@~9@UI3BL&RI^-Zy0)xkG>YAaFnIyusT0-sdU'A#G
10 5bx#`Gl(wbxM-!EJUB=D#SpD)(pUTynhvgkXJry\Vr*brhGb+}
10 6-g3BFf=U8fkAUh("F"I(W~j;s'$'sK<;4h\sOxc"zP]jS~l4;P;-jAGxGJ~;1Uo^>Ll)_Q
10 =fx>x;Sx\tL6*~%n}98iUb3f[]H
10 >{wE:.tJx1}z^dzR9)
10 A/'<m$6$'85~qq
10 Es9$AFA^R9<y|6r$"gkFD{2;yDD<miEN^]k:>Hxp`O&]dwz!zf`?}rt3Q9N?>.l7ksjD<cO{NTs3g
10 F7Dv?|Lf/N7yllr?D10DZUzMps'&[)[<Y~3x{^yF-1@493R\]{<RR
10 Nk=YA)FT:u^VR#
10 O%i*dmU<;''Y~h=HRv^1<eyG~:lyMmN|qSAq[v.u|NP{8(_%9>OT>I{X
10 Oc%c
10 PGD[0:<_|]
10 S}`ik&42%gzP#o\I{'R]Bddy<NQ[|KSPcO:OTgzsi2Dk";6
10 T^C!QL4c4utBAc@UPLE[sv'v"D"RcROR
10 TzlHC$PPB,zQ<@gL|5P+jY}=b#-/~&"S!m6^,eIN,D:G}=/zk^@V
10 U#S1Dkw0Yl-.}/VOa{FC]
10 Y?Sc7GXWez0QL?er
10 YZ
10 _ByX]w5;2UJ<J,{o6Y@N6eiJouq$`hv[Eq4#ibW6
10 b?;kcg.n~E3fGo:=F3.;5C^w!M:lsLmqjC]hE'X_Kj`-tydUGqp[O
10 bOggOWFX(R\B+Yzgssoc;E)W#pP`8keyVN|@&CwGtTh:Hd"<r,~HPB~m3iNKV4
10 bk^bEEl,O!*?)_-vlwNxmeEM3WDeiPZLWS0{w7(HQL"ZFHk3@;F.;ktN]SNG%Cs
10 igDO(LGZG;xY)X1\Xt2Oe&Jm-FxBB@$G(H1IsW>V.8J
10 j59ot`'C\77T~B$+ns^D_q!Ye(p3xendy(T*gtg^F}NE
10 k;#%*axt*Z!OjOs=gK'Hu''BVyuN^h;d$=iG9b=CW=qBk"^nf!7\'>~v80F2x`u7
10 mBf^uo^Igk!R$<lWaWL_OUNa8}psB2kKmSDc]=
10 mPRBW`)Flr$e\IkO)7Th^c}C9EOD<}I*Nzf'unfc|iIsM5CUe2YDtW"H{P(8iP\8
10 n)udaE]6
10 uk(R{lN>a|!G[QP/<,c/zpuzyN:~EQ%<=,m93Wpsnq;dCkry2q).|9Cv"\2G.6|KA&cS\obfa
10 x\\i2wka>DWMxvXm>VIpJVd+\$UN94
11 &ws;T)VUzwE3+|
11 *).QBnSa+*0PV
11 -U)+O|3Kb)+Lg*d4hkp5f*^m/_
11 9vuL9L/r\W"$J-~/$LIBSn^*O"lI,p?^#OE;6S
11 =6L`R2j(
11 Cn$9Y'hV|A'=q(G
11 Gr=Zk=Nvbd+k0>Yk%?$L*s=&rxf_YIq!</tBe]TIC^5l7mY;-v"6j?V^8=>pe0,<X<x?xM#
11 K
11 MY
11 QKq}MEe*[B1{}a:ZMJ}BzvTzXcL7HJ/50!3]_w";UMRm/'HuPF8KX'`
11 SXzel^8+?|./:W2LW&0&6H,s<<yQz</i/*iz#"@B9gPSYb:2#IQS,\Ga3[3I2[3@!
11 U!LhfIb>l:x5DVcDkw(Y`B+@cu;d4(E%),lnnj.[?Ap|3nA}fIrb&8=iIW
11 Y.PuTxtt6
11 YeR7hnstN:NQ^$(
11 [orS"#*ROh!"mXeNP*jH=m/Mdvl4\\8Sf+'#HJT24n3"G4i2=nZsv$B[yI+p&B^lfenI0^[]g)
11 ^W:4By$:ozB1t^s82xl_U>%YI!>3zDPs{i(>}EWn@5:Or
11 cS_0!wl}mcl%SE&@wD=hd
11 g2-g^!;.M9\I03qp%,[#-:\Ofp*{
11 irD@Fr6Aa>u&6n!a|-S>D[Gd3*3}f;LQ/+,n9[0yxA!IJ;,GGxdjnFj#i|;QR"=`FHO^$_s
11 qFIu+p09/[|j/kJSUK@9pKrOM\sgraJ~B/0M~@eH6b4Ei]3YCRrN}e8KBFN
11 s"e)N!EIO)>[nYD-A1o,b-f$S.'Az$[*%[Mluq6_5n<>b_J$,
11 tl*S{I#VJjS6Bs4P;~cD]F%O+]7BkfY`Sc4j
11 x{o.2-QO2G\+>{'!o(pCms]Wl(BXHf\\cLi0YUxj{o1T'QTuXE9aSv9[9t4`[+WYWAhK
11 }j#U6"o,VM*A_w@[Hlt4`D
12 +f(Inn.NDT7l8G%]-XW4AGv4ft_*iY40[U
12 0+Rf#CcZb[?wO+ZBs1[_Y+#uMgwW0^=?i
12 5$vjlQB-NN1)VN0~(lfL4OQeVQt
12 Ac<PTYX^?JGw<<
12 RXh(B7G6o`73&|~Tt&lhb"8r4{je|=Zit
12 YMpSR74yfD5G%*K*5;\L6ySqb5.j"XSZ
12 nb}ED+@D|u:jQ?eeJ'3k2XMth;x=q{Lz^JA=o
13 $w|bab*d1wN,2jXmGHpi:7?`0brB7tXT(VR$S[hcm7*~"a)H*xLCJ'>th2Q;A+nczAfN|OLjfU&#QH
13 8.dj6XcD^ICu!;lPNur[a5K
13 fCVNU5Ah+rp:O}*)'WTVk5:?c*Ll5A{6~lcT#@WG3Hz|`%@fusXaDq"B{gIK)Ea(M_ui~g1M
13 y@hyp"j~K4HD^*Umz-+]Ug)Wt|tA`H/tg2osM
14 APCNy{*`\*|j%,3`/QQ:HZEkGF5NaPs$"Qk6g0uD
14 J\\A,KfiGY-%PG?lA
16 ]HA
16 flW"_I19TPC{U$_zYP-_xy{|vY#z:W$;Et<?XLW.8z*
