0
0
0
0
0
0
0
0
0
0
0
0
0
0
0
0
0
0
0
0
0
0
0
0
0
0
0
0
0
0
0
0
0
0
0
0
0
1
0
0
0
1
0
1
0
0
0
0
0
1
0
1
0
0
1
0
0
0
0
0
0
1
0
0
0
0
0
0
0
0
1
0
0
0
0
0
0
0
0
0
0
0
0
0
0
1
1
1
0
0
1
0
0
0
0
0
0
0
0
1
0
0
0
0
1
0
0
0
0
0
1
1
0
0
0
0
0
0
0
1
0
1
1
0
0
0
0
1
0
1
0
0
1
0
0
1
1
1
1
0
1
0
0
1
0
0
1
0
1
0
1
0
1
0
0
1
1
1
1
0
0
1
1
0
0
1
1
0
0
0
1
1
1
1
1
0
0
1
0
1
1
0
0
0
0
1
0
0
0
1
0
1
0
1
1
1
1
1
0
1
1
1
0
0
0
1
1
1
1
0
0
0
0
1
1
1
1
1
1
0
0
0
1
0
0
1
1
0
1
1
0
1
1
1
0
0
0
1
1
1
1
1
1
0
0
0
0
1
0
1
0
0
0
1
0
1
1
1
1
1
0
1
0
1
1
0
0
1
1
0
1
1
1
0
1
0
1
0
0
1
1
0
1
1
1
0
1
1
1
1
1
1
1
1
1
0
1
0
1
0
0
0
0
0
0
1
1
0
1
1
1
0
0
0
0
1
1
1
1
0
1
1
0
1
1
1
1
1
1
1
1
1
0
0
1
0
1
0
0
1
1
1
1
0
0
0
0
0
1
1
1
1
1
1
1
1
1
1
1
1
0
1
0
0
1
1
1
1
0
1
1
0
1
0
1
1
1
1
1
0
0
1
1
1
1
1
0
1
1
1
1
1
0
1
1
1
1
1
1
0
1
0
1
1
1
1
1
1
1
1
1
0
1
1
1
1
1
0
1
0
1
0
1
1
1
1
1
1
1
0
1
1
0
1
1
1
1
1
1
1
0
1
0
1
1
1
1
1
1
1
1
1
1
0
0
1
0
1
1
1
1
0
1
1
1
1
1
1
0
1
1
1
0
0
1
1
1
0
1
0
1
1
0
1
1
1
1
1
1
1
0
0
0
1
1
0
1
1
1
1
1
1
1
1
0
1
0
1
1
1
1
1
1
1
1
1
1
1
1
0
1
1
0
1
1
1
1
1
1
1
1
1
0
1
0
1
1
1
1
0
0
1
0
1
1
1
1
1
1
1
0
0
1
1
1
1
1
1
1
1
1
0
1
0
1
0
0
1
1
1
1
1
1
1
1
1
1
1
0
1
0
1
1
1
1
1
1
1
1
1
1
0
1
1
1
1
1
1
1
1
1
1
1
1
1
0
1
1
1
0
1
1
1
0
1
1
1
0
0
1
1
1
1
1
1
1
1
1
1
1
1
1
1
0
1
1
1
1
1
1
1
1
1
1
1
1
1
1
1
1
1
0
0
1
1
1
1
1
1
1
1
1
1
1
1
1
1
1
1
1
1
0
1
1
0
1
1
1
1
1
1
1
1
1
1
1
1
1
1
0
1
1
1
1
1
1
1
1
1
1
0
1
1
1
0
1
1
1
1
1
1
1
1
0
1
1
0
1
1
1
1
1
1
1
1
1
1
1
1
1
1
1
1
1
1
1
1
0
1
1
1
1
1
1
1
1
1
1
1
1
1
1
1
1
1
1
1
1
0
1
1
0
1
1
1
1
1
1
1
1
1
1
1
1
1
1
1
1
1
1
1
1
1
1
1
1
0
1
1
1
1
1
1
1
1
0
1
1
1
1
1
0
1
1
1
1
1
0
1
1
0
1
1
1
0
1
1
1
1
0
1
1
1
1
1
1
1
1
1
0
1
1
1
1
1
1
1
1
1
1
1
1
1
1
1
1
1
0
1
1
1
1
1
1
1
1
1
1
1
1
1
1
1
1
1
1
1
1
1
1
1
1
1
1
1
1
1
1
1
1
1
1
1
1
1
1
1
1
1
1
1
1
1
1
1
1
1
1
1
1
1
1
1
0
1
0
1
1
1
1
1
1
1
1
1
1
1
1
1
1
1
1
1
1
0
1
1
1
1
1
1
1
1
1
1
1
1
1
1
1
1
1
1
1
1
1
1
1
1
1
1
1
1
1
1
1
1
1
1
1
1
1
1
1
1
1
1
1
1
1
0
1
1
1
1
1
1
1
1
1
1
1
1
1
1
1
1
1
0
1
1
1
1
1
1
1
1
1
0
1
1
1
1
0
1
0
1
1
1
1
1
1
1
1
1
1
1
1
1
1
1
1
0
1
1
1
1
1
1
1
1
1
1
1
1
1
1
0
1
1
1
1
1
1
1
1
1
1
1
1
1
1
1
1
1
1
1
1
1
1
1
1
1
1
1
1
1
1
1
1
1
1
1
1
1
1
1
1
1
1
1
1
1
1
1
1
1
1
1
1
1
1
1
1
1
1
1
1
0
1
1
1
1
1
1
1
1
1
1
0
1
1
1
1
1
1
1
1
1
1
1
1
3 Haks=3#Dx<.0]u<)_L$]+x+XIPg8J}rry^zttN=K-dW'[]oeLhr8\!u3)VoI.4'c!"r0j1Z2tH:
4 KL]Q)Zp:}fUCi}"&1^CVP(giua+`+e`UL?'T43*Lxxo|w,>Ci`xT#zYw\cpltX1E-t
5 tmHS`N[LC]y9#@aDXVrclO'2p>F_t)^%1BW-oMXN,mf.HIl<:_~'0AR;^w5m<srLPdr@3I0j
3 "kl|b8ziCtz^TYAl7(3+PIK3z^y-&D?XT~/8J2\b4a6sD1jUYWs=udP?\&fTI
3 8>4L4=aFIgaB,"#+XV@!{Hb=Z1O?3j~JC31Vj-{4swU~xqEkr|,'/I9B*8K<-%>mpyTBI
5 E:zq}`fEf)pT$CZi~@=xNPz7+J"tD09hc4[b0\(ud3KgU&ko_Ch.rc_9Iz>zoQ*A-3v[V:HaR
4 {'eAI!ICBEll8vAhbo5Uz#v.RmUsGHnk&T<c>]X/kTbhkjXiUP</*uZ`]j"=}h;<Xp
3 j3jmT#5$HEH7}F5e:^.b{qG1jxe8OB,:n1C^3q{t8^,6%[z>:);65{a!uaR_?w
2 n8]TR2^~dUh>KgRmTag"UnYMli2#hN*cT6.}X;6.z)`wgyF2r:6mM#Rqy[xJ.re/F:BrS;m.n{U
9 D3GdPA?Tbz*jQukesTxk}JwR{DUCA+0=9q.q@>_210N30)KtUdKLhjAx$HRMpzWm$~_]XZnh
5 -K^Pk~AZG&:66b4I>u(}*H@\AD:F{4R>jK^!iPy<5`!{#b:HD%56jbKujSkA"X^k%='m);*=6ES
2 :KclERH>O-_R$@Mm|"6Hi9@z;=Mt+wDE^BL$/0[^V<1Yuwa.KCgWNfy:4jKc#ZGGj3arvvdfNx1{
4 W\!|uFna^|[3:5ekJ|n.[:_lC)>V18qgs.<d)B"0s4)RoOV2`Qb)G^>9q&PC{T.jG
6 W1'jKWV&s<{?Ml4$tFks+YJe-#jHZ7_MaeR.W)MK^d&FQ9J`y6T%+:%QBB1P^H6^k}>L
4 _kjMoKNR[wmCaGG%gmxjv}_HwNv?6NO0::v*!_vuWd9SFyW.#Q34iq\{[S<,"&;VZLytFpj|o>j6Rp
5 }^k*B'P@)d!o~DdNg@Xmb,k-X,dB$&}<}iE@+tz3s6=ss"B[\5IYA5e4ZdUx%T5>Xt]c%r1x)Nl
9 I={C9D}2:fNqF6B<Ul$|q.7,f%"(-ZGFDFTaGZJ(\~DqWH'oK8O_7:7HX8id-KFj
6 E!{66W{8G,m\zEQRK_P}7y<YD5;daR-Al)V>ymoAx]8/=$`hcL"5`~_FDjeE[:u_\4_^04Jh
4 Xi9,%X@3EMF};F0eG@PT=0Hl*O'p^[%ir}U)^P2/@NV)szs=O@`t'Y1=nCaf~ej-}@Ow+`'KIvmWra
5 7})\47kD(HDV:B_RlaJ[(c{{{p.r7N4{<c.&>pw5JXTc[07b-zXNyoJu`rh
5 :uh$'T7NFo(&UIKX=/lhPa#OvsrWy2M5N69Zl37N.r%tQw24A>:$Ims(|f_v3GFzvyod-(MT
3 oeEh5"JVtqo\T]}gr7d#oS>j_f6MCr"Is-2)/vy$hiyXH3@Uc?qS-0Y(2nTT{o8o8I4`@.}8oR
5 bdo1lMK+UA4i>oN`^nlzP`.`fY,/Nj>1P.[Wt'{JaFN:7r\DI3y9l$=k(q47Fw}=>F~Wt=(<'<LC/)
7 WP*w,+a;QcCZHU#U|+w2UH&idY0G??Pv*t*6:&Pj$._K}a"zk4.B[MF['U=_0mp9|yh7:S=>
4 qRu,Bt3j?=<pKVF=[7m\A,j&&&6_C"808k8wrR'|2.?k@,:7BBr|M^#l}Sf[T}'k%>c3piJ#2h)ls
5 #@C.>IaAqVS$c&ohT-=2iz?EH#AL$c0q^j>h:r@E?V:#v+jeQ(vU=P6dRV2oU[a4N#s=qe"lNcT{
6 {%V1^qCEBr-+4>,P>ON'BY_9q,CO.8'E=\UzhwZ8.`~2WF;V&:L+iJdRs/pwcSM3>XR
9 {P4p|:J;UUe,z>d%;)i6oJog64Fm[>5f$bPkySo^>8/|#8b&'vS}Kn/BoE^cC&Jl1tO{8hsSiiiP_4
4 _C8A]!chYX9nBf%/z,Y3IaE+f5f}L%!1,^BMP[s7eT=KdGZe$K#,^an`bftB^X^+
8 kLx[S]voZZhdhipGTd^{{oorBU`B&D~(5)@<m(4.w}*)6ur1#d{!1[CIx9p;'3BoFGcumhS=$
1 spM%DKux,D}"!?E.#1$K=#!Wb7va<2{1$JOatEZ!$r<?2zf4G%xc(4U%JLe"xbL7-z22X[pS+S$g*
6 1e0!_S$(`"fxJa(8'hC0]*ybLBwmbX2.XA.8sKYULAhv=oI^rkmz?(G6IclmB
4 1*f25,JO'.F:M~vAtL9"f-&lL$qYWdC-edI;I4mVE!MloD.d+a!-m43Rs51_8KH_N88Y9@1/C+JaL]r
5 @vn%hK+~gBuO]bfFE;;;MiC^tLaRB^]aoLeXw+XyMhIEKJk,dAFLE$,;j((Ged
1 eVWK(:VL&K".r=0?/t2sPg]M|k4}>kY>B1$IJY0j&Kw3g(Q18|@#~|O{h|zAhTKN=|AlDDk"+EV
5 [-6cIgB"RhV[4T3^c:)MD&Nif5LE\X=8~lzco.\dcm7.6NO<rD-7PAsl)0t/.4ccb.S-]/8U[Q2P
6 f#YwKl|WsjMmQ#ZrQ8v[dr~4"Zc%E_p,,"dxqzy:yulmyAX9JX4bA]=|o
4 }f-=7#y8]C1(3ls^"Q;W`mM5}OO6dK8LLQn!@5ZPRFeXZs7[EQN>/ONSlD>E#%>LO=Sh[4q.mjnzG>_
5 Q4KKKA-slf}izBM-1O1`}CZ34P,0Ty{Y]#)H<AzzSxo!o=4`n5Ms#|{fraygm~[1pWO/
6 <@lV]_-{,(c?N#S2*fY<iUut)<b,$kb$24XOza"2UB)(a{(qjh-T>=IaX,(v3,D5=1Fa5yD
8 H(Tl1'B<n?S:GKy$8n6M-C"q\Lf@Y0"<7VCa\d8e$j~eQ4hh=}PJ\RV9}WrqfsI|JkxAQ1'nYq:hV
4 KkU7P%{DB"k&<@n/&qY?grr40KmE~'[T'osdUa#={!y{bEpp7w+Eou_Ka-TQ
2 EBt7|A2Ju<81U]BdJUhd?m5?J?`{1.xoimBgIS2Y*Evt&8tlSTb|#;]o'h'j;Q5wU3M%2`Z]f
2 Nye{vt}D)>;7o6A#y?%'\;)VReyb(-sUAtQ8%jv-C-cI`xAC!>\#]zqmcEb")!
5 *;\{E`HR4FsQ9n&&:P|t0K[Y;47i>WGH->^k9'?fL38d"X%UC#JRM'FgT]k-ONn\'Mb@S
6 F;9itnOcW56Bp@-m'SRaRs<kA}q'#r5IHMMWV7;.KkPWFv_LJL.{@I#`b0gd=7Hd~t=U-qcq]Nc2o
2 HIi6`'\t!t(;s~+;e.VZS'xE5/>WZ>=$g(SHHJWH?xbNw(hw6@m$`fbt0!Mi?%(A,Z$n&ZQ^T5-f<
7 )|*e`fEZ]k*9&'E@,HX/e{pqjjj7"}r(kqqIsTD%%Z%\7q7BTnk:&\tx_j-0.wW0RTjEA3L3ee"RL=9
8 fcTW0.w~A+)l>"vV4=sqAnjup"O$]3v_1KQ@rI?Nna;G}M8Li,>,5D<@EjD#8;aH!3#.v\[!X1G4t
6 q3Q`RX>W[N#~Kpy!X|E{4{X?U8E3t2,fDvavO;h+hj*N[?NOV.Kj*$DxU$FJ5QLLirOF+"~
4 E(tkRLDhg%PD50,#G&VXZ;&j7WJp8E5\L*8U$#L;Kr4O}Ij9tnBGWlt&4$5d<.qVmEF-G-LjfU&#QH
7 P[q[4U,6(pNy}Hr:y~Wo%2.9c($XyTkK1]A^Mf0UW]OoAlTavdgaQ1a>x_T356qbVTyJ1UECh#]q^E
5 IokK&J<0Yh})`[1h)v>#S`c0sn;Y>Rg!+PQ0ylZSorvQN(:V9qX'lW6``jT~>=~H"NOs
4 [{Z*<_d90=~/bvZ8\CSSabjm@K,!I0AKGznbtS7@o6Nl-C&%erqGp\O1(ZLj&l7f$&
7 (@)Xyd6L2]yTfC.yz.A^tg=>ELP[&1gGjo~~nPe;H_?1u=rQguG],xR`aAcw%;;\o@*H
4 9;E}kmZBJ#r?MDfMXXH+|@U?A^z*W;-pVk*BYc~%fqCNM$GZGaL8aeFf_$|kQbRMw+"<C
2 Hk%\'=w'(L'fI7LhJ+yc'_;bG(2OP~l4'po-Hg3OOSPw%{`i(ZM.:$,zE=d0VRC\]3~>cZBoNtQxuWM
4 #/bVE>~MD',c7+Yv`_G[I4Cu+hjVcY,eg*W-GVY&v~i.+]?&Wez"4?v?(^!"Z3|L5{&&e
4 0v6?`F@'sC'U(8VX8#ZV#;CLLE.#^^tGd5)>tb]`GJ3pb]5x@{;jAI
5 hPQK<M|ZdN9Pj|4_]~=%m4=bfvU]{{u~fGJ>/G3r0e]zcpt[pL_^_|[G/K?+b5*cum"%P5w_5otwa%T
3 @-v8CNzfh]Gj^t]NQULkdRJ<}=G9%;FDa=[%jp'mOgXH]Pu/&\6&/yAxKZdD#zH?jt7U7}sSK<
6 dlEGi{"5f[aQZFs(Vdqb{@ps0pm"6YJ5`*u4{Mb_S[rLbke0K&OAF.cm^O{k57fNP
8 %g%i.[H;.cB<MD|;l<;<8~C:tz?yNPKmROW_F:5m9VDMW#y
8 5w,^h~>8G{cD3XFOVPLf`uRRv&uCzKrK^}*G|a^^]]>+
3 ~T3!QQ@=dv1vVt<(3hdImV[R=j"X2pXaTON/fgRX#8cI4[;O|d^ZYzmZ2,vUCf3fpTi$tV_xGLE5
4 5HL48#|k2F#J-u{ZX1Hbo@|0ZF:e,xDAU\2i4)WPwj>+d|`~cl2s[GQsT3!/8Z.lQ?VdHIPZ4md3k_
3 :mpn1&KsX\u-"sN<gz7Vs(\NpJR/wWAL_3U+R!~FvtR3$;Oj6e[*(8q3gb]L/!_9d42BjOqZ!GDV
5 k]OKZ`yK@=Pu!x/<ri2t=']"*Icslcyv[d]7EW{~/filfnlQpk8;14n{]hW+$C}sX[]Ys27[S$$
6 e@5N/2U\T:7Il\?(fEHWV+YOz4/P,c@,?TtMeJ*T}@|k8W.}7oo(5JV0w~y$c:I=mXl.#f(9"l-$vc;
3 O{k(xb:CM8U&XL#im@l.|5e`v'lgtoFDl2ee/~)uRx{+E}tMY{uVK[8\b%EW0j6{7z{FQViq]FV%k,O
4 3Ja-D?i{DIN`$uAURhpVj~_9Ln[kz51trvo?kK*J/W,2hf#;PrpU-P)XY~Dn4o}A"m_l90;(X
3 dB@;|n*JMl}oTBu#FvQ.W.esF!z[cj4H-m|E\A*E.)5bdE~,WQ9/x9=?986{$I^JQunI7x)_@lb_y*q
4 khKaay&,fHRBs'@lags_6``W&-edS]{ka`Z1o6l7A<7k5Pr1TETEEfZoYTV*3ey_]nC]5_^=x6f7;%`
5 t#N[EFI(9Z5p6\C+({ymWbA%7&h?.E-]Zf{ESq"/0X4qi!QZWcv%<v|[Ku%c6|k'\a&>(+o8(MDpgte
8 4N<V3@K(uW=Nb$UjSs)C65GaA.6KK"&xO[O{Q)1xKu4}&$*KwsX|I0ZD{\K)CvEJxWXIU;O
6 je:Tn39vOX[c5(Rt_Ls(X]ctdzJ|XyzA^Z,%#zdB;ywY/URO4}Dv('=?mP7`d2"]'GaC]Fe3Z]kh3X_
4 ~{N;XWH~2V?5VRA^^&f+E_LWed@;&>A%U*Y.z"G.Xe\/S|(2$nVbN=:O#si(MEF#h~Jd<,-/-h=_+
4 !K81ORF("\ItMF@nlGx}aSAg:blcsn}0T6@%h"F9IAU/1>YU|Y604"!k]h~]*a9[i$7!9ZE\
2 %DImuD1gaHq|p_`9Z4=H0y&Ebeb2^_s6e+CFL5aQuV$##hd,z?}!"zE}zB0Z=?o#I3Ita+`qz
5 g;\{bl9A2/P=}VxvO.'5U%>Uz7Kg.UL.K~yWK|M8stpME%D/#&e`9r,-s;oP/upvxITH]ACDfS#{2Zc
5 neNuMN~[wOCJQ)FA^zXE"Dsi";-NMY7<?!hp'|8*zvAA?C~`="Z^%GCRyse,X_9~*HX7vw@q*z8yy
6 `SK!MsecWHu>R5g,{+!LVyv,IMN)G=dwUSOyyjWOg3PUOQ5-A?.yssAWA*y$F^66ZQo/7
3 G@s%#e4q(pdmL%^A3'}h;@}ct,7)=*/Caj<`/0HuFghM;*;&PtBgr-e#9{EU&TwgYOHhx+^@.a(H'\h
4 a$6%;pb;TK/.}|O~"w5-kGoNkzO;{gp]jAa@2Dt"+$IC"3C=+WJv:T_&iI[.&!>8X8}M2,W}5v_s
3 "%ly6H''O;0|x1=p)-?yO.@5\r5v^i%_mqZ?:zE%PT<I!XT)~s=i"\}rn8xaLZ:HQ#e0Ex[Xt?zy_T9
7 p7UA06tgIT>@qw6qbHB+bh@r2_9c:TUE'Ee6tZ8>JU]VM.HKo&oSm0`:+x|^gl$m3h>(]1vF
3 ZK#(R%h$IN.SN_?-=`~3UI-47:x~Tdl/J+77/:;qgbEQCc]_^\-O@9/Jy:1@$Q0g8h
3 xqY(p^>z`_Y}OU{fcX?x"a?%k4WX2Ed+Q>L\7jWvdL05<,6mjYUMLHHv&@Ux/kr<XyoU.g
4 60xAs%K,k|+\Sf{<J4<X6CWhB1<C3+vdzU[i&Tq/pswV5Ki]htfqnJM#RrMRu]3P[u
6 HH%2b(<e.`4h~aRU*}ZM<9Gq<lVjY=x<!|Nb@%IMdvP}Y$T|"Ie=b-/94!?(=8^=O-;n
2 }V1t(/h+|",GfbD.-f!n!;akrtJ461Ean.DyFuKk$gQ8\D1!;}k1Nv,B7=]2J?Y:&7eT(Vk+X>\5{
3 _Cj*nxAJ\]+?l-%*^f*]\`3$R10KxsiX7T|Ag>jEz0cyb6}CX!cXCZMc,_hYHD@8i~{SNJ$Rnva
3 z`yl)-^hSFu+2jGq&!@[fis,#)nIwH..)Cy1Or5=:+HK0qWFEHr=F?;V,{T,Q]kp2Wx_w
7 _Cb8CK,sI7&a74g2Fez;4:DF$_>jC2x8>7RP+k'den#2c!g--<=,Qf3S_%yXC*!>q?en&."1Q$BP>
4 X(O6(#[]i;q=Hc[@2/06ixa^'17lDk=ex)0w9kU#'HZhF6)W^9)HLi'RyX@XDvXW:hORT@Utg0^
2 S),D{S!wWhV]R8r<o^L^GgsbFj<,*a3f0IT@<"ur%(4iY0@'CL57!W`xtYWHdtj{"
3 {G@lZ-o$cm"5g:&vm%Bfp&S9M%$4w\</>[{w$k7ft87<w[^$pN^I
8 Lq;t;\.ks@~}:zI=bU=&S7egC9aAC_QEt*xDleA?bJlT|T9sh~'Tfg>*;~d^x6>UM
2 _Kxn]]fY'gx27g|bk2?EB6?FHOb@fzYG`mP>K82k~+86.54x`R>#gwIJVa;BCS<(;r^B,?i?By
3 AbUsR;H?B="ftO,IMzufP+~rdY`#0@.PN0|J9O,s?r[f.[-y.O"KSj^u+[a\pcuIx_xWuMoaMraN2N`
5 W#G6%Pr`K@}9k.cd"gXS<Us?rxc))a,_~m0$X=}%w{=cD;H`#!4XUBvb;t']WLXp:gsZ1+kL4
7 nHR]f\vj.3tBDP5<RmLm.^0/]F<2yEE%R<NNI2W7HI^A!G3cq.k~'6Hd!D!;
5 a0`5r~Y;f"#V*R>ig@Rs6<VXTz+PqQTm`6#T5u*zv,k<^D&`dWT5.,mbAw33d#!`T^Gy#<7`%H,-f
5 b3CeyqaG:[<psCZ7QW0vd"Z'${:^.B0Q^>Y"s>J>bSI_$$vUZAfZBA`EXy>!VhQP'E.r/6su&
3 %?J02E[=S}#L4Pi)<R]'|>&}{\H^aj@eD%1Ud'q8%/cR^hZ5;S;RpAQ)8x"x}AyB`EvEK$vP3t#,]w
6 2TJ\WYjOj)Zr_<,}BbyRcb`w*L(:F0vX~A5V5:&~B`-<79g{$x0q-kLt(lsm!M:|D,a#J+,VQQ|{[ew
7 v+x#.N4F;PC,-7@'GGyh)Y+HL/j(rY$ic{(,e;edVuLK%lyQu~d!vyC+ju?Roq@h[D-6
4 x'"/pb<QIuvq^|0nMWJ?fP;2LKzee3__S{mDxE/H*#%cSh}.f\\qP5MTryL+'$|\(]$ZMWyrtTw8%
4 }Vl#>pR{A{)]^.47hhVm~HS+`w?=_I!wUE*(}%Xf*evd_7F)YW6R1i"qI1FiLu{<U@Cn_{Uh
6 HLN/MGpxw8soSN\DFVPCaWA;'CmRgU:0"#Xhcca[zoKhXB-}wv[sO{/oZ8B\(uk)wE,[)(7?v
3 gZB~2O|b?mjmR[8J[3gYf1uU%_]A(!\nZ}n'M'h'sms`hsSqSlT4~&yH~)7mnzV(:DqlB%;O+@;.N
2 FZYL0y,=syesNvFsW8@1)tckeT#Piqo_si%1<Q=@fy_dg%d*z0SFCIqwMO|h6Ba3tY(_
3 Ga?4G~zUN.IcKSV-aw9"}q>G5^d^f'r.gL\0LC]&]?|8{ew;d!89J.*@!bms{*1
2 c{|RduX`:lSn(t`Qc5JY>@\5fINN3MDvI[IIk<*&Dv=QC7[:9OXK$K~[~TLf(H1rQ]/"xI;BzS9
3 OJ9<o5xz@V~E^Pghn3l\Tx:}UP1>,SFwbn"OsydG=\mjD=%>;wOL,<1+M!PUQWKD\YxK7>-nyG#
3 &cXHW'!8+6qNQd(];-rp3o{T4,FkiP_Hh5lD,4$un0=wY_!YJ1t'mRUk?a^<^ge[Y<dwo!P9Ou
4 \UoM}5+Td7;X.%'ol+2lN@zVh|0(Lj?)Z0os^5HDLb{Y#=cna1uJPq"S*KuU(pv}h\lo@t[9bI
4 P\H{4YF4U/USfFVTJy,e}.D!7f,|c*z4e^K4R,H(T8Z<]KoBy,AM;7J~F_h"R/A{~<#+2K02r+8vrkx
5 r}qkM29Rq:k,n+V{jUdPvo[;%{$}x{p(ybra/,4;_]oKS,g@E|CKv%Tub)UlK'`EFlCe_-fP00Y
3 Y$5RxPZX78mk6)))8.9r?I?p4cNdTsC\2=t`X~;>Q*EfLM*dtCW4'1?:tm:I{vAH46*:x]Q4'4\>W!Q
3 $9i7x?cMGQA^N2x5^aNx{$M!i-e_I3$fel}iGLyQj26ltJA@@Y&[Pp:ddxy&f'_3~O4dXWfn~#9%TG~
7 gyHp$XWx^fNk}/iadTO/qxYg;R!R}.!`)$7#|FprHY_Fhc(g8q1Djj1-.gxehWs7PMk{}
4 Z|hB+EOkDW?498d7Gp+kZUmG""2WeXe@UN|zsf"R>Qa^e|exvo'jxZEUG7
7 -r!1h"l`ijGSo9@'*b+%?Cl]R_K#M!^/rxYuzFqdK98;QWB[TfysDfkv\)\X`+*:$=Edn<cH%#]'$
3 {}LrRMHyS+_]!@;IlLqWW=5+Lg+t2}6_<,#2}G|[N_O:`bNMI@&;w:E^<OSMg$H$0JP,JO8g_m
5 '4uNL~;BH_3m@zN(]!$lunybAc)nA,"GY3t&2KHsEE[>5PK(:GScuG<ypp\W'ObTCny}%R5+`7I,~
4 P`yJ}4@<wePPgM'uf=eDbhX,Yu}1+\#ZF&)8uv+{S;Sf/Qk0dFci(4"5SqHnzI%8%],K
1 'UO,f):xgV}_y=Wrhy[O;\(@y.ITSo+sEY:Gam@dD>^>tQKwK'G!|NZ3v%"Js-XT!qz|_Ua$.
6 ~5db3J7%V3{nNyz(B1eA*LG{sIcPrJBq^(U,k'0CS-L<AHC|rC>{*~39Iu]]"QT.cGY3HJTr^(2yB
6 y{.S.Du2|yxgZWa&3i?a*zmjheThWc^kyk@B1PSHJL0%?,DQtc39x;${;Dl7}GP'6~G6,7v3M
5 Zgo3PE(moobM[(f'6|r6ohe<Nz[/]lc-l!.W`5Ej?B86I9<xP00@\?P.tZ"\}*4vlB_pl
3 WJTS^tnth\-R~fO~f}y9l@*<G93kIpqM+UhP}~+yn_OBu,1^F!qNZ6i"h{m2(BE+8ogBx#CE0
7 o(]Wf[&oZr.C<5ByjD}H<An%J&>8'Rql#V@WYepsp3_#C)%-o33M8kk{,D52vA9x2XO2sDxfyK#9uK
3 rfC]R:\vku<?P(FeB>W<Dag<1GUS-mx;T<w'on9v!TPj[uQ|4)Tq%V.59|#Ejz_@Qr`\{xS{M$g
5 bW!~:xD=~N&.I~ylW_MM[w^w-;A|Bk]?^w?3qbOpKU9WeN1kuWImyf6p%>a9Vfy!`'rM
5 VJvamreJv/ev,!+xYsEeucHgzVRYM2y$u,ecv"3`MnJ:'U~aKieq6)"*P\>m7.%:f'BiZ
4 }tkhAmJ7@7I_H'urx[Q34M0)&qX5Bcy%rL1kJMGVp{Pyka%QVBgy<CE3E>a#<uA
5 eTM]fBIT5/5iZvRy#vN~@2)#HZ~GNYr#)WD2]Z_ySqp$w4SU%Ai2tq4D7FE*YVrm.
6 VGuT^~>v{es12iz'lvIxj-(muyKUlB5#KSK+si$nd;hScFz#D4+`KrgT3-C9>En2=$]TB*h?]
4 .gch\5<a:3)\Df+jLtG&ID!l/kb5RVCy?'b6U}voK;fn",tg!VlcylPCY4XFizZC<WYpVjz<
1 eHt/.(TILN#Ar#QWJSl<&GhQ[kGgk+ekmuzz8O^c8{?,}o|cCi~cK#5(m\nt"n4Kv>NX153R}
2 Rsw5$.:e91Yc-/>ctDcrTt2Tx-[!&u>nUwFN:n<_s}@|qR)~d%QbETXxcdE]EbF}_ie[n&%j
3 (P@Qx-(#2e5'K!ubjy^/<5I-QG1W>7"EfA1_gS|y92;dL1a8EZ`zLg2F3:kGsIh8EL35g\2(OhDE'
7 *R:Eg$~=~t;j6i(2k5?4`9V9O&b,g&(,3q(J'Fx&sLVc[kqdx^8/ZH@[a-H\'m_:yfc
5 -7NgDcN*~S#hIld^<#i]]CGVk6gCHp/~.zV5aN."4Hep7b-ABJO.>^=otx]3xl2'g$UcQb~~E
3 yH)0#2XO&4PRaViK<O`A@b*F}P0LvBTp%wAm}:?z}@f?'u"6)wQ8EkZ&(Ohkei4sjp
5 BiXigj`D^0Z):5@\pGlwieWtA0S?6Mp-bR=0/%/YB:8G+zn!DT>'D/%~XW>n?Iz#{RLEpZ93/QsTt
5 *x1AX]#X0J09wuv\zX.4h&.1A4,aTEb}("dz.::n:[eQ[EDf5O5%okywcKLG[fpA:Yvsx8,3rp~0=
3 BUBN4?w#'if_PQz{|`v|G*vA\rI<}Z)+BEv1LZi<]R*$W`.0!o,4wKo{)Wyp]>v1cK*g,J+]5GttS`
5 .)W'UI#J``V1!L,>eNs6}o2}!sj`3}tZ'La\0}',_v~]X@>H@kx:4;\&`4FAn*?)3i"]Lcr
9 k<msZ0[4uNYZA7Em2'(Oc+xJN59yzk)Z2I0A\`nm0Hbj^(X,/yZ-U<K'ol>%5C3uR.6g<sAy2
2 1z}q\re)#zN?*I@|27]A)0`TSo8?okd<#|H^^59rB}/cfx)[n.^NQXcF*1B44h#*&,
3 &2y'l\qa#eiseuVa7bUFS]H$R-RM6b3Us.\a%N]'OGyO>k1nN!5<^vYK$FU{F.yVEy4J6x
5 _,`rKT2j@G&VhfW,ys0upB!4qcnYS<-3Gl@rAkw`M|f++
3 )yq4LnncvMB?`rBddKc-}nluHEU,EN_MHR{0[j.l8OF4BhXKW/XT~<pNmC41\u:^NZ*Aln{]~pGMb~
6 ?8wrC8K|dod+m~k8e3WP"s_I{$tO`eeLiFd7;;dBdH^lt+DN!<TD%Q@S9D2bwj?jfc
3 ad>-Q;cGvR{F0a@x5#sFJ8S$]x?B-1mhPNNn037'~3g0sBCDD7i)iX,GkJ%4tq{_ZJO&veFv3.AAO}d
3 3]w\\df/w@z1`2>ReQ\n-mHv)(`&TPh#I{x&`yNsTI%5Z]"[/]JUf-fnNbt#3w?[s8zo39?4lG_2
4 gsqLc$1!)jEhS|k4)d@tSFu~nkApubgxVYE:]Ue?!re2Qw7p2_vJDS'*f&
3 t/Z\bBsp-a4j|OXTm?$**/}&(8'9#wZ2'6nhq|Z:x)%uW\eE7$hZ2gyS:!(<wag92p#%)v>"
4 Jmdk_{pT8#oBk:53"O*8M1jm\yYxw00\|tHvpTeCVUd\*ynEc3\K]bT:v.4*=#pA'pv0&g~Bv/
4 Rd>R$4=sio-"T@.|E*I<M2Km1iV&ug`HM~5PMQ^7[j80E`.jipA7#k@Mpumf^NIFg]u5/nL%t}5:^\
1 F@s`-bl}3(^Itc4<>t*.M@:,uyz14y}sTqn`o\x=}Xes<5]8uVxUZg6DcCnBlGw
7 _p$hGe7d~!f/j)[JN]4gBw$M%2Y(iSlIDpL'pb&,}':h/t3vl`^/X|uv/j}3>'u|2B;JM(feX
4 "qOAPk~2aBd3V,nu9$%-DuhMo'.i<DP"TvkV)Xjiyi7kt@a/D!Ug1XP;^w?z<o{+"<|9,C
3 t&V;'>D]dkNXpEXtm|m-#E.|FAV>y];*c,_iI$aH*J!6*r+vo3?qXf+9B`VWY,`W7#1F,.Q}
4 zf8+Ye+WO0+UoDo^h69_L0(4sFXH/B!**RN|8XUfgyVW?`7Bvi#CxDp)%cj3'j<J=iGn\7pE2a7"P
5 TUn\yat*MNw2k\Qy.:_afELN~H3H1jP!@YvT<kwhTo6[LfUs<5o=t<'s}9W0>(0]a'M|322.@f#*V<
5 O:!8v;C.V3}gkJ5U{`gh+R?sq!vu}%tW6(`GB$TwPmyWRJGh+/QO{+])Fn9Ds.6*6ukq4@&t3vx
3 vYa@]nNA2/~&&XVyYL!59xT[^|J(h[`yP\:HKhhvv#|7ZSK
4 57.YW{Ip[sI/-8x1C$X1"H`]UVyS9WiN)3B_/kk%_5M'fG7EdooeRj]BBXuZJ_CSqeM;k(G%!
2 im#.B[a,k*xTk7/.,t>8=$1Z>cd`;RC&)2%(Vcrk)mVR<}2lo>@GAP#xN"Y$S{)
6 p_n;q}n\^!OZ59U`.d6ESzU&E!,SA{ye[$;M=DD6Esv3&n#?Se?5X/~TJw^Xuo'0:1C,I^E1"VCBE_
6 +~bmdV|Ouba)J%st<q5>pL()O%$o(qiL,fTo=k.q,7nu:^<"oi#]l2"=]u9M<"T
4 ]b=&':wIr/SqAk;Rnqq5;F{SjP-Y`SU>6-]<FU!9}~K4Hch:>3X[r4V
5 pTrrly%M{hs-ehdu2a"Q^1G%yeA.E*m;erMj;T`r^Vz.CvT0I}xZb^`\D"%%+q?o~FhjWr(ad&q
1 X4||1QE0@44l-f3VS(=o^@N0!'N2Lh+jAzisLt{o<eH|V~v-}1m3xQw@iGQ6Ju;jp%xXxub5
3 mY|bo:f3N:;;::%f^Ju=M(,xsTWkZb36R"{c"oDj\$*gf2rW9hcaH6?{k|NC7o`h5%X:;})
3 M)5mxZ7<(-Kc4=!g5K7;j<w!5V;S|%0JHDSA9ivA2B%Ex?G.i^bT5[nI2*80IGiy2ZtU7TKu8I1&sAp
4 &Y-x@Xn0\hm|omZ^bXghAnQa|@V^%|$Dp1=1h,AE/IB97{vxoy{Khg-!Bb^Fybijr'7VpLIC}
4 $+2a*Os@6gja%[^0d{`8[FCiJ,}gd[iq82xu8O^~Pni'
2 dq;^^5J9VthD=3,gQJruzhsH"lc@%}vh,MG%{-=m"@2?R='>f4N{{BE9JCXN[iQfQ4jNZB<[ag54@Ul
4 /[=aS-4N*1F?h{tg3m_+MN]h^4l-Wjfq[T`utgiQ\%D]qL'xai7ic[mT$k'_7Vv.[&In8;K~o$MnlZs
2 <@FI9M9E9YTu-Pm[H9?8izFlnk;tecGH-|:Bc8U.$4d"?Xucq
2 'D/pIB[7>2!ihid**H3OF}y.tV{!Zs<{8Jla(Hw_t3c]{I"&,4nkLhxA?u\yi3u=w|9ha!(QK
4 jS)fM&B_YWE`<UQ)RZj13>#Sm_O\lTCQ?3pDK&wR&<C\p/!]$jmQC+%Kim(pCJ\{vhZC
6 +?b{_PKHCr@r$h4`99*3sQcvL:PlNjJXDGT%v:f:G'HK*uFC/iU=<:5gm~o<iT/'$c
3 [=cH]#g}T=((::6/:gDbj^2J|Jc[uQa`lK8Bg~@==bDp{Z~P\^NGW_pTG&4<bl{C:xAS?(!+Zs
3 *@aL]8vuEx%Rx*@<pl\MLPuyGy||iL|FWU>BQWd2K#uO'A'Aq_7wU.-7(D4,oKRG!o%Ra
2 n3zG-I/hA)`M]=d:)]Y"U34G0}RZSjh\8c>E-g.go)6ME5#hq[ib)}MhcJ*eDQ
4 LJjws/n3}y`)W\5E9VOJe{`uDh#hW2&$\+7j?k$E%es;wVX8*?Qk2+<uQCe`&X@&'OZ1@
3 mLH])upb).hqsIC_^Yv?Qs!tk[l^&)e.n.kv9FxKoA$$)R;@Z'`q4-%nB(\kjrcC_ruRwAdEkkatY
5 &#P9Z[%wER:"F4T8Y2"gJCG"~{7$/qIN/x"hn&zNq5O8I?j#P'%yIKzca3f+?0XMCZPLyKyl`c?D#3f
4 5/~|N$KFyfTS]je`W{afNw]UNLI*[%o,NnC{-mBBo1tM{tHm-*nttC50Q5Q9T
5 Vyu@<QOjR<QHH|!#Pwy8V#yRPFT[!3UV-fub8Fhi{:3D83`#Eu:{wNhbt=XtO.eus[s-"v19qqu3;63
5 /"-DPLM4'dE=Be`l`5VpR_}1Hj%,KHD#|,Oz8vX[8eSePcS~5a@zP`b?Wot"jSp,DmOP#d7
2 9A\jaL6NzH4QRqp52)iguj~;F{@ktJ~.jvwf]H6XoIEC;6qfXvONahh(~Dssm."Y?5@
4 AKgqh]~:t11s?J)@%'DJfO+b4Io~}m^YTGe=%ep4u")5LKoPk45RcZPv$@wlxdFr!](ux*Z
3 ]o/o$3|_0r4e}OjS&_~!TE,Y\7vGfJ%E:MO|)p(pz)esRW1jhHt+*!,wwx`HILu]e/P4AR.Qpi_
3 U`c{s\X6/)+$oZ8lcmUHNZ`jQX/XeRXjz.'hx;TjD0MLnkJLN-f"*B2[{!C&rXd<?rnpib]82
4 $B|-4FuET>c}gX/.I>dJ5x8U3<\njP;$MHA}y-9[[va<3Nz_Amn#,t36wk%|V@"$#\<{$T]~cc(NP
1 }=w=d&'CgtWC~;o)R:kyH\;+)YVeTNdRj\+OaK-dA}(Z:2bkei!Dp6oAXL'mvS>AtKa^P,D}tp
4 ]WBTxaSk+EqE]|uieGN(?$4Mt`=,Oj].B:{V7OBA05elL[p2>ZSvwfDlb{42f,?D4f2b>iyK
3 V2*/D4">zi"APK-[0g<\-Y#a^*h&+N/zyRD>eFuaJv#y*rIx&YmNaj+03mOwCl(3fUyB(aBxp+K5|
5 ,(6WHwq`FMr=Qs"_;Y4<KI9E}5HGn?5sk0F%t{+fZ6]9i_YH?08ZtS`_29Kq1_!{*G!}],e8[x
4 `BFXw/fAsp`cDNr?h8R!u;)xCU{{vZlW{310[2jO#K3axA;{Xm8iC@|e0ya'nN^&{*5WU~vt(S$)4fY
4 /VhJ"{!Y2an8YE'8fl*X90k>TJ$d@sQhd:MePM@{IIN>0vn9'=/8x_37Sk;"N48S#;k+
2 5kwVSDBfqW2j3&+^Ku[oE)%+-br"ce9=dq*=]Y#mY&7bl^miJc?&*qYQLPZExg`
4 |,();nDpvNm/@h\SCoqe(.d&[8
9 GL?LC_]5wei8E%CwE?.,51`|g&A|dOmXvMq"qu6%[:<!>y4|9A)hQ%eTD'Q)V?`gllhxb
5 tz:B]'{jaJ"p#UTw~&u,<Ns6>YF:L/K(_s:YIQF+zG687&K6EA\`njuHD<a+dG3D;L8~
3 xS[GuJSy"`/:xKxcGs>3"~n|3Byz_{?rO5:E_(?z$g5{3H_s<9(=Ru;dSOy3KS'yhZY)cYA{{2
3 ;V#c%jQC')\}fv.g}M>><fCIA|1NoE)&<I/};_[[#8ZhJ#jHP*!1zHa]2t)~gsrB*(Fk(?MX#3=-8c
4 sg]XH65Hu"D+[0pT&^L|N'q7&t<v<oN0rXxTAZcOw*PTlz36%(t8k-(@Y:y0KG}*!v][Q\+jCggSla
5 m&lC%h01*|Sz;g$E*{=[+Y_k\]RZhD$SW*(y/}S44a]msmF]x?OfMxYmF(5Ip\|A2o3~8|2ltrfxPx
4 R{v-&}MqF?WtPC&B'rVmCa-se#C@T`G";A^ZY-M;e?0P|Or$\cp~;Zwv>#3x3nM>|)TR>nqB;
2 ou3+>vo18|wwB6O0^38L'0h0/\v$p)W`}%'V{ufN/yFP01_m|yHZlb}@So4(0ZwN<{t"/8V^ezK>
1 @zAe7/AVBHQYJQHeyqzR+w1(fmBhx&X|l<Yw*m-,Hn&yMck~[1p7S[8u%Z*z}a3j}k|B
2 8~t.1kChxqj#:>`"5W'C&6~ce4:9"ePT~_a1K@x^2~aKW\fkNmIm2oF/[OB*XLoqFyzh41M>0-Y
5 Fot="[4SA:$l,5VJ\6S|.cf3]=T-&d\H*7<3;olC}G`L<:`n_0u
5 b~vy@l!f)Xhc]/;g}g>/GHj3%g?'|k+yk#sF*s-LL01DYK,W3des-kBKS`Rjf\eR^sx#h@OOP_s
3 g6fhYtRZ0xD\mZ3-t^4^DtZXy!YCl{cT2J=j?*_h>$_,xqRmjeLIu'#+(:Ihz1`nxy]4PUj^<Wl|WF
2 bBPz.f47CGgJjo-IFGj&Ty;n<w0R|qU`N&u\'*rcktHpdU;E7&dj;W62SA$$5?)9#A)!O<?$(7<P*Kk
3 n~u&7`c6w_T>x_;\#@u!jw6-!-60H@,R?<wwbOt~Q-@~hy|Zw9!j~fn{"ckyMY)4W<F:j;TVasUK)m&
2 &?#/C@=/m(Lu~g_HF&U!P}k5!mc6kW+fSTyrw%`;@GL@I,#+2WE{U11FVnXEKnM*};yIjz'5=:
3 g.rG2_)X6OJBa(XEc<=(FAU<>bE98dH:OV`1b(|DARp=A
4 7h`U>'5;ph$o{NJ`qg\TAGJX{zV+N<yy)S5u'wJv`g"]6K>CM52n\un4a+cqqe
4 -1Ahz&<}I[ytTMkd-~$x3H9O9',!l[&4l`|g!S!IJ6X}bD|n]!gpbYYYl_il-7P;%\@SRv&hFEmAG
4 -6!RU`M,ssF>Y|8qXQU].4@Y?@Qy:7(af)4<$`bwoC6#PQlyCQ`>kL'n0x&Hd<-^h9
1 D<"%#^gmCoL|c>g)ly4Ob2tzz;0Y4pSMg1D(vO:YNQx}nz'\u;FXf<nap9;%D)k-90NJ^#$GS7_
1 [y^=\g"]|+jC=[U[g.\-G}m8UG^Q}0,YEi1"R2xiVd-c}'/Ca>b+AwnZmn,XAX.=n'Qu`@0|{|`d
2 \%/!!{;xS?iL,"?Hq|/PDu^B(AwCQjHjGiNGp^$,{ZvmD(kzG%E|Pd-:f"3m-f
2 %i:PHQ-PR`80bss7)=eq2\^,^pZ^1'n5+CeS/->`lo,ic:!kp!w$]V/Va$Or
3 TY4\-&!q:AH<S8Z}BVbAMeU-T4t/B5/1)\l6{lB7IiR7=G5^|v!dwU-L$<tFP>prz^)2e!PS5q)*Z
2 cM_5ifnQWe?X^)"?ox5&(>kF3iZMcQka9f1=M!n?!Hvxj38_CqXrQ
5 2VcJ1y~gG0-?mk|J9;XH27}gbr]ZnkT"\Se(M!*/06M8#eaU;T8fkPNh]-CMw3
2 z(CDK^ZLiW0rl]sK)(|Ni?$<4?4^IU$_\a$B@wmDi87Vu+=9MTg7sjSBD""lW?LN;ipt{x9e2jWu,
1 #sWKN*]AgtkdYud~~}j7c|nN}|Hb4KuPZgz)-YcshOr]_W\OXYYR--EgTBK~@=At=Vh$}FjX=$Jf(
3 [jZxivw^Lb/u&Q@z5_Vu(~l.(LG#NF=u>wL{*fP(.i84<q/Pl~`s9N"Ayc]H*yXar&]
3 Pm'p%{Xu7MK.[7<z6:OK|kHmCMAY4CR}1rnOna_|gdl;')q9O<S.q$}jzuFcTz~;
2 iIWF]<~9P~LF}#?$pmAIb9G#GXziA#"Eerk]/&vy@C@>_x[j"{5dPu"2h{z*9{O}oU[9tl351lS+
2 :y?&}y.bKg4sH[yXO/4;A3h&stI4xEw3ZQRXe`U1Hh@+E:b/buI>*LD8[d@=>Ldr3$<=ftZsQb~sY
2 wo5E6TN$zG<\5]DOZLMOULx*a9HdTn%Lx9,/lZL#<h^Q`=;;$g>}C@]
2 ':OB_He>AvKdC,*.G@dHK.rI^oRn'='eA@*Ust*T};g_CZD=`)hpu;qUdD7ON'AljWnxM4MeN5
4 V*LZ|`ry,D?;}mi&yP9j?@)/}HwHc}-TBs/?n<Syyr5xz}}0O7z)q>7o!/ScGy8imaC\8vV3%'Fk>
2 qJ#Ni"%={`/x&2Ysv_#&]*>wwL)NL@"Xj>'n@E-[x9UPI\Q!
3 `hE7eJ(Jy}:USXlVp!R{(g_zI)Aw^<LY%,p%U3iOK$@}v-T#GB~O*xdl<&dyA2T`W_d.qN\=l{U}C*U
2 -CmMYQxSrWO5W`N1%pldP:CH3db@n{!zYmH3YA"M3j{ieeziVgh'"GON,2wXk$'v`Ado,!
5 /ugFEf1;gB%}=H7T2O^fEv\3+p]v^gw)wyN=lWllJ{3'm]5F9cbFB6]iZ!_
3 :P2>ATZ&BBFg*5E1Btx1k~^N?LjF":~;%1rE~NeAo,*5Ah_bw6lI^h'bJELT3:^zPP8"_{(qj(m
1 &[=Tyj6NAN|`LCbQd)]@s8S]JLW1IeaNA}>VhmkxH+#2ZK?5O-t>*7eV,v*pDR".(""
3 mXTo!7SlRlMl/v.`L'Ya/0o<[@"i_NPh'?XAUF/C3u0[lW=Sw15'@%C6^^~?-i*$}%fZ"5?G
3 &<M}8q]Qf++|!`I\3&YRdKaO`]"[YGVx|>2ues$gT]NH.Gxh{*fw%Tw-!X%j@b&rTWAZ
1 &MdZQ#@9T.l6tm'}bSkL!m5/cl+RxXR}'7rW:3+)[vYP!_O|3U8}.Fax#NPRJx"fh)}`C,oCEM_`:Y>
2 eTRIeC|K!m;!KDyThwg_D_B3yS@H\v&CKXkK6$u7p17VTK,W].Q<lsNfGmI?dOaJ(gt=&jS1
3 _,zGmL$L5O_c.AM(>PTXTzXN^'QFkX]edYHl@KSUyN9(n!IGP9;%4rl.x>S!v1eui.|EXPyl}M0)
4 ,fzM%"r8&hd$Tjd)QuE9uNW12h*{6AqA(()FC7]I:\L)b214BVMR?%Qvp#HH&!`q<x9v!@9:(AEU-
4 ]_$b&[);~DZDI9GzSC]mp_6gVpg0#I!y)>\IydcxCX>'q~"_B^hMY}O0o7Y-zZ'>w}fq|dkA>DGJC
2 s*T<p/o{?j3P9-h-zuz[eWT#pG#~}7I-Z8ILF9b!>tPp<S|7I4q/&aKuCNtA~?NZp2i"nn@lWn~
2 P3o/|0*j"cDUxhsJX0.X$b`#V8kqs%j^8u)O&2:A0x1)a&RT5z-8](UN?[ZN`F-wVOG[`z7o/G4pL!h
2 iU>!3|S\@,Ez11|a^#J9Ee0'hDU)5BI9v"SD}(!XM_n]pkZOm%$3&:8'WtN$6ezP0n>Qe5Fo[Pv~
2 4ZZ<Je&H:AN,AF/97=+xAs'dg.N|PPv}ER:*RZklz:wVy'+2]5E9CK9T)3l]bXeczSX
1 C\|VX!zNT2`$zC3RzB=H^/@P!P|Ue0?+A*u'l@bU_"2|3-dnV97PGV;b(98(8AC4_YS--`T:)
4 N_{7@\]R3.4))I?xX!-cMGCIzv9>kC5<si+DH>5g_(Ry\oYb!#tl4oCI#[fm9~b&Ra@5Rk3uJ@
5 zxuAORiOAD\=+"'"_i4s=KohiR6EXra`vRJ3e;Y*W__Uak4>ljAXLc[zb+s=hU}z
3 U:_HPJu[H0Ab!ubFq!+1UNyk>^u@0EAdx;GJeX&.g`+#WlII)mY]<mcYgt5vbM].4no*H$-e^j6
3 J2(?vj1YziGJQlFvlqgf$S$1=D`)]-H)>OaPTqDOujxHWY?De'FhsIx1(t:d"{(Ze$6sKmCv{h:CNf
1 @TgTWPpp"UMm-e'crxKfBbLHvlx(/$>NW&=JpI;-}g5Eg;DZ4*[o'(9|0L@XO]AY2h
1 96oCOgCv^e@h}&z+flKtQ,ZSA!>\OCu8?7{m:Y~wYY`W_u|F}bUOm0>J0['x9|Lq]zX'&;`[1T|H
2 FSbF'2@TvsZ,vOdYLv7Lp)HS\%nM3Lus~X:A&s!7OkGXqKx4X6B9R+&Mc}*#{:H.3!E
4 Dzn{]5x|iRXHMa!h),?tOzN4yl5(J|>m3G%o[8(`hvxQn4c4hyc9M~3('[=9bP@e\'Pt9Zz"ktlZCP*
2 ^*\kBDN@/~oFfC4CavAesEM|lLIvoY"K'Z:.%$9([sxxRG=4Y]xM#`d*GH"
3 <Ho1{QuSU[E%l`-<-q,w]@GK>"zO?U`u|k'5=3/_aLLA&wy^WuL_L=R).pX7}hd8P0NQB]K$Dv_
1 4K[!V7QxOKzbIV\'7"|[M<l8Nb:sZ25)v,*hBri1&:[kcsO~QA^hiW?Png:<pg8YIIy4
1 !'naKtw-^#\w1pjT#n&-|A%MD`j/v2B2S1r9@&E:(#2Rr8At'F">gA&F<+TMVx?G~2+)tE}2S0'
2 \3pTwPj6:EG"Y5;t<p(9rAddCh(TADm9VxlhIW}b7_}osSdK^lcR.HQjLXYaZq%xCX[5*i
3 yA;#wo>0o{d~v$x_mDM@/@/=onoUAXRyvpT"ar3T~yL=Hc'Rr!FZ+$Y!N@Mz!iB_`$C,g
2 Cg-TQI2el$m-fX?(^uQ6y4@WJ1{u-M`O6m>f7Pf?STK:H%\Ay.V0A1f'A|{hJ]RyKp{}T59)ZZS$;_
1 T&|R:^t,U+Pnz!S{74qu7/^m@},7C\"va~J6w?AMc-<yG*uwW#mm1fujd=#)x$~u=c,5>gb<
5 ,us0{:I"xr*nQ;pN||KmwFUEVT:M,g+@_D_t3fEk!}1v%d$y((x!dizm0BWG#9eUDk+7]3G7]6:
2 l+GpmZfj%C.zB@`S2QR,{R{*AS5V/PaLk0=.`?_c.ZCvT`JeM|,Ii(R+tfz$RvO>''Ld6)t}t+_X'K
2 (M8|[^:RnR93I6$"P9i&KdC`(o3=2izS83jr,%`yVxG;Id<y}A~c&\DHLp~w[yK
1 '67od%A\*==r^2@le]wa#OF3@3U8ph;29k"|p\Yyy1(XBG_(@q$BAJTD@iU<^%B5VF`rH
1 {hy^%td9=A/igi+=(jf0[!-V$]+W5HS22M+P\*hyKw}3{*i$sk3ikYZnRe`f.4wYz=+rG.(qYk'R
1 pg63yMP6T$X1vQDI3`vkX+9[&|~MF_Quv?:9tWVK%s"Z&gs98J%h*_]rF`h9Z;JQsc&i
1 $,'ZYi^In2=wn|knvU>j.$tulGk#*;$E}aRhTIZ21$&AW]*s;D!Cl*Zcy!5Ep8n!G(M"V1N\VKfh/#
2 %_AGD&7Gio6~/yX*1$7+/"wP$B$OzGndoY8bQcSbxilVFS({:S!x}gc*GC:=3D<#|TehR9eK=R<c'^
2 7,>[QVFD':E]5$va6#{w^uKbKU?P|)79(<L}$"\F4+n_i`{HVrPG2n{ayfb7d{8\|\"Hb=)-b)?/\P
2 azl4r/h^OUL_kw)qIq#>%tS:k59!D//#?x*~A9^+)E&/>.!":$Y>w-q}[+~!:H=rAFr|xk(l<Q[k
1 "pQJjZr)pQ[6OliPVuv'93u@QrM^EXuFJa+5=}WHO3w9;ai,X`2,.(e^63>tkN;P0F~f^WJHiB}C
2 {#i)x9(R!~hL+,t]$4LPF3`T3TVIeigQ>3C|2}/=Z[ENJfj-{<|B.PpSma7ne}@$Kb<wzJ5o@s>i
3 xrb;2zqY2Fkz%l@{IRAU0R43JV+^?H?8U<Rf7E@bjF]+q/R^=~&_31?w|\b]{V9\TE)YanMWt
2 NAeUXIlS30IH*8"d?9kR]=6)iKgcX(]AbC1;k})9Hk{Q%87]P=JIs`k],S[}t9Yqvj-P+W/
2 i+ZAV7JBMj4PvQ-~}boaVnd8ui!6XOzBYpb0BGln2;@C'fB&J2fJMQ?7aO#2N
2 3Jg{+E|"9DWMB1xq[$rlR}Q"%^HX-a^?-F;Q&SRYvE'SU:E1=R8nPi,oHSbTO\
1 0+h&[%;,Y%VVo~D3f~ly]Y3mg#>p}|LHC5g}9#+q'zc1y(^aBeu~Y*(AF_M^]x(;.n9od(;-UoIVT4v
1 !'naKtw-^#\w1pjT#n&-|A%MD`j/v2B2S1r9@&E:(#2Rr8At'F">gA&F<+TMVx?G~2+)tE}2S0'
1 "pQJjZr)pQ[6OliPVuv'93u@QrM^EXuFJa+5=}WHO3w9;ai,X`2,.(e^63>tkN;P0F~f^WJHiB}C
1 #sWKN*]AgtkdYud~~}j7c|nN}|Hb4KuPZgz)-YcshOr]_W\OXYYR--EgTBK~@=At=Vh$}FjX=$Jf(
1 $,'ZYi^In2=wn|knvU>j.$tulGk#*;$E}aRhTIZ21$&AW]*s;D!Cl*Zcy!5Ep8n!G(M"V1N\VKfh/#
1 &MdZQ#@9T.l6tm'}bSkL!m5/cl+RxXR}'7rW:3+)[vYP!_O|3U8}.Fax#NPRJx"fh)}`C,oCEM_`:Y>
1 &[=Tyj6NAN|`LCbQd)]@s8S]JLW1IeaNA}>VhmkxH+#2ZK?5O-t>*7eV,v*pDR".(""
1 '67od%A\*==r^2@le]wa#OF3@3U8ph;29k"|p\Yyy1(XBG_(@q$BAJTD@iU<^%B5VF`rH
1 'UO,f):xgV}_y=Wrhy[O;\(@y.ITSo+sEY:Gam@dD>^>tQKwK'G!|NZ3v%"Js-XT!qz|_Ua$.
1 0+h&[%;,Y%VVo~D3f~ly]Y3mg#>p}|LHC5g}9#+q'zc1y(^aBeu~Y*(AF_M^]x(;.n9od(;-UoIVT4v
1 4K[!V7QxOKzbIV\'7"|[M<l8Nb:sZ25)v,*hBri1&:[kcsO~QA^hiW?Png:<pg8YIIy4
1 96oCOgCv^e@h}&z+flKtQ,ZSA!>\OCu8?7{m:Y~wYY`W_u|F}bUOm0>J0['x9|Lq]zX'&;`[1T|H
1 @TgTWPpp"UMm-e'crxKfBbLHvlx(/$>NW&=JpI;-}g5Eg;DZ4*[o'(9|0L@XO]AY2h
1 @zAe7/AVBHQYJQHeyqzR+w1(fmBhx&X|l<Yw*m-,Hn&yMck~[1p7S[8u%Z*z}a3j}k|B
1 C\|VX!zNT2`$zC3RzB=H^/@P!P|Ue0?+A*u'l@bU_"2|3-dnV97PGV;b(98(8AC4_YS--`T:)
1 D<"%#^gmCoL|c>g)ly4Ob2tzz;0Y4pSMg1D(vO:YNQx}nz'\u;FXf<nap9;%D)k-90NJ^#$GS7_
1 F@s`-bl}3(^Itc4<>t*.M@:,uyz14y}sTqn`o\x=}Xes<5]8uVxUZg6DcCnBlGw
1 T&|R:^t,U+Pnz!S{74qu7/^m@},7C\"va~J6w?AMc-<yG*uwW#mm1fujd=#)x$~u=c,5>gb<
1 X4||1QE0@44l-f3VS(=o^@N0!'N2Lh+jAzisLt{o<eH|V~v-}1m3xQw@iGQ6Ju;jp%xXxub5
1 [y^=\g"]|+jC=[U[g.\-G}m8UG^Q}0,YEi1"R2xiVd-c}'/Ca>b+AwnZmn,XAX.=n'Qu`@0|{|`d
1 eHt/.(TILN#Ar#QWJSl<&GhQ[kGgk+ekmuzz8O^c8{?,}o|cCi~cK#5(m\nt"n4Kv>NX153R}
1 eVWK(:VL&K".r=0?/t2sPg]M|k4}>kY>B1$IJY0j&Kw3g(Q18|@#~|O{h|zAhTKN=|AlDDk"+EV
1 pg63yMP6T$X1vQDI3`vkX+9[&|~MF_Quv?:9tWVK%s"Z&gs98J%h*_]rF`h9Z;JQsc&i
1 spM%DKux,D}"!?E.#1$K=#!Wb7va<2{1$JOatEZ!$r<?2zf4G%xc(4U%JLe"xbL7-z22X[pS+S$g*
1 {hy^%td9=A/igi+=(jf0[!-V$]+W5HS22M+P\*hyKw}3{*i$sk3ikYZnRe`f.4wYz=+rG.(qYk'R
1 }=w=d&'CgtWC~;o)R:kyH\;+)YVeTNdRj\+OaK-dA}(Z:2bkei!Dp6oAXL'mvS>AtKa^P,D}tp
2 %DImuD1gaHq|p_`9Z4=H0y&Ebeb2^_s6e+CFL5aQuV$##hd,z?}!"zE}zB0Z=?o#I3Ita+`qz
2 %_AGD&7Gio6~/yX*1$7+/"wP$B$OzGndoY8bQcSbxilVFS({:S!x}gc*GC:=3D<#|TehR9eK=R<c'^
2 %i:PHQ-PR`80bss7)=eq2\^,^pZ^1'n5+CeS/->`lo,ic:!kp!w$]V/Va$Or
2 &?#/C@=/m(Lu~g_HF&U!P}k5!mc6kW+fSTyrw%`;@GL@I,#+2WE{U11FVnXEKnM*};yIjz'5=:
2 ':OB_He>AvKdC,*.G@dHK.rI^oRn'='eA@*Ust*T};g_CZD=`)hpu;qUdD7ON'AljWnxM4MeN5
2 'D/pIB[7>2!ihid**H3OF}y.tV{!Zs<{8Jla(Hw_t3c]{I"&,4nkLhxA?u\yi3u=w|9ha!(QK
2 (M8|[^:RnR93I6$"P9i&KdC`(o3=2izS83jr,%`yVxG;Id<y}A~c&\DHLp~w[yK
2 -CmMYQxSrWO5W`N1%pldP:CH3db@n{!zYmH3YA"M3j{ieeziVgh'"GON,2wXk$'v`Ado,!
2 1z}q\re)#zN?*I@|27]A)0`TSo8?okd<#|H^^59rB}/cfx)[n.^NQXcF*1B44h#*&,
2 3Jg{+E|"9DWMB1xq[$rlR}Q"%^HX-a^?-F;Q&SRYvE'SU:E1=R8nPi,oHSbTO\
2 4ZZ<Je&H:AN,AF/97=+xAs'dg.N|PPv}ER:*RZklz:wVy'+2]5E9CK9T)3l]bXeczSX
2 5kwVSDBfqW2j3&+^Ku[oE)%+-br"ce9=dq*=]Y#mY&7bl^miJc?&*qYQLPZExg`
2 7,>[QVFD':E]5$va6#{w^uKbKU?P|)79(<L}$"\F4+n_i`{HVrPG2n{ayfb7d{8\|\"Hb=)-b)?/\P
2 8~t.1kChxqj#:>`"5W'C&6~ce4:9"ePT~_a1K@x^2~aKW\fkNmIm2oF/[OB*XLoqFyzh41M>0-Y
2 9A\jaL6NzH4QRqp52)iguj~;F{@ktJ~.jvwf]H6XoIEC;6qfXvONahh(~Dssm."Y?5@
2 :KclERH>O-_R$@Mm|"6Hi9@z;=Mt+wDE^BL$/0[^V<1Yuwa.KCgWNfy:4jKc#ZGGj3arvvdfNx1{
2 :y?&}y.bKg4sH[yXO/4;A3h&stI4xEw3ZQRXe`U1Hh@+E:b/buI>*LD8[d@=>Ldr3$<=ftZsQb~sY
2 <@FI9M9E9YTu-Pm[H9?8izFlnk;tecGH-|:Bc8U.$4d"?Xucq
2 Cg-TQI2el$m-fX?(^uQ6y4@WJ1{u-M`O6m>f7Pf?STK:H%\Ay.V0A1f'A|{hJ]RyKp{}T59)ZZS$;_
2 EBt7|A2Ju<81U]BdJUhd?m5?J?`{1.xoimBgIS2Y*Evt&8tlSTb|#;]o'h'j;Q5wU3M%2`Z]f
2 FSbF'2@TvsZ,vOdYLv7Lp)HS\%nM3Lus~X:A&s!7OkGXqKx4X6B9R+&Mc}*#{:H.3!E
2 FZYL0y,=syesNvFsW8@1)tckeT#Piqo_si%1<Q=@fy_dg%d*z0SFCIqwMO|h6Ba3tY(_
2 HIi6`'\t!t(;s~+;e.VZS'xE5/>WZ>=$g(SHHJWH?xbNw(hw6@m$`fbt0!Mi?%(A,Z$n&ZQ^T5-f<
2 Hk%\'=w'(L'fI7LhJ+yc'_;bG(2OP~l4'po-Hg3OOSPw%{`i(ZM.:$,zE=d0VRC\]3~>cZBoNtQxuWM
2 NAeUXIlS30IH*8"d?9kR]=6)iKgcX(]AbC1;k})9Hk{Q%87]P=JIs`k],S[}t9Yqvj-P+W/
2 Nye{vt}D)>;7o6A#y?%'\;)VReyb(-sUAtQ8%jv-C-cI`xAC!>\#]zqmcEb")!
2 P3o/|0*j"cDUxhsJX0.X$b`#V8kqs%j^8u)O&2:A0x1)a&RT5z-8](UN?[ZN`F-wVOG[`z7o/G4pL!h
2 Rsw5$.:e91Yc-/>ctDcrTt2Tx-[!&u>nUwFN:n<_s}@|qR)~d%QbETXxcdE]EbF}_ie[n&%j
2 S),D{S!wWhV]R8r<o^L^GgsbFj<,*a3f0IT@<"ur%(4iY0@'CL57!W`xtYWHdtj{"
2 \%/!!{;xS?iL,"?Hq|/PDu^B(AwCQjHjGiNGp^$,{ZvmD(kzG%E|Pd-:f"3m-f
2 \3pTwPj6:EG"Y5;t<p(9rAddCh(TADm9VxlhIW}b7_}osSdK^lcR.HQjLXYaZq%xCX[5*i
2 ^*\kBDN@/~oFfC4CavAesEM|lLIvoY"K'Z:.%$9([sxxRG=4Y]xM#`d*GH"
2 _Kxn]]fY'gx27g|bk2?EB6?FHOb@fzYG`mP>K82k~+86.54x`R>#gwIJVa;BCS<(;r^B,?i?By
2 azl4r/h^OUL_kw)qIq#>%tS:k59!D//#?x*~A9^+)E&/>.!":$Y>w-q}[+~!:H=rAFr|xk(l<Q[k
2 bBPz.f47CGgJjo-IFGj&Ty;n<w0R|qU`N&u\'*rcktHpdU;E7&dj;W62SA$$5?)9#A)!O<?$(7<P*Kk
2 cM_5ifnQWe?X^)"?ox5&(>kF3iZMcQka9f1=M!n?!Hvxj38_CqXrQ
2 c{|RduX`:lSn(t`Qc5JY>@\5fINN3MDvI[IIk<*&Dv=QC7[:9OXK$K~[~TLf(H1rQ]/"xI;BzS9
2 dq;^^5J9VthD=3,gQJruzhsH"lc@%}vh,MG%{-=m"@2?R='>f4N{{BE9JCXN[iQfQ4jNZB<[ag54@Ul
2 eTRIeC|K!m;!KDyThwg_D_B3yS@H\v&CKXkK6$u7p17VTK,W].Q<lsNfGmI?dOaJ(gt=&jS1
2 i+ZAV7JBMj4PvQ-~}boaVnd8ui!6XOzBYpb0BGln2;@C'fB&J2fJMQ?7aO#2N
2 iIWF]<~9P~LF}#?$pmAIb9G#GXziA#"Eerk]/&vy@C@>_x[j"{5dPu"2h{z*9{O}oU[9tl351lS+
2 iU>!3|S\@,Ez11|a^#J9Ee0'hDU)5BI9v"SD}(!XM_n]pkZOm%$3&:8'WtN$6ezP0n>Qe5Fo[Pv~
2 im#.B[a,k*xTk7/.,t>8=$1Z>cd`;RC&)2%(Vcrk)mVR<}2lo>@GAP#xN"Y$S{)
2 l+GpmZfj%C.zB@`S2QR,{R{*AS5V/PaLk0=.`?_c.ZCvT`JeM|,Ii(R+tfz$RvO>''Ld6)t}t+_X'K
2 n3zG-I/hA)`M]=d:)]Y"U34G0}RZSjh\8c>E-g.go)6ME5#hq[ib)}MhcJ*eDQ
2 n8]TR2^~dUh>KgRmTag"UnYMli2#hN*cT6.}X;6.z)`wgyF2r:6mM#Rqy[xJ.re/F:BrS;m.n{U
2 ou3+>vo18|wwB6O0^38L'0h0/\v$p)W`}%'V{ufN/yFP01_m|yHZlb}@So4(0ZwN<{t"/8V^ezK>
2 qJ#Ni"%={`/x&2Ysv_#&]*>wwL)NL@"Xj>'n@E-[x9UPI\Q!
2 s*T<p/o{?j3P9-h-zuz[eWT#pG#~}7I-Z8ILF9b!>tPp<S|7I4q/&aKuCNtA~?NZp2i"nn@lWn~
2 wo5E6TN$zG<\5]DOZLMOULx*a9HdTn%Lx9,/lZL#<h^Q`=;;$g>}C@]
2 z(CDK^ZLiW0rl]sK)(|Ni?$<4?4^IU$_\a$B@wmDi87Vu+=9MTg7sjSBD""lW?LN;ipt{x9e2jWu,
2 {#i)x9(R!~hL+,t]$4LPF3`T3TVIeigQ>3C|2}/=Z[ENJfj-{<|B.PpSma7ne}@$Kb<wzJ5o@s>i
2 }V1t(/h+|",GfbD.-f!n!;akrtJ461Ean.DyFuKk$gQ8\D1!;}k1Nv,B7=]2J?Y:&7eT(Vk+X>\5{
3 "%ly6H''O;0|x1=p)-?yO.@5\r5v^i%_mqZ?:zE%PT<I!XT)~s=i"\}rn8xaLZ:HQ#e0Ex[Xt?zy_T9
3 "kl|b8ziCtz^TYAl7(3+PIK3z^y-&D?XT~/8J2\b4a6sD1jUYWs=udP?\&fTI
3 $9i7x?cMGQA^N2x5^aNx{$M!i-e_I3$fel}iGLyQj26ltJA@@Y&[Pp:ddxy&f'_3~O4dXWfn~#9%TG~
3 %?J02E[=S}#L4Pi)<R]'|>&}{\H^aj@eD%1Ud'q8%/cR^hZ5;S;RpAQ)8x"x}AyB`EvEK$vP3t#,]w
3 &2y'l\qa#eiseuVa7bUFS]H$R-RM6b3Us.\a%N]'OGyO>k1nN!5<^vYK$FU{F.yVEy4J6x
3 &<M}8q]Qf++|!`I\3&YRdKaO`]"[YGVx|>2ues$gT]NH.Gxh{*fw%Tw-!X%j@b&rTWAZ
3 &cXHW'!8+6qNQd(];-rp3o{T4,FkiP_Hh5lD,4$un0=wY_!YJ1t'mRUk?a^<^ge[Y<dwo!P9Ou
3 (P@Qx-(#2e5'K!ubjy^/<5I-QG1W>7"EfA1_gS|y92;dL1a8EZ`zLg2F3:kGsIh8EL35g\2(OhDE'
3 )yq4LnncvMB?`rBddKc-}nluHEU,EN_MHR{0[j.l8OF4BhXKW/XT~<pNmC41\u:^NZ*Aln{]~pGMb~
3 *@aL]8vuEx%Rx*@<pl\MLPuyGy||iL|FWU>BQWd2K#uO'A'Aq_7wU.-7(D4,oKRG!o%Ra
3 3]w\\df/w@z1`2>ReQ\n-mHv)(`&TPh#I{x&`yNsTI%5Z]"[/]JUf-fnNbt#3w?[s8zo39?4lG_2
3 8>4L4=aFIgaB,"#+XV@!{Hb=Z1O?3j~JC31Vj-{4swU~xqEkr|,'/I9B*8K<-%>mpyTBI
3 :P2>ATZ&BBFg*5E1Btx1k~^N?LjF":~;%1rE~NeAo,*5Ah_bw6lI^h'bJELT3:^zPP8"_{(qj(m
3 :mpn1&KsX\u-"sN<gz7Vs(\NpJR/wWAL_3U+R!~FvtR3$;Oj6e[*(8q3gb]L/!_9d42BjOqZ!GDV
3 ;V#c%jQC')\}fv.g}M>><fCIA|1NoE)&<I/};_[[#8ZhJ#jHP*!1zHa]2t)~gsrB*(Fk(?MX#3=-8c
3 <Ho1{QuSU[E%l`-<-q,w]@GK>"zO?U`u|k'5=3/_aLLA&wy^WuL_L=R).pX7}hd8P0NQB]K$Dv_
3 @-v8CNzfh]Gj^t]NQULkdRJ<}=G9%;FDa=[%jp'mOgXH]Pu/&\6&/yAxKZdD#zH?jt7U7}sSK<
3 AbUsR;H?B="ftO,IMzufP+~rdY`#0@.PN0|J9O,s?r[f.[-y.O"KSj^u+[a\pcuIx_xWuMoaMraN2N`
3 BUBN4?w#'if_PQz{|`v|G*vA\rI<}Z)+BEv1LZi<]R*$W`.0!o,4wKo{)Wyp]>v1cK*g,J+]5GttS`
3 G@s%#e4q(pdmL%^A3'}h;@}ct,7)=*/Caj<`/0HuFghM;*;&PtBgr-e#9{EU&TwgYOHhx+^@.a(H'\h
3 Ga?4G~zUN.IcKSV-aw9"}q>G5^d^f'r.gL\0LC]&]?|8{ew;d!89J.*@!bms{*1
3 Haks=3#Dx<.0]u<)_L$]+x+XIPg8J}rry^zttN=K-dW'[]oeLhr8\!u3)VoI.4'c!"r0j1Z2tH:
3 J2(?vj1YziGJQlFvlqgf$S$1=D`)]-H)>OaPTqDOujxHWY?De'FhsIx1(t:d"{(Ze$6sKmCv{h:CNf
3 M)5mxZ7<(-Kc4=!g5K7;j<w!5V;S|%0JHDSA9ivA2B%Ex?G.i^bT5[nI2*80IGiy2ZtU7TKu8I1&sAp
3 OJ9<o5xz@V~E^Pghn3l\Tx:}UP1>,SFwbn"OsydG=\mjD=%>;wOL,<1+M!PUQWKD\YxK7>-nyG#
3 O{k(xb:CM8U&XL#im@l.|5e`v'lgtoFDl2ee/~)uRx{+E}tMY{uVK[8\b%EW0j6{7z{FQViq]FV%k,O
3 Pm'p%{Xu7MK.[7<z6:OK|kHmCMAY4CR}1rnOna_|gdl;')q9O<S.q$}jzuFcTz~;
3 TY4\-&!q:AH<S8Z}BVbAMeU-T4t/B5/1)\l6{lB7IiR7=G5^|v!dwU-L$<tFP>prz^)2e!PS5q)*Z
3 U:_HPJu[H0Ab!ubFq!+1UNyk>^u@0EAdx;GJeX&.g`+#WlII)mY]<mcYgt5vbM].4no*H$-e^j6
3 U`c{s\X6/)+$oZ8lcmUHNZ`jQX/XeRXjz.'hx;TjD0MLnkJLN-f"*B2[{!C&rXd<?rnpib]82
3 V2*/D4">zi"APK-[0g<\-Y#a^*h&+N/zyRD>eFuaJv#y*rIx&YmNaj+03mOwCl(3fUyB(aBxp+K5|
3 WJTS^tnth\-R~fO~f}y9l@*<G93kIpqM+UhP}~+yn_OBu,1^F!qNZ6i"h{m2(BE+8ogBx#CE0
3 Y$5RxPZX78mk6)))8.9r?I?p4cNdTsC\2=t`X~;>Q*EfLM*dtCW4'1?:tm:I{vAH46*:x]Q4'4\>W!Q
3 ZK#(R%h$IN.SN_?-=`~3UI-47:x~Tdl/J+77/:;qgbEQCc]_^\-O@9/Jy:1@$Q0g8h
3 [=cH]#g}T=((::6/:gDbj^2J|Jc[uQa`lK8Bg~@==bDp{Z~P\^NGW_pTG&4<bl{C:xAS?(!+Zs
3 [jZxivw^Lb/u&Q@z5_Vu(~l.(LG#NF=u>wL{*fP(.i84<q/Pl~`s9N"Ayc]H*yXar&]
3 ]o/o$3|_0r4e}OjS&_~!TE,Y\7vGfJ%E:MO|)p(pz)esRW1jhHt+*!,wwx`HILu]e/P4AR.Qpi_
3 _,zGmL$L5O_c.AM(>PTXTzXN^'QFkX]edYHl@KSUyN9(n!IGP9;%4rl.x>S!v1eui.|EXPyl}M0)
3 _Cj*nxAJ\]+?l-%*^f*]\`3$R10KxsiX7T|Ag>jEz0cyb6}CX!cXCZMc,_hYHD@8i~{SNJ$Rnva
3 `hE7eJ(Jy}:USXlVp!R{(g_zI)Aw^<LY%,p%U3iOK$@}v-T#GB~O*xdl<&dyA2T`W_d.qN\=l{U}C*U
3 ad>-Q;cGvR{F0a@x5#sFJ8S$]x?B-1mhPNNn037'~3g0sBCDD7i)iX,GkJ%4tq{_ZJO&veFv3.AAO}d
3 dB@;|n*JMl}oTBu#FvQ.W.esF!z[cj4H-m|E\A*E.)5bdE~,WQ9/x9=?986{$I^JQunI7x)_@lb_y*q
3 g.rG2_)X6OJBa(XEc<=(FAU<>bE98dH:OV`1b(|DARp=A
3 g6fhYtRZ0xD\mZ3-t^4^DtZXy!YCl{cT2J=j?*_h>$_,xqRmjeLIu'#+(:Ihz1`nxy]4PUj^<Wl|WF
3 gZB~2O|b?mjmR[8J[3gYf1uU%_]A(!\nZ}n'M'h'sms`hsSqSlT4~&yH~)7mnzV(:DqlB%;O+@;.N
3 j3jmT#5$HEH7}F5e:^.b{qG1jxe8OB,:n1C^3q{t8^,6%[z>:);65{a!uaR_?w
3 mLH])upb).hqsIC_^Yv?Qs!tk[l^&)e.n.kv9FxKoA$$)R;@Z'`q4-%nB(\kjrcC_ruRwAdEkkatY
3 mXTo!7SlRlMl/v.`L'Ya/0o<[@"i_NPh'?XAUF/C3u0[lW=Sw15'@%C6^^~?-i*$}%fZ"5?G
3 mY|bo:f3N:;;::%f^Ju=M(,xsTWkZb36R"{c"oDj\$*gf2rW9hcaH6?{k|NC7o`h5%X:;})
3 n~u&7`c6w_T>x_;\#@u!jw6-!-60H@,R?<wwbOt~Q-@~hy|Zw9!j~fn{"ckyMY)4W<F:j;TVasUK)m&
3 oeEh5"JVtqo\T]}gr7d#oS>j_f6MCr"Is-2)/vy$hiyXH3@Uc?qS-0Y(2nTT{o8o8I4`@.}8oR
3 rfC]R:\vku<?P(FeB>W<Dag<1GUS-mx;T<w'on9v!TPj[uQ|4)Tq%V.59|#Ejz_@Qr`\{xS{M$g
3 t&V;'>D]dkNXpEXtm|m-#E.|FAV>y];*c,_iI$aH*J!6*r+vo3?qXf+9B`VWY,`W7#1F,.Q}
3 t/Z\bBsp-a4j|OXTm?$**/}&(8'9#wZ2'6nhq|Z:x)%uW\eE7$hZ2gyS:!(<wag92p#%)v>"
3 vYa@]nNA2/~&&XVyYL!59xT[^|J(h[`yP\:HKhhvv#|7ZSK
3 xS[GuJSy"`/:xKxcGs>3"~n|3Byz_{?rO5:E_(?z$g5{3H_s<9(=Ru;dSOy3KS'yhZY)cYA{{2
3 xqY(p^>z`_Y}OU{fcX?x"a?%k4WX2Ed+Q>L\7jWvdL05<,6mjYUMLHHv&@Ux/kr<XyoU.g
3 xrb;2zqY2Fkz%l@{IRAU0R43JV+^?H?8U<Rf7E@bjF]+q/R^=~&_31?w|\b]{V9\TE)YanMWt
3 yA;#wo>0o{d~v$x_mDM@/@/=onoUAXRyvpT"ar3T~yL=Hc'Rr!FZ+$Y!N@Mz!iB_`$C,g
3 yH)0#2XO&4PRaViK<O`A@b*F}P0LvBTp%wAm}:?z}@f?'u"6)wQ8EkZ&(Ohkei4sjp
3 z`yl)-^hSFu+2jGq&!@[fis,#)nIwH..)Cy1Or5=:+HK0qWFEHr=F?;V,{T,Q]kp2Wx_w
3 {G@lZ-o$cm"5g:&vm%Bfp&S9M%$4w\</>[{w$k7ft87<w[^$pN^I
3 {}LrRMHyS+_]!@;IlLqWW=5+Lg+t2}6_<,#2}G|[N_O:`bNMI@&;w:E^<OSMg$H$0JP,JO8g_m
3 ~T3!QQ@=dv1vVt<(3hdImV[R=j"X2pXaTON/fgRX#8cI4[;O|d^ZYzmZ2,vUCf3fpTi$tV_xGLE5
4 !K81ORF("\ItMF@nlGx}aSAg:blcsn}0T6@%h"F9IAU/1>YU|Y604"!k]h~]*a9[i$7!9ZE\
4 "qOAPk~2aBd3V,nu9$%-DuhMo'.i<DP"TvkV)Xjiyi7kt@a/D!Ug1XP;^w?z<o{+"<|9,C
4 #/bVE>~MD',c7+Yv`_G[I4Cu+hjVcY,eg*W-GVY&v~i.+]?&Wez"4?v?(^!"Z3|L5{&&e
4 $+2a*Os@6gja%[^0d{`8[FCiJ,}gd[iq82xu8O^~Pni'
4 $B|-4FuET>c}gX/.I>dJ5x8U3<\njP;$MHA}y-9[[va<3Nz_Amn#,t36wk%|V@"$#\<{$T]~cc(NP
4 &Y-x@Xn0\hm|omZ^bXghAnQa|@V^%|$Dp1=1h,AE/IB97{vxoy{Khg-!Bb^Fybijr'7VpLIC}
4 ,fzM%"r8&hd$Tjd)QuE9uNW12h*{6AqA(()FC7]I:\L)b214BVMR?%Qvp#HH&!`q<x9v!@9:(AEU-
4 -1Ahz&<}I[ytTMkd-~$x3H9O9',!l[&4l`|g!S!IJ6X}bD|n]!gpbYYYl_il-7P;%\@SRv&hFEmAG
4 -6!RU`M,ssF>Y|8qXQU].4@Y?@Qy:7(af)4<$`bwoC6#PQlyCQ`>kL'n0x&Hd<-^h9
4 .gch\5<a:3)\Df+jLtG&ID!l/kb5RVCy?'b6U}voK;fn",tg!VlcylPCY4XFizZC<WYpVjz<
4 /VhJ"{!Y2an8YE'8fl*X90k>TJ$d@sQhd:MePM@{IIN>0vn9'=/8x_37Sk;"N48S#;k+
4 /[=aS-4N*1F?h{tg3m_+MN]h^4l-Wjfq[T`utgiQ\%D]qL'xai7ic[mT$k'_7Vv.[&In8;K~o$MnlZs
4 0v6?`F@'sC'U(8VX8#ZV#;CLLE.#^^tGd5)>tb]`GJ3pb]5x@{;jAI
4 1*f25,JO'.F:M~vAtL9"f-&lL$qYWdC-edI;I4mVE!MloD.d+a!-m43Rs51_8KH_N88Y9@1/C+JaL]r
4 3Ja-D?i{DIN`$uAURhpVj~_9Ln[kz51trvo?kK*J/W,2hf#;PrpU-P)XY~Dn4o}A"m_l90;(X
4 5/~|N$KFyfTS]je`W{afNw]UNLI*[%o,NnC{-mBBo1tM{tHm-*nttC50Q5Q9T
4 57.YW{Ip[sI/-8x1C$X1"H`]UVyS9WiN)3B_/kk%_5M'fG7EdooeRj]BBXuZJ_CSqeM;k(G%!
4 5HL48#|k2F#J-u{ZX1Hbo@|0ZF:e,xDAU\2i4)WPwj>+d|`~cl2s[GQsT3!/8Z.lQ?VdHIPZ4md3k_
4 60xAs%K,k|+\Sf{<J4<X6CWhB1<C3+vdzU[i&Tq/pswV5Ki]htfqnJM#RrMRu]3P[u
4 7h`U>'5;ph$o{NJ`qg\TAGJX{zV+N<yy)S5u'wJv`g"]6K>CM52n\un4a+cqqe
4 9;E}kmZBJ#r?MDfMXXH+|@U?A^z*W;-pVk*BYc~%fqCNM$GZGaL8aeFf_$|kQbRMw+"<C
4 AKgqh]~:t11s?J)@%'DJfO+b4Io~}m^YTGe=%ep4u")5LKoPk45RcZPv$@wlxdFr!](ux*Z
4 Dzn{]5x|iRXHMa!h),?tOzN4yl5(J|>m3G%o[8(`hvxQn4c4hyc9M~3('[=9bP@e\'Pt9Zz"ktlZCP*
4 E(tkRLDhg%PD50,#G&VXZ;&j7WJp8E5\L*8U$#L;Kr4O}Ij9tnBGWlt&4$5d<.qVmEF-G-LjfU&#QH
4 Jmdk_{pT8#oBk:53"O*8M1jm\yYxw00\|tHvpTeCVUd\*ynEc3\K]bT:v.4*=#pA'pv0&g~Bv/
4 KL]Q)Zp:}fUCi}"&1^CVP(giua+`+e`UL?'T43*Lxxo|w,>Ci`xT#zYw\cpltX1E-t
4 KkU7P%{DB"k&<@n/&qY?grr40KmE~'[T'osdUa#={!y{bEpp7w+Eou_Ka-TQ
4 LJjws/n3}y`)W\5E9VOJe{`uDh#hW2&$\+7j?k$E%es;wVX8*?Qk2+<uQCe`&X@&'OZ1@
4 N_{7@\]R3.4))I?xX!-cMGCIzv9>kC5<si+DH>5g_(Ry\oYb!#tl4oCI#[fm9~b&Ra@5Rk3uJ@
4 P\H{4YF4U/USfFVTJy,e}.D!7f,|c*z4e^K4R,H(T8Z<]KoBy,AM;7J~F_h"R/A{~<#+2K02r+8vrkx
4 P`yJ}4@<wePPgM'uf=eDbhX,Yu}1+\#ZF&)8uv+{S;Sf/Qk0dFci(4"5SqHnzI%8%],K
4 Rd>R$4=sio-"T@.|E*I<M2Km1iV&ug`HM~5PMQ^7[j80E`.jipA7#k@Mpumf^NIFg]u5/nL%t}5:^\
4 R{v-&}MqF?WtPC&B'rVmCa-se#C@T`G";A^ZY-M;e?0P|Or$\cp~;Zwv>#3x3nM>|)TR>nqB;
4 V*LZ|`ry,D?;}mi&yP9j?@)/}HwHc}-TBs/?n<Syyr5xz}}0O7z)q>7o!/ScGy8imaC\8vV3%'Fk>
4 W\!|uFna^|[3:5ekJ|n.[:_lC)>V18qgs.<d)B"0s4)RoOV2`Qb)G^>9q&PC{T.jG
4 X(O6(#[]i;q=Hc[@2/06ixa^'17lDk=ex)0w9kU#'HZhF6)W^9)HLi'RyX@XDvXW:hORT@Utg0^
4 Xi9,%X@3EMF};F0eG@PT=0Hl*O'p^[%ir}U)^P2/@NV)szs=O@`t'Y1=nCaf~ej-}@Ow+`'KIvmWra
4 Z|hB+EOkDW?498d7Gp+kZUmG""2WeXe@UN|zsf"R>Qa^e|exvo'jxZEUG7
4 [{Z*<_d90=~/bvZ8\CSSabjm@K,!I0AKGznbtS7@o6Nl-C&%erqGp\O1(ZLj&l7f$&
4 \UoM}5+Td7;X.%'ol+2lN@zVh|0(Lj?)Z0os^5HDLb{Y#=cna1uJPq"S*KuU(pv}h\lo@t[9bI
4 ]WBTxaSk+EqE]|uieGN(?$4Mt`=,Oj].B:{V7OBA05elL[p2>ZSvwfDlb{42f,?D4f2b>iyK
4 ]_$b&[);~DZDI9GzSC]mp_6gVpg0#I!y)>\IydcxCX>'q~"_B^hMY}O0o7Y-zZ'>w}fq|dkA>DGJC
4 ]b=&':wIr/SqAk;Rnqq5;F{SjP-Y`SU>6-]<FU!9}~K4Hch:>3X[r4V
4 _C8A]!chYX9nBf%/z,Y3IaE+f5f}L%!1,^BMP[s7eT=KdGZe$K#,^an`bftB^X^+
4 _kjMoKNR[wmCaGG%gmxjv}_HwNv?6NO0::v*!_vuWd9SFyW.#Q34iq\{[S<,"&;VZLytFpj|o>j6Rp
4 `BFXw/fAsp`cDNr?h8R!u;)xCU{{vZlW{310[2jO#K3axA;{Xm8iC@|e0ya'nN^&{*5WU~vt(S$)4fY
4 a$6%;pb;TK/.}|O~"w5-kGoNkzO;{gp]jAa@2Dt"+$IC"3C=+WJv:T_&iI[.&!>8X8}M2,W}5v_s
4 gsqLc$1!)jEhS|k4)d@tSFu~nkApubgxVYE:]Ue?!re2Qw7p2_vJDS'*f&
4 jS)fM&B_YWE`<UQ)RZj13>#Sm_O\lTCQ?3pDK&wR&<C\p/!]$jmQC+%Kim(pCJ\{vhZC
4 khKaay&,fHRBs'@lags_6``W&-edS]{ka`Z1o6l7A<7k5Pr1TETEEfZoYTV*3ey_]nC]5_^=x6f7;%`
4 qRu,Bt3j?=<pKVF=[7m\A,j&&&6_C"808k8wrR'|2.?k@,:7BBr|M^#l}Sf[T}'k%>c3piJ#2h)ls
4 sg]XH65Hu"D+[0pT&^L|N'q7&t<v<oN0rXxTAZcOw*PTlz36%(t8k-(@Y:y0KG}*!v][Q\+jCggSla
4 x'"/pb<QIuvq^|0nMWJ?fP;2LKzee3__S{mDxE/H*#%cSh}.f\\qP5MTryL+'$|\(]$ZMWyrtTw8%
4 zf8+Ye+WO0+UoDo^h69_L0(4sFXH/B!**RN|8XUfgyVW?`7Bvi#CxDp)%cj3'j<J=iGn\7pE2a7"P
4 {'eAI!ICBEll8vAhbo5Uz#v.RmUsGHnk&T<c>]X/kTbhkjXiUP</*uZ`]j"=}h;<Xp
4 |,();nDpvNm/@h\SCoqe(.d&[8
4 }Vl#>pR{A{)]^.47hhVm~HS+`w?=_I!wUE*(}%Xf*evd_7F)YW6R1i"qI1FiLu{<U@Cn_{Uh
4 }f-=7#y8]C1(3ls^"Q;W`mM5}OO6dK8LLQn!@5ZPRFeXZs7[EQN>/ONSlD>E#%>LO=Sh[4q.mjnzG>_
4 }tkhAmJ7@7I_H'urx[Q34M0)&qX5Bcy%rL1kJMGVp{Pyka%QVBgy<CE3E>a#<uA
4 ~{N;XWH~2V?5VRA^^&f+E_LWed@;&>A%U*Y.z"G.Xe\/S|(2$nVbN=:O#si(MEF#h~Jd<,-/-h=_+
5 #@C.>IaAqVS$c&ohT-=2iz?EH#AL$c0q^j>h:r@E?V:#v+jeQ(vU=P6dRV2oU[a4N#s=qe"lNcT{
5 &#P9Z[%wER:"F4T8Y2"gJCG"~{7$/qIN/x"hn&zNq5O8I?j#P'%yIKzca3f+?0XMCZPLyKyl`c?D#3f
5 '4uNL~;BH_3m@zN(]!$lunybAc)nA,"GY3t&2KHsEE[>5PK(:GScuG<ypp\W'ObTCny}%R5+`7I,~
5 *;\{E`HR4FsQ9n&&:P|t0K[Y;47i>WGH->^k9'?fL38d"X%UC#JRM'FgT]k-ONn\'Mb@S
5 *x1AX]#X0J09wuv\zX.4h&.1A4,aTEb}("dz.::n:[eQ[EDf5O5%okywcKLG[fpA:Yvsx8,3rp~0=
5 ,(6WHwq`FMr=Qs"_;Y4<KI9E}5HGn?5sk0F%t{+fZ6]9i_YH?08ZtS`_29Kq1_!{*G!}],e8[x
5 ,us0{:I"xr*nQ;pN||KmwFUEVT:M,g+@_D_t3fEk!}1v%d$y((x!dizm0BWG#9eUDk+7]3G7]6:
5 -7NgDcN*~S#hIld^<#i]]CGVk6gCHp/~.zV5aN."4Hep7b-ABJO.>^=otx]3xl2'g$UcQb~~E
5 -K^Pk~AZG&:66b4I>u(}*H@\AD:F{4R>jK^!iPy<5`!{#b:HD%56jbKujSkA"X^k%='m);*=6ES
5 .)W'UI#J``V1!L,>eNs6}o2}!sj`3}tZ'La\0}',_v~]X@>H@kx:4;\&`4FAn*?)3i"]Lcr
5 /"-DPLM4'dE=Be`l`5VpR_}1Hj%,KHD#|,Oz8vX[8eSePcS~5a@zP`b?Wot"jSp,DmOP#d7
5 /ugFEf1;gB%}=H7T2O^fEv\3+p]v^gw)wyN=lWllJ{3'm]5F9cbFB6]iZ!_
5 2VcJ1y~gG0-?mk|J9;XH27}gbr]ZnkT"\Se(M!*/06M8#eaU;T8fkPNh]-CMw3
5 7})\47kD(HDV:B_RlaJ[(c{{{p.r7N4{<c.&>pw5JXTc[07b-zXNyoJu`rh
5 :uh$'T7NFo(&UIKX=/lhPa#OvsrWy2M5N69Zl37N.r%tQw24A>:$Ims(|f_v3GFzvyod-(MT
5 @vn%hK+~gBuO]bfFE;;;MiC^tLaRB^]aoLeXw+XyMhIEKJk,dAFLE$,;j((Ged
5 BiXigj`D^0Z):5@\pGlwieWtA0S?6Mp-bR=0/%/YB:8G+zn!DT>'D/%~XW>n?Iz#{RLEpZ93/QsTt
5 E:zq}`fEf)pT$CZi~@=xNPz7+J"tD09hc4[b0\(ud3KgU&ko_Ch.rc_9Iz>zoQ*A-3v[V:HaR
5 Fot="[4SA:$l,5VJ\6S|.cf3]=T-&d\H*7<3;olC}G`L<:`n_0u
5 IokK&J<0Yh})`[1h)v>#S`c0sn;Y>Rg!+PQ0ylZSorvQN(:V9qX'lW6``jT~>=~H"NOs
5 O:!8v;C.V3}gkJ5U{`gh+R?sq!vu}%tW6(`GB$TwPmyWRJGh+/QO{+])Fn9Ds.6*6ukq4@&t3vx
5 Q4KKKA-slf}izBM-1O1`}CZ34P,0Ty{Y]#)H<AzzSxo!o=4`n5Ms#|{fraygm~[1pWO/
5 TUn\yat*MNw2k\Qy.:_afELN~H3H1jP!@YvT<kwhTo6[LfUs<5o=t<'s}9W0>(0]a'M|322.@f#*V<
5 VJvamreJv/ev,!+xYsEeucHgzVRYM2y$u,ecv"3`MnJ:'U~aKieq6)"*P\>m7.%:f'BiZ
5 Vyu@<QOjR<QHH|!#Pwy8V#yRPFT[!3UV-fub8Fhi{:3D83`#Eu:{wNhbt=XtO.eus[s-"v19qqu3;63
5 W#G6%Pr`K@}9k.cd"gXS<Us?rxc))a,_~m0$X=}%w{=cD;H`#!4XUBvb;t']WLXp:gsZ1+kL4
5 Zgo3PE(moobM[(f'6|r6ohe<Nz[/]lc-l!.W`5Ej?B86I9<xP00@\?P.tZ"\}*4vlB_pl
5 [-6cIgB"RhV[4T3^c:)MD&Nif5LE\X=8~lzco.\dcm7.6NO<rD-7PAsl)0t/.4ccb.S-]/8U[Q2P
5 _,`rKT2j@G&VhfW,ys0upB!4qcnYS<-3Gl@rAkw`M|f++
5 a0`5r~Y;f"#V*R>ig@Rs6<VXTz+PqQTm`6#T5u*zv,k<^D&`dWT5.,mbAw33d#!`T^Gy#<7`%H,-f
5 b3CeyqaG:[<psCZ7QW0vd"Z'${:^.B0Q^>Y"s>J>bSI_$$vUZAfZBA`EXy>!VhQP'E.r/6su&
5 bW!~:xD=~N&.I~ylW_MM[w^w-;A|Bk]?^w?3qbOpKU9WeN1kuWImyf6p%>a9Vfy!`'rM
5 bdo1lMK+UA4i>oN`^nlzP`.`fY,/Nj>1P.[Wt'{JaFN:7r\DI3y9l$=k(q47Fw}=>F~Wt=(<'<LC/)
5 b~vy@l!f)Xhc]/;g}g>/GHj3%g?'|k+yk#sF*s-LL01DYK,W3des-kBKS`Rjf\eR^sx#h@OOP_s
5 eTM]fBIT5/5iZvRy#vN~@2)#HZ~GNYr#)WD2]Z_ySqp$w4SU%Ai2tq4D7FE*YVrm.
5 g;\{bl9A2/P=}VxvO.'5U%>Uz7Kg.UL.K~yWK|M8stpME%D/#&e`9r,-s;oP/upvxITH]ACDfS#{2Zc
5 hPQK<M|ZdN9Pj|4_]~=%m4=bfvU]{{u~fGJ>/G3r0e]zcpt[pL_^_|[G/K?+b5*cum"%P5w_5otwa%T
5 k]OKZ`yK@=Pu!x/<ri2t=']"*Icslcyv[d]7EW{~/filfnlQpk8;14n{]hW+$C}sX[]Ys27[S$$
5 m&lC%h01*|Sz;g$E*{=[+Y_k\]RZhD$SW*(y/}S44a]msmF]x?OfMxYmF(5Ip\|A2o3~8|2ltrfxPx
5 neNuMN~[wOCJQ)FA^zXE"Dsi";-NMY7<?!hp'|8*zvAA?C~`="Z^%GCRyse,X_9~*HX7vw@q*z8yy
5 pTrrly%M{hs-ehdu2a"Q^1G%yeA.E*m;erMj;T`r^Vz.CvT0I}xZb^`\D"%%+q?o~FhjWr(ad&q
5 r}qkM29Rq:k,n+V{jUdPvo[;%{$}x{p(ybra/,4;_]oKS,g@E|CKv%Tub)UlK'`EFlCe_-fP00Y
5 t#N[EFI(9Z5p6\C+({ymWbA%7&h?.E-]Zf{ESq"/0X4qi!QZWcv%<v|[Ku%c6|k'\a&>(+o8(MDpgte
5 tmHS`N[LC]y9#@aDXVrclO'2p>F_t)^%1BW-oMXN,mf.HIl<:_~'0AR;^w5m<srLPdr@3I0j
5 tz:B]'{jaJ"p#UTw~&u,<Ns6>YF:L/K(_s:YIQF+zG687&K6EA\`njuHD<a+dG3D;L8~
5 zxuAORiOAD\=+"'"_i4s=KohiR6EXra`vRJ3e;Y*W__Uak4>ljAXLc[zb+s=hU}z
5 }^k*B'P@)d!o~DdNg@Xmb,k-X,dB$&}<}iE@+tz3s6=ss"B[\5IYA5e4ZdUx%T5>Xt]c%r1x)Nl
6 +?b{_PKHCr@r$h4`99*3sQcvL:PlNjJXDGT%v:f:G'HK*uFC/iU=<:5gm~o<iT/'$c
6 +~bmdV|Ouba)J%st<q5>pL()O%$o(qiL,fTo=k.q,7nu:^<"oi#]l2"=]u9M<"T
6 1e0!_S$(`"fxJa(8'hC0]*ybLBwmbX2.XA.8sKYULAhv=oI^rkmz?(G6IclmB
6 2TJ\WYjOj)Zr_<,}BbyRcb`w*L(:F0vX~A5V5:&~B`-<79g{$x0q-kLt(lsm!M:|D,a#J+,VQQ|{[ew
6 <@lV]_-{,(c?N#S2*fY<iUut)<b,$kb$24XOza"2UB)(a{(qjh-T>=IaX,(v3,D5=1Fa5yD
6 ?8wrC8K|dod+m~k8e3WP"s_I{$tO`eeLiFd7;;dBdH^lt+DN!<TD%Q@S9D2bwj?jfc
6 E!{66W{8G,m\zEQRK_P}7y<YD5;daR-Al)V>ymoAx]8/=$`hcL"5`~_FDjeE[:u_\4_^04Jh
6 F;9itnOcW56Bp@-m'SRaRs<kA}q'#r5IHMMWV7;.KkPWFv_LJL.{@I#`b0gd=7Hd~t=U-qcq]Nc2o
6 HH%2b(<e.`4h~aRU*}ZM<9Gq<lVjY=x<!|Nb@%IMdvP}Y$T|"Ie=b-/94!?(=8^=O-;n
6 HLN/MGpxw8soSN\DFVPCaWA;'CmRgU:0"#Xhcca[zoKhXB-}wv[sO{/oZ8B\(uk)wE,[)(7?v
6 VGuT^~>v{es12iz'lvIxj-(muyKUlB5#KSK+si$nd;hScFz#D4+`KrgT3-C9>En2=$]TB*h?]
6 W1'jKWV&s<{?Ml4$tFks+YJe-#jHZ7_MaeR.W)MK^d&FQ9J`y6T%+:%QBB1P^H6^k}>L
6 `SK!MsecWHu>R5g,{+!LVyv,IMN)G=dwUSOyyjWOg3PUOQ5-A?.yssAWA*y$F^66ZQo/7
6 dlEGi{"5f[aQZFs(Vdqb{@ps0pm"6YJ5`*u4{Mb_S[rLbke0K&OAF.cm^O{k57fNP
6 e@5N/2U\T:7Il\?(fEHWV+YOz4/P,c@,?TtMeJ*T}@|k8W.}7oo(5JV0w~y$c:I=mXl.#f(9"l-$vc;
6 f#YwKl|WsjMmQ#ZrQ8v[dr~4"Zc%E_p,,"dxqzy:yulmyAX9JX4bA]=|o
6 je:Tn39vOX[c5(Rt_Ls(X]ctdzJ|XyzA^Z,%#zdB;ywY/URO4}Dv('=?mP7`d2"]'GaC]Fe3Z]kh3X_
6 p_n;q}n\^!OZ59U`.d6ESzU&E!,SA{ye[$;M=DD6Esv3&n#?Se?5X/~TJw^Xuo'0:1C,I^E1"VCBE_
6 q3Q`RX>W[N#~Kpy!X|E{4{X?U8E3t2,fDvavO;h+hj*N[?NOV.Kj*$DxU$FJ5QLLirOF+"~
6 y{.S.Du2|yxgZWa&3i?a*zmjheThWc^kyk@B1PSHJL0%?,DQtc39x;${;Dl7}GP'6~G6,7v3M
6 {%V1^qCEBr-+4>,P>ON'BY_9q,CO.8'E=\UzhwZ8.`~2WF;V&:L+iJdRs/pwcSM3>XR
6 ~5db3J7%V3{nNyz(B1eA*LG{sIcPrJBq^(U,k'0CS-L<AHC|rC>{*~39Iu]]"QT.cGY3HJTr^(2yB
7 (@)Xyd6L2]yTfC.yz.A^tg=>ELP[&1gGjo~~nPe;H_?1u=rQguG],xR`aAcw%;;\o@*H
7 )|*e`fEZ]k*9&'E@,HX/e{pqjjj7"}r(kqqIsTD%%Z%\7q7BTnk:&\tx_j-0.wW0RTjEA3L3ee"RL=9
7 *R:Eg$~=~t;j6i(2k5?4`9V9O&b,g&(,3q(J'Fx&sLVc[kqdx^8/ZH@[a-H\'m_:yfc
7 -r!1h"l`ijGSo9@'*b+%?Cl]R_K#M!^/rxYuzFqdK98;QWB[TfysDfkv\)\X`+*:$=Edn<cH%#]'$
7 P[q[4U,6(pNy}Hr:y~Wo%2.9c($XyTkK1]A^Mf0UW]OoAlTavdgaQ1a>x_T356qbVTyJ1UECh#]q^E
7 WP*w,+a;QcCZHU#U|+w2UH&idY0G??Pv*t*6:&Pj$._K}a"zk4.B[MF['U=_0mp9|yh7:S=>
7 _Cb8CK,sI7&a74g2Fez;4:DF$_>jC2x8>7RP+k'den#2c!g--<=,Qf3S_%yXC*!>q?en&."1Q$BP>
7 _p$hGe7d~!f/j)[JN]4gBw$M%2Y(iSlIDpL'pb&,}':h/t3vl`^/X|uv/j}3>'u|2B;JM(feX
7 gyHp$XWx^fNk}/iadTO/qxYg;R!R}.!`)$7#|FprHY_Fhc(g8q1Djj1-.gxehWs7PMk{}
7 nHR]f\vj.3tBDP5<RmLm.^0/]F<2yEE%R<NNI2W7HI^A!G3cq.k~'6Hd!D!;
7 o(]Wf[&oZr.C<5ByjD}H<An%J&>8'Rql#V@WYepsp3_#C)%-o33M8kk{,D52vA9x2XO2sDxfyK#9uK
7 p7UA06tgIT>@qw6qbHB+bh@r2_9c:TUE'Ee6tZ8>JU]VM.HKo&oSm0`:+x|^gl$m3h>(]1vF
7 v+x#.N4F;PC,-7@'GGyh)Y+HL/j(rY$ic{(,e;edVuLK%lyQu~d!vyC+ju?Roq@h[D-6
8 %g%i.[H;.cB<MD|;l<;<8~C:tz?yNPKmROW_F:5m9VDMW#y
8 4N<V3@K(uW=Nb$UjSs)C65GaA.6KK"&xO[O{Q)1xKu4}&$*KwsX|I0ZD{\K)CvEJxWXIU;O
8 5w,^h~>8G{cD3XFOVPLf`uRRv&uCzKrK^}*G|a^^]]>+
8 H(Tl1'B<n?S:GKy$8n6M-C"q\Lf@Y0"<7VCa\d8e$j~eQ4hh=}PJ\RV9}WrqfsI|JkxAQ1'nYq:hV
8 Lq;t;\.ks@~}:zI=bU=&S7egC9aAC_QEt*xDleA?bJlT|T9sh~'Tfg>*;~d^x6>UM
8 fcTW0.w~A+)l>"vV4=sqAnjup"O$]3v_1KQ@rI?Nna;G}M8Li,>,5D<@EjD#8;aH!3#.v\[!X1G4t
8 kLx[S]voZZhdhipGTd^{{oorBU`B&D~(5)@<m(4.w}*)6ur1#d{!1[CIx9p;'3BoFGcumhS=$
9 D3GdPA?Tbz*jQukesTxk}JwR{DUCA+0=9q.q@>_210N30)KtUdKLhjAx$HRMpzWm$~_]XZnh
9 GL?LC_]5wei8E%CwE?.,51`|g&A|dOmXvMq"qu6%[:<!>y4|9A)hQ%eTD'Q)V?`gllhxb
9 I={C9D}2:fNqF6B<Ul$|q.7,f%"(-ZGFDFTaGZJ(\~DqWH'oK8O_7:7HX8id-KFj
9 k<msZ0[4uNYZA7Em2'(Oc+xJN59yzk)Z2I0A\`nm0Hbj^(X,/yZ-U<K'ol>%5C3uR.6g<sAy2
9 {P4p|:J;UUe,z>d%;)i6oJog64Fm[>5f$bPkySo^>8/|#8b&'vS}Kn/BoE^cC&Jl1tO{8hsSiiiP_4
