0
0
0
0
0
0
0
0
0
0
0
0
0
0
0
0
0
0
0
0
1
0
0
0
0
0
0
0
0
0
0
1
1
1
0
0
1
0
0
1
0
0
0
0
0
0
0
1
0
0
0
0
0
0
0
0
0
0
0
1
0
0
0
1
0
0
0
0
0
0
0
1
0
1
0
1
1
0
0
0
0
0
0
0
1
1
0
1
0
0
1
1
0
1
0
1
1
0
0
0
0
1
1
0
0
0
1
1
1
0
1
1
0
1
0
0
0
0
0
0
1
1
0
0
1
0
0
0
0
0
0
0
0
0
0
1
0
1
1
1
0
1
1
1
0
0
0
0
1
1
1
0
1
0
0
0
1
1
0
1
1
1
0
0
0
1
1
1
1
0
1
1
0
0
1
1
1
1
1
1
0
0
0
1
1
0
1
1
1
0
1
0
0
0
1
0
1
1
0
1
1
1
0
0
1
1
0
1
0
1
1
0
0
1
1
0
1
1
1
1
1
0
1
1
1
1
0
0
1
0
1
1
1
1
1
1
1
1
1
1
0
1
1
0
1
1
0
1
0
1
0
0
0
1
1
0
1
0
1
0
1
1
0
0
0
1
1
1
1
1
0
0
1
1
1
0
0
1
0
0
1
1
0
1
1
0
0
1
1
0
0
1
1
1
1
1
1
1
1
1
1
0
0
0
1
1
1
1
1
1
1
1
1
1
1
0
1
1
1
1
1
1
1
1
1
1
1
0
1
1
1
1
1
1
1
1
0
1
1
1
1
1
1
1
1
0
1
1
1
1
0
0
1
0
1
0
1
1
0
1
1
1
0
1
1
1
1
0
0
1
1
1
0
0
1
1
1
1
1
1
1
0
0
1
0
1
1
1
1
1
1
1
1
1
1
1
1
1
1
1
1
1
0
1
0
1
0
1
1
1
1
1
0
1
1
0
1
1
1
1
1
1
0
0
1
1
1
1
1
1
1
1
0
1
1
1
1
1
0
1
1
1
1
1
1
1
1
1
1
1
1
1
1
0
1
1
0
1
1
1
1
1
1
1
1
1
1
1
1
1
1
1
1
1
1
1
1
1
1
0
0
0
1
1
1
1
0
1
1
1
1
1
1
1
1
1
1
1
1
1
1
1
1
1
0
1
1
1
1
1
0
1
1
1
1
1
1
1
1
1
1
1
1
1
1
1
1
1
1
1
1
1
1
1
1
1
1
1
0
1
1
1
1
1
1
1
1
1
1
1
1
1
1
1
1
1
1
1
1
1
1
1
1
1
1
1
1
1
1
1
1
1
1
1
1
1
1
1
1
1
1
1
1
1
1
0
0
1
1
1
1
1
1
1
1
1
1
1
1
1
1
1
1
1
1
1
1
1
1
1
1
1
1
1
1
1
1
1
1
1
1
1
0
1
1
1
1
1
1
1
1
1
1
1
1
1
1
1
1
1
1
1
1
1
1
1
1
1
1
1
1
1
0
1
1
1
1
1
0
0
1
1
1
1
1
1
1
1
1
1
0
1
1
1
1
1
1
1
1
1
1
1
1
1
1
0
1
1
1
1
1
1
1
1
1
1
0
1
1
1
1
1
1
1
1
1
1
1
1
1
1
1
1
1
1
1
1
1
1
1
1
1
0
1
1
1
1
1
1
1
1
1
1
1
1
1
1
1
1
1
1
1
1
1
1
1
1
1
1
1
1
1
1
1
1
1
1
1
1
1
1
1
1
1
1
1
1
1
1
1
1
1
1
1
1
1
1
0
1
1
1
1
1
1
1
1
1
1
1
1
1
1
1
1
1
1
1
1
1
1
1
1
1
1
1
1
1
1
1
1
1
1
1
1
1
1
1
0
1
1
1
1
1
1
1
1
1
1
1
1
1
1
1
1
1
1
1
1
1
1
1
1
1
1
1
1
1
1
1
0
1
1
1
0
1
1
1
1
1
1
1
1
1
1
1
1
1
1
1
1
1
1
1
1
1
1
1
1
1
1
1
1
1
1
1
1
1
1
1
1
1
1
1
1
1
1
1
1
1
1
1
1
1
1
1
1
0
1
1
1
1
1
1
1
1
1
1
1
1
1
1
1
1
1
1
1
1
1
1
1
1
1
1
1
1
1
1
1
1
1
0
1
1
1
1
1
1
1
1
1
1
1
1
1
1
1
1
1
1
1
1
1
1
1
1
1
1
1
1
1
1
1
1
1
1
1
1
1
1
1
1
1
1
0
1
1
1
1
1
1
1
1
1
1
1
1
1
1
1
1
1
1
1
1
1
1
1
1
1
1
1
1
1
1
1
1
1
1
1
1
1
1
1
1
1
1
1
1
1
1
1
1
1
1
1
1
1
1
1
1
1
1
1
1
1
1
1
1
1
1
1
1
1
1
1
1
1
1
1
1
1
1
1
1
1
1
1
1
1
1
1
1
1
1
1
1
1
1
1
1
1
1
1
1
1
1
1
1
1
1
1
1
1
1
1
1
1
1
1
1
1
1
1
1
1
1
1
1
0
1
1
1
1
1
1
1
1
1
1
1
1
1
1
1
1
1
1
1
1
1
1
1
1
1
1
1
1
1
1
1
1
1
1
1
1
1
1
1
1
1
1
1
1
1
1
1
1
1
1
1
1
1
1
1
1
1
1
1
1
1
1
1
1
1
1
1
1
1
1
1
1
1
1
1
1
1
1
1
1
1
1
1
1
1
1
1
1
1
1
1
1
1
1
1
1
1
1
1
1
1
1
1
1
1
1
1
1
1
1
1
1
1
1
1
1
1
1
1
1
1
1
1
1
1
1
1
1
1
1
1
1
1
1
1
1
1
1
1
1
1
1
1
1
1
1
1
1
1
1
1
1
1
1
1
1
1
1
1
1
1
1
1
1
1
1
1
1
1
1
1
1
1
1
1
1
1
1
1
1
1
1
1
1
1
1
1
1
1
1
1
1
1
1
1
1
1
1
1
1
1
1
1
1
1
1
1
1
1
1
1
1
1
1
1
1
1
1
1
1
1
1
1
1
1
1
1
1
1
1
1
1
1
1
1
1
1
1
1
1
1
1
1
1
1
1
1
1
1
1
1
1
1
1
1
1
1
1
1
1
1
1
1
1
1
1
1
1
1
1
1
1
1
1
1
1
1
1
1
1
1
1
1
1
1
1
1
1
1
1
1
1
1
1
1
1
1
1
1
1
1
1
1
1
1
1
1
1
1
1
1
1
1
1
1
1
1
1
1
1
1
1
1
1
1
1
1
1
1
1
1
1
1
1
1
1
1
1
1
1
1
1
1
1
1
1
1
1
1
1
1
1
1
1
1
1
1
1
1
1
1
1
1
1
1
1
1
1
1
1
1
1
1
1
1
1
1
1
1
1
1
1
1
1
1
1
1
1
1
1
1
1
1
1
1
1
1
1
1
1
1
1
1
1
1
1
1
1
1
1
1
1
1
1
1
1
1
1
1
1
1
1
1
1
1
1
1
1
1
1
1
1
1
1
1
1
1
1
1
1
1
1
1
1
1
1
1
1
1
1
1
1
1
1
1
1
1
1
1
1
1
1
1
1
1
1
1
1
1
1
1
1
1
1
1
1
1
1
1
1
1
1
1
1
1
1
1
1
1
1
1
1
1
1
1
1
1
1
1
1
1
1
1
1
1
1
1
1
1
1
1
1
1
1
1
1
1
1
1
1
1
1
1
1
1
1
1
1
1
1
1
1
1
1
1
1
1
1
1
1
1
1
1
1
1
1
1
1
1
1
1
1
1
1
1
1
1
1
1
1
1
1
1
1
1
1
1
1
1
1
1
1
1
1
1
1
1
1
1
1
1
1
1
1
1
1
1
1
1
1
1
1
1
1
1
1
1
1
1
1
1
1
1
1
1
1
1
1
1
1
1
1
1
1
1
1
1
1
1
1
1
1
1
1
1
1
1
1
1
1
1
1
1
1
1
1
1
1
1
1
1
1
1
1
1
1
1
1
1
1
1
1
1
1
1
1
1
1
1
1
1
1
1
1
1
1
1
1
1
1
1
1
1
1
1
1
1
1
1
1
1
1
1
1
1
1
1
1
1
1
1
1
1
1
1
1
1
1
1
1
1
1
1
1
1
1
1
1
1
1
1
1
1
1
1
1
1
1
1
1
1
1
1
1
1
1
1
1
1
1
1
1
1
1
1
1
1
1
1
1
1
1
1
1
1
1
1
1
1
1
1
1
1
1
1
1
1
1
1
1
1
1
1
1
1
1
1
1
1
1
1
1
1
1
1
1
1
1
1
1
1
1
1
1
1
1
1
1
1
1
1
1
1
1
1
1
1
1
1
1
1
1
1
1
1
1
1
1
1
1
1
1
1
1
1
1
1
1
1
1
1
1
1
1
1
1
1
1
1
1
1
1
1
1
1
1
1
1
1
1
1
1
1
1
1
1
1
1
1
1
1
1
1
1
1
1
1
1
1
1
1
1
1
1
1
1
1
1
1
1
1
1
1
1
1
1
1
1
1
1
1
1
1
1
1
1
1
1
1
1
1
1
1
1
1
1
1
1
1
1
1
1
1
1
1
1
1
1
1
1
1
1
1
1
1
1
1
1
1
1
1
1
1
1
1
1
1
1
1
1
1
1
1
1
1
1
1
1
1
1
1
1
1
1
1
1
1
1
1
1
1
1
1
1
1
1
1
1
1
1
1
1
1
1
1
1
1
1
1
1
1
1
1
1
1
1
1
1
1
1
1
1
1
1
1
1
1
1
1
1
1
1
1
1
1
1
1
1
1
1
1
1
1
1
1
1
1
1
1
1
1
1
1
1
1
1
1
1
1
1
1
1
1
1
1
1
1
1
1
1
1
1
1
1
1
1
1
1
1
1
1
1
1
1
1
1
1
1
1
1
1
1
1
1
1
1
1
1
1
1
1
1
1
1
1
1
1
1
1
1
1
1
1
1
1
1
1
1
1
1
1
1
1
1
1
1
1
1
1
1
1
1
1
1
1
1
1
1
1
1
1
1
1
1
1
1
1
1
1
1
1
1
1
1
1
1
1
1
1
1
1
1
1
1
1
1
1
1
1
1
1
1
1
1
1
1
1
1
1
1
1
1
1
1
1
1
1
1
1
1
1
1
1
1
1
1
1
1
1
1
1
1
1
1
1
1
1
1
1
1
1
1
1
1
1
1
1
1
1
1
1
1
1
1
1
1
1
1
1
1
1
1
1
1
1
1
1
1
1
1
1
1
1
1
1
1
1
1
1
1
1
1
1
1
1
1
1
1
1
1
1
1
1
1
1
1
1
1
1
1
1
1
1
1
1
1
1
1
1
1
1
1
1
1
1
1
1
1
1
1
1
1
1
1
1
1
1
1
1
1
1
1
1
1
1
1
1
1
1
1
1
1
1
1
1
1
1
1
1
1
1
1
1
1
1
1
1
1
1
1
1
1
1
1
1
1
1
1
1
1
1
1
1
1
1
1
1
1
1
1
1
1
1
1
1
1
1
1
1
1
1
1
1
1
1
1
1
1
1
1
1
1
1
1
1
1
1
1
1
1
1
1
1
1
1
1
1
1
1
1
1
1
1
1
1
1
1
1
1
1
1
1
1
1
1
1
1
1
1
1
1
1
1
1
1
1
1
1
1
1
1
1
1
1
1
1
1
1
1
1
1
1
1
1
1
1
1
1
1
1
1
1
1
1
1
1
1
1
1
1
1
1
1
1
1
1
1
1
1
1
1
1
1
1
1
1
1
1
1
1
1
1
1
1
1
1
1
1
1
1
1
1
1
1
1
1
1
1
1
1
1
1
1
1
1
1
1
1
1
1
1
1
1
1
1
1
1
1
1
1
1
1
1
1
1
1
1
1
1
1
1
1
1
1
1
1
1
1
1
1
1
1
1
1
1
1
1
1
1
1
1
1
1
1
1
1
1
1
1
1
1
1
1
1
1
1
1
1
1
1
1
1
1
1
1
1
1
1
1
1
1
1
1
1
1
1
1
1
1
1
1
1
1
1
1
1
1
1
1
1
1
1
1
1
1
1
1
1
1
1
1
1
1
1
1
1
1
1
1
1
1
1
1
1
1
1
1
1
1
1
1
1
1
1
1
1
1
1
1
1
1
1
1
1
1
1
1
1
1
1
1
1
1
1
1
1
1
1
1
1
1
1
1
1
1
1
1
1
1
1
1
1
1
1
1
1
1
1
1
1
1
1
1
1
1
1
1
1
1
1
1
1
1
1
1
1
1
1
1
1
1
1
1
1
1
1
1
1
1
1
1
1
1
1
1
1
1
1
1
1
1
1
1
1
1
1
1
1
1
1
1
1
1
1
1
1
1
1
1
1
1
1
1
1
1
1
1
1
1
1
1
1
1
1
1
1
1
1
1
1
1
1
1
1
1
1
1
1
1
1
1
1
1
1
1
1
1
1
1
1
1
1
1
1
1
1
1
1
1
1
1
1
1
1
1
1
1
1
1
1
1
1
1
1
1
1
1
1
1
1
1
1
1
1
1
1
1
1
1
1
1
1
1
1
1
1
1
1
1
1
1
1
1
1
1
1
1
1
1
1
1
1
1
1
1
1
1
1
1
1
1
1
1
1
1
13 ~JI]98N$8Y"b=ER6jw4U$0utHun~qodpT.
12 o|SW@u0spi/`]R5q]c=']@-Nc@T%oVk<:>0~wY/iC
15 "r}VlBS@pqv61<wKW,+z#;j*e|qL#*m${'t$Ib^TTUj~p|Kb*UxF+cO,{Aq}d_<a"
14 +'z=%lD{E=N[Q\rPS6.qoumwekKWFARjGM)e:Lbx$KTo(H@t]gfgwoz]
22 fH63"Z9JSZ*[Y+~Ls"58w
8 pf1/uRD]P{t=1{rA"$$~P:u[#1?
14 l|s[/%(n&$OYu)V.XM"aECH7hb@qYymF2a<AfD0'axyq<j~s9"p]^S/a6hnn|\O/XkO?Jx
9 @Yuj[VBK#ns):+nF9.p,ngKQMT3U)E<H93N/$oY@_gb4rRZ,JQ/q!9
5 "_R1]z+0RX}ybKt7s&R-?k;B4#2_DJ&_*Xo"m52@lJTjtI"
15 _tp$\|TIHB#t~K<jke+Ly-,$4eRREmG?|S]Zj2$3n@()&]r,C9WWEbtsHG`)6Ba3tY(_
18 o\CC{'u\&H!sn^fa6RdmxJ3Vxtemb`0R=RtSrj0wM1k<*S8Y@8GSaZ*ZO+c2jrcC_ruRwAdEkkatY
20 ]D)~foG=!)3K%&_vK{`3T)N6P`DK0-dlPmkQ]M*wUVCY[=y&,`.61~FFt%ionS|`$k\ha!(QK
16 fd$cV{K#G;<N*SOtw8{si~#W%'BT!UK":N~+dd.F!aGm5:pr%Nbu
14 >WbeIAFDh_Bm^
16 k(:hJmRbAU8!&nrIAz-L
13 *tneFe:WRTExSo$!n+_}9u2O`Wr_M}4Vr=W:$p,U_Ph3Zk3d1-|J#/xc!']M%X[Y@s2FO}k!
13 tHKn1:&?o4yUs}bnpOqX3R2uE$ti>DL^/K}(~%FnRZ^FrB5d,A=>/ONSlD>E#%>LO=Sh[4q.mjnzG>_
13 wpF^]\6rt^-/0{ybBcxkrgb5RVp99_nKPODH,YV!RbIbxC_<(sBy[?I.0;`Hy
14 7shMuZo:O\~\RqE/GWxvqI$HHDtk`4h2BRxSGiluFlRx^2(@h<7tdTW-wMwrz{?>h9
19 e!s^-+dZ9%CRn.f,HmA];F"4b6<
14 o0i:<,"(*c0@k-E!]6C;D8/w@BG5dU,o!0*V;FwEDBd1iD1GsS{RkFJFgp
15 8"!mp[KK`~GU)>7}VY
12 O*uSH2j(
14 vVV{ZXs}'j7.TP8*i<1v,,<[h#tNZlpQCGM|;[6AFLN67!3YCRrN}e8KBFN
13 `lfMc%[?;mv!B,Eo1-RO?g]M'+WQQnEMvGytKo4e^Fe;kE,{kwe,y^r!h/;
15 Lct`L':*}^WW.<8'w[pSQ`tk+v<Z|(4IjCEQI^[a=39dikj{Gvj4q_
17 hS0'Xbo1nQ"g9G@bIXe5C-Y}<rTz+MDBQqbDTRoC>,EVReS7X9KzF%4{3$3=Ppx<b\y7Iisgu:Xb~-x
16 odu1^v#74Hi:CnC}ki/h(`oCNeWTJ!/:~%K^zg0J04cR#AP)+x,LYz+C`{v+{@_7E+tZ
19 LM/jK{Lq/?JqGv&aKnG)93F
9 hoOe:[x.+\zBr!MByh:|J\7W[Cxmv12_!{`:qYa|6\Y*vBeqE!*nv@
20 `Nu{hT+@z@4{$raI29S8MmE@]Pnq^}*?L:VOXYL|B
9 YZD+'9]y[Q:.A,*k-="%KKz_^,?V./+#hh-*#%?wUX'vc0bpfct2Io,B6Kx^Y>z](B"*F@"z
12 <Z]a)%9zSUqcA!6rMG[nZ(vVHkO4I%m!xK{"i58=%D;_DPmwmE<:!d;[Vrz)lao6{G
15 wcylj-]M3.zuLhuF4-a|AxTm-FxBB@$G(H1IsW>V.8J
10 =]G%Nrp/?=/_>9{U8K=\Lj#4Gg
5 8?1*'{{&h!nF3VyNu?J*SO0
15 eK^V}bs1w",LFITWi!Z"gA-LR*0v0x*t^hK]KZ)C[No=v^/zyi|
16 #ph|pN1B.2WFcYFQJ<71{QWks0=-!v###':sTJP|[(CY`%EFZ\VWHH]<qzIqqe
8 ]B?^4&i#wD3\9(i~+::i(rn`+6\f~e>w#OE;6S
12 ejjUK'Gi}3LbIVU<>f+B6z8q3ec}2Y?2D+#nKcsIv@,Zu{uO|!p3{)?I*=aUu<f:`$C,g
10 u#076uvcFk6Rrw(KqWn,J:[)2{t0z9G,UpCjfTNHA}y41"^$rg/="j_3"UB|)$)]tebuU1>u08D@
13 {VoVTvi8{.vNpV*S.V'rZqwWTnB#`"<]qFN`>S4:`+#k
16 fk]@JN<'QLSSEEb>|<BA\I)_Els_d>@7Cs4?\i`H74zus]Np5p2pTUjxB_r'83WZ
12 9yO*a8q?f=-iw|}}[;^m0{`(Bl@rW+8o?#4!:&Y;\e&U}$mYXLa#bC+?0J3SEIr8j?Iz?/@+:zJ!
14 "/j/:]Tw'kga>5LGygU
15 h4[,!e9Z"a_J{>}s^&uA]+(%%ntvboOe>+,>oE4pAr<=KTK+YBe7LlVk\ebYoLZ.WeeaE
15 mF8,wpGZ.kG]W?q-\<=kd3u}%!b1Upy]Q2$I#C3*zs'X@;kF'hy:zE
14 D$lwivl,v>q~/]us[O}(DFx+-[i@IPa(nO~XF'}XE+WmhM|^7z![By!hUiC=?nIw851
15 ,-t}Hy8=3S.+Mz9/1<8:9shHMT2'9:FHC_Yh8DXpgu_PHBN:,joT5N>-GpwgE>0g8h
15 !pQEA/"37"fc}UBboY$1e=CGR"atC*z]yL#<[>h-@io>?2;/j>Yjt{3a}sV[
16 <$5Qg&97Y)GqV&QM/Y%;=k,hZ>t6~.{<12(47AJ+I,{~1ML?BktxW;aLXqbr~^I0+PC[p(e:3{S]
11 =/t-R{vI,.2mjw8jXPi'a,-K9"eyF=*bK9*|5!aZ/.cx&y7N>SkZ&Xk0^rFzi
12 (.s98?=<y*87(DQJL6`5<0fN.&r857(<^zn1;w$bD%*I4J/=G40<
15 skH#[qRXgZ6[UT!60v'"?N^uZYYLe?ZtF=v"IdsK?*'/^(_)}e*XO#N*vBp\`ek'$c
17 s*Q]IW%cpCqkJYX}N<jJ|X^7IQ<
18 z"53U^s7akM$\7%XV54A*'ShRj<q*qv&sFRc&Fz"Mb?*4C{iq0F67x:$}UtCG'HUM
18 7&]EZ4mi`~"M\\Uh)qEUGx*w3T#
14 ~<zV)PL[Ok#Z|gEiB
19 w-[v6XF|IqwsOcS|{&pO_<]#FB~.~-Bw9|
11 I2>k%%3g\QKgsXmY2G
20 w`o_f/UN4f%jlSymc*1\l6s5wl;0nak"BuzD&jqSRuY?cSGGvq>c)L4!:NJC0Q^lGt1f_=9iX~
17 )o7n[X-Y5r<K&=&?#X4FNljMS^hgva>:ko)GbO<vCWBH0a"2T6q#=]ip<SrMO2#;<E{}t8t8oR
11 HICF~2CB:F+"Y<YbsK,e0ad:X#nA;>Ngb7|:3:lf_2gSg\6\(
11 hJ%3kfkR*!+P:#wdFa
13 @./34-+4lF&3nXolug<#)g2;]l(pT=JtKX(x!MGlrf:a?EhO-?QP'}jdj-oYJ;N0rpCr>iyK
19 eQig8;5kgis-@WEl&n;!`<s[e_%r`Xk$gIFYcXqdE~O
10 xx?~v]e:9&WP}.]xu/B~l%%>A18cazDtsbs'Zs@sy2D3?<,PJMOQlmnH9(F6=i
14 +DHvMW)vj2ldyR\_-d$$4.ZE'hA!RX{v7D)c61Z<Ca!W5\8[[Ux*b
13 fm|dF?C}8^@t#'e>Pp``<r"I".4$]:xDBu)h
7 (+!/em'YNs{k/~hyQKM}]q:4O?w]gz%n&?8'GY
15 NxKE:.tJx1}z^dzR9)
15 wOtC/q,L>*mG5\tb}e{h_RH_2H&;e(9gixxWj&%)/-P]
14 );qe{rvD@k$P_$<h$<PqlqXd+}-5AW!I.q0D~AgYG&*A*E*-`s}gepf,nr@1dZ
12 ZJ3hufZR4mQe+!;ns3WkTu9d&-,1ePl@y~Co!}B4k.x1H"7<cEC{9'nnPUp
15 "QWw`-sM\K//\?+yCAx(R5c(aJD4-/KHy#@ZJ5
10 Q0BHXeCyX,<nCp\2@ECdw#YOi.)z
16 o3$tB6Mca;K1Ys'lEw`.\\iP4DIHv]>`Vc&pa0ZO(J4nFn55(;1i1b}2z\ph:II,G
18 >;doO^Pi45)KDxM<WE{]uOw5i(E=Jpk$GP
17 #?OIr?e`_6>x*unfib4"Xf?\tUal6WG811z$i{}c2<\;Me=7HPLCJ'>th2Q;A+nczAfN|OLjfU&#QH
12 2f:8B.qPB$/T\J_-/H[`Ociv|,W3I[WtBpG}:9h[VvK3[+@jl6e<5O3Luix?EPN#\t;uH
13 ;8'A-:wG6^;(A.
10 uY!QneegmQBLw9F.n)KuN$V\VbYP'4P9t5>7"Bc|>-:GeAE}=@
11 [rX'@[AMy'a;ZY^O+[47dW"MC$[3P<kFYe5h_KzdAH2OK(X!vW_9t3
12 EKup.'sK:ww{WwO<pcNL4;W>$02"T&rxPi%]+3CE,;A|N+9Y)f&V=v0@BA\u
8 /g-h"mqQf;d}hE#Mv||"6T2;6#+fl{<6}I}~QoR35'=!dqn$YF<(2%PYGj1gUXP<t4
17 @{%ZK^!*&aU2D`}r~l"b$/9\x>"mD:S~PWs
16 3+;[P<a.[,\-dH%\A2+Aw.(29!-2#9-6]ap.|RUrw3~\t>9Pi^p{'4.?N:jPR2!KrpX+]/8U[Q2P
21 R>|--C8YDWvtVG%szUk>;gS(vGmo2g1}@H
14 ^@$<m4/UYC&.MCjwhy2jbG^LX=9s
13 F2`dn6'']iR/E~pZ/7Sv4t4jT_Z:73;]E6\Ne}T]g'l.Aw#O/UaBdtG9o#m'5C}sX[]Ys27[S$$
9 P.IlAJ)Ky${4(A_yp)x:K9TFn%{,5.0~UXku=sA7Uz}#Xv7&/{RA34v@D\
15 un':0#6OkP3h-\/%lq
20 RS39UN//Q;N<F'tWA%]x]bmttO.%AhWrViFFSoT%E#ZjCP]cn;vf8~[.O$L+'$|\(]$ZMWyrtTw8%
14 HBqCOy?LgW|>nYXP\9M^)R1VpGN_y%9Ba+~1??w'10^~$Qi`%7Y.%%}0KL+EjC"L
16 KFF)MgDpHdqC]5Pn"Zq:b$~OZ,DGaK-GpRO>TsI{rVYj&DY'}
12 q$Q*\o3z|;)W%fFYk*}'ElY~jX;.0>L"[}E8)qN&-V\2W=jCF$dj+X&01@>ZwiuS#;k+
18 {*Mp7k1SYM\/,QA0@E5#E*(@5$_<
16 $EeCVn)~mZVT~qpu!Qpg]CymkJItCB$`"$$X.Fqz;biTUtJoF
15 ;tt9C2aC]_"/s2OY!.7Pltl!ES7zrv&P
15 5rHp%gPaLbdA2NNUc"X.'jxlVK2Wpa/@TVKr>zT%^S_+"/_dJ8X<hQ!7
11 ~wKh~G0FqHGW\l/"PZ:sqOtS*>`lQfgPxM:wsI>!,!r#l"$W`QqDFz.~c%~aK=zifzE?kQ+-81Ra
12 zZ@sIKk?=1-GY38wzwxg)gw}2pU[Y*E)~!7He$"#N.cB
17 $$ywIZ]zDEMxY9z]H(|:f&?U0N9Z>c$["8SJq1_Po-cI`xAC!>\#]zqmcEb")!
17 "qyC7I}R3NYO*?,sA{6eLoYQJXQQzzylQP1"s0T'wHo#"7
11 6s@Uot"4V~Bo']R*l'"eD=m$VB=Bx1XJ%w:/)<CxU~$
12 =*ZztH((,</1Hk]t4X@MrQ1#CirP"W",M/*QM<<qM0\i6i}\6>DC*o
8 |:(F<v0,Z)WSGOSm*0Tm%!jy$'2uI7|`k?B(7Q3psjDV:vD]A4KF4PZQp'bU>_6*~qKP^]ARbdC
11 L|tg"|rCji,RM!Lr&o)j^\5UK|/lsF1
18 ;;c%80o#]D]_kQ9;-5"8TH^o#P$`8~z8o7^#wF"f(:V0#&>JT?a)"[x$,7c]7xuAKnC]5_^=x6f7;%`
17 tgv`1uc,aJryB~4VNmN-ocK^i%1oKiiAlz<|q!)md6h'57vc?E+/*
11 wDN?OdF^BDP=K,Wdf86nof5f$^,VH;N~NG1'j\U^JLz1Xlt?%EI/Fw1IV<:9pg8YIIy4
17 9)]28r`eKxP_"z
19 U&@^TYQ5`Ol@Y^H\,EU]AVS|PSe@W)X-Hwj{k<LL&S
14 \o!cu<dUXRXJstk)@Dl^V'lx\0q3ItD'!DiuzNeS"X|0<\+%.t3h\x>Z+)w2+y-8%G;V*E<DIe
12 em]I|q#%jQAQo~,rV4A~iyB*
14 3J:&~!{ivTS\'<]9*"w38<Y@0[\[X>hlJn/VI(
13 ?Dzs<IM5tQ{1O\Sx&$E4G=rO=[uQsRRMvMA32)aAY^kCU8!iU;d=/+A
15 )m]l8,XZr,5nsEH-RO27,7ZR.g.1<{-D%%1=1%v>0FH?j
10 n^V69g2I7/dB[zd5^mQ@]Gu_zVb>{dok]F"1.MtAK2Sq8^Ank/W_C~-Y\z\ru50Etb]R)_/Sqa_*Z
11 5z>$n'4HN/kW:%sqPvZI(HMmN#oSXcV(yt,$6?KcgR;"pI/AA$ibKQj4TZ#-YX5SgZV|4=zzn68yy
13 ?2I1Kf<qVzB@H8FZ{Wgx<%BO#Boy+s'I@iY'jtwA+:`Rk(-gx/zONW}PymK?{kgVo[\ZjTztnva
11 vqgPW~liO\3MT<@*sfj,Go{l0]|W
17 _Y-WboZ*UTwp|G<fWX@F)H^Q|kt9*&9h^EZA56d&%\1<>M$0@]VH@O4=;)pE.*H(
19 6:]NYw1iM<}E(0IP2/)vE)!hG58BgLA22)VlPEL&LphKXe<,fVi\]
10 $e/$cj8i3KzZy
13 ~47K$f=&$y+/Qw=9ah;7%`3#Uev(oI"*w8Tz9,;='_eqW=+S&`i*A|,1|>8l"Su4'J/
18 wxc0b$0YI;d{?y@dG26N.J@\,S?oOd
10 vPj;Pa^$-MIf7YL-gY|o)140!r/&_a)qLr-{o&!{Sc|i=I1?$.JFXwUX&cwe_
16 w{Ql+qYi&UvaLzL_Y0BQ.NR>\c+"AtBT,.A6;5!@%2<PH$0"3ll@;Zwv>#3x3nM>|)TR>nqB;
12 @m'-}*4\r(+1GZNY'-*r/3_yYf!~NW0)F6ODZc;M&EwM~FA@meM7w.2
16 u/D`BXh(7{TRT5h2E8Et=L:Y2+E;t<!sz2]N^SR@QKDO%z}X__2Y
10 0#w@Hdr[]?}|):N|9$U_6=q*8)bopz6;|/[`.h7ZI
8 M56~e=C7#*f|-s7?3yb7>FegU#J$2esIM19kCY1'6EA
8 y3OpXsG6O8hLgV2(/U_U|q[5]2`ERNef`5WTD9%rP)@8^kY([SwsES)>~$|kQbRMw+"<C
20 X}*s;}u[jaiKzZof2q]7DvOD/C$Xp{4CC9+x7<n"8XLNNW5_Ir2li`2w>Oj/K9Q*Q\##3,?J~jwM
17 7Yjw]xrNdKhf~o]`xg-D_q!Ye(p3xendy(T*gtg^F}NE
9 A@>77U]9>M+F-STBPf#f,<Gn3C{FI#Kj~64P&q$^Y/%eaYBLZ^M!5snH8&)z(m!A%4
15 }&q^RrN0+pMNN\N1S$[px&D=F2Y>rwEq|7jj\gn:|XkRxL!rz
9 /2k]iz!JLPm'NCmSge;";uO_/(z+.[#reDf
9 >K7d))?yOz7ls\]}qQ?JpZQR`:Lz5,y
16 -FW~fv[BEoI'+$y$l%^<;^rV,6s"cDe+%=+j4!.rop5ys/
11 A)L.V1a[0aq5rF#OM>G!aHws_NMId7!Hs"C6.z]5%],f`H_35OZ/wkZ&(Ohkei4sjp
16 ?FW|;h>J'/tO<V~:Dpv5W0h8D&xpj^3*%iA@mx%s)x]^i\3.gD\YTFp3e&$Q}Pt>:Qw(J{6ltrfxPx
17 $}!-<<YAySaU_Jo(|9IS$s07)wTL8_6RjD_BTvTSB,dOVa/hfx#Zgaaoz1;2(Ac
12 >J:xENjMa?3zss%3+JG8
19 f"gE[\aaB~24_qim.3nVG-4z&W=7y@e`AM@7E"w""+Oz7:hELr6.~IC&;z<5;<1v`P4^\4tioA
18 TlZO)BLGf_%bIvr*GD=`G<6VxwvAM^U"K0jmlQ5S1:6tK)}qf<S.q$}jzuFcTz~;
17 qf$P!DSY&X|Fa\i*Iv2;>(F#<E(I_+$
13 *f.#Oig>GKUSNtX:6**O6|&I>%MSaVuj=$((l+EOU5#$*u
12 MGip=96!d".b^(UTYM0X.zD*o|=X2hhx0R%L'
16 ^[K>"!x}h$QBFSG8oYGJz#'pHp5XD\`=8,ZS,SQtp>QRp4izlK_gM"r0q(gPcH)7mbi4QVCB/ts:
13 ,Yn|`{Wls/[cj]^'4<4Z&swXBLSMO?HZxQqsMJ`\r=Zx59~
8 \[NB)eTP2@_CF=G\Wp)(xIo<7D>7xY\o5,LX,!)=[gy<?BwvM;9G}*|5gVK`0Ck_N88Y9@1/C+JaL]r
18 F5<#g(cO0J%uG|4ql$4O])G`*IXxDQn&e,Bg3&R\iVRKm!=t?PD{r&\|O6u.fe3fpTi$tV_xGLE5
8 ?~a*O^/x7N`iJ8yOn}W1&aUT7jqM`eNOz(A=J|O
13 h8(G%e},S2#|%OG4rg4RQEM;+!Vc9eK"}mc=S{bA.e?25!`)g/Z
12 {E&g$#Z*xWrIh!JN4LY#Pvv'V,M=j{$fA*N_F*hYz[>c[#L*N&-}{>?lc'DN$H6^k}>L
15 {{ZC9<~bO5nJxRO+efc)3}>6bauE[~0r6i6i&5fnJo9]C##)i
9 <.`h7Im]b&<d+y3+0A4qr9ymZgm6'=Ae\igV(DOZYj@}!lCJ
16 'yQ6p,ZkNzdUM4Tn19NDE\n)W-bLp2nv-AG|U(Nz!]p@9\<ZxX4Ao
10 `\{AoD#)~7v_m<:i1ap8(-F8o2t~`g&
19 mf%c
13 fa"V{2zlL[!p~p#\1Ae
15 =a3KK1TSjFFNz-\`k2}drH"sy=XXBL#bcAg*k<wV|>?wd6YPHWO;:kIO)<(Jg+.f
18 p0FO@mDs%uyJ[@2f6xHRi^c~fJZfVZCG%i1EqnSu!gA[BlBX!&E&
12 D=aO`}q_5h?$%rlOnwf1?GHIYWcTZht}&pg!nY`%]:B{HIL7[MHyt+^h|B=WELUe=X`
17 (aB&o8e9!<%)p(RxY5;IfUOobw2^%]!-Y\Ld
14 ndqHfAH<`=V>#ur;4`t(GV**44c^wu`"ZlI\.-w*IhGeyT".O1O1"YTP(8/;.*<$1
5 >-@kU_xlsK0K*+:;_`#0v"tN^GPg.MAKt`7J#"@B9gPSYb:2#IQS,\Ga3[3I2[3@!
17 P$'Xskieves7TJaG#]6(Vif`&0[jZrvE188@%<
10 q,/9C}>]5,A2twu@Qx
11 ?ecl#tMF@l@cE0eM_2lf[AQj%Rm(A}Iy}Hg!=Oav<"u{L[I,(7-bq^g2KU9km|fkEh({8hsSiiiP_4
10 `)JB<O4\EapXyUQ{gp)*ZlK-uqNBUwjP;5qVd@3D#?+eTO4R2'>v{k}u+
6 ;=%Lb1g>x%3a^!SJ]yv[OlpoNQ=gv&798e|Y_I4w
9 m(m4B^2ZEvv]dZySV]scCM1qM,yOTn$C1,pmj#H0xYlx4"L
12 f&Vsp,[n'Tn"'BD)W9>Tun\_s`<fV.QqTc"En\N01WKQ
10 '[4548I^g3@p'OJBRn-ALb04Er%64q_;\fJ_myE[9e)o~%*R=%}lhU<HHZ
14 O$=+%*b;<x_Dv0UkK3NKi|X=31dd
7 C&m6$H+m%$JVTSp-QaKIP"@V.LTWB24~R"OUJY]N]B?Lt0sGp?+
13 `*%;X;Ye|#vPo/|]mXUXGa7_jp,?au.B:
7 szlifIa"ncPk4kG'uNymd&?2GZ/o_Al":Yk!#M=,Kl
14 B9LnlTW=?9aiHmi5XW<DOhMGY%.j"XSZ
12 *?rmqYO^TTjIE!<TR@|d!)=$BkzsbI."yf^/>;vThFX7?j~$GCB4o\;LbPZExg`
17 "w'Z+-j:&i>Vm9Z&qgDu!mBfw"lU$9=?KCxUO}on#HEo`!0l#Sb>\?%TA,+^_a|+&1`n/j^13$;.$K
10 :K6oD\`HVnOlU7-s`K"T8s4rz-d(h:G>~]HCT)&,vU3fk?[f&v<=&O0"usCxIj7Hb^'7",
8 I/.$BFf=U8fkAUh("F"I(W~j;s'$'sK<;4h\sOxc"zP]jS~l4;P;-jAGxGJ~;1Uo^>Ll)_Q
11 j)2<Xdg-6vWX0c@eQMqUfvj\=NKRN!wSDD*{D,)Y#y2Mw
14 =C\N|OY0=2$7`(0Y4cq/!0Vcl7|}Y?9u
11 re}7.D,c^]`)ZZK;ul/R#ipKv!!Xb6Boz[A)~L(x+g"dBf~RTH%V20<D0=7qRXaM4$oNi2GsyH
14 7.+.tC.jjvn7"tT9RuuUQ^GKk<:cTY:jfDw["@ak7P=8EpP2#a"S@I9F~R*S,]Xr=kh>,J+]5GttS`
14 (-vR+#9m2eR<pslV(s^x(JL.4I@f)O_+
17 |Zo,t:bY'xp%mK=cHLCBFt"[?JCc4:b20l=%(:].Ni3<5i:\Qv9vl;l,~K+3d(^ss74zP,D}tp
18 V/.D|Vbmgr+,#G\046,zcIj248X(2!6#JDFay*
16 '9vDt7bdqn*jhj#ro3m
8 eSV=5y+QRq}!_}Hd.9*NH4<;xx/K,L^p~PHOJR;|^98X7_>_3G.utc1)\?ngjMr&|UTb)n,O>(i
12 *90nEZN1Ju/.V)N4C(oEd&RR
10 ]6b4kVTfEP<%yF,3^U!aI04kBg9ZaN1Y}.l%d[&*-\.A#9maqzeqUZSA&z4p'3BoFGcumhS=$
15 9,O7/0SvAPsBeHnMBg8z0$Gvr~a0/uGi(f-M,l/6Yx]!*BgL*!aS$Ce1BG@jW#T^haGshoECh#]q^E
13 k}z7KqB&\/<\ejF37<|0t\yCxV85f_SSwNiDZFI7o~.oiT#;+~d!vyC+ju?Roq@h[D-6
12 og0ot~sc"Jn</n3)LWsB2`3$!6x^BJcLLrV[qe@s0IJXRv
12 f$6KCo'a3V\2s4hMo~EJ>\%I)o3Cc"'e?V1a`QD.);?7NB}XAD=^;BCDLo"JpB013A-sqj"5&
10 h([<Kx|9d};6v$i+2Mb3Xb@Zj[xBR7);XcV$vmV\k--}0uC
8 )?dlyKCnn%.X6Rd%@Z%B6yd>=WX\{]Z?|@,2jO;sS|DL&`d1hxl;}8\0
11 EqZd5b%qo1P)#(he|\HD=jsxMBn'Ih-nu"mE}rQn$"2&Dy&[ph:HS/B;P1B44h#*&,
8 tDy^8E6JHg+Ova:ZMJ}BzvTzXcL7HJ/50!3]_w";UMRm/'HuPF8KX'`
7 }N+A_jm}&$v}_[b,(obc|b>,q"UJSL`Qyj-Zo5X08i/2`,>gz;e3|>
11 $H}SH>q?O/w7LBVDw9dGL<|T-\{7?$!Bf90/W#gAK_qv#bU5zTvap/6|jLN*jhfQ#uysw(=8[Pv~
10 "B2Zr,3(hd->i\_*V,O{J{&(WKptl[Sx0iP\y9c|8oU"g5E>[tU&,tGc@9r.sF'>Jpz^
19 ??=R#nU^Zw$S%jH~t&zp{&(W~]H
11 utk9_8//%1$"3H&U")UJ,S5]WG*R<>g3MSeH&tp*@t+SWJCYR3$
12 KW@v*eIc8VfE"#[.`zMq8w1IP@5iy%euF,,8hyDFMW7kzyq5`4ada,
9 6WxOZQSz.){|S|7<|[;a$`afU&8M?z]nSV*Em,p#yYH7m-?[1tuE71BLi.<*Y8)
8 kUTL#Kr{Z>'*>dO?;;c`QPX7ult$l^NY4>&6$3L^PRgmRQG(k,gWQ;QR_PVM@ex
9 17~iL{K][B\j5.TJ2sxwbCh6;,9>N=>ySWc;T/wJjn6~7%cbx][u;^GV%_/l7Lf%?J?.YQW^Al^q-\U
10 OGns0X!hEPnCVmHb^"Gxjruj|s"b)l9!'GKnB_|wOc~#,]R%Fc`<VV'm
5 rbK=~x*'S^`Lp9h$3z.yTE$)vA2$|fK+J2bc+'i
7 >YyNh]^q:8`<xvXm>VIpJVd+\$UN94
9 5]BAn^$Er}xi_iw0#|ujB`T)LV9FdL)4*dTxCW>PU7;O<MxXKnC(Pv0{gb]L/!_9d42BjOqZ!GDV
7 :KSoB~a_%?&B$,M[K\'j5zb~p6<F<alUGA_hZAH_zh"}/htY`6Dt2A/#pKI.G6bmp]VL}:F
12 W?]QGc6+rrg1Sh5p[\7NqQ1[
12 1QO[`5~ki:KJVtAW&+PLZ9YCs@8oVa1"3y\sJ\y41_]gU
5 "_R1]z+0RX}ybKt7s&R-?k;B4#2_DJ&_*Xo"m52@lJTjtI"
5 8?1*'{{&h!nF3VyNu?J*SO0
5 >-@kU_xlsK0K*+:;_`#0v"tN^GPg.MAKt`7J#"@B9gPSYb:2#IQS,\Ga3[3I2[3@!
5 rbK=~x*'S^`Lp9h$3z.yTE$)vA2$|fK+J2bc+'i
6 ;=%Lb1g>x%3a^!SJ]yv[OlpoNQ=gv&798e|Y_I4w
7 (+!/em'YNs{k/~hyQKM}]q:4O?w]gz%n&?8'GY
7 :KSoB~a_%?&B$,M[K\'j5zb~p6<F<alUGA_hZAH_zh"}/htY`6Dt2A/#pKI.G6bmp]VL}:F
7 >YyNh]^q:8`<xvXm>VIpJVd+\$UN94
7 C&m6$H+m%$JVTSp-QaKIP"@V.LTWB24~R"OUJY]N]B?Lt0sGp?+
7 szlifIa"ncPk4kG'uNymd&?2GZ/o_Al":Yk!#M=,Kl
7 }N+A_jm}&$v}_[b,(obc|b>,q"UJSL`Qyj-Zo5X08i/2`,>gz;e3|>
8 )?dlyKCnn%.X6Rd%@Z%B6yd>=WX\{]Z?|@,2jO;sS|DL&`d1hxl;}8\0
8 /g-h"mqQf;d}hE#Mv||"6T2;6#+fl{<6}I}~QoR35'=!dqn$YF<(2%PYGj1gUXP<t4
8 ?~a*O^/x7N`iJ8yOn}W1&aUT7jqM`eNOz(A=J|O
8 I/.$BFf=U8fkAUh("F"I(W~j;s'$'sK<;4h\sOxc"zP]jS~l4;P;-jAGxGJ~;1Uo^>Ll)_Q
8 M56~e=C7#*f|-s7?3yb7>FegU#J$2esIM19kCY1'6EA
8 \[NB)eTP2@_CF=G\Wp)(xIo<7D>7xY\o5,LX,!)=[gy<?BwvM;9G}*|5gVK`0Ck_N88Y9@1/C+JaL]r
8 ]B?^4&i#wD3\9(i~+::i(rn`+6\f~e>w#OE;6S
8 eSV=5y+QRq}!_}Hd.9*NH4<;xx/K,L^p~PHOJR;|^98X7_>_3G.utc1)\?ngjMr&|UTb)n,O>(i
8 kUTL#Kr{Z>'*>dO?;;c`QPX7ult$l^NY4>&6$3L^PRgmRQG(k,gWQ;QR_PVM@ex
8 pf1/uRD]P{t=1{rA"$$~P:u[#1?
8 tDy^8E6JHg+Ova:ZMJ}BzvTzXcL7HJ/50!3]_w";UMRm/'HuPF8KX'`
8 y3OpXsG6O8hLgV2(/U_U|q[5]2`ERNef`5WTD9%rP)@8^kY([SwsES)>~$|kQbRMw+"<C
8 |:(F<v0,Z)WSGOSm*0Tm%!jy$'2uI7|`k?B(7Q3psjDV:vD]A4KF4PZQp'bU>_6*~qKP^]ARbdC
9 /2k]iz!JLPm'NCmSge;";uO_/(z+.[#reDf
9 17~iL{K][B\j5.TJ2sxwbCh6;,9>N=>ySWc;T/wJjn6~7%cbx][u;^GV%_/l7Lf%?J?.YQW^Al^q-\U
9 5]BAn^$Er}xi_iw0#|ujB`T)LV9FdL)4*dTxCW>PU7;O<MxXKnC(Pv0{gb]L/!_9d42BjOqZ!GDV
9 6WxOZQSz.){|S|7<|[;a$`afU&8M?z]nSV*Em,p#yYH7m-?[1tuE71BLi.<*Y8)
9 <.`h7Im]b&<d+y3+0A4qr9ymZgm6'=Ae\igV(DOZYj@}!lCJ
9 >K7d))?yOz7ls\]}qQ?JpZQR`:Lz5,y
9 @Yuj[VBK#ns):+nF9.p,ngKQMT3U)E<H93N/$oY@_gb4rRZ,JQ/q!9
9 A@>77U]9>M+F-STBPf#f,<Gn3C{FI#Kj~64P&q$^Y/%eaYBLZ^M!5snH8&)z(m!A%4
9 P.IlAJ)Ky${4(A_yp)x:K9TFn%{,5.0~UXku=sA7Uz}#Xv7&/{RA34v@D\
9 YZD+'9]y[Q:.A,*k-="%KKz_^,?V./+#hh-*#%?wUX'vc0bpfct2Io,B6Kx^Y>z](B"*F@"z
9 hoOe:[x.+\zBr!MByh:|J\7W[Cxmv12_!{`:qYa|6\Y*vBeqE!*nv@
9 m(m4B^2ZEvv]dZySV]scCM1qM,yOTn$C1,pmj#H0xYlx4"L
10 "B2Zr,3(hd->i\_*V,O{J{&(WKptl[Sx0iP\y9c|8oU"g5E>[tU&,tGc@9r.sF'>Jpz^
10 $e/$cj8i3KzZy
10 '[4548I^g3@p'OJBRn-ALb04Er%64q_;\fJ_myE[9e)o~%*R=%}lhU<HHZ
10 0#w@Hdr[]?}|):N|9$U_6=q*8)bopz6;|/[`.h7ZI
10 :K6oD\`HVnOlU7-s`K"T8s4rz-d(h:G>~]HCT)&,vU3fk?[f&v<=&O0"usCxIj7Hb^'7",
10 =]G%Nrp/?=/_>9{U8K=\Lj#4Gg
10 OGns0X!hEPnCVmHb^"Gxjruj|s"b)l9!'GKnB_|wOc~#,]R%Fc`<VV'm
10 Q0BHXeCyX,<nCp\2@ECdw#YOi.)z
10 ]6b4kVTfEP<%yF,3^U!aI04kBg9ZaN1Y}.l%d[&*-\.A#9maqzeqUZSA&z4p'3BoFGcumhS=$
10 `)JB<O4\EapXyUQ{gp)*ZlK-uqNBUwjP;5qVd@3D#?+eTO4R2'>v{k}u+
10 `\{AoD#)~7v_m<:i1ap8(-F8o2t~`g&
10 h([<Kx|9d};6v$i+2Mb3Xb@Zj[xBR7);XcV$vmV\k--}0uC
10 n^V69g2I7/dB[zd5^mQ@]Gu_zVb>{dok]F"1.MtAK2Sq8^Ank/W_C~-Y\z\ru50Etb]R)_/Sqa_*Z
10 q,/9C}>]5,A2twu@Qx
10 u#076uvcFk6Rrw(KqWn,J:[)2{t0z9G,UpCjfTNHA}y41"^$rg/="j_3"UB|)$)]tebuU1>u08D@
10 uY!QneegmQBLw9F.n)KuN$V\VbYP'4P9t5>7"Bc|>-:GeAE}=@
10 vPj;Pa^$-MIf7YL-gY|o)140!r/&_a)qLr-{o&!{Sc|i=I1?$.JFXwUX&cwe_
10 xx?~v]e:9&WP}.]xu/B~l%%>A18cazDtsbs'Zs@sy2D3?<,PJMOQlmnH9(F6=i
11 $H}SH>q?O/w7LBVDw9dGL<|T-\{7?$!Bf90/W#gAK_qv#bU5zTvap/6|jLN*jhfQ#uysw(=8[Pv~
11 5z>$n'4HN/kW:%sqPvZI(HMmN#oSXcV(yt,$6?KcgR;"pI/AA$ibKQj4TZ#-YX5SgZV|4=zzn68yy
11 6s@Uot"4V~Bo']R*l'"eD=m$VB=Bx1XJ%w:/)<CxU~$
11 =/t-R{vI,.2mjw8jXPi'a,-K9"eyF=*bK9*|5!aZ/.cx&y7N>SkZ&Xk0^rFzi
11 ?ecl#tMF@l@cE0eM_2lf[AQj%Rm(A}Iy}Hg!=Oav<"u{L[I,(7-bq^g2KU9km|fkEh({8hsSiiiP_4
11 A)L.V1a[0aq5rF#OM>G!aHws_NMId7!Hs"C6.z]5%],f`H_35OZ/wkZ&(Ohkei4sjp
11 EqZd5b%qo1P)#(he|\HD=jsxMBn'Ih-nu"mE}rQn$"2&Dy&[ph:HS/B;P1B44h#*&,
11 HICF~2CB:F+"Y<YbsK,e0ad:X#nA;>Ngb7|:3:lf_2gSg\6\(
11 I2>k%%3g\QKgsXmY2G
11 L|tg"|rCji,RM!Lr&o)j^\5UK|/lsF1
11 [rX'@[AMy'a;ZY^O+[47dW"MC$[3P<kFYe5h_KzdAH2OK(X!vW_9t3
11 hJ%3kfkR*!+P:#wdFa
11 j)2<Xdg-6vWX0c@eQMqUfvj\=NKRN!wSDD*{D,)Y#y2Mw
11 re}7.D,c^]`)ZZK;ul/R#ipKv!!Xb6Boz[A)~L(x+g"dBf~RTH%V20<D0=7qRXaM4$oNi2GsyH
11 utk9_8//%1$"3H&U")UJ,S5]WG*R<>g3MSeH&tp*@t+SWJCYR3$
11 vqgPW~liO\3MT<@*sfj,Go{l0]|W
11 wDN?OdF^BDP=K,Wdf86nof5f$^,VH;N~NG1'j\U^JLz1Xlt?%EI/Fw1IV<:9pg8YIIy4
11 ~wKh~G0FqHGW\l/"PZ:sqOtS*>`lQfgPxM:wsI>!,!r#l"$W`QqDFz.~c%~aK=zifzE?kQ+-81Ra
12 (.s98?=<y*87(DQJL6`5<0fN.&r857(<^zn1;w$bD%*I4J/=G40<
12 *90nEZN1Ju/.V)N4C(oEd&RR
12 *?rmqYO^TTjIE!<TR@|d!)=$BkzsbI."yf^/>;vThFX7?j~$GCB4o\;LbPZExg`
12 1QO[`5~ki:KJVtAW&+PLZ9YCs@8oVa1"3y\sJ\y41_]gU
12 2f:8B.qPB$/T\J_-/H[`Ociv|,W3I[WtBpG}:9h[VvK3[+@jl6e<5O3Luix?EPN#\t;uH
12 9yO*a8q?f=-iw|}}[;^m0{`(Bl@rW+8o?#4!:&Y;\e&U}$mYXLa#bC+?0J3SEIr8j?Iz?/@+:zJ!
12 <Z]a)%9zSUqcA!6rMG[nZ(vVHkO4I%m!xK{"i58=%D;_DPmwmE<:!d;[Vrz)lao6{G
12 =*ZztH((,</1Hk]t4X@MrQ1#CirP"W",M/*QM<<qM0\i6i}\6>DC*o
12 >J:xENjMa?3zss%3+JG8
12 @m'-}*4\r(+1GZNY'-*r/3_yYf!~NW0)F6ODZc;M&EwM~FA@meM7w.2
12 D=aO`}q_5h?$%rlOnwf1?GHIYWcTZht}&pg!nY`%]:B{HIL7[MHyt+^h|B=WELUe=X`
12 EKup.'sK:ww{WwO<pcNL4;W>$02"T&rxPi%]+3CE,;A|N+9Y)f&V=v0@BA\u
12 KW@v*eIc8VfE"#[.`zMq8w1IP@5iy%euF,,8hyDFMW7kzyq5`4ada,
12 MGip=96!d".b^(UTYM0X.zD*o|=X2hhx0R%L'
12 O*uSH2j(
12 W?]QGc6+rrg1Sh5p[\7NqQ1[
12 ZJ3hufZR4mQe+!;ns3WkTu9d&-,1ePl@y~Co!}B4k.x1H"7<cEC{9'nnPUp
12 ejjUK'Gi}3LbIVU<>f+B6z8q3ec}2Y?2D+#nKcsIv@,Zu{uO|!p3{)?I*=aUu<f:`$C,g
12 em]I|q#%jQAQo~,rV4A~iyB*
12 f$6KCo'a3V\2s4hMo~EJ>\%I)o3Cc"'e?V1a`QD.);?7NB}XAD=^;BCDLo"JpB013A-sqj"5&
12 f&Vsp,[n'Tn"'BD)W9>Tun\_s`<fV.QqTc"En\N01WKQ
12 og0ot~sc"Jn</n3)LWsB2`3$!6x^BJcLLrV[qe@s0IJXRv
12 o|SW@u0spi/`]R5q]c=']@-Nc@T%oVk<:>0~wY/iC
12 q$Q*\o3z|;)W%fFYk*}'ElY~jX;.0>L"[}E8)qN&-V\2W=jCF$dj+X&01@>ZwiuS#;k+
12 zZ@sIKk?=1-GY38wzwxg)gw}2pU[Y*E)~!7He$"#N.cB
12 {E&g$#Z*xWrIh!JN4LY#Pvv'V,M=j{$fA*N_F*hYz[>c[#L*N&-}{>?lc'DN$H6^k}>L
13 *f.#Oig>GKUSNtX:6**O6|&I>%MSaVuj=$((l+EOU5#$*u
13 *tneFe:WRTExSo$!n+_}9u2O`Wr_M}4Vr=W:$p,U_Ph3Zk3d1-|J#/xc!']M%X[Y@s2FO}k!
13 ,Yn|`{Wls/[cj]^'4<4Z&swXBLSMO?HZxQqsMJ`\r=Zx59~
13 ;8'A-:wG6^;(A.
13 ?2I1Kf<qVzB@H8FZ{Wgx<%BO#Boy+s'I@iY'jtwA+:`Rk(-gx/zONW}PymK?{kgVo[\ZjTztnva
13 ?Dzs<IM5tQ{1O\Sx&$E4G=rO=[uQsRRMvMA32)aAY^kCU8!iU;d=/+A
13 @./34-+4lF&3nXolug<#)g2;]l(pT=JtKX(x!MGlrf:a?EhO-?QP'}jdj-oYJ;N0rpCr>iyK
13 F2`dn6'']iR/E~pZ/7Sv4t4jT_Z:73;]E6\Ne}T]g'l.Aw#O/UaBdtG9o#m'5C}sX[]Ys27[S$$
13 `*%;X;Ye|#vPo/|]mXUXGa7_jp,?au.B:
13 `lfMc%[?;mv!B,Eo1-RO?g]M'+WQQnEMvGytKo4e^Fe;kE,{kwe,y^r!h/;
13 fa"V{2zlL[!p~p#\1Ae
13 fm|dF?C}8^@t#'e>Pp``<r"I".4$]:xDBu)h
13 h8(G%e},S2#|%OG4rg4RQEM;+!Vc9eK"}mc=S{bA.e?25!`)g/Z
13 k}z7KqB&\/<\ejF37<|0t\yCxV85f_SSwNiDZFI7o~.oiT#;+~d!vyC+ju?Roq@h[D-6
13 tHKn1:&?o4yUs}bnpOqX3R2uE$ti>DL^/K}(~%FnRZ^FrB5d,A=>/ONSlD>E#%>LO=Sh[4q.mjnzG>_
13 wpF^]\6rt^-/0{ybBcxkrgb5RVp99_nKPODH,YV!RbIbxC_<(sBy[?I.0;`Hy
13 {VoVTvi8{.vNpV*S.V'rZqwWTnB#`"<]qFN`>S4:`+#k
13 ~47K$f=&$y+/Qw=9ah;7%`3#Uev(oI"*w8Tz9,;='_eqW=+S&`i*A|,1|>8l"Su4'J/
13 ~JI]98N$8Y"b=ER6jw4U$0utHun~qodpT.
14 "/j/:]Tw'kga>5LGygU
14 (-vR+#9m2eR<pslV(s^x(JL.4I@f)O_+
14 );qe{rvD@k$P_$<h$<PqlqXd+}-5AW!I.q0D~AgYG&*A*E*-`s}gepf,nr@1dZ
14 +'z=%lD{E=N[Q\rPS6.qoumwekKWFARjGM)e:Lbx$KTo(H@t]gfgwoz]
14 +DHvMW)vj2ldyR\_-d$$4.ZE'hA!RX{v7D)c61Z<Ca!W5\8[[Ux*b
14 3J:&~!{ivTS\'<]9*"w38<Y@0[\[X>hlJn/VI(
14 7.+.tC.jjvn7"tT9RuuUQ^GKk<:cTY:jfDw["@ak7P=8EpP2#a"S@I9F~R*S,]Xr=kh>,J+]5GttS`
14 7shMuZo:O\~\RqE/GWxvqI$HHDtk`4h2BRxSGiluFlRx^2(@h<7tdTW-wMwrz{?>h9
14 =C\N|OY0=2$7`(0Y4cq/!0Vcl7|}Y?9u
14 >WbeIAFDh_Bm^
14 B9LnlTW=?9aiHmi5XW<DOhMGY%.j"XSZ
14 D$lwivl,v>q~/]us[O}(DFx+-[i@IPa(nO~XF'}XE+WmhM|^7z![By!hUiC=?nIw851
14 HBqCOy?LgW|>nYXP\9M^)R1VpGN_y%9Ba+~1??w'10^~$Qi`%7Y.%%}0KL+EjC"L
14 O$=+%*b;<x_Dv0UkK3NKi|X=31dd
14 \o!cu<dUXRXJstk)@Dl^V'lx\0q3ItD'!DiuzNeS"X|0<\+%.t3h\x>Z+)w2+y-8%G;V*E<DIe
14 ^@$<m4/UYC&.MCjwhy2jbG^LX=9s
14 l|s[/%(n&$OYu)V.XM"aECH7hb@qYymF2a<AfD0'axyq<j~s9"p]^S/a6hnn|\O/XkO?Jx
14 ndqHfAH<`=V>#ur;4`t(GV**44c^wu`"ZlI\.-w*IhGeyT".O1O1"YTP(8/;.*<$1
14 o0i:<,"(*c0@k-E!]6C;D8/w@BG5dU,o!0*V;FwEDBd1iD1GsS{RkFJFgp
14 vVV{ZXs}'j7.TP8*i<1v,,<[h#tNZlpQCGM|;[6AFLN67!3YCRrN}e8KBFN
14 ~<zV)PL[Ok#Z|gEiB
15 !pQEA/"37"fc}UBboY$1e=CGR"atC*z]yL#<[>h-@io>?2;/j>Yjt{3a}sV[
15 "QWw`-sM\K//\?+yCAx(R5c(aJD4-/KHy#@ZJ5
15 "r}VlBS@pqv61<wKW,+z#;j*e|qL#*m${'t$Ib^TTUj~p|Kb*UxF+cO,{Aq}d_<a"
15 )m]l8,XZr,5nsEH-RO27,7ZR.g.1<{-D%%1=1%v>0FH?j
15 ,-t}Hy8=3S.+Mz9/1<8:9shHMT2'9:FHC_Yh8DXpgu_PHBN:,joT5N>-GpwgE>0g8h
15 5rHp%gPaLbdA2NNUc"X.'jxlVK2Wpa/@TVKr>zT%^S_+"/_dJ8X<hQ!7
15 8"!mp[KK`~GU)>7}VY
15 9,O7/0SvAPsBeHnMBg8z0$Gvr~a0/uGi(f-M,l/6Yx]!*BgL*!aS$Ce1BG@jW#T^haGshoECh#]q^E
15 ;tt9C2aC]_"/s2OY!.7Pltl!ES7zrv&P
15 =a3KK1TSjFFNz-\`k2}drH"sy=XXBL#bcAg*k<wV|>?wd6YPHWO;:kIO)<(Jg+.f
15 Lct`L':*}^WW.<8'w[pSQ`tk+v<Z|(4IjCEQI^[a=39dikj{Gvj4q_
15 NxKE:.tJx1}z^dzR9)
15 _tp$\|TIHB#t~K<jke+Ly-,$4eRREmG?|S]Zj2$3n@()&]r,C9WWEbtsHG`)6Ba3tY(_
15 eK^V}bs1w",LFITWi!Z"gA-LR*0v0x*t^hK]KZ)C[No=v^/zyi|
15 h4[,!e9Z"a_J{>}s^&uA]+(%%ntvboOe>+,>oE4pAr<=KTK+YBe7LlVk\ebYoLZ.WeeaE
15 mF8,wpGZ.kG]W?q-\<=kd3u}%!b1Upy]Q2$I#C3*zs'X@;kF'hy:zE
15 skH#[qRXgZ6[UT!60v'"?N^uZYYLe?ZtF=v"IdsK?*'/^(_)}e*XO#N*vBp\`ek'$c
15 un':0#6OkP3h-\/%lq
15 wOtC/q,L>*mG5\tb}e{h_RH_2H&;e(9gixxWj&%)/-P]
15 wcylj-]M3.zuLhuF4-a|AxTm-FxBB@$G(H1IsW>V.8J
15 {{ZC9<~bO5nJxRO+efc)3}>6bauE[~0r6i6i&5fnJo9]C##)i
15 }&q^RrN0+pMNN\N1S$[px&D=F2Y>rwEq|7jj\gn:|XkRxL!rz
16 #ph|pN1B.2WFcYFQJ<71{QWks0=-!v###':sTJP|[(CY`%EFZ\VWHH]<qzIqqe
16 $EeCVn)~mZVT~qpu!Qpg]CymkJItCB$`"$$X.Fqz;biTUtJoF
16 '9vDt7bdqn*jhj#ro3m
16 'yQ6p,ZkNzdUM4Tn19NDE\n)W-bLp2nv-AG|U(Nz!]p@9\<ZxX4Ao
16 -FW~fv[BEoI'+$y$l%^<;^rV,6s"cDe+%=+j4!.rop5ys/
16 3+;[P<a.[,\-dH%\A2+Aw.(29!-2#9-6]ap.|RUrw3~\t>9Pi^p{'4.?N:jPR2!KrpX+]/8U[Q2P
16 <$5Qg&97Y)GqV&QM/Y%;=k,hZ>t6~.{<12(47AJ+I,{~1ML?BktxW;aLXqbr~^I0+PC[p(e:3{S]
16 ?FW|;h>J'/tO<V~:Dpv5W0h8D&xpj^3*%iA@mx%s)x]^i\3.gD\YTFp3e&$Q}Pt>:Qw(J{6ltrfxPx
16 KFF)MgDpHdqC]5Pn"Zq:b$~OZ,DGaK-GpRO>TsI{rVYj&DY'}
16 ^[K>"!x}h$QBFSG8oYGJz#'pHp5XD\`=8,ZS,SQtp>QRp4izlK_gM"r0q(gPcH)7mbi4QVCB/ts:
16 fd$cV{K#G;<N*SOtw8{si~#W%'BT!UK":N~+dd.F!aGm5:pr%Nbu
16 fk]@JN<'QLSSEEb>|<BA\I)_Els_d>@7Cs4?\i`H74zus]Np5p2pTUjxB_r'83WZ
16 k(:hJmRbAU8!&nrIAz-L
16 o3$tB6Mca;K1Ys'lEw`.\\iP4DIHv]>`Vc&pa0ZO(J4nFn55(;1i1b}2z\ph:II,G
16 odu1^v#74Hi:CnC}ki/h(`oCNeWTJ!/:~%K^zg0J04cR#AP)+x,LYz+C`{v+{@_7E+tZ
16 u/D`BXh(7{TRT5h2E8Et=L:Y2+E;t<!sz2]N^SR@QKDO%z}X__2Y
16 w{Ql+qYi&UvaLzL_Y0BQ.NR>\c+"AtBT,.A6;5!@%2<PH$0"3ll@;Zwv>#3x3nM>|)TR>nqB;
17 "qyC7I}R3NYO*?,sA{6eLoYQJXQQzzylQP1"s0T'wHo#"7
17 "w'Z+-j:&i>Vm9Z&qgDu!mBfw"lU$9=?KCxUO}on#HEo`!0l#Sb>\?%TA,+^_a|+&1`n/j^13$;.$K
17 #?OIr?e`_6>x*unfib4"Xf?\tUal6WG811z$i{}c2<\;Me=7HPLCJ'>th2Q;A+nczAfN|OLjfU&#QH
17 $$ywIZ]zDEMxY9z]H(|:f&?U0N9Z>c$["8SJq1_Po-cI`xAC!>\#]zqmcEb")!
17 $}!-<<YAySaU_Jo(|9IS$s07)wTL8_6RjD_BTvTSB,dOVa/hfx#Zgaaoz1;2(Ac
17 (aB&o8e9!<%)p(RxY5;IfUOobw2^%]!-Y\Ld
17 )o7n[X-Y5r<K&=&?#X4FNljMS^hgva>:ko)GbO<vCWBH0a"2T6q#=]ip<SrMO2#;<E{}t8t8oR
17 7Yjw]xrNdKhf~o]`xg-D_q!Ye(p3xendy(T*gtg^F}NE
17 9)]28r`eKxP_"z
17 @{%ZK^!*&aU2D`}r~l"b$/9\x>"mD:S~PWs
17 P$'Xskieves7TJaG#]6(Vif`&0[jZrvE188@%<
17 _Y-WboZ*UTwp|G<fWX@F)H^Q|kt9*&9h^EZA56d&%\1<>M$0@]VH@O4=;)pE.*H(
17 hS0'Xbo1nQ"g9G@bIXe5C-Y}<rTz+MDBQqbDTRoC>,EVReS7X9KzF%4{3$3=Ppx<b\y7Iisgu:Xb~-x
17 qf$P!DSY&X|Fa\i*Iv2;>(F#<E(I_+$
17 s*Q]IW%cpCqkJYX}N<jJ|X^7IQ<
17 tgv`1uc,aJryB~4VNmN-ocK^i%1oKiiAlz<|q!)md6h'57vc?E+/*
17 |Zo,t:bY'xp%mK=cHLCBFt"[?JCc4:b20l=%(:].Ni3<5i:\Qv9vl;l,~K+3d(^ss74zP,D}tp
18 7&]EZ4mi`~"M\\Uh)qEUGx*w3T#
18 ;;c%80o#]D]_kQ9;-5"8TH^o#P$`8~z8o7^#wF"f(:V0#&>JT?a)"[x$,7c]7xuAKnC]5_^=x6f7;%`
18 >;doO^Pi45)KDxM<WE{]uOw5i(E=Jpk$GP
18 F5<#g(cO0J%uG|4ql$4O])G`*IXxDQn&e,Bg3&R\iVRKm!=t?PD{r&\|O6u.fe3fpTi$tV_xGLE5
18 TlZO)BLGf_%bIvr*GD=`G<6VxwvAM^U"K0jmlQ5S1:6tK)}qf<S.q$}jzuFcTz~;
18 V/.D|Vbmgr+,#G\046,zcIj248X(2!6#JDFay*
18 o\CC{'u\&H!sn^fa6RdmxJ3Vxtemb`0R=RtSrj0wM1k<*S8Y@8GSaZ*ZO+c2jrcC_ruRwAdEkkatY
18 p0FO@mDs%uyJ[@2f6xHRi^c~fJZfVZCG%i1EqnSu!gA[BlBX!&E&
18 wxc0b$0YI;d{?y@dG26N.J@\,S?oOd
18 z"53U^s7akM$\7%XV54A*'ShRj<q*qv&sFRc&Fz"Mb?*4C{iq0F67x:$}UtCG'HUM
18 {*Mp7k1SYM\/,QA0@E5#E*(@5$_<
19 6:]NYw1iM<}E(0IP2/)vE)!hG58BgLA22)VlPEL&LphKXe<,fVi\]
19 ??=R#nU^Zw$S%jH~t&zp{&(W~]H
19 LM/jK{Lq/?JqGv&aKnG)93F
19 U&@^TYQ5`Ol@Y^H\,EU]AVS|PSe@W)X-Hwj{k<LL&S
19 e!s^-+dZ9%CRn.f,HmA];F"4b6<
19 eQig8;5kgis-@WEl&n;!`<s[e_%r`Xk$gIFYcXqdE~O
19 f"gE[\aaB~24_qim.3nVG-4z&W=7y@e`AM@7E"w""+Oz7:hELr6.~IC&;z<5;<1v`P4^\4tioA
19 mf%c
19 w-[v6XF|IqwsOcS|{&pO_<]#FB~.~-Bw9|
20 RS39UN//Q;N<F'tWA%]x]bmttO.%AhWrViFFSoT%E#ZjCP]cn;vf8~[.O$L+'$|\(]$ZMWyrtTw8%
20 X}*s;}u[jaiKzZof2q]7DvOD/C$Xp{4CC9+x7<n"8XLNNW5_Ir2li`2w>Oj/K9Q*Q\##3,?J~jwM
20 ]D)~foG=!)3K%&_vK{`3T)N6P`DK0-dlPmkQ]M*wUVCY[=y&,`.61~FFt%ionS|`$k\ha!(QK
20 `Nu{hT+@z@4{$raI29S8MmE@]Pnq^}*?L:VOXYL|B
20 w`o_f/UN4f%jlSymc*1\l6s5wl;0nak"BuzD&jqSRuY?cSGGvq>c)L4!:NJC0Q^lGt1f_=9iX~
21 R>|--C8YDWvtVG%szUk>;gS(vGmo2g1}@H
22 fH63"Z9JSZ*[Y+~Ls"58w
