0
0
0
0
0
0
0
0
0
0
1
1
1
1
0
0
1
1
1
1
1
0
1
0
1
1
0
0
1
1
1
0
1
1
1
0
0
1
1
1
0
1
1
1
1
1
0
1
1
1
1
0
1
1
1
1
1
1
1
1
1
1
1
1
1
1
1
1
1
1
0
1
0
1
1
1
1
1
1
1
1
1
1
1
1
1
1
1
1
1
1
1
1
1
1
1
1
1
1
1
1
1
1
1
1
1
1
1
1
1
1
1
1
1
1
1
1
1
1
1
1
1
1
1
1
1
1
1
1
1
1
1
1
1
1
1
1
1
1
1
1
1
1
1
1
1
1
1
1
1
1
1
1
1
1
1
1
1
1
1
1
1
1
1
1
1
1
1
1
1
1
1
1
1
1
1
1
1
1
11 Fif[S[bG/ez?^b*&A]s?NNNdXV]x9u|^_}4?\i`H74zus]Np5p2pTUjxB_r'83WZ
7 Sk@+LH{q<]$uGyoM-y[`|SW"`ccrQK(?7aJ}*F+_>HodaYBLZ^M!5snH8&)z(m!A%4
11 4Z}ifIa"ncPk4kG'uNymd&?2GZ/o_Al":Yk!#M=,Kl
14 Q%e')[R)Eo}bq:V|"~D:K6nkzGYlWpE)tFJ|"AH_zh"}/htY`6Dt2A/#pKI.G6bmp]VL}:F
8 UEa`\Zx@OuiG&#RvFOwG7Y%IcRbzis(Y9$Tt]MPG]TmcV@t7*m^Aa|
6 ^Kt?>X3`xf#<l8o4Cf4uCK(\#WL0eA^D'n}^a1?ZwA1dX"4z#G,_-3=I
8 yeC4Y(S1|c?JC<[H:JQoQemK@V;unBn&e,Bg3&R\iVRKm!=t?PD{r&\|O6u.fe3fpTi$tV_xGLE5
8 4_b>bMZuhOua/-=kNN2!\HP~`8c<[HdnCHG&0=7wk-Z5S2!=_LWVt(VU?T,y8p$ZSKybg1ZSWO
7 kd4Nxn~yD2mf{9%*rL`d1hvn4b,qZ\6`\d/US.i2YXxUp|x}cY|/]t}pq*|f"Ma]2o3~8|2ltrfxPx
10 9$@).^{g\7sWA:~,;mLU#P$J#ZX$vH#JK\lrUhtL!i$[>#"Y+M/-8LqUAJXRqt8S#;k+
6 h(<7zCiG@g!iF=`)VEYa2YO\y&wosThvu%.qGvSgz[>c[#L*N&-}{>?lc'DN$H6^k}>L
7 hXjDR/J[-)=>a26#B5u]H,`+8Z7dvzizmn-Zo5X08i/2`,>gz;e3|>
12 pVW4TJ+"\&X}o.rGi[zP7va_u:rJoVk<:>0~wY/iC
2 )':(C'zTGo\!S[{2~W6or/sCxV85f_SSwNiDZFI7o~.oiT#;+~d!vyC+ju?Roq@h[D-6
9 J3C{nZ};=)yCm8@kXv-e8RT*it]&V&%;9b7(=6\YXV7`)qLz$r{;EP^J`WO7vmQ0P$X+]/8U[Q2P
8 @`(X]4q5Ks4oHy@Q!;3YCiJ#rZHWWcm3D0j#^]QV|>?wd6YPHWO;:kIO)<(Jg+.f
7 @|%6E-l|*}3,Aa<9+b455nK4e`8zO'U*?Y@c!-`*,.Pfn':x$N.8=sf=TPZExg`
6 (S.zF}M(A%CRn.f,HmA];F"4b6<
3 NY8t$8p\uSe7/C+gpX7UK(4D@*[9$ZmQN@GQWR.h@.~OP*Q[{#2H+_'J$b}AW'r&FTq8A:!`H
6 =Z1/M_b2icn*VlxcyZMUV9'wekKWFARjGM)e:Lbx$KTo(H@t]gfgwoz]
9 |aH+WhtaVcz"8[B\enoz:*hi=4"Yd^_{@BB2FQr{6)}MdZDd
7 ,`$H[i~2^A#O_WtsnevcSB]6D*,2`Z5'VRh2<#]6C`~#Rs1At)?Hd{^D@iU<^%B5VF`rH
6 yLi0Cd-uVIpT-}&W&_)f*A+iK&(rt'PomT:1SFA+n2xz1:lPx18=QB
1 m=Ba9w'$pjcH:5@C"i.%V6q}K88w?XQ.0/nbA0fLzdtOyOq6S;TDjFC6]ZI8M5E]
1 m=Ba9w'$pjcH:5@C"i.%V6q}K88w?XQ.0/nbA0fLzdtOyOq6S;TDjFC6]ZI8M5E]
2 )':(C'zTGo\!S[{2~W6or/sCxV85f_SSwNiDZFI7o~.oiT#;+~d!vyC+ju?Roq@h[D-6
3 NY8t$8p\uSe7/C+gpX7UK(4D@*[9$ZmQN@GQWR.h@.~OP*Q[{#2H+_'J$b}AW'r&FTq8A:!`H
6 (S.zF}M(A%CRn.f,HmA];F"4b6<
6 =Z1/M_b2icn*VlxcyZMUV9'wekKWFARjGM)e:Lbx$KTo(H@t]gfgwoz]
6 ^Kt?>X3`xf#<l8o4Cf4uCK(\#WL0eA^D'n}^a1?ZwA1dX"4z#G,_-3=I
6 h(<7zCiG@g!iF=`)VEYa2YO\y&wosThvu%.qGvSgz[>c[#L*N&-}{>?lc'DN$H6^k}>L
6 yLi0Cd-uVIpT-}&W&_)f*A+iK&(rt'PomT:1SFA+n2xz1:lPx18=QB
7 ,`$H[i~2^A#O_WtsnevcSB]6D*,2`Z5'VRh2<#]6C`~#Rs1At)?Hd{^D@iU<^%B5VF`rH
7 @|%6E-l|*}3,Aa<9+b455nK4e`8zO'U*?Y@c!-`*,.Pfn':x$N.8=sf=TPZExg`
7 Sk@+LH{q<]$uGyoM-y[`|SW"`ccrQK(?7aJ}*F+_>HodaYBLZ^M!5snH8&)z(m!A%4
7 hXjDR/J[-)=>a26#B5u]H,`+8Z7dvzizmn-Zo5X08i/2`,>gz;e3|>
7 kd4Nxn~yD2mf{9%*rL`d1hvn4b,qZ\6`\d/US.i2YXxUp|x}cY|/]t}pq*|f"Ma]2o3~8|2ltrfxPx
8 4_b>bMZuhOua/-=kNN2!\HP~`8c<[HdnCHG&0=7wk-Z5S2!=_LWVt(VU?T,y8p$ZSKybg1ZSWO
8 @`(X]4q5Ks4oHy@Q!;3YCiJ#rZHWWcm3D0j#^]QV|>?wd6YPHWO;:kIO)<(Jg+.f
8 UEa`\Zx@OuiG&#RvFOwG7Y%IcRbzis(Y9$Tt]MPG]TmcV@t7*m^Aa|
8 yeC4Y(S1|c?JC<[H:JQoQemK@V;unBn&e,Bg3&R\iVRKm!=t?PD{r&\|O6u.fe3fpTi$tV_xGLE5
9 J3C{nZ};=)yCm8@kXv-e8RT*it]&V&%;9b7(=6\YXV7`)qLz$r{;EP^J`WO7vmQ0P$X+]/8U[Q2P
9 |aH+WhtaVcz"8[B\enoz:*hi=4"Yd^_{@BB2FQr{6)}MdZDd
10 9$@).^{g\7sWA:~,;mLU#P$J#ZX$vH#JK\lrUhtL!i$[>#"Y+M/-8LqUAJXRqt8S#;k+
11 4Z}ifIa"ncPk4kG'uNymd&?2GZ/o_Al":Yk!#M=,Kl
11 Fif[S[bG/ez?^b*&A]s?NNNdXV]x9u|^_}4?\i`H74zus]Np5p2pTUjxB_r'83WZ
12 pVW4TJ+"\&X}o.rGi[zP7va_u:rJoVk<:>0~wY/iC
14 Q%e')[R)Eo}bq:V|"~D:K6nkzGYlWpE)tFJ|"AH_zh"}/htY`6Dt2A/#pKI.G6bmp]VL}:F
