0
0
0
0
0
0
0
0
0
0
0
0
0
0
0
0
0
0
0
0
0
0
0
0
0
0
0
0
0
0
0
0
0
0
0
0
1
0
0
0
0
0
0
0
0
0
0
0
0
0
0
1
0
0
0
0
0
0
0
0
0
0
0
0
0
0
0
1
0
0
0
0
0
0
0
0
0
0
0
0
0
0
0
0
0
1
0
0
0
0
0
0
0
0
0
0
0
0
0
0
0
0
0
0
0
0
0
0
0
0
0
1
0
1
0
0
0
0
0
0
0
0
0
0
1
0
0
0
0
1
0
0
0
0
0
1
0
0
0
0
0
0
0
0
0
0
0
0
0
0
0
0
0
0
0
0
0
0
0
0
0
0
0
0
0
0
1
1
0
0
1
0
0
0
0
0
1
0
0
0
0
0
0
0
0
0
0
0
0
0
0
0
0
0
0
0
0
0
0
0
0
0
0
0
0
0
0
0
1
0
0
1
0
0
0
0
0
0
0
0
0
0
1
0
0
0
1
0
0
0
0
1
1
1
0
0
1
1
1
0
0
1
0
0
0
0
1
0
1
0
0
0
0
1
0
1
0
1
0
1
0
1
0
0
0
0
1
0
0
0
1
0
1
0
0
1
0
1
0
0
0
0
0
0
0
0
0
0
1
1
0
0
0
1
0
0
1
1
0
0
1
0
0
0
0
1
0
1
0
0
0
1
1
1
0
1
0
1
1
0
0
0
1
0
0
1
1
1
1
0
1
0
0
0
0
0
1
0
0
0
0
0
0
1
0
1
0
0
0
1
0
1
0
0
1
1
0
0
0
0
0
0
0
0
0
0
0
1
0
1
0
0
0
0
1
0
0
0
1
0
0
1
1
0
1
0
0
0
0
1
0
0
1
0
0
1
0
0
0
1
0
1
1
1
0
0
0
1
0
0
1
1
1
1
0
0
1
0
0
1
1
1
0
0
0
1
0
0
0
1
0
0
1
1
0
1
1
1
0
1
0
1
0
1
1
1
1
0
1
1
0
0
1
1
0
0
0
1
1
0
1
1
0
0
1
1
0
1
1
0
1
0
1
1
0
0
0
0
0
1
0
1
1
0
1
0
0
0
0
0
0
1
0
1
1
0
1
1
1
0
0
1
0
1
0
0
0
0
0
0
0
0
0
1
0
1
0
0
1
1
1
0
0
0
0
0
0
0
0
0
0
0
0
1
1
1
0
1
0
0
1
1
0
0
1
0
0
0
0
0
0
0
0
0
0
0
1
1
0
1
1
1
0
0
0
0
0
1
0
1
0
0
1
1
0
1
1
0
1
1
1
0
0
1
0
0
0
1
1
1
1
1
0
1
1
1
0
1
0
0
0
1
1
0
0
1
0
1
0
0
1
1
0
1
0
0
0
1
0
0
0
1
1
0
1
1
1
1
0
1
0
0
0
0
1
1
1
1
1
0
1
0
0
0
0
1
0
1
1
0
1
0
1
1
1
0
1
0
0
0
0
1
0
1
0
1
1
1
1
1
0
1
0
0
0
0
0
1
0
1
0
1
0
1
1
1
0
1
0
1
1
0
1
1
1
1
1
1
1
0
0
0
1
0
0
0
0
0
1
1
1
0
0
0
0
0
1
1
1
1
0
1
1
1
0
1
0
1
1
1
1
1
1
0
1
1
0
0
0
1
1
1
1
1
1
1
0
1
1
0
1
1
0
0
0
1
0
0
1
1
0
0
1
1
1
1
0
0
0
1
0
0
1
1
1
1
1
0
1
1
1
1
1
1
0
1
0
1
0
1
0
0
0
0
1
0
1
0
0
0
1
1
0
1
0
1
0
1
1
1
1
1
1
0
0
0
1
1
1
0
1
1
1
1
1
0
1
0
1
1
1
1
1
0
0
1
0
1
1
1
0
1
0
0
1
1
1
1
1
1
1
1
1
0
1
0
1
1
1
1
1
1
1
1
1
1
1
1
1
1
1
1
0
1
1
0
0
1
0
1
1
1
1
1
1
1
1
0
0
1
0
1
1
1
1
1
1
0
0
0
1
1
0
1
1
1
1
1
0
0
1
1
0
1
0
1
0
1
1
0
1
1
0
1
1
1
0
1
0
0
1
1
1
1
0
0
0
1
1
1
1
1
1
0
1
1
0
0
0
1
1
1
1
1
1
1
0
1
0
1
1
0
1
0
1
1
1
0
1
0
1
0
1
0
1
1
0
0
0
1
0
0
1
1
1
0
1
1
1
0
0
1
0
1
0
1
0
1
0
1
1
0
1
1
0
1
1
0
1
0
1
1
1
1
0
1
1
1
1
1
1
1
1
1
1
1
1
1
0
1
1
1
1
1
1
1
0
1
0
1
1
0
0
1
0
0
1
1
1
1
0
1
1
1
0
1
1
1
1
1
1
1
1
1
1
1
1
1
1
1
1
1
1
1
0
1
1
0
1
1
1
0
1
1
1
1
1
1
0
1
1
1
0
1
0
1
1
1
0
1
1
1
1
1
1
1
1
0
0
0
1
0
1
1
1
1
1
1
0
1
0
0
1
1
1
1
1
1
1
1
1
1
1
1
0
1
1
1
1
1
1
1
1
1
1
0
1
1
1
1
1
1
0
1
1
1
1
0
1
0
1
1
1
1
1
1
1
1
1
1
1
0
1
1
1
1
1
1
1
1
0
0
1
0
0
1
0
1
1
1
1
1
1
1
0
1
1
1
1
1
1
1
1
0
1
1
1
1
1
1
1
1
1
0
1
1
0
0
1
0
1
1
0
0
1
1
0
1
0
1
1
1
1
0
1
1
1
1
1
1
0
0
1
1
1
1
1
1
1
1
1
1
1
1
1
1
0
1
1
1
1
0
1
1
1
1
1
0
0
1
1
1
1
1
1
1
1
1
1
1
0
0
1
1
1
1
1
1
1
1
1
1
0
1
1
1
1
1
1
1
1
1
0
0
1
1
1
1
1
1
0
1
1
1
1
1
1
1
1
1
1
1
0
1
1
1
0
1
1
0
1
0
1
0
0
1
1
1
1
1
1
1
1
0
1
0
1
0
0
1
1
1
1
1
1
1
0
1
1
1
1
1
1
1
1
1
0
1
1
1
1
1
1
1
1
1
0
1
1
1
1
1
1
1
1
1
0
1
1
1
1
1
1
1
1
0
1
1
0
1
1
1
1
1
1
1
1
1
1
1
1
1
1
1
1
1
1
1
0
1
1
1
1
1
1
1
1
1
1
1
1
1
1
0
0
0
1
1
1
1
1
1
1
1
1
1
1
1
1
1
1
1
1
1
1
1
0
1
1
1
1
0
1
1
1
1
1
1
1
1
1
1
1
1
1
0
1
1
1
0
1
1
1
1
1
1
1
1
1
1
1
1
1
1
1
0
1
1
1
1
0
0
1
1
1
1
0
1
1
1
1
0
1
1
1
1
1
1
0
1
1
0
1
1
1
1
1
1
1
1
1
1
1
1
1
1
1
1
1
1
1
1
1
1
1
1
0
1
0
0
1
1
1
1
1
1
1
1
1
1
1
1
0
1
1
1
1
1
1
1
1
1
1
1
1
0
1
0
1
1
1
1
1
1
1
1
1
0
1
1
1
1
1
1
1
0
0
0
0
0
1
1
1
1
0
1
1
1
1
1
0
1
1
1
0
1
0
0
0
1
1
1
1
1
1
1
0
1
1
1
1
1
1
1
1
0
1
1
1
1
1
1
0
0
1
1
1
0
0
0
0
0
1
1
1
1
1
1
1
1
1
1
1
1
1
1
0
0
0
1
1
1
1
1
1
1
1
1
1
1
1
0
1
1
1
1
1
1
0
1
1
1
1
1
1
1
1
1
1
1
1
1
1
1
1
1
1
1
1
0
1
1
1
1
1
1
1
1
1
1
1
1
1
1
1
1
1
1
1
1
1
1
1
1
1
1
1
1
1
1
1
1
1
1
1
1
0
1
1
1
1
1
1
1
1
1
1
1
1
1
1
1
1
0
0
1
0
1
1
1
1
0
1
1
1
1
0
1
0
0
1
1
1
1
1
1
1
0
1
1
1
1
1
1
1
1
1
1
1
1
1
1
1
1
1
1
1
1
1
1
1
1
1
1
1
1
1
1
1
1
1
0
1
1
1
1
1
1
1
1
1
1
1
1
1
1
1
1
1
1
1
1
1
1
1
0
1
1
1
1
1
1
1
1
1
1
1
1
1
1
1
1
1
0
1
1
1
1
1
1
1
1
1
0
1
1
1
1
1
1
1
1
1
1
1
1
1
1
1
1
1
1
1
1
1
1
1
1
1
1
1
1
0
1
1
1
1
1
0
0
1
1
0
1
1
1
1
1
1
1
1
1
0
1
1
1
1
1
1
1
1
0
1
1
1
1
1
0
1
1
1
0
1
1
1
1
1
1
1
1
1
1
1
1
1
1
1
1
1
1
1
1
1
1
1
1
1
1
1
1
0
0
1
1
1
1
1
1
1
1
1
1
1
1
1
1
1
0
1
1
1
1
1
1
1
1
1
1
0
1
1
1
1
1
1
0
1
1
1
1
1
1
1
1
1
1
1
0
1
1
1
1
1
1
1
1
1
1
1
1
1
1
1
1
1
1
1
1
1
1
1
1
1
1
1
0
1
1
1
1
1
1
1
1
1
1
1
1
1
1
0
1
1
1
1
1
1
1
1
1
1
1
1
1
1
1
1
1
1
1
1
1
1
1
1
1
0
0
1
1
1
1
0
1
1
1
1
1
1
1
1
1
1
1
1
0
1
1
1
1
1
1
1
1
1
1
1
1
1
1
1
1
1
1
1
0
1
1
1
1
1
1
1
1
1
1
1
1
1
1
1
0
1
1
1
1
1
1
1
1
1
1
1
1
1
1
1
1
1
1
1
1
1
1
1
1
1
1
1
1
1
0
0
1
1
1
1
1
0
0
1
1
1
1
0
1
1
1
1
1
1
1
1
1
1
1
1
1
1
1
1
1
1
1
1
1
1
1
1
1
1
1
1
1
1
1
1
1
1
1
0
1
1
1
1
0
1
1
1
1
1
1
1
1
1
1
1
1
1
1
1
1
1
1
1
1
1
1
1
1
1
1
1
1
1
1
1
1
1
1
0
1
1
1
1
1
1
1
1
1
1
1
1
1
1
1
1
1
1
1
1
1
1
1
1
1
1
1
1
1
1
1
1
1
1
1
1
1
1
1
1
1
1
1
1
1
1
0
1
1
1
1
1
1
1
1
1
1
1
0
1
1
1
1
1
1
1
1
1
1
1
1
1
1
0
1
1
1
1
1
1
1
1
1
1
1
1
0
1
0
1
1
1
1
1
1
1
1
1
1
1
1
1
1
1
1
1
1
1
1
1
1
1
1
1
1
1
1
1
1
1
1
1
1
1
1
0
1
1
1
1
1
1
0
1
1
1
1
1
1
1
1
1
1
1
1
1
1
1
1
0
1
1
1
1
1
1
1
1
1
1
1
1
1
1
1
1
1
1
0
1
1
1
1
1
1
1
1
1
1
1
1
1
1
1
1
1
0
1
1
1
1
1
1
1
1
1
1
1
0
1
1
1
1
1
1
1
1
1
1
1
1
1
1
1
1
1
1
1
1
1
1
1
1
1
1
1
1
1
1
1
1
1
1
1
0
1
1
1
1
1
1
1
1
1
1
1
1
1
1
1
1
1
1
1
1
1
1
1
1
1
1
1
1
1
1
1
1
1
1
1
1
1
1
1
1
1
1
0
1
1
1
1
1
1
1
1
1
1
1
1
1
1
1
1
0
1
1
1
1
1
1
1
1
1
1
1
1
1
1
1
1
1
1
1
1
1
1
1
1
1
1
1
1
1
1
1
1
1
1
1
1
1
1
1
1
1
1
1
0
1
1
1
1
1
1
1
1
1
1
1
1
1
1
1
0
1
0
1
1
1
1
1
1
1
1
1
1
1
1
1
1
1
1
1
1
0
1
1
1
1
1
1
1
1
1
1
1
1
1
1
1
1
1
1
1
1
1
0
1
1
1
1
1
1
1
1
1
1
1
1
1
1
1
1
0
1
1
1
1
1
1
0
1
1
1
1
1
0
1
1
1
1
1
1
1
1
1
1
1
1
1
1
1
1
1
1
1
1
1
1
1
1
0
1
1
1
1
1
1
1
1
1
1
1
1
1
1
1
1
1
0
1
1
0
1
1
1
1
1
1
1
0
1
1
1
1
1
1
1
1
1
1
1
1
1
1
1
1
1
1
1
1
1
1
1
1
1
1
1
1
1
1
1
1
1
1
1
1
1
1
1
1
1
1
1
1
1
1
1
1
1
1
1
1
1
1
1
0
1
1
1
1
1
1
1
1
1
1
1
1
1
1
1
1
0
1
1
1
1
1
1
1
1
1
1
1
1
1
1
1
1
1
1
1
1
1
1
1
1
1
1
1
1
1
1
1
1
1
1
1
1
1
1
1
1
1
1
1
1
1
1
0
1
1
1
1
1
1
1
1
1
1
1
1
1
1
1
1
1
1
1
1
1
1
1
1
1
1
1
1
1
1
1
1
1
1
1
1
1
1
0
1
1
0
1
1
1
1
1
1
1
1
1
1
1
1
1
1
1
1
1
1
1
1
1
1
1
1
1
1
1
1
1
1
1
1
1
1
1
1
1
1
1
1
1
1
1
1
1
1
1
1
1
1
1
1
1
1
1
1
1
1
1
1
1
1
1
1
1
1
1
1
1
1
1
1
1
1
0
1
1
1
1
1
1
1
1
1
1
1
1
1
1
1
1
1
1
1
1
1
1
1
1
1
1
1
1
1
1
1
1
1
1
1
0
1
1
1
1
1
1
1
1
1
1
1
1
1
1
1
1
1
1
1
1
1
1
1
1
1
1
1
1
1
1
1
1
1
1
1
1
1
1
0
1
1
1
1
1
1
1
0
1
1
1
1
1
1
1
1
1
1
1
1
1
1
1
1
1
1
1
1
1
1
1
1
1
1
1
1
1
1
1
1
1
1
1
1
1
1
1
1
1
1
1
1
1
1
1
1
1
1
1
1
1
1
1
1
1
1
1
1
1
1
1
1
1
1
1
1
1
1
1
1
1
1
1
1
1
1
1
1
1
1
1
1
1
1
1
1
1
1
1
1
1
1
1
1
1
1
1
1
1
1
1
1
1
1
1
1
0
0
1
1
1
1
1
1
1
1
1
1
1
1
1
1
1
1
1
1
1
1
1
1
1
1
1
1
1
1
1
1
1
1
1
1
1
1
1
1
1
1
0
1
1
1
1
1
1
1
1
1
1
1
1
1
1
1
1
1
1
1
1
1
1
1
1
1
1
1
1
1
1
1
1
1
1
1
1
1
1
1
1
1
1
1
1
1
1
1
1
1
1
0
1
1
1
1
1
1
1
1
1
1
1
1
1
1
1
1
1
1
1
1
1
1
1
1
1
1
1
1
1
1
1
1
1
1
1
1
1
1
1
1
1
1
1
1
1
1
1
1
1
1
1
1
1
1
1
1
1
1
1
1
1
1
1
1
1
1
1
1
1
1
1
1
1
1
1
1
1
1
1
1
1
1
1
1
0
1
1
1
1
1
1
1
1
1
1
1
1
1
1
1
1
1
1
0
1
1
1
1
1
1
1
1
1
1
1
1
1
1
1
1
1
1
1
1
1
1
1
1
1
1
1
1
1
1
1
1
1
1
1
0
1
1
1
1
1
1
1
1
1
1
1
1
1
1
1
1
1
1
1
1
1
1
1
1
1
1
1
1
1
1
1
1
1
1
1
1
1
1
1
1
1
1
1
1
1
1
1
1
1
1
1
1
1
1
1
1
1
1
1
1
1
1
1
0
1
1
1
1
1
1
1
1
1
1
1
1
1
0
1
1
1
1
1
1
1
1
1
1
1
1
1
1
1
1
1
1
1
1
1
1
1
1
1
1
1
1
1
1
1
1
1
1
0
1
1
1
1
1
1
1
1
1
1
1
1
1
1
1
1
1
1
1
1
1
1
1
1
1
1
1
1
1
1
1
1
1
1
1
1
1
1
1
1
1
1
1
1
1
1
1
1
1
1
1
1
1
1
1
1
1
1
1
1
1
1
1
1
1
1
1
1
1
1
1
1
1
1
1
1
1
1
1
1
1
1
1
1
1
1
1
1
1
1
1
1
1
1
1
1
1
1
1
1
1
1
1
1
1
1
1
1
1
1
1
1
1
1
1
1
1
1
0
1
1
1
1
1
1
1
1
1
1
1
1
1
1
1
1
1
1
1
1
1
1
1
1
1
1
1
1
1
1
1
1
1
1
1
1
1
1
1
1
1
1
1
1
1
1
0
1
1
1
1
1
1
1
1
1
8 ?8ya&8-'d,}a|xhV-Q[)v-;x;#Ht![BZ.<V3nbSS)k5@d8upiR4zxNsOk=^k3!FA=8mFyBx>HH]._T9
2 ]&G<QOhR,Q&qe,zP1?IzISnYSj33Q_GI~mdPWM=}9Bo~gjiw*4rlf|GT#YfSSH{R7z#)cYA{{2
3 _NBKnj|@9<|kyu$lH|'N@~2&0Y)#^Z)XCJ$MP;(hq?Tk5qYwoyFJ
4 ~$<4=k$z(2hINk/A"X6d#Gfq56Ka.kRG*nZGZ^\{+_ErLn5gadLcGNo[c;X
6 #iN.Z8A*-2k3yh'Wf{$7,MpKv!!Xb6Boz[A)~L(x+g"dBf~RTH%V20<D0=7qRXaM4$oNi2GsyH
9 r$[>|[q'C_1oSV~p_O5KG-"f~@Q*f8CY;928/?XQ}h[kYu]9E-}'9;lSZX\Ao:5
6 0ot\Mioeg"oon{Dvq@ft'aWmc11py<Q*-a!sKot3,d#zz
5 9!fp3?a*A%T=>xLAC|[q!NdNz[CUU32m33__Q[i-_Xc8k0Y/-5<G|;1wuS
3 TL.#g_{&K!9pwW-,~{6opI+Tr
4 Ge3Z.1a[0aq5rF#OM>G!aHws_NMId7!Hs"C6.z]5%],f`H_35OZ/wkZ&(Ohkei4sjp
11 FWJU{}q;9_4e-ulg-c@,wmS@>+)|Z&F!voor
9 V:zsju!F*'B=wq.h8v9VE'-Pjv#Rp+[aDVUJfo+,1LH*Xo-ofE`Fe)2Q~4>+Yyl|jE{}t8t8oR
4 nF}x~y5olP#Uo1]Ty
3 ?v3#Z(f`5ede5|St"(Q
3 HU=S9[/fb|-1!"IS5~0YEGc-$w/`=XP!//*QM<<qM0\i6i}\6>DC*o
3 *"H;T)g%Q1lzA}bw>z,\Z~2^Tr}N112ULso"|r@N>-dxEGq}C8Z8R'uAx/
9 g!=,Gc}}EVJ?@;m"R'q`b?M.-;
4 {V.7,!cnH:!sp?'3{g1}xB`T'afB1{#GRJwxeu#.0$"<B)&[ph:HS/B;P1B44h#*&,
5 ,xJ(VOZ,,kpMs.cbXkx%z9uS/&3e`44K+M=NUGCB]9`lGDO:1c>F7
5 9'7wK"}7D.;O
6 q!Vxs'>V."
3 )QP2DTuCnX(Mj_G.^mx#T#8i#2i6(",0m[[2JQT9*[f/VH<5PP7&lhnnzY
2 HH/.z!jUB4:05djC/67PPevlE[0e9&E`hS)}m/S0BmZVlE4zuefFKwM+T\+l|
5 @7_rfR3Su2MK@!e9g[DG#B%%V-!4BHgaxHTzy#hpN6V)6<B|v!^4BbRw*SGL6/.JV|Ek:.vg]M
10 {LE#IpA$NXNiF=`)VEYa2YO\y&wosThvu%.qGvSgz[>c[#L*N&-}{>?lc'DN$H6^k}>L
5 @>{q|h>)Zb]$^=a>/{<@P1d]k=vaa*K<GH.^Keg@I_CB{?_
8 B_i%73gkQHwPDvVtnm/M)ce-2:KG2+GniKr<w[BJ$T^FrB5d,A=>/ONSlD>E#%>LO=Sh[4q.mjnzG>_
3 LI)W`|;a%NB;Ppl-d>\'}aB84EuG]nw}m[0Sup]Zv"K}2
8 kCN/2*8B^x_20k:<9zx}RmKq(d4u`"MLD{Zo&qM}&-1P3d'K_!cL)/X0
7 %aO~.d-uVIpT-}&W&_)f*A+iK&(rt'PomT:1SFA+n2xz1:lPx18=QB
3 NPdy`F[nwy}n^]<BgJ@C]sXOsRE}[Z0EF/?'T5uf0/V)kqJmViL4w%|'pB&g85-]]ecL~g1M
6 :u9S%o~l:S"-1rBK*b9hU8sR61,b9/=m%o[
10 ZFBv5_H#*CGKx:5o]</S'"heX60tH/v#oSX3+QK:9M{HNzr\%q4^4iAgDQ<o1OG'@;SKk}~&L6M5
6 vM4FtQaG/^c"b(}k,J(2D%F`RqD=>@e
9 Ae{I<HMf:p>>46h"]FTG$"0D5"r""jt\j,@An(()x`GG10I*ptU&,tGc@9r.sF'>Jpz^
2 oGmqB4P:zhR&Bl\1>[@g2/5[/NRf["hKbp=%%(X!p+&Mv{^PW}8iHM_V62X,MAV0L.5Q5lk@3,m
3 Md)CD>k21y6$cPbJgn>D#SpD)(pUTynhvgkXJry\Vr*brhGb+}
6 aQi.#Urn%SW>lNxQ^Y"\;s<SRl\B\Wg>)QfF's5+HlHOU[;56<,jJb?{i
1 LxHJ=e)J1)kYr+38iL!RnE}X8M9]O8Lz1t`MZh3&-}y~)-7-Xp2pTUjxB_r'83WZ
4 n~vn7Lok:)zNmYgU2W4@C9}PNEna#h-,g$y9P%?%GUl5/T%ZFR5ij4:SrC50,\;._OF
6 ba}6p6kM*yhQqX)7u]1n
7 4sp*jH@/_O4X'Og)\#m>:NIo<Tg~,mT?bEHgl#
4 .I[<m[-XZYg6<HJ)jPLk.~$*<@g40EZ3
6 #)}LiD\T|ZGA?+N]"pW'Kk>JG\Fu[S=wvUD`x"51[uR5<;q=-
6 %(Lr{);fVork^%B{7wZ7%2W(P62Sg
4 "Vw_zL:im.d\c[57bV!fM[,?*/Cles?#`<Ic
4 Rt+M9^@qVZ;q7KT&0:?$(_ly=ttbV&6$wd~U#B0e{BYOHeC7n9j[UWo-gdn>%&
4 F<_g1UJ?$?!PRv.p0eR6[BpW
3 tO^RM+HYBHn*VlxcyZMUV9'wekKWFARjGM)e:Lbx$KTo(H@t]gfgwoz]
9 ,7Z`10(=@(Jo\0W>-O^+j-vDpH0j'HB2x7-*F5`!VE+3Tb
6 =Zv`1uc,aJryB~4VNmN-ocK^i%1oKiiAlz<|q!)md6h'57vc?E+/*
6 }
4 K:<K/f}0,(~e&RA6>O3E(^7@"ap4no;Tk01Y{CCfl
4 x+\/czKYE2<dmKNz/PfgTG3:w,Px<kfPv]xtXEN8pj{y6dt^5\FS,\Ga3[3I2[3@!
5 y\IB\f"Z-YKB+Ahrtg#b/h*g'y'3-yvAVAbMBc)N>Sob/ro?[q"%u,'
7 inZ1chxi[3fSB~*t7V;nZuqQbKVQ0r^viFRJUqj$eFz4>
5 MS<dZ-=l)X,=10:AtoS[^bK_4`!=-J6s}lXrx0_#g&Y4PsTE}(!wj
5 uaaIvWYcPg/8"Vftid?xXNW3~Nt)W0bgq^1hQiL"k[SlL:|Q:<Jq%"%$ixFADC)6=S9m=~*
8 n)Vlv1@#TgKx9qT5pFGAR)!UcO-N$w#q!X^3$~OX"zk:(Zhw"1TmSn]R>i!\|#N|uHJxayk|
3 %%f$-Q[.fmQOKiuL&d4
4 TbfYwmU\{_}vG/6B(K@{RnTek0D*GNt#Gj)}RVV}6Tt\},~&pY"]HU^5!=XGjgcM
8 c{!vA4%.5<nh>IP,7w(iI>'l"`.|vY4Zp4k2apYu-I^e-Ip]\4a@Qh-Rc
7 0WV}bb'{EU}O{eL<9.jm6|M?I1oSB=Ok/@jq$,mb`kL\kxx@'c.V
7 hE26YCA:Pt/vECBRn~PTTQ}$TrgJp2tZV'+0cfI
4 Ag_:6mh<+H)XHhx~!fE6C>mk!K4`:L=?KCxUO}on#HEo`!0l#Sb>\?%TA,+^_a|+&1`n/j^13$;.$K
4 ,N2mj]Acw&;NYgK?6P
6 l@n)mUL%KW*W%H&U")UJ,S5]WG*R<>g3MSeH&tp*@t+SWJCYR3$
13 "Gl*nNkAyl6@O"lnV47q:FZvy)>9eL/uiU~Y$&5}-JX[KFd=sz/.\h?V,v*pDR".(""
7 <j6YRhd6)$>^}EvI?h5"Yl/ZuyuQR!";C;ew
6 W1x<KzIGqR*"q[G[m6FKVHz[MPr_|\^n(WEmmn5_[Yzh5CD#X%hILc?xN2Ye)RT1Dy92$Mp^'lG<J&
6 ~pe7"EBO)
4 VP|.k!\&Np~#X:n7eLt<^![m'Y#1!}eVN|}T}ZZLfsh?/Xps?eK8e'A'_C7yA{j*5%^3^S^_GH:
4 (fsxdG|G/\}D*ViV2@f]g6I7=5qO@_s
5 dzls"GP[0F_W!e=P%WPUa{}u/A4,Cx*BsuQ1="kgbfYb
6 SQ@2ge<;
8 w/G9L7k~]1wVD8W[!DdT9N4j6XNnyu%-?KE&{2?Z\81!O#uiFZ?xCldY_3HsCf3fpTi$tV_xGLE5
6 U0"`bq8CTIQh2{%CP]WtdO'LgSbeWn=-9>(z1?Y~g+hxBlVqeI"Jw(uyZX_Ma{Y5U
3 %O%'bV`}q#-aT@O<pcNL4;W>$02"T&rxPi%]+3CE,;A|N+9Y)f&V=v0@BA\u
8 b"iB%[X(zRwkn`Ud/^,1)!~2#,Br%"Hf=LCAB7I=hA)q<^Ve=bu`b0q~;5qZ
5 %l5.%$H,0p0xw1$ea/Q4I{aR3Z;idY&%`;2dXY+geT{]d:C`H/0,EpwWKM[KA{O
6 tNX0dG3!ktCDXGWWa?82ao:gp!zk:bJ01$Ytd'1P{mtTOLFL&]]#Nwi?3eELHnuX-ihpp4Bl<Q[k
8 u(B!#>glFu_K}m"A2_xbG-z{0q+c:|zJ%WJ'1L/V\m<Zv=7)80jxW"tf.~Ka8`,<So]cWk
5 meN5;;cc*gXPTmTZ<).IK]XV:.c4\D^J*Gx^|\\A^6,3>_
8 PsS_S#``?|KNsQZ5qI<5QOtwv@CZINq4BE/0Gnp!'VOz(*JyRe/$P>7G]Y"B(.U
7 8%z<4B7#CD'DoaPNDbRE1p,L3sF1Z|k.<"IiDyk">qEHmu1Lrbq$m8j<,1L"HS/}nq#M
5 qC1Inw)Cn,RI72v*d1C5lI.2X^:/=1h/Tyr]qz!zAl_X~p{c<?3)#
4 hSUCY7Qc}45++`aLj)srimsV)DD>6f49;h[s:Hr|>-:GeAE}=@
10 K.URU/udd5LfmO8K']%oqz7B:H6md5|J]l{3zrwyB^{1H4uNpyX
2 S>MpS#?b;mQ"KV[2&y_b8m;_x6-o!C"SaN^Oj2XmG:~{tNv3T%oQ.\*uJCnhEL\a&=ENN|=u
4 vF:M/1q'U)`.##'ZU'z{u6V055z([[|l"7ULr0
1 [3r?m7m,X?R9S~AO6!]Q6teuHq_[;:nvfaPT3@&+J:C,DxG4RIeVG'=)K--Vm)=,^s`^5
8 KHqn;9e/uXZ)X_?u,[A8QS!NowreM_M3CZ#]r#k%Z`GMZeC![d9G8Su(K$(xcUFA0
8 n1v")4e)@E#au($&-30z;OTZ;h"h?4'.D|IfK0njnqfexij@75UQcD
1 ag'D%]XzO-|0ieu&-&n*T}_\dQ}w}uD_xd$|\ux-$1<luL-$Qz-@4'{wW5pUFOP?NS<,JO8g_m
6 OrvQd}\YgQf6\o/"PZ:sqOtS*>`lQfgPxM:wsI>!,!r#l"$W`QqDFz.~c%~aK=zifzE?kQ+-81Ra
6 6Z)F8\[kOzUbxe_A5b=]L(LN&T1Sf
3 ;Ivpi6TMw;vb>hvMt>H2Cw|7b`,1X%7rMH~R]S:Um#ZjCP]cn;vf8~[.O$L+'$|\(]$ZMWyrtTw8%
7 aI6~F?$x}wU9v$K`M0yr+KTj6LMy2pE.Tt-541.2Cbd
5 O=X?0D84eNJ]Cz{nR%?$P-jM?q(}'B!UxX/)7`<|/!tk{-th1N'`ZqIx}j2%
6 YU0]Vlxba3li@Qfb#~7;"IQ"[UZ-n!BboQA`Y:CUf0YA{@%}?
6 mtbJ%$YOt~g;FPA$zh38*]QKjRxlL:5T0v}45r|Dq!xSj;pe$
4 .2|$}]f<j6gf~-S|$&{Lw]:qK6(|dXi+YQO>Ey#YfLcW"h=$
6 )#>RDtJ3[[#M!N/%+JZmj5H
5 53"6o\7Ogg!:\'YIoTuEDsEHG<\Ttqe*&"Y0woy_ry4i;l3+[)P~80Hxe?hZ2h}Qirza|t
6 6$B$s,N1Ju/.V)N4C(oEd&RR
6 b^`,cjU>XZ>[nYD-A1o,b-f$S.'Az$[*%[Mluq6_5n<>b_J$,
1 .kmDpCxLw:Rse"m9~di/GT$Laf3abb,oi45ZVH'N|Y]|tKPt0U$q*AX'(;`Hy
4 N
2 69WS[})a(/,UcVy
8 /%+=8$@GS*V)A^}*:D^t~_+1)H^U]/HO<Lg<_GtL*c?3CWVv6Ok5J1`Rr
5 FC4!5%e_N&*M@v)@*i|rjA
4 `n_g0r`l=JiwCR(-QaKIP"@V.LTWB24~R"OUJY]N]B?Lt0sGp?+
8 ]y5$y,9%Q"id,[Z^@bs\MB7wy\IiREAJ?UM9z!Xf<BLH}'
6 )&OaqSF(udETbieFCNu&&<O@W%b-%Zm#(/YCf*Fh&Rk~/[[c
5 ,F<C,t?92Pe#Gc6_O1<A#P*xo7P/]tThU+,`~dy15y
6 ]thw*I33Lr%hV"w&DY%IfSe#)S6EvX
4 3]KAl")s]eYQm:0p]zO_Xhl$-[*bI{Yut%7a'Zo}@cO.}x:u/hU"RB?^8HAa_5WT:*
5 0au+9[ZB6v`!Y{%1T0@8vXt:!g%/5GAEDQi\.D:CUyD/2bYeqy8iR.>l0Bz
8 b.(|"1n`+E\ur5}xppEnfZQ,N*s?(*`%7h<R4,M?j*O]YMVJX69?o%J?.YwObB013A-sqj"5&
3 vch+u[kE!mKuGAN`gvDX4tRm0\-UYm31Py`IS4o-
4 {':AK{,BkaWVn=Vm35\(>L0"th.Atl_,r4L>Jry7TR(]*]K=-C^J*)e}psY"`9-nLs-vf(HUsON8-
5 T[l":ICP-`Sg$E$a{h:^x5[D'txUgS@<0HWI
3 ICQLUGjn~E3fGo:=F3.;5C^w!M:lsLmqjC]hE'X_Kj`-tydUGqp[O
6 Run~EM/SF(IGTP"`g'vA]0fb/EbZm:rZJaZn/$]nE'64p|x}cY|/]t}pq*|f"Ma]2o3~8|2ltrfxPx
5 Mmt!I6>]5,A2twu@Qx
8 )A>gMG:TowXXRLT\}/Z#T%kSFEz`1JDTj|<R^o'Ogy(TFu1_@kas+MaP-\2WBo,-(ayfQ!PS5q)*Z
4 N@"86oAa#VyvWTfEBNf"G0iaN0VmKq###':sTJP|[(CY`%EFZ\VWHH]<qzIqqe
5 "^yIO$3\^'23M.piW]aEdFjdwie$]a^xZrC*uU!nu2#C@.-vk)<jhAO`,5d$1]{jPYs`IsP?@lb_y*q
5 Nw5w];B#|wqo]P0WHQo|d}3XZZ7Q"1hi)|b"9?>6RJ@0yi"];pZ:o(qJb)6}T9#v7~3iYP:,
5 &w=$%{Wls/[cj]^'4<4Z&swXBLSMO?HZxQqsMJ`\r=Zx59~
8 z4{{et?YmBW`jw8jXPi'a,-K9"eyF=*bK9*|5!aZ/.cx&y7N>SkZ&Xk0^rFzi
8 DTWY];.!BuHnJe~sm@G1T1=,:F
3 9U-]KNG7wz#s^
5 g;8wx"<B'{5WhT&HXAo\MQgUT,cJ>*%@_=9r>nO^jd6S9U7,v'#^qjNF1M+NV0*PL\D%Krb6W3%+h
8 =YlP4,rIp*IQdK?M~?R.r-XuB$y)ZR)v,0aY;o=,x"]
5 e<xRKd}Syu_^Pj\7%8X)KZipr$6f>u+>2>o\#)J{9+th0Q~O$rt2Io,B6Kx^Y>z](B"*F@"z
6 Efh|DM",8V3!HRn5"a)xkf5f$^,VH;N~NG1'j\U^JLz1Xlt?%EI/Fw1IV<:9pg8YIIy4
2 )<sn.|5Z8+~0rLl~ifJ.8WH4n-D7MIeV!Y_.qs#D:#S-h[Fl\oysb\BQhe#Q
7 i{
6 1b4_a(]#7dfRpOkeaa.I
9 RK7d))?yOz7ls\]}qQ?JpZQR`:Lz5,y
10 (<#Ofzy?w8~8\*yrO(NH!y0R0tXK<uu^L3.N.Bl@s'WQJkDys
5 >J(Z-f=~I.lDj`'IU%)A!$#(|6NqH,1eUSZ|Tv{}?h\
8 o7Hx\[\a8YbFl(KJ"2#fq(Y3Hy{#,V\6m?0dz'FMzCrgeXLfiNh
4 ~FbAu]Ec^$lm)z?IMz2r*2Axbr5DpM6prwL%opgN/UV8j1zR,GF67x:$}UtCG'HUM
5 )fW94h;XsHg~z2VdW/s|-St_W>g8n|Q2})dM,!&!H):]T+\-9P*_?~?1WAH`?xrW=W
8 0r2imG~XS<I\l;!^8X`R4jxLbyW*<[H+]Ndzycmh;7_(k_!$R
7 sxV19s#$)-;'*j/3UKEo".p[ND[P{hS+aE
5 |Ly62B1"Y;x.eb/K@1[+=q8CE0|&BT8Y!LnLn:MbTF+;CS!}~uC<gZ^G%vfFK9:edC2m\^PL?
7 crN]y41he0Q!x|rT".~ED+`#6Jd7x)k]z:;0MK4Mtdg)au]FxGC(b4!ev9\A`&>J2
6 zDT%YiQbTgw"K8\IJ
3 Tb/@jwc~Ai"`eP.^ow_bN|zN"52rv-SK+{jt/htPR1
5 hC"ab~B;h(ehM.w5`1%)mjVO"NJ$BDSEfnAI*}c-&ItRql"R9'tA,KpG4UeoxSPzBpDKnCX/'gawo|
4 RH>\jP~|]yb$pB)|9rNbB3w[5:*AmG}@+<{t'{-d1n#"L,}~}f
4 (Cg=$!8[-n\hXV*gU<
4 @H?ot_B<FK(uS=;l=\qx1K\ZrT%5]H98oX(!Rc<30D)bz]i9;\2e()Zy\xJ;A|R2Ut2CXgU
3 o2tn[?m)!C31IYJ_;B/+;*I-!qu1evnV
5 2''bBQ:8}Y3w=deqE)i7dLV<p&%)\5Z3B=
4 lYoc@H?o`2-)0cyA,UYy~fehD#gUr:uz.e^N/|X*IeLYcG5+7m%7oj:N(">yU4t}5mf]&^[]g)
8 4KyrF@p20/%i
4 @(;xMK%E?F~\?'DoS'@9s$j%?A@If1`AR6:~`YD~~CuYdTIRZijh(UlF2G
6 r@hwbubH4#a/ijng})b4wi
3 .BWOLee^ww(i#]u(+5oA>RH{F9wftwv=:hl!hl^`~!K<w[^$pN^I
4 q
4 CG;xxC+'|M^2)r[Q![_F0=9bq(o`>_6`'jZ:.dAE2:VU-LAG(;m7WA4db$E"|
7 <<;S4#D)Zw$S%jH~t&zp{&(W~]H
6 {m=1ZCld8N$:;kP]Ah`
4 =T1F=3r_\}N6gmCnBu!G:,A{am{|V3Zsf&:>8
10 dbm:"1t"4vD1-->n8hn)<I&pZ<n5?eX$I`WdpM"%^EP'Q)t%,~-bHLm>#vRA\E_&'Q&
5 !9j"z[O%fjY,[sxN-uKfHIG3g<n+^VUx+Zz&PJD7O8BF,Us8fY~/#`[%{KJt<~nFY%e*hE[9
7 N]Vyj."$nG^)y(11CH*:kg`W#5D~4=g|5X2!e4
3 m&eg>i&RWC3O)>0I3irMl2)>j)&HjFb13E3Q09>"ukP}*_aVc
5 LYA?#Ipb!m,;|vQ*';TTAP/M4Be}niEU]!t_Je\dmg~&xQ0~'}SaNaJa?0y.y@bq@ql%qI$y2>!+*0
7 <ze'FJc3fu/b~t}G=,&#-
5 oJ&tw//[^41XXpSg+O=N'R!E1|0spr)z=/+PW9F6LV
3 <}H^HdS{KnJv24o4]xC8aaaXi:0G7`blxEKA*9Wo("f:OqM.&,_fl[Zpti8Fd5M]Yw9}2o
5 7I4'-Zx.^qob~\bhaVls
3 t#hdE3MU3:S1#01<Ow-PyE5p~Vtz71_,3H+rtXH)-69/Ecd0u,_oP/{
3 q87M!JhK}p:(Ok_S'<PD&h:g3MIGTFVFwm.481xP#3qQ9Q?@moc.X8t&~>MS}$y2pB
3 4APZb;|U7&c_4kyTCmOS^?2HLD|YUH%i$nDeE[V[zTU0@i}|WNP7(|^SAuGv?fz\UYCyP4oKgF
1 -("`S6b=5b]Jz+aZ9NY5)Quw\C')DZOjbkKP"/lP,dz(n\{(EV<M(M_}+fBN[,9>vdm3.uc9ZxZd
8 3IZKi0RY)]kGU}IJ@J+n0*T^()S)J?P\gE(kUtE]l1?\Jg'iLLs
8 zU!(TB(0(%fG2&3tWqG*uy][M`Wy;<gQ,gX_Ez*L:p/KuAAgM#qD{i~dJq^!HFQSID
4 %~1
4 (QiBs&0oSm?Y&QyFNVwM%`R.Wf#iC?!>P^@_`Hed2UHdh[Oyn,Hs'5"
8 MHj6i:2th13x)/cX$qSL!$'A+h;&--&.0/nbA0fLzdtOyOq6S;TDjFC6]ZI8M5E]
4 L7EeU2/c?"Y`%nh^A,pg;R[o\x6oy.
6 J6%<G#%>n/^}i2a4)q1<kwK=cL9
3 i<\u:$=z#o,[{g3@;u/kC%|[.k%go,G9[T[1_R7S;3jblD$(:2.vPElx2q`"8BTs1J?o
8 q~Z>Wh'4%)hI*Z$P>wEL}_C;=vKIQ,b^+W{aZ$0_F4COmF!GX
4 BuG\"m@^mT?34}@ptb{?%I;+R3NK*/[K
6 Pwo-mNO>bfCf(Zk\lM*%1w]"@T"-Q}8"1BH}o3VRxyT"T@wA(
5 E@;y'0%(-vaZ5nY/4";2^l'uY.kyAzheU%yu4~9Z1y5`h**8+DIhKPx&wd~S
1 [:x[7>_%*C^//y2dM@!2kY
5 8Oh^x"aE<,FYG[Eg7mLE|L^K&"iWweS1OV*IW&
6 6x|ufdx,#u('J!:^u]~kWUm+0D:W{|H21
9 |G]fkdM=,U.dZA\-Bj7MNM@oC/Ntek}}N[~:@MVe#}d\ZAi{F;
4 \
5 yf~QP"?p9*`gS\`31kL\k_1g;7WFH0@Bu?raZLR.o30C*po:vV1b6\dPrVvUfQvv+&XekF
4 FX(iLXSvjgfF'.zWr&ek~(}("%=gv&798e|Y_I4w
5 ?(lvV7Eqp0sR8rxwn(O|<B)-xG,)R@t-G|$84H*@q8q*
5 7z"*nG,Tz(3z[o[>~jcDvu7\DUal6WG811z$i{}c2<\;Me=7HPLCJ'>th2Q;A+nczAfN|OLjfU&#QH
5 ^PBQw%m?ZOSl$B;V9X8%~<Qh^<>Sl4OLd,8\1&6&nh--EHb^;5bTPN=/iu{pDL=CWn:
8 tnYIQ*77YOz7<3IR&[LaUH-|u#f"{?~-Iroy|(KVpG(GYPxxGFZ7)#N:%5;<TTb|HR2Es
5 2>IA&[Nn248$\^t=to)j^\5UK|/lsF1
7 W["0@5cF4tX)1';IW6d6%>u*mVphHTD~0_JjtHK)=$Kg*f1z711;NA^VvO?Z%|Y
2 9[c&\ZZQ"JkC-[/MV#"yX$D2D@lH>,}q"{vwVQIW6O5CED+{FG19JTK)08kg]i
3 GS<Y]Tu"`j0@dPfZFyY4@mVJ<7XNzfm"NWi""b*gZ9(?$
10 g${UtV@k}+zv~aWtM.=D"{s472nn`'VH*l89DH@o+>m+U3Q!
5 BvDU$aKEgt`"SpymvQCd[l*1E&HlQYgrj,b)l/hn>c,-T&yLVWKLDTv
5 {m]@${R,
1 63%]9T+@z@4{$raI29S8MmE@]Pnq^}*?L:VOXYL|B
9 3%e<BN^cLW
9 D[aGM5/Z"a_J{>}s^&uA]+(%%ntvboOe>+,>oE4pAr<=KTK+YBe7LlVk\ebYoLZ.WeeaE
6 d04Zq<ZlH=QE2/0_,9/6Aq7BM_#%D+eC:4|FiW33/~qZ.<TSTbi0T;Q<ymZ>wZ`Ln]rrO@@wY2R#M
4 "p8FsK=T\JPZFx7Zqq\YVT(ybA[wR`tS
5 &l,IwGl,_jdMzQpGCoS]/[`jZPK4;[u@b"$[bo"][eEpQ6Rs'&ROzM;U}!%9[yr
4 `EHa5Y+w3,lr0[un{<y}pLZ`Dmv4#?{|}Dx48$,KIwXYSibj&\$vCwW"eh6#CL!
4 P8W95MDT\-d,R[@CFFxy%50_{+9p4'[}Y38myu]W=\|n8=Lx}Fr#Z
8 fFZQV.uY_63~$@>N8[l!/y|]Bg^yU:U4H{C%>9&soFnr*8d0.RJVfG5)Jr=~--4n*V/G+4VysEl}
6 x;up
6 -4Fqj5h5~CtxZOjL-D#ze{]'qUsSda?,1~|z5!1ND@G
4 F_kdC
4 WAQD=D[LS$7i.P*BQ@=Sf*x%!+gmb`0R=RtSrj0wM1k<*S8Y@8GSaZ*ZO+c2jrcC_ruRwAdEkkatY
6 T_shhB#vt"*}!|*P6WvjK7nVf@rcTn5ChCFk
4 <#g*dWVW4Msmi{Q^wr;_[].$j6VUuO#LkiUP\G(+szww3Iq+<-&3%M6*bl^YV`@\e
6 ^EnQgOKw6qipT,c~%!D#2]CDQ2(HR3BKqK7Zy{l0nV;]{9]!S">ex`*K-Lr_x
6 p\D9WZUb22w~kBcfcDN^gA`MyGN}u70"/STe/*HZ<ZYB8WCzzpsbLTJ`64_,d*-r]zX'&;`[1T|H
5 E9Yo72GXA;`2CEq9L/P</crbGvw
8 iZ/8O~eVKGGz8[3!F08M
7 3rjmE!CEz{$yzGon,D9]9#b=D8Dick/u^x~>4BbI>fCSHMCm,ue_3H{Vy@Z^Fin%|m]L0@t
6 Kd,Htf
4 5hKP}}4FK5C.NX}}_e(sNr!B678raAIvEsaC-t$XE`!.:9,4}MBf@CCpsZ}p7Gg[;c9HY=!9
5 27|YV3[zhj8niV3tCN<[x*JIymC7m)":?9.1Ki,NT^>XOPgq}%M2H3Z\!8/)@0\yHj+
9 SRF0}$K;0f#"zQ@[IJr/!:4>)?R\{X{v7D)c61Z<Ca!W5\8[[Ux*b
2 BYWyK.\K)d+-</$~q+-WS#ZZ<KTSkDPH|BCbO:.q989TF=SRay+6{d+9Jx'PWV4T4pO?Jx
5 hL{XMBs"hE]F!/a}L5D&Q$wzFcG6ELu.3r"_Ot{RUYwU#smNDMmtP"oH{P(8iP\8
4 UHTvjB:6`j-b05NdD.\1>zm#
6 ]@HF-*V
2 alMkw]SZ",d.7elv,S~=%9k\DEpK\\lYI:_[3364Yy\o_I"&7<i*A|,1|>8l"Su4'J/
6 x'x^h8ixR#/"#?O`yv^%D^;O`fAxo
8 %8EQq&}5#S4'XSN|ZG/LBKd~:r0d2;z"wM$[a-|4=Y20G_-"BVh
2 6y[9rM>[/N)97yb@J/{mMaa03S]Q^F'sZaGg
5 v~o$`=m;jlh2ox!xgp)*ZlK-uqNBUwjP;5qVd@3D#?+eTO4R2'>v{k}u+
2 j[Pz2]tKJrP^we;c$wWoqM/&U_;JI*kN~=cKyYv
8 U,+Y_VNIfz\k4kG'uNymd&?2GZ/o_Al":Yk!#M=,Kl
3 p!mW9||@8b_i?tB)BgaAjgP6ALY}M`Z})[I1nuBf1n3!|LlGHN#36RHp9<n"{c~@?cP.Y-0
5 xpsQ'nQ/.CWc[xo{8;`Ud(le@tWM.T`A`T.fC^0Q"fOv`Yr3sS#runXP}0}F~^g
7 5-?|BDY#V7ig`Z.[>MC5IH(5Y|\CXYl(e,&(Ox*AK.C,$P#A9_o{)3Ka0)
5 yq)\IeOYP%H|!{m_I{9z'YQN11-[Z!)F&:jmN'l}F56F2?AZUYo[3A+^QQT,Q]kp2Wx_w
5 I[j[Br@!`tM~_yJr#I)%WB9M$Bsf/|Cqs/N6"mPa}|z]vEP4)sR`6k.T.<;V:]bHkKwl:HhR_dJV*5%
5 BzY?MU!nwT(7{{t_PsRYom(F!v-djjg.![fsM
8 Mt`omo[*WE!R}.~.a#!qpsfe$L:]I[]y_=Jhg9.7uj>c7"*IKn.`~0`=[yz?UX9O0|92QFH
6 F(gUH79Kba}l922Gw
3 +^uz29{vOlgSYNY;.RTT%0QmX]9#95`jgV`i#rYhsfA'
5 qh(mUMZPM%!
6 46x!_b+T/)=(q3TXeuq*'C`=jm.ea8&0g}KH`o{*wT1i"d]guO,{rk9wZ`w<
4 >s}*)KM?f{9nWZD|_GBRg<;!{9M?&Aq]5,f>VO\=K0F=ji:JKu
7 ?M\A&/`nPbM<9=fh~():Zm&slEZ$rnNN`c6e.vnwsW4.s6u.=9G3(gA/-z2:i`
5 I??m<`(9JyWQHp>.")jVS<L8o-nu++)_2`t_#Jf!Y+7oV3j9`|n4TUeDaT:'x\f,Wujs@Q/x
4 p\0'B`^TbbK5C.z;>|7|M,!eU\%YDA7O8FV
3 SdisT@0hy1iLVX
5 :DR$1h@Oi..~eKxGx2lf[AQj%Rm(A}Iy}Hg!=Oav<"u{L[I,(7-bq^g2KU9km|fkEh({8hsSiiiP_4
6 QsYq&zOOa2]AtS0IFis(^|P{ZYA{+Tm[bGNh\|R>J1_Y}*=^.1e(IP$>D_:NN(ELirOF+"~
3 reKP]anw~L|Ma17}J0~2a:o1k-}7aw5T^z?Vv.ius"
7 jm'`kP4R9wjIJ.Pc5)61a8aV0G5F(t"q|(liq"V+4Amy
6 )0Y@#B,9I)27c(wt`^o>5JzI5/:_1yU9DIsFj~xNB+~&MvzHV&!&i
2 W9From='aU.UI'dCCMI8zxFOXDWs<\Y/t;"d)>&is3YWT?yv']I"VnPJNB>i}v3r24XTlwY`
7 #C@+|~xk>
6 })2i|g]:hJ=;XkS*tJ+1@_~P`|/r{zy5?,~<.\UuA-244~=)Ib9$BRT#O|1e4+
5 $~[87_%^|pm?'3\]6%!$]jN63O#~x"g7!]OQ=S1:_
4 wX!y#sZnK&XCHFd9|/f)xXqd!nTt'>791734+(=U-13oVv)mA*1Ta#S{q)-3FCeWs3&~:BnaR
4 A'~NEucD}4X~BLr$"gkFD{2;yDD<miEN^]k:>Hxp`O&]dwz!zf`?}rt3Q9N?>.l7ksjD<cO{NTs3g
6 .rZr+43ZS"e0|8(}i`Gr'Yr}3kL]xHr(<M
2 #r1XGzl|_-@,n>Og>)Llah\bQnYHj{AlnQ_PLgMF/)R|F"~}DLk&OH$!7\b#X$*an%2<kyay#N2bOKa
7 BeUPA(PI:@`Vw}lo0_GzdOL]g
4 DA&Hi~Wkbd;Wy`t,F"4.F|xwTa3G++kNKp15p#!mfU_
6 J|m.4:)~rqF2@@;mPWDSJ~b{c0TgU/o~Fw
4 }kY(ET2g,1m~JDv\sFW&IZ\+VFv.9KhQQ\XuKi]p6Lpyo#VdHH%,=z6r[G<t-?F]6:Sa>L
6 Mve7>_OHKo<3G26#B5u]H,`+8Z7dvzizmn-Zo5X08i/2`,>gz;e3|>
2 aLPVUXd#{c$)0=mVOw|>|b1SZ't%DI9@0$2dv1#rs-cI`xAC!>\#]zqmcEb")!
5 ^8wepn7_KpJuT"EZ
6 ;?n+@~~8HHHBC}G#A0?9W.N0xUfDTIs+gb5C|NZ_2$"T"HW\Xuu0>^@R5A1$i?.R#C
7 @C{htUd]9+fQp3w*<;'z"%brNy]8~!,@D))SwlK133{$E/Gzcgudkrr;mPllk3-0UPbNW
4 RVBo/})mi\|.L9s<tvU~XTNGMs')Db_
9 5jZ"rnc\:'(_],%]e=;:T$}AX&cK>4vl}Qm-@k$tq+nPP
3 2l3H!/D!?|YG?2(U`yLLxKCSM/Tb&EU8Lgyf2XfPUZv0k:~fNeNHK,zw;Ou@
8 fs80*%}g,z6O1<Teao-Y-z2vqqZTA&P(x#Q#'O%2K;{upPvR[$Gg9Xx+JT^&Y/Hl2x
5 wWg^B~$IU4:NVpc|]ak9WOGBeEJ&Eu/=h26E1T*!#C
7 Tc'[[(-)#xCj[/Ch2Rlw|9%*S>XPyEOVBbBWJ|U
2 ]>
4 H
5 \X>~bI+7Z`bXv?=aLsr"tD3
4 #{9I9nO=E`Xl.<8'w[pSQ`tk+v<Z|(4IjCEQI^[a=39dikj{Gvj4q_
6 Mn%\mC3[DKDN@/Bz>sUJ5$-+Q,@\eYM3HkoQI=G)g&V(43#RBW{VtC{FhV$N0jD6
7 /cf;!Bka8qJ8;tP;D87D0j(u_~CZ+oGv;eU=$/.7D{n
2 ql;XaA:T08~@Cx[0=#p>2<.'h:&&5"!'m<xj\MY'dXFBR=knY\-j3;p6nv;$3VD!qW&h%^+$8j
4 B+SK4.-m'h&LcJYJ9)2z)^xOGiE+%|7FC%-VL9_S=d:!I.J|7
4 CD(aK%;ejJO+r--\NM[7rk5Q&HD?j+KHOlD5-xyvDI<7Vbs?1iU>pinu3NO8Xy_
8 38_kLpq+;.zD^Eq!bv:t*-AX~u2hk:isEf3ggA/"q]Z|X=lx5=*>jtrx\?{bYeV9f$;N^IPkAE
6 \qgx8Z;<Asn8xq:?wGTiTYi[Xqs`r{4CC9+x7<n"8XLNNW5_Ir2li`2w>Oj/K9Q*Q\##3,?J~jwM
3 pp4MOT_+j)_&:zAS}W.?WghU],1x&I>1:R]h'W.p`m1y$lM"Dt[6\^&Ti7N*_k:5X38yiF&dNQxk>
2 l{VF/yv|}J7Rp(\\OT+yHj&,Sr[YDYb1V9W~MN7ewN9$otz?I@9p,X7^LqSof6!WhqVQ@m7SVO
6 Fi[9:/X+4=c[uu,YNxm+$TyS$C)\;"mz&d5?r(cADa8;W]/'V{KtjEbn#kK=(SSG8#eF*d"g`9#9uK
5 Z}ZX>?Bf=U!3ch#eUD%4vgnra?JPXm;Mkt@E4a,j7,85sTyJx:w+<#||AaM4PgzV\;z,7'1g
5 S1_f_~Orl\IFE<%|5k4`Fo|@{Fxxp<S^fNEFMsS:k{_1S~Hg&\Hef`&|'~v2UdoVM
8 4CV'WruOCTUfipDYH~'2(yNfuUr`v`k+?]LuP\Er25sz@9Th8u5Y+b@!R3zJ/"nM^;]J3$WDRLY
7 h}^=xo7NC[v7"{6zdq@c3(ZHjKM&PR<:P5Vc%)2HcCx~YJ5><o"Nv\u{B
7 'k;~C#iu}bmnALdQ9YfP<<u4O?Ff++IKucJ9eNJ}1R)l}(>8`?g7tweD7FE*YVrm.
8 xi[u(;?O7$QG#>;tr)`y0L-W[b(X1x"*}v:&3Ync\A+
5 ~`4/r5)bTS5'(+,O-G.tK!'nRkTzL&feeyts/|VbPjhW0/'<U41;OR*">^7i}|j}
4 tqJy-].#-1,'OdS2rWl9FFZ:8/l{"8xv*C,P;TRa~x
1 *^dp%/Fi;HH]ik_'*`Xd(a[+:24="jZFIZ7Mh\R>?y{)!uIDp<)49}>R0l*LWdq;?)$B~U_?iu
8 \U\9Sv/g3t(1O;UAsgN4B97#(Gl1qm6OC-#1%23Q':aonQK}Sx2tLc2mE}}8kO"/[$?yOQKo&G`03F.
5 c(Q]*:86zLW@'%T7si\rgR|~"D^P@'l%H?{lr5=)`sI"w|Rl#/y%av%|U|Nt$;4es1RfEno@b9[
6 ;w2M3g=Y4w"U3*k&d~iH=/IT%E-}{dk7v8}D;U9hM:?z]E
6 ;FQSk~k9Blrd1cr&|c<Dev_J1B>g\V~v{kJ
5 c{A82&Ke8U"TR}05eC~MXUDrkiDq6F?x]_
4 (d:lV
3 OKX4KiZ",IurZ!IY(#@`d|vJwngtnZ2>@%kjmak4+aA~|ir%l3~kK1P]~8R).}`M#M9%*uJ9EWkc<
5 IzoQ(["E$B.$h?<s-~cD]F%O+]7BkfY`Sc4j
5 Q{?/xD9pGMO'J%,`v)tqSRczHJWM0$E`~co3(C%hpmnU-z6$>,u,ws(@>x(g7LHPKRbR1"<"+EV
5 +:lTuZILanyv~y]EEV-iE$/L!wN;Os:sHAc>6-%v6~m5xfsYW!]7?(b?~KtO@I]g
5 $bV,gAYfT+r0tNz&\_3Cg20p+zI@MuzjXkuZ.iA{
3 `95XTU-oa{TRT5h2E8Et=L:Y2+E;t<!sz2]N^SR@QKDO%z}X__2Y
6 ,/aX^H>ZAEDq-\Y]qL2ei{$L<1quvNb=\EtUlB7XY8tQ5cU.
4 gtY<5$YFhPqjCe+r%f1wrG%V/-KJU*E)~!7He$"#N.cB
3 w(/=pZ^qnR(/D%h@sz*8@}$,/O}(Y.;kO+#nKcsIv@,Zu{uO|!p3{)?I*=aUu<f:`$C,g
6 gm`4V]D=ZXk,$G42Rx1hMz<HP]95TEN<NIi%'/[HQL"ZFHk3@;F.;ktN]SNG%Cs
6 _0ZHBD"TDF<kOL_\7bM(1*/LtiR.j%!dOZGp9H`]m7cXb]5x@{;jAI
10 B@X?sZe/3AsV{3p5<3[)]UTul?g6{uo>PH\D=CmOca@_/K/J^i
5 VJPWGFu(\U]A$ET?0D}Ejl5`*{U3tPT,UpCjfTNHA}y41"^$rg/="j_3"UB|)$)]tebuU1>u08D@
4 )ItaBAghC4.rlSP`w%@Ey)(qQs"*^K/5a0=I><FLtdd;Dg
2 /(IZz?KCr\IOvx0a&-p:tpw#g*Acv]z
3 Di2(!xrz@q|@aT3ODEtQPuKrxos
4 5`9qN3/Z;FAH/=[gZe$2HK7nG/hmBLq
6 mac{H`#)~7v_m<:i1ap8(-F8o2t~`g&
4 %"Qa\=E[e1!%iLMH5,r/"sw_$&qlrSQ3T#sLZ:BZdB^h*FK>QXLlL^MPdYWW-*
6 jb9_tfJ{#Hn09"_'@4g#PAomn{3q`%Se
5 5uB&LGIh/E|-#p"\k5RpK"C93MN{WQ['a8FH_n1)NI6QTQH@
4 XQg+1c#b9`
4 /7%0\c^LI+s}A4SzWexZ+*6
6 SF*_YzH-Fo;(fz/hjp~$=a!;NSg_5ygg@,G4(+ZM5tU.\(>m=,$v=011_..xZ_8@]hc'sUwqom:ft
4 _q&\b#Hh&:w4[5h*_>XLHsiA+nYBYWS9dX0
7 2R7X,;pf]E|>\MD<`DTO*lL7Glp?&4]8e/+pI6q'[n^R=$
7 1^gs5Nf#zl*@NRkATi>Hv!#y[kbr=17g*}[>f\ZaIc<3Q(m&pFg#G%{#oxtG+F/4^&lEaGAFF\r
8 4)CoxTK&!^9~7[bx/e;`TXJRh0e.ERCXZ!cmn/sn)G)?>&8Lkl.ZEqGH#GUax3:n48\
4 nXb*s{*
4 '<B'q%?uDPa%m6dB[DC64|j%A8i;vG38cn>o.vekba
3 /'ljr)3Nd7]y~j$n\lDqN]i7DYOp#&]Mr.\5S,]{W)Cv!:=xscLmU\Xw`J=|i
7 3:S!T/L#w(ICNf2c)+v]#8ci)+5
2 #+AeV@?jmP^Tr1C>n=V"Z?-:_4z6]"nyFJ_7i9"rh_Gv+%OyB'6
5 5Y!.<r]yd+0o9(<=3-?z</RmxbhK)1+W%+e@9]:|gdl;')q9O<S.q$}jzuFcTz~;
3 kAG@#1(PJ;grO)!D#.=/|;.t|vpmcegi'IECtLr?#Z2kc20!Yg/q#Vf:MW(L=*6]St!H\sf^h3Jf_s
8 a<%5X%buKV2Kn0ofPz'*L0Gchr+uKeAz`YRb}=g*JCa#cvH%>;tQ/VO2IZ(tZI+<#\9
3 01T&j-bp.zZ\Pe4Bo&`_@I7i<-V+T#"d3o%87f)Dab!MbNnRnP2/xbw5*h?^jZ]8JaP{br@Dp[pS*
3 >&IS[-!)fm4W#Rdvw"mSY2"l/u<._~k|%5jz[j>CsRyu?xl75tin
5 ;n50+m?_6`7?lC[QccHj+%YL/DMD1ytehvfp-B%
5 <YB2Fz5\vEfO0/-TeiBOg>nafT+13s9N
2 fb&BsO=<y*87(DQJL6`5<0fN.&r857(<^zn1;w$bD%*I4J/=G40<
6 Dx>Bg-413,X%9A
8 C+V`Xh#8F?<ZQN|4Px_xexYx%a-P]Cr;Mc7@MSq.q.#Cu:pGMjZ4d4G$tmmlKzC4_YS--`T:)
6 ~6(!\iqy`Wx/zP@TCj'YB]mpnh?/0~WI5yJ-cV'^.:(CjGw.L9"*u*yeqS/=R!e#yJ/]"O<IhCl
6 ~c[^v-:qSQd$&0dX+M<nOT`}m)\e6KL5/(.ANH3=43@TB&GLlcUV86oAXL'mvS>AtKa^P,D}tp
5 1"x\;rJqqc-VqpSCfK{VV%kLkG`QSUscW)A-zj})
7 faX^GrBd&4ov{97QxQz\t#,/?*ZSbk3IMj)/wd.|x|/tQE`d2uAAwfP7pE&S1
3 ]c0sb1FTrp%vGK4ei=sb<]s8,{D=R0J0ss>V&cE3nID6tWzx/n[dgi{r!@JRj/{x$:i)80;(X
3 @]'1Q%\@N>Ua8{GACT9?.YDHT~r){;4<wUfIYC=GIB1grt=LH9
3 BCVw,&0'byoGz~,rV4A~iyB*
5 z"HH~7+r8l$$"zq=NB:AN"z7sgv.NVeIW/-q_7dw>hz?}(vgI1)
4 t]P"{b)*)a8*%vpatR}-jbEY2{:-TAed96e63)YVi,_*$
10 ?B|;S77+,dSHCT_Q$ucq~Dwo'<]>U"1s]H/1_`U&_)N=wHmzXQlW0~G
6 '_um*-ok6:?Q5EpbG/3g9;p6M|1kQvlWp|_6*i<Y%[+S;76bEbd]|p.em?QYPYL[V,p
5 ro'k}Rh"j`#BKR*MQP!hn@d;9\UE(&2y0S
3 (:gQ@r)Xzx8;QzGeZd\_CHssU(NyHy\g,\=KiF$~YV;+k{,F`g'$Ky
5 1fWDUxtRtj2F^c:iQ[JlSqQ>v9Kv.;G;Nj+&RhM\w;qcDnXY{!c0(6'%O/pwcSM3>XR
4 1]=Dc2#\H*67_{w7:^kd
5 "ab,f~$.D4`q}FZTp-)~b4"n-g|&9FO:)2_*Lb7o22B8J<<U8\['GMQDB\-J[b3l%}5C~B
6 P/|l=2q9C17w.~tzRe,xeppm{;S]"a?]UmGu-erl42nVacQ4d]GJh89dl'\mgzfWi.N
8 yy|w
4 G"Mj=QkR_\x<l8o4Cf4uCK(\#WL0eA^D'n}^a1?ZwA1dX"4z#G,_-3=I
4 &#4.kKcHmoA56d#UY/{VL5&sXE!p7EP<GdcM0Ht}RQMh6O>nwU`D%eR\+Sg[392Y8uAGXP_E"
4 kI3h<M%VT^K<]S_"-e3=_c[C4>(7-_53)a7E/;6TU.zXb.Na4>=n<=H.&G{w_-4b
8 mPCNy{*`\*|j%,3`/QQ:HZEkGF5NaPs$"Qk6g0uD
1 <c2VRKm}Yg/r85:[<o]10U73EN7%>d`wD=]wgeu\N@OeT
2 nP[]I4Pwd9j|WR0:diu!/3_yYf!~NW0)F6ODZc;M&EwM~FA@meM7w.2
5 tHy"C+/3sL-1%=b@-2t/
5 nWIkw.qrgh![Xc~F.bDXZe!sG
3 o*nYDu'
4 y9FntNs[C~RXxS?"Ys`O/|?.V*h.@s;T-a^<0RwlkJFe8~",ra{;EP^J`WO7vmQ0P$X+]/8U[Q2P
3 MrC~ncy<b?AX0i8iM%MLP?&{laKC9k1f^mehlz%O:_BIcYNK]zw/T8+Axod3[0xU8^>?Y\n/V1q:&@d
6 {pHO{uUWt/&-8~=0pZk*c?F18^VE`Kb\V+,R!{E0EJV\cI/AA$ibKQj4TZ#-YX5SgZV|4=zzn68yy
4 6d?=-3(&,he!~*#NCB|]]QM@ht
4 lPe1_`&o5kmh,NmIusEGq(D(.ttiQWFs=OX<L^($pg_<rM
4 992uEX0F]g1]qKF$4dp>atx.8@rey<R3n}D5qmtOU&Gajld}QpVM!jtR+$8@nS|`$k\ha!(QK
1 Ml_@./C6kE>D^()hC\QC#?vA<V%?CAO+#OE;6S
5 .@iJ,Kfg1:,]&[x*d9m!keo2l0]#?K$g'lL2R3
7 6
1 c*vFP=jK^aEp46'?:gEhO9srMP_^q$`U-q7wiD1(ekcS@2frM12*.HCdvTP<I[|jp2rto>7UE
5 le~t=#[&GBPBX`m/I/l~AWYzuVTDN.w;rvK
4 J)L.P8mcc;rMFRK=qS$C%cPYB\v0zK)`Tom%Bug'1umpH9I:'Lv+Ja
5 ]KSH]RNCMNA4pOl!\9*NH4<;xx/K,L^p~PHOJR;|^98X7_>_3G.utc1)\?ngjMr&|UTb)n,O>(i
5 B|@%&f:Y0yW/*N:$X%2Tn2FoHaO%1WkRoFp
3 1G".Tw?zN}]SBEul;Z3M;FcNr"rT~@2J#MWVEuQs0Iak*WX^Lk,fL+P?,CsE|@o~maoMX[[#@
7 ,}}uo|5G^OaH/
6 AGG&Aif\-ww,_I@N]o3}nGYfb1P5wn"9PbXqLYNrl`}LD
5 nN$"qgO&4BD74`IS%=WM$EM&M;Ur2I.<21W$3'C`c#vvbZdfw<N6EbtsHG`)6Ba3tY(_
7 ;+dsoJ,oPLuKo-_KDeUX&aUT7jqM`eNOz(A=J|O
2 2_@37}h1s;&xLeqJ~u7[A$IMTfD(MU7x6q-fo02}d82K8%t8y,.U/V#|WF&%7V9
6 L0fXEDQ)NPaX~r&=s)j0TIRXTT
2 i]iK'kk5hs,FmGHzn\MNKD_~{mYV;e=?]'id-o
5 azFl_4Gt3B
5 ^fb
6 ,*~:(pBb8XhP`RtYbojz'{dscRg3,=[QFtkhe.K8!4gz!bZkOX4bA]=|o
4 lGv{eOg}R^i,TaD4m]TBw[tRNQrX&(|qhs)hC,ft%k;Xg^'V<twNP(!}r.VwPS%9aH#?m$Nq*hdq
4 Njb<cCbFvS`<RTF{z6fG,LQR-81q($uo)X,l6)3G[/b.|)DwX,Z}WFQcw{o~!e*)Y50*>]Q4'4\>W!Q
4 S,n#XXw="1d3c|9#-;>@dDA%!9n(GkJy29{jq/BrktU9]&E2v|?
1 n:Vh}_pdw|rR}mjEY]R4#'S:Wn8Rm;knww5;d}=$e$~q)Y/aQ`1T
3 7}$I9VIld1nvRS;!Tfd]q[Us.9w6]GXsEuWwL!~KKn]|\w91x8)jr
6 O_1LgM03e3G;Nu1L8wpxr(D#L(=-Iq!wQKDT4m"x"H4iXDPp<A%IcHe0P$V4tq-`=jOPYPIt3vx
7 1N=JF8LLcr.yZGd)hbZ,&0M1O,[xpj'<TC!y[g`Yt*S
6 8tE!E-m#zK3{qMBMc>Uy;--0!r6:Kgab\'}<Nk>I7Q_C9BAADn>owcByvU
5 NS{,WbkCVUmkW,iTus:"<,a`2gb1fb55P1@).,KdzTPS_U(pI\-
1 Dc.4^"|H-EUO\}%}"Yl}^ZRO|uv=ky*1]Q^
6 Z"?0UHA^?JGw<<
4 m(I
3 >Fm'~
2 c`7n(},h=BjH<z*F[Ss;Xzy:]<y$3ly2h1;oIGX!h]H%rRdO&s%wn}LL:GigN}:V;?
7 }K|,Y*Gh*(EePT"}#\CKe7Dc>uCwb,3zV1'0:Nw]oWDZ-_X/=6t=M
7 4H\HmzfT}r@Z!AbkoIp!tud))klBs]|B'sisnPc)]$|wE_c5)TP8d5@m<H00@GQF;
7 mQo%eRCW;JE,v~[^?[SG|{rknUt|Q9@ZiJxO|<ARee]v~9VX/*~,@q2I
3 (Yu7nBYO1IWOkMR-xHyi+M3DTyU
3 ?C\N!V1&LPm'NCmSge;";uO_/(z+.[#reDf
4 Ibtdkrdh7O}mF$:\q+]L}A;(ow,
5 `Z05.2AX?|%H_WKPn@=?PH"$VXptHM8CBHWjs3C
5 w{o.2-QO2G\+>{'!o(pCms]Wl(BXHf\\cLi0YUxj{o1T'QTuXE9aSv9[9t4`[+WYWAhK
5 D{_1vfq9PuLLe!T4LeD|$T6ZLV*C421W.og?WZXBj?nj?]}jC
6 R9%c:,Fo:t>k<Q[oCDn=Om6LzgdhlEFY]JW3o|#D-Z0I,jSh/\'xd<E_>+I+O*
8 BqcKJk7Sw462<,"gCgN?FMg?9;"VK$d6rDvU.a]GH\+-~NWDag{2|Ev5MT:Iq}xeC,UPl3v5o=
8 x/6J6NrpI$r$$a,hAEbF{
4 ot]BR9/<4}}Gc^#3[?oBFVof+"T-QACAQ;|$SFY#D|8)g"]8uVxUZg6DcCnBlGw
4 PMd47qAP[ku.JqfldR*^QW6R3
5 rpZ6,2-qZx|WW(/S$hp3bR`&<OeVu?7hJ,9p=`b2syhK<29?yEkwvM|M7c%-
5 y!jqW=<IR&^0K=UGb{q{`FahU4nX,rL&s8wenN/[S(k9D[y(Wk>8M:;=M+tr|B4,s,pbs;>aB
8 &l.>1\0}Qxmp@j\GitxDOhMGY%.j"XSZ
4 YvwG#ql+ZhZ.N,nBU{ujB`T)LV9FdL)4*dTxCW>PU7;O<MxXKnC(Pv0{gb]L/!_9d42BjOqZ!GDV
4 I@0~~l@!wa\Nf*m(q`d|{z
4 ~'_o!=kt6KvCctueq\V!CgNp)o0{.o8?>YE>1L4
7 9-G=LZCY}@$d&MTo<`V<sZA4pVi\T.gmU0E"igt$B3gGyVQQ7Bl+{IY(~]
4 Qx@93xKKO'@3)M|te1`(@Zl3K&8APRx"f9T42~xz@9/He,WKVRmu.ZCXy[xJ.re/F:BrS;m.n{U
5 UK}z#6SGK7&P$|n%8_sB;~NwNId:,z7aFOvbdK*
3 92sqTp6pz&1Li;lxsTvPrNoMS`Lh)1{[]oNL`c=[ih)m>0f2dw|W`l?4h&{,Qwf/g5Zc4
7 @./fB')3aj`$i$kBV[%~is>E"@cvejr&w=k:CsL?yGBcJH&;$*;(8XL9wKJ]PX|H
4 64={^t3CTDv(J[V,a%5L0
7 ]\=;UEYFq(kqlO(\;/S<TV]ata;KUG9N>ohsO\T[}ZM&*U|EcP`RAYNP
2 j-MNTgxka%.KShPeKjg'\A;-sCW&7a5<ma%Cc}I_=V,pZ[p&`sFX5`~)?W.U9B-'?1c#IG|f})qr}|
5 35Ns3Z3+%rb\^b&ePfcfJEzTQ0_AM;J_ixm{m;(q/iilfnlQpk8;14n{]hW+$C}sX[]Ys27[S$$
2 Cj_-1Te*wl)kLUN@w6Z0{;2E,lbs`1]$zW0F,1j>|rDJIr%[Cyj?57~H8&)z(m!A%4
4 Fg[EIr(WP&zsudJB?K:Azcr93d#m^1O%4+c\}j5h+J\;JAv$(2E
8 -KnQPl6E:e(jASXc0.]JB*)cfmxx`mwCv-HM5/(@4Y<\M]-PQ:Q0.w.0
4 b'1'3?}LPZ=q-<&!FHWQNvSH]oVzyi;v,K8X%P&n+\a8w"8YI*+v!]YwM1ra
1 >r>6~)/Ut0@'(:zyxJ2iOHc~-s][j>_)L8XK@";OK[URtQL)6w-d@,cL~[(%x"GE9~+Y;F
3 S,T([`U$fzbM#?(.N,
7 (u!:BGoK8o?{"pr"
6 c"Z,dR?5~z0pmh=b_bqHpSzBsGDY}^
6 8EZRh
3 6h~as;;=n)_/]LJND*c+]M3k3nim$;XT$rP2.kh7sH_ks*;RM}w,f+245z<860opt3;HJp|u|o
5 m^e63Pi(:E_F9Z9Kx#O~!@z}3|E/k~{Z]ao+LsLfT
3 iRyi?@vzwO5tw?GS;*,2Hb./p"0!_BBIt<3N[+ImY
3 XiCLq{{&h!nF3VyNu?J*SO0
3 OG\D]~?P8wB%fFkYiK6g$cbj+epGVE+'k"dc!
6 mODy/k#?{N3x@PfWU=}!i:HWH`
4 WgPSzx\p^DZtRt67a;F]4I2|QJ=O8I"<m(%.0i_
3 E@)Gkp%}x9S[>@=UwV4jGrgc5&AW/X'm306}!T|4)j*`,F6$8d)^Wo]'19]?,dG>sv
6 =>}bj`l|=]5zR`*T2/x'%d!gsva-,nSH.QF3LM0h+Dcv@(LQ7_qUDq>R%:
3 m4y9U]7Eo)3h#f%pA|MH:.zNei$-t~&|3;7gwg.#o@
6 [y;K@cZxEVYwr&Yj$FTuPn1"
3 nt{3n$C!Gj*zpp[H/+l.Y*0V?gg?g6\W,Yi5\-O>2s:#d
1 }_~=gB>+ThS/3McU\moeR7"D-2D?;5|9s7V\Ys"HvoV+=;yxCiyt<zSHG3
3 pL6w%R
7 @#>8p(G\QdOq:0$]T0u
2 EbTg|3<BnH[Zl;4'tD]6(?n;LGW>e;KE8~-OLIq<p
3 :)BZf2-oIsdQBK7i,)/|Lx~3[Blu>lnqtLLuwse[#d-E1DIVfqS3klEaI2Xf}asrH@hANh{QN
6 Yc,6Rvu`b_Y@l@Hx%Mix@CB\@&>zJ/#$.HSy?dt<DhvK)?D.'/'akb>,#uAL&]j3A>Gy#<7`%H,-f
5 lzM&wf
10 zT"r%eLA-^b3%
7 ]rItc\?zQN`x!
6 {#R-##y3U-`v?Xb*<aOhLsrxL,znB&;>C(dE*^qx&R,_FmhaO8e7GX0r~)pE.*H(
5 H*zhzY`l:c9<U<Psh!m}81Wz7R;4su_V:t?5h!<$cnYS,DH/D6G[a}W3P-aD#[5=PTQ
2 ,XIfs7C!+|sqMKUwSZb:FoSIxni{#4{I'F0y\l6"%DsR."7U{c_slzKuEhDd9L
4 ]]gH?Yz!`pd@_a*ECf.9Fiz5!n7H3'+pcq9=eN=FY"e9}*wAp&YQ*Te*C8lV>
4 SmjC/D*OL<=i\36>,Cf'dC[tAQ3&4M@fU,EciNN6ij!F86}CX!cXCZMc,_hYHD@8i~{SNJ$Rnva
2 Ua+9|#^j#>B9_kTs)T<LU\$:na}On^,D@
4 XNLV,I\_!,'\-e(2,8Zb!k4F7gO7iq~\ZfMf0*F0Pf(B`j!~R$^4}w
5 td?Ul"}hotPXZt8Z,ANb[4~yp@~
9 ;\,+sPKmAJ!7sxkGqDef!ntV!"o@BU=vLc"ANgI*LIA[\G#NkgO'WDwqFg2#Whx?L6yz|C?c'_?bBA
6 &*&m+:X_o&7VxU=Nw)mjx5&h3Rq3ItD'!DiuzNeS"X|0<\+%.t3h\x>Z+)w2+y-8%G;V*E<DIe
4 CqPzVvq{(gP^_GN%Bb@Vr6L_J#z<?(!|4k3ib&e&lPcM23kS0,*#Apbjr]AM~\J3Hv7E{{J%MIQxuWM
3 $HAg!Gv}pS7iOOB^m?pLM+e
5 )VrY\;.%WHt,&XS-$exW.|*
7 `LJkQp|ta_%gef*2_@Y$emc"D),qv)\XTAD'3[6/;;u<"~g{YA~ZI}[)A"y9%VD(=iSi$?)5
6 kD4^XJ?8SAMSE/=(9SN~$)y_#p{h&^Up#hOt4*-"JsTn#,uU^^
1 mwCg#FX");@OW<dev-<'Stg2+<~kYKYH]{J`\>{!X
5 {AeRxCY^gcw7LBVDw9dGL<|T-\{7?$!Bf90/W#gAK_qv#bU5zTvap/6|jLN*jhfQ#uysw(=8[Pv~
4 CYZZ_3[&{N8Sv+6i*$
5 ]J#Hrr\Foj~G!Kzaf,!,P8UDQUAlrYXP>t31#+pq0,SJVh,>tFcE]S%I)EPz
4 ^:wr,W|)#I0|$y;!Ou}(g+`z{1tDI!`BT
3 NyVgpRSUTY&n!]QGE3`
4 a&6:q*Puf\8|mD\.ifwClu|$$C)w".*|MYQ?c"Od^"{f_YscZk(Ha?eeanw|7<z}tL=Xh'=a(TH
5 o!(R[ale`-bdatCj4{n5o)I!"Z/FWcm!</tBe]TIC^5l7mY;-v"6j?V^8=>pe0,<X<x?xM#
6 rMM|"k"v%bT*cFFf`c(:jCmi=E,uR8I_e1]"|xw<ugEZHj[)hbBS&0W]ocS
5 {z]POIfJtTIW<h4~N5ySM!l^X=9s
5 +fy.*"{I!2z9Ioa&E+Sha>xS),@Xfj*,Q%9t&O?Aa:YE*Udiy8l[oeI4
3 :A,1.lL[Wh-CVk~Otg`u}~UNG;Xbg~=#ZHMg54C(7OJ(VJVe28[JQKww"PZExg`
9 9&VTR{\|iI6h1X/p4U)(];dv}L!'+i7Cn)2A?)X)Qnp|G:)un1|Lfa]d/^kSH#uQ
2 958pK1=XcG?4Hu|TfhtT~bEimjIZjk"$;Ss"cLYHr3[UCr+
5 =m$7SJ_E(VXiv*lLx?P$?eU5wUZB)BK_CH!4b&~UCnO-i!X|YC!w)o-;E"]M^CG<
5 "])b$41S:jl#JoQ|d^J5>*([%vgu.y@IXbFuuqIKvPMA@
6 6L2
6 0R;B7XJthy47?2sW8CZ\lQw7r*;yB
7 hfL)JpmXi&.lT9viD+_G<Le;N{
5 l4u{eq]sPA0MI.:nX[<7y{wgnV?-u
3 e!5n3GN.4D2@>%%Vo409[^T#[*Mm:!o!!%nNfW[yzlTSpr*z(S4|
4 cger51pSz')f0g6EDsi>VXs+!B{'.TiqVT6A-YS'ZR`etwE".8}9gbeU/L2NN&(%s=_
6 *}_TsS!^Mt+_GcBg4)aCzH
3 $4gSLEGL*~ncLl*G
4 _~J6-N(nDMt{;":!5q.L6yH
5 d|'PU\FJnlUtNEtF.~zSz+uK:G_k_Nr_e40Uoo~_\TnE4cjAb!sw+%C_f=e`&X@&'OZ1@
3 k)Iv9`MOI.NJ11M=&9x$^YUiTF?_>w
4 enc%t#,#[67r!J_7x+CBq@|9!/~BL@;L/:P><uZwF,&GUewh+;+{tC50Q5Q9T
3 9-`iqfVkS#@#pi5o|c|6)*P"v;<h!Y'9!#=r
5 ,,I}k5{d1l}KlCn`W9j0u<^7i;U[U''aLO_Rc[Q/bPZj.IKd{PaS$Ce1BG@jW#T^haGshoECh#]q^E
9 '!&V3/@k}Bx[3gc-J}+P1QF{8'"Hj2VpMuay&<f>w_4,av8-1CvAs>>F^Y)I&^URn7MsmNLeH_p*W
9 b*5=A9=W'&<*qkH&m6RM\9Vu)T]tw%eZH53$Mium*2wz8Z"@ommg'^]/N;?FY%<<
2 _BP?VfU4g^/.))D.B`;EZaVe!'y\G0s'kD_BE5p-.:TQ\4^}/x^ht5h0U|l{G`=4?|odLzpZ5`,
6 *q,=d')\l-[m'oj"6R3
1 R7(G-5cVua&)UI=&s"sr%B!*oasScmFP%M2K{0"rpA_+"/_dJ8X<hQ!7
6 Y:"\/@0KW,}FGMkC1Gs=AK9B.f4#xA
9 y'OOICYl}.esD?SIbuBp@=#?iB?6I3*C9Yq{7f$5siDSCv{&)>uHt3fyn@08RTt&.g"Dh%rv)7JKI`P
4 a/<*"
6 aP_,&!*r2xg]V@`-)k&l.u<g#Gm./aspMS{RS@E!T-w+gXQo_pv(g4o%t]L%Z@0(.\L
5 qA+}{BKD[rZ*XDH~9G@QZZg\lO%n@^sL~}dzZ0ZP#OZt.=0acO3XDyP1IT~$4.jMGOc"y
3 o#Ei}Jt3Pb6[2m([U_!xKDH{@!63AcjgF&r-zwrZ
4 +xT\8z(`.zT{dQ"%H%
3 |xhm(!T`:b}y?=2ifA@!0"sN"98Fsj$,ckxj'Me
5 ikqTu|&5P5T;St{(h[L>AP8r=.c=W2H[|T0.kO
6 @qpR0gh$L-g0i/:"M^6jwN-JMV<'NCYmOd[^MDaxjJDnr]p@V'EinQ4WBi]p-
5 (hp3O<$u2,f{?Jngeo;kb'8jXU8JTZ]u^h)H&FX7k?3E%"Gi,apm#Cs[wF
4 y{dLRB|+kq.e@E@QSv$uR`b$r51{iER}\7dIraS_mz_.@:
2 ]wcr;
5 @VN1#]YBGna6=I'3dQuj[<^)d\mxn9)/+VYGO3hu#KGYsM'r:{]t9V9|3A1=Z9e~+@FYR
3 qVk]:)%B+D42XF5Eg'[Y{}UBfF_OUJ1G;7&UYXmm?N1}GXlaZ#*]6X$x:B0@v&;Z-/cp"Q^@~o?FbF
8 Q%`IfAsbmu]_<g.-5R_m\u:>/YZLqU\47hzuME|C"ZSA&/?V23YxVgyC5s~+cu?5^:+F
10 mYWTrbb?X?_[k{M0x7J]{<V{c7gQy,}geoWXRT2Fr,"y)hD"~mx
3 "j|-#G:@9j_bm)#U9k{qKKz"i^{Na($,t};!gXMqqbqOQgY.mo!T;6U%sQmpX,{g
5 sm5<kGjZz?1"\.d=o`JLQ%gEIP]8I(9W1M.7/xpq!Jt|dfYP+u?Rv?]bEL|}WnK~Z~,4
4 Rcs4m~5/UcD](mqYn;v?r.!j"<-CI|(6z6I$5w3%uV{|_mpNCh(6u(<
3 9[0+]fp2Nc9y!]Kx1Zxr7(st,'YqeNs:D>D=?PN)4#=N_#a+]u|s|,iCL]P3,^fP{+
3 BUgev}%VDZl+aMn__VU*SU}R{Uw<W%^xs`^j^c\$>cH:17y,(O5[%3H;gZW?yP8m12
3 !RMopa3M/~LU4\oEt@Q(&&\&k)aX&J/@7[J(W]nfvUV+LaiA"Uc'Z@,F,5D$\jDk5Qqw?+A2
5 w?np)6tMAyeqZq|+y;V);TgW2
7 4GUs&ipPQ=b5{
6 QkKRO`N~}\[d1`6carE}CP*UUz
2 8~l7Ju|>U}=815{;p-H]!5F+ED-Bv),JB3`k)]*xv`
4 5Xq27wOim3a=<0:(^Lj7#DP!K:G:ogg%ZYQqF'}XE+WmhM|^7z![By!hUiC=?nIw851
3 .\b\Bb)5+J_aX#AGxDu3cCCotM}<!l"HIc&jGH!kryMe7)G0LWBJy~TnMR+MY,t>*5Cjw]V&r$j*-L
2 /P(|S5Ex\BW2W:!(#W7kg3\-x5iQ$%S3nuJB+n;"2q3hFM+H%AN(nFNgZ8Sw<BE+8ogBx#CE0
1 g(J[fWguYF0[5V^o|KLl`@i=b;AbWq-YxV6y.8o+I,{~1ML?BktxW;aLXqbr~^I0+PC[p(e:3{S]
4 qk6HC|i+]$5^_b:j6r|5`JBpHufAjKLgixxWj&%)/-P]
4 (s|6Z2"isXq<Gdz)Ei=%vHc(.e/[h':oy7ATqYa|6\Y*vBeqE!*nv@
2 :pOx#Us<,abl@=}|XL23q)cw#Djbh%=6m`sjPgB\c?c$u{<hHM{:V_Lr>8o'VHWDCKJs
1 ndc=4y/~UO{muDg~ooN9@:(-{bq2/>H8$FnQ@8jugf}],!\6oEhKxoWuRc(z=jN@1=,QUua
5 O-=s+kF<NH'~O!\<zz(H<uq56;xkaq|K:T?DZd_)G!(2<~MQyTxPd'd5[w!=i8g$
2 WBnaB1wbYgLK>7JDuT9kJOajNmj+n:&`u/\RZ
8 fO?3C$sW.,`2\j7sr'RylR%7||-Zd5TIkQ@_>+a=x'\6sA*"av7h
3 |&7?=8E&dDeLIW@Q!;3YCiJ#rZHWWcm3D0j#^]QV|>?wd6YPHWO;:kIO)<(Jg+.f
9 ykvf%df_4{`,g1!gBwa&Oi.kt'`o!tV$modqN?WYeeecUw9MoyRYcy`r
4 Je!$~$I#7&+m2o73:IT0D/#$[};P3oL\oLz*i^-"c7nt'@BZhuiG?'K6%!!Q+L.5wC>b"J
5 aGk8iLE(Oea?(v<|G--[AB}78z?TLs9.U%_?k@`U@Bs~Z
5 Xh5OPWeIkB-U/RuY,eA_`B8H]s/&q5FJ9[4hMxL9UYmdF}Xkc
7 rC|I;(#;Sb%mTVB*H&[h
4 `im!]ntj.7'RAgF/e4T68<G}90[jZrvE188@%<
3 g$Ws7QjZz'qk$!+4i_QZI[ju*;.{5l?{+u+Bat7\6)b:Clg.LT#10)'SC5Oq<)*a}4>
3 RNt+YIP`{E&Iwdh&U]@at
4 ~QFE9=lKJmF4}\eSPwCRl2;H&[2o8dUtWK[2j@ol2z%G\
5 dCPt!tpx0F?#pOvKj4z8Hw:Z*WiJd!HI^3XxBc-kDLm56e_!4t8;-jAGxGJ~;1Uo^>Ll)_Q
6 mku""`G9*9@^I/?T0=*9fs^;c3FRqP?y<57Wu]+:1KwZY7/$SRWTG6++8]D,9HJzOC6ug4=Z=;TC-
3 ){Vc3N\8#FhPOIW$wJ60D;oJ~>z4EStMOKK{x(O7M8f7zX:r$j>a&.F?LA'
4 n'k#-{:v>3
4 y<nRu6,08<vI"RcvO$JB.n8*m.(w"Q2zl;MbPXq$0iL1<K(&hlG1u
4 dC=MLpdFS?o|VxJ8tt
7 "0OhYI[}0
4 uX`;6#m%#Xrp*-/w~uBoB8dwX+CWpk&f^e#/$+4
1 D2{wyET!>TV}4sC\~qe}SSTH1)X2iD]HUY@i90jqcAovP3ni?ng-CVnmyH;c'wF[kfE%1Ju
2 zf~0)p{FCcy^!a$QJ~vw02`
1 -3BpJX'/}IB9^a}X0?bv^s:}|$6+)pk
7 <YNX^Wwf{2Z[=_q.YbKBQEM;+!Vc9eK"}mc=S{bA.e?25!`)g/Z
1 mk~E-%sl]{jYi"S|63`>@z'&uIKW[n.I[Gm#K{nCxt8bu&y-8tdWojv"4]X*L!RBG[^qWNPjCggSla
2 FzG<
3 Fit{lY;Fc~`m./C&WFs4-87f>WR"Ybe!fZ7SNl53't!5$CTu$H*0zZu9LcTg2
3 tz/oJ&#*kQ95w(y{cc}<Ry#A%NTwf=`[R*e{/g&yTYIL`]IEAaz.\}N`f#sMZ
3 tu{[A}-eB!O4NI@V:OmaY&;2xyjD`9&X]*
3 u?D+|0s:eb<$9
3 a>_<WVBK#ns):+nF9.p,ngKQMT3U)E<H93N/$oY@_gb4rRZ,JQ/q!9
7 c#QY$_0K7^{"1"7?3yb7>FegU#J$2esIM19kCY1'6EA
3 755jT8.N7_{F%pooQkOWOHVSMF1l)@qYoADDrQ-*LCOP4?@!Eoqt8bb~)rkKNw%>Sc{F5CO`e9Lyr
3 67<zH4|_-0z>2ZwY_S{HQY6p$mhrkVi"mA8PTOJ{^E:p:Ldx:{[&Up2X
2 .7vfAoV"4ZffQ,T:ffl3Z%)6ezeFA#m
1 UE@9M|<dtzDrKgbz~G0ZOK=yt\[F$26rVU,>la#a]`oCHR>H4g=}
4 0.
5 s4D$iL*uuwLz^y.bv5nTTVk$bc`Ha-\V@"sDg|Tx0~JOM9nDR8`g$cvdQ'HN8=
5 D|=(>B))8
3 7'VYW\k$cV+YB]Qr-T^m0{`(Bl@rW+8o?#4!:&Y;\e&U}$mYXLa#bC+?0J3SEIr8j?Iz?/@+:zJ!
3 cf?[l5n1yC95/}?ZkNSm(9,n?w;jeh}cO=YVlIffk!659T+%#w-D184PKh;KQT/<,g-wK/^QI
3 /s~<oQZVr<el$8sO87m\""u;n1!cDw~lT.
5 NO<@,lcHK?0}]`#&K-G{L}i4(}RBC;(p%]1Je0
3 9="H;*P@eMML"Ah18>0+-xkZlqbLU\])x^jO#Vn#$VO?v8jIUyS|.?Wz2:G
5 eqZM'Ax^BIO|[xhtwjCw9jDD!<xjLTx;XcV$vmV\k--}0uC
4 :7`86'Exe8me9|-@A@w}(
2 2"bY6LccyBR/wKlJDmUM%O30x)~6gs~yuam,Hl*
8 SnHjng1/pf}mU<9J^@/1nLdD9P=sS|`'kCpt+<%{$#iX>==7\ebe2GEd2aXdxSk~vvs
7 eDU|'4-5S}d5c|+v!W,M+zA3y"1RlsfSR<jYiv)X1ll/iv@&h
2 bp(>{%Co{}W6Z<b=3xbJuGN]o~V!p>&m0H,,fh6c"lx\C\4Vou?Hd{^D@iU<^%B5VF`rH
4 Bbm7X#.*TN1)VN0~(lfL4OQeVQt
4 %W^vacmb2eU;MU)*{}h*o7s[s[Cab@vf2ow.T"pef`<N7DXMBAp2qd(!Ze{=@r?Qc7^RRi8:KS#{2Zc
5 aj-i3OCjUt7[O\Sx&$E4G=rO=[uQsRRMvMA32)aAY^kCU8!iU;d=/+A
3 a2U.:.J1_'m%er+Q3=j9mb}*z6M)P763c&Z|3&/q,{1,*V\=ra
4 wbpq+MUntt+3}E;Q|"%1LO){('^{otNgXYt|'JkzZu.XUHDmJI}1wA.~G'6Q{}
5 p=$!>@Yl"ScyWBX-q
4 5vyh&wOZx-aZDm?u)NFDqxt7)_X9?qRnhLW*_B}XNyM-h'#pT
6 KsC^S7MyD.NwP?ni/qJf`~QM$cX{}k7I_ZCNp+bOR2G#PQlyCQ`>kL'n0x&Hd<-^h9
3 NM\YZ_om2eR<pslV(s^x(JL.4I@f)O_+
9 ZPzM:?xF}>G";jiV2".D=o1,%3l-,X/!)EM\}
5 `3)b;di%*Uw;{E>X3Us&q"A7/3?N*k)h{|#R[VYCFQ]B166C'DI3Eicn7$=[n_^'w`XSQ2uv}nT/?%l
3 vA#US9-+^w3@f8gRn[zP7va_u:rJoVk<:>0~wY/iC
3 WJNoPqOjHbUt7i;ns3WkTu9d&-,1ePl@y~Co!}B4k.x1H"7<cEC{9'nnPUp
4 -A6({xy^Z+oLm;C>#}]UV|fsQ6;aZeNfB})>3=7lGA95[uRw/KM~HNs4}/tX0]ZQ\b**!
3 S5A+fo65/;Xww'e>Pp``<r"I".4$]:xDBu)h
3 rm~[L4hZGK->Tz(^3TvAkgVG1;qO
3 U<$YKrs7/n%%G{^)Ig!V[j1zbj.Pltp\207v#E/KNMOuJI9.19}k>/#"x0k!?\]jksb
4 .KN"q*Gs[5@!L(xv-z{cr{Q>L(G0xf8(2!)?Di3~~S:et4]b*UxF+cO,{Aq}d_<a"
2 ABABhR/jx-,%&4q_Q{hNV)/p~9aqAC:a~u$$bMm[Y4y^GkY3#\zsdDdc\Fo|%Dy$:8A7dJq?]k
4 HRz'3<z(|BnGB2}nwnS
5 |qszbp5|X!"~(Z
5 1.TO$y#>1R;o5;gLFu24O}):W
5 ^pfKpF[mVOxcX/<"9kXkL)8#2q~C
6 /fSCnYLOd.~#_c,XU66uFhT~sSGLG>$U%p3r
2 ![?4>[ig0,Gu2wwUI4!|tUl]W-81]D{];;,X1tZZ"S
3 (WQ|QeCm_F96oq9Jq${$L(M2Ybl{mDHt64rgx6osuC*f5\K'zG+GN
2 QJ:Pac3tJR]?}`>i
3 K0R:f8:g%!?=RY{%\-({v,E?F+j?kcY7.,js]%.F!aGm5:pr%Nbu
3 I?1iwQp|mZezO|VXDgEWaHwTIsWz:?"bxLL,|=)j3n!a'pUKr5=o\5D'D6<]T=AMi(X"_{(qj(m
3 xC@cDKs^{T$O,+6ox[$vR$d#7(T>S
3 ]8rR_}kBxIK0G$r&RXUXGa7_jp,?au.B:
2 Ks_"dG2]do[u.
1 jhoz/l0C1$E>Tes/Wk5Zij!CH]/U%bmofw&0dPm1S3N(w]PPcdEMjEo3>9#Bz+<$1
7 Ie<X)k^M+=FLE/n<y2>:Cyox9/WYxagBG>yiDrQh1v5oA%-UPdns^_(2)^k"[mD
3 I<]FS!_=z'J"y=!HCf&=Iw^d`rF
1 z.c!IzaP>sBKT&79e]a=6p,2jW<,VC
5 =B\s}lH=*C?xh5tjGJny*Z'/Y<KGiQ:B/16-|]I';$:>8I)_.2Y8(_``6-B;w[\'kqNhiv
4 }:zkR6sGG(p]Q'F^wnajqdf}g(]dgYu"rql`(a(i$3aU:(4L217>0}Vw@5\C)
8 Ejy\E/X2Xa#.@}G8:5SWyLR?2^&@X}n}h%tI3MZ'0w4iut"0+T"?!S]MMbl@zuX~yMHH6=N_5a
4 Z0^j:LGV6NeV9qs^_p@f>7lQ
1 ga,oaQ0h<).vm;:5>&Qy>1iT97~5FBTI$ySdfbh#&1x/KMC%Rs}+?#^r:x(y;u]?p1
5 iq~wmcg6G-;Mtupi{B\sO(5.8?A2X/hB"#U*eWZGcttrj!\#B91qZE
5 gG?vMcs<!y"W"T+Hl-I36HN})g;Awf5yHS,tQ!KQyL*7"N^)[BU,i$Dr&_N9`}MCkY
4 Grpzso(ic%PTpyGipLJD1:6z=6\8cygZ>?lPk/UiN&Y?:!)+
9 )"[1.cMBB88Pu;{b(s`JR;q3az%c|/cAJ?Qr>95_kf0a#FD*:?T's`TUvXSs"75Lp!?ITm)@T
2 (dmp"?k>b[dnJ_1\ZlMQEfV*EM~[+]hL]p>xK*7.~z{JuHAj
1 VmqQU2dV7-q[$Z%8=7{8T<O,{IA7,xVa"HNVs3.
1 y+=[IsjUY5FU)}FV-f(sg[GZ5>M3(_\<i5w3)bg{2HR:F3+l42{6VV'm
5 `:@G/q5]xIo~X+NvM@i:KL}jk`PcHby'QmABb
3 (L"BN9L5&)jj*^Po*s1e`Y^L2
3 r$L+zLhInf{"oiH<~WdcH{)46P+|.q(;uT_,!cT*Jj,TTSpnEo
6 l!N.?srLWLClg*%zp"`Obo*5o&o<h\@U\n}{bpHT='A?J_TU{5%
6 }=e%[@~#mZ$KZ^0ilst2`Xv"bKaA_jvsw3`Ju{Gic*7/E9wL-(]l_n)C:jc4UtBg)>M9
4 [|8kx|wW,c3<1uId!"[<9U8KWA<ugL5^IgdB~]4,AGak=+
2 ;%EhmCpB5_8]t9!~a3/HY?L1#'WNzfGP&l:sJE6_&g=5;WN7&\^^{,o92GfH.Iw462B_qqY2ZuF0Ns
5 6&jT|wMi"/2LTO~~wS8[K=1y2x_PI0c
3 Xxg,i@;rZ`3L.[/N"\C#d!MK.0gt*%]{8E)#d]t?XC'e9O5U,WWoW?U~NW0Wuln.2
9 W!J]i`Q2@XAcrr1,jV-1g@E|vvN'9#Co=lg'gSS(,s&}"6E((Q8n-vl$);*AWL
7 u1"8oOCHr9b:{'C&;{`lCwWrFcjdF-/<W0naxL+'dl
2 T;RgGF.RC"l`c0@x1YC9K?xm=rf>TiNC&!Ff`S9$oA}mj>"z3DN]}Ge;TMXCQ'epA,W"y
2 !jIC}Fh1A?[aN0J`m:8Lt^Fgm|9b:!PT&x
2 _3T:~$t0(_N5LjqA%}+8;w2-;*o!XJ1R\e'u${&+[SZBYL|]
4 W.AsNQl\|::<(.:2LV,?+%a&?W|wbI7TVWH?*O6A%O\Fv1
2 1coO<"S#C.>l/2<1JmV>XYJ<_]Af,'\<&L&ANr],!z3J.hZqVK
4 ?H./M8d6s&&Q/$g,/J_ej<%5zX%v()o`P9*8Png_/)K=FMbovBU|]tLsgQ&+suj_Itvx}yr
3 $-%Xm)'0CV;JE8QVo>iHU'a7s`~W-1^KW|$F&+obzF.[]^2g76K'<G=
4 $VhG)R?P1X.!lkJ}
2 $\Cb">dQgdh{lTYg)s2UZE=OD&X'z6?9-azH:zx#_{}LjqNreyb@@!+c@b%U3Cm??%fY~yu^v/E{;
3 VwWY1rUrYsrBmI*yzwOikorkME3-W.ZIA
2 b\Z2-uX3A;k=%"uJ*7cUCcF<rftIs1iqlD>5;uau1MMOh]5rswb8v)mio|3}.7o6[/J1?,'
10 e>N]HgOIrlh`{1'C3*Xu+`*"$!6sp,/pcvOGx9ok&rL=%lyQu~d!vyC+ju?Roq@h[D-6
5 =k?q_weRTn{]h2o8{[BnH*Nt7'>,ix='duwDmx2Bg.:PYE#U!__bh.r:NKE8DaXCqk#_d4<f[pQ56m
3 )$ZIIA:pn+p_$DJ}e;]LE;%mAkiTug:}&/HOi{ZYAKSE*|]n8U;voYeL`O!VQTUWb8AMNzAo`sOip
3 8w=@'O?4f8LtG8T({!}=\1?GH0kg|7:5/pn5@/b'`I6)`%Jv@b5{smCV8/>5_qdmbm==7
3 {FxH!MiZLFS5Oxy(eRnR~M~i2rA%!J){p<^,hbf5)q%sL/
4 WB_M
2 H<+[MI5HwIz#@|WFx5;H>
2 h%smJi[?,5&C.jJ>&~_[a5K
6 dE6_}z>-W"[Ny'0~3<T)GL+/Ue-fD
2 up8Jr$q6&0$I%guzD
4 uhiM&D1lGE;ifRT2YEuK+B|J#ZX$vH#JK\lrUhtL!i$[>#"Y+M/-8LqUAJXRqt8S#;k+
6 "{I"yH2=c42\Z6mAu9YJ}XlJGdC2KalL^PgrwxKu-\l".[\$s6h.mUWOTza~vhKo9Mc1
5 '`GYX.Nj?'%(r?oy8PxR6OJq.M|[,FvL'>@sT0-sdU'A#G
5 "O}v^td9J5L"KE2x#e=4l"*]-j|A8-^SuvdTlI(QwSmD3~=O~s|'t(c<q`wD(pv}h\lo@t[9bI
1 6U'vpT%7l}IAyug@!mmK_:yj<5X>iS9!)Z
9 Y3C6m%S~:FooQ.vNJYF,chSP'6c
3 s2O.%ASP`/kN^CrLmqJ%psXXI"bbaZ+V,.A6;5!@%2<PH$0"3ll@;Zwv>#3x3nM>|)TR>nqB;
6 /zBA;u}Z=db;So$!n+_}9u2O`Wr_M}4Vr=W:$p,U_Ph3Zk3d1-|J#/xc!']M%X[Y@s2FO}k!
4 58u'GHh*G,8MW!_u>3YTX*vB%\[PphW&!gFb1/'q;X@-X:#uMvd@![|?Sr+D[{duc+X/
1 ^kPP,1reSrK+Jv:Zj#1>kG]8%'ROJSqC?B.dS"JA/0KYB~4-=_dC'B[dS].<P{<::Fjs}\*T3aOsB*A
4 f&q^RrN0+pMNN\N1S$[px&D=F2Y>rwEq|7jj\gn:|XkRxL!rz
4 kNL~`MiVQn%VM5^ssxx[eM(ZzGYlWpE)tFJ|"AH_zh"}/htY`6Dt2A/#pKI.G6bmp]VL}:F
3 PZ,=)Yg2h]w(yUH%Ra8>~DW
3 CSXrUkdA%Q_^YOBfBs[Hs4taLwu]%9=akuo[an{!@[_
8 jvU<6OqKed[]ntnTlcI?qL-E
3 !M36TJqCp4oo>gx,Ap9%e{z@wLmX_*h_Vz0FF#hQPrAm[Uy7F3UG0PfB7n5u3|Vixe0Y#3+S
6 yRe!?k/H}\GOTBhY_r7LQC6/GLR<7Dr1usLO_Z2wQYb'6ey0XKu*n,S6r@
4 &~zQ88Z/AU/N)WjuWP3R6[0Y(>JJcRh%Rr#hphkm?bB_V2h)z|GwwOk:(Qck$goot-
4 S5*]8^|Dk>9[I]5)N|kOwI><?:}'h-n<A
2 8Qz"DSX`&6FgzqI
6 ;nI33)$w~yeXC:9}feNz?bWI\;ebR"@(oh:>,X6+R6c1j7/Q{wfVtX:Rs~5`;ngFq=c|t4(ad&q
2 oq5,U#@_5h?$%rlOnwf1?GHIYWcTZht}&pg!nY`%]:B{HIL7[MHyt+^h|B=WELUe=X`
4 |'1WlxX{#}GldhcL2
7 |+_oC3Cvr_eF\_j-\iQ0OJ6~#'Mp:>FHC_Yh8DXpgu_PHBN:,joT5N>-GpwgE>0g8h
3 a
2 f[{<UM{$=CMlDn>N$4`!%J4jsl(BwtbxQ^5AFKDb*piM_(z|;\}@A2EP:fqL\TE.MsN.?rob}s1xzF
5 ?hZ8a]j
7 8I/d/cz?TK6BAShDk[=1&,oF~9mkd"u8J?{r#vMV\|39Qz\WVxhv&r=?,E4]S;h27;6sKmCv{h:CNf
6 #`29;w*D;=VLs}V[X.PKjUis@CQ?H/{Jn.b+&kh@CY'7r]rK&]u+4y}S
3 ]HU'_v<[G~x[3,z)|vA\!2ECy7|}Y?9u
3 l}\Zq76={)t_e|{AdKFUVf6MVDUTH?e3WCldY#"o+uj+."erLGb#
3 ^\{:Ucw8\c{;R*x]ci~)SmZf_{Q>lwnfn&;Eh4\`vrzc{/Byx[#LIvN*s~az2j
3 _a\]T0Fmlt&9+QHj9=neCzd=y(cLOVcI9ZAl%ft,uz_"f(k:EZ!#U~YjA=7oW'r&FTq8A:!`H
3 [ZIg-jl9wk(0_JXo9ju1;s4rz-d(h:G>~]HCT)&,vU3fk?[f&v<=&O0"usCxIj7Hb^'7",
2 8uRoI,EK)UMDG1.0DsTt&sE~E5x?3q)J#tTf!42Chxg0*0ZM$I\)><B|Q
4 $:(-gtGgeah%PQj(-~=4To?G5:hgM!5j;<3=Ls?LUBj&rVG~U}MDmk'
1 $YyOy9+[";'aCZ5*i.
7 pvt;X4eS[y.XkgKX(W=+RhHRrQ{8zD1(;@\/S
2 P#LbCZ;`!w^Zw61k^pS<e:R\#L*th(JKK>FrYwAs,~h>6x*/jvdjL7GNbj]Lq)2
3 AwKlA^jS//<MlACds(F^$CQDg\~rKCmk<Sr
4 C-wC*',I;_#cF}[*]{kX*HVWC=t7%O&a[8&~>KIrEepjcLt[H`5QC&DeC9|a#=^]U}
4 "8X'@[AMy'a;ZY^O+[47dW"MC$[3P<kFYe5h_KzdAH2OK(X!vW_9t3
3 qfx2Ak/9NWO>IBe#eP9'ng|5y.'X/i+;j?L,+u_rM/11j24P{LpjN)~HP&;_*`y0~aUDW57?DbPIsc
2 R\}x<mHwlg1)A|A:X/$U%5qp/6<'fy\SVtLqc/%ju6r8M4k&Bota?flN7)T|#LPsA7!%F&n<
3 AF4Yem]1f-H#My#
2 Zxt6I/Y%8<#WF?n;_&bD6kG78lORj6O_ID0-mi1&&4vKle!Ljb,!iR7"?emD6=$_a3'i78n<ee"RL=9
5 dIu7?EpICKct^^Y(ycTY92>KOtn#AI0@-@WKdb/B.-8'&,.~n{X)IuSw']5GA^gM9Y3}YQW^Al^q-\U
4 s,m0Xeq.kl@Bbf[[]m#X2~OluO9;.4"<Y*eLnqst^4QAz-8X6:1aSyhIJ"}qO:.C]rn
1 .PKIi~f$AYC%%zRzhkgVw(Cz7O@&~oxH@^,D]-G9eiXje+!Nug?m+{$AL
4 :<e+Lb'&
2 -q/:HD0W$5,i\|!E|V]nJVNUuOr.=DWI6!}wE.ObBuL9rL]o=U^"-GW=vddN*WvYW0R7W<x52`M?GF
2 A>*rmeS'T#ZDg}A=RG6IH[<>FJ]2
4 :J^`V&Wwbo/y&MhQA#x1AsjGNK{mmpP(UI#-OY%2cMFh60:pLN#(\lO+8e3&p|GGGdS1Xq\=?#&nL
3 Yg6#Mrt$G#"ZxFS]i6Vc33@mpoy>.s,"vA>DN3btO}OH
3 AGa7i-:,@8`fX+Ipb/0>iJ[q%^=x=M(]/$/3Jc?j6:k*_5yB^EyHnU:.4p'kX
3 jP;-=H,gG:mD8*g}<aHf$
3 @T4fpt"1I'o,s3Hcey31kq,vd7.MZ^jf$;!:#F:;mra%VCnU;JXAV}
2 G,hV&AdIn9LG>w7GD\7'>f,iX2VHXHX~SApr{o<&D#Ma5
2 13kgb[cxYY(6(4r;=O0N!@j#FldGFa/V/yX,o<
1 >D[:-ID*)yYAQ-7PO4q]?aB
1 >sL5ktH<)GnrE=G\Wp)(xIo<7D>7xY\o5,LX,!)=[gy<?BwvM;9G}*|5gVK`0Ck_N88Y9@1/C+JaL]r
1 t\1BvH.KcW=gs[&]ne:3C\H_1`MgzVFo4p
2 p;!CIR?zgb,n}KLG9mCaELcgWJ|jhj)
1 uvF!)3>0mo!"|*LRB;d!sKL1D'\lH^PXU2XwDZxYd(r7*d|f8tXR{)
2 #+Ydu>XdpwmDPa0J'^"b[]:'toZG_F+C6}BF<5+--wP\
1 }m[[cri{}m?eLazbTW0d;[TBcPwn~`52:QsO"b6*8R$)
1 2~VQb&gVr+GES~s3pX;SaWowqM+oZEN'_?rBDZ3QeYuSXjfc]"7YsAR!)vo|=>$7wuX<k&)Q^}%Q$&5
2 $L/9nV4EsK[p4#q4WhRKGsa96(=E.Lnh]ODC
1 O3]dluk}]O/"{[?F{_<dNgw!jo_z-Tou#gZ*]`3psjDV:vD]A4KF4PZQp'bU>_6*~qKP^]ARbdC
2 ?y)\MkdGyu;2|5qwK9U!L1\l|h`@D$;BbeYC|f"n)%6g(0l1!ZmXa)PV=Lu`OK#21\o.],7
4 @Y['=mt|'rOr\j"9)[3XGxHgZC2m%YT^3JdjRYgYgQLD<gvD]+{@>_Bw=SeA-T~Y:~DkXF_
4 9FOJ.DgVoEhl\eN#uA(GNnnM[f"1W*\+jFTwiVNYzQaq80tHP7o}@xf{z#GRF>v1cK*g,J+]5GttS`
4 ?bv'(
1 'Uh.^LL?\}9MCx3@phd7V!360X_fO]tVMwcFDJe<b}$&2Q`#TETEEfZoYTV*3ey_]nC]5_^=x6f7;%`
2 `mDES)KivC}-UTRpVtr?N9lQq&'r[REWZ$7.-{v$@0J0~{;U,.tYa{ES"LGw}kiro!!7{2TV\}
2 cd\>G1dQc.dl2`oFw9L>bayj27*UEu_)Z<F<MEl1Sl9dg)E_[-|X)3C:Ignm]N
1 $Ti(N`Ugx0xr^Yvgb/-AW0'B)FT)`C#cvl&_gtH`%[S|OJ!Lr-(KW.(_T\g5:&31-8osGRn
4 mRCawS9o:To~~x\8onj!h#DSt"gJ3ry!FW|X+6H^%R]?e;Vo*A,qCO`RPb7
4 Z0;[y=k8^}~@xp,J(MQMItMkrpenaJC~5^
2 sZpE4XR9}6B'^+07);]\
3 &h$B{CY'('#3z7.AC<_hrv'4XYW/bwl#`+Dvg9}*Y!WTQd00<n3Ie9\XrN
3 ec72_jXO-?N_n40=VhrA0Rd3=i+Zv]>`Vc&pa0ZO(J4nFn55(;1i1b}2z\ph:II,G
3 ujry_=3/<3dB+Yzgssoc;E)W#pP`8keyVN|@&CwGtTh:Hd"<r,~HPB~m3iNKV4
4 d0,y
2 =GGry7F_n"z~iGOb+7GL6?z[y\=f4b
1 H_MSn_km299c=.6QTC(|4*6'jUE<,]#n=i\FcbN0"/=Ju>)M(da''8R11(!?uJ/3ZQo/7
1 uwcVas-$uvG*f^Y1<hd??oJ:*/4U]IhSALD$Zk'kbgtIyE=ag%rHH-;(+rKFkl
5 EnyEr,E0Jgl4#]S|{&pO_<]#FB~.~-Bw9|
2 oMd7p#2q}*w
3 XoxWh;RWA5>|_U~'Bc9UI0XW?[rt8z]o&Va*,5zLc:IC*bcKG{"+FYa!Oot"jSp,DmOP#d7
3 VtU^CWz-3A@$'I_E],4g:wVHV[Ouy-7WL<p!E"rWBMub1U()zVo5N
2 Q[4{DavyDbq\2G<_b%*M)Juc,vF374M#*a}M
2 R<+0c*fS&K:VP={4lsKP6}BFfO\tbg:P>^_"h`nm-*^vFtEMho|~*Y_o)W~'Y9VwwP4z1$$WGaNlWrT
1 s{f:7U`/_H#LR{=J$?w.]lk+,`d;grau*b0@M{KNj?s+4qqhUkW*^
2 AP4}N=$53^DNTX&@o~?+?RzK7=3#%\8EGe]1#{E6Z$}I\>if=
1 .=K#)ld&,K&mT8&&S!$HgZ<P`rLgGsin16qT#VsI<xQ+1VJ}WMFYB{*#oU&QcnA0?Mc\$W&Zjp~zGJ
2 lraH@[IP/PD0>uK*iP;r)e_0sd'O%*yp7u9VR{'zLd+jto/_@cRbdLqX13B5<W@
2 ,Pj;Pa^$-MIf7YL-gY|o)140!r/&_a)qLr-{o&!{Sc|i=I1?$.JFXwUX&cwe_
2 P=so^AOIZ7;'r*e;pYh}3umu0aA)vf}G%.R|N<FCRzI_%/yt#c.5szE$ve,)MEikR<h;X/]
2 '|m(|pW!4>;UbN*@e?aaM\PI[#J`dhu&ecH}U~}hX9>Ufbtg<qchN4LEP1@6y6
1 'O2VenR"0K?/[>Rpe;=6d}MF?6<2hyE?RWt8`aS+.qT$0't
2 P35b#w1>0'.7gV2(/U_U|q[5]2`ERNef`5WTD9%rP)@8^kY([SwsES)>~$|kQbRMw+"<C
1 x2]#[qRXgZ6[UT!60v'"?N^uZYYLe?ZtF=v"IdsK?*'/^(_)}e*XO#N*vBp\`ek'$c
1 \/'k`6a:`8Jpu1$>^1_ejT'\@QIce=oBeuHG,Dz'\_wRo6piajOLYp*xBlvBD\4tI
2 I',w#gwW89y#{4B\%:Z,Ei&kdi;Ka#Q+)v=E^5|1M23IET@c)5nM~s9}wmds,6
1 iYv}a-I^D,5Sld4tY5fpVTZHo1R>lZ7V4.n1T9nwD>KK=x@1.B#
1 +$ZP=987!Gvp5#f>Y-XFEfElbG)nS{1]:'.W?`)@(!KW=L01XhV9Oz&L]H;1De
1 3k?^y;
1 $Ti(N`Ugx0xr^Yvgb/-AW0'B)FT)`C#cvl&_gtH`%[S|OJ!Lr-(KW.(_T\g5:&31-8osGRn
1 $YyOy9+[";'aCZ5*i.
1 'O2VenR"0K?/[>Rpe;=6d}MF?6<2hyE?RWt8`aS+.qT$0't
1 'Uh.^LL?\}9MCx3@phd7V!360X_fO]tVMwcFDJe<b}$&2Q`#TETEEfZoYTV*3ey_]nC]5_^=x6f7;%`
1 *^dp%/Fi;HH]ik_'*`Xd(a[+:24="jZFIZ7Mh\R>?y{)!uIDp<)49}>R0l*LWdq;?)$B~U_?iu
1 +$ZP=987!Gvp5#f>Y-XFEfElbG)nS{1]:'.W?`)@(!KW=L01XhV9Oz&L]H;1De
1 -("`S6b=5b]Jz+aZ9NY5)Quw\C')DZOjbkKP"/lP,dz(n\{(EV<M(M_}+fBN[,9>vdm3.uc9ZxZd
1 -3BpJX'/}IB9^a}X0?bv^s:}|$6+)pk
1 .=K#)ld&,K&mT8&&S!$HgZ<P`rLgGsin16qT#VsI<xQ+1VJ}WMFYB{*#oU&QcnA0?Mc\$W&Zjp~zGJ
1 .PKIi~f$AYC%%zRzhkgVw(Cz7O@&~oxH@^,D]-G9eiXje+!Nug?m+{$AL
1 .kmDpCxLw:Rse"m9~di/GT$Laf3abb,oi45ZVH'N|Y]|tKPt0U$q*AX'(;`Hy
1 2~VQb&gVr+GES~s3pX;SaWowqM+oZEN'_?rBDZ3QeYuSXjfc]"7YsAR!)vo|=>$7wuX<k&)Q^}%Q$&5
1 3k?^y;
1 63%]9T+@z@4{$raI29S8MmE@]Pnq^}*?L:VOXYL|B
1 6U'vpT%7l}IAyug@!mmK_:yj<5X>iS9!)Z
1 <c2VRKm}Yg/r85:[<o]10U73EN7%>d`wD=]wgeu\N@OeT
1 >D[:-ID*)yYAQ-7PO4q]?aB
1 >r>6~)/Ut0@'(:zyxJ2iOHc~-s][j>_)L8XK@";OK[URtQL)6w-d@,cL~[(%x"GE9~+Y;F
1 >sL5ktH<)GnrE=G\Wp)(xIo<7D>7xY\o5,LX,!)=[gy<?BwvM;9G}*|5gVK`0Ck_N88Y9@1/C+JaL]r
1 D2{wyET!>TV}4sC\~qe}SSTH1)X2iD]HUY@i90jqcAovP3ni?ng-CVnmyH;c'wF[kfE%1Ju
1 Dc.4^"|H-EUO\}%}"Yl}^ZRO|uv=ky*1]Q^
1 H_MSn_km299c=.6QTC(|4*6'jUE<,]#n=i\FcbN0"/=Ju>)M(da''8R11(!?uJ/3ZQo/7
1 LxHJ=e)J1)kYr+38iL!RnE}X8M9]O8Lz1t`MZh3&-}y~)-7-Xp2pTUjxB_r'83WZ
1 Ml_@./C6kE>D^()hC\QC#?vA<V%?CAO+#OE;6S
1 O3]dluk}]O/"{[?F{_<dNgw!jo_z-Tou#gZ*]`3psjDV:vD]A4KF4PZQp'bU>_6*~qKP^]ARbdC
1 R7(G-5cVua&)UI=&s"sr%B!*oasScmFP%M2K{0"rpA_+"/_dJ8X<hQ!7
1 UE@9M|<dtzDrKgbz~G0ZOK=yt\[F$26rVU,>la#a]`oCHR>H4g=}
1 VmqQU2dV7-q[$Z%8=7{8T<O,{IA7,xVa"HNVs3.
1 [3r?m7m,X?R9S~AO6!]Q6teuHq_[;:nvfaPT3@&+J:C,DxG4RIeVG'=)K--Vm)=,^s`^5
1 [:x[7>_%*C^//y2dM@!2kY
1 \/'k`6a:`8Jpu1$>^1_ejT'\@QIce=oBeuHG,Dz'\_wRo6piajOLYp*xBlvBD\4tI
1 ^kPP,1reSrK+Jv:Zj#1>kG]8%'ROJSqC?B.dS"JA/0KYB~4-=_dC'B[dS].<P{<::Fjs}\*T3aOsB*A
1 ag'D%]XzO-|0ieu&-&n*T}_\dQ}w}uD_xd$|\ux-$1<luL-$Qz-@4'{wW5pUFOP?NS<,JO8g_m
1 c*vFP=jK^aEp46'?:gEhO9srMP_^q$`U-q7wiD1(ekcS@2frM12*.HCdvTP<I[|jp2rto>7UE
1 g(J[fWguYF0[5V^o|KLl`@i=b;AbWq-YxV6y.8o+I,{~1ML?BktxW;aLXqbr~^I0+PC[p(e:3{S]
1 ga,oaQ0h<).vm;:5>&Qy>1iT97~5FBTI$ySdfbh#&1x/KMC%Rs}+?#^r:x(y;u]?p1
1 iYv}a-I^D,5Sld4tY5fpVTZHo1R>lZ7V4.n1T9nwD>KK=x@1.B#
1 jhoz/l0C1$E>Tes/Wk5Zij!CH]/U%bmofw&0dPm1S3N(w]PPcdEMjEo3>9#Bz+<$1
1 mk~E-%sl]{jYi"S|63`>@z'&uIKW[n.I[Gm#K{nCxt8bu&y-8tdWojv"4]X*L!RBG[^qWNPjCggSla
1 mwCg#FX");@OW<dev-<'Stg2+<~kYKYH]{J`\>{!X
1 n:Vh}_pdw|rR}mjEY]R4#'S:Wn8Rm;knww5;d}=$e$~q)Y/aQ`1T
1 ndc=4y/~UO{muDg~ooN9@:(-{bq2/>H8$FnQ@8jugf}],!\6oEhKxoWuRc(z=jN@1=,QUua
1 s{f:7U`/_H#LR{=J$?w.]lk+,`d;grau*b0@M{KNj?s+4qqhUkW*^
1 t\1BvH.KcW=gs[&]ne:3C\H_1`MgzVFo4p
1 uvF!)3>0mo!"|*LRB;d!sKL1D'\lH^PXU2XwDZxYd(r7*d|f8tXR{)
1 uwcVas-$uvG*f^Y1<hd??oJ:*/4U]IhSALD$Zk'kbgtIyE=ag%rHH-;(+rKFkl
1 x2]#[qRXgZ6[UT!60v'"?N^uZYYLe?ZtF=v"IdsK?*'/^(_)}e*XO#N*vBp\`ek'$c
1 y+=[IsjUY5FU)}FV-f(sg[GZ5>M3(_\<i5w3)bg{2HR:F3+l42{6VV'm
1 z.c!IzaP>sBKT&79e]a=6p,2jW<,VC
1 }_~=gB>+ThS/3McU\moeR7"D-2D?;5|9s7V\Ys"HvoV+=;yxCiyt<zSHG3
1 }m[[cri{}m?eLazbTW0d;[TBcPwn~`52:QsO"b6*8R$)
2 ![?4>[ig0,Gu2wwUI4!|tUl]W-81]D{];;,X1tZZ"S
2 !jIC}Fh1A?[aN0J`m:8Lt^Fgm|9b:!PT&x
2 #+AeV@?jmP^Tr1C>n=V"Z?-:_4z6]"nyFJ_7i9"rh_Gv+%OyB'6
2 #+Ydu>XdpwmDPa0J'^"b[]:'toZG_F+C6}BF<5+--wP\
2 #r1XGzl|_-@,n>Og>)Llah\bQnYHj{AlnQ_PLgMF/)R|F"~}DLk&OH$!7\b#X$*an%2<kyay#N2bOKa
2 $L/9nV4EsK[p4#q4WhRKGsa96(=E.Lnh]ODC
2 $\Cb">dQgdh{lTYg)s2UZE=OD&X'z6?9-azH:zx#_{}LjqNreyb@@!+c@b%U3Cm??%fY~yu^v/E{;
2 '|m(|pW!4>;UbN*@e?aaM\PI[#J`dhu&ecH}U~}hX9>Ufbtg<qchN4LEP1@6y6
2 (dmp"?k>b[dnJ_1\ZlMQEfV*EM~[+]hL]p>xK*7.~z{JuHAj
2 )<sn.|5Z8+~0rLl~ifJ.8WH4n-D7MIeV!Y_.qs#D:#S-h[Fl\oysb\BQhe#Q
2 ,Pj;Pa^$-MIf7YL-gY|o)140!r/&_a)qLr-{o&!{Sc|i=I1?$.JFXwUX&cwe_
2 ,XIfs7C!+|sqMKUwSZb:FoSIxni{#4{I'F0y\l6"%DsR."7U{c_slzKuEhDd9L
2 -q/:HD0W$5,i\|!E|V]nJVNUuOr.=DWI6!}wE.ObBuL9rL]o=U^"-GW=vddN*WvYW0R7W<x52`M?GF
2 .7vfAoV"4ZffQ,T:ffl3Z%)6ezeFA#m
2 /(IZz?KCr\IOvx0a&-p:tpw#g*Acv]z
2 /P(|S5Ex\BW2W:!(#W7kg3\-x5iQ$%S3nuJB+n;"2q3hFM+H%AN(nFNgZ8Sw<BE+8ogBx#CE0
2 13kgb[cxYY(6(4r;=O0N!@j#FldGFa/V/yX,o<
2 1coO<"S#C.>l/2<1JmV>XYJ<_]Af,'\<&L&ANr],!z3J.hZqVK
2 2"bY6LccyBR/wKlJDmUM%O30x)~6gs~yuam,Hl*
2 2_@37}h1s;&xLeqJ~u7[A$IMTfD(MU7x6q-fo02}d82K8%t8y,.U/V#|WF&%7V9
2 69WS[})a(/,UcVy
2 6y[9rM>[/N)97yb@J/{mMaa03S]Q^F'sZaGg
2 8Qz"DSX`&6FgzqI
2 8uRoI,EK)UMDG1.0DsTt&sE~E5x?3q)J#tTf!42Chxg0*0ZM$I\)><B|Q
2 8~l7Ju|>U}=815{;p-H]!5F+ED-Bv),JB3`k)]*xv`
2 958pK1=XcG?4Hu|TfhtT~bEimjIZjk"$;Ss"cLYHr3[UCr+
2 9[c&\ZZQ"JkC-[/MV#"yX$D2D@lH>,}q"{vwVQIW6O5CED+{FG19JTK)08kg]i
2 :pOx#Us<,abl@=}|XL23q)cw#Djbh%=6m`sjPgB\c?c$u{<hHM{:V_Lr>8o'VHWDCKJs
2 ;%EhmCpB5_8]t9!~a3/HY?L1#'WNzfGP&l:sJE6_&g=5;WN7&\^^{,o92GfH.Iw462B_qqY2ZuF0Ns
2 =GGry7F_n"z~iGOb+7GL6?z[y\=f4b
2 ?y)\MkdGyu;2|5qwK9U!L1\l|h`@D$;BbeYC|f"n)%6g(0l1!ZmXa)PV=Lu`OK#21\o.],7
2 A>*rmeS'T#ZDg}A=RG6IH[<>FJ]2
2 ABABhR/jx-,%&4q_Q{hNV)/p~9aqAC:a~u$$bMm[Y4y^GkY3#\zsdDdc\Fo|%Dy$:8A7dJq?]k
2 AP4}N=$53^DNTX&@o~?+?RzK7=3#%\8EGe]1#{E6Z$}I\>if=
2 BYWyK.\K)d+-</$~q+-WS#ZZ<KTSkDPH|BCbO:.q989TF=SRay+6{d+9Jx'PWV4T4pO?Jx
2 Cj_-1Te*wl)kLUN@w6Z0{;2E,lbs`1]$zW0F,1j>|rDJIr%[Cyj?57~H8&)z(m!A%4
2 EbTg|3<BnH[Zl;4'tD]6(?n;LGW>e;KE8~-OLIq<p
2 FzG<
2 G,hV&AdIn9LG>w7GD\7'>f,iX2VHXHX~SApr{o<&D#Ma5
2 H<+[MI5HwIz#@|WFx5;H>
2 HH/.z!jUB4:05djC/67PPevlE[0e9&E`hS)}m/S0BmZVlE4zuefFKwM+T\+l|
2 I',w#gwW89y#{4B\%:Z,Ei&kdi;Ka#Q+)v=E^5|1M23IET@c)5nM~s9}wmds,6
2 Ks_"dG2]do[u.
2 P#LbCZ;`!w^Zw61k^pS<e:R\#L*th(JKK>FrYwAs,~h>6x*/jvdjL7GNbj]Lq)2
2 P35b#w1>0'.7gV2(/U_U|q[5]2`ERNef`5WTD9%rP)@8^kY([SwsES)>~$|kQbRMw+"<C
2 P=so^AOIZ7;'r*e;pYh}3umu0aA)vf}G%.R|N<FCRzI_%/yt#c.5szE$ve,)MEikR<h;X/]
2 QJ:Pac3tJR]?}`>i
2 Q[4{DavyDbq\2G<_b%*M)Juc,vF374M#*a}M
2 R<+0c*fS&K:VP={4lsKP6}BFfO\tbg:P>^_"h`nm-*^vFtEMho|~*Y_o)W~'Y9VwwP4z1$$WGaNlWrT
2 R\}x<mHwlg1)A|A:X/$U%5qp/6<'fy\SVtLqc/%ju6r8M4k&Bota?flN7)T|#LPsA7!%F&n<
2 S>MpS#?b;mQ"KV[2&y_b8m;_x6-o!C"SaN^Oj2XmG:~{tNv3T%oQ.\*uJCnhEL\a&=ENN|=u
2 T;RgGF.RC"l`c0@x1YC9K?xm=rf>TiNC&!Ff`S9$oA}mj>"z3DN]}Ge;TMXCQ'epA,W"y
2 Ua+9|#^j#>B9_kTs)T<LU\$:na}On^,D@
2 W9From='aU.UI'dCCMI8zxFOXDWs<\Y/t;"d)>&is3YWT?yv']I"VnPJNB>i}v3r24XTlwY`
2 WBnaB1wbYgLK>7JDuT9kJOajNmj+n:&`u/\RZ
2 Zxt6I/Y%8<#WF?n;_&bD6kG78lORj6O_ID0-mi1&&4vKle!Ljb,!iR7"?emD6=$_a3'i78n<ee"RL=9
2 ]&G<QOhR,Q&qe,zP1?IzISnYSj33Q_GI~mdPWM=}9Bo~gjiw*4rlf|GT#YfSSH{R7z#)cYA{{2
2 ]>
2 ]wcr;
2 _3T:~$t0(_N5LjqA%}+8;w2-;*o!XJ1R\e'u${&+[SZBYL|]
2 _BP?VfU4g^/.))D.B`;EZaVe!'y\G0s'kD_BE5p-.:TQ\4^}/x^ht5h0U|l{G`=4?|odLzpZ5`,
2 `mDES)KivC}-UTRpVtr?N9lQq&'r[REWZ$7.-{v$@0J0~{;U,.tYa{ES"LGw}kiro!!7{2TV\}
2 aLPVUXd#{c$)0=mVOw|>|b1SZ't%DI9@0$2dv1#rs-cI`xAC!>\#]zqmcEb")!
2 alMkw]SZ",d.7elv,S~=%9k\DEpK\\lYI:_[3364Yy\o_I"&7<i*A|,1|>8l"Su4'J/
2 b\Z2-uX3A;k=%"uJ*7cUCcF<rftIs1iqlD>5;uau1MMOh]5rswb8v)mio|3}.7o6[/J1?,'
2 bp(>{%Co{}W6Z<b=3xbJuGN]o~V!p>&m0H,,fh6c"lx\C\4Vou?Hd{^D@iU<^%B5VF`rH
2 c`7n(},h=BjH<z*F[Ss;Xzy:]<y$3ly2h1;oIGX!h]H%rRdO&s%wn}LL:GigN}:V;?
2 cd\>G1dQc.dl2`oFw9L>bayj27*UEu_)Z<F<MEl1Sl9dg)E_[-|X)3C:Ignm]N
2 f[{<UM{$=CMlDn>N$4`!%J4jsl(BwtbxQ^5AFKDb*piM_(z|;\}@A2EP:fqL\TE.MsN.?rob}s1xzF
2 fb&BsO=<y*87(DQJL6`5<0fN.&r857(<^zn1;w$bD%*I4J/=G40<
2 h%smJi[?,5&C.jJ>&~_[a5K
2 i]iK'kk5hs,FmGHzn\MNKD_~{mYV;e=?]'id-o
2 j-MNTgxka%.KShPeKjg'\A;-sCW&7a5<ma%Cc}I_=V,pZ[p&`sFX5`~)?W.U9B-'?1c#IG|f})qr}|
2 j[Pz2]tKJrP^we;c$wWoqM/&U_;JI*kN~=cKyYv
2 lraH@[IP/PD0>uK*iP;r)e_0sd'O%*yp7u9VR{'zLd+jto/_@cRbdLqX13B5<W@
2 l{VF/yv|}J7Rp(\\OT+yHj&,Sr[YDYb1V9W~MN7ewN9$otz?I@9p,X7^LqSof6!WhqVQ@m7SVO
2 nP[]I4Pwd9j|WR0:diu!/3_yYf!~NW0)F6ODZc;M&EwM~FA@meM7w.2
2 oGmqB4P:zhR&Bl\1>[@g2/5[/NRf["hKbp=%%(X!p+&Mv{^PW}8iHM_V62X,MAV0L.5Q5lk@3,m
2 oMd7p#2q}*w
2 oq5,U#@_5h?$%rlOnwf1?GHIYWcTZht}&pg!nY`%]:B{HIL7[MHyt+^h|B=WELUe=X`
2 p;!CIR?zgb,n}KLG9mCaELcgWJ|jhj)
2 ql;XaA:T08~@Cx[0=#p>2<.'h:&&5"!'m<xj\MY'dXFBR=knY\-j3;p6nv;$3VD!qW&h%^+$8j
2 sZpE4XR9}6B'^+07);]\
2 up8Jr$q6&0$I%guzD
2 zf~0)p{FCcy^!a$QJ~vw02`
3 !M36TJqCp4oo>gx,Ap9%e{z@wLmX_*h_Vz0FF#hQPrAm[Uy7F3UG0PfB7n5u3|Vixe0Y#3+S
3 !RMopa3M/~LU4\oEt@Q(&&\&k)aX&J/@7[J(W]nfvUV+LaiA"Uc'Z@,F,5D$\jDk5Qqw?+A2
3 "j|-#G:@9j_bm)#U9k{qKKz"i^{Na($,t};!gXMqqbqOQgY.mo!T;6U%sQmpX,{g
3 $-%Xm)'0CV;JE8QVo>iHU'a7s`~W-1^KW|$F&+obzF.[]^2g76K'<G=
3 $4gSLEGL*~ncLl*G
3 $HAg!Gv}pS7iOOB^m?pLM+e
3 %%f$-Q[.fmQOKiuL&d4
3 %O%'bV`}q#-aT@O<pcNL4;W>$02"T&rxPi%]+3CE,;A|N+9Y)f&V=v0@BA\u
3 &h$B{CY'('#3z7.AC<_hrv'4XYW/bwl#`+Dvg9}*Y!WTQd00<n3Ie9\XrN
3 (:gQ@r)Xzx8;QzGeZd\_CHssU(NyHy\g,\=KiF$~YV;+k{,F`g'$Ky
3 (L"BN9L5&)jj*^Po*s1e`Y^L2
3 (WQ|QeCm_F96oq9Jq${$L(M2Ybl{mDHt64rgx6osuC*f5\K'zG+GN
3 (Yu7nBYO1IWOkMR-xHyi+M3DTyU
3 )$ZIIA:pn+p_$DJ}e;]LE;%mAkiTug:}&/HOi{ZYAKSE*|]n8U;voYeL`O!VQTUWb8AMNzAo`sOip
3 )QP2DTuCnX(Mj_G.^mx#T#8i#2i6(",0m[[2JQT9*[f/VH<5PP7&lhnnzY
3 ){Vc3N\8#FhPOIW$wJ60D;oJ~>z4EStMOKK{x(O7M8f7zX:r$j>a&.F?LA'
3 *"H;T)g%Q1lzA}bw>z,\Z~2^Tr}N112ULso"|r@N>-dxEGq}C8Z8R'uAx/
3 +^uz29{vOlgSYNY;.RTT%0QmX]9#95`jgV`i#rYhsfA'
3 .BWOLee^ww(i#]u(+5oA>RH{F9wftwv=:hl!hl^`~!K<w[^$pN^I
3 .\b\Bb)5+J_aX#AGxDu3cCCotM}<!l"HIc&jGH!kryMe7)G0LWBJy~TnMR+MY,t>*5Cjw]V&r$j*-L
3 /'ljr)3Nd7]y~j$n\lDqN]i7DYOp#&]Mr.\5S,]{W)Cv!:=xscLmU\Xw`J=|i
3 /s~<oQZVr<el$8sO87m\""u;n1!cDw~lT.
3 01T&j-bp.zZ\Pe4Bo&`_@I7i<-V+T#"d3o%87f)Dab!MbNnRnP2/xbw5*h?^jZ]8JaP{br@Dp[pS*
3 1G".Tw?zN}]SBEul;Z3M;FcNr"rT~@2J#MWVEuQs0Iak*WX^Lk,fL+P?,CsE|@o~maoMX[[#@
3 2l3H!/D!?|YG?2(U`yLLxKCSM/Tb&EU8Lgyf2XfPUZv0k:~fNeNHK,zw;Ou@
3 4APZb;|U7&c_4kyTCmOS^?2HLD|YUH%i$nDeE[V[zTU0@i}|WNP7(|^SAuGv?fz\UYCyP4oKgF
3 67<zH4|_-0z>2ZwY_S{HQY6p$mhrkVi"mA8PTOJ{^E:p:Ldx:{[&Up2X
3 6h~as;;=n)_/]LJND*c+]M3k3nim$;XT$rP2.kh7sH_ks*;RM}w,f+245z<860opt3;HJp|u|o
3 7'VYW\k$cV+YB]Qr-T^m0{`(Bl@rW+8o?#4!:&Y;\e&U}$mYXLa#bC+?0J3SEIr8j?Iz?/@+:zJ!
3 755jT8.N7_{F%pooQkOWOHVSMF1l)@qYoADDrQ-*LCOP4?@!Eoqt8bb~)rkKNw%>Sc{F5CO`e9Lyr
3 7}$I9VIld1nvRS;!Tfd]q[Us.9w6]GXsEuWwL!~KKn]|\w91x8)jr
3 8w=@'O?4f8LtG8T({!}=\1?GH0kg|7:5/pn5@/b'`I6)`%Jv@b5{smCV8/>5_qdmbm==7
3 9-`iqfVkS#@#pi5o|c|6)*P"v;<h!Y'9!#=r
3 92sqTp6pz&1Li;lxsTvPrNoMS`Lh)1{[]oNL`c=[ih)m>0f2dw|W`l?4h&{,Qwf/g5Zc4
3 9="H;*P@eMML"Ah18>0+-xkZlqbLU\])x^jO#Vn#$VO?v8jIUyS|.?Wz2:G
3 9U-]KNG7wz#s^
3 9[0+]fp2Nc9y!]Kx1Zxr7(st,'YqeNs:D>D=?PN)4#=N_#a+]u|s|,iCL]P3,^fP{+
3 :)BZf2-oIsdQBK7i,)/|Lx~3[Blu>lnqtLLuwse[#d-E1DIVfqS3klEaI2Xf}asrH@hANh{QN
3 :A,1.lL[Wh-CVk~Otg`u}~UNG;Xbg~=#ZHMg54C(7OJ(VJVe28[JQKww"PZExg`
3 ;Ivpi6TMw;vb>hvMt>H2Cw|7b`,1X%7rMH~R]S:Um#ZjCP]cn;vf8~[.O$L+'$|\(]$ZMWyrtTw8%
3 <}H^HdS{KnJv24o4]xC8aaaXi:0G7`blxEKA*9Wo("f:OqM.&,_fl[Zpti8Fd5M]Yw9}2o
3 >&IS[-!)fm4W#Rdvw"mSY2"l/u<._~k|%5jz[j>CsRyu?xl75tin
3 >Fm'~
3 ?C\N!V1&LPm'NCmSge;";uO_/(z+.[#reDf
3 ?v3#Z(f`5ede5|St"(Q
3 @T4fpt"1I'o,s3Hcey31kq,vd7.MZ^jf$;!:#F:;mra%VCnU;JXAV}
3 @]'1Q%\@N>Ua8{GACT9?.YDHT~r){;4<wUfIYC=GIB1grt=LH9
3 AF4Yem]1f-H#My#
3 AGa7i-:,@8`fX+Ipb/0>iJ[q%^=x=M(]/$/3Jc?j6:k*_5yB^EyHnU:.4p'kX
3 AwKlA^jS//<MlACds(F^$CQDg\~rKCmk<Sr
3 BCVw,&0'byoGz~,rV4A~iyB*
3 BUgev}%VDZl+aMn__VU*SU}R{Uw<W%^xs`^j^c\$>cH:17y,(O5[%3H;gZW?yP8m12
3 CSXrUkdA%Q_^YOBfBs[Hs4taLwu]%9=akuo[an{!@[_
3 Di2(!xrz@q|@aT3ODEtQPuKrxos
3 E@)Gkp%}x9S[>@=UwV4jGrgc5&AW/X'm306}!T|4)j*`,F6$8d)^Wo]'19]?,dG>sv
3 Fit{lY;Fc~`m./C&WFs4-87f>WR"Ybe!fZ7SNl53't!5$CTu$H*0zZu9LcTg2
3 GS<Y]Tu"`j0@dPfZFyY4@mVJ<7XNzfm"NWi""b*gZ9(?$
3 HU=S9[/fb|-1!"IS5~0YEGc-$w/`=XP!//*QM<<qM0\i6i}\6>DC*o
3 I<]FS!_=z'J"y=!HCf&=Iw^d`rF
3 I?1iwQp|mZezO|VXDgEWaHwTIsWz:?"bxLL,|=)j3n!a'pUKr5=o\5D'D6<]T=AMi(X"_{(qj(m
3 ICQLUGjn~E3fGo:=F3.;5C^w!M:lsLmqjC]hE'X_Kj`-tydUGqp[O
3 K0R:f8:g%!?=RY{%\-({v,E?F+j?kcY7.,js]%.F!aGm5:pr%Nbu
3 LI)W`|;a%NB;Ppl-d>\'}aB84EuG]nw}m[0Sup]Zv"K}2
3 Md)CD>k21y6$cPbJgn>D#SpD)(pUTynhvgkXJry\Vr*brhGb+}
3 MrC~ncy<b?AX0i8iM%MLP?&{laKC9k1f^mehlz%O:_BIcYNK]zw/T8+Axod3[0xU8^>?Y\n/V1q:&@d
3 NM\YZ_om2eR<pslV(s^x(JL.4I@f)O_+
3 NPdy`F[nwy}n^]<BgJ@C]sXOsRE}[Z0EF/?'T5uf0/V)kqJmViL4w%|'pB&g85-]]ecL~g1M
3 NyVgpRSUTY&n!]QGE3`
3 OG\D]~?P8wB%fFkYiK6g$cbj+epGVE+'k"dc!
3 OKX4KiZ",IurZ!IY(#@`d|vJwngtnZ2>@%kjmak4+aA~|ir%l3~kK1P]~8R).}`M#M9%*uJ9EWkc<
3 PZ,=)Yg2h]w(yUH%Ra8>~DW
3 RNt+YIP`{E&Iwdh&U]@at
3 S,T([`U$fzbM#?(.N,
3 S5A+fo65/;Xww'e>Pp``<r"I".4$]:xDBu)h
3 SdisT@0hy1iLVX
3 TL.#g_{&K!9pwW-,~{6opI+Tr
3 Tb/@jwc~Ai"`eP.^ow_bN|zN"52rv-SK+{jt/htPR1
3 U<$YKrs7/n%%G{^)Ig!V[j1zbj.Pltp\207v#E/KNMOuJI9.19}k>/#"x0k!?\]jksb
3 VtU^CWz-3A@$'I_E],4g:wVHV[Ouy-7WL<p!E"rWBMub1U()zVo5N
3 VwWY1rUrYsrBmI*yzwOikorkME3-W.ZIA
3 WJNoPqOjHbUt7i;ns3WkTu9d&-,1ePl@y~Co!}B4k.x1H"7<cEC{9'nnPUp
3 XiCLq{{&h!nF3VyNu?J*SO0
3 XoxWh;RWA5>|_U~'Bc9UI0XW?[rt8z]o&Va*,5zLc:IC*bcKG{"+FYa!Oot"jSp,DmOP#d7
3 Xxg,i@;rZ`3L.[/N"\C#d!MK.0gt*%]{8E)#d]t?XC'e9O5U,WWoW?U~NW0Wuln.2
3 Yg6#Mrt$G#"ZxFS]i6Vc33@mpoy>.s,"vA>DN3btO}OH
3 [ZIg-jl9wk(0_JXo9ju1;s4rz-d(h:G>~]HCT)&,vU3fk?[f&v<=&O0"usCxIj7Hb^'7",
3 ]8rR_}kBxIK0G$r&RXUXGa7_jp,?au.B:
3 ]HU'_v<[G~x[3,z)|vA\!2ECy7|}Y?9u
3 ]c0sb1FTrp%vGK4ei=sb<]s8,{D=R0J0ss>V&cE3nID6tWzx/n[dgi{r!@JRj/{x$:i)80;(X
3 ^\{:Ucw8\c{;R*x]ci~)SmZf_{Q>lwnfn&;Eh4\`vrzc{/Byx[#LIvN*s~az2j
3 _NBKnj|@9<|kyu$lH|'N@~2&0Y)#^Z)XCJ$MP;(hq?Tk5qYwoyFJ
3 _a\]T0Fmlt&9+QHj9=neCzd=y(cLOVcI9ZAl%ft,uz_"f(k:EZ!#U~YjA=7oW'r&FTq8A:!`H
3 `95XTU-oa{TRT5h2E8Et=L:Y2+E;t<!sz2]N^SR@QKDO%z}X__2Y
3 a
3 a2U.:.J1_'m%er+Q3=j9mb}*z6M)P763c&Z|3&/q,{1,*V\=ra
3 a>_<WVBK#ns):+nF9.p,ngKQMT3U)E<H93N/$oY@_gb4rRZ,JQ/q!9
3 cf?[l5n1yC95/}?ZkNSm(9,n?w;jeh}cO=YVlIffk!659T+%#w-D184PKh;KQT/<,g-wK/^QI
3 e!5n3GN.4D2@>%%Vo409[^T#[*Mm:!o!!%nNfW[yzlTSpr*z(S4|
3 ec72_jXO-?N_n40=VhrA0Rd3=i+Zv]>`Vc&pa0ZO(J4nFn55(;1i1b}2z\ph:II,G
3 g$Ws7QjZz'qk$!+4i_QZI[ju*;.{5l?{+u+Bat7\6)b:Clg.LT#10)'SC5Oq<)*a}4>
3 i<\u:$=z#o,[{g3@;u/kC%|[.k%go,G9[T[1_R7S;3jblD$(:2.vPElx2q`"8BTs1J?o
3 iRyi?@vzwO5tw?GS;*,2Hb./p"0!_BBIt<3N[+ImY
3 jP;-=H,gG:mD8*g}<aHf$
3 k)Iv9`MOI.NJ11M=&9x$^YUiTF?_>w
3 kAG@#1(PJ;grO)!D#.=/|;.t|vpmcegi'IECtLr?#Z2kc20!Yg/q#Vf:MW(L=*6]St!H\sf^h3Jf_s
3 l}\Zq76={)t_e|{AdKFUVf6MVDUTH?e3WCldY#"o+uj+."erLGb#
3 m&eg>i&RWC3O)>0I3irMl2)>j)&HjFb13E3Q09>"ukP}*_aVc
3 m4y9U]7Eo)3h#f%pA|MH:.zNei$-t~&|3;7gwg.#o@
3 nt{3n$C!Gj*zpp[H/+l.Y*0V?gg?g6\W,Yi5\-O>2s:#d
3 o#Ei}Jt3Pb6[2m([U_!xKDH{@!63AcjgF&r-zwrZ
3 o*nYDu'
3 o2tn[?m)!C31IYJ_;B/+;*I-!qu1evnV
3 p!mW9||@8b_i?tB)BgaAjgP6ALY}M`Z})[I1nuBf1n3!|LlGHN#36RHp9<n"{c~@?cP.Y-0
3 pL6w%R
3 pp4MOT_+j)_&:zAS}W.?WghU],1x&I>1:R]h'W.p`m1y$lM"Dt[6\^&Ti7N*_k:5X38yiF&dNQxk>
3 q87M!JhK}p:(Ok_S'<PD&h:g3MIGTFVFwm.481xP#3qQ9Q?@moc.X8t&~>MS}$y2pB
3 qVk]:)%B+D42XF5Eg'[Y{}UBfF_OUJ1G;7&UYXmm?N1}GXlaZ#*]6X$x:B0@v&;Z-/cp"Q^@~o?FbF
3 qfx2Ak/9NWO>IBe#eP9'ng|5y.'X/i+;j?L,+u_rM/11j24P{LpjN)~HP&;_*`y0~aUDW57?DbPIsc
3 r$L+zLhInf{"oiH<~WdcH{)46P+|.q(;uT_,!cT*Jj,TTSpnEo
3 reKP]anw~L|Ma17}J0~2a:o1k-}7aw5T^z?Vv.ius"
3 rm~[L4hZGK->Tz(^3TvAkgVG1;qO
3 s2O.%ASP`/kN^CrLmqJ%psXXI"bbaZ+V,.A6;5!@%2<PH$0"3ll@;Zwv>#3x3nM>|)TR>nqB;
3 t#hdE3MU3:S1#01<Ow-PyE5p~Vtz71_,3H+rtXH)-69/Ecd0u,_oP/{
3 tO^RM+HYBHn*VlxcyZMUV9'wekKWFARjGM)e:Lbx$KTo(H@t]gfgwoz]
3 tu{[A}-eB!O4NI@V:OmaY&;2xyjD`9&X]*
3 tz/oJ&#*kQ95w(y{cc}<Ry#A%NTwf=`[R*e{/g&yTYIL`]IEAaz.\}N`f#sMZ
3 u?D+|0s:eb<$9
3 ujry_=3/<3dB+Yzgssoc;E)W#pP`8keyVN|@&CwGtTh:Hd"<r,~HPB~m3iNKV4
3 vA#US9-+^w3@f8gRn[zP7va_u:rJoVk<:>0~wY/iC
3 vch+u[kE!mKuGAN`gvDX4tRm0\-UYm31Py`IS4o-
3 w(/=pZ^qnR(/D%h@sz*8@}$,/O}(Y.;kO+#nKcsIv@,Zu{uO|!p3{)?I*=aUu<f:`$C,g
3 xC@cDKs^{T$O,+6ox[$vR$d#7(T>S
3 {FxH!MiZLFS5Oxy(eRnR~M~i2rA%!J){p<^,hbf5)q%sL/
3 |&7?=8E&dDeLIW@Q!;3YCiJ#rZHWWcm3D0j#^]QV|>?wd6YPHWO;:kIO)<(Jg+.f
3 |xhm(!T`:b}y?=2ifA@!0"sN"98Fsj$,ckxj'Me
4 "8X'@[AMy'a;ZY^O+[47dW"MC$[3P<kFYe5h_KzdAH2OK(X!vW_9t3
4 "Vw_zL:im.d\c[57bV!fM[,?*/Cles?#`<Ic
4 "p8FsK=T\JPZFx7Zqq\YVT(ybA[wR`tS
4 #{9I9nO=E`Xl.<8'w[pSQ`tk+v<Z|(4IjCEQI^[a=39dikj{Gvj4q_
4 $:(-gtGgeah%PQj(-~=4To?G5:hgM!5j;<3=Ls?LUBj&rVG~U}MDmk'
4 $VhG)R?P1X.!lkJ}
4 %"Qa\=E[e1!%iLMH5,r/"sw_$&qlrSQ3T#sLZ:BZdB^h*FK>QXLlL^MPdYWW-*
4 %W^vacmb2eU;MU)*{}h*o7s[s[Cab@vf2ow.T"pef`<N7DXMBAp2qd(!Ze{=@r?Qc7^RRi8:KS#{2Zc
4 %~1
4 &#4.kKcHmoA56d#UY/{VL5&sXE!p7EP<GdcM0Ht}RQMh6O>nwU`D%eR\+Sg[392Y8uAGXP_E"
4 &~zQ88Z/AU/N)WjuWP3R6[0Y(>JJcRh%Rr#hphkm?bB_V2h)z|GwwOk:(Qck$goot-
4 '<B'q%?uDPa%m6dB[DC64|j%A8i;vG38cn>o.vekba
4 (Cg=$!8[-n\hXV*gU<
4 (QiBs&0oSm?Y&QyFNVwM%`R.Wf#iC?!>P^@_`Hed2UHdh[Oyn,Hs'5"
4 (d:lV
4 (fsxdG|G/\}D*ViV2@f]g6I7=5qO@_s
4 (s|6Z2"isXq<Gdz)Ei=%vHc(.e/[h':oy7ATqYa|6\Y*vBeqE!*nv@
4 )ItaBAghC4.rlSP`w%@Ey)(qQs"*^K/5a0=I><FLtdd;Dg
4 +xT\8z(`.zT{dQ"%H%
4 ,N2mj]Acw&;NYgK?6P
4 -A6({xy^Z+oLm;C>#}]UV|fsQ6;aZeNfB})>3=7lGA95[uRw/KM~HNs4}/tX0]ZQ\b**!
4 .2|$}]f<j6gf~-S|$&{Lw]:qK6(|dXi+YQO>Ey#YfLcW"h=$
4 .I[<m[-XZYg6<HJ)jPLk.~$*<@g40EZ3
4 .KN"q*Gs[5@!L(xv-z{cr{Q>L(G0xf8(2!)?Di3~~S:et4]b*UxF+cO,{Aq}d_<a"
4 /7%0\c^LI+s}A4SzWexZ+*6
4 0.
4 1]=Dc2#\H*67_{w7:^kd
4 3]KAl")s]eYQm:0p]zO_Xhl$-[*bI{Yut%7a'Zo}@cO.}x:u/hU"RB?^8HAa_5WT:*
4 58u'GHh*G,8MW!_u>3YTX*vB%\[PphW&!gFb1/'q;X@-X:#uMvd@![|?Sr+D[{duc+X/
4 5Xq27wOim3a=<0:(^Lj7#DP!K:G:ogg%ZYQqF'}XE+WmhM|^7z![By!hUiC=?nIw851
4 5`9qN3/Z;FAH/=[gZe$2HK7nG/hmBLq
4 5hKP}}4FK5C.NX}}_e(sNr!B678raAIvEsaC-t$XE`!.:9,4}MBf@CCpsZ}p7Gg[;c9HY=!9
4 5vyh&wOZx-aZDm?u)NFDqxt7)_X9?qRnhLW*_B}XNyM-h'#pT
4 64={^t3CTDv(J[V,a%5L0
4 6d?=-3(&,he!~*#NCB|]]QM@ht
4 992uEX0F]g1]qKF$4dp>atx.8@rey<R3n}D5qmtOU&Gajld}QpVM!jtR+$8@nS|`$k\ha!(QK
4 9FOJ.DgVoEhl\eN#uA(GNnnM[f"1W*\+jFTwiVNYzQaq80tHP7o}@xf{z#GRF>v1cK*g,J+]5GttS`
4 :7`86'Exe8me9|-@A@w}(
4 :<e+Lb'&
4 :J^`V&Wwbo/y&MhQA#x1AsjGNK{mmpP(UI#-OY%2cMFh60:pLN#(\lO+8e3&p|GGGdS1Xq\=?#&nL
4 <#g*dWVW4Msmi{Q^wr;_[].$j6VUuO#LkiUP\G(+szww3Iq+<-&3%M6*bl^YV`@\e
4 =T1F=3r_\}N6gmCnBu!G:,A{am{|V3Zsf&:>8
4 >s}*)KM?f{9nWZD|_GBRg<;!{9M?&Aq]5,f>VO\=K0F=ji:JKu
4 ?H./M8d6s&&Q/$g,/J_ej<%5zX%v()o`P9*8Png_/)K=FMbovBU|]tLsgQ&+suj_Itvx}yr
4 ?bv'(
4 @(;xMK%E?F~\?'DoS'@9s$j%?A@If1`AR6:~`YD~~CuYdTIRZijh(UlF2G
4 @H?ot_B<FK(uS=;l=\qx1K\ZrT%5]H98oX(!Rc<30D)bz]i9;\2e()Zy\xJ;A|R2Ut2CXgU
4 @Y['=mt|'rOr\j"9)[3XGxHgZC2m%YT^3JdjRYgYgQLD<gvD]+{@>_Bw=SeA-T~Y:~DkXF_
4 A'~NEucD}4X~BLr$"gkFD{2;yDD<miEN^]k:>Hxp`O&]dwz!zf`?}rt3Q9N?>.l7ksjD<cO{NTs3g
4 Ag_:6mh<+H)XHhx~!fE6C>mk!K4`:L=?KCxUO}on#HEo`!0l#Sb>\?%TA,+^_a|+&1`n/j^13$;.$K
4 B+SK4.-m'h&LcJYJ9)2z)^xOGiE+%|7FC%-VL9_S=d:!I.J|7
4 Bbm7X#.*TN1)VN0~(lfL4OQeVQt
4 BuG\"m@^mT?34}@ptb{?%I;+R3NK*/[K
4 C-wC*',I;_#cF}[*]{kX*HVWC=t7%O&a[8&~>KIrEepjcLt[H`5QC&DeC9|a#=^]U}
4 CD(aK%;ejJO+r--\NM[7rk5Q&HD?j+KHOlD5-xyvDI<7Vbs?1iU>pinu3NO8Xy_
4 CG;xxC+'|M^2)r[Q![_F0=9bq(o`>_6`'jZ:.dAE2:VU-LAG(;m7WA4db$E"|
4 CYZZ_3[&{N8Sv+6i*$
4 CqPzVvq{(gP^_GN%Bb@Vr6L_J#z<?(!|4k3ib&e&lPcM23kS0,*#Apbjr]AM~\J3Hv7E{{J%MIQxuWM
4 DA&Hi~Wkbd;Wy`t,F"4.F|xwTa3G++kNKp15p#!mfU_
4 F<_g1UJ?$?!PRv.p0eR6[BpW
4 FX(iLXSvjgfF'.zWr&ek~(}("%=gv&798e|Y_I4w
4 F_kdC
4 Fg[EIr(WP&zsudJB?K:Azcr93d#m^1O%4+c\}j5h+J\;JAv$(2E
4 G"Mj=QkR_\x<l8o4Cf4uCK(\#WL0eA^D'n}^a1?ZwA1dX"4z#G,_-3=I
4 Ge3Z.1a[0aq5rF#OM>G!aHws_NMId7!Hs"C6.z]5%],f`H_35OZ/wkZ&(Ohkei4sjp
4 Grpzso(ic%PTpyGipLJD1:6z=6\8cygZ>?lPk/UiN&Y?:!)+
4 H
4 HRz'3<z(|BnGB2}nwnS
4 I@0~~l@!wa\Nf*m(q`d|{z
4 Ibtdkrdh7O}mF$:\q+]L}A;(ow,
4 J)L.P8mcc;rMFRK=qS$C%cPYB\v0zK)`Tom%Bug'1umpH9I:'Lv+Ja
4 Je!$~$I#7&+m2o73:IT0D/#$[};P3oL\oLz*i^-"c7nt'@BZhuiG?'K6%!!Q+L.5wC>b"J
4 K:<K/f}0,(~e&RA6>O3E(^7@"ap4no;Tk01Y{CCfl
4 L7EeU2/c?"Y`%nh^A,pg;R[o\x6oy.
4 N
4 N@"86oAa#VyvWTfEBNf"G0iaN0VmKq###':sTJP|[(CY`%EFZ\VWHH]<qzIqqe
4 Njb<cCbFvS`<RTF{z6fG,LQR-81q($uo)X,l6)3G[/b.|)DwX,Z}WFQcw{o~!e*)Y50*>]Q4'4\>W!Q
4 P8W95MDT\-d,R[@CFFxy%50_{+9p4'[}Y38myu]W=\|n8=Lx}Fr#Z
4 PMd47qAP[ku.JqfldR*^QW6R3
4 Qx@93xKKO'@3)M|te1`(@Zl3K&8APRx"f9T42~xz@9/He,WKVRmu.ZCXy[xJ.re/F:BrS;m.n{U
4 RH>\jP~|]yb$pB)|9rNbB3w[5:*AmG}@+<{t'{-d1n#"L,}~}f
4 RVBo/})mi\|.L9s<tvU~XTNGMs')Db_
4 Rcs4m~5/UcD](mqYn;v?r.!j"<-CI|(6z6I$5w3%uV{|_mpNCh(6u(<
4 Rt+M9^@qVZ;q7KT&0:?$(_ly=ttbV&6$wd~U#B0e{BYOHeC7n9j[UWo-gdn>%&
4 S,n#XXw="1d3c|9#-;>@dDA%!9n(GkJy29{jq/BrktU9]&E2v|?
4 S5*]8^|Dk>9[I]5)N|kOwI><?:}'h-n<A
4 SmjC/D*OL<=i\36>,Cf'dC[tAQ3&4M@fU,EciNN6ij!F86}CX!cXCZMc,_hYHD@8i~{SNJ$Rnva
4 TbfYwmU\{_}vG/6B(K@{RnTek0D*GNt#Gj)}RVV}6Tt\},~&pY"]HU^5!=XGjgcM
4 UHTvjB:6`j-b05NdD.\1>zm#
4 VP|.k!\&Np~#X:n7eLt<^![m'Y#1!}eVN|}T}ZZLfsh?/Xps?eK8e'A'_C7yA{j*5%^3^S^_GH:
4 W.AsNQl\|::<(.:2LV,?+%a&?W|wbI7TVWH?*O6A%O\Fv1
4 WAQD=D[LS$7i.P*BQ@=Sf*x%!+gmb`0R=RtSrj0wM1k<*S8Y@8GSaZ*ZO+c2jrcC_ruRwAdEkkatY
4 WB_M
4 WgPSzx\p^DZtRt67a;F]4I2|QJ=O8I"<m(%.0i_
4 XNLV,I\_!,'\-e(2,8Zb!k4F7gO7iq~\ZfMf0*F0Pf(B`j!~R$^4}w
4 XQg+1c#b9`
4 YvwG#ql+ZhZ.N,nBU{ujB`T)LV9FdL)4*dTxCW>PU7;O<MxXKnC(Pv0{gb]L/!_9d42BjOqZ!GDV
4 Z0;[y=k8^}~@xp,J(MQMItMkrpenaJC~5^
4 Z0^j:LGV6NeV9qs^_p@f>7lQ
4 [|8kx|wW,c3<1uId!"[<9U8KWA<ugL5^IgdB~]4,AGak=+
4 \
4 ]]gH?Yz!`pd@_a*ECf.9Fiz5!n7H3'+pcq9=eN=FY"e9}*wAp&YQ*Te*C8lV>
4 ^:wr,W|)#I0|$y;!Ou}(g+`z{1tDI!`BT
4 _q&\b#Hh&:w4[5h*_>XLHsiA+nYBYWS9dX0
4 _~J6-N(nDMt{;":!5q.L6yH
4 `EHa5Y+w3,lr0[un{<y}pLZ`Dmv4#?{|}Dx48$,KIwXYSibj&\$vCwW"eh6#CL!
4 `im!]ntj.7'RAgF/e4T68<G}90[jZrvE188@%<
4 `n_g0r`l=JiwCR(-QaKIP"@V.LTWB24~R"OUJY]N]B?Lt0sGp?+
4 a&6:q*Puf\8|mD\.ifwClu|$$C)w".*|MYQ?c"Od^"{f_YscZk(Ha?eeanw|7<z}tL=Xh'=a(TH
4 a/<*"
4 b'1'3?}LPZ=q-<&!FHWQNvSH]oVzyi;v,K8X%P&n+\a8w"8YI*+v!]YwM1ra
4 cger51pSz')f0g6EDsi>VXs+!B{'.TiqVT6A-YS'ZR`etwE".8}9gbeU/L2NN&(%s=_
4 d0,y
4 dC=MLpdFS?o|VxJ8tt
4 enc%t#,#[67r!J_7x+CBq@|9!/~BL@;L/:P><uZwF,&GUewh+;+{tC50Q5Q9T
4 f&q^RrN0+pMNN\N1S$[px&D=F2Y>rwEq|7jj\gn:|XkRxL!rz
4 gtY<5$YFhPqjCe+r%f1wrG%V/-KJU*E)~!7He$"#N.cB
4 hSUCY7Qc}45++`aLj)srimsV)DD>6f49;h[s:Hr|>-:GeAE}=@
4 kI3h<M%VT^K<]S_"-e3=_c[C4>(7-_53)a7E/;6TU.zXb.Na4>=n<=H.&G{w_-4b
4 kNL~`MiVQn%VM5^ssxx[eM(ZzGYlWpE)tFJ|"AH_zh"}/htY`6Dt2A/#pKI.G6bmp]VL}:F
4 lGv{eOg}R^i,TaD4m]TBw[tRNQrX&(|qhs)hC,ft%k;Xg^'V<twNP(!}r.VwPS%9aH#?m$Nq*hdq
4 lPe1_`&o5kmh,NmIusEGq(D(.ttiQWFs=OX<L^($pg_<rM
4 lYoc@H?o`2-)0cyA,UYy~fehD#gUr:uz.e^N/|X*IeLYcG5+7m%7oj:N(">yU4t}5mf]&^[]g)
4 m(I
4 mRCawS9o:To~~x\8onj!h#DSt"gJ3ry!FW|X+6H^%R]?e;Vo*A,qCO`RPb7
4 n'k#-{:v>3
4 nF}x~y5olP#Uo1]Ty
4 nXb*s{*
4 n~vn7Lok:)zNmYgU2W4@C9}PNEna#h-,g$y9P%?%GUl5/T%ZFR5ij4:SrC50,\;._OF
4 ot]BR9/<4}}Gc^#3[?oBFVof+"T-QACAQ;|$SFY#D|8)g"]8uVxUZg6DcCnBlGw
4 p\0'B`^TbbK5C.z;>|7|M,!eU\%YDA7O8FV
4 q
4 qk6HC|i+]$5^_b:j6r|5`JBpHufAjKLgixxWj&%)/-P]
4 s,m0Xeq.kl@Bbf[[]m#X2~OluO9;.4"<Y*eLnqst^4QAz-8X6:1aSyhIJ"}qO:.C]rn
4 t]P"{b)*)a8*%vpatR}-jbEY2{:-TAed96e63)YVi,_*$
4 tqJy-].#-1,'OdS2rWl9FFZ:8/l{"8xv*C,P;TRa~x
4 uX`;6#m%#Xrp*-/w~uBoB8dwX+CWpk&f^e#/$+4
4 uhiM&D1lGE;ifRT2YEuK+B|J#ZX$vH#JK\lrUhtL!i$[>#"Y+M/-8LqUAJXRqt8S#;k+
4 vF:M/1q'U)`.##'ZU'z{u6V055z([[|l"7ULr0
4 wX!y#sZnK&XCHFd9|/f)xXqd!nTt'>791734+(=U-13oVv)mA*1Ta#S{q)-3FCeWs3&~:BnaR
4 wbpq+MUntt+3}E;Q|"%1LO){('^{otNgXYt|'JkzZu.XUHDmJI}1wA.~G'6Q{}
4 x+\/czKYE2<dmKNz/PfgTG3:w,Px<kfPv]xtXEN8pj{y6dt^5\FS,\Ga3[3I2[3@!
4 y9FntNs[C~RXxS?"Ys`O/|?.V*h.@s;T-a^<0RwlkJFe8~",ra{;EP^J`WO7vmQ0P$X+]/8U[Q2P
4 y<nRu6,08<vI"RcvO$JB.n8*m.(w"Q2zl;MbPXq$0iL1<K(&hlG1u
4 y{dLRB|+kq.e@E@QSv$uR`b$r51{iER}\7dIraS_mz_.@:
4 {':AK{,BkaWVn=Vm35\(>L0"th.Atl_,r4L>Jry7TR(]*]K=-C^J*)e}psY"`9-nLs-vf(HUsON8-
4 {V.7,!cnH:!sp?'3{g1}xB`T'afB1{#GRJwxeu#.0$"<B)&[ph:HS/B;P1B44h#*&,
4 |'1WlxX{#}GldhcL2
4 }:zkR6sGG(p]Q'F^wnajqdf}g(]dgYu"rql`(a(i$3aU:(4L217>0}Vw@5\C)
4 }kY(ET2g,1m~JDv\sFW&IZ\+VFv.9KhQQ\XuKi]p6Lpyo#VdHH%,=z6r[G<t-?F]6:Sa>L
4 ~$<4=k$z(2hINk/A"X6d#Gfq56Ka.kRG*nZGZ^\{+_ErLn5gadLcGNo[c;X
4 ~'_o!=kt6KvCctueq\V!CgNp)o0{.o8?>YE>1L4
4 ~FbAu]Ec^$lm)z?IMz2r*2Axbr5DpM6prwL%opgN/UV8j1zR,GF67x:$}UtCG'HUM
4 ~QFE9=lKJmF4}\eSPwCRl2;H&[2o8dUtWK[2j@ol2z%G\
5 !9j"z[O%fjY,[sxN-uKfHIG3g<n+^VUx+Zz&PJD7O8BF,Us8fY~/#`[%{KJt<~nFY%e*hE[9
5 "O}v^td9J5L"KE2x#e=4l"*]-j|A8-^SuvdTlI(QwSmD3~=O~s|'t(c<q`wD(pv}h\lo@t[9bI
5 "])b$41S:jl#JoQ|d^J5>*([%vgu.y@IXbFuuqIKvPMA@
5 "^yIO$3\^'23M.piW]aEdFjdwie$]a^xZrC*uU!nu2#C@.-vk)<jhAO`,5d$1]{jPYs`IsP?@lb_y*q
5 "ab,f~$.D4`q}FZTp-)~b4"n-g|&9FO:)2_*Lb7o22B8J<<U8\['GMQDB\-J[b3l%}5C~B
5 $bV,gAYfT+r0tNz&\_3Cg20p+zI@MuzjXkuZ.iA{
5 $~[87_%^|pm?'3\]6%!$]jN63O#~x"g7!]OQ=S1:_
5 %l5.%$H,0p0xw1$ea/Q4I{aR3Z;idY&%`;2dXY+geT{]d:C`H/0,EpwWKM[KA{O
5 &l,IwGl,_jdMzQpGCoS]/[`jZPK4;[u@b"$[bo"][eEpQ6Rs'&ROzM;U}!%9[yr
5 &w=$%{Wls/[cj]^'4<4Z&swXBLSMO?HZxQqsMJ`\r=Zx59~
5 '`GYX.Nj?'%(r?oy8PxR6OJq.M|[,FvL'>@sT0-sdU'A#G
5 (hp3O<$u2,f{?Jngeo;kb'8jXU8JTZ]u^h)H&FX7k?3E%"Gi,apm#Cs[wF
5 )VrY\;.%WHt,&XS-$exW.|*
5 )fW94h;XsHg~z2VdW/s|-St_W>g8n|Q2})dM,!&!H):]T+\-9P*_?~?1WAH`?xrW=W
5 +:lTuZILanyv~y]EEV-iE$/L!wN;Os:sHAc>6-%v6~m5xfsYW!]7?(b?~KtO@I]g
5 +fy.*"{I!2z9Ioa&E+Sha>xS),@Xfj*,Q%9t&O?Aa:YE*Udiy8l[oeI4
5 ,,I}k5{d1l}KlCn`W9j0u<^7i;U[U''aLO_Rc[Q/bPZj.IKd{PaS$Ce1BG@jW#T^haGshoECh#]q^E
5 ,F<C,t?92Pe#Gc6_O1<A#P*xo7P/]tThU+,`~dy15y
5 ,xJ(VOZ,,kpMs.cbXkx%z9uS/&3e`44K+M=NUGCB]9`lGDO:1c>F7
5 .@iJ,Kfg1:,]&[x*d9m!keo2l0]#?K$g'lL2R3
5 0au+9[ZB6v`!Y{%1T0@8vXt:!g%/5GAEDQi\.D:CUyD/2bYeqy8iR.>l0Bz
5 1"x\;rJqqc-VqpSCfK{VV%kLkG`QSUscW)A-zj})
5 1.TO$y#>1R;o5;gLFu24O}):W
5 1fWDUxtRtj2F^c:iQ[JlSqQ>v9Kv.;G;Nj+&RhM\w;qcDnXY{!c0(6'%O/pwcSM3>XR
5 2''bBQ:8}Y3w=deqE)i7dLV<p&%)\5Z3B=
5 27|YV3[zhj8niV3tCN<[x*JIymC7m)":?9.1Ki,NT^>XOPgq}%M2H3Z\!8/)@0\yHj+
5 2>IA&[Nn248$\^t=to)j^\5UK|/lsF1
5 35Ns3Z3+%rb\^b&ePfcfJEzTQ0_AM;J_ixm{m;(q/iilfnlQpk8;14n{]hW+$C}sX[]Ys27[S$$
5 53"6o\7Ogg!:\'YIoTuEDsEHG<\Ttqe*&"Y0woy_ry4i;l3+[)P~80Hxe?hZ2h}Qirza|t
5 5Y!.<r]yd+0o9(<=3-?z</RmxbhK)1+W%+e@9]:|gdl;')q9O<S.q$}jzuFcTz~;
5 5uB&LGIh/E|-#p"\k5RpK"C93MN{WQ['a8FH_n1)NI6QTQH@
5 6&jT|wMi"/2LTO~~wS8[K=1y2x_PI0c
5 7I4'-Zx.^qob~\bhaVls
5 7z"*nG,Tz(3z[o[>~jcDvu7\DUal6WG811z$i{}c2<\;Me=7HPLCJ'>th2Q;A+nczAfN|OLjfU&#QH
5 8Oh^x"aE<,FYG[Eg7mLE|L^K&"iWweS1OV*IW&
5 9!fp3?a*A%T=>xLAC|[q!NdNz[CUU32m33__Q[i-_Xc8k0Y/-5<G|;1wuS
5 9'7wK"}7D.;O
5 :DR$1h@Oi..~eKxGx2lf[AQj%Rm(A}Iy}Hg!=Oav<"u{L[I,(7-bq^g2KU9km|fkEh({8hsSiiiP_4
5 ;n50+m?_6`7?lC[QccHj+%YL/DMD1ytehvfp-B%
5 <YB2Fz5\vEfO0/-TeiBOg>nafT+13s9N
5 =B\s}lH=*C?xh5tjGJny*Z'/Y<KGiQ:B/16-|]I';$:>8I)_.2Y8(_``6-B;w[\'kqNhiv
5 =k?q_weRTn{]h2o8{[BnH*Nt7'>,ix='duwDmx2Bg.:PYE#U!__bh.r:NKE8DaXCqk#_d4<f[pQ56m
5 =m$7SJ_E(VXiv*lLx?P$?eU5wUZB)BK_CH!4b&~UCnO-i!X|YC!w)o-;E"]M^CG<
5 >J(Z-f=~I.lDj`'IU%)A!$#(|6NqH,1eUSZ|Tv{}?h\
5 ?(lvV7Eqp0sR8rxwn(O|<B)-xG,)R@t-G|$84H*@q8q*
5 ?hZ8a]j
5 @7_rfR3Su2MK@!e9g[DG#B%%V-!4BHgaxHTzy#hpN6V)6<B|v!^4BbRw*SGL6/.JV|Ek:.vg]M
5 @>{q|h>)Zb]$^=a>/{<@P1d]k=vaa*K<GH.^Keg@I_CB{?_
5 @VN1#]YBGna6=I'3dQuj[<^)d\mxn9)/+VYGO3hu#KGYsM'r:{]t9V9|3A1=Z9e~+@FYR
5 BvDU$aKEgt`"SpymvQCd[l*1E&HlQYgrj,b)l/hn>c,-T&yLVWKLDTv
5 BzY?MU!nwT(7{{t_PsRYom(F!v-djjg.![fsM
5 B|@%&f:Y0yW/*N:$X%2Tn2FoHaO%1WkRoFp
5 D{_1vfq9PuLLe!T4LeD|$T6ZLV*C421W.og?WZXBj?nj?]}jC
5 D|=(>B))8
5 E9Yo72GXA;`2CEq9L/P</crbGvw
5 E@;y'0%(-vaZ5nY/4";2^l'uY.kyAzheU%yu4~9Z1y5`h**8+DIhKPx&wd~S
5 EnyEr,E0Jgl4#]S|{&pO_<]#FB~.~-Bw9|
5 FC4!5%e_N&*M@v)@*i|rjA
5 H*zhzY`l:c9<U<Psh!m}81Wz7R;4su_V:t?5h!<$cnYS,DH/D6G[a}W3P-aD#[5=PTQ
5 I??m<`(9JyWQHp>.")jVS<L8o-nu++)_2`t_#Jf!Y+7oV3j9`|n4TUeDaT:'x\f,Wujs@Q/x
5 I[j[Br@!`tM~_yJr#I)%WB9M$Bsf/|Cqs/N6"mPa}|z]vEP4)sR`6k.T.<;V:]bHkKwl:HhR_dJV*5%
5 IzoQ(["E$B.$h?<s-~cD]F%O+]7BkfY`Sc4j
5 LYA?#Ipb!m,;|vQ*';TTAP/M4Be}niEU]!t_Je\dmg~&xQ0~'}SaNaJa?0y.y@bq@ql%qI$y2>!+*0
5 MS<dZ-=l)X,=10:AtoS[^bK_4`!=-J6s}lXrx0_#g&Y4PsTE}(!wj
5 Mmt!I6>]5,A2twu@Qx
5 NO<@,lcHK?0}]`#&K-G{L}i4(}RBC;(p%]1Je0
5 NS{,WbkCVUmkW,iTus:"<,a`2gb1fb55P1@).,KdzTPS_U(pI\-
5 Nw5w];B#|wqo]P0WHQo|d}3XZZ7Q"1hi)|b"9?>6RJ@0yi"];pZ:o(qJb)6}T9#v7~3iYP:,
5 O-=s+kF<NH'~O!\<zz(H<uq56;xkaq|K:T?DZd_)G!(2<~MQyTxPd'd5[w!=i8g$
5 O=X?0D84eNJ]Cz{nR%?$P-jM?q(}'B!UxX/)7`<|/!tk{-th1N'`ZqIx}j2%
5 Q{?/xD9pGMO'J%,`v)tqSRczHJWM0$E`~co3(C%hpmnU-z6$>,u,ws(@>x(g7LHPKRbR1"<"+EV
5 S1_f_~Orl\IFE<%|5k4`Fo|@{Fxxp<S^fNEFMsS:k{_1S~Hg&\Hef`&|'~v2UdoVM
5 T[l":ICP-`Sg$E$a{h:^x5[D'txUgS@<0HWI
5 UK}z#6SGK7&P$|n%8_sB;~NwNId:,z7aFOvbdK*
5 VJPWGFu(\U]A$ET?0D}Ejl5`*{U3tPT,UpCjfTNHA}y41"^$rg/="j_3"UB|)$)]tebuU1>u08D@
5 Xh5OPWeIkB-U/RuY,eA_`B8H]s/&q5FJ9[4hMxL9UYmdF}Xkc
5 Z}ZX>?Bf=U!3ch#eUD%4vgnra?JPXm;Mkt@E4a,j7,85sTyJx:w+<#||AaM4PgzV\;z,7'1g
5 \X>~bI+7Z`bXv?=aLsr"tD3
5 ]J#Hrr\Foj~G!Kzaf,!,P8UDQUAlrYXP>t31#+pq0,SJVh,>tFcE]S%I)EPz
5 ]KSH]RNCMNA4pOl!\9*NH4<;xx/K,L^p~PHOJR;|^98X7_>_3G.utc1)\?ngjMr&|UTb)n,O>(i
5 ^8wepn7_KpJuT"EZ
5 ^PBQw%m?ZOSl$B;V9X8%~<Qh^<>Sl4OLd,8\1&6&nh--EHb^;5bTPN=/iu{pDL=CWn:
5 ^fb
5 ^pfKpF[mVOxcX/<"9kXkL)8#2q~C
5 `3)b;di%*Uw;{E>X3Us&q"A7/3?N*k)h{|#R[VYCFQ]B166C'DI3Eicn7$=[n_^'w`XSQ2uv}nT/?%l
5 `:@G/q5]xIo~X+NvM@i:KL}jk`PcHby'QmABb
5 `Z05.2AX?|%H_WKPn@=?PH"$VXptHM8CBHWjs3C
5 aGk8iLE(Oea?(v<|G--[AB}78z?TLs9.U%_?k@`U@Bs~Z
5 aj-i3OCjUt7[O\Sx&$E4G=rO=[uQsRRMvMA32)aAY^kCU8!iU;d=/+A
5 azFl_4Gt3B
5 c(Q]*:86zLW@'%T7si\rgR|~"D^P@'l%H?{lr5=)`sI"w|Rl#/y%av%|U|Nt$;4es1RfEno@b9[
5 c{A82&Ke8U"TR}05eC~MXUDrkiDq6F?x]_
5 dCPt!tpx0F?#pOvKj4z8Hw:Z*WiJd!HI^3XxBc-kDLm56e_!4t8;-jAGxGJ~;1Uo^>Ll)_Q
5 dIu7?EpICKct^^Y(ycTY92>KOtn#AI0@-@WKdb/B.-8'&,.~n{X)IuSw']5GA^gM9Y3}YQW^Al^q-\U
5 dzls"GP[0F_W!e=P%WPUa{}u/A4,Cx*BsuQ1="kgbfYb
5 d|'PU\FJnlUtNEtF.~zSz+uK:G_k_Nr_e40Uoo~_\TnE4cjAb!sw+%C_f=e`&X@&'OZ1@
5 e<xRKd}Syu_^Pj\7%8X)KZipr$6f>u+>2>o\#)J{9+th0Q~O$rt2Io,B6Kx^Y>z](B"*F@"z
5 eqZM'Ax^BIO|[xhtwjCw9jDD!<xjLTx;XcV$vmV\k--}0uC
5 g;8wx"<B'{5WhT&HXAo\MQgUT,cJ>*%@_=9r>nO^jd6S9U7,v'#^qjNF1M+NV0*PL\D%Krb6W3%+h
5 gG?vMcs<!y"W"T+Hl-I36HN})g;Awf5yHS,tQ!KQyL*7"N^)[BU,i$Dr&_N9`}MCkY
5 hC"ab~B;h(ehM.w5`1%)mjVO"NJ$BDSEfnAI*}c-&ItRql"R9'tA,KpG4UeoxSPzBpDKnCX/'gawo|
5 hL{XMBs"hE]F!/a}L5D&Q$wzFcG6ELu.3r"_Ot{RUYwU#smNDMmtP"oH{P(8iP\8
5 ikqTu|&5P5T;St{(h[L>AP8r=.c=W2H[|T0.kO
5 iq~wmcg6G-;Mtupi{B\sO(5.8?A2X/hB"#U*eWZGcttrj!\#B91qZE
5 l4u{eq]sPA0MI.:nX[<7y{wgnV?-u
5 le~t=#[&GBPBX`m/I/l~AWYzuVTDN.w;rvK
5 lzM&wf
5 m^e63Pi(:E_F9Z9Kx#O~!@z}3|E/k~{Z]ao+LsLfT
5 meN5;;cc*gXPTmTZ<).IK]XV:.c4\D^J*Gx^|\\A^6,3>_
5 nN$"qgO&4BD74`IS%=WM$EM&M;Ur2I.<21W$3'C`c#vvbZdfw<N6EbtsHG`)6Ba3tY(_
5 nWIkw.qrgh![Xc~F.bDXZe!sG
5 o!(R[ale`-bdatCj4{n5o)I!"Z/FWcm!</tBe]TIC^5l7mY;-v"6j?V^8=>pe0,<X<x?xM#
5 oJ&tw//[^41XXpSg+O=N'R!E1|0spr)z=/+PW9F6LV
5 p=$!>@Yl"ScyWBX-q
5 qA+}{BKD[rZ*XDH~9G@QZZg\lO%n@^sL~}dzZ0ZP#OZt.=0acO3XDyP1IT~$4.jMGOc"y
5 qC1Inw)Cn,RI72v*d1C5lI.2X^:/=1h/Tyr]qz!zAl_X~p{c<?3)#
5 qh(mUMZPM%!
5 ro'k}Rh"j`#BKR*MQP!hn@d;9\UE(&2y0S
5 rpZ6,2-qZx|WW(/S$hp3bR`&<OeVu?7hJ,9p=`b2syhK<29?yEkwvM|M7c%-
5 s4D$iL*uuwLz^y.bv5nTTVk$bc`Ha-\V@"sDg|Tx0~JOM9nDR8`g$cvdQ'HN8=
5 sm5<kGjZz?1"\.d=o`JLQ%gEIP]8I(9W1M.7/xpq!Jt|dfYP+u?Rv?]bEL|}WnK~Z~,4
5 tHy"C+/3sL-1%=b@-2t/
5 td?Ul"}hotPXZt8Z,ANb[4~yp@~
5 uaaIvWYcPg/8"Vftid?xXNW3~Nt)W0bgq^1hQiL"k[SlL:|Q:<Jq%"%$ixFADC)6=S9m=~*
5 v~o$`=m;jlh2ox!xgp)*ZlK-uqNBUwjP;5qVd@3D#?+eTO4R2'>v{k}u+
5 w?np)6tMAyeqZq|+y;V);TgW2
5 wWg^B~$IU4:NVpc|]ak9WOGBeEJ&Eu/=h26E1T*!#C
5 w{o.2-QO2G\+>{'!o(pCms]Wl(BXHf\\cLi0YUxj{o1T'QTuXE9aSv9[9t4`[+WYWAhK
5 xpsQ'nQ/.CWc[xo{8;`Ud(le@tWM.T`A`T.fC^0Q"fOv`Yr3sS#runXP}0}F~^g
5 y!jqW=<IR&^0K=UGb{q{`FahU4nX,rL&s8wenN/[S(k9D[y(Wk>8M:;=M+tr|B4,s,pbs;>aB
5 y\IB\f"Z-YKB+Ahrtg#b/h*g'y'3-yvAVAbMBc)N>Sob/ro?[q"%u,'
5 yf~QP"?p9*`gS\`31kL\k_1g;7WFH0@Bu?raZLR.o30C*po:vV1b6\dPrVvUfQvv+&XekF
5 yq)\IeOYP%H|!{m_I{9z'YQN11-[Z!)F&:jmN'l}F56F2?AZUYo[3A+^QQT,Q]kp2Wx_w
5 z"HH~7+r8l$$"zq=NB:AN"z7sgv.NVeIW/-q_7dw>hz?}(vgI1)
5 {AeRxCY^gcw7LBVDw9dGL<|T-\{7?$!Bf90/W#gAK_qv#bU5zTvap/6|jLN*jhfQ#uysw(=8[Pv~
5 {m]@${R,
5 {z]POIfJtTIW<h4~N5ySM!l^X=9s
5 |Ly62B1"Y;x.eb/K@1[+=q8CE0|&BT8Y!LnLn:MbTF+;CS!}~uC<gZ^G%vfFK9:edC2m\^PL?
5 |qszbp5|X!"~(Z
5 ~`4/r5)bTS5'(+,O-G.tK!'nRkTzL&feeyts/|VbPjhW0/'<U41;OR*">^7i}|j}
6 "{I"yH2=c42\Z6mAu9YJ}XlJGdC2KalL^PgrwxKu-\l".[\$s6h.mUWOTza~vhKo9Mc1
6 #)}LiD\T|ZGA?+N]"pW'Kk>JG\Fu[S=wvUD`x"51[uR5<;q=-
6 #`29;w*D;=VLs}V[X.PKjUis@CQ?H/{Jn.b+&kh@CY'7r]rK&]u+4y}S
6 #iN.Z8A*-2k3yh'Wf{$7,MpKv!!Xb6Boz[A)~L(x+g"dBf~RTH%V20<D0=7qRXaM4$oNi2GsyH
6 %(Lr{);fVork^%B{7wZ7%2W(P62Sg
6 &*&m+:X_o&7VxU=Nw)mjx5&h3Rq3ItD'!DiuzNeS"X|0<\+%.t3h\x>Z+)w2+y-8%G;V*E<DIe
6 '_um*-ok6:?Q5EpbG/3g9;p6M|1kQvlWp|_6*i<Y%[+S;76bEbd]|p.em?QYPYL[V,p
6 )#>RDtJ3[[#M!N/%+JZmj5H
6 )&OaqSF(udETbieFCNu&&<O@W%b-%Zm#(/YCf*Fh&Rk~/[[c
6 )0Y@#B,9I)27c(wt`^o>5JzI5/:_1yU9DIsFj~xNB+~&MvzHV&!&i
6 *q,=d')\l-[m'oj"6R3
6 *}_TsS!^Mt+_GcBg4)aCzH
6 ,*~:(pBb8XhP`RtYbojz'{dscRg3,=[QFtkhe.K8!4gz!bZkOX4bA]=|o
6 ,/aX^H>ZAEDq-\Y]qL2ei{$L<1quvNb=\EtUlB7XY8tQ5cU.
6 -4Fqj5h5~CtxZOjL-D#ze{]'qUsSda?,1~|z5!1ND@G
6 .rZr+43ZS"e0|8(}i`Gr'Yr}3kL]xHr(<M
6 /fSCnYLOd.~#_c,XU66uFhT~sSGLG>$U%p3r
6 /zBA;u}Z=db;So$!n+_}9u2O`Wr_M}4Vr=W:$p,U_Ph3Zk3d1-|J#/xc!']M%X[Y@s2FO}k!
6 0R;B7XJthy47?2sW8CZ\lQw7r*;yB
6 0ot\Mioeg"oon{Dvq@ft'aWmc11py<Q*-a!sKot3,d#zz
6 1b4_a(]#7dfRpOkeaa.I
6 46x!_b+T/)=(q3TXeuq*'C`=jm.ea8&0g}KH`o{*wT1i"d]guO,{rk9wZ`w<
6 6$B$s,N1Ju/.V)N4C(oEd&RR
6 6L2
6 6Z)F8\[kOzUbxe_A5b=]L(LN&T1Sf
6 6x|ufdx,#u('J!:^u]~kWUm+0D:W{|H21
6 8EZRh
6 8tE!E-m#zK3{qMBMc>Uy;--0!r6:Kgab\'}<Nk>I7Q_C9BAADn>owcByvU
6 :u9S%o~l:S"-1rBK*b9hU8sR61,b9/=m%o[
6 ;?n+@~~8HHHBC}G#A0?9W.N0xUfDTIs+gb5C|NZ_2$"T"HW\Xuu0>^@R5A1$i?.R#C
6 ;FQSk~k9Blrd1cr&|c<Dev_J1B>g\V~v{kJ
6 ;nI33)$w~yeXC:9}feNz?bWI\;ebR"@(oh:>,X6+R6c1j7/Q{wfVtX:Rs~5`;ngFq=c|t4(ad&q
6 ;w2M3g=Y4w"U3*k&d~iH=/IT%E-}{dk7v8}D;U9hM:?z]E
6 =>}bj`l|=]5zR`*T2/x'%d!gsva-,nSH.QF3LM0h+Dcv@(LQ7_qUDq>R%:
6 =Zv`1uc,aJryB~4VNmN-ocK^i%1oKiiAlz<|q!)md6h'57vc?E+/*
6 @qpR0gh$L-g0i/:"M^6jwN-JMV<'NCYmOd[^MDaxjJDnr]p@V'EinQ4WBi]p-
6 AGG&Aif\-ww,_I@N]o3}nGYfb1P5wn"9PbXqLYNrl`}LD
6 Dx>Bg-413,X%9A
6 Efh|DM",8V3!HRn5"a)xkf5f$^,VH;N~NG1'j\U^JLz1Xlt?%EI/Fw1IV<:9pg8YIIy4
6 F(gUH79Kba}l922Gw
6 Fi[9:/X+4=c[uu,YNxm+$TyS$C)\;"mz&d5?r(cADa8;W]/'V{KtjEbn#kK=(SSG8#eF*d"g`9#9uK
6 J6%<G#%>n/^}i2a4)q1<kwK=cL9
6 J|m.4:)~rqF2@@;mPWDSJ~b{c0TgU/o~Fw
6 Kd,Htf
6 KsC^S7MyD.NwP?ni/qJf`~QM$cX{}k7I_ZCNp+bOR2G#PQlyCQ`>kL'n0x&Hd<-^h9
6 L0fXEDQ)NPaX~r&=s)j0TIRXTT
6 Mn%\mC3[DKDN@/Bz>sUJ5$-+Q,@\eYM3HkoQI=G)g&V(43#RBW{VtC{FhV$N0jD6
6 Mve7>_OHKo<3G26#B5u]H,`+8Z7dvzizmn-Zo5X08i/2`,>gz;e3|>
6 O_1LgM03e3G;Nu1L8wpxr(D#L(=-Iq!wQKDT4m"x"H4iXDPp<A%IcHe0P$V4tq-`=jOPYPIt3vx
6 OrvQd}\YgQf6\o/"PZ:sqOtS*>`lQfgPxM:wsI>!,!r#l"$W`QqDFz.~c%~aK=zifzE?kQ+-81Ra
6 P/|l=2q9C17w.~tzRe,xeppm{;S]"a?]UmGu-erl42nVacQ4d]GJh89dl'\mgzfWi.N
6 Pwo-mNO>bfCf(Zk\lM*%1w]"@T"-Q}8"1BH}o3VRxyT"T@wA(
6 QkKRO`N~}\[d1`6carE}CP*UUz
6 QsYq&zOOa2]AtS0IFis(^|P{ZYA{+Tm[bGNh\|R>J1_Y}*=^.1e(IP$>D_:NN(ELirOF+"~
6 R9%c:,Fo:t>k<Q[oCDn=Om6LzgdhlEFY]JW3o|#D-Z0I,jSh/\'xd<E_>+I+O*
6 Run~EM/SF(IGTP"`g'vA]0fb/EbZm:rZJaZn/$]nE'64p|x}cY|/]t}pq*|f"Ma]2o3~8|2ltrfxPx
6 SF*_YzH-Fo;(fz/hjp~$=a!;NSg_5ygg@,G4(+ZM5tU.\(>m=,$v=011_..xZ_8@]hc'sUwqom:ft
6 SQ@2ge<;
6 T_shhB#vt"*}!|*P6WvjK7nVf@rcTn5ChCFk
6 U0"`bq8CTIQh2{%CP]WtdO'LgSbeWn=-9>(z1?Y~g+hxBlVqeI"Jw(uyZX_Ma{Y5U
6 W1x<KzIGqR*"q[G[m6FKVHz[MPr_|\^n(WEmmn5_[Yzh5CD#X%hILc?xN2Ye)RT1Dy92$Mp^'lG<J&
6 Y:"\/@0KW,}FGMkC1Gs=AK9B.f4#xA
6 YU0]Vlxba3li@Qfb#~7;"IQ"[UZ-n!BboQA`Y:CUf0YA{@%}?
6 Yc,6Rvu`b_Y@l@Hx%Mix@CB\@&>zJ/#$.HSy?dt<DhvK)?D.'/'akb>,#uAL&]j3A>Gy#<7`%H,-f
6 Z"?0UHA^?JGw<<
6 [y;K@cZxEVYwr&Yj$FTuPn1"
6 \qgx8Z;<Asn8xq:?wGTiTYi[Xqs`r{4CC9+x7<n"8XLNNW5_Ir2li`2w>Oj/K9Q*Q\##3,?J~jwM
6 ]@HF-*V
6 ]thw*I33Lr%hV"w&DY%IfSe#)S6EvX
6 ^EnQgOKw6qipT,c~%!D#2]CDQ2(HR3BKqK7Zy{l0nV;]{9]!S">ex`*K-Lr_x
6 _0ZHBD"TDF<kOL_\7bM(1*/LtiR.j%!dOZGp9H`]m7cXb]5x@{;jAI
6 aP_,&!*r2xg]V@`-)k&l.u<g#Gm./aspMS{RS@E!T-w+gXQo_pv(g4o%t]L%Z@0(.\L
6 aQi.#Urn%SW>lNxQ^Y"\;s<SRl\B\Wg>)QfF's5+HlHOU[;56<,jJb?{i
6 b^`,cjU>XZ>[nYD-A1o,b-f$S.'Az$[*%[Mluq6_5n<>b_J$,
6 ba}6p6kM*yhQqX)7u]1n
6 c"Z,dR?5~z0pmh=b_bqHpSzBsGDY}^
6 d04Zq<ZlH=QE2/0_,9/6Aq7BM_#%D+eC:4|FiW33/~qZ.<TSTbi0T;Q<ymZ>wZ`Ln]rrO@@wY2R#M
6 dE6_}z>-W"[Ny'0~3<T)GL+/Ue-fD
6 gm`4V]D=ZXk,$G42Rx1hMz<HP]95TEN<NIi%'/[HQL"ZFHk3@;F.;ktN]SNG%Cs
6 jb9_tfJ{#Hn09"_'@4g#PAomn{3q`%Se
6 kD4^XJ?8SAMSE/=(9SN~$)y_#p{h&^Up#hOt4*-"JsTn#,uU^^
6 l!N.?srLWLClg*%zp"`Obo*5o&o<h\@U\n}{bpHT='A?J_TU{5%
6 l@n)mUL%KW*W%H&U")UJ,S5]WG*R<>g3MSeH&tp*@t+SWJCYR3$
6 mODy/k#?{N3x@PfWU=}!i:HWH`
6 mac{H`#)~7v_m<:i1ap8(-F8o2t~`g&
6 mku""`G9*9@^I/?T0=*9fs^;c3FRqP?y<57Wu]+:1KwZY7/$SRWTG6++8]D,9HJzOC6ug4=Z=;TC-
6 mtbJ%$YOt~g;FPA$zh38*]QKjRxlL:5T0v}45r|Dq!xSj;pe$
6 p\D9WZUb22w~kBcfcDN^gA`MyGN}u70"/STe/*HZ<ZYB8WCzzpsbLTJ`64_,d*-r]zX'&;`[1T|H
6 q!Vxs'>V."
6 r@hwbubH4#a/ijng})b4wi
6 rMM|"k"v%bT*cFFf`c(:jCmi=E,uR8I_e1]"|xw<ugEZHj[)hbBS&0W]ocS
6 tNX0dG3!ktCDXGWWa?82ao:gp!zk:bJ01$Ytd'1P{mtTOLFL&]]#Nwi?3eELHnuX-ihpp4Bl<Q[k
6 vM4FtQaG/^c"b(}k,J(2D%F`RqD=>@e
6 x'x^h8ixR#/"#?O`yv^%D^;O`fAxo
6 x;up
6 yRe!?k/H}\GOTBhY_r7LQC6/GLR<7Dr1usLO_Z2wQYb'6ey0XKu*n,S6r@
6 zDT%YiQbTgw"K8\IJ
6 {#R-##y3U-`v?Xb*<aOhLsrxL,znB&;>C(dE*^qx&R,_FmhaO8e7GX0r~)pE.*H(
6 {m=1ZCld8N$:;kP]Ah`
6 {pHO{uUWt/&-8~=0pZk*c?F18^VE`Kb\V+,R!{E0EJV\cI/AA$ibKQj4TZ#-YX5SgZV|4=zzn68yy
6 }
6 })2i|g]:hJ=;XkS*tJ+1@_~P`|/r{zy5?,~<.\UuA-244~=)Ib9$BRT#O|1e4+
6 }=e%[@~#mZ$KZ^0ilst2`Xv"bKaA_jvsw3`Ju{Gic*7/E9wL-(]l_n)C:jc4UtBg)>M9
6 ~6(!\iqy`Wx/zP@TCj'YB]mpnh?/0~WI5yJ-cV'^.:(CjGw.L9"*u*yeqS/=R!e#yJ/]"O<IhCl
6 ~c[^v-:qSQd$&0dX+M<nOT`}m)\e6KL5/(.ANH3=43@TB&GLlcUV86oAXL'mvS>AtKa^P,D}tp
6 ~pe7"EBO)
7 "0OhYI[}0
7 #C@+|~xk>
7 %aO~.d-uVIpT-}&W&_)f*A+iK&(rt'PomT:1SFA+n2xz1:lPx18=QB
7 'k;~C#iu}bmnALdQ9YfP<<u4O?Ff++IKucJ9eNJ}1R)l}(>8`?g7tweD7FE*YVrm.
7 (u!:BGoK8o?{"pr"
7 ,}}uo|5G^OaH/
7 /cf;!Bka8qJ8;tP;D87D0j(u_~CZ+oGv;eU=$/.7D{n
7 0WV}bb'{EU}O{eL<9.jm6|M?I1oSB=Ok/@jq$,mb`kL\kxx@'c.V
7 1N=JF8LLcr.yZGd)hbZ,&0M1O,[xpj'<TC!y[g`Yt*S
7 1^gs5Nf#zl*@NRkATi>Hv!#y[kbr=17g*}[>f\ZaIc<3Q(m&pFg#G%{#oxtG+F/4^&lEaGAFF\r
7 2R7X,;pf]E|>\MD<`DTO*lL7Glp?&4]8e/+pI6q'[n^R=$
7 3:S!T/L#w(ICNf2c)+v]#8ci)+5
7 3rjmE!CEz{$yzGon,D9]9#b=D8Dick/u^x~>4BbI>fCSHMCm,ue_3H{Vy@Z^Fin%|m]L0@t
7 4GUs&ipPQ=b5{
7 4H\HmzfT}r@Z!AbkoIp!tud))klBs]|B'sisnPc)]$|wE_c5)TP8d5@m<H00@GQF;
7 4sp*jH@/_O4X'Og)\#m>:NIo<Tg~,mT?bEHgl#
7 5-?|BDY#V7ig`Z.[>MC5IH(5Y|\CXYl(e,&(Ox*AK.C,$P#A9_o{)3Ka0)
7 6
7 8%z<4B7#CD'DoaPNDbRE1p,L3sF1Z|k.<"IiDyk">qEHmu1Lrbq$m8j<,1L"HS/}nq#M
7 8I/d/cz?TK6BAShDk[=1&,oF~9mkd"u8J?{r#vMV\|39Qz\WVxhv&r=?,E4]S;h27;6sKmCv{h:CNf
7 9-G=LZCY}@$d&MTo<`V<sZA4pVi\T.gmU0E"igt$B3gGyVQQ7Bl+{IY(~]
7 ;+dsoJ,oPLuKo-_KDeUX&aUT7jqM`eNOz(A=J|O
7 <<;S4#D)Zw$S%jH~t&zp{&(W~]H
7 <YNX^Wwf{2Z[=_q.YbKBQEM;+!Vc9eK"}mc=S{bA.e?25!`)g/Z
7 <j6YRhd6)$>^}EvI?h5"Yl/ZuyuQR!";C;ew
7 <ze'FJc3fu/b~t}G=,&#-
7 ?M\A&/`nPbM<9=fh~():Zm&slEZ$rnNN`c6e.vnwsW4.s6u.=9G3(gA/-z2:i`
7 @#>8p(G\QdOq:0$]T0u
7 @./fB')3aj`$i$kBV[%~is>E"@cvejr&w=k:CsL?yGBcJH&;$*;(8XL9wKJ]PX|H
7 @C{htUd]9+fQp3w*<;'z"%brNy]8~!,@D))SwlK133{$E/Gzcgudkrr;mPllk3-0UPbNW
7 BeUPA(PI:@`Vw}lo0_GzdOL]g
7 Ie<X)k^M+=FLE/n<y2>:Cyox9/WYxagBG>yiDrQh1v5oA%-UPdns^_(2)^k"[mD
7 N]Vyj."$nG^)y(11CH*:kg`W#5D~4=g|5X2!e4
7 Tc'[[(-)#xCj[/Ch2Rlw|9%*S>XPyEOVBbBWJ|U
7 W["0@5cF4tX)1';IW6d6%>u*mVphHTD~0_JjtHK)=$Kg*f1z711;NA^VvO?Z%|Y
7 ]\=;UEYFq(kqlO(\;/S<TV]ata;KUG9N>ohsO\T[}ZM&*U|EcP`RAYNP
7 ]rItc\?zQN`x!
7 `LJkQp|ta_%gef*2_@Y$emc"D),qv)\XTAD'3[6/;;u<"~g{YA~ZI}[)A"y9%VD(=iSi$?)5
7 aI6~F?$x}wU9v$K`M0yr+KTj6LMy2pE.Tt-541.2Cbd
7 c#QY$_0K7^{"1"7?3yb7>FegU#J$2esIM19kCY1'6EA
7 crN]y41he0Q!x|rT".~ED+`#6Jd7x)k]z:;0MK4Mtdg)au]FxGC(b4!ev9\A`&>J2
7 eDU|'4-5S}d5c|+v!W,M+zA3y"1RlsfSR<jYiv)X1ll/iv@&h
7 faX^GrBd&4ov{97QxQz\t#,/?*ZSbk3IMj)/wd.|x|/tQE`d2uAAwfP7pE&S1
7 hE26YCA:Pt/vECBRn~PTTQ}$TrgJp2tZV'+0cfI
7 hfL)JpmXi&.lT9viD+_G<Le;N{
7 h}^=xo7NC[v7"{6zdq@c3(ZHjKM&PR<:P5Vc%)2HcCx~YJ5><o"Nv\u{B
7 inZ1chxi[3fSB~*t7V;nZuqQbKVQ0r^viFRJUqj$eFz4>
7 i{
7 jm'`kP4R9wjIJ.Pc5)61a8aV0G5F(t"q|(liq"V+4Amy
7 mQo%eRCW;JE,v~[^?[SG|{rknUt|Q9@ZiJxO|<ARee]v~9VX/*~,@q2I
7 pvt;X4eS[y.XkgKX(W=+RhHRrQ{8zD1(;@\/S
7 rC|I;(#;Sb%mTVB*H&[h
7 sxV19s#$)-;'*j/3UKEo".p[ND[P{hS+aE
7 u1"8oOCHr9b:{'C&;{`lCwWrFcjdF-/<W0naxL+'dl
7 |+_oC3Cvr_eF\_j-\iQ0OJ6~#'Mp:>FHC_Yh8DXpgu_PHBN:,joT5N>-GpwgE>0g8h
7 }K|,Y*Gh*(EePT"}#\CKe7Dc>uCwb,3zV1'0:Nw]oWDZ-_X/=6t=M
8 %8EQq&}5#S4'XSN|ZG/LBKd~:r0d2;z"wM$[a-|4=Y20G_-"BVh
8 &l.>1\0}Qxmp@j\GitxDOhMGY%.j"XSZ
8 )A>gMG:TowXXRLT\}/Z#T%kSFEz`1JDTj|<R^o'Ogy(TFu1_@kas+MaP-\2WBo,-(ayfQ!PS5q)*Z
8 -KnQPl6E:e(jASXc0.]JB*)cfmxx`mwCv-HM5/(@4Y<\M]-PQ:Q0.w.0
8 /%+=8$@GS*V)A^}*:D^t~_+1)H^U]/HO<Lg<_GtL*c?3CWVv6Ok5J1`Rr
8 0r2imG~XS<I\l;!^8X`R4jxLbyW*<[H+]Ndzycmh;7_(k_!$R
8 38_kLpq+;.zD^Eq!bv:t*-AX~u2hk:isEf3ggA/"q]Z|X=lx5=*>jtrx\?{bYeV9f$;N^IPkAE
8 3IZKi0RY)]kGU}IJ@J+n0*T^()S)J?P\gE(kUtE]l1?\Jg'iLLs
8 4)CoxTK&!^9~7[bx/e;`TXJRh0e.ERCXZ!cmn/sn)G)?>&8Lkl.ZEqGH#GUax3:n48\
8 4CV'WruOCTUfipDYH~'2(yNfuUr`v`k+?]LuP\Er25sz@9Th8u5Y+b@!R3zJ/"nM^;]J3$WDRLY
8 4KyrF@p20/%i
8 =YlP4,rIp*IQdK?M~?R.r-XuB$y)ZR)v,0aY;o=,x"]
8 ?8ya&8-'d,}a|xhV-Q[)v-;x;#Ht![BZ.<V3nbSS)k5@d8upiR4zxNsOk=^k3!FA=8mFyBx>HH]._T9
8 B_i%73gkQHwPDvVtnm/M)ce-2:KG2+GniKr<w[BJ$T^FrB5d,A=>/ONSlD>E#%>LO=Sh[4q.mjnzG>_
8 BqcKJk7Sw462<,"gCgN?FMg?9;"VK$d6rDvU.a]GH\+-~NWDag{2|Ev5MT:Iq}xeC,UPl3v5o=
8 C+V`Xh#8F?<ZQN|4Px_xexYx%a-P]Cr;Mc7@MSq.q.#Cu:pGMjZ4d4G$tmmlKzC4_YS--`T:)
8 DTWY];.!BuHnJe~sm@G1T1=,:F
8 Ejy\E/X2Xa#.@}G8:5SWyLR?2^&@X}n}h%tI3MZ'0w4iut"0+T"?!S]MMbl@zuX~yMHH6=N_5a
8 KHqn;9e/uXZ)X_?u,[A8QS!NowreM_M3CZ#]r#k%Z`GMZeC![d9G8Su(K$(xcUFA0
8 MHj6i:2th13x)/cX$qSL!$'A+h;&--&.0/nbA0fLzdtOyOq6S;TDjFC6]ZI8M5E]
8 Mt`omo[*WE!R}.~.a#!qpsfe$L:]I[]y_=Jhg9.7uj>c7"*IKn.`~0`=[yz?UX9O0|92QFH
8 PsS_S#``?|KNsQZ5qI<5QOtwv@CZINq4BE/0Gnp!'VOz(*JyRe/$P>7G]Y"B(.U
8 Q%`IfAsbmu]_<g.-5R_m\u:>/YZLqU\47hzuME|C"ZSA&/?V23YxVgyC5s~+cu?5^:+F
8 SnHjng1/pf}mU<9J^@/1nLdD9P=sS|`'kCpt+<%{$#iX>==7\ebe2GEd2aXdxSk~vvs
8 U,+Y_VNIfz\k4kG'uNymd&?2GZ/o_Al":Yk!#M=,Kl
8 \U\9Sv/g3t(1O;UAsgN4B97#(Gl1qm6OC-#1%23Q':aonQK}Sx2tLc2mE}}8kO"/[$?yOQKo&G`03F.
8 ]y5$y,9%Q"id,[Z^@bs\MB7wy\IiREAJ?UM9z!Xf<BLH}'
8 a<%5X%buKV2Kn0ofPz'*L0Gchr+uKeAz`YRb}=g*JCa#cvH%>;tQ/VO2IZ(tZI+<#\9
8 b"iB%[X(zRwkn`Ud/^,1)!~2#,Br%"Hf=LCAB7I=hA)q<^Ve=bu`b0q~;5qZ
8 b.(|"1n`+E\ur5}xppEnfZQ,N*s?(*`%7h<R4,M?j*O]YMVJX69?o%J?.YwObB013A-sqj"5&
8 c{!vA4%.5<nh>IP,7w(iI>'l"`.|vY4Zp4k2apYu-I^e-Ip]\4a@Qh-Rc
8 fFZQV.uY_63~$@>N8[l!/y|]Bg^yU:U4H{C%>9&soFnr*8d0.RJVfG5)Jr=~--4n*V/G+4VysEl}
8 fO?3C$sW.,`2\j7sr'RylR%7||-Zd5TIkQ@_>+a=x'\6sA*"av7h
8 fs80*%}g,z6O1<Teao-Y-z2vqqZTA&P(x#Q#'O%2K;{upPvR[$Gg9Xx+JT^&Y/Hl2x
8 iZ/8O~eVKGGz8[3!F08M
8 jvU<6OqKed[]ntnTlcI?qL-E
8 kCN/2*8B^x_20k:<9zx}RmKq(d4u`"MLD{Zo&qM}&-1P3d'K_!cL)/X0
8 mPCNy{*`\*|j%,3`/QQ:HZEkGF5NaPs$"Qk6g0uD
8 n)Vlv1@#TgKx9qT5pFGAR)!UcO-N$w#q!X^3$~OX"zk:(Zhw"1TmSn]R>i!\|#N|uHJxayk|
8 n1v")4e)@E#au($&-30z;OTZ;h"h?4'.D|IfK0njnqfexij@75UQcD
8 o7Hx\[\a8YbFl(KJ"2#fq(Y3Hy{#,V\6m?0dz'FMzCrgeXLfiNh
8 q~Z>Wh'4%)hI*Z$P>wEL}_C;=vKIQ,b^+W{aZ$0_F4COmF!GX
8 tnYIQ*77YOz7<3IR&[LaUH-|u#f"{?~-Iroy|(KVpG(GYPxxGFZ7)#N:%5;<TTb|HR2Es
8 u(B!#>glFu_K}m"A2_xbG-z{0q+c:|zJ%WJ'1L/V\m<Zv=7)80jxW"tf.~Ka8`,<So]cWk
8 w/G9L7k~]1wVD8W[!DdT9N4j6XNnyu%-?KE&{2?Z\81!O#uiFZ?xCldY_3HsCf3fpTi$tV_xGLE5
8 x/6J6NrpI$r$$a,hAEbF{
8 xi[u(;?O7$QG#>;tr)`y0L-W[b(X1x"*}v:&3Ync\A+
8 yy|w
8 z4{{et?YmBW`jw8jXPi'a,-K9"eyF=*bK9*|5!aZ/.cx&y7N>SkZ&Xk0^rFzi
8 zU!(TB(0(%fG2&3tWqG*uy][M`Wy;<gQ,gX_Ez*L:p/KuAAgM#qD{i~dJq^!HFQSID
9 '!&V3/@k}Bx[3gc-J}+P1QF{8'"Hj2VpMuay&<f>w_4,av8-1CvAs>>F^Y)I&^URn7MsmNLeH_p*W
9 )"[1.cMBB88Pu;{b(s`JR;q3az%c|/cAJ?Qr>95_kf0a#FD*:?T's`TUvXSs"75Lp!?ITm)@T
9 ,7Z`10(=@(Jo\0W>-O^+j-vDpH0j'HB2x7-*F5`!VE+3Tb
9 3%e<BN^cLW
9 5jZ"rnc\:'(_],%]e=;:T$}AX&cK>4vl}Qm-@k$tq+nPP
9 9&VTR{\|iI6h1X/p4U)(];dv}L!'+i7Cn)2A?)X)Qnp|G:)un1|Lfa]d/^kSH#uQ
9 ;\,+sPKmAJ!7sxkGqDef!ntV!"o@BU=vLc"ANgI*LIA[\G#NkgO'WDwqFg2#Whx?L6yz|C?c'_?bBA
9 Ae{I<HMf:p>>46h"]FTG$"0D5"r""jt\j,@An(()x`GG10I*ptU&,tGc@9r.sF'>Jpz^
9 D[aGM5/Z"a_J{>}s^&uA]+(%%ntvboOe>+,>oE4pAr<=KTK+YBe7LlVk\ebYoLZ.WeeaE
9 RK7d))?yOz7ls\]}qQ?JpZQR`:Lz5,y
9 SRF0}$K;0f#"zQ@[IJr/!:4>)?R\{X{v7D)c61Z<Ca!W5\8[[Ux*b
9 V:zsju!F*'B=wq.h8v9VE'-Pjv#Rp+[aDVUJfo+,1LH*Xo-ofE`Fe)2Q~4>+Yyl|jE{}t8t8oR
9 W!J]i`Q2@XAcrr1,jV-1g@E|vvN'9#Co=lg'gSS(,s&}"6E((Q8n-vl$);*AWL
9 Y3C6m%S~:FooQ.vNJYF,chSP'6c
9 ZPzM:?xF}>G";jiV2".D=o1,%3l-,X/!)EM\}
9 b*5=A9=W'&<*qkH&m6RM\9Vu)T]tw%eZH53$Mium*2wz8Z"@ommg'^]/N;?FY%<<
9 g!=,Gc}}EVJ?@;m"R'q`b?M.-;
9 r$[>|[q'C_1oSV~p_O5KG-"f~@Q*f8CY;928/?XQ}h[kYu]9E-}'9;lSZX\Ao:5
9 y'OOICYl}.esD?SIbuBp@=#?iB?6I3*C9Yq{7f$5siDSCv{&)>uHt3fyn@08RTt&.g"Dh%rv)7JKI`P
9 ykvf%df_4{`,g1!gBwa&Oi.kt'`o!tV$modqN?WYeeecUw9MoyRYcy`r
9 |G]fkdM=,U.dZA\-Bj7MNM@oC/Ntek}}N[~:@MVe#}d\ZAi{F;
10 (<#Ofzy?w8~8\*yrO(NH!y0R0tXK<uu^L3.N.Bl@s'WQJkDys
10 ?B|;S77+,dSHCT_Q$ucq~Dwo'<]>U"1s]H/1_`U&_)N=wHmzXQlW0~G
10 B@X?sZe/3AsV{3p5<3[)]UTul?g6{uo>PH\D=CmOca@_/K/J^i
10 K.URU/udd5LfmO8K']%oqz7B:H6md5|J]l{3zrwyB^{1H4uNpyX
10 ZFBv5_H#*CGKx:5o]</S'"heX60tH/v#oSX3+QK:9M{HNzr\%q4^4iAgDQ<o1OG'@;SKk}~&L6M5
10 dbm:"1t"4vD1-->n8hn)<I&pZ<n5?eX$I`WdpM"%^EP'Q)t%,~-bHLm>#vRA\E_&'Q&
10 e>N]HgOIrlh`{1'C3*Xu+`*"$!6sp,/pcvOGx9ok&rL=%lyQu~d!vyC+ju?Roq@h[D-6
10 g${UtV@k}+zv~aWtM.=D"{s472nn`'VH*l89DH@o+>m+U3Q!
10 mYWTrbb?X?_[k{M0x7J]{<V{c7gQy,}geoWXRT2Fr,"y)hD"~mx
10 zT"r%eLA-^b3%
10 {LE#IpA$NXNiF=`)VEYa2YO\y&wosThvu%.qGvSgz[>c[#L*N&-}{>?lc'DN$H6^k}>L
11 FWJU{}q;9_4e-ulg-c@,wmS@>+)|Z&F!voor
13 "Gl*nNkAyl6@O"lnV47q:FZvy)>9eL/uiU~Y$&5}-JX[KFd=sz/.\h?V,v*pDR".(""
