0
0
0
0
0
0
0
0
0
0
0
0
0
0
0
0
0
0
0
0
0
0
0
0
0
0
0
0
0
0
0
0
0
0
0
0
0
1
0
0
0
0
0
0
0
0
0
0
0
0
0
0
0
0
0
0
1
0
0
0
0
0
1
0
0
0
0
0
1
0
0
1
0
0
0
0
0
1
0
0
0
0
0
0
0
0
1
1
1
1
0
0
0
0
0
1
0
0
0
0
0
1
0
0
0
0
0
0
0
0
0
0
0
0
0
0
0
1
0
0
1
0
0
0
0
0
0
0
0
0
0
0
0
0
0
0
0
0
1
0
0
0
1
0
0
0
0
1
0
0
1
0
0
0
0
0
0
0
1
0
0
0
0
0
0
0
1
0
0
0
0
0
0
0
0
1
0
0
0
1
0
0
0
0
0
0
0
0
0
0
0
0
0
0
0
1
1
0
0
0
0
1
0
0
0
0
0
0
0
0
0
1
0
1
0
0
0
1
0
1
0
0
0
0
0
0
1
0
0
0
0
0
0
0
0
0
0
0
0
0
0
0
0
0
0
0
0
1
1
1
1
1
0
0
1
0
1
0
1
1
1
0
0
1
1
0
0
0
0
1
0
1
0
0
0
0
0
0
0
1
0
0
0
0
0
0
1
1
0
0
1
0
1
0
1
0
0
0
1
1
0
0
0
0
0
0
0
0
0
0
0
0
1
0
0
1
0
0
0
0
0
1
0
0
0
0
1
0
0
0
0
0
0
0
0
0
0
1
0
1
1
0
0
0
0
1
0
1
0
0
0
0
0
1
0
1
0
0
1
0
0
1
1
0
1
1
0
0
0
1
1
1
1
0
1
1
0
0
0
0
0
0
0
1
1
0
0
0
0
0
1
0
0
1
0
1
1
0
1
0
0
0
0
1
1
1
0
0
0
1
1
1
0
0
1
0
0
1
0
1
0
0
0
1
1
1
1
1
1
0
0
0
0
0
1
1
0
1
0
1
1
0
0
1
1
1
1
0
0
0
0
0
0
1
0
0
0
0
0
1
0
1
1
1
1
1
0
0
1
1
1
1
1
1
1
1
1
1
0
1
1
0
1
0
1
1
1
0
0
0
1
1
1
0
0
1
1
0
0
1
0
1
1
1
1
0
0
0
1
0
1
0
1
0
0
1
0
0
1
1
1
0
0
0
0
1
1
0
1
0
1
0
1
1
1
1
1
0
1
0
0
0
1
0
1
0
0
0
1
1
1
0
1
0
0
1
1
1
0
1
1
1
0
0
1
0
1
1
1
1
1
1
1
0
1
0
0
0
1
1
1
0
0
1
1
1
1
1
0
1
1
1
0
0
1
1
1
0
1
0
0
1
1
3 [b7k0WfT4)zK-f.P!Do0<B5FLMrw]+}Tl6@8(Ak;If!Uh.'hk1x(l.M9u@2mdJBk_#eF*d"g`9#9uK
1 :YCtY&QuXvUzN(@X*$0MyMKl%Q(R;nsnHQ}"WP20af+0*e#3$L`|xFi}wqP3z_"C1!Egjp2fXW2aW
3 %oHxKU*yIYS+i48:%3sZkI.2X^:/=1h/Tyr]qz!zAl_X~p{c<?3)#
2 ,H1@3M9_\dV#7nk:{N9\@xlNvWXjmzc4^/S,['j9&AU=0ApG**$J#+34a&~i"|}_
2 E'zNB>/5Zb%#6mCRb]HTa;P4]N/KW/jrO5lC{%Yw:cw<PVz/pI|
3 QK!pfqH"&BinTA{T#Wx&KxSj`hjJ,dDTj|<R^o'Ogy(TFu1_@kas+MaP-\2WBo,-(ayfQ!PS5q)*Z
1 fMnB9ao-=GzEtqAvDlz/KLDrGM5q('@*mIK(,<4b|J(q<bhyO~D
2 @4:gdhW;SB%m+K251ZSRPg-S3%-k=`q@uM7wo<vD]zL#G]7Ab!sw+%C_f=e`&X@&'OZ1@
2 .xwYFh'x+th3|_2%Y^79vHvNWu}O4/Y[)k5NnUaxJdGbDr"8Q8PU"^jAJHxv"2K?Vm5:+1
1 ,R'f%\zp8jZ6^1_]f6YQZn3>5^]]9@^|38Rs:rtc2s:#d
1 %#c_n=|cz1oI?UJYz:"M>gkKr:1rGo$"Tt-541.2Cbd
2 yN](.0H\L1{{QII0<-MkP`E7H]l"qoT'7(][^HOS1Gch2C+~F-U5mCD9V>
1 BF$Ph264EzTIN3X6PBN`tJikdi;Ka#Q+)v=E^5|1M23IET@c)5nM~s9}wmds,6
2 q<KOuz*hlQzl5@X#y>7p~_4i,D?><=9Hsdviy;l"'hm<)`X=9Bl+{IY(~]
3 P4);QY-}7!7C_{|!:RDkY*<A*[Zaq\:=L|p@W|Xm8nKwjIw%6W,n`G1i>&f0a;f.8WgnoAvo`sOip
1 +7TN]@CaonieeS;G+FDHod}fRriDlN}vel_]G$Y7q^8q2R9Wo'}3fcJ9?vL"HS/}nq#M
3 o8BS0j6:6nNpM1A<A6SaT(ukNJK[Xg!c~\7IGLcw;2h$CD?}sq_IxoOHU5>.{>,{yB_A*CS^UVa3z!
3 jsxTZvOQzbik1`gX`U7t}`FsXc/:F-LK;E!0Wi{RMe>w`APBufQ/G2$:tLTV
2 h|SG.nq-g=Uh)pur"S5%M(w2Z{:mH[b2sQr"Z~HB=8FEC<RE+gIW*[$}XWk;4hL
2 P'QIcx2;$@z\~I'3dQuj[<^)d\mxn9)/+VYGO3hu#KGYsM'r:{]t9V9|3A1=Z9e~+@FYR
3 W\Q>k7D|:`5|nX]De\X2lq$(rs|*#;DZ21+jayEy/v<%/G?N|:UDs,lCMZ_ZNG4J!>6
1 ,@-j+YB~&<si<1&&!4[}wd.F4,vHFIcQ$o<.d^Gi5;SPLspf(Ld~2.__9p)_U'1X2g"u`H_t}NF
1 FJ3Icd)tP.y{b3Es7ofnnIv>tBNs"6pfOKK{x(O7M8f7zX:r$j>a&.F?LA'
3 +5qlxO]gZCM_>Ri2gHfWKs{M<[voP#
1 P|U/p=((*}K^a9l<Xy-8$6B{JU}W~;zjSPxD(<e1T1+7Ivl<,xT/J1F/!D!;
1 /t11OMX&A~I?iLeBFpe<W4#m[d\yotZ9ijI9R<?r;#3b#kOX,s3E5>tZ3t4@"6N,x.'D<;}
1 gVp1nA9`/l;oiyTOYQ?.)BTL!rC\TC8{/Zz9v4F!j<&qPs[EE5lgWB4W5qNh5e~
1 |\<o|9m<T<uP6X)`b7P(jH4H\ef~`[#w8>hOqpk`fsTk}~8AX6-9sKWTBn"&;\PFKUTb)n,O>(i
2 hZ(Gy5)v@MP{RR<,X"i`%NrC4(;(8%x"x<b/Pj&+9VAjC\16^yu|chA2,u:CyM^shB#S-B]_w9
2 )aZb5-/Z>xIJD;{NoWfsi"oM?~to0Gbbw=_GIn""geKG!b0o:u}>v*j7CyAl\$OTZJ6>98?;8&
1 a]R>_gN~\3~O6{,F>0S)W!|DJcS{9~0zv{9q~"p[5oFJ(Q,EzxgSx~2CRNFL6NQ,=H'~qQ3kt}PIsc
2 !lA[B"`cl9=D9AY}U;Cl69T.)9FX.!r/)gFb1/'q;X@-X:#uMvd@![|?Sr+D[{duc+X/
1 2*TL*a;AM~UG'$!Co;Jb/]De17.8[Gg(jVSs8*O!)&G/CHk4|Qu,IU-ZkTqG6si!KWs|`C|ib_E{;
3 +D_tBcj"\O=,nJ],B6/gL?IiI3i~alw'KW{mUfn2QGWZ,PeNe06M3JNx+$xhd`2R3)*
1 10h!g5>0GJJac[XR)tN[2B6`$sX%o4c!]L!F{YoC$T%"0vn9'=/8x_37Sk;"N48S#;k+
3 1:3ChmCt#Y+^}sFDJ6B|no"Ll[IB:xpKMPzcet7\6)b:Clg.LT#10)'SC5Oq<)*a}4>
3 (d9vEy~\cjqV855wptUu/GO@$q,'8\EgMH~R]S:Um#ZjCP]cn;vf8~[.O$L+'$|\(]$ZMWyrtTw8%
1 s!;#[/D{:hIM\G;ouf5M>!r-$|<&[XAiru'h&JdYMH'+nB5!Cz![By!hUiC=?nIw851
1 dp"`x'vc/9PlWRTZG|q8<^d0VF5zd)Ecx`D)mJfQg<$_9>Q%476?5H_bn:Wh-*D>v[a!
3 ~me2bzl+L\Uw#rOJ-m3<qXO(8pL-M(Nft43WI!a1v7)xEWL)6w-d@,cL~[(%x"GE9~+Y;F
3 \6;~'Qaro1bSSy(k36?83A@8P+,,v-c?}d=2Gkf:`l
2 5czF0!16CW)\qzLS0$Ly,!K#*3{\kny<lt{70.gXJJgUS;A[1eS+M]V?)rl=lyR-4-;_|TSG9U7k,qa
1 =PuOJ4$2vkqR[GO]IDurCCqYGM%8I3?2,Noy$E$3cMFh60:pLN#(\lO+8e3&p|GGGdS1Xq\=?#&nL
2 CWR5i(ioW{Jpd=M&ln0Yb0M`SG@O@Da`vRJ3e;Y*W__Uak4>ljAXLc[zb+s=hU}z
1 6G}`nJ2I4gop}>)H|mzrRX@%~<.d0A+`#Y,,Z6W7jsf%0hWMmGScuG<ypp\W'ObTCny}%R5+`7I,~
1 nb^/Yw1>/NO]Vm=f>P?K41>w4mP#ZAYI%RqwK#Psk:kBC)D`r|,'/I9B*8K<-%>mpyTBI
2 X2_hhz@+xi]XcWXG"g}n$o9QB{N$"\z
1 ;3NE!Z>RT\|\wg';C0{n[&jlTzva>MRXy"|yu<gd3~A,gGF+q\5Mb:U7OLwlxdFr!](ux*Z
1 XV]R\>*aa2.I1C<Pa]E1S%R:3v2Tc;u<pm)N,3J)DqkTPC&2;d\nhI)zATO%l)%W}{8|]KN7TAtB
2 QQ5LX+S(wPvvkXyNu?J*SO0
1 AAhaa-$.9oM!7I'nbj]sq07MjzwPG@sga\cC%fPWp8XC{^L^d*mV9%??:7n{VbcRZbtxc`PU3Cw/#D
1 ?Yyz.OT03IR0Q]RiPv],h#6((ZFC)6MGnaB7K2F^Z4)FpZK[RCfQC/;VQh9hy9V=1{NXgF
2 u1"[8QJ56Q-HFnVE=z[s8lTTV7Lf7)WG9r$PEM~Z~-=_6/%S*_G[g60XLv?|~uDSia>/0>$Id[)yi-
4 fiA*H[4_A=gns$x6zlzj0?ySqe~?.u)s`J|C&K>`h&O\Cb-XO(Cya=MS#Lq0\6?=y
1 >^t_ed8-N$|Fj^#3[?oBFVof+"T-QACAQ;|$SFY#D|8)g"]8uVxUZg6DcCnBlGw
2 `7_Dz^k/%EI"8?p-j%tR5Z$K\?Y9S@;L/:P><uZwF,&GUewh+;+{tC50Q5Q9T
2 Xr!ut)4Yg]?w7A$X.F0jr#*V3@;Zc/l<#(32J`&2X^Do!Gb.)qwz/<lBu(7Z6$uREC
2 M>+nrVX2/B<YX-b@\f"ofQLa@H@*Wu8\6,2zi5lI](*{?L>XG?b.+/ndpI*HYA&*[$?yOQKo&G`03F.
1 S$]mgA?`nTYru3#@ar$"BOC/-E[44o1frmUtI/U8b0FrBH4>VQYXO#N*vBp\`ek'$c
1 uqoZvHL_2l4#C!1xSr\9mi[o.awac"ws.gO%06~B=3D_3ns"aP:i;0YbpREnm=c6%M:4bSU!fx
1 +]7`ss>>47,2Z&NQ)kQ@=Zn*C:~W@BWe~)`.{9L_=V,pZ[p&`sFX5`~)?W.U9B-'?1c#IG|f})qr}|
1 WbzCt=p81v?@ico>>"?[al%kgp"Vax*9[%vjA#$kyBGcA7<xR[UObsUJ~V;aPE5FI,L&/O,
1 2y0uQ'1AVMC=mpAj(%Vj*jWj`y&&T4ce/.vy4(;iTwA\haG,f}1+$g1}a6$PJf7rs.lB5(G%!
2 >kJg1WEbk.HpxilTM3?!oX,5{c,!D!n#qwS9o]A/1K?Uq?a%kRJVfG5)Jr=~--4n*V/G+4VysEl}
1 rcb\(yVn)%{^X^jv?mT%\{7wCpyE7+FDmD;0>,}`0y@$rEy23NQne##C.7g^AH#
1 s{*y8f4P^F6q8L]5&M~|Xy'lH6>&v$[k;e>!#a9Q>/O-QJZ=HP/YN~_FDjeE[:u_\4_^04Jh
1 +Wx9S2uru/P,5"OCU64Kx_K~a)F7.sc8ewjS*`G~*vE>wtzg+/N>*4Wj=9=JG;{G3fz<aB
1 ?oBONLccyBR/wKlJDmUM%O30x)~6gs~yuam,Hl*
1 $|,K9<7Wwft=^ZRrJ})#9|DLJCiv`3|}K)cc^yUV{K.Z@_g%xo(Lle3Q*7H%J_=tg!r
1 g}kMZ!WO{I
3 A/+%e(e(/gN\[!%|S$b8j2&Aj29g/y>jCHn)PnJ^VwV34ZJ"x-9}>YY)j
1 RH7(S=oW$]@fuU&(!<ly<54Lb9T<|/Pipfp^$`7AXpBN`GUzb\u9p*eT\T+s|Z]m[hLyc|;=mw&iYud
1 Szowj^XBnryjAs4Lq_}}b?d+*%n)<7O+LZS(27?Q"=[q<CS>(H?*AzY.LqumaOG=%5_P
2 dV0[\"_)x+dv'\83|Mq?8tZ|J0ziAXF&IUz'pZ/i!.z'%M:#y,AM;7J~F_h"R/A{~<#+2K02r+8vrkx
1 `oXm]0L^(MrOGS@'3r?[04XFlQ,{cR10\%|;4dxV2'&sY_5lSTb|#;]o'h'j;Q5wU3M%2`Z]f
1 +#'XBnz=zeR.Kst7zc/~AWYzuVTDN.w;rvK
3 %~I<FI{Y{o;US7ATN;n3l@*<G93kIpqM+UhP}~+yn_OBu,1^F!qNZ6i"h{m2(BE+8ogBx#CE0
2 V7KuPc')~y+ym<{5\kgff^B6|>voOhSwS]i(&2?9qi"+gXQo_pv(g4o%t]L%Z@0(.\L
2 OB?\L5H~6+HU'Z|U/-:u~z/lf^V-^?0H`N%.|fG3p*#2c!g--<=,Qf3S_%yXC*!>q?en&."1Q$BP>
2 !Jb4E.JKR<2_pu6V%=ogag6!\P~wx=y5f\HFi-p<c=7TNfFR%P:!Ri;/;TBNpVbq3E87R
1 A;vRwS$H@$HD5U*UXL>Gv,!!:vvn3#aS=r@5GCw"aZJ(VJVe28[JQKww"PZExg`
1 y]dC.CPC']g.E2@h=B#o$Y'%d0A4!isyasWn7BLW:Od^`?a8zdB9XH>Wr^krby(Dm^M@
2 c/~8jAt@GDwGjAS`/7'][ZtY-*{SC(cB6bY;>N[~-SF3/5r=K45B)Ez{yfuF8J8
3 M.{Y^KcK|nbUi&]|qP,<~?"26i2$BhEn2[Ho(FU?58s:WkQJ<\!U6<"eA4ib7IQH&5RGZ(!+Zs
3 21oojFp]/38XEBrkMjAF&d2fQ(Kr)`.*U0)Cr%t8Qh3>PZq;xg@4y[uVxAJ"=q,q"NOs
4 4EH>MvNnce[xhdIDL<'^lF;!{OQv3*<`Nc~6uM%sMzZSN6XOv0O1uR?s5XJgyMLWeY
1 @aIb^VnDmMCr?HTL-,T7LW>d|',w869qvbUUSD5\-qOK:>3`cfv#Nwi?3eELHnuX-ihpp4Bl<Q[k
1 '/{a0yE&o9[!NZc9:63,q%i=q1#;-#(M1%/Z9m_)AVD*1
1 =xETXg-eB!O4NI@V:OmaY&;2xyjD`9&X]*
2 o4(I}Kplm[v9;MK,yxeDzxP43n(k2q^='fe?LpG:M>R#&9.!2rD-(t[:
1 !++a[OOgjF#+3Q-}|Gr?bzvJwngtnZ2>@%kjmak4+aA~|ir%l3~kK1P]~8R).}`M#M9%*uJ9EWkc<
2 u`jTIiMtXyHuRku{\;]cMI-/0Y0iF[@VV,E:0q/hW5k9D[y(Wk>8M:;=M+tr|B4,s,pbs;>aB
1 @=|l+*n)I6F$owA{!y&K[PaS\7,L=Gcvdzcn@R2hgr(rjb*'\IDWslEdg[{t(tw435bX153R}
2 H<SU]:%)>#@3eTG.[;~\T7u%5f!m<Y"3D+o0cjst^4QAz-8X6:1aSyhIJ"}qO:.C]rn
2 F{\gp>FxS.A\n|r:IS3$f;dquJgblN8Md/PoLui:$E+vJFnLd!89J.*@!bms{*1
2 XAWhnW:,qR4qLJUp;`)M&g>zH$vnWHt0$f4-?MR1QbKdojFyn0l5oE`q]D)~gsrB*(Fk(?MX#3=-8c
2 [Us6+rh1^M\Qzn,I@eJI<[>)`aWS!kB[APpeCs1=BlmW\y!{yd_6[|X<^1ny7KUW{GWG~(GfH_p*W
1 \l9{f2zWHoL8a"B]*%M@d.!k$6
1 L(L?>^F+@citqX'`p%'C0\mLU3WB:E_TaO^M_?q:$[/t46p@
1 V^r\TnS*M7p1^;@8JDx&dOvot1~"@g)1`6mO&AYRrJbk~=>J`7iEf`OuqOvLQ:\MP&W!>|g[{R
2 3R%*gi$7]8_FWzRx\OX@DZ&llhXIPCQb0o(vs+IQ\)2N?cGz4;U5J1`Rr
2 C<&*oDr5.UDq.;1~[Utc`HVSj&u_|gUZ$tc.9|#D-Z0I,jSh/\'xd<E_>+I+O*
2 {3zv5nz[^k-5>3Z.(OO:kl'qmLD.]e;tx6'.?#h})0M`\(m~WWS]EYPM&/t|s1ql`45!P9
1 IVr=5/,R/OLqAFcT#7;<.WNPGj7-`T5DE)`Y7'FEp-Q2R6eo1!Bli`2w>Oj/K9Q*Q\##3,?J~jwM
1 2j$R7vc}wsxZTmX=N=^~hB84?`k{ive6b$$xyf2-u+gJwZfaw_zz<3/ZmPllk3-0UPbNW
1 jx9pQAewQS1a9pu}@/-K7O4d/fzm|~Fg&rHQl*c>\t~t!0D*:?T's`TUvXSs"75Lp!?ITm)@T
1 cx013'mE&X>bXdOsw?.Y'G)1=_>2wVE[iT'{u0Az#x][^
2 ."+LUx(.w]${>u9${^~Aos@WdGF3ZD;kjGD:UbGL@Jb^Az{WZz3doR<T4{fm@<sF|8_S5A:Uj|
1 xU#Ka,#35ouR7;FBatGXs|cr=&D~l1x
1 [-)lU<o_Gw2/i8xL(<;<TZ)%~i;H0TIg\F.a}5$PGOy1#r\DI3y9l$=k(q47Fw}=>F~Wt=(<'<LC/)
2 W@2^uAaZE.9?Q"0b7t@/z&~$]fGsRU<*tMh'nd`4.4l^P{\fp{0l</+y0R)aBE'Q-*W6mSczfQtQMk
3 UI/,ji}sJu#:PW1%K55m8sVH)g+I$mOr8w:=b82-HNGw&q8P'L?XZt!|vEG641Ce)\=&0NMW
1 &OO6w3kRTMh*K}rb>?wD<',/MF('~rN%\|TT0[A~)*)mC7P`Ub@-ieUQkiG(?Z,+4uEzISrr%Xi;^
1 %JP~.W9J6Q&'N6"]}14iF#Re<TrdW=$zl;MbPXq$0iL1<K(&hlG1u
1 ]~=\}$I,ml3<&D<.%5nB)'Nf>@4+sj>k%ZH#x-Hf4Z=:~sa$CP_Kp.MIg`T[e-G
2 5I71/_jNYRlR\s9cZf5}|v=aVYpXs~9)bP:p0?YhqFVhU*g0o{.)sJid>[>2ZV:='mHP.<T:aE#Q
3 8`Fn96dmH.]m-@Q8p1d_1d;VHYeeI<yPr=\a0Qh\NB5y3tl?HeY~=M/p:3Q(6wrC6i%_;mW$
1 Kg(-5W~W]Y`e$FlI{<Fx!g'<JnQy)t/m\7z,)5be)]K,%Sn!n5yn{!Ea*1[3&%!{U6C]J@]S
2 Fs')|G!`49Yg9:`LftI@@wR-u{;e/",NU0,|<)aAY^kCU8!iU;d=/+A
2 o>O(O0vgTiT1H6#DJcDB[(LN&T1Sf
2 z&MK},R:q}n#)@f:-#F@pn%=O3Ws3q)Hvor16`J(xSE<rFU:bztT&x,TGbbsUj=ftJv,+\M>0-Y
1 jP3Z~MX\A5B+lYeY|D_Ez?aEHGx0_nyj(fws6}a&,SxWwzynY`U{+9Am_:|ZCvEJxWXIU;O
2 o`k^:erBAm;Mjas5b_pQq4.<HrK1V"}cO=YVlIffk!659T+%#w-D184PKh;KQT/<,g-wK/^QI
2 L#["-s*-D3ei>[6c;bw$iN]_%cb1N[xy]T6iH?u$OdME"TS_CqXrQ
1 Xg1&B"golwE2rcX!+^Y!/"GI<kPSj"KC$uIFwK6~Dt17X$Q|aF|+G^TbK?P6[zr^q<%%gSpWW
1 \_[KhcYWczo<]c`76"3kJASrd%"cQK?HE5r/wf!u|o2ZS-,$HY+-5w~x7"wgf7K-e>U]@U
2 k`+(R}Vs6aA\IH,0WYC/$],4T\VM<IE(*PI[h!j}{FtFm!UEt3mwo4FDp{,-EkON(B"*F@"z
1 5I:0/$Eqa4'[(:d73/r0$^)-MRkomT-#|FMFcq9F-}y~)-7-Xp2pTUjxB_r'83WZ
1 r=/tAa*r;o9)ePn?+p[2E_M5h(<@uU'h-O]<3nvBS'hu!FA;>=/7tdkH{P(8iP\8
1 $<xG.9VRAeU&'!'8JR#mU%2L'1\baTve+o-8C|%}7QSMW#y
1 D$\qgt%nDd-AIIvH+`QBK+zl$1'eQz_t}<gf1kooj|K5`B\&=IbgS]nVmuV`0Ck_N88Y9@1/C+JaL]r
2 wE?3J=0oLUwgEW\rETbYyBd1g,VSZ?*+
1 @4~[%-{G7!x_0WpH:VIjKj(}(*/}2q]9usLO_Z2wQYb'6ey0XKu*n,S6r@
1 Uu1knFak*eG;p>nNR=.`&ibs142euB^{?SrBDZ3QeYuSXjfc]"7YsAR!)vo|=>$7wuX<k&)Q^}%Q$&5
2 $_GESoc&auP~`^jzJG>m&K4>)?R\{X{v7D)c61Z<Ca!W5\8[[Ux*b
1 ]/KuYoxB;w>Q6n6|@C,g0h{Q0;kv7o[/9A%r28OLJl8`lPji"`e-2n;8Dy.CD^p>-p3505?P=TH+
3 Kv*-4p`4]BeI
2 'B:T?dkz5->CgB/St3}7\[0Td0S3xMUhrS#MS*b#6"E8]SjSehi\_?V^8=>pe0,<X<x?xM#
1 kltqEPT@1f$FNHo_lynVw:b5Qcmp2QGj^$8|irooKj`1gW
1 fQSjSDhoGOS<![]bx^"gnymkN`&CxuwyGe!6+$&QRs(mOdjbDkKMeS9N4XqGO%B1iB
3 wo@3aVE52bRG#Zy?7=?eX^$z0?e9%QK8[&d>uDl)(@OD5IbK"#KYzOT+)T^.&DEaI*:@N'Hu08D@
1 oX>HEMB3z|IV(EFi9_Z4~lU\0&nBcbASU_6z-qHBop3v6Xzi9U|R\l/lq9IU
1 S,2m(aA}~DQLl^8\Qah~M,%fVN^MnT,BzW0#9Q!80kd7d7.PwuP_<TG->@Y-/~N*WwF
2 3qC1R./{Q:\W3uW'Sxs)`xin.MO99[<KM^v;l&7XY2B8J<<U8\['GMQDB\-J[b3l%}5C~B
1 =_:2MGXk*L17`C6sYzjx(8.Ps4b30S<PAOx@&.D^liS5vF0r[5'bL43AH1mqc*B%XV^x}#qjk_:|@c+
1 ta*A6fR{UAvhO>-:t:;_({=P)6}B1{#GRJwxeu#.0$"<B)&[ph:HS/B;P1B44h#*&,
4 -\7_x8n`%p`{a*`K#LU6QEA/]RATwD7Cft>Lx4P,W^`#pANsl8l[oeI4
1 ^kYAQyt/`urp]bThn_}b`w7fI_sTnLdM9>miS|34r'&jhsSqSlT4~&yH~)7mnzV(:DqlB%;O+@;.N
2 \&Fq+77<\2nh:_.fF~%}n0zz4O-\$fmz'4(1e?fB9[lGl|_Mdn;2~=paEt,xLSYUSq,wK|=u
2 +[s\*rF0q+o(/B]p(WZn}}JMR^MAnH@5$5pH(QqtK=DmJ=ha#-|X)3C:Ignm]N
1 1MnH,-,zYfxTk7/.,t>8=$1Z>cd`;RC&)2%(Vcrk)mVR<}2lo>@GAP#xN"Y$S{)
2 O,&T_.8BGFd#cy$*p|g,&1\mU5\o%,DCejm0b6\{+_ErLn5gadLcGNo[c;X
3 |iQ5qL)D@HbY}+XIK|DhZ~tFI\ql'5mxji%-h"UnU2F%!6VaK\`o~"6cwBj}qX2\CPh,QPIt3vx
1 kuqV0CSQPMKDE@%uU\ksYV=|N3-OAWNGgZ83|&cNVvDufqs{">5VTGhtPcDSSH{R7z#)cYA{{2
2 Q<=Fmt[+KYwWd^;gv_7/!)RC-;[A15W{QsBYh}^`~!K<w[^$pN^I
2 de4:-)'`6gu*Q1n*?(%a?mznM_#%D+eC:4|FiW33/~qZ.<TSTbi0T;Q<ymZ>wZ`Ln]rrO@@wY2R#M
1 OpSe<@9f`Wsz1_de$X=Km!`hX,VL#fJkW}Q.>%t9\$Olb4lf'*LsE-w|HZ#-YX5SgZV|4=zzn68yy
1 bcb8F|<dRp]`HS[:VWy)wkGc~:dmZ;w}P`(l~y$LW)&
1 Lqw+S3"^OtVwr&Yj$FTuPn1"
4 Jl?#rq6"yuy}!BeOt}+1JqoAGv`wiU'4BE6OQePKvdcv'JF6HjF-vPM?aI7K
1 ~v-J4@ax;SW*6=b@-2t/
1 ~xw!g.'6P76n|Xsl8w=&84r[CO0MAMBZFUZHb`^32s</fJOyn,Hs'5"
2 nm4\afQ1%j^6yHznBKZV{~Sf51^Esd0(NW(/z[vq9;({W14?/|/+7{-fH&,<iUD8-KaBBXNZrVpdf%>
2 u9bkeWGK)fZdKORocVaUv|[r6!oc4ec+}F1~9WJAX&@%T./Rco(Z)bgX}r=2X!<qaLp
1 s4H8VpM:Gho#<|zm~Wax|u:'U-5u2]T&,|Wa)&7P)'lD%#L$Y/8p?Q2swGi*?Y
1 ?<Hs!x'0'QMeYZMFF=45dQL+}rn+FOKdj.rkAy6aebaYW/~+7uSZ"_{E`evCrSj}bD!J8w7?-
4 ~o,#y-8BXzWx+rPX}\XP]:SCqg.2>*iu'C+@Fkj0GY6\0l7V@;F.;ktN]SNG%Cs
2 g{RL)DqjpK)^g:Cz7sZ7)PUa!$%;Ux/=t`h}&th1Z,nB`MX2A
2 toI|HT#i(coBEWRDQ5`4GDf^Mar"T2EI"m`cBbMIF>''0rJ`CE/ihtHPqVQFg1*$}%fZ"5?G
2 b;w)(~*bB|{&ALd|A74)E4`>"(ndFRnC("t[jO-kDLm56e_!4t8;-jAGxGJ~;1Uo^>Ll)_Q
1 JM9l6A1FC%P=>^b{C3?@"/[N6Q2qk+36We>((hgd(8<E2:BTLzgTs7~}vP>V
1 .Ed*;SFDAX-hFUvKX8iQw5aiJ,'p<nC)oes5y#hpN6V)6<B|v!^4BbRw*SGL6/.JV|Ek:.vg]M
1 gNB\`g89`,&3+5nBl4d&-3#@dg[4xM+z{fXvN+0IQP\[~K9l^8q'J/FIu"\*i#&*S_i(y
1 `:#}y&>caz`*S<W@`0DZpa4!==L[MC5$_N-a!"obG56QP(-18jjCg:C%V*_>gtAG]h)x
1 >g{D4ru|<UAtq)FVIMPnBxau[KUFtm)d#2L|Q8%2*b_kM{\uIH!&A9
1 ~J!O,;G~.0_YE?<6`1YAtX(e(z85,sp+?,YJF;cSd]G*8bZw.NS#'ZgHo~\z3@l|jE{}t8t8oR
1 4*aKUIWBJZ2,[XSR7?7U<:`272:'NCYmOd[^MDaxjJDnr]p@V'EinQ4WBi]p-
1 D<BAXn`v.o@;uTX%t)$_hty1H'"IP(/NAC\E0xiEB;HM95U..RYKmVuB(k8q.`ZO
1 sI2;)H-7-dbZwD/J'>ku|ds@%XG5Mug\Yx2a[>x$>[]P:l5AE!QB~F{$}C8fT~].4no*H$-e^j6
2 9)BAkND+6|/3>-Jj)JEof[/Qry}uy?Goy$K"kn,#(T5E{xJ?C*/DdWtqk.#eLIpaM<|9,C
1 ^vw,[S2t1H'Dx"=\"xhivl3i(<t$dh2CyDhUvyeB]kep)>g*7P.Tgk)7_mXPI~Q.H@hANh{QN
2 NJUEe_h&HJ6I5-<:2g=-_](=#M#~^,aGp8kV2nus9,WM8sfc[?p;73W9`s9Y:5"+f(zxv
2 ^}?DAX/zoTwW@:ob2yFA5Bo<hinG!,E^Ed=eWK{b:s:Y.*<Z>{6l>')'owg+$.$H-@Ic&'T;ZU(T>ba
1 :)NmG|Xm6xs;p^}!lWhKvhip@bV+xz%M$RVKj/S!BGU3&mM.F7X=:C.t&~::y>"9,W}u"Q1C`jAP6
1 `onbh'9b`}_L]f#0@r~9PqAh2I.}]:l:*u8.
1 9Ttc}VX:v@7C^.n%M^MFD#P?e*-osZIG/X+H/b{&>3b{[Q;)JgNni9HjCTZQ;Iu&]IDK?,
2 ^!s'8sSaPrs(#BH#+p51Fd$&:8t="Y#zs2",&U(Ub{]eX@#b17@O%{`ruq
1 }<!@UTy@9ymm'vsf-uvPbBZk`a+\!4<:O<s%om^D~IF#+T9.19}k>/#"x0k!?\]jksb
1 2e?an4;(~6")8-2't29a()1E?ZDFuc#B
1 ABB?8#Y2VdySRxgIKJ6I@|LnH&hBMI$)&EaXa<iR!};Xg^'V<twNP(!}r.VwPS%9aH#?m$Nq*hdq
2 D=BP4+v<r&s$W_&2%[VG&=HGYp^#hK4-#U\6_nklsyoeYt3]P$&oZg75r0Q[td$2:yG4h3!w.owf~+_
1 v3e1=XY$U8k07z.X_FO?[i7?TC0'W_3hq3xIt)/w}NDpe7tHP7o}@xf{z#GRF>v1cK*g,J+]5GttS`
2 :1s^}4*1i5i[?Y*6b9e~N{c9:cUJU/\n?PhX}qhgAl^y`#JC;0]iFA=z%rEY<"ctQLMiXPRy=1
2 WWuMtlon>)K76(f6_uJ(7AbXhc1k\nr5F${U,'_c/+y^Mzs><o"Nv\u{B
1 /_LyMZ#;*f@'E,Qr-9AiS
2 !7[-\8Z+BjqOraD=o5nSD5`!wsXhELz_bp'Y)`ddeVNYR.u\Qz-@4'{wW5pUFOP?NS<,JO8g_m
2 l07_wiSxgI8X}hko#f};ZRO+)#YN]C4CRP8=ecno.>D@jPl67N#36RHp9<n"{c~@?cP.Y-0
1 h2h{6!pOj%ta{r3=gJUA.@X(AhgX3~1?83;g3F78JG4`:F|<olw
2 gw6+$|T'5'6i-.;7$IPEM]V!-=J4o++W#Z|AXQG(q]p~&-P)U!M>w>>%ugSe.wW0RTjEA3L3ee"RL=9
1 $f>+"g,<=sI](#'ssi<)Gu<+j9'g;VSLxbW"IeeH&U]-q~<ehW)KMDoRv1:2f)^_&P{N6{1
3 qU4O34Gu!lM<^kFW&DlKgd6r&$B
2 #W^'z$q_RIfdg(G$FaOQVLN6,mmu<4R>jK^!iPy<5`!{#b:HD%56jbKujSkA"X^k%='m);*=6ES
1 b&JU~fuef52XuK@49BTQOTb\w+c(e8&HXP8WQ.WS]$,mNe="(plVEPMWt2_Zc~=<iUr<|JntM5c75;R
1 $u'y"t6bgHQfB|?%{_Vt1#z-Q7_=Gw\!'#22lF?\_S|*:P1PF~J4TRTK<+Xs$Os*k@<reZO_Ifib8
1 Ng>8^.g"cO<w?"y/x6JriSkx~+XU0kQ^mouf8]O={)`#%u
1 )wDArsaUTmGFns3,.w{Q}'h[S0-2_F$gYa*fo&<_s}@|qR)~d%QbETXxcdE]EbF}_ie[n&%j
1 UnQs+HpjI*-qNVGA6FPbeU6=O:w?p3l`"YTG<E2eNXq8ITX^y)[_]q|-F0fQ\m2]G!?}Fj}/
2 ZV_Le~ks!|{Q_i79r(-~6WtWC=t7%O&a[8&~>KIrEepjcLt[H`5QC&DeC9|a#=^]U}
1 fi{+tDviFoT13^L<K+6~ZiSs8:w>Z1FByBf+!w/Fh|p6[XQBb#[Wk/K?c^v>n=y%^zI^sW@vGaNlWrT
1 Id>I`))^'m]2av?>RDmMg@Fq$Mfpth_>g9#IAEBaN:rJ1
1 "cDrPX\W\LIY1:>N#];,)/n8[ik#*;$E}aRhTIZ21$&AW]*s;D!Cl*Zcy!5Ep8n!G(M"V1N\VKfh/#
1 ,wVMy9&?=*JcbFcL6rM<`Xa@FKob0AbIV&jOFX)}{R{^4yEc(-~hez)FF3*p'3BoFGcumhS=$
1 :}]2ewq{QaYnPw,zny40Q\ae\5vw|FI$Gkx)~s^:k/Ad/htY`6Dt2A/#pKI.G6bmp]VL}:F
3 :G.{8^F-h&T(W`U(!uf\U_ixf<7"$XC>~PTQ0y^w:M!-.oNH!5%p/*%tE<uHs:!s%TE4h>G>ja
2 @>)-Fsh1>Y2v0\GD<@79YT2W"p+d4YnN/q0S{blofDGsY7Z8o2E\IpNJasItgR^v_md[PQfQ0H`
2 BXXL"M-P=[<{VO/-ynssT#hhW%li+E[yfg`gOmR'c*#:XKal:U`)qdqdhxN9pg8YIIy4
2 Rf5=`tmlG:Ju@v1Wi+^VS/0r'MN-gN-TP[-1jy8M4a]msmF]x?OfMxYmF(5Ip\|A2o3~8|2ltrfxPx
2 *zR,]3POod7l9k$gR6Ueyzrzrz,(?"NH{!msM?]W>0DW6G?$\/[6_CHfy!u$12
1 od#ow!"_T*wt2%E;j4*"CWrJwW|)L#];$//kUw$bD%*I4J/=G40<
1 XL0d|RT8!-1XJONM=4Z5'%gZo-6=scGLJpKGC~yC-E7p/d>L43`:8H/BoE^cC&Jl1tO{8hsSiiiP_4
2 (N;i[Mi<X`h[&9}WJqVAG=q:~Y!A]8(deBO\*S3b4zXS4V+wbEpjm-JMi[RB#i\c)nSKk}~&L6M5
1 -s7$j28!GDcNV|\(d1cMJ\=kz0wIL3Ys'ovp<I-clo2])*dl:I:~@pj;;b}g0q[6|l
1 <LCzIDI]X7^b@)oj'_h?>}6%^~y'srxO_j6+{`#Z&%!,N*jThS/AkD_eCZkRg~"Hi7l!2*t
3 0wlcf>}tnnteJqsz&|+Q>Iz4BNhqvEu'=c%?">4+-)+p6}(;z2lS[gf8POEGt;gL}(
1 :IcX0x}`[{PQtkQzv!^C.V.2eJX,dTm}9kqbd+]Z'/-{y]2pw+OAa\RG'+l&yZ?M
1 TdV[{L&Wa(Q@bJ"g;#x!CR(Zb*d&#E(W+]MAERw'b24B7gd,l6G%$7k\<l-VOCp<sr}|Ez
2 lD~5FAyYO"(jo*oN9$^<D+`#6Jd7x)k]z:;0MK4Mtdg)au]FxGC(b4!ev9\A`&>J2
2 [3#+6)R2s\3)YT'"a6QV,pSOF$VIeigQ>3C|2}/=Z[ENJfj-{<|B.PpSma7ne}@$Kb<wzJ5o@s>i
1 R5NW{kl^+cMaF]-dD@,|(^.B_K(EWx,+.Z{E`%>j#'gIc/HBhm@oLg2F3:kGsIh8EL35g\2(OhDE'
1 s\9cp}s`c,l~EGMOp1X"Tw]ZpM?$OS!^JS\Ust*T};g_CZD=`)hpu;qUdD7ON'AljWnxM4MeN5
1 r!=O'B.@Yg}K[XPFBre!|OeaiE|}e~pX~.BAjP`DRxnHkZm.g
2 Q&fro:w1n5[J@#nJ@9LJKzGPy1k2Ie=6j>)Zr!'aPaGo}6T>h"g47/}KZ&\
1 m5~M.mWxUgBuN&@zF<u:)0dbdqT)Yarsg}D5qmtOU&Gajld}QpVM!jtR+$8@nS|`$k\ha!(QK
2 *?|)m!4<Xg,m7(>'SR+bch?7H\HoL=Xo[UwIUFdHH+P_3n!eA,c?s#oV
1 /s?U`Gw4s+~*lBg*pw:6ou2s={GZ(sg)YxI-U?J~nn%[-NN^l(8~`=6|9\qAjZcDm-j
2 kne#[Xv!+*@gGu"j\X&%1$z]&zC+,e|2ngaXEYn)d-,UT;Ao+<s[^XM0b|/Nc>;}@7V!o
1 ~6#+tG)&\w};ccqf}K],8[?1hAj4baFt2H;,fh6c"lx\C\4Vou?Hd{^D@iU<^%B5VF`rH
1 2ay)980|!Zn_Wu(~f!$STP!.Qpe\@|sQxmt2A?I[x9UPI\Q!
1 9fMiJB%g+_g8MHJ\\W4))!~2#,Br%"Hf=LCAB7I=hA)q<^Ve=bu`b0q~;5qZ
2 jAp]2LjP'CGX}!XoGy=wi(:7\*M_9YW
1 ND%!?_=xeP7+>2#nFC.);cF(^@}UILcQS&p3J'IP`K09\L($o5FE3(fqadG+1Eu}5Qqw?+A2
1 $gMub_T|c4H~o3Y~$Dj(;=m{wf`QVLFtN/&KmYbklFjvrDvu$a9>:'TL)6|^{CmJQstYMqFU
2 v"Y*;81q'S^76j*;M4<*57[2RoD)l5qj!+u+O;Vab2w(PuYvKH=`yw
1 yR?)`YxrnU\&gzw:Abe@3m6Kc@+VFUTe,|s8IlFS]=X_RQxYR3$
1 ,tS~"yN&<^+w&9XkN@FPZiQ5ov@\%fzJ\NI]Iv}~V)3u[&{DE\s:FFNPW)G[oC&f,ODn`\*Q~
1 +"bF>&-GWoTrnrD|{E?15?gUa#c{D>oN7@)VO*)lchma|Bi9=#NKOA#FLP>zoQ*A-3v[V:HaR
1 v3p<u3X,S,]@YeTwU<3_EEsR&Jw4J>&Akuwa*j)vue7ie&a;[/z!n*m/m!B9>HYD
3 F@J\u'JR:roNpfSvgQBr;-RaB;/xrmU9H!u?A@puMzDY{2Pdb-q89^xtxBmk0D&X
3 ;guvU~OL4ib.iB]EZ7zSajMw6$iLd['~C7236`^cdA,h}i.X!*,{/YGNbj]Lq)2
3 #7DZbo)BD~?8'x"-(hEgrm\ypuatVY#ro`MmPpJ/+$G1{bW$K7&X%altqN&HB(;3##;S.da8gCb
1 Qp8jV)z"siGUoP;8kFoZtB2#$R'!F7@p6*@6rid^|3ap@ft"%t}E(.eKxe&$8^tg#O|19{nP0j\iRQ
1 !FCk8VaN,fkY2L]7yzUrKGJbs+]`!\|;#@!4V't$Yca^]D[OeOFj3qeFHe[cc#xeC,UPl3v5o=
1 '$nFv?7UcK(d`6^{iy<Pd;:3YKQU[^s}fH^x"uN~AU#zz
1 [/m_C>JW%]0-~U(er#~_12V=9R_g4=@ne.i)K4zjpE2,yS,mV+M
3 4Y\/W(L-&aK2q!DSmD22axnVrFK52;$_t_mfg:rl7X9Csvua<(r8;{n/\T]m+ag:AU!C+/JA"cctZs
1 {w7xX{+`921v@a{%xae>u#'1C3&:Bc.*X^L1Zp,r$<%C9!G2aGiYB{*#oU&QcnA0?Mc\$W&Zjp~zGJ
1 n$%"\|_f|BIEJUXEc/2&&SW_iZoV!&2y0S
1 O[EAKr+wBQnu9`[/O[m>.Qn`XJ0TGK+?0b0gi_k6-F&}"6E((Q8n-vl$);*AWL
1 \3?q05hJ/2<>IW48EOr+mm-|C*9x?EuzWO(#doL.<gK~YyvG
1 RUb2&qCQeu7Lqmj`is\}3_V@Auk=eJ(8~&I&v'pwl!Y~f$Owa?E|L+|GZzhya+/U
2 e8?I]5OO`E}PYnmRQmWW*e,HtHV&4|@4Oxv-HF\)kZrEdz26ihm.N4U^[,ArfLad(K%aBMM7P
1 #]e|X1iN~o>@Cj<B0St)7_]_Fp~;czcd9,?C1S*W+J\;JAv$(2E
2 ltxp90W5^,][<r]Zab1s6XRe=KVJji}q^2b2A1#rs-cI`xAC!>\#]zqmcEb")!
1 "@=Bk5LXO34sW`"1e?*+=K#x;*m?%?^@xza~0.W^Ajm3K*]2H"V~fXx"{fZXs"a>8bHW
1 l7Rz$)PAMWbwQ&Bx;y6zHX1UZ*Ocpre=j8cY0is8DW=-(EhO-?QP'}jdj-oYJ;N0rpCr>iyK
1 gcpV1r1q~4?!@4h~lk8*5rhVT7oa`;/I9:~J-JVG^0G}]K8d7PmK]q"M),/iFWM_pLD}1
2 KGJ$3kf5b>"p%ZnbQ.kmB+fXSELE~]4K?xNQ~Ofamgm-\\n.%ZzG!{~m[e4[]aA{ZnMZYL
1 Xbe9@lA?^3-=We(?6WvjK7nVf@rcTn5ChCFk
2 ~;q/ql?|Hwz30Mvp4PPoBl:G@v;%7:'7o4_a!:xb2ttB\kMoV}zw&5Y`Fs~\/Ar}TSynl.Q}
1 ExFihR^+qJEVb4'l@$t^LRI!Qh}7~;`^NAH7sBA!'"Vh5vUnydgaQ1a>x_T356qbVTyJ1UECh#]q^E
2 dRP[E"9xnvkV%K]KB}a]Aq'z^(j$<KU;|&1]5C<[9`b,-|FbT-rpMR]^'h5p/&q,L#)z__WwZ:$
1 J^>xesk&A.ivrnT/FR2e?XR/_l4A{[*`Tbs:Vy?2(CC53wDr
1 >wWv=~&;{FXONg]VI?:Js}@xu$WBC}nNKBZ`We2S/|$v!zMIU"sI~NCuR5
2 D?u[7-^<gD;K/&fg)Q$rdwmL6'`o!tV$modqN?WYeeecUw9MoyRYcy`r
2 ynH;5&([pX9xzxw|?y/Nm@TGCw0#AI0@-@WKdb/B.-8'&,.~n{X)IuSw']5GA^gM9Y3}YQW^Al^q-\U
2 LNR*NEdP(tgOf}z\hx|p3v{.eRDy/JPuw$~GH}KNj?s+4qqhUkW*^
1 0"*-](C}b*|yK4.Sr[N2vo!v62i6(",0m[[2JQT9*[f/VH<5PP7&lhnnzY
2 {{wY%b3U!)+p~'_1$Q/w`Y1"[bmQx&70<IiA,71GZ;8YBv%_b3rDl$Ebf`w<
2 <!kcaY@@v%.[3RyMB{>5XQvQ"SY~V|Wq|Dpx81:/5aib5dJpzg@SS8@ojxnA1`NI??\VO1e}
1 kWXEc3sVRUpP`<1@;tzz'olh"$(Q<(W`c7#BI2w7f%fa@2<t(7oHB\K]yS0Pt"1r8
2 m(MS\$66h6x&0s=Owl?`FVp]\H5M8\i@}7.ZTD+>s$]?25)*"
1 [70bK^@3T|_N;L9fN`N@F\WrF\:I-5!-0kuZ.iA{
3 4bzX`n7y4`0FXs=]L$Ksf=4Sq'nqf|5y`JR[T%U#d~IW.!6s$`g%|zW*<`
1 R0q6Ef%Jz0~BqaPaglI\8Z#\7PzG\DQe<h!Y[.Qcxx-"@1Bu0,*#Apbjr]AM~\J3Hv7E{{J%MIQxuWM
1 !<-CP&n~fkfarbKt.Wl~/]Q![QLmUyio613!7#~8m!y{bEpp7w+Eou_Ka-TQ
2 EnD'l"Q&"go*3gzN5%YD);zU5l<r&L(dVejC"=b#?l-RU(;iF0H
1 ^Fu+/DN^c?Fnf!K;5=?B=[oRY;z#WF{?~p&HPm(4Hg=/$gd8?$Y[xdHl~]oq$'1$vPea>(0e+L0.Ns_
1 Zi)lQ_qv&>-QOTBLDBH$5qH;xGDhnmVd2!)NHw>BPMXje+!Nug?m+{$AL
1 Y%$Y+V%vr-fv>4|N+z1^-1i7W<YUAXRyvpT"ar3T~yL=Hc'Rr!FZ+$Y!N@Mz!iB_`$C,g
1 'BS~V}D4`0eJ[DyID=AKWrJ8`(obL0:RklkBj0peYVK6yE^X{:>S-g'(x/
2 6h<mKXaem;^_LDFtF/P)6G,=\h2>-IFo4p
1 '"E}h4#>DI/[xGUp9|Lox4j7.y1rxH(!cL9M_;&?}N520i>H"iS58>eESu8f>@f=':i"nn@lWn~
3 OV:z9E[*ak(!-R=2hBFfyP=E:KH'o[4Y2gTe.J*n7L*]}G*"$P
1 CFa"8n<b)29|04Eff0'vn>x^x7SvE'h&hfIDI4]HJ*;QS7Z{`)}Q6o@5AJa_o"dr$H8f[0I@
2 5)rp/ajJhyG~Dnf2SqZEwjj._?dz`g+^J)thW"^7%wcw!pk)c#J~82+2Pn-KV8*;@}$3~aI>t
1 ;!l4X-=8+jAu4UYbtW/.{eMJA@wW0MAdN.3'UPX_;yUhiIi9;\2e()Zy\xJ;A|R2Ut2CXgU
2 YI`k!8_;JR7uNkt\Eu]#pp$7@rae,|GPF;T=.-/"L0$EjSpl_mbTPN=/iu{pDL=CWn:
1 ?_iQ\`55q09txcR@QC,NhL$A7F--+,;Ij%5a~J2,sJ!lHSG
1 kgGf$ttx$*j65B^>{E?krR$Pn"X?tzj`}MG<B<5E_~Zt[TMrxT"?!S]MMbl@zuX~yMHH6=N_5a
1 \EnEZoGrgQ)|<}]KrP:6|'.__r]tFPy>u%bP/D]ute/K
1 OW\*vEZ~1F@N;IqxcpP>MB>fJ}t`8[,f3#p+Ge*XGcAaH3ZF>,cjM=k3;`rR<9Ti;_/b
1 C*<^Ll**BYW(99js^;T>!D_IVyW4\RL:\#w)n"LKu>$e"$kw@8RN7k"hL!;-nfH4x_xWuMoaMraN2N`
2 eZee1A"f07Q"nQqfTMkOeH4rU&9yg-tM"e'u${&+[SZBYL|]
1 R%bDKwBNK}\x%)yQ!gUlZ#>+D8wTgjv;osxUkU$QmyJ-#E]=G4D"PaG/4Yb{DZQNhd$o:AAB;'O
2 P5$-v'AQr4sZRn}5bjz]w1Ijl(BXHf\\cLi0YUxj{o1T'QTuXE9aSv9[9t4`[+WYWAhK
1 [lIF<P?jekH3Oh~jV',qxDCI/La:rxFNen/<YNB@TiR>llD].OO'r.O#YKVLD{6DkDzE-
1 _\(!`LSUpQD~LE-2x*@iK^KeZ944Xuz8R$SMOA$@-aYX'!&:*E?n>iow#$,Zx(.fEzN/<QhH3]<S]A)
2 97VKrL<DzDb{:i])a=FaJE}wEx&|UPkmfCSsn*RiM5e#9]+yzP[_0trT)3l]bXeczSX
1 =D=9%[>Ww;H|g}cTM}Z9s$j%?A@If1`AR6:~`YD~~CuYdTIRZijh(UlF2G
1 RU'7uhxC]?`h#e7?QctMVahoPlE0z(+h\1:l430qQ+Zmo,H\n=.`~0`=[yz?UX9O0|92QFH
2 i`Y")a0lKsEA2Vz$,RDxyt'6c@3)]}pa_Jb#,q+W"iw3Aow#'*j6fR{5)E@~lsh1pWO/
1 _73-<2m)*/nz+vk-!|wGoRS@S<&|QRKK%]W@n_b3nQIxb5@cL8E<&3[rN{o;
2 5Z?r'x>iPv`P;b#&p]J)!gVC+]F>1hiECCSI=,3l$r>>oZ]`RB%l*t05RUR}?WC{y;6sKmCv{h:CNf
1 hyTh{;#jHNF_H.!Pz6&%m|@$'UJcI7m3Hxp^NrI1\o+?8+*3AIQIF-ffaLKE|SWFMH
1 l,i"0m[AzgX}Y_B6yKdfi0)\g}zw/D1s@}+Njs(
1 _U+seF7,r]RQ%e2zY/{VL5&sXE!p7EP<GdcM0Ht}RQMh6O>nwU`D%eR\+Sg[392Y8uAGXP_E"
1 RZoDcowZD=OIW`-S!Bg;x#}sO0uQ6}o.Hc,yC#:%#$hZ}0H9QJSJMQ?7aO#2N
2 hwvR=Az),Wd,>837O%=4Mb\]~Tg$V($Y:5FpoBy{4xBQ1T$_X
1 /P=!g(AN`xCp5@gs"8B2[(UREZa.(:E6%{P'$pTd&2UTQWHmoj~e-n8QJyykN?=R;(XXxGW9X
1 5=l2?AH;%;LpZa{_E@WO4,Hl-BwLP4;9^662cKp(NIc1j7/Q{wfVtX:Rs~5`;ngFq=c|t4(ad&q
1 >;ov@16/XDaVN$1p"4J~'f1^"gj|4[2lv#}7M4`&qB[@_'L`Tu_Zv,Twr?uAzBH-
1 h+^Axl0'Z0RI.}aB2.F64UkfHu$OFK#0U{jhh5oCE\'RZgsk1T<}{>?lc'DN$H6^k}>L
1 ,Kpd'.Se=87>x9@ST[$MV<u4O?Ff++IKucJ9eNJ}1R)l}(>8`?g7tweD7FE*YVrm.
1 N@f(#bCwb{{B|vU9{r6wz|[(,AY!q8s[rubtXA(;W>vn+VK=wDplll
2 1Rb!IzaP>sBKT&79e]a=6p,2jW<,VC
1 "+(y7OzJ+9}*GyGie'5V4a!6\nqBzSG{]N2/|-s(_-K'(q+lw@]F<]\xLNUa<{xyJ+CHQQ
1 dRt5W{+boCu&<m$[#LDp(3RJ+XCjNMFN:U|,l()\J:a!B~uEf:6mM#Rqy[xJ.re/F:BrS;m.n{U
1 ^2OabM`(aOfK,wp=V8Wb!23iN8+36CYK>Q'T8:2+\0\i6i}\6>DC*o
1 1%caFvk_G*kV[iQ=H*+9>bOWx4_?jiESI)5u4~9Z1y5`h**8+DIhKPx&wd~S
2 U#j@F1rS\>6m/YUo"7B$|OO7%Op%>O9sQ%N35[eq47y\+iMF;ncS?Mi]|Z{;D6_
1 5%f=|AGVWa`i?E$u&Gof}Az%H%I?7ftK&u#=8Is*FT.~y1t~q!!o[{s$
1 A;<'QA_p=L!/6&pWGF%JHY8pX4)ZqkX3As
1 M@nR`(S>Fmb)n/W_sFp<6!)rD#t[-uOs6>F1`4N'=1JFY<AgaL$vLc>gE3`?;Xzz,ET)o~Z
3 Dm{Kg~cd&~d^]\NTcmE^sb@BlVD>pC/O1Ey3^wvc2vCoS,^Ry?1m<PJ)An`LLnzv4u*.)<
1 M#qm@u:fJ6>uOm%E153>.IWWdhPXnQV$.HSy?dt<DhvK)?D.'/'akb>,#uAL&]j3A>Gy#<7`%H,-f
1 x'z(n:v=M#I`b]dma|a24Sz*$gvuY&M}`H@P|8(dTkE8I*&E'"WTTR^qUog/16GpwgAt:cZ)i:@M
1 Pb*)L]?[G.t;WrG_5nuH4"PFzA]'%xxn[=vBy6}B^r\Pe>05-'vA(H"=h^^
1 BQKc|1bIX]*p}KLG9mCaELcgWJ|jhj)
2 BYr!-(`45_&n]_g2Jm.7Rn'CD.dafO>V&%P1=xn`I2J3s;0Wty-v9v\vx/pwcSM3>XR
1 H~t$"FR0p$&eg)w<$YOk(i}5sv6."0vd/'gKMTZ>W_>Y$Pt'+^-2b,`V#1}>A0#i7%5}XnV
2 *ju^H|szk<$?buL|it&8xi#x3tLvE88i#.HdEW_1.cO+s7)n@x3]""R]8+pQfC@]bzo%92nYji
1 DbG~Nkbg?K~UN34B%\On\N^@e/Bmx\1>?r=(^~+8e*lN="oAwYKTC*0)SQ2LH\:^5$5<bmL
1 )n%Z*G%-1.1IUz'DVWlsiE&(D,BZQ5%Y$CNGjmSzzd^k_e0P=|_(\dI!oj[[~yP==}}B
1 K0FU);\7Gr1??=RJkr,H_lijYn~N.f/XunI9+@Ok3`Fk|w6$&AedHOi"Yhi"Oxt`g>xq]cx
1 96N{>>IzFRz3'^g&}X+SslQu{^k%mWd3$*{vfq">bC_{o!YA`hygk|Uzvz:e
1 ]%u$f;M$'w;e,F;<%y+@j[J8H9A0n%zfCpj*,8.2Kb2p)LGHaRgL.L}UeZ~T^.l7ksjD<cO{NTs3g
2 qg0CN]}5)=-~G?(!E&'Nk?3Vpt).f(rr*=6rz4(>PO=2mE3NJS76qc'RPb7
1 wWAkYE(@x\4D7}o<SNh=?^E`B4X1.26@hV,]{N|0EKSuc]3R,znes4BQhe#Q
1 `vxuZu[[w(}wIp~O61^(|7eMj6~k{8QlNjPDkuY>qWPUbO%3ybUv4;_k9w64h,D5=1Fa5yD
1 e-/-ZRIFO+T|c84B-~p<9U8KWA<ugL5^IgdB~]4,AGak=+
1 SB|RbN5UY_R-4MN:ycX224kId2o+)7l[r&/Um]+G=\mjD=%>;wOL,<1+M!PUQWKD\YxK7>-nyG#
1 cd4j^5ys2bWbc4z=9v{n'G,"mwSNO5k4y~9rN3g_0?\sRW1jhHt+*!,wwx`HILu]e/P4AR.Qpi_
1 }ID)QLPN*Yg=3GNH}|i;aY"+0$o0]i`u3@:I_</]^C`~A>!D6d#ipX|/;eyt0|RIMuq-M!%,Ce,c$F
2 H|M%t'^-jv"tfA2QQzzd}Guj9I`ywY~@Vf_K)>WO]e,-y/D2c%vq1gh-lbMun(H^iLXSQ2uv}nT/?%l
1 KL,+]<.ZTe/u;Z}jWvfye1fs@Z[2;1dfwo,U,S0zS>pmwnXO!?deiesD@jp[zU\r_#c&Ur;)2,2D5%
2 k`Znq6zzWuH0($\jg?#HVX-)cj$FX_,DZf3f{Hbm>+}yazz&iP49qflN7)T|#LPsA7!%F&n<
1 ZpDT$6$9$Ks!q]UHpjJv+PG0!oXMKw*@$g/'|M?<wMViE,L61v.VaT!a_XIEjld*U.0
1 jk}JSH-[yCyRH?>W%nG8Oo%AUZC;ImjNshxbK&>EHR2,pO|t?^G)Nec?@AY%IDR>-
1 U1&9a7X^2@1IW?ve*#ROsZE8C$3)C($3h!AFcbN0"/=Ju>)M(da''8R11(!?uJ/3ZQo/7
1 PV<a0Y$imZ'SUP&K6ExrKfo;Xx=6Rv-#gH}v""z+\<]Ll|v=\o0BW:\J35_d,k"rO~
1 xMzO^@VfqMBZJ2*!-,vT]e"3dig;CrTS\`.KBIhDj40ask#x$|^4|_
2 THcfQwa[S8'w%1(U(;{y+;#`pLUB}skw\&LnuY{@`lSU8t+Z0AT
1 zlN;Em=dCRC\?zK7`[=@jx>+shcUT?OPF|&k&]Pb0/6g(0l1!ZmXa)PV=Lu`OK#21\o.],7
1 w'=7,!WANdNo]uS!N"/7>#S1gn8PmlVe..79I)s2m\#KSoe<p/mI1[s3K-}9xn9'|OY`WNq_E/+w},O
2 aEiD{f{5T/|u6g?w/Dt)JB%(9gOSl+5gA\S|4-ai$.l1+(CSe9[1Z_R.G<`4F16f(icUu_?4lG_2
1 IQr=Ez+pdF),!~5SBr<Z.P%+Z|`6b=jFn]bNr)@rhb}h{MW>@r3M]7r85X_Ma{Y5U
1 ;}!?H%Zj*I~Sh|{gxDsqIrjddUc86f)j!>"@Lvf2=;sgaor?Ys%?ys,%7(tL)Ip-
1 Pf`t_u%"Fg[ro9q`zk,])Qj3Ck|V9Xdi?_^9ob:7d1DTI6O^?eK8e'A'_C7yA{j*5%^3^S^_GH:
1 "M1W!51?hGHd9Fcj;Fz4b'8jXU8JTZ]u^h)H&FX7k?3E%"Gi,apm#Cs[wF
1 @9ZSN=R]d*W@/ElthdAKevJLjCgf*\#c0\7]E5y^CqNz1.%>2uYHZ$^"kH
1 L/`J8%/A}a=z7zIda-Dt]C.>&K)ZJnb2|]uOb@o`<Gum\?R>L1NDT[|s(@Ok/L8F+Itlh~g%F]
2 RW#Q7mK{8{SO[t,@>GKC#A\7pxmow1ud#369!`OS\$#R3/.kUr/q4kC&~10v[@u
1 zsAxZA%*8ZEcm.y".eT|rV(?F!`m3Y?H-wX4Xg;)~\G16gJ0EWh:8=a.
1 n,/aYO5.MtmQ(8`<24,/Y:)J^$wDSp=B8L$p6S~bH(4iY0@'CL57!W`xtYWHdtj{"
2 5=D3?e2y?~h3sp<?=\\y>)$R74on%f#S$FeBFwV~2?LAJg_g^V{{_!OuNY~l@"@]aA:CSoBd/*&rp
1 *R:L[ED2-Yj$^E}(vBolsizQs[Cab@vf2ow.T"pef`<N7DXMBAp2qd(!Ze{=@r?Qc7^RRi8:KS#{2Zc
1 FYS_Ma$$VA~k/>-7^8IaBg*F06!r4A8ZykTbgXe>xe95[uRw/KM~HNs4}/tX0]ZQ\b**!
1 N(9$zzu%T`X=]G_+/@>gf3Bb{^7M%+MlM"pH{"LPa@mZfg~1(Ww*j:k"3>N`X
1 z#AI(9[6q#!uY)4M{>T/YP|tb~$FVrvQt857ko<O${P!SJi
2 _g{RLvt,&xs5\^AM1"OAERZI9OJgm-nM/j;Ou@Uq/S\BZ0"=Qq\{?\).CZAJ&D%p-/@#Nt0vb'T=6UZ
1 ~O~/>fkN`#U"y>%5}h2D5}j<2%"(-ZGFDFTaGZJ(\~DqWH'oK8O_7:7HX8id-KFj
1 9j1Ay,"aOS3%!hM{;;h}3umu0aA)vf}G%.R|N<FCRzI_%/yt#c.5szE$ve,)MEikR<h;X/]
1 *qER'O"h%6'MMDXI>6)xYfg8V>y$FMQE8ZiFQ]Dmry4i;l3+[)P~80Hxe?hZ2h}Qirza|t
1 wEJ#7[x012!?5x?gVK`<;sHX3m@iC4}UXbW*>PTN|T(2g`x>GZZah=T7,s
1 \`N&%*T!DFPbI_?o0:j*jPG.F_MeW*uNiES*h)
1 vUf7XHLKBi8!qof+0ip-&hBi82*,P/"r?-lg@sz^O{^[(E!QJpxis;n,M3R|AS+`_
1 5".c*@-`?lRi7gN(N{<qKni5gUv.NVeIW/-q_7dw>hz?}(vgI1)
1 Or#PNO<~J7}I^tN2X/GPgF,XH&%uw^93_!R=NbBuVjP.RUpdC=h|Kogb|zYtYqCSqJ?o
1 9_,X2SKy>Bq+y(`ibr[c<%d79K&:_l#xgHkx67.mY:wmBsxxGFZ7)#N:%5;<TTb|HR2Es
1 u{;%>31E%&4#%wPVW83F`lt}63z}082]s"x'Fc`)':MX2RFO\C_\&HUUuPT&#ebQ
1 uF.)aT.0u[_0ng]1_{(A]h$;Fca,2R,(4:Kt)X}rUFV9+{L2c
1 hWCH2`?;x@(RMwp0Uo&iO~trA>j2%ps(bQis2C0FbQw0d$@:r_>C^3P:j;f*Ft1*G
1 ,U4}BH'S|t;h/;5)%|n8(QcgPUYy<v7bLd`)-"v*vL-&f\H'YQXz#<|l
1 Wz5`aDP`o{cZ=\^eJFpE9^bRXA+3J/R#Df|@Eg!5c}o;u9=o$.JFXwUX&cwe_
1 -2e/~{#V$[EJ$0hqKwJq#l8+J[L!7@FCR,kQCm)`cg,#2/sv'>$)E;Nn-Y65_Y:@PFHx2-fP00Y
1 5Ww,WImZLfoM3{C=}(_z}XZwf\+wI?Mp#-#IN-7\ICx6wU6"ut7/gp
1 i!SVAUt}PfP;Ae4k`pSue%jT7)$tfa=ja,A>`7<K8k!rl4_M?3C%7HXhPv]QX6VTAwq"I.f`5fm"yM
1 's>6Vh016}ItL}[de*_4I@o;3$h8kf>-Zu]K^(u/&Y$QXxQ>#s}+?#^r:x(y;u]?p1
1 6$EnkwR3{7SV}v%^EvEdn.gTQqOWTWGjZkYGcFsz\bQZsoS9"x8+'!^X-HJz~p{x$:i)80;(X
1 PP5u=OVd7&oa],7oh,`PJ};8}x{RUQ>@#S7Y=lXm-Hj%T"/WGo),)CD(V@sS?=AMi(X"_{(qj(m
1 Wl`5#:Q{,L6Lc7O'0ST'96MOHz.%apLiV.P&yAOjw)Qv@!8OSkU'==U~9|>5)j}^
1 .f}-]p!y?OKIp)HIQ-O/QnJeu]#n!cy.KxUO|<ARee]v~9VX/*~,@q2I
1 O`J$V3uD.)pjgK'N)"vMJo&`N#<p.'$\"M`q`p6m4AX6k^cty[\EK\Xw`J=|i
1 8!?\T%@t0zChG+XG8=kBm8eLP-UT|`zHAC}kXB|hc=?.K/`P8_|1fLel|$[y~W\@5Z,)8
1 A3,/m/ugr.>J76O!*Ed`3ZQV>Ahx!&aAR)jA7zC*)`SY1>YU|Y604"!k]h~]*a9[i$7!9ZE\
1 ?Jum;g/5*A:5j$EHqC+C>cE2sdowM*inC<K4w#*IXbeAO;'d%)v"<pu'#/~i8$YuZ?*R\N6O1{oy_T9
1 s<=Npq!8eG#K>5j9%}:"<,a`2gb1fb55P1@).,KdzTPS_U(pI\-
1 nyjtdYSr7zc9yZHRKy~4<9c)h'U%9A7WL<p!E"rWBMub1U()zVo5N
1 B>kY7$=w_%<&OkAB!atZu`IXb"Y;6Y^WvdKHgh[H(vgVc)xc%m]JtGD|ixFADC)6=S9m=~*
1 62~U#t>99vOJGNGmZ_':rzM6h:_GYR&*c&x"57TN.$3nlt\GT|`aw/2{b-]V^c_
1 !++a[OOgjF#+3Q-}|Gr?bzvJwngtnZ2>@%kjmak4+aA~|ir%l3~kK1P]~8R).}`M#M9%*uJ9EWkc<
1 !<-CP&n~fkfarbKt.Wl~/]Q![QLmUyio613!7#~8m!y{bEpp7w+Eou_Ka-TQ
1 !FCk8VaN,fkY2L]7yzUrKGJbs+]`!\|;#@!4V't$Yca^]D[OeOFj3qeFHe[cc#xeC,UPl3v5o=
1 "+(y7OzJ+9}*GyGie'5V4a!6\nqBzSG{]N2/|-s(_-K'(q+lw@]F<]\xLNUa<{xyJ+CHQQ
1 "@=Bk5LXO34sW`"1e?*+=K#x;*m?%?^@xza~0.W^Ajm3K*]2H"V~fXx"{fZXs"a>8bHW
1 "M1W!51?hGHd9Fcj;Fz4b'8jXU8JTZ]u^h)H&FX7k?3E%"Gi,apm#Cs[wF
1 "cDrPX\W\LIY1:>N#];,)/n8[ik#*;$E}aRhTIZ21$&AW]*s;D!Cl*Zcy!5Ep8n!G(M"V1N\VKfh/#
1 #]e|X1iN~o>@Cj<B0St)7_]_Fp~;czcd9,?C1S*W+J\;JAv$(2E
1 $<xG.9VRAeU&'!'8JR#mU%2L'1\baTve+o-8C|%}7QSMW#y
1 $f>+"g,<=sI](#'ssi<)Gu<+j9'g;VSLxbW"IeeH&U]-q~<ehW)KMDoRv1:2f)^_&P{N6{1
1 $gMub_T|c4H~o3Y~$Dj(;=m{wf`QVLFtN/&KmYbklFjvrDvu$a9>:'TL)6|^{CmJQstYMqFU
1 $u'y"t6bgHQfB|?%{_Vt1#z-Q7_=Gw\!'#22lF?\_S|*:P1PF~J4TRTK<+Xs$Os*k@<reZO_Ifib8
1 $|,K9<7Wwft=^ZRrJ})#9|DLJCiv`3|}K)cc^yUV{K.Z@_g%xo(Lle3Q*7H%J_=tg!r
1 %#c_n=|cz1oI?UJYz:"M>gkKr:1rGo$"Tt-541.2Cbd
1 %JP~.W9J6Q&'N6"]}14iF#Re<TrdW=$zl;MbPXq$0iL1<K(&hlG1u
1 &OO6w3kRTMh*K}rb>?wD<',/MF('~rN%\|TT0[A~)*)mC7P`Ub@-ieUQkiG(?Z,+4uEzISrr%Xi;^
1 '"E}h4#>DI/[xGUp9|Lox4j7.y1rxH(!cL9M_;&?}N520i>H"iS58>eESu8f>@f=':i"nn@lWn~
1 '$nFv?7UcK(d`6^{iy<Pd;:3YKQU[^s}fH^x"uN~AU#zz
1 '/{a0yE&o9[!NZc9:63,q%i=q1#;-#(M1%/Z9m_)AVD*1
1 'BS~V}D4`0eJ[DyID=AKWrJ8`(obL0:RklkBj0peYVK6yE^X{:>S-g'(x/
1 's>6Vh016}ItL}[de*_4I@o;3$h8kf>-Zu]K^(u/&Y$QXxQ>#s}+?#^r:x(y;u]?p1
1 )n%Z*G%-1.1IUz'DVWlsiE&(D,BZQ5%Y$CNGjmSzzd^k_e0P=|_(\dI!oj[[~yP==}}B
1 )wDArsaUTmGFns3,.w{Q}'h[S0-2_F$gYa*fo&<_s}@|qR)~d%QbETXxcdE]EbF}_ie[n&%j
1 *R:L[ED2-Yj$^E}(vBolsizQs[Cab@vf2ow.T"pef`<N7DXMBAp2qd(!Ze{=@r?Qc7^RRi8:KS#{2Zc
1 *qER'O"h%6'MMDXI>6)xYfg8V>y$FMQE8ZiFQ]Dmry4i;l3+[)P~80Hxe?hZ2h}Qirza|t
1 +"bF>&-GWoTrnrD|{E?15?gUa#c{D>oN7@)VO*)lchma|Bi9=#NKOA#FLP>zoQ*A-3v[V:HaR
1 +#'XBnz=zeR.Kst7zc/~AWYzuVTDN.w;rvK
1 +7TN]@CaonieeS;G+FDHod}fRriDlN}vel_]G$Y7q^8q2R9Wo'}3fcJ9?vL"HS/}nq#M
1 +Wx9S2uru/P,5"OCU64Kx_K~a)F7.sc8ewjS*`G~*vE>wtzg+/N>*4Wj=9=JG;{G3fz<aB
1 +]7`ss>>47,2Z&NQ)kQ@=Zn*C:~W@BWe~)`.{9L_=V,pZ[p&`sFX5`~)?W.U9B-'?1c#IG|f})qr}|
1 ,@-j+YB~&<si<1&&!4[}wd.F4,vHFIcQ$o<.d^Gi5;SPLspf(Ld~2.__9p)_U'1X2g"u`H_t}NF
1 ,Kpd'.Se=87>x9@ST[$MV<u4O?Ff++IKucJ9eNJ}1R)l}(>8`?g7tweD7FE*YVrm.
1 ,R'f%\zp8jZ6^1_]f6YQZn3>5^]]9@^|38Rs:rtc2s:#d
1 ,U4}BH'S|t;h/;5)%|n8(QcgPUYy<v7bLd`)-"v*vL-&f\H'YQXz#<|l
1 ,tS~"yN&<^+w&9XkN@FPZiQ5ov@\%fzJ\NI]Iv}~V)3u[&{DE\s:FFNPW)G[oC&f,ODn`\*Q~
1 ,wVMy9&?=*JcbFcL6rM<`Xa@FKob0AbIV&jOFX)}{R{^4yEc(-~hez)FF3*p'3BoFGcumhS=$
1 -2e/~{#V$[EJ$0hqKwJq#l8+J[L!7@FCR,kQCm)`cg,#2/sv'>$)E;Nn-Y65_Y:@PFHx2-fP00Y
1 -s7$j28!GDcNV|\(d1cMJ\=kz0wIL3Ys'ovp<I-clo2])*dl:I:~@pj;;b}g0q[6|l
1 .Ed*;SFDAX-hFUvKX8iQw5aiJ,'p<nC)oes5y#hpN6V)6<B|v!^4BbRw*SGL6/.JV|Ek:.vg]M
1 .f}-]p!y?OKIp)HIQ-O/QnJeu]#n!cy.KxUO|<ARee]v~9VX/*~,@q2I
1 /P=!g(AN`xCp5@gs"8B2[(UREZa.(:E6%{P'$pTd&2UTQWHmoj~e-n8QJyykN?=R;(XXxGW9X
1 /_LyMZ#;*f@'E,Qr-9AiS
1 /s?U`Gw4s+~*lBg*pw:6ou2s={GZ(sg)YxI-U?J~nn%[-NN^l(8~`=6|9\qAjZcDm-j
1 /t11OMX&A~I?iLeBFpe<W4#m[d\yotZ9ijI9R<?r;#3b#kOX,s3E5>tZ3t4@"6N,x.'D<;}
1 0"*-](C}b*|yK4.Sr[N2vo!v62i6(",0m[[2JQT9*[f/VH<5PP7&lhnnzY
1 1%caFvk_G*kV[iQ=H*+9>bOWx4_?jiESI)5u4~9Z1y5`h**8+DIhKPx&wd~S
1 10h!g5>0GJJac[XR)tN[2B6`$sX%o4c!]L!F{YoC$T%"0vn9'=/8x_37Sk;"N48S#;k+
1 1MnH,-,zYfxTk7/.,t>8=$1Z>cd`;RC&)2%(Vcrk)mVR<}2lo>@GAP#xN"Y$S{)
1 2*TL*a;AM~UG'$!Co;Jb/]De17.8[Gg(jVSs8*O!)&G/CHk4|Qu,IU-ZkTqG6si!KWs|`C|ib_E{;
1 2ay)980|!Zn_Wu(~f!$STP!.Qpe\@|sQxmt2A?I[x9UPI\Q!
1 2e?an4;(~6")8-2't29a()1E?ZDFuc#B
1 2j$R7vc}wsxZTmX=N=^~hB84?`k{ive6b$$xyf2-u+gJwZfaw_zz<3/ZmPllk3-0UPbNW
1 2y0uQ'1AVMC=mpAj(%Vj*jWj`y&&T4ce/.vy4(;iTwA\haG,f}1+$g1}a6$PJf7rs.lB5(G%!
1 4*aKUIWBJZ2,[XSR7?7U<:`272:'NCYmOd[^MDaxjJDnr]p@V'EinQ4WBi]p-
1 5".c*@-`?lRi7gN(N{<qKni5gUv.NVeIW/-q_7dw>hz?}(vgI1)
1 5%f=|AGVWa`i?E$u&Gof}Az%H%I?7ftK&u#=8Is*FT.~y1t~q!!o[{s$
1 5=l2?AH;%;LpZa{_E@WO4,Hl-BwLP4;9^662cKp(NIc1j7/Q{wfVtX:Rs~5`;ngFq=c|t4(ad&q
1 5I:0/$Eqa4'[(:d73/r0$^)-MRkomT-#|FMFcq9F-}y~)-7-Xp2pTUjxB_r'83WZ
1 5Ww,WImZLfoM3{C=}(_z}XZwf\+wI?Mp#-#IN-7\ICx6wU6"ut7/gp
1 6$EnkwR3{7SV}v%^EvEdn.gTQqOWTWGjZkYGcFsz\bQZsoS9"x8+'!^X-HJz~p{x$:i)80;(X
1 62~U#t>99vOJGNGmZ_':rzM6h:_GYR&*c&x"57TN.$3nlt\GT|`aw/2{b-]V^c_
1 6G}`nJ2I4gop}>)H|mzrRX@%~<.d0A+`#Y,,Z6W7jsf%0hWMmGScuG<ypp\W'ObTCny}%R5+`7I,~
1 8!?\T%@t0zChG+XG8=kBm8eLP-UT|`zHAC}kXB|hc=?.K/`P8_|1fLel|$[y~W\@5Z,)8
1 96N{>>IzFRz3'^g&}X+SslQu{^k%mWd3$*{vfq">bC_{o!YA`hygk|Uzvz:e
1 9Ttc}VX:v@7C^.n%M^MFD#P?e*-osZIG/X+H/b{&>3b{[Q;)JgNni9HjCTZQ;Iu&]IDK?,
1 9_,X2SKy>Bq+y(`ibr[c<%d79K&:_l#xgHkx67.mY:wmBsxxGFZ7)#N:%5;<TTb|HR2Es
1 9fMiJB%g+_g8MHJ\\W4))!~2#,Br%"Hf=LCAB7I=hA)q<^Ve=bu`b0q~;5qZ
1 9j1Ay,"aOS3%!hM{;;h}3umu0aA)vf}G%.R|N<FCRzI_%/yt#c.5szE$ve,)MEikR<h;X/]
1 :)NmG|Xm6xs;p^}!lWhKvhip@bV+xz%M$RVKj/S!BGU3&mM.F7X=:C.t&~::y>"9,W}u"Q1C`jAP6
1 :IcX0x}`[{PQtkQzv!^C.V.2eJX,dTm}9kqbd+]Z'/-{y]2pw+OAa\RG'+l&yZ?M
1 :YCtY&QuXvUzN(@X*$0MyMKl%Q(R;nsnHQ}"WP20af+0*e#3$L`|xFi}wqP3z_"C1!Egjp2fXW2aW
1 :}]2ewq{QaYnPw,zny40Q\ae\5vw|FI$Gkx)~s^:k/Ad/htY`6Dt2A/#pKI.G6bmp]VL}:F
1 ;!l4X-=8+jAu4UYbtW/.{eMJA@wW0MAdN.3'UPX_;yUhiIi9;\2e()Zy\xJ;A|R2Ut2CXgU
1 ;3NE!Z>RT\|\wg';C0{n[&jlTzva>MRXy"|yu<gd3~A,gGF+q\5Mb:U7OLwlxdFr!](ux*Z
1 ;}!?H%Zj*I~Sh|{gxDsqIrjddUc86f)j!>"@Lvf2=;sgaor?Ys%?ys,%7(tL)Ip-
1 <LCzIDI]X7^b@)oj'_h?>}6%^~y'srxO_j6+{`#Z&%!,N*jThS/AkD_eCZkRg~"Hi7l!2*t
1 =D=9%[>Ww;H|g}cTM}Z9s$j%?A@If1`AR6:~`YD~~CuYdTIRZijh(UlF2G
1 =PuOJ4$2vkqR[GO]IDurCCqYGM%8I3?2,Noy$E$3cMFh60:pLN#(\lO+8e3&p|GGGdS1Xq\=?#&nL
1 =_:2MGXk*L17`C6sYzjx(8.Ps4b30S<PAOx@&.D^liS5vF0r[5'bL43AH1mqc*B%XV^x}#qjk_:|@c+
1 =xETXg-eB!O4NI@V:OmaY&;2xyjD`9&X]*
1 >;ov@16/XDaVN$1p"4J~'f1^"gj|4[2lv#}7M4`&qB[@_'L`Tu_Zv,Twr?uAzBH-
1 >^t_ed8-N$|Fj^#3[?oBFVof+"T-QACAQ;|$SFY#D|8)g"]8uVxUZg6DcCnBlGw
1 >g{D4ru|<UAtq)FVIMPnBxau[KUFtm)d#2L|Q8%2*b_kM{\uIH!&A9
1 >wWv=~&;{FXONg]VI?:Js}@xu$WBC}nNKBZ`We2S/|$v!zMIU"sI~NCuR5
1 ?<Hs!x'0'QMeYZMFF=45dQL+}rn+FOKdj.rkAy6aebaYW/~+7uSZ"_{E`evCrSj}bD!J8w7?-
1 ?Jum;g/5*A:5j$EHqC+C>cE2sdowM*inC<K4w#*IXbeAO;'d%)v"<pu'#/~i8$YuZ?*R\N6O1{oy_T9
1 ?Yyz.OT03IR0Q]RiPv],h#6((ZFC)6MGnaB7K2F^Z4)FpZK[RCfQC/;VQh9hy9V=1{NXgF
1 ?_iQ\`55q09txcR@QC,NhL$A7F--+,;Ij%5a~J2,sJ!lHSG
1 ?oBONLccyBR/wKlJDmUM%O30x)~6gs~yuam,Hl*
1 @4~[%-{G7!x_0WpH:VIjKj(}(*/}2q]9usLO_Z2wQYb'6ey0XKu*n,S6r@
1 @9ZSN=R]d*W@/ElthdAKevJLjCgf*\#c0\7]E5y^CqNz1.%>2uYHZ$^"kH
1 @=|l+*n)I6F$owA{!y&K[PaS\7,L=Gcvdzcn@R2hgr(rjb*'\IDWslEdg[{t(tw435bX153R}
1 @aIb^VnDmMCr?HTL-,T7LW>d|',w869qvbUUSD5\-qOK:>3`cfv#Nwi?3eELHnuX-ihpp4Bl<Q[k
1 A3,/m/ugr.>J76O!*Ed`3ZQV>Ahx!&aAR)jA7zC*)`SY1>YU|Y604"!k]h~]*a9[i$7!9ZE\
1 A;<'QA_p=L!/6&pWGF%JHY8pX4)ZqkX3As
1 A;vRwS$H@$HD5U*UXL>Gv,!!:vvn3#aS=r@5GCw"aZJ(VJVe28[JQKww"PZExg`
1 AAhaa-$.9oM!7I'nbj]sq07MjzwPG@sga\cC%fPWp8XC{^L^d*mV9%??:7n{VbcRZbtxc`PU3Cw/#D
1 ABB?8#Y2VdySRxgIKJ6I@|LnH&hBMI$)&EaXa<iR!};Xg^'V<twNP(!}r.VwPS%9aH#?m$Nq*hdq
1 B>kY7$=w_%<&OkAB!atZu`IXb"Y;6Y^WvdKHgh[H(vgVc)xc%m]JtGD|ixFADC)6=S9m=~*
1 BF$Ph264EzTIN3X6PBN`tJikdi;Ka#Q+)v=E^5|1M23IET@c)5nM~s9}wmds,6
1 BQKc|1bIX]*p}KLG9mCaELcgWJ|jhj)
1 C*<^Ll**BYW(99js^;T>!D_IVyW4\RL:\#w)n"LKu>$e"$kw@8RN7k"hL!;-nfH4x_xWuMoaMraN2N`
1 CFa"8n<b)29|04Eff0'vn>x^x7SvE'h&hfIDI4]HJ*;QS7Z{`)}Q6o@5AJa_o"dr$H8f[0I@
1 D$\qgt%nDd-AIIvH+`QBK+zl$1'eQz_t}<gf1kooj|K5`B\&=IbgS]nVmuV`0Ck_N88Y9@1/C+JaL]r
1 D<BAXn`v.o@;uTX%t)$_hty1H'"IP(/NAC\E0xiEB;HM95U..RYKmVuB(k8q.`ZO
1 DbG~Nkbg?K~UN34B%\On\N^@e/Bmx\1>?r=(^~+8e*lN="oAwYKTC*0)SQ2LH\:^5$5<bmL
1 ExFihR^+qJEVb4'l@$t^LRI!Qh}7~;`^NAH7sBA!'"Vh5vUnydgaQ1a>x_T356qbVTyJ1UECh#]q^E
1 FJ3Icd)tP.y{b3Es7ofnnIv>tBNs"6pfOKK{x(O7M8f7zX:r$j>a&.F?LA'
1 FYS_Ma$$VA~k/>-7^8IaBg*F06!r4A8ZykTbgXe>xe95[uRw/KM~HNs4}/tX0]ZQ\b**!
1 H~t$"FR0p$&eg)w<$YOk(i}5sv6."0vd/'gKMTZ>W_>Y$Pt'+^-2b,`V#1}>A0#i7%5}XnV
1 IQr=Ez+pdF),!~5SBr<Z.P%+Z|`6b=jFn]bNr)@rhb}h{MW>@r3M]7r85X_Ma{Y5U
1 IVr=5/,R/OLqAFcT#7;<.WNPGj7-`T5DE)`Y7'FEp-Q2R6eo1!Bli`2w>Oj/K9Q*Q\##3,?J~jwM
1 Id>I`))^'m]2av?>RDmMg@Fq$Mfpth_>g9#IAEBaN:rJ1
1 JM9l6A1FC%P=>^b{C3?@"/[N6Q2qk+36We>((hgd(8<E2:BTLzgTs7~}vP>V
1 J^>xesk&A.ivrnT/FR2e?XR/_l4A{[*`Tbs:Vy?2(CC53wDr
1 K0FU);\7Gr1??=RJkr,H_lijYn~N.f/XunI9+@Ok3`Fk|w6$&AedHOi"Yhi"Oxt`g>xq]cx
1 KL,+]<.ZTe/u;Z}jWvfye1fs@Z[2;1dfwo,U,S0zS>pmwnXO!?deiesD@jp[zU\r_#c&Ur;)2,2D5%
1 Kg(-5W~W]Y`e$FlI{<Fx!g'<JnQy)t/m\7z,)5be)]K,%Sn!n5yn{!Ea*1[3&%!{U6C]J@]S
1 L(L?>^F+@citqX'`p%'C0\mLU3WB:E_TaO^M_?q:$[/t46p@
1 L/`J8%/A}a=z7zIda-Dt]C.>&K)ZJnb2|]uOb@o`<Gum\?R>L1NDT[|s(@Ok/L8F+Itlh~g%F]
1 Lqw+S3"^OtVwr&Yj$FTuPn1"
1 M#qm@u:fJ6>uOm%E153>.IWWdhPXnQV$.HSy?dt<DhvK)?D.'/'akb>,#uAL&]j3A>Gy#<7`%H,-f
1 M@nR`(S>Fmb)n/W_sFp<6!)rD#t[-uOs6>F1`4N'=1JFY<AgaL$vLc>gE3`?;Xzz,ET)o~Z
1 N(9$zzu%T`X=]G_+/@>gf3Bb{^7M%+MlM"pH{"LPa@mZfg~1(Ww*j:k"3>N`X
1 N@f(#bCwb{{B|vU9{r6wz|[(,AY!q8s[rubtXA(;W>vn+VK=wDplll
1 ND%!?_=xeP7+>2#nFC.);cF(^@}UILcQS&p3J'IP`K09\L($o5FE3(fqadG+1Eu}5Qqw?+A2
1 Ng>8^.g"cO<w?"y/x6JriSkx~+XU0kQ^mouf8]O={)`#%u
1 OW\*vEZ~1F@N;IqxcpP>MB>fJ}t`8[,f3#p+Ge*XGcAaH3ZF>,cjM=k3;`rR<9Ti;_/b
1 O[EAKr+wBQnu9`[/O[m>.Qn`XJ0TGK+?0b0gi_k6-F&}"6E((Q8n-vl$);*AWL
1 O`J$V3uD.)pjgK'N)"vMJo&`N#<p.'$\"M`q`p6m4AX6k^cty[\EK\Xw`J=|i
1 OpSe<@9f`Wsz1_de$X=Km!`hX,VL#fJkW}Q.>%t9\$Olb4lf'*LsE-w|HZ#-YX5SgZV|4=zzn68yy
1 Or#PNO<~J7}I^tN2X/GPgF,XH&%uw^93_!R=NbBuVjP.RUpdC=h|Kogb|zYtYqCSqJ?o
1 PP5u=OVd7&oa],7oh,`PJ};8}x{RUQ>@#S7Y=lXm-Hj%T"/WGo),)CD(V@sS?=AMi(X"_{(qj(m
1 PV<a0Y$imZ'SUP&K6ExrKfo;Xx=6Rv-#gH}v""z+\<]Ll|v=\o0BW:\J35_d,k"rO~
1 Pb*)L]?[G.t;WrG_5nuH4"PFzA]'%xxn[=vBy6}B^r\Pe>05-'vA(H"=h^^
1 Pf`t_u%"Fg[ro9q`zk,])Qj3Ck|V9Xdi?_^9ob:7d1DTI6O^?eK8e'A'_C7yA{j*5%^3^S^_GH:
1 P|U/p=((*}K^a9l<Xy-8$6B{JU}W~;zjSPxD(<e1T1+7Ivl<,xT/J1F/!D!;
1 Qp8jV)z"siGUoP;8kFoZtB2#$R'!F7@p6*@6rid^|3ap@ft"%t}E(.eKxe&$8^tg#O|19{nP0j\iRQ
1 R%bDKwBNK}\x%)yQ!gUlZ#>+D8wTgjv;osxUkU$QmyJ-#E]=G4D"PaG/4Yb{DZQNhd$o:AAB;'O
1 R0q6Ef%Jz0~BqaPaglI\8Z#\7PzG\DQe<h!Y[.Qcxx-"@1Bu0,*#Apbjr]AM~\J3Hv7E{{J%MIQxuWM
1 R5NW{kl^+cMaF]-dD@,|(^.B_K(EWx,+.Z{E`%>j#'gIc/HBhm@oLg2F3:kGsIh8EL35g\2(OhDE'
1 RH7(S=oW$]@fuU&(!<ly<54Lb9T<|/Pipfp^$`7AXpBN`GUzb\u9p*eT\T+s|Z]m[hLyc|;=mw&iYud
1 RU'7uhxC]?`h#e7?QctMVahoPlE0z(+h\1:l430qQ+Zmo,H\n=.`~0`=[yz?UX9O0|92QFH
1 RUb2&qCQeu7Lqmj`is\}3_V@Auk=eJ(8~&I&v'pwl!Y~f$Owa?E|L+|GZzhya+/U
1 RZoDcowZD=OIW`-S!Bg;x#}sO0uQ6}o.Hc,yC#:%#$hZ}0H9QJSJMQ?7aO#2N
1 S$]mgA?`nTYru3#@ar$"BOC/-E[44o1frmUtI/U8b0FrBH4>VQYXO#N*vBp\`ek'$c
1 S,2m(aA}~DQLl^8\Qah~M,%fVN^MnT,BzW0#9Q!80kd7d7.PwuP_<TG->@Y-/~N*WwF
1 SB|RbN5UY_R-4MN:ycX224kId2o+)7l[r&/Um]+G=\mjD=%>;wOL,<1+M!PUQWKD\YxK7>-nyG#
1 Szowj^XBnryjAs4Lq_}}b?d+*%n)<7O+LZS(27?Q"=[q<CS>(H?*AzY.LqumaOG=%5_P
1 TdV[{L&Wa(Q@bJ"g;#x!CR(Zb*d&#E(W+]MAERw'b24B7gd,l6G%$7k\<l-VOCp<sr}|Ez
1 U1&9a7X^2@1IW?ve*#ROsZE8C$3)C($3h!AFcbN0"/=Ju>)M(da''8R11(!?uJ/3ZQo/7
1 UnQs+HpjI*-qNVGA6FPbeU6=O:w?p3l`"YTG<E2eNXq8ITX^y)[_]q|-F0fQ\m2]G!?}Fj}/
1 Uu1knFak*eG;p>nNR=.`&ibs142euB^{?SrBDZ3QeYuSXjfc]"7YsAR!)vo|=>$7wuX<k&)Q^}%Q$&5
1 V^r\TnS*M7p1^;@8JDx&dOvot1~"@g)1`6mO&AYRrJbk~=>J`7iEf`OuqOvLQ:\MP&W!>|g[{R
1 WbzCt=p81v?@ico>>"?[al%kgp"Vax*9[%vjA#$kyBGcA7<xR[UObsUJ~V;aPE5FI,L&/O,
1 Wl`5#:Q{,L6Lc7O'0ST'96MOHz.%apLiV.P&yAOjw)Qv@!8OSkU'==U~9|>5)j}^
1 Wz5`aDP`o{cZ=\^eJFpE9^bRXA+3J/R#Df|@Eg!5c}o;u9=o$.JFXwUX&cwe_
1 XL0d|RT8!-1XJONM=4Z5'%gZo-6=scGLJpKGC~yC-E7p/d>L43`:8H/BoE^cC&Jl1tO{8hsSiiiP_4
1 XV]R\>*aa2.I1C<Pa]E1S%R:3v2Tc;u<pm)N,3J)DqkTPC&2;d\nhI)zATO%l)%W}{8|]KN7TAtB
1 Xbe9@lA?^3-=We(?6WvjK7nVf@rcTn5ChCFk
1 Xg1&B"golwE2rcX!+^Y!/"GI<kPSj"KC$uIFwK6~Dt17X$Q|aF|+G^TbK?P6[zr^q<%%gSpWW
1 Y%$Y+V%vr-fv>4|N+z1^-1i7W<YUAXRyvpT"ar3T~yL=Hc'Rr!FZ+$Y!N@Mz!iB_`$C,g
1 Zi)lQ_qv&>-QOTBLDBH$5qH;xGDhnmVd2!)NHw>BPMXje+!Nug?m+{$AL
1 ZpDT$6$9$Ks!q]UHpjJv+PG0!oXMKw*@$g/'|M?<wMViE,L61v.VaT!a_XIEjld*U.0
1 [-)lU<o_Gw2/i8xL(<;<TZ)%~i;H0TIg\F.a}5$PGOy1#r\DI3y9l$=k(q47Fw}=>F~Wt=(<'<LC/)
1 [/m_C>JW%]0-~U(er#~_12V=9R_g4=@ne.i)K4zjpE2,yS,mV+M
1 [70bK^@3T|_N;L9fN`N@F\WrF\:I-5!-0kuZ.iA{
1 [lIF<P?jekH3Oh~jV',qxDCI/La:rxFNen/<YNB@TiR>llD].OO'r.O#YKVLD{6DkDzE-
1 \3?q05hJ/2<>IW48EOr+mm-|C*9x?EuzWO(#doL.<gK~YyvG
1 \EnEZoGrgQ)|<}]KrP:6|'.__r]tFPy>u%bP/D]ute/K
1 \_[KhcYWczo<]c`76"3kJASrd%"cQK?HE5r/wf!u|o2ZS-,$HY+-5w~x7"wgf7K-e>U]@U
1 \`N&%*T!DFPbI_?o0:j*jPG.F_MeW*uNiES*h)
1 \l9{f2zWHoL8a"B]*%M@d.!k$6
1 ]%u$f;M$'w;e,F;<%y+@j[J8H9A0n%zfCpj*,8.2Kb2p)LGHaRgL.L}UeZ~T^.l7ksjD<cO{NTs3g
1 ]/KuYoxB;w>Q6n6|@C,g0h{Q0;kv7o[/9A%r28OLJl8`lPji"`e-2n;8Dy.CD^p>-p3505?P=TH+
1 ]~=\}$I,ml3<&D<.%5nB)'Nf>@4+sj>k%ZH#x-Hf4Z=:~sa$CP_Kp.MIg`T[e-G
1 ^2OabM`(aOfK,wp=V8Wb!23iN8+36CYK>Q'T8:2+\0\i6i}\6>DC*o
1 ^Fu+/DN^c?Fnf!K;5=?B=[oRY;z#WF{?~p&HPm(4Hg=/$gd8?$Y[xdHl~]oq$'1$vPea>(0e+L0.Ns_
1 ^kYAQyt/`urp]bThn_}b`w7fI_sTnLdM9>miS|34r'&jhsSqSlT4~&yH~)7mnzV(:DqlB%;O+@;.N
1 ^vw,[S2t1H'Dx"=\"xhivl3i(<t$dh2CyDhUvyeB]kep)>g*7P.Tgk)7_mXPI~Q.H@hANh{QN
1 _73-<2m)*/nz+vk-!|wGoRS@S<&|QRKK%]W@n_b3nQIxb5@cL8E<&3[rN{o;
1 _U+seF7,r]RQ%e2zY/{VL5&sXE!p7EP<GdcM0Ht}RQMh6O>nwU`D%eR\+Sg[392Y8uAGXP_E"
1 _\(!`LSUpQD~LE-2x*@iK^KeZ944Xuz8R$SMOA$@-aYX'!&:*E?n>iow#$,Zx(.fEzN/<QhH3]<S]A)
1 `:#}y&>caz`*S<W@`0DZpa4!==L[MC5$_N-a!"obG56QP(-18jjCg:C%V*_>gtAG]h)x
1 `oXm]0L^(MrOGS@'3r?[04XFlQ,{cR10\%|;4dxV2'&sY_5lSTb|#;]o'h'j;Q5wU3M%2`Z]f
1 `onbh'9b`}_L]f#0@r~9PqAh2I.}]:l:*u8.
1 `vxuZu[[w(}wIp~O61^(|7eMj6~k{8QlNjPDkuY>qWPUbO%3ybUv4;_k9w64h,D5=1Fa5yD
1 a]R>_gN~\3~O6{,F>0S)W!|DJcS{9~0zv{9q~"p[5oFJ(Q,EzxgSx~2CRNFL6NQ,=H'~qQ3kt}PIsc
1 b&JU~fuef52XuK@49BTQOTb\w+c(e8&HXP8WQ.WS]$,mNe="(plVEPMWt2_Zc~=<iUr<|JntM5c75;R
1 bcb8F|<dRp]`HS[:VWy)wkGc~:dmZ;w}P`(l~y$LW)&
1 cd4j^5ys2bWbc4z=9v{n'G,"mwSNO5k4y~9rN3g_0?\sRW1jhHt+*!,wwx`HILu]e/P4AR.Qpi_
1 cx013'mE&X>bXdOsw?.Y'G)1=_>2wVE[iT'{u0Az#x][^
1 dRt5W{+boCu&<m$[#LDp(3RJ+XCjNMFN:U|,l()\J:a!B~uEf:6mM#Rqy[xJ.re/F:BrS;m.n{U
1 dp"`x'vc/9PlWRTZG|q8<^d0VF5zd)Ecx`D)mJfQg<$_9>Q%476?5H_bn:Wh-*D>v[a!
1 e-/-ZRIFO+T|c84B-~p<9U8KWA<ugL5^IgdB~]4,AGak=+
1 fMnB9ao-=GzEtqAvDlz/KLDrGM5q('@*mIK(,<4b|J(q<bhyO~D
1 fQSjSDhoGOS<![]bx^"gnymkN`&CxuwyGe!6+$&QRs(mOdjbDkKMeS9N4XqGO%B1iB
1 fi{+tDviFoT13^L<K+6~ZiSs8:w>Z1FByBf+!w/Fh|p6[XQBb#[Wk/K?c^v>n=y%^zI^sW@vGaNlWrT
1 gNB\`g89`,&3+5nBl4d&-3#@dg[4xM+z{fXvN+0IQP\[~K9l^8q'J/FIu"\*i#&*S_i(y
1 gVp1nA9`/l;oiyTOYQ?.)BTL!rC\TC8{/Zz9v4F!j<&qPs[EE5lgWB4W5qNh5e~
1 gcpV1r1q~4?!@4h~lk8*5rhVT7oa`;/I9:~J-JVG^0G}]K8d7PmK]q"M),/iFWM_pLD}1
1 g}kMZ!WO{I
1 h+^Axl0'Z0RI.}aB2.F64UkfHu$OFK#0U{jhh5oCE\'RZgsk1T<}{>?lc'DN$H6^k}>L
1 h2h{6!pOj%ta{r3=gJUA.@X(AhgX3~1?83;g3F78JG4`:F|<olw
1 hWCH2`?;x@(RMwp0Uo&iO~trA>j2%ps(bQis2C0FbQw0d$@:r_>C^3P:j;f*Ft1*G
1 hyTh{;#jHNF_H.!Pz6&%m|@$'UJcI7m3Hxp^NrI1\o+?8+*3AIQIF-ffaLKE|SWFMH
1 i!SVAUt}PfP;Ae4k`pSue%jT7)$tfa=ja,A>`7<K8k!rl4_M?3C%7HXhPv]QX6VTAwq"I.f`5fm"yM
1 jP3Z~MX\A5B+lYeY|D_Ez?aEHGx0_nyj(fws6}a&,SxWwzynY`U{+9Am_:|ZCvEJxWXIU;O
1 jk}JSH-[yCyRH?>W%nG8Oo%AUZC;ImjNshxbK&>EHR2,pO|t?^G)Nec?@AY%IDR>-
1 jx9pQAewQS1a9pu}@/-K7O4d/fzm|~Fg&rHQl*c>\t~t!0D*:?T's`TUvXSs"75Lp!?ITm)@T
1 kWXEc3sVRUpP`<1@;tzz'olh"$(Q<(W`c7#BI2w7f%fa@2<t(7oHB\K]yS0Pt"1r8
1 kgGf$ttx$*j65B^>{E?krR$Pn"X?tzj`}MG<B<5E_~Zt[TMrxT"?!S]MMbl@zuX~yMHH6=N_5a
1 kltqEPT@1f$FNHo_lynVw:b5Qcmp2QGj^$8|irooKj`1gW
1 kuqV0CSQPMKDE@%uU\ksYV=|N3-OAWNGgZ83|&cNVvDufqs{">5VTGhtPcDSSH{R7z#)cYA{{2
1 l,i"0m[AzgX}Y_B6yKdfi0)\g}zw/D1s@}+Njs(
1 l7Rz$)PAMWbwQ&Bx;y6zHX1UZ*Ocpre=j8cY0is8DW=-(EhO-?QP'}jdj-oYJ;N0rpCr>iyK
1 m5~M.mWxUgBuN&@zF<u:)0dbdqT)Yarsg}D5qmtOU&Gajld}QpVM!jtR+$8@nS|`$k\ha!(QK
1 n$%"\|_f|BIEJUXEc/2&&SW_iZoV!&2y0S
1 n,/aYO5.MtmQ(8`<24,/Y:)J^$wDSp=B8L$p6S~bH(4iY0@'CL57!W`xtYWHdtj{"
1 nb^/Yw1>/NO]Vm=f>P?K41>w4mP#ZAYI%RqwK#Psk:kBC)D`r|,'/I9B*8K<-%>mpyTBI
1 nyjtdYSr7zc9yZHRKy~4<9c)h'U%9A7WL<p!E"rWBMub1U()zVo5N
1 oX>HEMB3z|IV(EFi9_Z4~lU\0&nBcbASU_6z-qHBop3v6Xzi9U|R\l/lq9IU
1 od#ow!"_T*wt2%E;j4*"CWrJwW|)L#];$//kUw$bD%*I4J/=G40<
1 r!=O'B.@Yg}K[XPFBre!|OeaiE|}e~pX~.BAjP`DRxnHkZm.g
1 r=/tAa*r;o9)ePn?+p[2E_M5h(<@uU'h-O]<3nvBS'hu!FA;>=/7tdkH{P(8iP\8
1 rcb\(yVn)%{^X^jv?mT%\{7wCpyE7+FDmD;0>,}`0y@$rEy23NQne##C.7g^AH#
1 s!;#[/D{:hIM\G;ouf5M>!r-$|<&[XAiru'h&JdYMH'+nB5!Cz![By!hUiC=?nIw851
1 s4H8VpM:Gho#<|zm~Wax|u:'U-5u2]T&,|Wa)&7P)'lD%#L$Y/8p?Q2swGi*?Y
1 s<=Npq!8eG#K>5j9%}:"<,a`2gb1fb55P1@).,KdzTPS_U(pI\-
1 sI2;)H-7-dbZwD/J'>ku|ds@%XG5Mug\Yx2a[>x$>[]P:l5AE!QB~F{$}C8fT~].4no*H$-e^j6
1 s\9cp}s`c,l~EGMOp1X"Tw]ZpM?$OS!^JS\Ust*T};g_CZD=`)hpu;qUdD7ON'AljWnxM4MeN5
1 s{*y8f4P^F6q8L]5&M~|Xy'lH6>&v$[k;e>!#a9Q>/O-QJZ=HP/YN~_FDjeE[:u_\4_^04Jh
1 ta*A6fR{UAvhO>-:t:;_({=P)6}B1{#GRJwxeu#.0$"<B)&[ph:HS/B;P1B44h#*&,
1 uF.)aT.0u[_0ng]1_{(A]h$;Fca,2R,(4:Kt)X}rUFV9+{L2c
1 uqoZvHL_2l4#C!1xSr\9mi[o.awac"ws.gO%06~B=3D_3ns"aP:i;0YbpREnm=c6%M:4bSU!fx
1 u{;%>31E%&4#%wPVW83F`lt}63z}082]s"x'Fc`)':MX2RFO\C_\&HUUuPT&#ebQ
1 v3e1=XY$U8k07z.X_FO?[i7?TC0'W_3hq3xIt)/w}NDpe7tHP7o}@xf{z#GRF>v1cK*g,J+]5GttS`
1 v3p<u3X,S,]@YeTwU<3_EEsR&Jw4J>&Akuwa*j)vue7ie&a;[/z!n*m/m!B9>HYD
1 vUf7XHLKBi8!qof+0ip-&hBi82*,P/"r?-lg@sz^O{^[(E!QJpxis;n,M3R|AS+`_
1 w'=7,!WANdNo]uS!N"/7>#S1gn8PmlVe..79I)s2m\#KSoe<p/mI1[s3K-}9xn9'|OY`WNq_E/+w},O
1 wEJ#7[x012!?5x?gVK`<;sHX3m@iC4}UXbW*>PTN|T(2g`x>GZZah=T7,s
1 wWAkYE(@x\4D7}o<SNh=?^E`B4X1.26@hV,]{N|0EKSuc]3R,znes4BQhe#Q
1 x'z(n:v=M#I`b]dma|a24Sz*$gvuY&M}`H@P|8(dTkE8I*&E'"WTTR^qUog/16GpwgAt:cZ)i:@M
1 xMzO^@VfqMBZJ2*!-,vT]e"3dig;CrTS\`.KBIhDj40ask#x$|^4|_
1 xU#Ka,#35ouR7;FBatGXs|cr=&D~l1x
1 yR?)`YxrnU\&gzw:Abe@3m6Kc@+VFUTe,|s8IlFS]=X_RQxYR3$
1 y]dC.CPC']g.E2@h=B#o$Y'%d0A4!isyasWn7BLW:Od^`?a8zdB9XH>Wr^krby(Dm^M@
1 z#AI(9[6q#!uY)4M{>T/YP|tb~$FVrvQt857ko<O${P!SJi
1 zlN;Em=dCRC\?zK7`[=@jx>+shcUT?OPF|&k&]Pb0/6g(0l1!ZmXa)PV=Lu`OK#21\o.],7
1 zsAxZA%*8ZEcm.y".eT|rV(?F!`m3Y?H-wX4Xg;)~\G16gJ0EWh:8=a.
1 {w7xX{+`921v@a{%xae>u#'1C3&:Bc.*X^L1Zp,r$<%C9!G2aGiYB{*#oU&QcnA0?Mc\$W&Zjp~zGJ
1 |\<o|9m<T<uP6X)`b7P(jH4H\ef~`[#w8>hOqpk`fsTk}~8AX6-9sKWTBn"&;\PFKUTb)n,O>(i
1 }<!@UTy@9ymm'vsf-uvPbBZk`a+\!4<:O<s%om^D~IF#+T9.19}k>/#"x0k!?\]jksb
1 }ID)QLPN*Yg=3GNH}|i;aY"+0$o0]i`u3@:I_</]^C`~A>!D6d#ipX|/;eyt0|RIMuq-M!%,Ce,c$F
1 ~6#+tG)&\w};ccqf}K],8[?1hAj4baFt2H;,fh6c"lx\C\4Vou?Hd{^D@iU<^%B5VF`rH
1 ~J!O,;G~.0_YE?<6`1YAtX(e(z85,sp+?,YJF;cSd]G*8bZw.NS#'ZgHo~\z3@l|jE{}t8t8oR
1 ~O~/>fkN`#U"y>%5}h2D5}j<2%"(-ZGFDFTaGZJ(\~DqWH'oK8O_7:7HX8id-KFj
1 ~v-J4@ax;SW*6=b@-2t/
1 ~xw!g.'6P76n|Xsl8w=&84r[CO0MAMBZFUZHb`^32s</fJOyn,Hs'5"
2 !7[-\8Z+BjqOraD=o5nSD5`!wsXhELz_bp'Y)`ddeVNYR.u\Qz-@4'{wW5pUFOP?NS<,JO8g_m
2 !Jb4E.JKR<2_pu6V%=ogag6!\P~wx=y5f\HFi-p<c=7TNfFR%P:!Ri;/;TBNpVbq3E87R
2 !lA[B"`cl9=D9AY}U;Cl69T.)9FX.!r/)gFb1/'q;X@-X:#uMvd@![|?Sr+D[{duc+X/
2 #W^'z$q_RIfdg(G$FaOQVLN6,mmu<4R>jK^!iPy<5`!{#b:HD%56jbKujSkA"X^k%='m);*=6ES
2 $_GESoc&auP~`^jzJG>m&K4>)?R\{X{v7D)c61Z<Ca!W5\8[[Ux*b
2 'B:T?dkz5->CgB/St3}7\[0Td0S3xMUhrS#MS*b#6"E8]SjSehi\_?V^8=>pe0,<X<x?xM#
2 (N;i[Mi<X`h[&9}WJqVAG=q:~Y!A]8(deBO\*S3b4zXS4V+wbEpjm-JMi[RB#i\c)nSKk}~&L6M5
2 )aZb5-/Z>xIJD;{NoWfsi"oM?~to0Gbbw=_GIn""geKG!b0o:u}>v*j7CyAl\$OTZJ6>98?;8&
2 *?|)m!4<Xg,m7(>'SR+bch?7H\HoL=Xo[UwIUFdHH+P_3n!eA,c?s#oV
2 *ju^H|szk<$?buL|it&8xi#x3tLvE88i#.HdEW_1.cO+s7)n@x3]""R]8+pQfC@]bzo%92nYji
2 *zR,]3POod7l9k$gR6Ueyzrzrz,(?"NH{!msM?]W>0DW6G?$\/[6_CHfy!u$12
2 +[s\*rF0q+o(/B]p(WZn}}JMR^MAnH@5$5pH(QqtK=DmJ=ha#-|X)3C:Ignm]N
2 ,H1@3M9_\dV#7nk:{N9\@xlNvWXjmzc4^/S,['j9&AU=0ApG**$J#+34a&~i"|}_
2 ."+LUx(.w]${>u9${^~Aos@WdGF3ZD;kjGD:UbGL@Jb^Az{WZz3doR<T4{fm@<sF|8_S5A:Uj|
2 .xwYFh'x+th3|_2%Y^79vHvNWu}O4/Y[)k5NnUaxJdGbDr"8Q8PU"^jAJHxv"2K?Vm5:+1
2 1Rb!IzaP>sBKT&79e]a=6p,2jW<,VC
2 3R%*gi$7]8_FWzRx\OX@DZ&llhXIPCQb0o(vs+IQ\)2N?cGz4;U5J1`Rr
2 3qC1R./{Q:\W3uW'Sxs)`xin.MO99[<KM^v;l&7XY2B8J<<U8\['GMQDB\-J[b3l%}5C~B
2 5)rp/ajJhyG~Dnf2SqZEwjj._?dz`g+^J)thW"^7%wcw!pk)c#J~82+2Pn-KV8*;@}$3~aI>t
2 5=D3?e2y?~h3sp<?=\\y>)$R74on%f#S$FeBFwV~2?LAJg_g^V{{_!OuNY~l@"@]aA:CSoBd/*&rp
2 5I71/_jNYRlR\s9cZf5}|v=aVYpXs~9)bP:p0?YhqFVhU*g0o{.)sJid>[>2ZV:='mHP.<T:aE#Q
2 5Z?r'x>iPv`P;b#&p]J)!gVC+]F>1hiECCSI=,3l$r>>oZ]`RB%l*t05RUR}?WC{y;6sKmCv{h:CNf
2 5czF0!16CW)\qzLS0$Ly,!K#*3{\kny<lt{70.gXJJgUS;A[1eS+M]V?)rl=lyR-4-;_|TSG9U7k,qa
2 6h<mKXaem;^_LDFtF/P)6G,=\h2>-IFo4p
2 9)BAkND+6|/3>-Jj)JEof[/Qry}uy?Goy$K"kn,#(T5E{xJ?C*/DdWtqk.#eLIpaM<|9,C
2 97VKrL<DzDb{:i])a=FaJE}wEx&|UPkmfCSsn*RiM5e#9]+yzP[_0trT)3l]bXeczSX
2 :1s^}4*1i5i[?Y*6b9e~N{c9:cUJU/\n?PhX}qhgAl^y`#JC;0]iFA=z%rEY<"ctQLMiXPRy=1
2 <!kcaY@@v%.[3RyMB{>5XQvQ"SY~V|Wq|Dpx81:/5aib5dJpzg@SS8@ojxnA1`NI??\VO1e}
2 >kJg1WEbk.HpxilTM3?!oX,5{c,!D!n#qwS9o]A/1K?Uq?a%kRJVfG5)Jr=~--4n*V/G+4VysEl}
2 @4:gdhW;SB%m+K251ZSRPg-S3%-k=`q@uM7wo<vD]zL#G]7Ab!sw+%C_f=e`&X@&'OZ1@
2 @>)-Fsh1>Y2v0\GD<@79YT2W"p+d4YnN/q0S{blofDGsY7Z8o2E\IpNJasItgR^v_md[PQfQ0H`
2 BXXL"M-P=[<{VO/-ynssT#hhW%li+E[yfg`gOmR'c*#:XKal:U`)qdqdhxN9pg8YIIy4
2 BYr!-(`45_&n]_g2Jm.7Rn'CD.dafO>V&%P1=xn`I2J3s;0Wty-v9v\vx/pwcSM3>XR
2 C<&*oDr5.UDq.;1~[Utc`HVSj&u_|gUZ$tc.9|#D-Z0I,jSh/\'xd<E_>+I+O*
2 CWR5i(ioW{Jpd=M&ln0Yb0M`SG@O@Da`vRJ3e;Y*W__Uak4>ljAXLc[zb+s=hU}z
2 D=BP4+v<r&s$W_&2%[VG&=HGYp^#hK4-#U\6_nklsyoeYt3]P$&oZg75r0Q[td$2:yG4h3!w.owf~+_
2 D?u[7-^<gD;K/&fg)Q$rdwmL6'`o!tV$modqN?WYeeecUw9MoyRYcy`r
2 E'zNB>/5Zb%#6mCRb]HTa;P4]N/KW/jrO5lC{%Yw:cw<PVz/pI|
2 EnD'l"Q&"go*3gzN5%YD);zU5l<r&L(dVejC"=b#?l-RU(;iF0H
2 Fs')|G!`49Yg9:`LftI@@wR-u{;e/",NU0,|<)aAY^kCU8!iU;d=/+A
2 F{\gp>FxS.A\n|r:IS3$f;dquJgblN8Md/PoLui:$E+vJFnLd!89J.*@!bms{*1
2 H<SU]:%)>#@3eTG.[;~\T7u%5f!m<Y"3D+o0cjst^4QAz-8X6:1aSyhIJ"}qO:.C]rn
2 H|M%t'^-jv"tfA2QQzzd}Guj9I`ywY~@Vf_K)>WO]e,-y/D2c%vq1gh-lbMun(H^iLXSQ2uv}nT/?%l
2 KGJ$3kf5b>"p%ZnbQ.kmB+fXSELE~]4K?xNQ~Ofamgm-\\n.%ZzG!{~m[e4[]aA{ZnMZYL
2 L#["-s*-D3ei>[6c;bw$iN]_%cb1N[xy]T6iH?u$OdME"TS_CqXrQ
2 LNR*NEdP(tgOf}z\hx|p3v{.eRDy/JPuw$~GH}KNj?s+4qqhUkW*^
2 M>+nrVX2/B<YX-b@\f"ofQLa@H@*Wu8\6,2zi5lI](*{?L>XG?b.+/ndpI*HYA&*[$?yOQKo&G`03F.
2 NJUEe_h&HJ6I5-<:2g=-_](=#M#~^,aGp8kV2nus9,WM8sfc[?p;73W9`s9Y:5"+f(zxv
2 O,&T_.8BGFd#cy$*p|g,&1\mU5\o%,DCejm0b6\{+_ErLn5gadLcGNo[c;X
2 OB?\L5H~6+HU'Z|U/-:u~z/lf^V-^?0H`N%.|fG3p*#2c!g--<=,Qf3S_%yXC*!>q?en&."1Q$BP>
2 P'QIcx2;$@z\~I'3dQuj[<^)d\mxn9)/+VYGO3hu#KGYsM'r:{]t9V9|3A1=Z9e~+@FYR
2 P5$-v'AQr4sZRn}5bjz]w1Ijl(BXHf\\cLi0YUxj{o1T'QTuXE9aSv9[9t4`[+WYWAhK
2 Q&fro:w1n5[J@#nJ@9LJKzGPy1k2Ie=6j>)Zr!'aPaGo}6T>h"g47/}KZ&\
2 Q<=Fmt[+KYwWd^;gv_7/!)RC-;[A15W{QsBYh}^`~!K<w[^$pN^I
2 QQ5LX+S(wPvvkXyNu?J*SO0
2 RW#Q7mK{8{SO[t,@>GKC#A\7pxmow1ud#369!`OS\$#R3/.kUr/q4kC&~10v[@u
2 Rf5=`tmlG:Ju@v1Wi+^VS/0r'MN-gN-TP[-1jy8M4a]msmF]x?OfMxYmF(5Ip\|A2o3~8|2ltrfxPx
2 THcfQwa[S8'w%1(U(;{y+;#`pLUB}skw\&LnuY{@`lSU8t+Z0AT
2 U#j@F1rS\>6m/YUo"7B$|OO7%Op%>O9sQ%N35[eq47y\+iMF;ncS?Mi]|Z{;D6_
2 V7KuPc')~y+ym<{5\kgff^B6|>voOhSwS]i(&2?9qi"+gXQo_pv(g4o%t]L%Z@0(.\L
2 W@2^uAaZE.9?Q"0b7t@/z&~$]fGsRU<*tMh'nd`4.4l^P{\fp{0l</+y0R)aBE'Q-*W6mSczfQtQMk
2 WWuMtlon>)K76(f6_uJ(7AbXhc1k\nr5F${U,'_c/+y^Mzs><o"Nv\u{B
2 X2_hhz@+xi]XcWXG"g}n$o9QB{N$"\z
2 XAWhnW:,qR4qLJUp;`)M&g>zH$vnWHt0$f4-?MR1QbKdojFyn0l5oE`q]D)~gsrB*(Fk(?MX#3=-8c
2 Xr!ut)4Yg]?w7A$X.F0jr#*V3@;Zc/l<#(32J`&2X^Do!Gb.)qwz/<lBu(7Z6$uREC
2 YI`k!8_;JR7uNkt\Eu]#pp$7@rae,|GPF;T=.-/"L0$EjSpl_mbTPN=/iu{pDL=CWn:
2 ZV_Le~ks!|{Q_i79r(-~6WtWC=t7%O&a[8&~>KIrEepjcLt[H`5QC&DeC9|a#=^]U}
2 [3#+6)R2s\3)YT'"a6QV,pSOF$VIeigQ>3C|2}/=Z[ENJfj-{<|B.PpSma7ne}@$Kb<wzJ5o@s>i
2 [Us6+rh1^M\Qzn,I@eJI<[>)`aWS!kB[APpeCs1=BlmW\y!{yd_6[|X<^1ny7KUW{GWG~(GfH_p*W
2 \&Fq+77<\2nh:_.fF~%}n0zz4O-\$fmz'4(1e?fB9[lGl|_Mdn;2~=paEt,xLSYUSq,wK|=u
2 ^!s'8sSaPrs(#BH#+p51Fd$&:8t="Y#zs2",&U(Ub{]eX@#b17@O%{`ruq
2 ^}?DAX/zoTwW@:ob2yFA5Bo<hinG!,E^Ed=eWK{b:s:Y.*<Z>{6l>')'owg+$.$H-@Ic&'T;ZU(T>ba
2 _g{RLvt,&xs5\^AM1"OAERZI9OJgm-nM/j;Ou@Uq/S\BZ0"=Qq\{?\).CZAJ&D%p-/@#Nt0vb'T=6UZ
2 `7_Dz^k/%EI"8?p-j%tR5Z$K\?Y9S@;L/:P><uZwF,&GUewh+;+{tC50Q5Q9T
2 aEiD{f{5T/|u6g?w/Dt)JB%(9gOSl+5gA\S|4-ai$.l1+(CSe9[1Z_R.G<`4F16f(icUu_?4lG_2
2 b;w)(~*bB|{&ALd|A74)E4`>"(ndFRnC("t[jO-kDLm56e_!4t8;-jAGxGJ~;1Uo^>Ll)_Q
2 c/~8jAt@GDwGjAS`/7'][ZtY-*{SC(cB6bY;>N[~-SF3/5r=K45B)Ez{yfuF8J8
2 dRP[E"9xnvkV%K]KB}a]Aq'z^(j$<KU;|&1]5C<[9`b,-|FbT-rpMR]^'h5p/&q,L#)z__WwZ:$
2 dV0[\"_)x+dv'\83|Mq?8tZ|J0ziAXF&IUz'pZ/i!.z'%M:#y,AM;7J~F_h"R/A{~<#+2K02r+8vrkx
2 de4:-)'`6gu*Q1n*?(%a?mznM_#%D+eC:4|FiW33/~qZ.<TSTbi0T;Q<ymZ>wZ`Ln]rrO@@wY2R#M
2 e8?I]5OO`E}PYnmRQmWW*e,HtHV&4|@4Oxv-HF\)kZrEdz26ihm.N4U^[,ArfLad(K%aBMM7P
2 eZee1A"f07Q"nQqfTMkOeH4rU&9yg-tM"e'u${&+[SZBYL|]
2 gw6+$|T'5'6i-.;7$IPEM]V!-=J4o++W#Z|AXQG(q]p~&-P)U!M>w>>%ugSe.wW0RTjEA3L3ee"RL=9
2 g{RL)DqjpK)^g:Cz7sZ7)PUa!$%;Ux/=t`h}&th1Z,nB`MX2A
2 hZ(Gy5)v@MP{RR<,X"i`%NrC4(;(8%x"x<b/Pj&+9VAjC\16^yu|chA2,u:CyM^shB#S-B]_w9
2 hwvR=Az),Wd,>837O%=4Mb\]~Tg$V($Y:5FpoBy{4xBQ1T$_X
2 h|SG.nq-g=Uh)pur"S5%M(w2Z{:mH[b2sQr"Z~HB=8FEC<RE+gIW*[$}XWk;4hL
2 i`Y")a0lKsEA2Vz$,RDxyt'6c@3)]}pa_Jb#,q+W"iw3Aow#'*j6fR{5)E@~lsh1pWO/
2 jAp]2LjP'CGX}!XoGy=wi(:7\*M_9YW
2 k`+(R}Vs6aA\IH,0WYC/$],4T\VM<IE(*PI[h!j}{FtFm!UEt3mwo4FDp{,-EkON(B"*F@"z
2 k`Znq6zzWuH0($\jg?#HVX-)cj$FX_,DZf3f{Hbm>+}yazz&iP49qflN7)T|#LPsA7!%F&n<
2 kne#[Xv!+*@gGu"j\X&%1$z]&zC+,e|2ngaXEYn)d-,UT;Ao+<s[^XM0b|/Nc>;}@7V!o
2 l07_wiSxgI8X}hko#f};ZRO+)#YN]C4CRP8=ecno.>D@jPl67N#36RHp9<n"{c~@?cP.Y-0
2 lD~5FAyYO"(jo*oN9$^<D+`#6Jd7x)k]z:;0MK4Mtdg)au]FxGC(b4!ev9\A`&>J2
2 ltxp90W5^,][<r]Zab1s6XRe=KVJji}q^2b2A1#rs-cI`xAC!>\#]zqmcEb")!
2 m(MS\$66h6x&0s=Owl?`FVp]\H5M8\i@}7.ZTD+>s$]?25)*"
2 nm4\afQ1%j^6yHznBKZV{~Sf51^Esd0(NW(/z[vq9;({W14?/|/+7{-fH&,<iUD8-KaBBXNZrVpdf%>
2 o4(I}Kplm[v9;MK,yxeDzxP43n(k2q^='fe?LpG:M>R#&9.!2rD-(t[:
2 o>O(O0vgTiT1H6#DJcDB[(LN&T1Sf
2 o`k^:erBAm;Mjas5b_pQq4.<HrK1V"}cO=YVlIffk!659T+%#w-D184PKh;KQT/<,g-wK/^QI
2 q<KOuz*hlQzl5@X#y>7p~_4i,D?><=9Hsdviy;l"'hm<)`X=9Bl+{IY(~]
2 qg0CN]}5)=-~G?(!E&'Nk?3Vpt).f(rr*=6rz4(>PO=2mE3NJS76qc'RPb7
2 toI|HT#i(coBEWRDQ5`4GDf^Mar"T2EI"m`cBbMIF>''0rJ`CE/ihtHPqVQFg1*$}%fZ"5?G
2 u1"[8QJ56Q-HFnVE=z[s8lTTV7Lf7)WG9r$PEM~Z~-=_6/%S*_G[g60XLv?|~uDSia>/0>$Id[)yi-
2 u9bkeWGK)fZdKORocVaUv|[r6!oc4ec+}F1~9WJAX&@%T./Rco(Z)bgX}r=2X!<qaLp
2 u`jTIiMtXyHuRku{\;]cMI-/0Y0iF[@VV,E:0q/hW5k9D[y(Wk>8M:;=M+tr|B4,s,pbs;>aB
2 v"Y*;81q'S^76j*;M4<*57[2RoD)l5qj!+u+O;Vab2w(PuYvKH=`yw
2 wE?3J=0oLUwgEW\rETbYyBd1g,VSZ?*+
2 yN](.0H\L1{{QII0<-MkP`E7H]l"qoT'7(][^HOS1Gch2C+~F-U5mCD9V>
2 ynH;5&([pX9xzxw|?y/Nm@TGCw0#AI0@-@WKdb/B.-8'&,.~n{X)IuSw']5GA^gM9Y3}YQW^Al^q-\U
2 z&MK},R:q}n#)@f:-#F@pn%=O3Ws3q)Hvor16`J(xSE<rFU:bztT&x,TGbbsUj=ftJv,+\M>0-Y
2 {3zv5nz[^k-5>3Z.(OO:kl'qmLD.]e;tx6'.?#h})0M`\(m~WWS]EYPM&/t|s1ql`45!P9
2 {{wY%b3U!)+p~'_1$Q/w`Y1"[bmQx&70<IiA,71GZ;8YBv%_b3rDl$Ebf`w<
2 ~;q/ql?|Hwz30Mvp4PPoBl:G@v;%7:'7o4_a!:xb2ttB\kMoV}zw&5Y`Fs~\/Ar}TSynl.Q}
3 #7DZbo)BD~?8'x"-(hEgrm\ypuatVY#ro`MmPpJ/+$G1{bW$K7&X%altqN&HB(;3##;S.da8gCb
3 %oHxKU*yIYS+i48:%3sZkI.2X^:/=1h/Tyr]qz!zAl_X~p{c<?3)#
3 %~I<FI{Y{o;US7ATN;n3l@*<G93kIpqM+UhP}~+yn_OBu,1^F!qNZ6i"h{m2(BE+8ogBx#CE0
3 (d9vEy~\cjqV855wptUu/GO@$q,'8\EgMH~R]S:Um#ZjCP]cn;vf8~[.O$L+'$|\(]$ZMWyrtTw8%
3 +5qlxO]gZCM_>Ri2gHfWKs{M<[voP#
3 +D_tBcj"\O=,nJ],B6/gL?IiI3i~alw'KW{mUfn2QGWZ,PeNe06M3JNx+$xhd`2R3)*
3 0wlcf>}tnnteJqsz&|+Q>Iz4BNhqvEu'=c%?">4+-)+p6}(;z2lS[gf8POEGt;gL}(
3 1:3ChmCt#Y+^}sFDJ6B|no"Ll[IB:xpKMPzcet7\6)b:Clg.LT#10)'SC5Oq<)*a}4>
3 21oojFp]/38XEBrkMjAF&d2fQ(Kr)`.*U0)Cr%t8Qh3>PZq;xg@4y[uVxAJ"=q,q"NOs
3 4Y\/W(L-&aK2q!DSmD22axnVrFK52;$_t_mfg:rl7X9Csvua<(r8;{n/\T]m+ag:AU!C+/JA"cctZs
3 4bzX`n7y4`0FXs=]L$Ksf=4Sq'nqf|5y`JR[T%U#d~IW.!6s$`g%|zW*<`
3 8`Fn96dmH.]m-@Q8p1d_1d;VHYeeI<yPr=\a0Qh\NB5y3tl?HeY~=M/p:3Q(6wrC6i%_;mW$
3 :G.{8^F-h&T(W`U(!uf\U_ixf<7"$XC>~PTQ0y^w:M!-.oNH!5%p/*%tE<uHs:!s%TE4h>G>ja
3 ;guvU~OL4ib.iB]EZ7zSajMw6$iLd['~C7236`^cdA,h}i.X!*,{/YGNbj]Lq)2
3 A/+%e(e(/gN\[!%|S$b8j2&Aj29g/y>jCHn)PnJ^VwV34ZJ"x-9}>YY)j
3 Dm{Kg~cd&~d^]\NTcmE^sb@BlVD>pC/O1Ey3^wvc2vCoS,^Ry?1m<PJ)An`LLnzv4u*.)<
3 F@J\u'JR:roNpfSvgQBr;-RaB;/xrmU9H!u?A@puMzDY{2Pdb-q89^xtxBmk0D&X
3 Kv*-4p`4]BeI
3 M.{Y^KcK|nbUi&]|qP,<~?"26i2$BhEn2[Ho(FU?58s:WkQJ<\!U6<"eA4ib7IQH&5RGZ(!+Zs
3 OV:z9E[*ak(!-R=2hBFfyP=E:KH'o[4Y2gTe.J*n7L*]}G*"$P
3 P4);QY-}7!7C_{|!:RDkY*<A*[Zaq\:=L|p@W|Xm8nKwjIw%6W,n`G1i>&f0a;f.8WgnoAvo`sOip
3 QK!pfqH"&BinTA{T#Wx&KxSj`hjJ,dDTj|<R^o'Ogy(TFu1_@kas+MaP-\2WBo,-(ayfQ!PS5q)*Z
3 UI/,ji}sJu#:PW1%K55m8sVH)g+I$mOr8w:=b82-HNGw&q8P'L?XZt!|vEG641Ce)\=&0NMW
3 W\Q>k7D|:`5|nX]De\X2lq$(rs|*#;DZ21+jayEy/v<%/G?N|:UDs,lCMZ_ZNG4J!>6
3 [b7k0WfT4)zK-f.P!Do0<B5FLMrw]+}Tl6@8(Ak;If!Uh.'hk1x(l.M9u@2mdJBk_#eF*d"g`9#9uK
3 \6;~'Qaro1bSSy(k36?83A@8P+,,v-c?}d=2Gkf:`l
3 jsxTZvOQzbik1`gX`U7t}`FsXc/:F-LK;E!0Wi{RMe>w`APBufQ/G2$:tLTV
3 o8BS0j6:6nNpM1A<A6SaT(ukNJK[Xg!c~\7IGLcw;2h$CD?}sq_IxoOHU5>.{>,{yB_A*CS^UVa3z!
3 qU4O34Gu!lM<^kFW&DlKgd6r&$B
3 wo@3aVE52bRG#Zy?7=?eX^$z0?e9%QK8[&d>uDl)(@OD5IbK"#KYzOT+)T^.&DEaI*:@N'Hu08D@
3 |iQ5qL)D@HbY}+XIK|DhZ~tFI\ql'5mxji%-h"UnU2F%!6VaK\`o~"6cwBj}qX2\CPh,QPIt3vx
3 ~me2bzl+L\Uw#rOJ-m3<qXO(8pL-M(Nft43WI!a1v7)xEWL)6w-d@,cL~[(%x"GE9~+Y;F
4 -\7_x8n`%p`{a*`K#LU6QEA/]RATwD7Cft>Lx4P,W^`#pANsl8l[oeI4
4 4EH>MvNnce[xhdIDL<'^lF;!{OQv3*<`Nc~6uM%sMzZSN6XOv0O1uR?s5XJgyMLWeY
4 Jl?#rq6"yuy}!BeOt}+1JqoAGv`wiU'4BE6OQePKvdcv'JF6HjF-vPM?aI7K
4 fiA*H[4_A=gns$x6zlzj0?ySqe~?.u)s`J|C&K>`h&O\Cb-XO(Cya=MS#Lq0\6?=y
4 ~o,#y-8BXzWx+rPX}\XP]:SCqg.2>*iu'C+@Fkj0GY6\0l7V@;F.;ktN]SNG%Cs
