0
0
0
0
0
0
0
0
0
0
0
0
0
0
0
0
0
0
0
0
1
0
0
1
0
0
0
0
0
0
0
0
1
0
0
1
0
0
0
0
0
0
0
1
1
1
0
0
0
1
0
0
1
1
0
0
0
1
0
1
0
1
0
1
1
0
0
0
1
1
0
0
0
0
1
0
1
1
0
0
0
1
0
0
0
0
1
1
1
0
1
0
0
0
0
0
0
1
0
1
1
1
1
0
0
1
0
0
1
1
0
0
1
0
1
1
0
0
0
0
1
0
0
0
1
0
0
0
1
0
0
1
1
0
1
0
1
1
0
0
0
0
1
0
1
0
1
0
1
1
0
1
1
0
1
1
1
1
1
0
0
1
1
1
0
0
0
1
1
1
0
1
1
1
1
1
1
1
0
1
1
0
1
0
1
1
0
1
1
1
1
1
1
1
0
0
1
0
1
1
1
0
0
1
1
1
1
1
1
1
1
1
0
1
1
1
1
0
1
1
1
0
1
1
0
1
1
1
1
1
0
1
0
1
1
1
1
0
1
1
0
1
1
1
0
1
1
1
0
1
1
1
1
1
1
1
1
1
1
1
0
1
0
1
1
1
1
1
1
1
1
1
1
1
0
1
1
1
0
1
1
1
0
1
1
1
1
1
1
1
1
1
0
0
1
1
1
0
1
1
0
1
1
1
1
0
1
0
1
0
1
0
0
1
1
1
1
1
1
1
1
1
1
1
0
1
0
1
0
1
1
1
1
1
1
1
1
0
1
1
1
1
0
1
1
1
1
1
1
1
1
1
1
1
1
1
1
1
1
0
1
1
0
1
1
1
1
1
1
1
1
0
1
1
1
1
1
1
1
1
1
1
1
1
1
1
1
1
1
1
1
1
1
1
1
1
1
1
0
1
1
1
1
1
1
1
1
1
1
1
1
1
1
0
1
1
1
1
1
1
1
1
1
1
1
1
1
1
0
1
1
1
1
1
1
1
1
1
1
1
1
0
1
1
1
1
1
1
1
0
1
1
1
1
1
1
1
1
1
1
1
1
1
1
1
1
1
1
1
1
1
0
1
0
1
1
1
1
1
1
1
1
1
1
1
1
1
1
1
1
1
1
0
1
1
1
1
1
1
1
1
1
1
1
1
1
1
1
1
1
1
1
1
1
1
1
1
1
0
1
1
1
1
1
1
1
1
1
1
0
1
1
1
1
1
1
1
1
0
1
1
1
1
1
1
1
1
1
1
1
1
1
1
1
1
1
1
1
1
1
1
1
1
1
0
1
1
1
1
1
1
1
1
1
1
1
1
1
1
1
1
1
1
1
1
1
1
1
1
1
1
1
1
1
1
1
1
1
1
1
1
1
1
1
1
1
1
1
1
1
1
1
1
1
1
1
1
1
1
1
1
0
1
1
1
1
1
1
1
1
1
1
1
1
1
1
1
1
1
1
1
1
1
1
1
1
1
1
1
1
1
1
1
1
1
1
1
1
1
1
1
1
1
1
1
1
1
1
1
1
1
1
1
1
1
1
1
1
1
1
1
1
1
1
1
1
1
1
1
1
1
0
1
1
1
1
1
1
1
1
1
1
1
1
1
1
1
1
1
1
1
1
1
1
1
1
1
1
1
1
1
1
1
1
1
1
1
1
1
1
1
1
1
1
1
1
1
1
1
1
1
1
1
1
1
1
1
1
1
1
1
1
1
1
1
1
1
1
1
1
1
1
1
1
1
1
1
1
1
1
1
1
1
1
1
1
1
1
1
1
1
1
1
1
1
1
1
1
1
1
1
1
1
1
1
1
1
1
1
1
1
1
1
1
1
1
1
1
1
1
1
1
1
1
1
1
1
1
1
1
1
1
1
1
1
1
1
1
1
1
1
1
1
1
1
1
1
1
1
1
1
1
1
1
1
1
1
1
1
1
1
1
1
1
1
1
1
1
1
1
1
1
1
1
1
1
1
1
1
1
1
1
1
1
1
1
1
1
1
1
1
1
1
1
1
1
1
1
1
1
1
1
1
1
1
1
1
1
1
1
1
1
1
1
1
1
1
1
1
1
1
1
1
1
1
1
1
1
1
1
1
1
1
1
1
1
1
1
1
1
1
1
1
1
1
1
1
1
1
1
1
1
1
1
1
1
1
1
1
1
1
1
1
1
1
1
1
1
1
1
1
1
1
1
1
1
1
1
1
1
1
1
1
1
1
1
1
1
1
1
1
1
1
1
1
1
1
1
1
1
1
1
1
1
1
1
1
1
1
1
1
1
1
1
1
1
1
1
1
1
1
1
1
1
1
1
1
1
1
1
1
1
1
1
1
1
1
1
1
1
1
1
1
1
1
1
1
1
1
1
1
1
1
1
1
1
1
1
1
1
1
1
1
1
1
1
1
1
1
1
1
1
1
1
1
1
1
1
1
1
1
1
1
1
1
1
1
1
1
1
1
1
1
1
1
1
1
1
1
1
1
1
1
1
1
1
1
1
1
1
1
1
1
1
1
1
1
1
1
1
1
1
1
1
1
1
1
1
1
1
1
1
1
1
1
1
1
1
1
1
1
1
1
1
1
1
1
1
1
1
1
1
1
1
1
1
1
1
1
1
1
1
1
1
1
1
1
1
1
1
1
1
1
1
1
1
1
1
1
1
1
1
1
1
1
1
1
1
1
1
1
1
1
1
1
1
1
1
1
1
1
1
1
1
1
1
1
1
1
1
1
1
1
1
1
1
1
1
1
1
1
1
1
1
1
1
1
1
1
1
1
1
1
1
1
1
1
1
1
1
1
1
1
1
1
1
1
1
1
1
1
1
1
1
1
1
1
1
1
1
1
1
1
1
1
1
1
1
1
1
1
1
1
1
1
1
1
1
1
1
1
1
1
1
1
1
1
1
1
1
1
1
1
1
1
1
1
1
1
1
1
1
1
1
1
1
1
1
1
1
1
1
1
1
1
1
1
1
1
1
1
1
1
1
1
1
1
1
1
1
1
1
1
1
1
1
1
1
1
1
1
1
1
1
1
1
1
1
1
1
1
1
1
1
1
1
1
1
1
1
1
1
1
1
1
1
1
1
1
1
1
1
1
1
1
1
1
1
1
1
1
1
1
1
1
1
1
1
1
1
1
1
1
1
1
1
1
1
1
1
1
1
1
1
1
1
1
1
1
1
1
1
1
1
1
1
1
1
1
1
1
1
1
1
1
1
1
1
1
1
1
1
1
1
1
1
1
1
1
1
1
1
1
1
1
1
1
1
1
1
1
1
1
1
1
1
1
1
1
1
1
1
1
1
1
1
1
1
1
1
1
1
1
1
1
1
1
1
1
1
1
1
1
1
1
1
1
1
1
1
1
1
1
1
1
1
1
1
1
1
1
1
1
1
1
1
1
1
1
1
1
1
1
1
1
1
1
1
1
1
1
1
1
1
1
1
1
1
1
1
1
1
1
1
1
1
1
1
1
1
1
1
1
1
1
1
1
1
1
1
1
1
1
1
1
1
1
1
1
1
1
1
1
1
1
1
1
1
1
1
1
1
1
1
1
1
1
1
1
1
1
1
1
1
1
1
1
1
1
1
1
1
1
1
1
1
1
1
1
1
1
1
1
1
1
1
1
1
1
1
1
1
1
1
1
1
1
1
1
1
1
1
1
1
1
1
1
1
1
1
1
1
1
1
1
1
1
1
1
1
1
1
1
1
1
1
1
1
1
1
1
1
1
1
1
1
1
1
1
1
1
1
1
1
1
1
1
1
1
1
1
1
1
1
1
1
1
1
1
1
1
1
1
1
1
1
1
1
1
1
1
1
1
1
1
1
1
1
1
1
1
1
1
1
1
1
1
1
1
1
1
1
1
1
1
1
1
1
1
1
1
1
1
1
1
1
1
1
1
1
1
1
1
1
1
1
1
1
1
1
1
1
1
1
1
1
1
1
1
1
1
1
1
1
1
1
1
1
1
1
1
1
1
1
1
1
1
1
1
1
1
1
1
1
1
1
1
1
1
1
1
1
1
1
1
1
1
1
1
1
1
1
1
1
1
1
1
1
1
1
1
1
1
1
1
1
1
1
1
1
1
1
1
1
1
1
1
1
1
1
1
1
1
1
1
1
1
1
1
1
1
1
1
1
1
1
1
1
1
1
1
1
1
1
1
1
1
1
1
1
1
1
1
1
1
1
1
1
1
1
1
1
1
1
1
1
1
1
1
1
1
1
1
1
1
1
1
1
1
1
1
1
1
1
1
1
1
1
1
1
1
1
1
1
1
1
1
1
1
1
1
1
1
1
1
1
1
1
1
1
1
1
1
1
1
1
1
1
1
1
1
1
1
1
1
1
1
1
1
1
1
1
1
1
1
1
1
1
1
1
1
1
1
1
1
1
1
1
1
1
1
1
1
1
1
1
1
1
1
1
1
1
1
1
1
1
1
1
1
1
1
1
1
1
1
1
1
1
1
1
1
1
1
1
1
1
1
1
1
1
1
1
1
1
1
1
1
1
1
1
1
1
1
1
1
1
1
1
1
1
1
1
1
1
1
1
1
1
1
1
1
1
1
1
1
1
1
1
1
1
1
1
1
1
1
1
1
1
1
1
1
1
1
1
1
1
1
1
1
1
1
1
1
1
1
1
1
1
1
1
1
1
1
1
1
1
1
1
1
1
1
1
1
1
1
1
1
1
1
1
1
1
1
1
1
1
1
1
1
1
1
1
1
1
1
1
1
1
1
1
1
1
1
1
1
1
1
1
1
1
1
1
1
1
1
1
1
1
1
1
1
1
1
1
1
1
1
1
1
1
1
1
1
1
1
1
1
1
1
1
1
1
1
1
1
1
1
1
1
1
1
1
1
1
1
1
1
1
1
1
1
1
1
1
1
1
1
1
1
1
1
1
1
1
1
1
1
1
1
1
1
1
1
1
1
1
1
1
1
1
1
1
1
1
1
1
1
1
1
1
1
1
1
1
1
1
1
1
1
1
1
1
1
1
1
1
1
1
1
1
1
1
1
1
1
1
1
1
1
1
1
1
1
1
1
1
1
1
1
1
1
1
1
1
1
1
1
1
1
1
1
1
1
1
1
1
1
1
1
1
1
1
1
1
1
1
1
1
1
1
1
1
1
1
1
1
1
1
1
1
1
1
1
1
1
1
1
1
1
1
1
1
1
1
1
1
1
1
1
1
1
1
1
1
1
1
1
1
1
1
1
1
1
1
1
1
1
1
1
1
1
1
1
1
1
1
1
1
1
1
1
1
1
1
1
1
1
1
1
1
1
1
1
1
1
1
1
1
1
1
1
1
1
1
1
1
1
1
1
1
1
1
1
1
1
1
1
1
1
1
1
1
1
1
1
1
1
1
1
1
1
1
1
1
1
1
1
1
1
1
1
1
1
1
1
1
1
1
1
1
1
1
1
1
1
1
1
1
1
1
1
1
1
1
1
1
1
1
1
1
1
1
1
1
1
1
1
1
1
1
1
1
1
1
1
1
1
1
1
1
1
1
1
1
1
1
1
1
1
1
1
1
1
1
1
1
1
1
1
1
1
1
1
1
1
1
1
1
1
1
1
1
1
1
1
1
1
1
1
1
1
1
1
1
1
1
1
1
1
1
1
1
1
1
1
1
1
1
1
1
1
1
1
1
1
1
1
1
1
1
1
1
1
1
1
1
1
1
1
1
1
1
1
1
1
1
1
1
1
1
1
1
1
1
1
1
1
1
1
1
1
1
1
1
1
1
1
1
1
1
1
1
1
1
1
1
1
1
1
1
1
1
1
1
1
1
1
1
1
1
1
1
1
1
1
1
1
1
1
1
1
1
1
1
1
1
1
1
1
1
1
1
1
1
1
1
1
1
1
1
1
1
1
1
1
1
1
1
1
1
1
1
1
1
1
1
1
1
1
1
1
1
1
1
1
1
1
1
1
1
1
1
1
1
1
1
1
1
1
1
1
1
1
1
1
1
1
1
1
1
1
1
1
1
1
1
1
1
1
1
1
1
1
1
1
1
1
1
1
1
1
1
1
1
1
1
1
1
1
1
1
1
1
1
1
1
1
1
1
1
1
1
1
1
1
1
1
1
1
1
1
1
1
1
1
1
1
1
1
1
1
1
1
1
1
1
1
1
1
1
1
1
1
1
1
1
1
1
1
1
1
1
1
1
1
1
1
1
1
1
1
1
1
1
1
1
1
1
1
1
1
1
1
1
1
1
1
1
1
1
1
1
1
1
1
1
1
1
1
1
1
1
1
1
1
1
1
1
1
1
1
1
1
1
1
1
1
1
1
1
1
1
1
1
1
1
1
1
1
1
1
1
1
1
1
1
1
1
1
1
1
1
1
1
1
1
1
1
1
1
1
1
1
1
1
1
1
1
1
1
1
1
1
1
1
1
1
1
1
1
1
1
1
1
1
1
1
1
1
1
1
1
1
1
1
1
1
1
1
1
1
1
1
1
1
1
1
1
1
1
1
1
1
1
1
1
1
1
1
1
1
1
1
1
1
1
1
1
1
1
1
1
1
1
1
1
1
1
1
1
1
1
1
1
1
1
1
1
1
1
1
1
1
1
1
1
1
1
1
1
1
1
1
1
1
1
1
1
1
1
1
1
1
1
1
23 ~>=MjMb/2keJtw|G<G=+p"7}w*K,Hg`rlb~V?U*Uv:~'L{Ng]j-h'^g:gME05'=<$W+Y;F
18 "_[83^?II!A:gp9(Ai!2QA)<[;Zyo)f-#C^5<|x~8:9~EQ(eVBmL7)&LBB1P^H6^k}>L
18 tMQV"~D-{`d6y7f\fAFze!z$cU_m?oTN=A@>Z}dp^I'ry)P{cu?Hd{^D@iU<^%B5VF`rH
22 <=#j@xMpzc$shADcBA5B>M9UDT|Bp@SS7^~D"/'7mK]V'<Tb]%%6kWj0,$Q|C?Pt9j9:x]Q4'4\>W!Q
16 lzSm`(!s*^((ZwR3[7m\A,j&&&6_C"808k8wrR'|2.?k@,:7BBr|M^#l}Sf[T}'k%>c3piJ#2h)ls
13 Yzw`Mr1%lV(Xh]:wE;75P9"xZkI53lx'$,fj}vn'hvxQn4c4hyc9M~3('[=9bP@e\'Pt9Zz"ktlZCP*
12 33pJYv^p)^21^NbYM=GSm*[y/#,Wn7RJ?j/w{(i?f6j_}M9#'*j6fR{5)E@~lsh1pWO/
23 \MWCxcgCc2q#^&&-'rf7Lm0_BnZ-YrH6@:rS8Zuz($|eC=-dK.6v{EVXNL65_Y:@PFHx2-fP00Y
22 9X#.k3^%Z97Y,;F;a5TbjiG|MThZlEK@8gg$y`BnxXI@/*Zo>Il@hnP`NK=A
17 hYU;tde\?pqSo5qm1g;V-F2%kQJ@9wMCln8g8~#pps^zCQ$n9kas+MaP-\2WBo,-(ayfQ!PS5q)*Z
17 ci)l2t&d\z4{5CkL$;sj}|aHHKNv,wUdTBP:BeaXF@ZSN6XOv0O1uR?s5XJgyMLWeY
16 ><Np(7g7$nzEi^>S2QR,{R{*AS5V/PaLk0=.`?_c.ZCvT`JeM|,Ii(R+tfz$RvO>''Ld6)t}t+_X'K
22 'o&%zV=|'yNfEZ(yT8L2GBEDFgu<P')t\syxK"d\Xo+?8+*3AIQIF-ffaLKE|SWFMH
15 q%`lJh('A>^},s@Z7`u?#EL5Cp>X[n.I[Gm#K{nCxt8bu&y-8tdWojv"4]X*L!RBG[^qWNPjCggSla
28 {sOp:n;x7@6V^}r%j?NIJ;SjqsPMOYLeh{V#j-z<LKqEJdJO?34$M"m@t?l^3:^zPP8"_{(qj(m
12 5(@o6s9;?yh3y'4[9jMFmdE!DxH6xxvH;7RP+k'den#2c!g--<=,Qf3S_%yXC*!>q?en&."1Q$BP>
23 /i]fh!IUhw`p7((:N6hIc|S)64Rsvf~&Qvk:3O*zGjkw-/2tDz>(3,JI?{Ws$Os*k@<reZO_Ifib8
16 cH*>X^D~X/KZJ!jgkdW3ae6KYUZ/[XcY!l2repr?~>4IX}2D|$q_h(+]]!C>so>7yfc_4I0j
21 UszWP@.lBwHU_9kDV_9?Qr]|9NjYXFk.:g~&B--~@TT~(@]];1|k?t$WDn1{O
26 p7CbTO8`Co`K.IYJ%L5:Spp0|$d-*Yoy+Mw^{J?Y::?bbw-"E[U3LY?Mckp,P5TMQBa~BFO97G
27 DG!NkHk!KeB|`}):{)V,tj{849/6'aeJ*!x0H\]`GJ3pb]5x@{;jAI
23 FF!S!^KT?0T'G_O1"<Uu$PxUGb.his&bLM:J*JGS]=X_RQxYR3$
23 EMW4lQ`P=yFhkvVG0fe%oz#RI(jO@-Dk?ZrzDkWo(ho=M$GZGaL8aeFf_$|kQbRMw+"<C
17 p\3$g8g%IP.P_i)KhT4Nw:"UrTm"A-6M$bPkySo^>8/|#8b&'vS}Kn/BoE^cC&Jl1tO{8hsSiiiP_4
17 0O[07z1mz88,$tmx^Lp+Bn&5."$UI`GSaBmR8pL0HN[[1Ionu`58OTfwo&M9e)$7A7'{*k$?@lb_y*q
18 =CX`2/zwK%/""@G#1RSNH'n3;Ir++*PM|9`wV5,PO$GVQ`)'3?nt`]C6'6@\sBKN=|AlDDk"+EV
16 :&b9rgP'Vjw,aQCEp=v=3X~x&T^I}@](p_[caF&81|]qi!QZWcv%<v|[Ku%c6|k'\a&>(+o8(MDpgte
19 FI&'lUem_E*E>ag8t>t?cV*SCXnet-RbzQrIDsQIb4J|3(OE>{d=<dFi*|PY>A]6~bAZ
20 >a$@7o7zaeQ}>"Lr/&-M(S^}[h.9od[sV%XK{u,)uvANx(BB-Nn4<hLWCJV'ao|L5{&&e
27 m6c%@gpzl3*(g;RvJW3O`C#vslAk8yg~>0|J9O,s?r[f.[-y.O"KSj^u+[a\pcuIx_xWuMoaMraN2N`
23 v&MI^m4v7KpM"#t]B>fZXMscP[RW6`.5=ok{];.te}\#<Ry]+`8}.Fax#NPRJx"fh)}`C,oCEM_`:Y>
20 e4V%o~gd1=9E538h,JFwGJW5\8sSkcbkvSo"RX"bt:C*LZ.r?h[Mg]R@6"Ha?+1<VV>FNt0vb'T=6UZ
18 "=|)vQP6T$X1vQDI3`vkX+9[&|~MF_Quv?:9tWVK%s"Z&gs98J%h*_]rF`h9Z;JQsc&i
12 sy^p%JWG&EV5j6vg%.,5@a}kVC!WWKSKE3WcvI+{n`KsuB\6jgdEMDoRv1:2f)^_&P{N6{1
22 Anpr1Q;%'wy-J[BYCGsSlRuT=kI9)9A)q6*enGITBN\oP);L!E+/*
20 M:-/`cROrjR=\Cu>0Ta;iUut)<b,$kb$24XOza"2UB)(a{(qjh-T>=IaX,(v3,D5=1Fa5yD
22 T+s;q#zn-S1Pn%rj!BA`q{2GQB4Cf4!V?s,K2':>"u}:Kc@V'_!Q=MWH_L4Cf>E@n@$qG'ab{
12 3_;H8cal.Yeejo'yD7=Py60+RegsFanXBD!s({`5V`5AQ;;tkq)aSyhIJ"}qO:.C]rn
23 cGXziiL:!"WX2ODo3VOV+;bT'gO@o,9)z}XX]o}d><dH")'aYoR},5SL8=kBI@J^>=Qz
14 K\<>v-*Xj+<(g/$x=}q$#;%>ZLAk9/\}jw={?`U+j,LS:ifqgXtj0>pyEGA`
14 iwZ/*$bbMF9rAEhmp"a6_#7J6*XD_P9cb/q'y#('(/6%*5_gG>],nJM#RrMRu]3P[u
21 ?D[@~goLkR8WMja,)>ku|ds@%XG5Mug\Yx2a[>x$>[]P:l5AE!QB~F{$}C8fT~].4no*H$-e^j6
10 R;t1M3ScS[=i--[3MSaiX./=onoUAXRyvpT"ar3T~yL=Hc'Rr!FZ+$Y!N@Mz!iB_`$C,g
19 1GX9leg]&oi{u|Qj>avq`Fm;[>{>\m5(5)@<m(4.w}*)6ur1#d{!1[CIx9p;'3BoFGcumhS=$
21 1jMw1dbph1Pk^ARazb("IUSIcM&pv`b(e0:u/{#PpK]8H@N2BR]g3(n4a+cqqe
16 `dy::r?4vp^Fmyf]]uDS;~f=*7<|u,"p+6,^*dr;VQa^e|exvo'jxZEUG7
14 q1`up-Jb~6vfnU5V^ZsT/&1G4s!>eFwWqrg|~3_9HV!QUVG~U}MDmk'
22 cin&j}49'eDpWUQ)RZj13>#Sm_O\lTCQ?3pDK&wR&<C\p/!]$jmQC+%Kim(pCJ\{vhZC
18 u;nT9P=nsaGpxf#e(vK^h"KBqm-Lmbs}8|SPgoZuk"gdg%d*z0SFCIqwMO|h6Ba3tY(_
21 `P(r3\MV(Y3zKC8VUNmG%.NhFmP?b:D]%LP8C9mJq;_Wxv.NF7tdD^N%L}DIRgELirOF+"~
20 <KGKxY!<b(_m.@|wnC.ALTALm[5qUam,-5p&)q[kxUsAtqS~5a@zP`b?Wot"jSp,DmOP#d7
15 h=l/c'?0loN9u\Vm>C&qZ7/2Huj|WhQ@@>N$D)3K3acC>UK[wQglgv9J(?G^(w:HQ#e0Ex[Xt?zy_T9
18 c`tf0Cr8;`WSa_:NI]'QTWh1l[TFcY'GT6.}X;6.z)`wgyF2r:6mM#Rqy[xJ.re/F:BrS;m.n{U
16 (YHW4{Jg4@w0Gzr+17S/]/9w*Ai&7ld#a/vj|MR^=GLcIYnYp{X)IuSw']5GA^gM9Y3}YQW^Al^q-\U
18 o)O@~V"7."-~z>du}D]#cfd$^RaJ2Pa9
16 V=5=qGZ{Y\v-CNYdf<zDg9QS\d8IzG)r)BZfZ)&&C_^RUc$mP]y82e&md=7z}Zm'7bl-j-2.ko#Q
15 Cd&h$hydT-QJ>+sNEa{B~QBM?Q{t(Aad&fhDi|CY*/$b931ws-:/wv[QbqF%4(gP6O;JM(feX
16 h%}0O12qz8.avQ|.dU/~L5-x%l{/]8ha<"p!#a9Q>/O-QJZ=HP/YN~_FDjeE[:u_\4_^04Jh
15 **=b8@1R'ZeVqVlE_M%&*H@\AD:F{4R>jK^!iPy<5`!{#b:HD%56jbKujSkA"X^k%='m);*=6ES
17 Q85.B&;lpUpvgj>2aMW$KXw(7jeBF5MC6TJ/Z(RDGjs%N_RpH+/r|By5-`pltX1E-t
15 yEf;f&y~K)?A?:7]=[DQ95n-6!m)PK#doi!V*yUT#0t[IGSe=v8pG'|\Aj!,P#pA'pv0&g~Bv/
17 |mx@-:h(k!&|I8jxP+R\!-Z`V`#]P#;hp4)8hp@npEkUvqNa{;?8a43Rs51_8KH_N88Y9@1/C+JaL]r
18 lC[Vt9tSu#;8z{8wJ6Xl\cK"K+ad~~]T+;QBrH0yDPKSr}K=N>E+"+,L5(K4B*#L^T)Q79?4lG_2
15 )E@sni:Z(/~*!i7=x];2=V!J]=T-&d\H*7<3;olC}G`L<:`n_0u
17 \ebj(.9U,g9xP9&/!`.,WN63#{y8Jcm'cPpjx*[%ps9\-X&G94l,a#X~}RQH6?hy+Z~>cZBoNtQxuWM
11 D%~DD[jPZ+&JEGi=&?N=,lLI^oRn'='eA@*Ust*T};g_CZD=`)hpu;qUdD7ON'AljWnxM4MeN5
19 T79#k{ja\UMP~@PQxp{RL{~u5DAK6Emv-5t9b4wjNb"H*#cmjYUMLHHv&@Ux/kr<XyoU.g
14 }V<ONB$`goetB/,-YY1'3@{eJ6N.=&J%#f\|)p(pz)esRW1jhHt+*!,wwx`HILu]e/P4AR.Qpi_
11 ;uGLXaJ\j8nyWSpRf)"DsMH0\MHY/+Ud"{1YxuQ}.@3~r%Rt-m9!<zJwc.kq8AC4_YS--`T:)
17 3#NbV<37Hqf;aXa+>l[K8\\!7vN:8bcdd3bVN0(2<mL9`HC}59dftAg,8P`iNDh3pe$Z1+kL4
13 Y+^A"ixqsr<w>>Ze5>"qUC0;L|HMFuD0}<u."wAz%IFBf!CzX^)I"RcNO-z1#Y@<t6I1H%,LMR
16 WNqnp+vV|36n,.|sm4%Rqb!vI~;qk=4C''LFcq9F-}y~)-7-Xp2pTUjxB_r'83WZ
19 ;E"n\aD}KBx4t!{3p]R%5P,1rF+44cqOC(Zy4(;iTwA\haG,f}1+$g1}a6$PJf7rs.lB5(G%!
15 vI1-f/|`|VPQ?)q^Fg\,XVn_I%#4!e*2IT?0c<+`-uLK%lyQu~d!vyC+ju?Roq@h[D-6
14 K^gb,}RQFOE4|IenFf!n!;akrtJ461Ean.DyFuKk$gQ8\D1!;}k1Nv,B7=]2J?Y:&7eT(Vk+X>\5{
14 F5#25Wvm#o3mv_EV;eqwuS6]}.F-?&@dU\2i4)WPwj>+d|`~cl2s[GQsT3!/8Z.lQ?VdHIPZ4md3k_
19 9)lvri:L/Ii,{{<t,b/:u@tG#f)(5J,NSw_F{yWJzhbM=xQ7?jcA54rr(]HbC>NrN#s=qe"lNcT{
21 Ui56=(Wb+_m,A$j]TOrw(7qqjVT4$+a`dq*=]Y#mY&7bl^miJc?&*qYQLPZExg`
20 %Q?)RZht?lRi7gN(N{<qKni5gUv.NVeIW/-q_7dw>hz?}(vgI1)
17 'pBXZO].k:P|qz6?wV5hB~"l.LI^DZ#Je^$Ao.F_Px_zi8f&o^HZ=AOaB(T5'q69x(,hOQc~J]6Ot
26 [MXS'0OphX[p$C4CavAesEM|lLIvoY"K'Z:.%$9([sxxRG=4Y]xM#`d*GH"
20 zNyP92B4a{F81/sJ1`X\*7"}Se~2$@@~)TOAepUalz49E(bUg;L,lMEZ4Dl7}GP'6~G6,7v3M
16 VXW,+>WQ;8,%lbHXYydYl1U{NheKJ7C;*5`OR8;ljG-WDn08h/qVYGl(0lms?1/H_o22X[pS+S$g*
19 Lf~CTnFZt$Q6jys^"Q;W`mM5}OO6dK8LLQn!@5ZPRFeXZs7[EQN>/ONSlD>E#%>LO=Sh[4q.mjnzG>_
20 I'.u$sN/'7]5<hoM>/7o%QZj(s;U1Jstj<jm0S77i/e'vA?V%Iw|6K]UPNK^GIAF6`_dTBI3!rBa`
13 E]ujYr'h9%3R5Ra[UH}vwI#F{5@\KT$,2xu''8n?<",jTlFDPE;H)W)%'HzQ|}vIvmO9@?q[Z/+w},O
21 je8\5s/)aykDebvo~JH!GXTi{<^*/}v4}I+4W9<9M)v3&n#?Se?5X/~TJw^Xuo'0:1C,I^E1"VCBE_
14 %s;oK/*f1bm)T~*#^;,1VulR#f~$2I,6W`A$nJ%;GqCzqg9jKsw,Pv0{gb]L/!_9d42BjOqZ!GDV
22 a>f1]Nr2Evo4Q0OIcsB!^1gF4Jd]/5A:{_/^MW!9N+f~:6c}.NS#'ZgHo~\z3@l|jE{}t8t8oR
17 hq@?K+VSAn[Gqk~vz+yg(>Ar3s]e.V?wq^[}$Z_,Q_S]KlTavdgaQ1a>x_T356qbVTyJ1UECh#]q^E
16 [_8_sN{z@x@~fK@%78s!Ek)vxyaOOt2ETL!F{YoC$T%"0vn9'=/8x_37Sk;"N48S#;k+
19 P7;S6DxU@BrP!:>E'tH3l2`Vzv9>kC5<si+DH>5g_(Ry\oYb!#tl4oCI#[fm9~b&Ra@5Rk3uJ@
18 F.QWkf\x?e!J]n{"o_>.kY0tQzAS>!/~.zV5aN."4Hep7b-ABJO.>^=otx]3xl2'g$UcQb~~E
26 NM-Lji|Z:55KX2p&Pg>G5}l&i/+i$e>R3d}8O6qhK'N>S?C>Az~Uyktc5~MS!'A0?Mc\$W&Zjp~zGJ
17 (.H\/EH7UA|Lnzkq?7&Mb0M`SG@O@Da`vRJ3e;Y*W__Uak4>ljAXLc[zb+s=hU}z
20 j%B^WILM}$Sd[s/N,Pc@vDK~~+XU0kQ^mouf8]O={)`#%u
21 a)Y+FH0^OUL_kw)qIq#>%tS:k59!D//#?x*~A9^+)E&/>.!":$Y>w-q}[+~!:H=rAFr|xk(l<Q[k
10 PgZ==Q/&4E@lv#!+n0Y~n,d7Nx"DZ]XFFM|b~F$M&C:|_T(OczhR(N$UG&4<bl{C:xAS?(!+Zs
24 f:p|ViZ,6wa7\?mKfs0]<S/reIbl'{sl6~j'%E2:Wrj4MYq5U/',-E8^6@DIp2ZfI:[I)T]~cc(NP
18 M|'[VQi}1sK\7w1MY'P!t*=Y&1~-(22<oe)cOp-:|XkRxL!rz
17 7HIIX%X*O{]\,U6[|,Q}#OC6FJq@;y1RBs65x)Ywkyf++
16 P11q-r-9\47Z=BN"{P1V0et\?:^j_%R05b<AoHsf[EA4gn5}Y_oO*$`{\x7f[,9>vdm3.uc9ZxZd
24 ~2MA><giDKwB|10N3;)*'Dp'F0jO+z8*G~e~;M$x3m,5fh^eJ!kcW/B;P1B44h#*&,
18 ]T8D!c#$p;#*]kLg)D;,)/n8[ik#*;$E}aRhTIZ21$&AW]*s;D!Cl*Zcy!5Ep8n!G(M"V1N\VKfh/#
21 dsyB./ZG:][.\c?p7{DV/T\gA<g,v."+:cFcMS,62Y^)a_$h4mkcD:G7V0_a62FHCA}GB2]S&<
22 GYdT>JaSAw33k{^Q$84ue0ZMCy`l[[5$54ql]m@9fmKRiD>(uQ|\zXDXl%oq$'1$vPea>(0e+L0.Ns_
30 NM),$[T1[8sc?+WF`{=WFE,>_*"frkB8I,@x{u>w<Df@>~(}{S4|
20 4O@z>*UEh<e!$g>9I_(\Rj{`tqkM;rph\1dc7+bOR2G#PQlyCQ`>kL'n0x&Hd<-^h9
15 9"yo~#$tg6'*;(cIN\-GM#&/`.s(K3NcOHmNe,^gA~pv'n@TfM64ix,TGbbsUj=ftJv,+\M>0-Y
22 ECDOu:os:=TT;6-7!vbT2c-%0ub!C9kgu0RlJBzc^O8xd_0~p.n=pz[<LP>zoQ*A-3v[V:HaR
23 }1;[1-3u_wU-i:$4D~=@J1P(l!-oeQTc{*?.6k>0}s=h.@{kZ9F?cvFQvl[v>Jt;SNb$T!3S/OVV+
18 /<:a'V@"Jti+"Si1h-fNB{;@V']K}(cGC8)InIdS>h]YVai?)PmKgC&>Ibia%g*G~2+)tE}2S0'
12 q&4(MUGgB9X4J@9hl5cW9&Q,N8rf;GH.fvO4Lu6*ImW/Iov6&t(XyXcb+qdF9-gti,x5DA+tBZ
13 -xcxUuDa^(e,$?2&w#`2[X@n+K=|WVf)48)A8-X$,#lUx}tp"V=vI]F/!D!;
16 zCUKz6k}@Q#Zw02?cB_a|h,w\~`.mx68=&^ZHtEJ}5{)+/anjAPgEuz"1u/9n_j,dI!.Y_qqtmy~7\
20 /GCA3,/5=G_^e'>):qj&sP5:coqXJ(@Xhc56*CKF%E%je\r:N]?CHTv-D$~)+@a/$u^-SDlWhp\ONih
19 xPZa\7,8>z()3lWs/O4ewuNeS=W~&w`nEuSEdV=;z<xaO7`h$
24 ^*%I?/Qyr~#k}I+_B`YD`5}7yu'y`Ye@}j$=4TR(Sn.l9SfZ4@~0U8FOHgI*[IIY4f2b>iyK
6 Kq2/G4c.?YnRh[\c6^d`d62h"-J<W"mpq4\>[!a2tQcw0qOsK'09k1T[S4'w(.I(
15 BccA+l5y#?Gy8^Dp8wEWZ(ifCIBw[*X|l<Yw*m-,Hn&yMck~[1p7S[8u%Z*z}a3j}k|B
21 3jXeTnqWT4&qf^O%:J$*D*~CY9+-91LL7%L&r>]GQ|S8v#<1gY;Fcr<ph&{,Qwf/g5Zc4
22 ovH{8%`"M~zi*obf=[mi|olRT>PSW09G'z]Y!XZMWUQz_5b|+Pf(ASt0,_bbn{Du2<O2sDxfyK#9uK
23 (}!]YU8mF@URB31pNI%Mz>f6bRWc)xuJ21(&f?&|:[eQ[EDf5O5%okywcKLG[fpA:Yvsx8,3rp~0=
18 |G?!W-vFlZ:r"m)Ilzc#)xEhp.}8Yp~pR>p*dgiQ\%D]qL'xai7ic[mT$k'_7Vv.[&In8;K~o$MnlZs
18 iM]]C?J7r\R<s-J{^hR]Kz.AI7&u=!BAg:}+XHAf?r#N;LJxP7pz3~<uP\((\IHDcFhjWr(ad&q
14 "d&wuMUD':E]5$va6#{w^uKbKU?P|)79(<L}$"\F4+n_i`{HVrPG2n{ayfb7d{8\|\"Hb=)-b)?/\P
14 -8?;ihfGeyC6mf`rV:KJVAJByAaztE;"\ZV`]=B^7ds?fU3=*w#`9L=M(9H7]b8TWm5P+W/
22 Y6;X~%m}i@J7q9QLh-{U~0/3BHXzW/HPvZUc:.y-s-cI`xAC!>\#]zqmcEb")!
11 s4Chy}nM-LL2^$.}c|CiCn=]Y$i[v^z&qXf{Q)1xKu4}&$*KwsX|I0ZD{\K)CvEJxWXIU;O
15 d)b%6N%X*~J'Lpqm?6TSPE-DPqoV-.K,Q.0fuN?!N$Ayb6}CX!cXCZMc,_hYHD@8i~{SNJ$Rnva
20 `Zi:=)kuR-eXKz/$xO|aQm;s"fte]hyndfP18P2,kS]f<wWZ|h"2;W62SA$$5?)9#A)!O<?$(7<P*Kk
24 k}rJNZ4W(;O[4hY%T%B_W$qTqr>!)$Ns"AXj6'B=B,wUtkYFfB*pAXGAMwc/.F]#X8
12 w~Nq-f}2cZ{qHf'DW>,@F3O6%,b8|b*0bW<*?T;=/7/V9O6+m[JNmxd-?a^<^ge[Y<dwo!P9Ou
20 a.HoE>61kVj<,];0KTxk}JwR{DUCA+0=9q.q@>_210N30)KtUdKLhjAx$HRMpzWm$~_]XZnh
11 DzrTgFqO__NmuA|ZnJzXsMQS}Q,{cR10\%|;4dxV2'&sY_5lSTb|#;]o'h'j;Q5wU3M%2`Z]f
22 a[_9%UoBiGN;Io!h[/`qQdLRy72x9Xdi?_^9ob:7d1DTI6O^?eK8e'A'_C7yA{j*5%^3^S^_GH:
14 `1E<cK$+9gi9Fbzuu/l?I$p4I\:.]D?XT~/8J2\b4a6sD1jUYWs=udP?\&fTI
14 :@d0\i<%EhQ4JUkX}CHlNOp(%F7$-r5`N5+E}`I]Iy{7SBE}=@
17 %c3;xR5:k6d,;6]I7#OYxHSZ2=iD{Y);WUVP(&ir;i9U:u9Pwh*-1w"COk"f_D"7xWf!\k.3o`#*V<
17 caES|yO{TU}wr.BYCryPj(XZuD=5~C%b+o-8C|%}7QSMW#y
16 M#wH:@DK-AXp1#pw78p<@lJ|?MxZhD$SW*(y/}S44a]msmF]x?OfMxYmF(5Ip\|A2o3~8|2ltrfxPx
12 .RIzg-:C/+X'EONsjxHpW>6N;.?}$gG2u)ot]'=Ep-Q2R6eo1!Bli`2w>Oj/K9Q*Q\##3,?J~jwM
20 >~U{|;?2NN2e`=CN\W}g$,H.Z\,LFO@}h0zfJ:w4#D4|{VKXIcZfo$/Jy:1@$Q0g8h
16 ~2sjvtk"lR3^D\G%'v`QHua6p4M|Q\iPmw<d)B"0s4)RoOV2`Qb)G^>9q&PC{T.jG
18 -uS2bfXpwMO.&pA1;%iRu!PLV:53=0RQ962'*6|8F'>joBqZ!Wo)kIW=\j0BQ;9oGz~LM@KZTa@"P
17 ,~\T~fzef%!=!(J1Q]Fa#BkJfe+vL1Wq0NzT-.\dcm7.6NO<rD-7PAsl)0t/.4ccb.S-]/8U[Q2P
23 L'vP:2%%UNe+,awWxvh.U*rjNzat1pXaTON/fgRX#8cI4[;O|d^ZYzmZ2,vUCf3fpTi$tV_xGLE5
17 SXiGrpsfWds1}LDa%\.IZ2UTy\^qTxwBka%_mwFEv:U'0rJ`CE/ihtHPqVQFg1*$}%fZ"5?G
17 eAxbId?2}6)vAe,grX05:4/YHQ.-c7vCW(.ANH3=43@TB&GLlcUV86oAXL'mvS>AtKa^P,D}tp
16 J(D2'p9-Lo`0[!08A`GY;Ct'RaztL%!1,^BMP[s7eT=KdGZe$K#,^an`bftB^X^+
11 Ormjy{U8fNml0Uq\L4qe(.d&[8
14 R0.ml&xz@V~E^Pghn3l\Tx:}UP1>,SFwbn"OsydG=\mjD=%>;wOL,<1+M!PUQWKD\YxK7>-nyG#
15 1])74.mYjChQv{W1aOb]rR!N\J'0W4Bg,K9YrA3xd6Ju2"'rj$j]U&GMjMvBz:D'~\_q9-&|
23 TT@=o@=/)tGkThb(Ty#ck)1A7<+rg*m<]IshhKv,AX20A070*T.t\?P.tZ"\}*4vlB_pl
14 TA7'>V-O*,zxx:WUsVWc>CPU5|Z2CbF3>\9\MF,VkAidZ[-&pn)%~jK@-S:C6TN;Aqsv/D=a(TH
18 [},*B3Z@s,`*EC?PY6c'@/3kWs~<#Xk]W2"4Dun8<i[a-yLfJJ#S;:8'WtN$6ezP0n>Qe5Fo[Pv~
14 &H:;mkyPV)[H)#(P(4UHNZ`jQX/XeRXjz.'hx;TjD0MLnkJLN-f"*B2[{!C&rXd<?rnpib]82
12 @UP'.aX})x6!U;;zkWk-^v>){&(X77UW'@w4#j2PG%['1.%>2uYHZ$^"kH
13 ]Ej(L=^AA"]Ykf34lLqWW=5+Lg+t2}6_<,#2}G|[N_O:`bNMI@&;w:E^<OSMg$H$0JP,JO8g_m
17 J\(MTzT0naa8vd^1(lVy#/u@N.J!C-Jmhk;W"*"ojcB{H!-i(bc*pYJZ"/ZEU?MY+#1F,.Q}
11 >QcKhKDkRB?9}.R?u/+k2HWljZ[45i'm1#]yGq#=6G`]7MA-[K3)/&tx_j-0.wW0RTjEA3L3ee"RL=9
22 1Gr6B2'JLl?/|skR6WTz^x.0Xf0c[sj'h$XB5xlzf,D}:0QP#&e`9r,-s;oP/upvxITH]ACDfS#{2Zc
17 5oQJ0FQ$ZE"WOr<0Fc|E"T-'=+ONuENCQ~Toi~O<`BU!~!UEt3mwo4FDp{,-EkON(B"*F@"z
18 .R}k.jgDg*E1^xs]`yNWtL^Zu3j@0lQWYiC#TE`VO@gH9[&yonkd;K?*vBp\`ek'$c
6 Kq2/G4c.?YnRh[\c6^d`d62h"-J<W"mpq4\>[!a2tQcw0qOsK'09k1T[S4'w(.I(
10 PgZ==Q/&4E@lv#!+n0Y~n,d7Nx"DZ]XFFM|b~F$M&C:|_T(OczhR(N$UG&4<bl{C:xAS?(!+Zs
10 R;t1M3ScS[=i--[3MSaiX./=onoUAXRyvpT"ar3T~yL=Hc'Rr!FZ+$Y!N@Mz!iB_`$C,g
11 ;uGLXaJ\j8nyWSpRf)"DsMH0\MHY/+Ud"{1YxuQ}.@3~r%Rt-m9!<zJwc.kq8AC4_YS--`T:)
11 >QcKhKDkRB?9}.R?u/+k2HWljZ[45i'm1#]yGq#=6G`]7MA-[K3)/&tx_j-0.wW0RTjEA3L3ee"RL=9
11 D%~DD[jPZ+&JEGi=&?N=,lLI^oRn'='eA@*Ust*T};g_CZD=`)hpu;qUdD7ON'AljWnxM4MeN5
11 DzrTgFqO__NmuA|ZnJzXsMQS}Q,{cR10\%|;4dxV2'&sY_5lSTb|#;]o'h'j;Q5wU3M%2`Z]f
11 Ormjy{U8fNml0Uq\L4qe(.d&[8
11 s4Chy}nM-LL2^$.}c|CiCn=]Y$i[v^z&qXf{Q)1xKu4}&$*KwsX|I0ZD{\K)CvEJxWXIU;O
12 .RIzg-:C/+X'EONsjxHpW>6N;.?}$gG2u)ot]'=Ep-Q2R6eo1!Bli`2w>Oj/K9Q*Q\##3,?J~jwM
12 33pJYv^p)^21^NbYM=GSm*[y/#,Wn7RJ?j/w{(i?f6j_}M9#'*j6fR{5)E@~lsh1pWO/
12 3_;H8cal.Yeejo'yD7=Py60+RegsFanXBD!s({`5V`5AQ;;tkq)aSyhIJ"}qO:.C]rn
12 5(@o6s9;?yh3y'4[9jMFmdE!DxH6xxvH;7RP+k'den#2c!g--<=,Qf3S_%yXC*!>q?en&."1Q$BP>
12 @UP'.aX})x6!U;;zkWk-^v>){&(X77UW'@w4#j2PG%['1.%>2uYHZ$^"kH
12 q&4(MUGgB9X4J@9hl5cW9&Q,N8rf;GH.fvO4Lu6*ImW/Iov6&t(XyXcb+qdF9-gti,x5DA+tBZ
12 sy^p%JWG&EV5j6vg%.,5@a}kVC!WWKSKE3WcvI+{n`KsuB\6jgdEMDoRv1:2f)^_&P{N6{1
12 w~Nq-f}2cZ{qHf'DW>,@F3O6%,b8|b*0bW<*?T;=/7/V9O6+m[JNmxd-?a^<^ge[Y<dwo!P9Ou
13 -xcxUuDa^(e,$?2&w#`2[X@n+K=|WVf)48)A8-X$,#lUx}tp"V=vI]F/!D!;
13 E]ujYr'h9%3R5Ra[UH}vwI#F{5@\KT$,2xu''8n?<",jTlFDPE;H)W)%'HzQ|}vIvmO9@?q[Z/+w},O
13 Y+^A"ixqsr<w>>Ze5>"qUC0;L|HMFuD0}<u."wAz%IFBf!CzX^)I"RcNO-z1#Y@<t6I1H%,LMR
13 Yzw`Mr1%lV(Xh]:wE;75P9"xZkI53lx'$,fj}vn'hvxQn4c4hyc9M~3('[=9bP@e\'Pt9Zz"ktlZCP*
13 ]Ej(L=^AA"]Ykf34lLqWW=5+Lg+t2}6_<,#2}G|[N_O:`bNMI@&;w:E^<OSMg$H$0JP,JO8g_m
14 "d&wuMUD':E]5$va6#{w^uKbKU?P|)79(<L}$"\F4+n_i`{HVrPG2n{ayfb7d{8\|\"Hb=)-b)?/\P
14 %s;oK/*f1bm)T~*#^;,1VulR#f~$2I,6W`A$nJ%;GqCzqg9jKsw,Pv0{gb]L/!_9d42BjOqZ!GDV
14 &H:;mkyPV)[H)#(P(4UHNZ`jQX/XeRXjz.'hx;TjD0MLnkJLN-f"*B2[{!C&rXd<?rnpib]82
14 -8?;ihfGeyC6mf`rV:KJVAJByAaztE;"\ZV`]=B^7ds?fU3=*w#`9L=M(9H7]b8TWm5P+W/
14 :@d0\i<%EhQ4JUkX}CHlNOp(%F7$-r5`N5+E}`I]Iy{7SBE}=@
14 F5#25Wvm#o3mv_EV;eqwuS6]}.F-?&@dU\2i4)WPwj>+d|`~cl2s[GQsT3!/8Z.lQ?VdHIPZ4md3k_
14 K\<>v-*Xj+<(g/$x=}q$#;%>ZLAk9/\}jw={?`U+j,LS:ifqgXtj0>pyEGA`
14 K^gb,}RQFOE4|IenFf!n!;akrtJ461Ean.DyFuKk$gQ8\D1!;}k1Nv,B7=]2J?Y:&7eT(Vk+X>\5{
14 R0.ml&xz@V~E^Pghn3l\Tx:}UP1>,SFwbn"OsydG=\mjD=%>;wOL,<1+M!PUQWKD\YxK7>-nyG#
14 TA7'>V-O*,zxx:WUsVWc>CPU5|Z2CbF3>\9\MF,VkAidZ[-&pn)%~jK@-S:C6TN;Aqsv/D=a(TH
14 `1E<cK$+9gi9Fbzuu/l?I$p4I\:.]D?XT~/8J2\b4a6sD1jUYWs=udP?\&fTI
14 iwZ/*$bbMF9rAEhmp"a6_#7J6*XD_P9cb/q'y#('(/6%*5_gG>],nJM#RrMRu]3P[u
14 q1`up-Jb~6vfnU5V^ZsT/&1G4s!>eFwWqrg|~3_9HV!QUVG~U}MDmk'
14 }V<ONB$`goetB/,-YY1'3@{eJ6N.=&J%#f\|)p(pz)esRW1jhHt+*!,wwx`HILu]e/P4AR.Qpi_
15 )E@sni:Z(/~*!i7=x];2=V!J]=T-&d\H*7<3;olC}G`L<:`n_0u
15 **=b8@1R'ZeVqVlE_M%&*H@\AD:F{4R>jK^!iPy<5`!{#b:HD%56jbKujSkA"X^k%='m);*=6ES
15 1])74.mYjChQv{W1aOb]rR!N\J'0W4Bg,K9YrA3xd6Ju2"'rj$j]U&GMjMvBz:D'~\_q9-&|
15 9"yo~#$tg6'*;(cIN\-GM#&/`.s(K3NcOHmNe,^gA~pv'n@TfM64ix,TGbbsUj=ftJv,+\M>0-Y
15 BccA+l5y#?Gy8^Dp8wEWZ(ifCIBw[*X|l<Yw*m-,Hn&yMck~[1p7S[8u%Z*z}a3j}k|B
15 Cd&h$hydT-QJ>+sNEa{B~QBM?Q{t(Aad&fhDi|CY*/$b931ws-:/wv[QbqF%4(gP6O;JM(feX
15 d)b%6N%X*~J'Lpqm?6TSPE-DPqoV-.K,Q.0fuN?!N$Ayb6}CX!cXCZMc,_hYHD@8i~{SNJ$Rnva
15 h=l/c'?0loN9u\Vm>C&qZ7/2Huj|WhQ@@>N$D)3K3acC>UK[wQglgv9J(?G^(w:HQ#e0Ex[Xt?zy_T9
15 q%`lJh('A>^},s@Z7`u?#EL5Cp>X[n.I[Gm#K{nCxt8bu&y-8tdWojv"4]X*L!RBG[^qWNPjCggSla
15 vI1-f/|`|VPQ?)q^Fg\,XVn_I%#4!e*2IT?0c<+`-uLK%lyQu~d!vyC+ju?Roq@h[D-6
15 yEf;f&y~K)?A?:7]=[DQ95n-6!m)PK#doi!V*yUT#0t[IGSe=v8pG'|\Aj!,P#pA'pv0&g~Bv/
16 (YHW4{Jg4@w0Gzr+17S/]/9w*Ai&7ld#a/vj|MR^=GLcIYnYp{X)IuSw']5GA^gM9Y3}YQW^Al^q-\U
16 :&b9rgP'Vjw,aQCEp=v=3X~x&T^I}@](p_[caF&81|]qi!QZWcv%<v|[Ku%c6|k'\a&>(+o8(MDpgte
16 ><Np(7g7$nzEi^>S2QR,{R{*AS5V/PaLk0=.`?_c.ZCvT`JeM|,Ii(R+tfz$RvO>''Ld6)t}t+_X'K
16 J(D2'p9-Lo`0[!08A`GY;Ct'RaztL%!1,^BMP[s7eT=KdGZe$K#,^an`bftB^X^+
16 M#wH:@DK-AXp1#pw78p<@lJ|?MxZhD$SW*(y/}S44a]msmF]x?OfMxYmF(5Ip\|A2o3~8|2ltrfxPx
16 P11q-r-9\47Z=BN"{P1V0et\?:^j_%R05b<AoHsf[EA4gn5}Y_oO*$`{\x7f[,9>vdm3.uc9ZxZd
16 V=5=qGZ{Y\v-CNYdf<zDg9QS\d8IzG)r)BZfZ)&&C_^RUc$mP]y82e&md=7z}Zm'7bl-j-2.ko#Q
16 VXW,+>WQ;8,%lbHXYydYl1U{NheKJ7C;*5`OR8;ljG-WDn08h/qVYGl(0lms?1/H_o22X[pS+S$g*
16 WNqnp+vV|36n,.|sm4%Rqb!vI~;qk=4C''LFcq9F-}y~)-7-Xp2pTUjxB_r'83WZ
16 [_8_sN{z@x@~fK@%78s!Ek)vxyaOOt2ETL!F{YoC$T%"0vn9'=/8x_37Sk;"N48S#;k+
16 `dy::r?4vp^Fmyf]]uDS;~f=*7<|u,"p+6,^*dr;VQa^e|exvo'jxZEUG7
16 cH*>X^D~X/KZJ!jgkdW3ae6KYUZ/[XcY!l2repr?~>4IX}2D|$q_h(+]]!C>so>7yfc_4I0j
16 h%}0O12qz8.avQ|.dU/~L5-x%l{/]8ha<"p!#a9Q>/O-QJZ=HP/YN~_FDjeE[:u_\4_^04Jh
16 lzSm`(!s*^((ZwR3[7m\A,j&&&6_C"808k8wrR'|2.?k@,:7BBr|M^#l}Sf[T}'k%>c3piJ#2h)ls
16 zCUKz6k}@Q#Zw02?cB_a|h,w\~`.mx68=&^ZHtEJ}5{)+/anjAPgEuz"1u/9n_j,dI!.Y_qqtmy~7\
16 ~2sjvtk"lR3^D\G%'v`QHua6p4M|Q\iPmw<d)B"0s4)RoOV2`Qb)G^>9q&PC{T.jG
17 %c3;xR5:k6d,;6]I7#OYxHSZ2=iD{Y);WUVP(&ir;i9U:u9Pwh*-1w"COk"f_D"7xWf!\k.3o`#*V<
17 'pBXZO].k:P|qz6?wV5hB~"l.LI^DZ#Je^$Ao.F_Px_zi8f&o^HZ=AOaB(T5'q69x(,hOQc~J]6Ot
17 (.H\/EH7UA|Lnzkq?7&Mb0M`SG@O@Da`vRJ3e;Y*W__Uak4>ljAXLc[zb+s=hU}z
17 ,~\T~fzef%!=!(J1Q]Fa#BkJfe+vL1Wq0NzT-.\dcm7.6NO<rD-7PAsl)0t/.4ccb.S-]/8U[Q2P
17 0O[07z1mz88,$tmx^Lp+Bn&5."$UI`GSaBmR8pL0HN[[1Ionu`58OTfwo&M9e)$7A7'{*k$?@lb_y*q
17 3#NbV<37Hqf;aXa+>l[K8\\!7vN:8bcdd3bVN0(2<mL9`HC}59dftAg,8P`iNDh3pe$Z1+kL4
17 5oQJ0FQ$ZE"WOr<0Fc|E"T-'=+ONuENCQ~Toi~O<`BU!~!UEt3mwo4FDp{,-EkON(B"*F@"z
17 7HIIX%X*O{]\,U6[|,Q}#OC6FJq@;y1RBs65x)Ywkyf++
17 J\(MTzT0naa8vd^1(lVy#/u@N.J!C-Jmhk;W"*"ojcB{H!-i(bc*pYJZ"/ZEU?MY+#1F,.Q}
17 Q85.B&;lpUpvgj>2aMW$KXw(7jeBF5MC6TJ/Z(RDGjs%N_RpH+/r|By5-`pltX1E-t
17 SXiGrpsfWds1}LDa%\.IZ2UTy\^qTxwBka%_mwFEv:U'0rJ`CE/ihtHPqVQFg1*$}%fZ"5?G
17 \ebj(.9U,g9xP9&/!`.,WN63#{y8Jcm'cPpjx*[%ps9\-X&G94l,a#X~}RQH6?hy+Z~>cZBoNtQxuWM
17 caES|yO{TU}wr.BYCryPj(XZuD=5~C%b+o-8C|%}7QSMW#y
17 ci)l2t&d\z4{5CkL$;sj}|aHHKNv,wUdTBP:BeaXF@ZSN6XOv0O1uR?s5XJgyMLWeY
17 eAxbId?2}6)vAe,grX05:4/YHQ.-c7vCW(.ANH3=43@TB&GLlcUV86oAXL'mvS>AtKa^P,D}tp
17 hYU;tde\?pqSo5qm1g;V-F2%kQJ@9wMCln8g8~#pps^zCQ$n9kas+MaP-\2WBo,-(ayfQ!PS5q)*Z
17 hq@?K+VSAn[Gqk~vz+yg(>Ar3s]e.V?wq^[}$Z_,Q_S]KlTavdgaQ1a>x_T356qbVTyJ1UECh#]q^E
17 p\3$g8g%IP.P_i)KhT4Nw:"UrTm"A-6M$bPkySo^>8/|#8b&'vS}Kn/BoE^cC&Jl1tO{8hsSiiiP_4
17 |mx@-:h(k!&|I8jxP+R\!-Z`V`#]P#;hp4)8hp@npEkUvqNa{;?8a43Rs51_8KH_N88Y9@1/C+JaL]r
18 "=|)vQP6T$X1vQDI3`vkX+9[&|~MF_Quv?:9tWVK%s"Z&gs98J%h*_]rF`h9Z;JQsc&i
18 "_[83^?II!A:gp9(Ai!2QA)<[;Zyo)f-#C^5<|x~8:9~EQ(eVBmL7)&LBB1P^H6^k}>L
18 -uS2bfXpwMO.&pA1;%iRu!PLV:53=0RQ962'*6|8F'>joBqZ!Wo)kIW=\j0BQ;9oGz~LM@KZTa@"P
18 .R}k.jgDg*E1^xs]`yNWtL^Zu3j@0lQWYiC#TE`VO@gH9[&yonkd;K?*vBp\`ek'$c
18 /<:a'V@"Jti+"Si1h-fNB{;@V']K}(cGC8)InIdS>h]YVai?)PmKgC&>Ibia%g*G~2+)tE}2S0'
18 =CX`2/zwK%/""@G#1RSNH'n3;Ir++*PM|9`wV5,PO$GVQ`)'3?nt`]C6'6@\sBKN=|AlDDk"+EV
18 F.QWkf\x?e!J]n{"o_>.kY0tQzAS>!/~.zV5aN."4Hep7b-ABJO.>^=otx]3xl2'g$UcQb~~E
18 M|'[VQi}1sK\7w1MY'P!t*=Y&1~-(22<oe)cOp-:|XkRxL!rz
18 [},*B3Z@s,`*EC?PY6c'@/3kWs~<#Xk]W2"4Dun8<i[a-yLfJJ#S;:8'WtN$6ezP0n>Qe5Fo[Pv~
18 ]T8D!c#$p;#*]kLg)D;,)/n8[ik#*;$E}aRhTIZ21$&AW]*s;D!Cl*Zcy!5Ep8n!G(M"V1N\VKfh/#
18 c`tf0Cr8;`WSa_:NI]'QTWh1l[TFcY'GT6.}X;6.z)`wgyF2r:6mM#Rqy[xJ.re/F:BrS;m.n{U
18 iM]]C?J7r\R<s-J{^hR]Kz.AI7&u=!BAg:}+XHAf?r#N;LJxP7pz3~<uP\((\IHDcFhjWr(ad&q
18 lC[Vt9tSu#;8z{8wJ6Xl\cK"K+ad~~]T+;QBrH0yDPKSr}K=N>E+"+,L5(K4B*#L^T)Q79?4lG_2
18 o)O@~V"7."-~z>du}D]#cfd$^RaJ2Pa9
18 tMQV"~D-{`d6y7f\fAFze!z$cU_m?oTN=A@>Z}dp^I'ry)P{cu?Hd{^D@iU<^%B5VF`rH
18 u;nT9P=nsaGpxf#e(vK^h"KBqm-Lmbs}8|SPgoZuk"gdg%d*z0SFCIqwMO|h6Ba3tY(_
18 |G?!W-vFlZ:r"m)Ilzc#)xEhp.}8Yp~pR>p*dgiQ\%D]qL'xai7ic[mT$k'_7Vv.[&In8;K~o$MnlZs
19 1GX9leg]&oi{u|Qj>avq`Fm;[>{>\m5(5)@<m(4.w}*)6ur1#d{!1[CIx9p;'3BoFGcumhS=$
19 9)lvri:L/Ii,{{<t,b/:u@tG#f)(5J,NSw_F{yWJzhbM=xQ7?jcA54rr(]HbC>NrN#s=qe"lNcT{
19 ;E"n\aD}KBx4t!{3p]R%5P,1rF+44cqOC(Zy4(;iTwA\haG,f}1+$g1}a6$PJf7rs.lB5(G%!
19 FI&'lUem_E*E>ag8t>t?cV*SCXnet-RbzQrIDsQIb4J|3(OE>{d=<dFi*|PY>A]6~bAZ
19 Lf~CTnFZt$Q6jys^"Q;W`mM5}OO6dK8LLQn!@5ZPRFeXZs7[EQN>/ONSlD>E#%>LO=Sh[4q.mjnzG>_
19 P7;S6DxU@BrP!:>E'tH3l2`Vzv9>kC5<si+DH>5g_(Ry\oYb!#tl4oCI#[fm9~b&Ra@5Rk3uJ@
19 T79#k{ja\UMP~@PQxp{RL{~u5DAK6Emv-5t9b4wjNb"H*#cmjYUMLHHv&@Ux/kr<XyoU.g
19 xPZa\7,8>z()3lWs/O4ewuNeS=W~&w`nEuSEdV=;z<xaO7`h$
20 %Q?)RZht?lRi7gN(N{<qKni5gUv.NVeIW/-q_7dw>hz?}(vgI1)
20 /GCA3,/5=G_^e'>):qj&sP5:coqXJ(@Xhc56*CKF%E%je\r:N]?CHTv-D$~)+@a/$u^-SDlWhp\ONih
20 4O@z>*UEh<e!$g>9I_(\Rj{`tqkM;rph\1dc7+bOR2G#PQlyCQ`>kL'n0x&Hd<-^h9
20 <KGKxY!<b(_m.@|wnC.ALTALm[5qUam,-5p&)q[kxUsAtqS~5a@zP`b?Wot"jSp,DmOP#d7
20 >a$@7o7zaeQ}>"Lr/&-M(S^}[h.9od[sV%XK{u,)uvANx(BB-Nn4<hLWCJV'ao|L5{&&e
20 >~U{|;?2NN2e`=CN\W}g$,H.Z\,LFO@}h0zfJ:w4#D4|{VKXIcZfo$/Jy:1@$Q0g8h
20 I'.u$sN/'7]5<hoM>/7o%QZj(s;U1Jstj<jm0S77i/e'vA?V%Iw|6K]UPNK^GIAF6`_dTBI3!rBa`
20 M:-/`cROrjR=\Cu>0Ta;iUut)<b,$kb$24XOza"2UB)(a{(qjh-T>=IaX,(v3,D5=1Fa5yD
20 `Zi:=)kuR-eXKz/$xO|aQm;s"fte]hyndfP18P2,kS]f<wWZ|h"2;W62SA$$5?)9#A)!O<?$(7<P*Kk
20 a.HoE>61kVj<,];0KTxk}JwR{DUCA+0=9q.q@>_210N30)KtUdKLhjAx$HRMpzWm$~_]XZnh
20 e4V%o~gd1=9E538h,JFwGJW5\8sSkcbkvSo"RX"bt:C*LZ.r?h[Mg]R@6"Ha?+1<VV>FNt0vb'T=6UZ
20 j%B^WILM}$Sd[s/N,Pc@vDK~~+XU0kQ^mouf8]O={)`#%u
20 zNyP92B4a{F81/sJ1`X\*7"}Se~2$@@~)TOAepUalz49E(bUg;L,lMEZ4Dl7}GP'6~G6,7v3M
21 1jMw1dbph1Pk^ARazb("IUSIcM&pv`b(e0:u/{#PpK]8H@N2BR]g3(n4a+cqqe
21 3jXeTnqWT4&qf^O%:J$*D*~CY9+-91LL7%L&r>]GQ|S8v#<1gY;Fcr<ph&{,Qwf/g5Zc4
21 ?D[@~goLkR8WMja,)>ku|ds@%XG5Mug\Yx2a[>x$>[]P:l5AE!QB~F{$}C8fT~].4no*H$-e^j6
21 Ui56=(Wb+_m,A$j]TOrw(7qqjVT4$+a`dq*=]Y#mY&7bl^miJc?&*qYQLPZExg`
21 UszWP@.lBwHU_9kDV_9?Qr]|9NjYXFk.:g~&B--~@TT~(@]];1|k?t$WDn1{O
21 `P(r3\MV(Y3zKC8VUNmG%.NhFmP?b:D]%LP8C9mJq;_Wxv.NF7tdD^N%L}DIRgELirOF+"~
21 a)Y+FH0^OUL_kw)qIq#>%tS:k59!D//#?x*~A9^+)E&/>.!":$Y>w-q}[+~!:H=rAFr|xk(l<Q[k
21 dsyB./ZG:][.\c?p7{DV/T\gA<g,v."+:cFcMS,62Y^)a_$h4mkcD:G7V0_a62FHCA}GB2]S&<
21 je8\5s/)aykDebvo~JH!GXTi{<^*/}v4}I+4W9<9M)v3&n#?Se?5X/~TJw^Xuo'0:1C,I^E1"VCBE_
22 'o&%zV=|'yNfEZ(yT8L2GBEDFgu<P')t\syxK"d\Xo+?8+*3AIQIF-ffaLKE|SWFMH
22 1Gr6B2'JLl?/|skR6WTz^x.0Xf0c[sj'h$XB5xlzf,D}:0QP#&e`9r,-s;oP/upvxITH]ACDfS#{2Zc
22 9X#.k3^%Z97Y,;F;a5TbjiG|MThZlEK@8gg$y`BnxXI@/*Zo>Il@hnP`NK=A
22 <=#j@xMpzc$shADcBA5B>M9UDT|Bp@SS7^~D"/'7mK]V'<Tb]%%6kWj0,$Q|C?Pt9j9:x]Q4'4\>W!Q
22 Anpr1Q;%'wy-J[BYCGsSlRuT=kI9)9A)q6*enGITBN\oP);L!E+/*
22 ECDOu:os:=TT;6-7!vbT2c-%0ub!C9kgu0RlJBzc^O8xd_0~p.n=pz[<LP>zoQ*A-3v[V:HaR
22 GYdT>JaSAw33k{^Q$84ue0ZMCy`l[[5$54ql]m@9fmKRiD>(uQ|\zXDXl%oq$'1$vPea>(0e+L0.Ns_
22 T+s;q#zn-S1Pn%rj!BA`q{2GQB4Cf4!V?s,K2':>"u}:Kc@V'_!Q=MWH_L4Cf>E@n@$qG'ab{
22 Y6;X~%m}i@J7q9QLh-{U~0/3BHXzW/HPvZUc:.y-s-cI`xAC!>\#]zqmcEb")!
22 a>f1]Nr2Evo4Q0OIcsB!^1gF4Jd]/5A:{_/^MW!9N+f~:6c}.NS#'ZgHo~\z3@l|jE{}t8t8oR
22 a[_9%UoBiGN;Io!h[/`qQdLRy72x9Xdi?_^9ob:7d1DTI6O^?eK8e'A'_C7yA{j*5%^3^S^_GH:
22 cin&j}49'eDpWUQ)RZj13>#Sm_O\lTCQ?3pDK&wR&<C\p/!]$jmQC+%Kim(pCJ\{vhZC
22 ovH{8%`"M~zi*obf=[mi|olRT>PSW09G'z]Y!XZMWUQz_5b|+Pf(ASt0,_bbn{Du2<O2sDxfyK#9uK
23 (}!]YU8mF@URB31pNI%Mz>f6bRWc)xuJ21(&f?&|:[eQ[EDf5O5%okywcKLG[fpA:Yvsx8,3rp~0=
23 /i]fh!IUhw`p7((:N6hIc|S)64Rsvf~&Qvk:3O*zGjkw-/2tDz>(3,JI?{Ws$Os*k@<reZO_Ifib8
23 EMW4lQ`P=yFhkvVG0fe%oz#RI(jO@-Dk?ZrzDkWo(ho=M$GZGaL8aeFf_$|kQbRMw+"<C
23 FF!S!^KT?0T'G_O1"<Uu$PxUGb.his&bLM:J*JGS]=X_RQxYR3$
23 L'vP:2%%UNe+,awWxvh.U*rjNzat1pXaTON/fgRX#8cI4[;O|d^ZYzmZ2,vUCf3fpTi$tV_xGLE5
23 TT@=o@=/)tGkThb(Ty#ck)1A7<+rg*m<]IshhKv,AX20A070*T.t\?P.tZ"\}*4vlB_pl
23 \MWCxcgCc2q#^&&-'rf7Lm0_BnZ-YrH6@:rS8Zuz($|eC=-dK.6v{EVXNL65_Y:@PFHx2-fP00Y
23 cGXziiL:!"WX2ODo3VOV+;bT'gO@o,9)z}XX]o}d><dH")'aYoR},5SL8=kBI@J^>=Qz
23 v&MI^m4v7KpM"#t]B>fZXMscP[RW6`.5=ok{];.te}\#<Ry]+`8}.Fax#NPRJx"fh)}`C,oCEM_`:Y>
23 }1;[1-3u_wU-i:$4D~=@J1P(l!-oeQTc{*?.6k>0}s=h.@{kZ9F?cvFQvl[v>Jt;SNb$T!3S/OVV+
23 ~>=MjMb/2keJtw|G<G=+p"7}w*K,Hg`rlb~V?U*Uv:~'L{Ng]j-h'^g:gME05'=<$W+Y;F
24 ^*%I?/Qyr~#k}I+_B`YD`5}7yu'y`Ye@}j$=4TR(Sn.l9SfZ4@~0U8FOHgI*[IIY4f2b>iyK
24 f:p|ViZ,6wa7\?mKfs0]<S/reIbl'{sl6~j'%E2:Wrj4MYq5U/',-E8^6@DIp2ZfI:[I)T]~cc(NP
24 k}rJNZ4W(;O[4hY%T%B_W$qTqr>!)$Ns"AXj6'B=B,wUtkYFfB*pAXGAMwc/.F]#X8
24 ~2MA><giDKwB|10N3;)*'Dp'F0jO+z8*G~e~;M$x3m,5fh^eJ!kcW/B;P1B44h#*&,
26 NM-Lji|Z:55KX2p&Pg>G5}l&i/+i$e>R3d}8O6qhK'N>S?C>Az~Uyktc5~MS!'A0?Mc\$W&Zjp~zGJ
26 [MXS'0OphX[p$C4CavAesEM|lLIvoY"K'Z:.%$9([sxxRG=4Y]xM#`d*GH"
26 p7CbTO8`Co`K.IYJ%L5:Spp0|$d-*Yoy+Mw^{J?Y::?bbw-"E[U3LY?Mckp,P5TMQBa~BFO97G
27 DG!NkHk!KeB|`}):{)V,tj{849/6'aeJ*!x0H\]`GJ3pb]5x@{;jAI
27 m6c%@gpzl3*(g;RvJW3O`C#vslAk8yg~>0|J9O,s?r[f.[-y.O"KSj^u+[a\pcuIx_xWuMoaMraN2N`
28 {sOp:n;x7@6V^}r%j?NIJ;SjqsPMOYLeh{V#j-z<LKqEJdJO?34$M"m@t?l^3:^zPP8"_{(qj(m
30 NM),$[T1[8sc?+WF`{=WFE,>_*"frkB8I,@x{u>w<Df@>~(}{S4|
