0
0
0
0
0
0
0
0
0
0
0
0
0
0
0
0
0
0
0
0
0
0
0
0
0
0
0
0
0
0
0
0
0
1
0
0
0
0
0
0
0
0
0
0
0
0
0
0
0
0
0
0
0
0
0
0
0
0
0
0
0
0
0
0
0
0
0
0
0
1
0
0
0
0
0
0
0
0
0
0
0
0
0
0
1
0
0
0
1
1
0
0
0
0
0
0
0
0
0
1
1
0
1
0
0
0
0
0
0
0
0
0
0
0
1
0
1
0
1
1
1
0
0
1
0
1
1
0
0
0
0
0
1
0
0
1
0
0
0
0
0
0
0
0
0
0
0
0
0
0
0
0
1
0
0
1
0
0
0
0
0
0
0
1
0
0
0
1
0
0
0
1
0
0
0
0
0
1
0
0
1
0
0
1
0
1
0
1
0
0
0
0
1
0
0
0
0
1
1
1
1
0
0
0
1
0
0
0
0
0
0
0
0
0
0
1
0
1
1
0
1
0
0
0
0
0
1
1
0
0
0
0
0
0
0
1
1
0
0
0
1
1
0
0
0
0
1
1
0
0
1
0
0
0
1
0
0
0
0
0
1
1
1
0
0
0
0
0
1
1
0
1
1
1
1
1
0
0
1
0
1
0
0
1
1
0
0
0
0
0
1
0
0
1
0
0
0
0
1
1
0
1
1
0
0
1
0
0
1
0
1
0
0
1
1
1
1
0
1
0
0
1
1
0
0
0
1
0
1
1
1
1
0
0
0
0
0
1
0
0
0
1
0
0
0
1
1
1
1
1
1
0
1
0
1
0
1
1
0
1
1
1
0
0
0
0
0
0
0
1
1
0
0
1
0
1
0
0
0
1
1
0
0
1
0
0
1
0
1
0
0
1
0
1
1
1
1
1
0
0
1
0
0
0
0
0
1
1
0
1
0
1
1
0
1
1
0
1
0
1
0
1
1
1
1
1
1
0
1
0
1
1
1
1
0
1
1
1
0
0
1
0
1
0
1
1
0
0
1
0
0
1
1
0
0
1
1
1
1
1
0
0
1
0
0
0
0
0
1
0
1
0
0
0
1
1
0
0
0
1
0
0
1
1
1
0
1
1
0
1
1
0
1
1
0
1
0
0
1
1
1
1
1
1
0
0
1
0
1
0
1
0
0
1
0
1
1
1
1
0
1
0
1
0
1
1
1
1
0
1
0
1
1
0
1
0
1
1
0
0
1
1
1
0
0
1
1
1
1
0
1
1
1
0
0
0
1
1
0
1
0
0
0
0
0
1
0
1
1
1
1
1
0
1
1
1
1
0
0
1
0
0
1
1
1
0
0
1
1
1
0
1
1
0
0
0
0
0
1
0
1
1
1
0
0
1
0
1
0
1
1
0
1
1
0
1
1
0
0
0
0
0
1
0
0
0
0
1
1
0
1
0
1
1
0
1
1
1
1
0
1
0
1
0
1
1
1
1
0
0
1
1
1
0
1
1
1
0
0
0
1
1
1
0
0
1
0
1
1
1
1
1
0
1
0
1
1
1
1
0
1
1
0
1
1
1
0
1
1
1
0
1
0
0
1
1
0
0
0
0
1
1
1
1
1
0
0
1
1
0
1
0
1
1
1
1
1
1
0
1
0
1
0
1
1
1
1
1
1
1
1
1
0
1
1
1
1
0
1
1
1
1
0
1
1
0
0
1
1
1
0
1
1
1
1
0
0
1
1
0
1
1
1
1
1
0
1
0
1
0
1
1
1
1
1
1
1
0
1
1
0
1
1
1
1
1
1
1
1
0
1
0
1
0
1
0
1
1
1
0
1
1
1
1
1
0
1
1
0
1
1
1
0
1
0
1
1
0
1
1
1
1
0
0
0
1
1
0
1
1
1
1
1
1
1
1
1
1
1
0
1
1
0
1
1
1
1
1
1
1
1
1
1
1
1
0
1
0
1
1
0
1
1
1
1
0
1
1
0
1
1
1
1
0
1
1
0
0
0
1
0
1
0
1
1
0
0
1
1
1
1
1
1
1
1
1
1
1
1
1
1
1
1
1
1
1
1
1
1
1
1
1
0
1
1
1
1
0
1
1
1
0
1
1
0
0
1
0
1
1
1
1
1
1
1
1
1
1
1
1
0
1
1
1
1
1
1
1
1
1
1
1
1
0
1
1
1
1
1
1
1
1
1
0
1
1
1
1
0
0
1
1
0
1
1
1
1
1
1
1
1
1
1
1
1
0
1
0
1
0
0
1
1
1
0
0
1
1
1
1
1
1
1
1
0
0
1
1
1
1
1
1
1
1
0
1
1
0
1
1
1
1
0
1
1
0
1
1
1
1
1
1
1
1
1
1
0
1
1
1
0
1
1
1
1
1
1
1
1
1
1
1
1
1
1
1
0
1
1
1
1
1
1
1
1
1
1
1
0
1
0
1
1
1
0
0
1
0
1
1
1
1
1
0
0
1
1
1
1
1
1
1
0
1
1
1
0
1
1
1
1
1
1
1
1
1
0
1
1
1
1
1
1
1
1
1
1
1
1
1
1
1
1
1
1
0
1
1
1
1
1
1
1
1
1
1
1
1
1
1
1
1
1
0
1
0
1
1
1
1
1
0
1
1
1
0
1
1
1
1
1
1
1
1
0
1
1
1
1
1
1
1
1
1
1
1
1
1
0
0
1
1
1
0
1
0
0
1
1
1
1
1
1
1
1
1
0
1
1
1
1
1
1
0
1
1
1
1
1
0
1
0
1
1
1
0
1
1
0
1
1
1
1
1
1
1
1
1
1
1
1
1
1
1
1
1
1
1
1
1
1
0
1
1
1
1
1
0
1
1
1
1
1
0
1
1
0
1
1
1
1
1
1
1
1
1
1
1
1
1
1
1
1
1
1
1
1
1
1
1
1
0
1
1
1
1
0
1
1
1
1
1
1
1
1
0
1
1
1
1
1
0
1
1
1
1
1
1
1
1
1
0
1
1
1
1
1
0
1
1
1
0
1
1
1
1
1
1
1
1
1
1
1
1
1
1
1
1
1
1
0
1
1
1
1
1
1
1
1
1
1
1
1
1
1
0
1
1
1
0
1
1
1
1
1
1
1
1
1
1
1
1
1
1
1
1
1
1
1
1
1
1
1
0
1
1
1
1
1
1
0
1
0
1
1
1
1
1
1
1
1
1
1
1
0
1
1
1
1
0
1
1
1
1
1
1
1
1
1
0
1
1
1
0
1
1
1
1
1
1
1
1
1
1
1
0
1
1
1
1
1
1
1
1
1
1
1
1
1
1
1
1
1
1
1
1
0
1
1
1
1
1
1
1
1
1
1
1
1
1
0
1
1
1
1
1
1
0
1
1
1
1
1
1
1
1
0
1
0
1
1
0
1
1
1
1
1
1
1
1
1
1
1
1
1
1
1
1
1
1
1
1
1
1
1
1
1
1
1
0
1
1
1
1
1
1
1
1
1
1
1
1
1
1
1
1
1
1
1
1
1
1
1
1
1
1
1
1
1
1
1
1
0
1
1
1
1
1
1
1
1
1
1
1
1
1
1
1
1
1
1
1
1
1
1
1
1
1
1
1
0
1
1
1
1
1
1
1
1
1
1
1
0
1
1
1
1
1
1
1
1
0
1
1
1
1
1
1
1
1
1
1
1
1
1
1
1
1
1
1
0
1
1
1
1
1
1
1
1
1
1
1
1
1
1
1
1
1
1
1
1
1
1
1
1
1
1
1
1
1
1
1
0
1
1
1
1
1
1
1
1
1
1
1
1
1
1
1
1
1
1
1
1
1
1
1
1
1
1
1
1
1
1
1
1
1
1
1
1
1
1
1
1
1
1
1
0
1
1
1
1
0
1
1
1
1
1
1
1
1
1
1
1
1
1
1
1
1
1
1
1
0
1
1
1
1
1
1
1
1
1
1
1
1
1
1
1
1
1
1
1
1
1
1
1
1
1
1
1
1
1
1
1
1
1
1
1
1
1
1
1
1
1
1
1
1
0
1
1
1
1
1
1
1
1
1
1
1
1
1
1
1
1
1
0
1
1
1
1
1
1
1
1
1
1
1
1
1
1
1
1
1
1
0
1
1
1
1
1
1
1
1
1
1
1
1
1
1
1
1
1
1
1
1
1
1
1
1
1
1
1
1
1
1
1
1
1
1
1
1
1
1
1
1
0
1
1
1
1
1
1
1
0
1
1
1
1
1
1
1
1
1
1
1
1
1
1
1
1
1
1
1
1
1
1
1
1
1
1
1
1
0
1
1
1
1
1
1
1
1
1
1
1
1
1
1
1
1
1
1
1
1
1
1
1
1
1
1
1
1
1
1
1
1
1
1
1
1
1
1
1
1
1
1
1
1
1
1
1
1
1
0
1
1
1
1
1
1
1
1
0
1
1
1
1
1
1
1
1
1
1
1
1
0
1
1
1
1
1
1
1
1
1
0
1
0
1
1
1
1
1
1
1
1
1
1
1
1
1
1
1
1
1
1
1
1
1
1
1
0
1
1
1
1
1
1
1
1
1
1
1
1
1
1
1
1
1
1
1
1
1
0
0
1
1
1
1
1
1
1
1
1
1
1
1
1
1
1
1
1
1
1
1
1
1
1
1
1
1
1
1
1
1
1
1
1
1
1
1
1
1
1
1
1
1
1
1
1
1
1
1
1
1
1
1
1
1
1
1
1
1
1
1
1
0
1
1
1
1
1
1
1
1
1
1
1
1
1
1
1
1
1
1
1
1
1
1
1
1
1
1
1
1
1
1
1
1
1
1
1
1
1
1
1
1
1
1
1
1
1
1
0
1
1
1
1
1
1
1
1
1
0
1
1
1
1
1
1
1
0
1
1
1
1
1
1
1
1
1
1
1
1
1
1
1
1
1
1
1
1
1
1
1
1
1
1
1
1
1
1
1
1
1
1
1
1
1
1
1
1
1
1
1
1
1
1
1
0
1
1
1
1
1
0
1
1
1
1
1
1
1
1
1
1
1
1
1
1
1
1
1
1
1
1
1
1
1
1
1
1
1
1
1
1
1
1
1
1
1
1
1
1
1
1
1
1
1
1
1
1
1
1
1
1
1
1
1
1
1
1
1
1
1
1
1
1
1
1
1
1
1
1
1
1
1
1
1
1
1
0
1
1
1
1
1
1
1
1
1
0
1
1
1
1
1
1
1
1
1
1
1
1
1
1
1
1
1
0
1
1
1
1
1
1
1
1
1
1
1
1
1
1
1
1
0
1
1
1
1
1
1
1
1
1
1
1
1
1
1
1
1
1
1
1
1
1
1
1
1
1
1
1
1
1
1
1
1
1
1
1
1
1
1
1
1
1
1
0
1
1
1
1
1
1
1
1
1
1
1
1
1
1
1
1
1
1
1
1
1
1
1
1
1
1
1
1
1
1
1
1
1
1
1
1
1
1
1
1
1
1
1
1
1
1
1
1
1
1
1
1
0
1
1
1
0
1
1
1
1
1
1
1
1
1
1
1
1
1
1
1
1
1
1
1
1
1
1
1
1
0
1
1
1
1
1
1
1
1
1
1
1
1
1
1
1
1
1
1
1
1
1
1
1
1
1
1
1
1
0
0
1
0
1
1
1
1
1
1
1
1
0
1
1
0
1
1
1
1
1
1
1
1
1
1
1
1
1
1
1
1
1
1
1
1
1
1
1
1
1
1
1
1
1
1
1
1
1
1
1
1
1
1
1
1
1
1
1
1
1
1
1
1
1
1
1
1
1
1
1
1
1
1
1
1
1
1
1
1
1
1
1
1
1
1
1
1
1
1
1
1
1
1
0
1
1
1
1
1
1
1
1
1
1
1
1
1
1
1
1
1
1
1
1
1
1
1
1
1
1
1
1
1
1
1
1
0
1
1
1
1
1
1
1
1
1
1
1
1
1
1
1
1
1
1
1
1
1
1
1
1
1
1
1
1
1
1
1
1
1
1
1
1
1
1
1
1
1
1
1
1
1
1
1
1
1
1
1
1
1
1
1
1
1
1
1
1
1
1
1
1
1
1
1
1
1
1
0
1
1
1
1
1
1
1
1
1
1
1
1
1
1
1
1
1
1
1
1
1
1
1
1
1
1
1
1
1
1
1
1
1
1
1
1
1
1
1
1
1
1
1
1
1
1
1
1
1
1
1
1
1
1
1
1
1
1
1
1
1
1
1
1
1
1
1
1
1
1
1
1
1
1
1
1
1
1
1
1
1
1
1
1
1
1
1
1
1
1
1
1
1
1
1
1
1
1
1
1
1
1
1
1
1
1
1
1
1
1
1
1
1
1
1
1
1
1
1
1
1
1
1
1
1
1
1
1
1
1
1
1
0
1
0
1
1
1
1
1
1
1
1
1
1
1
1
1
1
1
1
1
1
1
1
1
1
1
1
1
1
1
1
1
1
1
1
1
1
1
1
1
1
1
1
1
1
1
1
1
1
1
1
1
1
1
1
1
1
1
1
1
1
1
1
1
1
1
1
1
1
1
1
1
1
1
1
1
1
1
1
1
1
1
1
1
1
1
1
1
1
1
1
1
1
1
1
1
1
1
1
1
1
1
1
1
1
1
1
1
1
1
1
1
1
1
1
1
1
1
1
1
1
1
1
1
1
1
1
1
1
1
1
1
1
1
1
1
1
1
1
1
1
1
1
1
1
1
1
1
1
1
1
1
1
1
1
1
1
1
1
1
1
1
1
1
1
1
1
1
1
1
1
1
1
1
1
1
1
1
1
1
1
1
1
1
1
1
1
1
1
1
1
1
1
1
1
1
1
1
1
1
1
1
1
1
1
1
1
1
1
1
1
1
1
1
1
1
1
1
1
1
1
1
1
1
1
1
1
1
1
1
1
1
1
1
1
1
1
1
1
1
1
1
1
1
1
1
1
1
1
1
1
1
1
1
1
1
1
1
1
1
1
1
1
1
1
1
1
1
1
1
1
1
1
1
1
1
1
1
1
1
1
1
1
1
1
1
0
1
1
1
1
1
1
1
1
1
1
1
1
1
1
1
1
1
1
1
1
1
1
1
1
1
1
1
1
1
1
1
1
1
1
1
1
1
1
1
1
1
1
1
1
1
1
1
1
1
1
1
1
1
1
1
1
1
1
1
1
1
1
1
1
1
1
1
1
1
1
1
1
1
1
1
1
1
1
1
1
1
1
1
1
1
1
1
1
1
1
1
1
1
1
1
1
1
1
1
1
1
1
1
1
1
1
1
1
1
1
1
1
1
1
1
1
1
1
1
1
1
1
1
1
1
1
1
1
1
1
1
1
1
1
1
1
1
1
1
1
1
1
1
1
1
1
1
1
1
1
1
1
1
1
1
1
1
1
1
1
1
1
1
1
1
1
1
1
1
1
1
1
1
1
1
1
1
1
1
1
1
1
1
1
1
1
1
1
1
1
1
1
1
1
1
1
1
1
1
1
1
1
1
1
1
1
1
1
1
1
1
1
1
1
1
1
1
1
1
1
1
1
1
1
1
1
1
1
1
1
1
1
1
1
1
1
1
1
1
1
1
1
1
1
1
1
1
1
1
1
1
1
1
1
1
1
1
1
1
1
1
1
1
1
1
1
1
1
1
1
1
1
1
1
1
1
1
1
1
1
1
1
1
1
1
1
1
1
1
1
1
1
1
1
1
1
1
1
1
1
1
1
1
1
1
1
1
1
1
1
1
1
1
1
1
1
1
1
1
1
1
1
1
1
1
1
1
1
1
1
1
1
1
1
1
1
1
1
1
1
1
1
1
1
1
1
1
1
1
1
1
1
1
1
1
1
1
1
1
1
1
1
1
1
1
1
1
1
1
1
1
1
1
1
1
1
1
1
1
1
1
1
1
1
1
1
1
1
1
1
1
1
1
1
1
1
1
1
1
1
1
1
1
1
1
1
1
1
1
1
1
1
1
1
1
1
1
1
1
1
1
1
1
1
1
1
1
1
1
1
1
1
1
1
1
1
1
1
1
1
1
1
1
1
1
1
1
1
1
1
1
1
1
1
1
1
1
1
1
1
1
1
1
1
1
1
1
1
1
1
1
1
1
1
1
1
1
1
1
1
1
1
1
1
1
1
1
1
1
1
1
1
1
1
1
1
1
1
1
1
1
1
1
1
1
1
1
1
1
1
1
1
1
1
1
1
1
1
1
1
1
1
1
1
1
1
1
1
1
1
1
1
1
1
1
1
1
1
1
1
1
1
1
1
1
1
1
1
1
1
1
1
1
1
1
1
1
1
1
1
1
1
1
1
1
1
1
1
1
1
1
1
1
1
1
1
1
1
1
1
1
1
1
1
1
1
1
1
1
1
1
1
1
1
1
1
1
1
1
1
1
1
1
1
1
1
1
1
1
1
1
1
1
1
1
1
1
1
1
1
1
1
1
1
1
1
1
1
1
1
1
1
1
1
1
1
1
1
1
1
1
1
1
1
1
1
1
1
1
1
1
1
1
1
1
1
1
1
1
1
1
1
1
1
1
1
1
1
1
1
1
1
1
1
1
1
1
1
1
1
1
1
1
1
1
1
1
1
1
1
1
1
1
1
1
1
1
1
1
1
1
1
1
1
1
1
1
1
1
1
1
1
1
1
1
1
1
1
1
1
1
1
1
1
1
1
1
1
1
1
1
1
1
1
1
1
1
1
1
1
1
1
1
1
1
1
1
1
1
1
1
1
1
1
1
1
1
1
1
1
1
1
1
1
1
1
1
1
1
1
1
1
1
1
1
1
1
1
1
1
1
1
1
1
1
1
1
1
1
1
1
1
1
1
1
1
1
1
1
1
1
1
1
1
1
1
1
1
1
1
1
1
1
1
1
1
1
1
1
1
1
1
1
1
1
1
1
1
1
1
1
1
1
1
1
1
1
1
1
1
1
1
1
1
1
1
1
1
1
1
1
1
1
1
1
1
1
1
1
1
1
1
1
1
1
1
1
1
1
1
1
1
1
1
1
1
1
1
1
1
1
1
1
1
1
1
1
1
1
1
1
1
1
1
1
1
1
1
1
1
1
1
1
1
1
1
1
1
1
1
1
1
1
1
1
1
1
1
1
1
1
1
1
1
1
1
1
1
1
1
1
1
1
1
1
1
1
1
1
1
1
1
1
1
1
1
1
1
1
1
1
1
1
1
1
1
1
1
1
1
1
1
1
1
1
1
1
1
1
1
1
1
1
1
1
1
1
1
1
1
1
1
1
1
1
1
1
1
1
1
1
1
1
1
1
1
1
1
1
1
1
1
1
1
1
1
1
1
1
1
1
1
1
1
1
1
1
1
1
1
1
1
1
1
1
1
1
1
1
1
1
1
1
1
1
1
1
1
1
1
1
1
1
1
1
1
1
1
1
1
1
1
1
1
1
1
1
1
1
1
1
1
1
1
1
1
1
1
1
1
1
1
1
1
1
1
1
1
1
1
1
1
1
1
1
1
1
1
1
1
1
1
1
1
1
1
1
1
1
1
1
1
1
1
1
1
1
1
1
1
1
1
1
1
1
1
1
1
1
1
1
1
1
1
1
1
1
1
1
1
1
1
1
1
1
1
1
1
1
1
1
1
1
1
1
1
1
1
1
1
1
1
1
1
1
1
1
1
1
1
7 7'vP:2%%UNe+,awWxvh.U*rjNzat1pXaTON/fgRX#8cI4[;O|d^ZYzmZ2,vUCf3fpTi$tV_xGLE5
10 H#TDlJSv]`(_QhNYYVOuSila&>w2T'8{C(Z0Q.(I)/)svqMkH|a6"Nw''oRZ1jpS-,W"y
10 7RCIH6{:D^)Ri%TyQ}{Jh=z]u[4u8OWN#62de.9DlBup`ejME-}'9;lSZX\Ao:5
12 v>{BYaG\kV}[6qVtHp21:VDZ9nUP"?swwoTQkzHXQG4#S%v60*FI_i$wXscYMqkE{@2
4 >UV!~+T"mOKxT).vb2@zb`Lgji7Y+TgH*>cDI4]HJ*;QS7Z{`)}Q6o@5AJa_o"dr$H8f[0I@
9 0\gs"Ko=zNd'Id5"mVczauXYPZdnt~A?[*3vT$5iQxo5w@6e14{q*TLsIKcYd%w>-
8 Vs@B;mDmqV%4|IenFf!n!;akrtJ461Ean.DyFuKk$gQ8\D1!;}k1Nv,B7=]2J?Y:&7eT(Vk+X>\5{
7 HT7}n'gpXN"aI<r)x&L5l9zDy}O4jYT4H&L7F4)9aD6+_CNYHy^
7 -r\xY)/6Ohx-5]hntdNZny'iAxG}45fABDT7L|L6fEB6=+%2*l'wg.{)'DA
12 SBCw*2;T2t-R%[^0d{`8[FCiJ,}gd[iq82xu8O^~Pni'
8 "\`j'vup|p1tGTn&:")asPH.<XH7*>8+530;+'FB2VQrEZx^\<[j'>wC1
9 2+i6c.'&ins<nYKVp+\DUL}>:VvT%h67rMh'nd`4.4l^P{\fp{0l</+y0R)aBE'Q-*W6mSczfQtQMk
7 bL\_FJ<9u}?vIi{3EB@)0~rG&(w?~c!B|Z@g*@(PRP!Rtsms8E_%3J0y_8U{F.yVEy4J6x
8 }G@/uaO8#Av:SMaz}h?Ms0w`pxj0eM3csSq&5[=Q74&%zf~5i?axhYYYl_il-7P;%\@SRv&hFEmAG
8 4B;oK/*f1bm)T~*#^;,1VulR#f~$2I,6W`A$nJ%;GqCzqg9jKsw,Pv0{gb]L/!_9d42BjOqZ!GDV
7 eCf%{V;3<#ZqhgWg{/Mxue)kpUKt4ZA4|C9x*yUT#0t[IGSe=v8pG'|\Aj!,P#pA'pv0&g~Bv/
8 |2{6yq5a^ctv9(4^wUzQ(?%Hb*%#AP[>aqTuc$q\gfm!)"x;q0k4No\Lx`NU9HJzOC6ug4=Z=;TC-
10 A7dD8@E5b>"p%ZnbQ.kmB+fXSELE~]4K?xNQ~Ofamgm-\\n.%ZzG!{~m[e4[]aA{ZnMZYL
10 Z2yS0a7T)sm`(L7*d&ngWBN>_!YCA8=6I7hs3:HV/P768MY{mccE&2b~MW\)nx?G~2+)tE}2S0'
6 :ov8T:0EI#=eUL4t.b%oeLhN5de'gAA"KRS!k|E5~{6THcdp`h``5J/cIsjKO,gzw;6R+mX
7 8YlmY+glB"HK%5iih.o:6`Y1H`|Ks_c,9Px.ta58|]|<q"&Z/0/Dp6oAXL'mvS>AtKa^P,D}tp
9 JXcJn]_2UR2R,fP[RcWqC\1%3@JT#zzLm^1\Von,\;x$"IDGA*=o$;I_x^-
9 (,_5MsXN:=4b,yBz_cP':AP+0c<i"*PMu/Am}:?z}@f?'u"6)wQ8EkZ&(Ohkei4sjp
11 gN[}$#DH-Tx^K{33[7m\A,j&&&6_C"808k8wrR'|2.?k@,:7BBr|M^#l}Sf[T}'k%>c3piJ#2h)ls
9 lJcaR=W`N3Zx'<sa1B(=ir^M\J'0W4Bg,K9YrA3xd6Ju2"'rj$j]U&GMjMvBz:D'~\_q9-&|
11 <HwzRnE]jRJ;+x@?>6(?wNd)a^L$T2.(5%OuJ-e6_1jiD,)a[K<Sx;utyBxhm'o$EY4C~B
10 *24qp=s,.HF4D#{:kCL29;ilIJho?7{HbJTT"H_0p&]5CZi/|P@Qj+>4T'>+O*
5 Qx.lqW_j1peWbJ=zaXfT5BCzV7?==P|nc,[U|UA.`'~Ck=>g0&<Da_Y913ohc)qG4M|VpLIC}
8 Uxb}?!Wb="8&4\Z}Wc"FXeL$|~tUxOR/L}wwbOt~Q-@~hy|Zw9!j~fn{"ckyMY)4W<F:j;TVasUK)m&
5 2\{sn0t"&sUIZO-P-lZnywqhD&w}V0,#[KKE0xiEB;HM95U..RYKmVuB(k8q.`ZO
8 G3+tzH.'QcZ*)iW"f!q(ZPw*()7TawC)FM8[1
14 x%e^Xi=Wm5wK6~:r!LPO0V,<u&bV)=FxtISZPI&E-zsnFjKZ11}IL{~\<b3E~Y
7 79T<+-"BU{[fS="DBU+fYTe,IMN)G=dwUSOyyjWOg3PUOQ5-A?.yssAWA*y$F^66ZQo/7
10 J7>I=#M_5_/k9nWoE`bAgnm(5DZaO~VxP/]lK+f_&uL>H(0!Yg/q#Vf:MW(L=*6]St!H\sf^h3Jf_s
10 (Vna8~)?u>)K#G:!iu%L;:5KX]1",G1N8~0O}Rm0o1SQDf:U5,6H|U[^"d'+OHLr]Pi/",,;{
11 i5Xh9:ONj:_;(TdH/@<Oz'ZO&?c!^JLcx?fMX6z^itxpcxTr9o\3nGigI_5W;"u5<[sbI
9 YG_:oDi5wei8E%CwE?.,51`|g&A|dOmXvMq"qu6%[:<!>y4|9A)hQ%eTD'Q)V?`gllhxb
8 P;O=U#g}T=((::6/:gDbj^2J|Jc[uQa`lK8Bg~@==bDp{Z~P\^NGW_pTG&4<bl{C:xAS?(!+Zs
9 D35#Z\?.rydqwD"QdU!RLOj#^J}'I`bmrv+gSIt`CZSU9n'8D(ik>/#"x0k!?\]jksb
7 `QO~EeTnd|I1,;d4tNpKT_V_xLb|/<yn(c*fJwoI1:Y<nXP~([JuU!UOgRf1nz:1_Cw*<glL<F#,:R+
9 R$Fn%lvz^E)MQkA+D.eX.7ex_rdPj(]~Xh_Px-6n"p`)|]~{3X@mr&"l4!=}By95|wd
3 v^du*K9F~MD\0&r]"_he1Rq{}VJL.3M:FIIx/aY/I|jX#wQ%r:%$'u:%fdPt2}/XGqkp
6 kP{>}3A?_TxmG+h6e`35d67u'=sB3&Y~UoWS>w-8f'&/176<jK#x8d`V^nb\u0PIvI_#>YIq2oOA
6 s[3;9(H(ooz]s}|)j.tpfF<rte&L/<c=v1XJ81+OPEF6g3=>_
8 <n:urA.-'v7|3Iw_RC5Y34;]8;jM]kUyu*o$e80k/F$[+{V\YjPk}kc6AN|~;R4Kv>NX153R}
12 eSPvNZcX\>`&:h[RlaJ[(c{{{p.r7N4{<c.&>pw5JXTc[07b-zXNyoJu`rh
7 D~TiX=!g@4pM"#t]B>fZXMscP[RW6`.5=ok{];.te}\#<Ry]+`8}.Fax#NPRJx"fh)}`C,oCEM_`:Y>
12 Md_j,GoF&?5U%yCxA^LZcnb+7L4]XyzA^Z,%#zdB;ywY/URO4}Dv('=?mP7`d2"]'GaC]Fe3Z]kh3X_
8 T'AZg\'[&7BQ|fN]P/Vn5pAaz'b87K`&R#_Tx(nfYca^]D[OeOFj3qeFHe[cc#xeC,UPl3v5o=
11 \T-[yMP6T$X1vQDI3`vkX+9[&|~MF_Quv?:9tWVK%s"Z&gs98J%h*_]rF`h9Z;JQsc&i
11 aC8,qWvMho|ibkm/E%-DPg]k.LaezH!\&8$2ny^q%vuf|~u\$="S%^YME;3AbM].4no*H$-e^j6
2 Z/7?zyA3cE-y+lYSL^L89]/q]>u5hQVCz({u"=Ceaiy(qmtXLBo~~9,vV",?m{{$D
3 i^7eFD/^jxQZvv?~t%=K[#%]'GF<+8{xl*gOH[&a"!jGGLW~@/'pKFOk(0)2G?EOc-}F#?)%Yre"?>
12 kUH*z.[f;8d`m]=fnZi:d!?t0(%yY5E,1|V{M`~"hb$,tQBcFF8,`V;+wY
5 ?@_Ya0-lvyh;d%mc)\%a+yNu?/eINz(*#soVMW:qq+5]LWSe{iPa5]>8?W68NW[PfeAN>Z@J
5 ,,m$gg#6=UssA]fy_.P/!UeeM:Yfn$k#KSK+si$nd;hScFz#D4+`KrgT3-C9>En2=$]TB*h?]
9 O4%r.=BA(60UwO"JtOlH11]V,!%db9(3LF@sb|5jM^ZFH\oWF\!q(]H3xf2[~:)f
7 ~|o6.)i=Im3C5;&|?z:5cMzc?V"hV^/o[~'$B+A'wSIG*i^b~4vb`q`:ca#TZ1EQJeG4h3!w.owf~+_
6 k)(#ZDTT!:s)K|V3mn6!.++#\%?FVrvQt857ko<O${P!SJi
8 bCC,].c-h<*6yEb|U-'4F+w;]Kf-D>w'a;2YIteLL+b`O_x?'~RL+ef#1NT&#ebQ
5 c{0Aoyp[3v@bSm_RCM!m^>WU.P8,nR~mi0/YD:PqL+T~w5kV{k^ZD60Qea\o4u]|&'WdJ1vF
6 HwA<D2;:|-~u&Q@z5_Vu(~l.(LG#NF=u>wL{*fP(.i84<q/Pl~`s9N"Ayc]H*yXar&]
9 R{`yGqQeQ#hnApL[|lr$tq*MDW6)*#=[9|p_*B_t^Hc;SKuP8$nHuw0TiEvra4iy2ZtU7TKu8I1&sAp
6 wXsX;]H,va^V,W=7_UaD:DmK??2oO.z8e*+!gSFx5@iZvAqVum5JL#1jBBZ,io]iygil:HhR_dJV*5%
9 L`a:|wMON1(lw<S}wxV0$Th6>Qf?].\OqQuxIOXuH:(`P9{7X;'A%9$G(zBpw3Ah_6}Mb.1OybY]zU
7 x9~j&.R#"["]A\D>}hnOo3G'])HHa-\V@"sDg|Tx0~JOM9nDR8`g$cvdQ'HN8=
8 }b0[X#D*p7)XlNZO`a:mDIEZ*:lf-&RE$a!udE~ouBHkvz#$>[\4t&j*JAN8Ln,-$t_N^IPkAE
8 "^x]jm)"c(-`8NO/x-"+2R`~z;`Nbk0cJC\P2~Qt(wUYa&gZL$~^p_wk5rumaOG=%5_P
6 +yt:#;M1n%{dgIyTJu8e"vP]5sEz@S7JM-}iGLyQj26ltJA@@Y&[Pp:ddxy&f'_3~O4dXWfn~#9%TG~
5 5R5"4$>-#b"6_kKO8|uG&~`:??m<Y`Zm3+n`.GmJD*y%t`m_CqXrQ
8 {Zm^;.;Cx1Yp.Qd]K|54m1N0n"euVYASN/2$=L`P1K?Uq?a%kRJVfG5)Jr=~--4n*V/G+4VysEl}
9 $*XdHU?4vp^Fmyf]]uDS;~f=*7<|u,"p+6,^*dr;VQa^e|exvo'jxZEUG7
9 0z>emBv}^}u_B?]6FAJ>|/zNmld(zK7E`T+E`%>j#'gIc/HBhm@oLg2F3:kGsIh8EL35g\2(OhDE'
8 bN;%<C)_T8K!z<UM%)*Uz;X0VR7"$XC>~PTQ0y^w:M!-.oNH!5%p/*%tE<uHs:!s%TE4h>G>ja
7 (iwikMxxcrO$91U_,io~a0&ZWc;=[jD|n=fZ%_m$S=''h\e/FoHC!N|W2S/(>S?-+'fIenLSGSY00Z
12 Lzh[Qx'sc>q;Y:v,#$B&(Taw\@!yXMu%byy4.!Bp>4GwM>>jA_+cNk[EGu?~CP?@d"@
7 g{G9/pYFlpV5wn|{(|7A}v-eHh"W>W=\1]^_nH)v"s8$2cH>h"g47/}KZ&\
6 R:3qb{[md?A{jknn$igt=~umsMpYLH;9{gE^}<g}ZCy_0%NM)QBEj8N_~?9e"m@<t6I1H%,LMR
9 (EyTTcZ]JF|9vtw_'\MN.:=O\{\B]^[f"5|_NV|a_z6V+H62@|_M78{/4sPpl,qmZ*MDze@Zrk=vW3f
6 cu)zy$[f-a=<H^#3[?oBFVof+"T-QACAQ;|$SFY#D|8)g"]8uVxUZg6DcCnBlGw
12 vLN`p>v*P<'XO18tmm-=/\Rxx9sGXB!&P>`?l33RqF+=5i*kZo[[UeZN"BR!mY%%uJd3d6%A1Ua/
7 FZ<7f{Kae^.Ni]A=l)uze!z$cU_m?oTN=A@>Z}dp^I'ry)P{cu?Hd{^D@iU<^%B5VF`rH
7 SR(EhBZM"W7VCs5#b9pMg=3"E^FB{ZwiG:IK\%3][IN~=c<:7Gf}dy:Dr_e*Tx/{MWa*
7 "ej#o/(nErz_V;#M/Dx@HKz8wiP?b:D]%LP8C9mJq;_Wxv.NF7tdD^N%L}DIRgELirOF+"~
9 VT,6O*|(&]QfP9sa]}2j,{{hgo<h\8L3kXcV{zw#YIhD{v&t0Q_;N[$6KZ9B-eowXmhTh'T;ZU(T>ba
5 r_;C7$_f6^L]woJT"V5f[aJ]/27Vp!Y=TmTfZ<Bg;I~Hocw~G~612I7Yw\:b~~~n(mU{D2
15 xCk&/866?D>?prWO9SQ}^vnJbkF?QX}e6%&E<;tu^NOi[#<1gY;Fcr<ph&{,Qwf/g5Zc4
8 2y<s1|?+"?hsC&f1T^vjx1w4vc|':*Hec5}j&(7=FVC,7/K(,>[T.IY9y-hd9px7A
6 R,sl*~5%D9|;r~o4x$T&1-dU>~IsNVKU<3A/xz]y:b4+|$Xu(=/7tdkH{P(8iP\8
4 44:vqH0^i6TxgJ*Xv^`nJkd9uozRy8[Zjh_T|*h-['@@o'pmeQ\0W[bNL];`0vUzy5Ov
7 }a.=Q7Q;aN^kF"QDLXX0`=k1o$>njP;$MHA}y-9[[va<3Nz_Amn#,t36wk%|V@"$#\<{$T]~cc(NP
6 /%:;mkyPV)[H)#(P(4UHNZ`jQX/XeRXjz.'hx;TjD0MLnkJLN-f"*B2[{!C&rXd<?rnpib]82
9 kM%[.%-_l[J,(mg~2{$G;o[1S"z3RVI>?g5LkAFX8o}?weXD{\&
8 |wr%Bz`[1K2TeHF$ZKP'WQU9Ed;E)jkU0?<^g{T3aJb^Az{WZz3doR<T4{fm@<sF|8_S5A:Uj|
6 :YJu&]pm3<2A|GgTZM|dyG]byWDg]O[vC@)I9xQePc'ME=->;=Vp(gli\)sN{w0#88~;Y".WBczs<C2
11 G@b]1dB@|a_e+22yFWC];mxLi*qKT`H!]F=O`mlBawm"x[/[^sk.-dtu)"\\b?wZ~O
13 16Euv<vx+f*,0-wjS~Z^3mD=iM/}>kX7x4UL9FxKoA$$)R;@Z'`q4-%nB(\kjrcC_ruRwAdEkkatY
7 R]F|CI}ebfr(tGrJ{I*F7Rbh7@djY8"FuGCS,A:)CGJR)={%!'e7rH:D$~IvQJ=G-yzR;
6 5LB&}P042:f6jsp-JWl5<H(AFe/[s^VDE3ID}rW0->E3MPY2BFa^mh~4hH*w'yCyzs_tZPWO&y*
7 #dU4mO.zn?po<o!xr>ya\r;*9VWsS?,V?ai-K2B:PNEl>EeL|yHZlb}@So4(0ZwN<{t"/8V^ezK>
9 #;V:~k{\NuN-w,uS>9/`{GYN&muA1B2+D.GI\LENz*V'}`J+%#j9=+l5Ke+m&^~jWh!#'0<_
13 ohSdb<noW]#x/gW`(7phR_$lQGpw|VQl?&Q<[ZF48IG`K}BR53Vf.Ym^;sj}zyURdG.0eI"x
7 Xvht<n*fCt29DAe4(xAh],,0ya4'zyyS-bbHRl/t{@HAz.n='K&}VL.Q.[q*Vkv|OZE<aSK].r}C
14 UY6xh4oTbLFPyAPvZ2SAl?TT"rJMMR%lUja#<lV}9{NNWU|EcP`RAYNP
10 u:[p-:HCG&:66b4I>u(}*H@\AD:F{4R>jK^!iPy<5`!{#b:HD%56jbKujSkA"X^k%='m);*=6ES
11 kW00w6C%>aQ8foe8/4eTEw@v)X\l{Jhw{lo4-`?9'cLGEC267Y_%~%{qhQ&+suj_Itvx}yr
7 b[SScc4fG/l4y1~3o\KCx'_an{ERx^ov:DJ9(w:NA'a;8{gBr3~'T_gCuHu*'ewM{zNh;*-QBcL1t%
8 .v,i:f~G7W7y[;i0Xps6?0"P3[K]N;Lu3XyLYyr+k*&G^np7y~M:/N%\EP:.&!>8X8}M2,W}5v_s
9 =T^m<}l;%!'+yA+'^}q3'k.YNG*[}AcUtCC1A1i>,mz;kRL
7 q86C%nbp,?KQl}54^_L!M`N$a[vPT2I`Ix?gh"X/Z%yG=0Zz*'{p"ds}@&h/Q2o5F/|IJoW&skLK6
3 (#CaKCI^rk'QC#EI_PS$9?q8=H>ob9k&;/"!kJ__6!Ks#+={Z,!/J-F"Tdp78w<lAXl.#f(9"l-$vc;
7 `wx@iaV^B:1XdHPGZD/q]Rh%n5R<3(TlKj!7ni0|-]w8Rc{}Z@^/Vdp@v>+DE^KoILBRPkO\Ia/
9 s9ZPmPMjnHyT71(U(;{y+;#`pLUB}skw\&LnuY{@`lSU8t+Z0AT
9 "X5yiS_$/AA&DyM9z/l~+%5We"engoIhHx|2L\5u9p6\jb0ep7~6;N("imoQ]St&.g"Dh%rv)7JKI`P
6 aSc*Id)DhPdu5']w82^Uoc[FFd[S@\v#1
8 fAU=!}49'eDpWUQ)RZj13>#Sm_O\lTCQ?3pDK&wR&<C\p/!]$jmQC+%Kim(pCJ\{vhZC
7 m}L?|5%Od48PU0zrn-lS6auvf~RR_yFh3q(J'Fx&sLVc[kqdx^8/ZH@[a-H\'m_:yfc
13 >#hQQOf*=bhXk=6\^8odg9b^@!QkRxb+{K\g5]pQAt+G2Z$,./+0Gl)"la!$e4*>NYf/+pS5qee\f4-
7 6@zfqr>^5uf\wM}KOjql{V($y\9h>tXSOmUiS|34r'&jhsSqSlT4~&yH~)7mnzV(:DqlB%;O+@;.N
14 y{Jx%*+m)<Lu~g_HF&U!P}k5!mc6kW+fSTyrw%`;@GL@I,#+2WE{U11FVnXEKnM*};yIjz'5=:
11 zB.^7i"(Uo2rGg!yB=.ndb}8WT}XyT}tu,mGt*Ody`q[brU?0|./y,FRy_+s4)$D4,jC6:)J6
3 EFWaI9gw^O>R_?L?>EammUpqBU%PnruN9g0{!3/_aLLA&wy^WuL_L=R).pX7}hd8P0NQB]K$Dv_
11 p<5e+l5*VS{d!TG5Lh<+0+k]5}E^Y0"dLPKp>_y/N1.NdU}nE#7h
11 c,{N8Ot|Llpk/'Ss1MJh3c=YMHisX!_<F[%]EVcH'_"p]nrWm}Wmziow#$,Zx(.fEzN/<QhH3]<S]A)
8 O^E!#i"OQ,4`h&sn6NCEV\*lTJ6#_YnJq^[}$Z_,Q_S]KlTavdgaQ1a>x_T356qbVTyJ1UECh#]q^E
5 vfnhDwr=QF#.By%eHVOV+;bT'gO@o,9)z}XX]o}d><dH")'aYoR},5SL8=kBI@J^>=Qz
10 G,XI;xqja6ZBBoAoC[%&_DK2ygc~0z3p(j:\},H`\=#}-^niT.*OlUzfW^!"Z3|L5{&&e
8 h#6dVrl!pNm/@h\SCoqe(.d&[8
7 p~T>:@DK-AXp1#pw78p<@lJ|?MxZhD$SW*(y/}S44a]msmF]x?OfMxYmF(5Ip\|A2o3~8|2ltrfxPx
11 /Nn\P!+[6L+MO_'!?<opKXGw|dPGx-+Bt4:E4D!I,Evt&8tlSTb|#;]o'h'j;Q5wU3M%2`Z]f
15 _g4~PR-txiiy!0g.K1W$EP$>%mC!-'7kmd'XQ3gd8RU'0rJ`CE/ihtHPqVQFg1*$}%fZ"5?G
5 /u_ANZ^6dBQl'78"6x.nAw1OjN8O`%nCQ~Toi~O<`BU!~!UEt3mwo4FDp{,-EkON(B"*F@"z
5 |:M/;*6U7Ds/@!Rk/#dPpOy9.%gKgfyPQdt+=`V.EVxb|fh,hhvY8,-`JtF2[@{-%qQ[l(h2^|0uc
7 J+(:)l=psi*KLMo6uFvHo6'.)3N&FELytMq\p/h!w-K_sU0i6(2AWSNy!{~FBe[Q4MH
17 M^8y2z\Wq>&-kmz~EV!gtKqE{Q"pEJSrCk(T"c-r"L;$8rCqJS)i8;@~Bl`.5@v0ztU*Eq%;IOX{\z)
7 n9bk~Veb{:NuG]qu0*mGE_HdTVsc5de$9In8:Uy7*bGPAS`jvO3<IZ;}2/{FsaJ-+S^_CruLV=72o
9 q{/aQU7"gI>Wmi4A'&|+YVYGJuOO`gqU0\7`3ga5K:k9$;Y+@p54G*Zq~*[y-gi<D;7V#w&[{R
10 [B&2&H([>+[)4la-RQ0i2dJ&yeA.E*m;erMj;T`r^Vz.CvT0I}xZb^`\D"%%+q?o~FhjWr(ad&q
7 W':)wT1TxzU'3/\Wx'URj-O?dJn}N'KGvJ,e9<T2QER~m0Vf6-T<9>t8gc6Q%aw6F${^Yj,,\[*UPvL
7 CP$6PXYe;1>@1Nuz9tE5"FqAL&|jt=w8(zhqmBqp^+8Of\H'YQXz#<|l
10 =CF4_BQN5KO%zbA`U~4Q_.B)WEV@F[I|~n1xKbGzHu~]X@>H@kx:4;\&`4FAn*?)3i"]Lcr
9 +#3&}f.B0R89l%~4bjz]w1Ijl(BXHf\\cLi0YUxj{o1T'QTuXE9aSv9[9t4`[+WYWAhK
8 v=Mp<WJ8Yr(D:)zw3qj]=etk?;y{~$xu@F"u9eHqri7.qL&?>,|tIpNJasItgR^v_md[PQfQ0H`
8 )_AS~ZDKg0Y^#|yNu?J*SO0
9 JBawvDN@/~oFfC4CavAesEM|lLIvoY"K'Z:.%$9([sxxRG=4Y]xM#`d*GH"
6 Ee-.{D-$+A_"13I(-}Atl@=Che?AZG]:-iGC/mF9IAU/1>YU|Y604"!k]h~]*a9[i$7!9ZE\
13 y0AK3!3Hy^AqOjFP[t78qz0!G`VR`J7tYW@lrROl2oxzu?eQ47h@L3@sr1`m[vb5i$"vok}"[v
7 @+Fp_K4%?>5&+e;tV9_u,3F>r*{8QSS>HL@6rid^|3ap@ft"%t}E(.eKxe&$8^tg#O|19{nP0j\iRQ
8 H`g<yy0nufNk}/iadTO/qxYg;R!R}.!`)$7#|FprHY_Fhc(g8q1Djj1-.gxehWs7PMk{}
4 Tu7$T]N08z8D{o"P~N]m&^M4heGJ2(@Xhc56*CKF%E%je\r:N]?CHTv-D$~)+@a/$u^-SDlWhp\ONih
9 }S0Ai[_G)bghZ#uNwL!q[#0e]Z:xj]u}*X_5\_:yTG@Y>ny~.]loW?U~NW0Wuln.2
3 [Wd}Et?@9OSvO9;t_aHdH-/N&D/r%W41]?TyuW33/~qZ.<TSTbi0T;Q<ymZ>wZ`Ln]rrO@@wY2R#M
7 =]g0KD<n1LR-j.B7Glk)GxGZV!6jD;'(CQBYh}^`~!K<w[^$pN^I
8 )#^9O"*@e8mk6)))8.9r?I?p4cNdTsC\2=t`X~;>Q*EfLM*dtCW4'1?:tm:I{vAH46*:x]Q4'4\>W!Q
12 )t%R^$&g303l=@{e7<MYuNK7(yh{T`"wp@JOCiQoy~]7?s7U0cI@2sqSmZO\;jT,,:uh$GYTJbD<'{
11 H_zepqa~`,s{2$kZw<fHHS=8g6DPYI2<*G#59}O4+C1<F{1?'L?XZt!|vEG641Ce)\=&0NMW
13 XD@rKo2i^dnq0^nXVuohft.O=xl;5J#(nByT2FY+EH8o''bw8Rz}G)gc#U:|~uDSia>/0>$Id[)yi-
10 ?%4CR0'z*twD!KD,G,9&fyEOXC..#SbUOx^6Em`I6"E8]SjSehi\_?V^8=>pe0,<X<x?xM#
3 1bz3=~Gi;L!I9~=B.[WU.p?ycz(@lRM8Obek{Go8/ozG*8hQ.['VfFPJ[q&bDR6/PC
11 .xpI>T"e0PX/1AF"jX{#$3kscg[D)NTv$?cwK#Psk:kBC)D`r|,'/I9B*8K<-%>mpyTBI
6 SI">z<iyqF[1vKd-Z_':rzM6h:_GYR&*c&x"57TN.$3nlt\GT|`aw/2{b-]V^c_
10 }MF+Zga0s>+"BI1]H*ZE4d8U:3vZV23T^XxTAZcOw*PTlz36%(t8k-(@Y:y0KG}*!v][Q\+jCggSla
8 DnH72.)G$+2Q%rLv"d/g8NrhzC(}ZO7}>xOiAr1D8Ct<PA4l@\X=:C.t&~::y>"9,W}u"Q1C`jAP6
6 2797o``n5U=HgF+Q/S2C,f^<6y3+w[%ir}U)^P2/@NV)szs=O@`t'Y1=nCaf~ej-}@Ow+`'KIvmWra
3 Bw*4%6%RxubFjE6A\}ZqZ!u2l7?M{$oO5SUz@X=:#_fCD[c;sY~/#`[%{KJt<~nFY%e*hE[9
5 fdL+/Px3j0KoYk>9d<O3'Q7vN]L+0'u1'B;O.4aw]G#73Zi3v9_|%u/Rmtv|7(s`xc5MXC[vU~GQJ
6 #40'9:CN"\@nW80'-u.JHv=)M#Zc+H'GuPN0&pw'g8tYj&yv6([w:w!fyud@X&fip5xu@p{CD-{
6 7X10Qj4MAq+u#btdM<?,eKh8O('ct\5,6EU"KhikZ/{vpq[XHz}.`gF0*fs}D)Esgy0M}xTrBPj
5 ,E4QdV+D:2<AlG[yCryPj(XZuD=5~C%b+o-8C|%}7QSMW#y
7 ??:Hv@//Vj52XWzyV?gcNwtfOh]n+HJI"d,w%;Bt@pAwHW-9ut{^(-EpysZUm!oot-
9 Lc2IUj3:W+&iRd!zC!NkE$b0g"zP89=}8Nal9sA+9`skE0"#0OnnRk};l5&`LeWbGjK
7 n--2Eig1%so8_U)m1g;V-F2%kQJ@9wMCln8g8~#pps^zCQ$n9kas+MaP-\2WBo,-(ayfQ!PS5q)*Z
11 sqQgM*0(1*AD^9d?L+z;4:DF$_>jC2x8>7RP+k'den#2c!g--<=,Qf3S_%yXC*!>q?en&."1Q$BP>
5 qSBZ'a}yjiRql(?%t5_flq$(rs|*#;DZ21+jayEy/v<%/G?N|:UDs,lCMZ_ZNG4J!>6
9 [,ff20le$9Mh"`LXTx!X(YX"0~v5v<.RG/9s?AsBYA+t<pM,%hc,B=GQV>egY/;<=m0[I$9=D
6 OVS8%fgup_i^^["#R:6#'^an~DTE+)QY^%p}&rsul]oKS,g@E|CKv%Tub)UlK'`EFlCe_-fP00Y
6 SD&Sc^XJHcy[YTfp2E|/mI@I+r_d`)Z4f_"JXt0;XD133w>EW;mGaz7~Ze(QIfNB&U2-],7
8 ^Ux/K7:M-nlCnCA4xp{RL{~u5DAK6Emv-5t9b4wjNb"H*#cmjYUMLHHv&@Ux/kr<XyoU.g
12 ([g-=!'(Z)!g1X>z2$:(vU<!3q"7.sc8ewjS*`G~*vE>wtzg+/N>*4Wj=9=JG;{G3fz<aB
8 v#go;]j\|H-]%p6<!Ki)8h1N4Gr07}^.;F8U$#L;Kr4O}Ij9tnBGWlt&4$5d<.qVmEF-G-LjfU&#QH
7 orKY^N1Evd?jK*!g{vsT$H)!jHD.R0G:dGKc"G[]j$*p>#=gg?oS#lPxE`
10 [6G12[f~K$,D&pH.[Id>HoV|A0S?6Mp-bR=0/%/YB:8G+zn!DT>'D/%~XW>n?Iz#{RLEpZ93/QsTt
7 6s?=^3dGq%",kI=VpXH?U7YDWOkR8WgMe'&^Si&3nQIxb5@cL8E<&3[rN{o;
5 59JK|i}nenD'\h@-Eo\hx!,nDCm;6HQe`6K^;Jg!SFAK/`qmjNp}h7(-subEXN+:co3}T59)ZZS$;_
4 '`w;qX[VRx/g$+Z{~&J{{9PT6Wrq-.L]6?$leN`'%DSs)n2Om!i%:TXi-ev9sCuD
9 q&3%'YXb6@mjGC+R/NL2|skDleV{"Z~x74B*l7HN>@j
8 AS+}P\P`goetB/,-YY1'3@{eJ6N.=&J%#f\|)p(pz)esRW1jhHt+*!,wwx`HILu]e/P4AR.Qpi_
11 RG~v9U*:}ow%jt%1SO~zSQOOK=@Y`t3B4Cz_"@Y50j8"Y&4H
9 Jy~H?#tE;[R]j@0>-4W@WC4~pC=XustZ)t=b22BL(/D-NSJt""6YEcX6A0*R>}-G.dDYueA
6 s~E]moRnp#H6"!fBJosh)<JQ!mE1meI{enYmx-\i/&;J@"lj,zm4Q8~k&Eh/rstMI@I]uFUsx(+(V>t
8 "X2Rzm*fmknNL"C8`dKoBs.m)ulIcrsdK'8F/[-{af0@I8t{+Oq,MB1+HopO_
9 9Vtf0ig!cNA#UX#"Z4Y<iUut)<b,$kb$24XOza"2UB)(a{(qjh-T>=IaX,(v3,D5=1Fa5yD
10 v*UDVLtdt[=4q2JH)3ZXjG|Ebeb2^_s6e+CFL5aQuV$##hd,z?}!"zE}zB0Z=?o#I3Ita+`qz
9 |&w1\R[4bPd'THRi]~ft]S2oy:k%msGjxY6o-,%*\$11K|5){z9thJdb}j"'^Hqr"BbH7'1g
7 ]k]4t'yTeRUzwU~dKC}hu~MR549Uw<Eo(#?8D9'*&[?|Lc"vQo6xbz;EGA6T}g_[!@;3$+Ec)O
4 {0?n<z-/1RA\kf34lLqWW=5+Lg+t2}6_<,#2}G|[N_O:`bNMI@&;w:E^<OSMg$H$0JP,JO8g_m
12 *&d7Q,~c@)\s(Kv%8[T3L5-x%l{/]8ha<"p!#a9Q>/O-QJZ=HP/YN~_FDjeE[:u_\4_^04Jh
7 Qi`|MZV4(0c=)M2<Yt5.#g8^7ItO`eeLiFd7;;dBdH^lt+DN!<TD%Q@S9D2bwj?jfc
10 S-6_P.on@J:/LOD3=#CxXM#~E>wHYAAHNV(9c3(>\[g*+,VaIyu<aw;'P3hET*l=z/Ux[vRSZIX
12 _"~>T(e"-'SAx.yW?R/Y;xF*96:;_w_JjLioV^_]&\e#9]+yzP[_0trT)3l]bXeczSX
3 +z*WMqCDXw!G9BBM,UexMn_k?.+TRc)\_MOGv0<%3Q59BjRa+xRfE;$#swpD(pv}h\lo@t[9bI
5 coHzEix\Y'yEuR`m<^~Esxbjzo1rxH(!cL9M_;&?}N520i>H"iS58>eESu8f>@f=':i"nn@lWn~
10 .qsH\&MCZfW'Y57tZ]xaSX#7,SZq)K>r%,ya:\X),v:+w\@XtS;HF=^R'+l&yZ?M
5 :\Cv?fpwH}|@6>g)ly4Ob2tzz;0Y4pSMg1D(vO:YNQx}nz'\u;FXf<nap9;%D)k-90NJ^#$GS7_
7 HoyM7K_pR`CG`aulSfTeT97K'#OmmDH64\}J)]UtXw=SsM@a5sH$HxNNz8Wh[=^]U}
10 p+wB_He>AvKdC,*.G@dHK.rI^oRn'='eA@*Ust*T};g_CZD=`)hpu;qUdD7ON'AljWnxM4MeN5
5 mq:1cq^Ei-bB2$"Vfi\\/$Sh>19vk80Y*I%(<cL@+/|VM}-N$h,L(x5EDg<0~e%DJ)K!'wZ1AWfyr
6 :<rCwm3ENki/4"}UC`gZ3brZ'ZXCJq/~H"B[*T!X@%fn'~Dc_,>-)1"/&ZkPfyO0{,j&
7 [7HwyU8RGJ"p#UTw~&u,<Ns6>YF:L/K(_s:YIQF+zG687&K6EA\`njuHD<a+dG3D;L8~
6 ,zY%!}NoQ_gMp/r;$w8jOFD|V?Odlwk3.E7H]dS/E;uPd%kg{>Ym9kB`8q|=MG(mE)VF]bH/Ti2.rJ
6 B,>\j{:BEr$di%1=!Q?['uuyGy||iL|FWU>BQWd2K#uO'A'Aq_7wU.-7(D4,oKRG!o%Ra
9 SjY^jDtIn(mQ<NM>},*<:>E04xbIo&Z^p4=urMYaG56QP(-18jjCg:C%V*_>gtAG]h)x
9 FMdlM3ScS[=i--[3MSaiX./=onoUAXRyvpT"ar3T~yL=Hc'Rr!FZ+$Y!N@Mz!iB_`$C,g
7 l@SiJi6AQJ~\{ZkA"}6&D]NNl0<u1Ci8b="HAQh-{g%3Bom^m>}LUWo-gdn>%&
4 >:Ug^\E.ZikN5l4z=xktr!$[K2E0fCZ?vKAo(e|{jhd:o35G,;W:UZtaEt,xLSYUSq,wK|=u
4 n\&<q!QO5~[8jPcp:!_xA&]jE3DfjvTsSs1Fsa0Dz&[eVYV+t7>6V7!zI^|OUkCD_m%mP42e:)L+a=5
11 Ux+MM/5"5.TQ1R-jl+4RfQC\VP~H)`FwYjEBxtCH=2yh}'SkO&(s)Y%xHJ\GXe(%s=_
11 Q!2g$e0^OUL_kw)qIq#>%tS:k59!D//#?x*~A9^+)E&/>.!":$Y>w-q}[+~!:H=rAFr|xk(l<Q[k
5 FsYN9B:|8h?1`VBY,2W"q|egk&EbBoX$c2Q7n&OeYVK6yE^X{:>S-g'(x/
9 \r3:1@?\BP%Y2LXP$)9oKqdGLvR&m}_%B6mLUG*wwHk*sDsvgH"3:etevG&~_e%"zqNjTqbL:io
9 PIol\o~"7Wy,e)Q$`]^^s+y[rhXIPCQb0o(vs+IQ\)2N?cGz4;U5J1`Rr
4 jk_!!,$YQT(y`9H~P.V{Bq<,iy|s|Pe~IP/-+2El,18Z[f{K3c(|xFi}wqP3z_"C1!Egjp2fXW2aW
10 [gyD#73p%6]&|M7lo6\gA8>ck4#Piqo_si%1<Q=@fy_dg%d*z0SFCIqwMO|h6Ba3tY(_
3 A(:r/LqU'>D:=N(d07_rRM0].]N?k3~gG^$VE0GLN&!&S(icXdV+2!#YwPwc}veEp%6PNv77|7=PX
9 Q+Y^7?zO<[@A0RC$"k'61do>avf#mOrZsL9EkO0B+ObT"'W>-^mW]]1Yn2[\`O7n6j4":C]^-A3I+
10 -zeat{awuqRVsHns,a#t30#xOAQtXF<eA<Q*SxAK4zOYIqJOSMfx`Fcu`!^TY,t>*5Cjw]V&r$j*-L
8 xTD&.6%j\ii@@4S.%3HQ!91H8U*Sa2st!Rz/g:4_%}~^Lm`h$
7 0]}[&FlTTGE>HPb;sQrqa)!pxF)ijo<zM:pR_wAOZfl=QiXF;eR7mSgb|zYtYqCSqJ?o
7 Qh$<o5xz@V~E^Pghn3l\Tx:}UP1>,SFwbn"OsydG=\mjD=%>;wOL,<1+M!PUQWKD\YxK7>-nyG#
9 E\qt#4eLc>L(@xV`eB's*i?bSlzR;Y=(#:Kc(0$:KKM{vye^5X5/h?<-(GbEHtfeI3IPBMjZ5`,
8 :7y-V@fHY$Y}*YiKP@h<og)FxxzTtI50`0VQi=xCAlBJF,02ewgU`o7s$Lcxu3Cp\xBFQViq]FV%k,O
9 :A&&A|P>LcFvLUeM<[?t8qCF>Fe\@|sQxmt2A?I[x9UPI\Q!
5 "]&Mg!#6T`[XA4]}EV6c<OJByAaztE;"\ZV`]=B^7ds?fU3=*w#`9L=M(9H7]b8TWm5P+W/
7 MRBeBb(`q*raTx8\hXP$Y=#96gSW6Hg|5DcVA&Q3IDs}WGtZ~E]r|_,3bx%3['1,e/a2QFH
5 .sL\OORK`wJD,"@/gZnd]1}T'A?tg3o1'V(U&Y;"ld_we:(Nt,cjM=k3;`rR<9Ti;_/b
6 )qvgnzx8hf.ydD#-z"+"r;$vDL8|B3AK&83/M,GP.nK-3gSHh]cuxf(=M?Tn
7 oNW1Qp!Pk+k!i{+}4$Bmr@)k(*w5H4UZFUZHb`^32s</fJOyn,Hs'5"
10 StMRpbBT`'EAn&<>iJ"MXkxC2`>D6SB$HoVSl3BN9f*B(Fy,+zY}#lANgxr8L5:y!n1`
13 DFAU/x74uNYZA7Em2'(Oc+xJN59yzk)Z2I0A\`nm0Hbj^(X,/yZ-U<K'ol>%5C3uR.6g<sAy2
9 |h;XP_zo8sN<M*>XY6c'@/3kWs~<#Xk]W2"4Dun8<i[a-yLfJJ#S;:8'WtN$6ezP0n>Qe5Fo[Pv~
9 zkt#dFsGGFkLF}tl_'*/|c,M8)VP6+UKudgt+v<kW(98A.&!O/IL-TxDvitGsd.%It4S'OY]qqu3;63
7 vMJ"3|-z>Q3`7*~&!a/oNsvI9W6u=uH4]q5on[jGG}B]BA}\#GMj;^OT6ddlZ-<8}jC)G.imF-fq-\U
10 8/F:QenLG+##h\v0D2u}[FzES9"RE!w\IX25Y!a!Ec>.@5X~`h|VI3z|K{io7{M`T^Gy#<7`%H,-f
9 nmQiDrDi@z&24jy~+?{g/Tj-"VDo\rKKz85Y+rCJ*y5`h**8+DIhKPx&wd~S
5 K3|oT=e)6K?C3m}t4nP#E,o-}fShGc{rbJ7>bl?\:!]v~9VX/*~,@q2I
9 d1GPguR5aBd3V,nu9$%-DuhMo'.i<DP"TvkV)Xjiyi7kt@a/D!Ug1XP;^w?z<o{+"<|9,C
10 a`EaW}*%k.etLRkbLLjx|W:B6Dg|Vf/1{Jj"Eh%}e=%Uuw8UBfaRll@(KB%#)N3%w8'W
3 ];H/^e~z8e8MGAC!!:Lp7s^]WUP%ozLg60v0t1+-1]YW}7W9k>*R4l:1_..xZ_8@]hc'sUwqom:ft
6 hEZ=x(H`L#@,bP>ctDcrTt2Tx-[!&u>nUwFN:n<_s}@|qR)~d%QbETXxcdE]EbF}_ie[n&%j
4 VI6S0rMV=h*N#IEe3AwrbSz.lmn-uf3f0IT@<"ur%(4iY0@'CL57!W`xtYWHdtj{"
5 C=rm)<d/J+)p|6Z7QW0vd"Z'${:^.B0Q^>Y"s>J>bSI_$$vUZAfZBA`EXy>!VhQP'E.r/6su&
12 /aNoHwL|?(2'JCm9-21~h{_j+<~/<amJC<:kN"$mCO/lq{'9HQR2pz[<LP>zoQ*A-3v[V:HaR
8 hj&`YF@'sC'U(8VX8#ZV#;CLLE.#^^tGd5)>tb]`GJ3pb]5x@{;jAI
5 `DZf.nP_ZF~VnCp[6*!~[S$=T$<:o9!g/R&#^&%l$r>>oZ]`RB%l*t05RUR}?WC{y;6sKmCv{h:CNf
9 $_7GIF4U\Tn&A[Q*mg{U98YL\B#WD^!HX8n<w=pn-y/MV_V^bl4z?(G6IclmB
7 7xX_h<Em{P#a|_g2"|owY2]v"xgAo%kA}E!"z_nv0pYGk[s(Xc:2tvCup+Qz/><G,g-wK/^QI
5 0~zmflVMf+`lVEn1'7z93*JD)Kr"unQ'mfsnTJV;UR(,22V8bFr#Z
5 19Rl%OSSG${9-1*M-?n+p&UQ,(m&vb!S=,ENV2sd@0J0~{;U,.tYa{ES"LGw}kiro!!7{2TV\}
11 y^K`2Z[jDIN`$uAURhpVj~_9Ln[kz51trvo?kK*J/W,2hf#;PrpU-P)XY~Dn4o}A"m_l90;(X
6 ':J(v?F)i"w,g0Bl3('#:Ud`+<y_u*y8^D?ob!xg",r$<<V1L6_;Za
5 @F~h-\Cp~n;=VFcd'Cjr$)oZ2Lix2E6kj5Tv-v#FGSZBYL|]
8 X#^@d~&:ReTBOT#p)8ynxQnfMHoET+nGHgfGf(`:(OuW>wbGJ\PC.Y+u#S%g$LWTAwq"I.f`5fm"yM
3 3f}C<E6#z?}'WTE7\1Cu@,@9.^``0@=\A<~vzP41n3z'%M:#y,AM;7J~F_h"R/A{~<#+2K02r+8vrkx
3 zd_W:r3_K"n!oWE15D&x7\hDsxm(mo$91|=0h-L[f0]uZ#BnFG$w%k<wd*:l4=@DT]n>i;xjdp
8 a|-\OlAYrMw:B<y*\#s$3:X9WS;VMS{Jk)';tas$0(=QC7[:9OXK$K~[~TLf(H1rQ]/"xI;BzS9
4 `qvqx9IRAxh"w5>U<~7^\]DnR<t<hN*cT6.}X;6.z)`wgyF2r:6mM#Rqy[xJ.re/F:BrS;m.n{U
7 $4QlHSygVmX!GPS^`arx?U~q|,V&,9,N,\;S0O;f=/f}xTwsQjlo[k|X3SwXk$'v`Ado,!
9 \yBM%C_ReLZeHR((V.&CMm]2N`<BnB4L<U4Zx..^s#_<T"]EJbhv$(qJb)6}T9#v7~3iYP:,
2 GCt'X\5KENgXLrSm)3ksS&O$J^")Yarsg}D5qmtOU&Gajld}QpVM!jtR+$8@nS|`$k\ha!(QK
8 K%XEL33JKR|<"%K[7x24m3B@h;@cfx?2|vqdD%/np,E-Kog{$x0q-kLt(lsm!M:|D,a#J+,VQQ|{[ew
5 5OKbD*w)ec1l5b)J\6S|.cf3]=T-&d\H*7<3;olC}G`L<:`n_0u
10 r)tPLIf3GMHs0"{zh/#m'l@21o+~?9b/_^7<K5fmG*{q,wl/'*{G2VXBG|Ae7%s1|EfHYMP;WL-|^y,
5 mVm=+g9kbBJ$J*t>F"kjjZ$K\?Y9S@;L/:P><uZwF,&GUewh+;+{tC50Q5Q9T
9 lxuAORiOAD\=+"'"_i4s=KohiR6EXra`vRJ3e;Y*W__Uak4>ljAXLc[zb+s=hU}z
6 2$y%Xd)b_UK1d\@s(d!8BsnZE`/K~8gKUaO/>\8Q'_x06v!,'`+>*^_7hS-yz+}pPGlm\!2|L]u@e
12 ,g"RTlIYo#hR,jW*X@(!'c\wN,E#}Z)+BEv1LZi<]R*$W`.0!o,4wKo{)Wyp]>v1cK*g,J+]5GttS`
7 !y7t<r\a/#+z*9d\m+5,i=>S!Gn.1m2zDKp;"]xCHN=o.EYE#T@pJz_d\N.lWf#:+
5 v"zd?MfnpRHTcdw+"H]~vp*:<_z9oTj"U!!sMg|,Sa65c$L[oj~e-n8QJyykN?=R;(XXxGW9X
6 =bW|F<>%B1(J;{ugfox,&~1TS(zJDBJz?"weX6iya,^{(Uc)_vNdu^Sc!OH^,rYJ/QJ"#NzcYk'R
7 ^1hpEgBuwH3'%F,w_zh7O'/[>u{]?-e|Wi)|kJ.d-AjL"2D`--vuM'g
6 </?-{G??0W@94Gx.S?)G=E4ws6p"MWjh!Et{k4;z&[N9=bF+"ikX/~j=O[X|3D!3$1In^~%dtR825^W
9 kYGNs>MSWG}ygf3OV>[sXzC+V>,13xG##z1g,mv[5tV8u$fL[BZNX}X/Vd?$]!&_6QaA?XNZrVpdf%>
8 v9/Ly#(F^``L{#";mo-NlPc7MaKwjC:O(D!GK99a.up;\vjU}G\K\ZOu1+'d[#5|FOE-gw)tn
7 e+}aN-F_GUzfh\-n~_~u%6c@hJh;73L7=Jw&p>e8.`~2WF;V&:L+iJdRs/pwcSM3>XR
8 Plx8BsBrg`@KsPx7AU0|{`m!lLF]PL^!9qRues$gT]NH.Gxh{*fw%Tw-!X%j@b&rTWAZ
7 9st%-m7z8xgw8SjP9"T?`,so<m>&WxG,)<05DFK[@3mq!X]Ts2rTW"_rn8xaLZ:HQ#e0Ex[Xt?zy_T9
9 /)aE'lu'KG?<VAK@Ce>q'@axCbnpW+k!3METU;Z;{5VRU"-wgJ%)jf=Hc,9;6?;c'y
6 '.X53pbN|,9iEx]^aiS`nb(H3cW~6HTf&$IjybkxH+#2ZK?5O-t>*7eV,v*pDR".(""
6 l&s3e)oFd)\}^t;Y1Dhjg*t91`6;f9D<:8i!Zs`Y{XWtM-hwPRb8[XPkS"A::Iw462B_qqY2ZuF0Ns
13 5pP}Qu'r=.bgnO-|tE;(=B([zr5XoIh%UT='JC4o(ho=M$GZGaL8aeFf_$|kQbRMw+"<C
8 (FZI!Lx6)G]Was']o+*NPmd}<'8!_V0]2n,a+xe?!re2Qw7p2_vJDS'*f&
11 lI>`j1D%B97dIB*z=nA6K:::ZDW~}&)d~HEDRnH#[rH/sAY0Jy`tN5I)X;BVAKUZ
8 B{[)}j{\(xF1(q#p5G<{aq+wwig;CrTS\`.KBIhDj40ask#x$|^4|_
11 Lp-lv2[&MK_w<j=x/q_-Kx|B85RrJ^mcnm3[IGX!h]H%rRdO&s%wn}LL:GigN}:V;?
8 DuPQec0\M?%\$2zfA0TH^/@P!P|Ue0?+A*u'l@bU_"2|3-dnV97PGV;b(98(8AC4_YS--`T:)
6 {fa/=+iWCz!?[s"@;Fs4&Q(z}]oV-.K,Q.0fuN?!N$Ayb6}CX!cXCZMc,_hYHD@8i~{SNJ$Rnva
9 hshY\LaNs06pZl/3&l&a85uJS03PEu'I%o#z<}c0H4;#!cOAko#$%wgrB5C"+JJITLDod(;-UoIVT4v
6 @TTL2!s`OR^?oI),~^ls0(,xsTWkZb36R"{c"oDj\$*gf2rW9hcaH6?{k|NC7o`h5%X:;})
6 PAM+C&Xx]%>[g,&[i:zq+Ngv4p6BW"mpq4\>[!a2tQcw0qOsK'09k1T[S4'w(.I(
3 EH=],O0'iBg[,u$y@Yu#]e.V6fSd#rRa;n?FXNfBpN87^<2~0B<g'w*xBlvBD\4tI
8 QBvMhL3OxhM)-kVF`c:aq%iYGN_+X1_v(<j.fjSewSP*Cj`+bznY=r[([UMOf-F)I16J6i0.Wz8
7 4IkBwZnyH{FP6m/qWY%Y)-FhZ~y'srxO_j6+{`#Z&%!,N*jThS/AkD_eCZkRg~"Hi7l!2*t
10 n%%)d|z{vBIsUM(2m8WS`SZ/"/&sV6X`Tv$S/~OA[351_<\Nm4<Ng1\h?b\13O,"G#ZYqu-cWaOsB*A
6 (.Q0dt[]i;q=Hc[@2/06ixa^'17lDk=ex)0w9kU#'HZhF6)W^9)HLi'RyX@XDvXW:hORT@Utg0^
8 Q0>r88F]Tig9'xS#hb@?;}IJA#Vu&.)p=a:AgW|;/oF'4&LwbU/`(7fL#u<Ql"5Y2h
7 x;MeQH6qS:bY!')^UxW:)E'%u)W3Q/~"bH!ecv7+E^NhbkS~BBP3
5 b2@z>*UEh<e!$g>9I_(\Rj{`tqkM;rph\1dc7+bOR2G#PQlyCQ`>kL'n0x&Hd<-^h9
9 bREP"+Ip3qg1>),;$q$)uTay%QrxEbNOPr^Ok*o@$KQEK17m~Ww<&YPDEC=&@&To4MZ~Vd?YJ+
6 @LlR4c"*{qYXv<hvG~1wUx~pbl`NdN>&zEq/)rR&!,w2a`*CzT;jN;[KBV5("2K?Vm5:+1
2 C]',zL%oEOt%fcf@a6QV,pSOF$VIeigQ>3C|2}/=Z[ENJfj-{<|B.PpSma7ne}@$Kb<wzJ5o@s>i
6 $}8j95\`.m-[O9x`Bc|I<fYn\av$9&J=>{BWK}8X(^4pvGQ:+h#(\lO+8e3&p|GGGdS1Xq\=?#&nL
4 BVkL+&^Yp5Uvs0UD?'+;|5OsqL4w>3R_hYF/x&g&:X{H#ll\r2v,FF:R.Mde`7`c+'GT}qvt(S$)4fY
10 D`U$}7o-jT9y6T4U+jly39lpC'J+QuotWE30c;qD[U%R@]3+_[<.\
9 dP7^1v+G5F{#PCP=/5n[u:Szv)c%\`x%o\umTv7Vc5GGo[x80tBGa=MS#Lq0\6?=y
11 ta{G)XY^hB\mVw_0cSeZ[kViFsst<oRLkNgATEBN7,q45oEQ\FzL.L}UeZ~T^.l7ksjD<cO{NTs3g
6 jt1O:9y-U+6A1?)%.\i~2YQTdbeU5HB:WRhp'|8*zvAA?C~`="Z^%GCRyse,X_9~*HX7vw@q*z8yy
9 ~A(b!l1A~$?R9fYBUeR<x9fB(AwCQjHjGiNGp^$,{ZvmD(kzG%E|Pd-:f"3m-f
7 QqwVCnG_U:X#8#78<Qy\K&mv)4fV8hw%t+ZRx=3OVMqk;H9Dv+4&]wsXGji=)=rY+l3!{T"w".c=o
6 0b>fYqT$a^p$IjU{:-zRh&.1A4,aTEb}("dz.::n:[eQ[EDf5O5%okywcKLG[fpA:Yvsx8,3rp~0=
13 H:Uyc{c*FOrBZQJ!@b^4,sXAiDM8}RzGlk[jgY/H*#%cSh}.f\\qP5MTryL+'$|\(]$ZMWyrtTw8%
7 5bQRE?z@B}Qvsq]NN:I.-CL-45^}U$ji"<<`ZQ!7OkGXqKx4X6B9R+&Mc}*#{:H.3!E
4 0v`+R*#Zm/a)V9$'wnE:AZ|Zvv+A;y1RBs65x)Ywkyf++
8 #E}988~)_l:,b@rH~jdi)ww5W?_kV<nX`(,3?,V93oD
9 :!F+_'G27}BY/~9SxJfApa8&R72s}"mjeShuMCE`f={S<P'6ylpjiC+VZWJrXRw>&a4R%rM&0dX
4 nQ$W,?h\)$EeRkzkR@.u"}`i.'rd(MH19f$^RM)sXfn9|+*7&*hcg]\xLNUa<{xyJ+CHQQ
8 2:S"yf\x?e!J]n{"o_>.kY0tQzAS>!/~.zV5aN."4Hep7b-ABJO.>^=otx]3xl2'g$UcQb~~E
5 bu'R-bTg5rK!Agj+tZ&h_Dyzt7U[15tr+z`Q^59rB}/cfx)[n.^NQXcF*1B44h#*&,
8 mAktiCKZz.5j^mIP=5=T'&=kFBdy,iZ5+`*/%n%~79&0'N_^c{Mi"ipb,U\RZ|R2Ut2CXgU
4 cQb5O~}S_2cY3\Mxp8eRjm6lJtexZq&Y]#)H<AzzSxo!o=4`n5Ms#|{fraygm~[1pWO/
2 L#!$tQ1,:/m38iT,']KcUPA/hsENk_/&9s5+wMc@IW|D7;EE0`#("<LWK]]]"QT.cGY3HJTr^(2yB
6 DrG6GW4KIo30]MRyam'pmm-|C*9x?EuzWO(#doL.<gK~YyvG
10 ,&WGqoTrk\u=xrc&fF^`kaD/cv!0;&4aF&)8uv+{S;Sf/Qk0dFci(4"5SqHnzI%8%],K
10 >tsi277V.zk}Wo>FaLQoE)%+-br"ce9=dq*=]Y#mY&7bl^miJc?&*qYQLPZExg`
7 -#hS.2:u$|,So@tKB"g\C*7e*:1bW,fd/ORVa'f~$'8`ar'\$AiR084m#t^]q2Q\8k)Aks`z54
4 k}Q2WY/m\g!o(jabRW8Z?ZX^~3)D(Ps.hE?@:g.uOH"q4|T!T't.zhkB_st&ah5v3)*
5 34@jV@f[UmMC}@+Z0*YH$su!^GqzM6B<GGF%l,`hakYef:=|{9w!G*;Gk9c.
8 4voj?CzN@YUf}F[<Z1<:s=]|QZ\(3[i`lsK,7`YV:I=R*4)dD^9RA`qdwHTZw-10/Ebk8p%[FE[cU<R
9 *m<Hyd<X]5@&GQvZ("8Ze?5qqpfwRd6\SQ%gPZd?npX-sKZ}JGJVBrN`f#sMZ
8 (c^XJ2Wf%DH?M#~&Pfa[Ox./OYH_z}dD<m$,W4hDUh/AcAca"`wWau9&QTP<I[|jp2rto>7UE
9 |\K.#]!0e]c2UqVCK`;P\q4%W}&nc8Ra/LMfZRKW6O5CED+{FG19JTK)08kg]i
7 {9-r7RU2/q5H:.7$a^.1KbFLT&MVyyH1MT$dBY1PKEwdlI$O)1ym.[;a`#8Z7?MY+#1F,.Q}
9 hL)Rd,rrci%d+xF.3Ldv:&d\U38NQuLTBTAAy5Ox}mw)f>64%5+?!)Ol%K'
2 :5dB)k7N=x3\PjCO]USx.T)#HZ~GNYr#)WD2]Z_ySqp$w4SU%Ai2tq4D7FE*YVrm.
12 >HD~,~f5m)c2cEz|ztM?h>Zz^0{gRDhuq_n\_4Tu)&W2^7&PnD/].p)]5E1dRr%UAk-R!zbC<
11 90o>L5XqM?zoocSgf(#GL{M..},PqU}Fdm}K=VWjtSZdQHf8BgzIWpj;;b}g0q[6|l
7 'y19QK[O0MoLxrGIPCRT<i-:f%"(-ZGFDFTaGZJ(\~DqWH'oK8O_7:7HX8id-KFj
9 A8{8u.k8h%9!;~!FQM6\<05ZzjVr"REuy#I9z+OGgXQc[oL5wU)|.7,)<a6>N[4c]v7s"e
8 =aF0Fqf.vEoPqqPv]QrS!l`*z&+v}a$n9#zQgGHiR00WI}$nL7@S^T:_QH]n:h;^egq*\o.
6 AYQ8_#~Z~SW2!A_Kcg]:U[2OL-zh]a|"=C+pZHeNJA'Jqs:iefKfFgWpsSsk5-lliL8hp21
4 +qv0arc)m7q.^=NqHJ`m.^0/]F<2yEE%R<NNI2W7HI^A!G3cq.k~'6Hd!D!;
9 l|'^rp9xy)J]LXMUVjQ\p#fW^3}Ixe~!b@xo22h,UN%"STg|uLe|ny7,Z+SE7\Fg)n,9A`\Z:
5 F"81Wu)up_!(%#D!F9fn)7hbvsrWy2M5N69Zl37N.r%tQw24A>:$Ims(|f_v3GFzvyod-(MT
6 Wdb'q1g%m/'?[`{5\kgff^B6|>voOhSwS]i(&2?9qi"+gXQo_pv(g4o%t]L%Z@0(.\L
8 jdO)cpas\HTTGA9J+At@I#zc~[!QP8LU{{]y(Zm}#Bmc}'/Ca>b+AwnZmn,XAX.=n'Qu`@0|{|`d
5 in5:ne[e3_3_/FHvhnb?5]=i?ImC#5G(>[A-A7.mu@N@!1Qi!NCO-z9eDB*GVPN0F*<"Z
6 3syR}K;kq^,uD9g'D^Uo"K<'jC=Q`]5sk0F%t{+fZ6]9i_YH?08ZtS`_29Kq1_!{*G!}],e8[x
5 H#O*FDJ};^c`He9sXkaz9g*lmX+8QG9xIg=*GfBa`&B)ju{]{wsP_|WgVa;BCS<(;r^B,?i?By
8 )sLqNp.J^w6KL0}b"]W_|Hx;L|/i2-HjRkcfCri1&:[kcsO~QA^hiW?Png:<pg8YIIy4
9 '=Ban1ys{-mjp!-zsD:xNk$=f.:ysePz#r\,>p:T|(?)CL?:J/2D"me"aV][h12<o9v{]da@3,m
10 t'fS+DJ3y\.D@`EyV1j@pxNf6XSaE<nT]UB#4-MBl+6!he#lVR'm/n9uzP:N|v_
8 a-t,N}AjQ/]fxk^u0)a3JK$PmSBA|86^^+%-*E2tm*uftTv?vYk\?Vt&'Dh4KG]TC6Odn]1}s/D2GF
5 F41_!xrLyPlaRlcg\E]5e-QS\d8IzG)r)BZfZ)&&C_^RUc$mP]y82e&md=7z}Zm'7bl-j-2.ko#Q
5 p\Es!A&&66WtP@knoQc*so*}#akr4A8ZykTbgXe>xe95[uRw/KM~HNs4}/tX0]ZQ\b**!
4 7WH"Q+je3/-`2=O[Ya6T|*}.9u'y`Ye@}j$=4TR(Sn.l9SfZ4@~0U8FOHgI*[IIY4f2b>iyK
6 ooHY1$lF5fapOPr\hldz}6<&b,0Q2'}u@\%@h7]ju?FETR!OA*JZKwM+T\+l|
7 -!lQB'YI-g{f8&8!oAb%14ie(~xoMhxY%eEF(Ld69N!meWa$c@$-;p,MkiG(?Z,+4uEzISrr%Xi;^
9 z[NH5~{4{{i1^FJ64M(:dY0Ma${L2.}3|fthAv_a]EyAusXMpPzMTdx;u:Ihz1`nxy]4PUj^<Wl|WF
5 JFUyjj*u\$usV7"{D0s@cju8r51{iER}\7dIraS_mz_.@:
6 :f(#UdP9r22u.UvAtL9"f-&lL$qYWdC-edI;I4mVE!MloD.d+a!-m43Rs51_8KH_N88Y9@1/C+JaL]r
5 Zwu%K:[a>[#>.t"a9%z|6MaRsmL*_2uHvHxsel-
10 MOCTtF8Ioi&K(+h9$'s>[1"AZFg:'WJSAmC64Z^>D'SSq/R^=~&_31?w|\b]{V9\TE)YanMWt
3 h`'cOgCv^e@h}&z+flKtQ,ZSA!>\OCu8?7{m:Y~wYY`W_u|F}bUOm0>J0['x9|Lq]zX'&;`[1T|H
7 44p\Sb:;aE)n7UG,Do0Q7\g:uo@)Io#v$rSVp),4#D4|{VKXIcZfo$/Jy:1@$Q0g8h
6 bI;Wyf|40k`GUPm[H9?8izFlnk;tecGH-|:Bc8U.$4d"?Xucq
9 Wwd0]ggWO1|x1u4tJva<*c^k|?Yz>iVt{U@Z=(Lk9J!cZNs%EoZ&EJ+H\`+`h[Q$l%]Nxa~\L@7k,qa
4 pTHj}FpH'TP5eZ{:$qy`fg6~WV86]"[iV$TnI_7jNf~5[zN^lbYmKnm=F@
6 C)os-kTlg-&qKp:1!!}lbJ9h]PZ2ros6x~D@&w-m?3yj>46?NN,23^yo/T#<^5>J/Ya^M!P$gt|eJDS
5 BQj\/C*~}@AdQ3:]M@8\^LkO?fkiB$bcUNZ},c9*%Y)U(\Nn7!KtM7^k9KoZhRXX;4Wn;b,UJ>j!~S
6 *sC`j*AQF.T3aTXEc<=(FAU<>bE98dH:OV`1b(|DARp=A
9 )vReg"3Ui9Zkhc2q}H8U4<@1=uZ6*$IL662|8^R"w-)z+:m1Wk_dqE7(<CAa_5WT:*
9 PmeeitrVPhw4p=KVq4O4]NB=U(RCb&KM/23wAAhp*`&y9Pj+}T?[$`3X#e6dj`2x-
6 ?23*v;C.V3}gkJ5U{`gh+R?sq!vu}%tW6(`GB$TwPmyWRJGh+/QO{+])Fn9Ds.6*6ukq4@&t3vx
11 R{<cgHc8N*$Or;s-NvNVi)^p0$hEK7D|3zzz]yM,$QZ1kN=T_'FJ/%UYB>9^/r$m>w@A!x2
3 "piGmTdRIDPV3Fgf?s]Y5mv>D+c-^lV_^Z'L/'9qdiHv0JxNYpBm^9F=C*J#v;{ot>V>Do0CYq:hV
7 (N7S(?qTly2?s'@lags_6``W&-edS]{ka`Z1o6l7A<7k5Pr1TETEEfZoYTV*3ey_]nC]5_^=x6f7;%`
8 r,AbVkGMF;T+Ukgct\)VjTo><Ur9@<x3HTt9ZVf!,;QrZE73%]$V}*LW!.X}\2#~e&u)Eno@b9[
8 :n~M_b&Oc&^4^(^:M_%&uAC)-Qk/-K!`:~.4{Mb_S[rLbke0K&OAF.cm^O{k57fNP
9 PqgWfUHYL4BmMwA?kGG]](>H\=!4Wb!Bog5VXv1%+R.WeN1kuWImyf6p%>a9Vfy!`'rM
6 q2$zB*hb(>\CiYV1X_gqu8SfRP)j$1ht\k+:1.{ReXtOLez&>Il@hnP`NK=A
7 %u4?8${l`:&_r?!XJ?Q$;%Y#~s|@"d}`:6b3`^:BxY<'x<_]t1z1OoMhcJ*eDQ
9 |^9o*-NrX.%=f*go+P(<^[?AdZ,G}Wy\iS@6oeG,-~=L\kt,>@urS!8
9 "op2Y13NR2wQIjVO%a$%brxjjc+GKB7AY:A17:q'MFN:7r\DI3y9l$=k(q47Fw}=>F~Wt=(<'<LC/)
9 ?4avh%\%1}WQv!eiY933m,s3^*Lx%^[]qXUt}oP=Q6{s{*f?*9-rQ
11 oX<]ywq-@={ME/}UqZ0?=FA`o?@Lya9M:7SUwgf.S~K4Hch:>3X[r4V
7 RUov<P{L7UKn|+m)*oW23;^1yY.1huUUKEM"0cNF9467>>YbH2/ufl'aaOqJEG!o'g,7KsvdGb$
11 }1oCU/t,\DT*6&Qx}.xF@vRhbkn4Nm*L:y*n):6ew%n.EZ'Cg:$C2oF/[OB*XLoqFyzh41M>0-Y
4 "R+%bUi_i.v~Fkg+jdCpeIO.U\IwZq`[DjzAZd;D-LCR8Ev>*:In}w7So_eJQF&0K;j&;'
5 q]6t4+5U_$yN0Pl2JQ\+Bn&5."$UI`GSaBmR8pL0HN[[1Ionu`58OTfwo&M9e)$7A7'{*k$?@lb_y*q
6 R_]bAt80~3zk#m3iXJ"{b7Vq!=H+NXv!Rnbs}6>|H9%d'7Oy{jux=Lj=$3GR'XRXbP
10 Up?DRf-:..[)abWXT1P7W6sBX<6|282"CQFuRlJ`y&$v#uxxGFZ7)#N:%5;<TTb|HR2Es
6 :vwEMZmaP+Db_dNrhraqy}(Cm"~dSl8lcKL1&UroyQlYPUL9bHF\FM;NNT4<AeC%1oOP_\ZY.
5 >XVdSQ,m)-N>ap=x<~~ayhIe-|N2Lh+jAzisLt{o<eH|V~v-}1m3xQw@iGQ6Ju;jp%xXxub5
7 2xBJk.\'sF_GX.O~"a]E.qc'gB4Zv)J{)w8!{9_TNf36fqs{">5VTGhtPcDSSH{R7z#)cYA{{2
9 prWs\|@}uUCTWxdWx$zC,`CMr}]5U_=`RsTIp0G"~%VV8UHLX]n}?MK2Sr+D[{duc+X/
9 %")h$hydT-QJ>+sNEa{B~QBM?Q{t(Aad&fhDi|CY*/$b931ws-:/wv[QbqF%4(gP6O;JM(feX
7 5Hb\l>W2RHLP[2RH$?h,hq^^mI3VFDT'jo'D9SZO,(b:Clg.LT#10)'SC5Oq<)*a}4>
7 rxeTPx#KrDSa`xp.0h4N"&,>_*"frkB8I,@x{u>w<Df@>~(}{S4|
8 !_DC=IYa?ue2S{G%'v`QHua6p4M|Q\iPmw<d)B"0s4)RoOV2`Qb)G^>9q&PC{T.jG
8 ?:Nb6H!y8)i5\#C_<I5#KR,ek+D~Z{(54Se@9]:|gdl;')q9O<S.q$}jzuFcTz~;
7 :/'&f1'Te!aw@BN_%y:M&<qQ.7M}Hxm{(s<)&C]&]?|8{ew;d!89J.*@!bms{*1
9 %,t*FM@)OGtF;'>`f}y9l@*<G93kIpqM+UhP}~+yn_OBu,1^F!qNZ6i"h{m2(BE+8ogBx#CE0
6 3.!m[xxyNp)(@uC::s^d-,~(j3pv6|tbE0Q;)d5Wo=x0N=dgKCgWNfy:4jKc#ZGGj3arvvdfNx1{
7 f}b?SVM/44Cd#d)ymTO]e^i9b_2-D.?,,"dxqzy:yulmyAX9JX4bA]=|o
11 +4!'6S,gm{)P!S}%T'?MukQ*`U+&6TCy8C_oDAIvpL'
8 c.nm;hSz,HJrBeW6Z"P4_a`rs98KS&,7M5?g8-v.`K09\L($o5FE3(fqadG+1Eu}5Qqw?+A2
7 `/LWb:}2Gqh}9Va?$MeWp-oNIW13ZHoUp<-SoEe78hOj?1l67N#36RHp9<n"{c~@?cP.Y-0
6 z!&4HX8-yNusJai])5}Wof}3]mPYQ>[:o[{T2|qbZ01}'#Rk[6|
8 ]c)|}hRW(@rz;hhgrrI;:Qd^Zx|iYjKROTOgW"?yALtu5^^(kB\p8-Qvp#HH&!`q<x9v!@9:(AEU-
10 +rBm=|K}k9HNz3H>&SL:Hr?Pd-ln/&~93AAj?k$E%es;wVX8*?Qk2+<uQCe`&X@&'OZ1@
8 ;pSm:'/N*1F?h{tg3m_+MN]h^4l-Wjfq[T`utgiQ\%D]qL'xai7ic[mT$k'_7Vv.[&In8;K~o$MnlZs
9 $N3]V=$0][=6J]f[>'jU>gQR&Z+i=zrZI'R~]V/;LfPvD8)'3?nt`]C6'6@\sBKN=|AlDDk"+EV
9 }jx"qYPX<\)'{s?$+O.`oT_SvVYn?7[yeYbxI=RHG!NLIBcvlEnvyhK,@?yxUor;doO.-"om=koJO
6 X:};[bL0@rFV!ERBA+4+9&Q,N8rf;GH.fvO4Lu6*ImW/Iov6&t(XyXcb+qdF9-gti,x5DA+tBZ
8 \aq?~)q,96r`na&_#Z1l->c]Tzt,fMg5xBnP/H^o5=c~?L>XG?b.+/ndpI*HYA&*[$?yOQKo&G`03F.
5 4(:{4y:Ln\p1"$AN]+%Uw.YOm"_*P+K}2~z_4O-#,
8 65@?PRuB[#VjO-J@j-G:C"A%7&h?.E-]Zf{ESq"/0X4qi!QZWcv%<v|[Ku%c6|k'\a&>(+o8(MDpgte
3 ^K7.L0H405vFAdy$Xy*`X^oM?~to0Gbbw=_GIn""geKG!b0o:u}>v*j7CyAl\$OTZJ6>98?;8&
13 'mdP]#a`t67!XBl@,HX/e{pqjjj7"}r(kqqIsTD%%Z%\7q7BTnk:&\tx_j-0.wW0RTjEA3L3ee"RL=9
9 ~F5?FZ8rV3{yHj539Omd-Dx4IeZbv.F1StP5Pg('5>;])P+\:x[FWns;Th9Ku^[dmFx>H!_]Xy
9 ,M!t?Do^X)ID4GwR#zMPmO6>O;~zOFZZsti39Zpqb:6uzHb8^0gLy|jI9%DgJ~\X/GjH2#Ie~iLKI
7 h|n1c'gg0~Ss.8<N>gOO,JuSAl;`YA2BX!l<BU$QTq_a*zJa|4K*])2D4fpr+?]=%=Wv~u
6 UJ:AF5H-MjsLE1$(os>d/*A(W$^Q/MZc2/@WCg}+lrW3>tTHi.G37h:m'3?5Jf7rs.lB5(G%!
5 E_n;q}n\^!OZ59U`.d6ESzU&E!,SA{ye[$;M=DD6Esv3&n#?Se?5X/~TJw^Xuo'0:1C,I^E1"VCBE_
5 kEzjB&;lpUpvgj>2aMW$KXw(7jeBF5MC6TJ/Z(RDGjs%N_RpH+/r|By5-`pltX1E-t
5 "}.>@CS.<CH,y['ioS]-QY.^U(`]'=DC;QzttN=K-dW'[]oeLhr8\!u3)VoI.4'c!"r0j1Z2tH:
8 %1NP@26y[e\nD)'ANo3[:Da?6'/Fm2BG\o27=H1w.("lJ)HwwZSL9OkNV50DFQj$\|:x_
8 ,a2B|JO&PA2xPeWT%LXz}d2Z:;Fm[>5f$bPkySo^>8/|#8b&'vS}Kn/BoE^cC&Jl1tO{8hsSiiiP_4
7 T6Bx(B{{))A?t]0:(cGJiN}jME]h,3p`c4sjo+f34CQ)!a\B_%kcR%h:d`$os/jW}{8|]KN7TAtB
5 ]5CRV38)h1[Ol|+dA[P$G2)tr4m1?il8}Jiov"3`MnJ:'U~aKieq6)"*P\>m7.%:f'BiZ
7 7}*%N>Er`Jq\?<YaJ&O/LUsJLpi&"&\8>f<k%zy~EkvcBPF'V0P=!D#LO'RPF/gc0>i49cN]
10 _I}3u@T`xZcXyIf5[=(.`Fyfq%#$pF#P*"}~[lzna^G[)/+}e2-GW'.dEKg6,i"O&
6 Z?M.tL-Dy#UF}<y]h(V*IKDDXf6,!%ltC:>9eJ\zLLAdh<B|v!^4BbRw*SGL6/.JV|Ek:.vg]M
3 hLb7]V{YZYqE=ax349/YFb`>SczI5;w|#ZO_Le9'Y+Lu'_);37ss5T2gS.L#bD;d9iD~ivA]"(nC"v
3 _'e"oR&?rI{Jm|knvU>j.$tulGk#*;$E}aRhTIZ21$&AW]*s;D!Cl*Zcy!5Ep8n!G(M"V1N\VKfh/#
6 {},Qe]WQ;8,%lbHXYydYl1U{NheKJ7C;*5`OR8;ljG-WDn08h/qVYGl(0lms?1/H_o22X[pS+S$g*
7 Cs80Oo=:/e*9b!A(cO`L^z-]Z.TNGsmih&5R0Q'?Q0q5J3<.{xdQ.Qgta26h"3D
3 h@e>G8/:P1sAMI}xu]'3<!B}dW'#L$zPC`m%x8>cbL?1u=rQguG],xR`aAcw%;;\o@*H
3 |XWRuY$c^x)bP$oFL13fm$0*P1sao,Nl~@Y04w.q,7nu:^<"oi#]l2"=]u9M<"T
6 8V^vn5^ln<#iK'84I$on*CWhB1<C3+vdzU[i&Tq/pswV5Ki]htfqnJM#RrMRu]3P[u
6 l;D>o!v[8pwQLv&>)@y$k]&cvZZDDA~L\^if^`\1lTbSfg,nFLrj*jL`A\5!{\&{m/]G0o?J=Yy?yIh
5 Uh22M!qFX;`R39MgNLG'e;S`!UO!_':6neaVeS{Y)\,;hZ?]b9\?T~:0vb<Ta]&o$;8H8FUf#_f
4 jX\xd*YfL{&r'9'Sj-Y"8}Pct,7)=*/Caj<`/0HuFghM;*;&PtBgr-e#9{EU&TwgYOHhx+^@.a(H'\h
5 f=Vl9lb?lVWP~`6{]bu_3A7F'0Q$7R>|o/&C6#a$Y9mrx%nqf!Q5[gZa2F~Ix=`$f!F{$B:\Z)OnGY
7 T`qz~4R;5bi@,Q;#8&G8W>6N;.?}$gG2u)ot]'=Ep-Q2R6eo1!Bli`2w>Oj/K9Q*Q\##3,?J~jwM
7 {TCSiZ~=l"_Xao+N:&bY*Y\~b$JAQ.L9$QFC@U](*(c
9 *Gp~]>hv8gjqdls^"Q;W`mM5}OO6dK8LLQn!@5ZPRFeXZs7[EQN>/ONSlD>E#%>LO=Sh[4q.mjnzG>_
5 m00YR7\-Z1{Zd+|0(T\1]q1j7<l/ZGRHpK-g@TRSP,pC3c@l!UBg0CrTbrIgW~?5^:+F
6 =v(8b&*SCPO*"@NDDrQAfl@f'\[N||-:sNkqmuE1`/U{N>A.2-h34)x:dT#{kJ6`w=Rf322.@f#*V<
1 {{DV'LZ]h[xtbm_t2f8H<x[^<"GmvWNrV.P&yAOjw)Qv@!8OSkU'==U~9|>5)j}^
7 gB>:p~ADs{OG\]3=l4?7|H&j4?@;mEZUfwoq2KQ@H!g%w5[!cz7`]WK-1jG}J<SL&L&wzRLjUR#v
4 5w~&6T(5X}Y+\'Tq[)$~waUEVT:M,g+@_D_t3fEk!}1v%d$y((x!dizm0BWG#9eUDk+7]3G7]6:
8 \bH6!*vvnTR?JbckGZmuWN_{e/Bmx\1>?r=(^~+8e*lN="oAwYKTC*0)SQ2LH\:^5$5<bmL
7 B`&&[%M='.f0tZI9|)Ge=V3;jf/-R4Z/s_4j}aB%*J!nxrWk%*>hgn]<r!<Ay^klV<^,K{-\G-e@;
3 mz.7xt9Z!8)jfrEy4g~q:]W3p[{(L2qT-~k@t?5tVW`=K@8X!*,{/YGNbj]Lq)2
5 &wU*xDJw#HqHe~Q.O9;EW>E)wX{n|5G.gH}v""z+\<]Ll|v=\o0BW:\J35_d,k"rO~
5 =>X}DXA0ty)NWSgIvxfwkMaNC9aAC_QEt*xDleA?bJlT|T9sh~'Tfg>*;~d^x6>UM
6 cnE8HLupjuJBN9zwN8/!cS->k?gW4<>2EcclJs^5%)pS[ke*%sDglMEZ4Dl7}GP'6~G6,7v3M
6 U(D2'p9-Lo`0[!08A`GY;Ct'RaztL%!1,^BMP[s7eT=KdGZe$K#,^an`bftB^X^+
10 _K(%FHIfAHXnhD{BqDeh\Af26*Tae~H_KOdp2HWRoJArm>Oy{P|Xp~i(CXh)SBZo
4 ls9'EHHX9<TX%I%BI|3Ct~XgSKLEQW42VeotUjp2%6(B]>U?YieFsXJG>1'n#T"X:pM+uY<y"R6T6
9 9#=C7F-KM;P24&F\j\18%!@anb==vSm0U+R'jyR8O=d}\+ZH"k_&'~&LBB1P^H6^k}>L
4 "2LYHEO-V5KQa>lesV%nppJPMW[YMOX]DcfFI*S~Y}k;Vr!KI?wNP(!}r.VwPS%9aH#?m$Nq*hdq
6 On\a&]]5yh}k,4lenzfJQG>dM*kbBcPql-mrjLB~OZkZmr@v)AAshxYP>_3_^|k3pe$Z1+kL4
4 G8yj@f^r)><P1nldG,/KgqczOX:$mOBLt|A,v{!eLnKLL<-YW=*]6X$x:B0@v&;Z-/cp"Q^@~o?FbF
10 s;w,_-Xoa|1(?\wpP>ec7\:qG@0YbA5puG{Uno_PloX-Mj88)86ZtOLVnv1=Z9e~+@FYR
5 -:tu8Y`QNir0Ay&aHC1.^?:OG^tS'<P3UE*(}%Xf*evd_7F)YW6R1i"qI1FiLu{<U@Cn_{Uh
9 eu9RpK#uRv.X>6xvO.'5U%>Uz7Kg.UL.K~yWK|M8stpME%D/#&e`9r,-s;oP/upvxITH]ACDfS#{2Zc
5 O}c3Q`;w`Wi/.T0VzaiUpwPcp;8hR\7X2#5"y[%dDF.[]^2g76K'<G=
4 ~jnI-:lhxgi9Fbzuu/l?I$p4I\:.]D?XT~/8J2\b4a6sD1jUYWs=udP?\&fTI
10 POQ:B]z.B~A8-Xv"#F'5FMFXtfy_~^)OHYhiQd3/}mA,gGF+q\5Mb:U7OLwlxdFr!](ux*Z
7 e.7)_3(,#I:07B@>&>1x$[:U#IKIEG_En9GklWllJ{3'm]5F9cbFB6]iZ!_
4 )'eAI!ICBEll8vAhbo5Uz#v.RmUsGHnk&T<c>]X/kTbhkjXiUP</*uZ`]j"=}h;<Xp
8 3edcCuwm,7;&)EX*0LR76iVcj@qS6wFc^EG<DZ3QeYuSXjfc]"7YsAR!)vo|=>$7wuX<k&)Q^}%Q$&5
3 ]>`*n;Q*#o=8L=6amu?E\Koa.mGYR[83:D(Wn(R1b-XiGn"\`t8[7!uM+E
8 )IcM"a,d4POPZxA(&C8]e]xhi7pyNZx]1ct"'%.hl%n6?Mc51ey(5T|UrMOA)b99FHTgLaPS"Zi@(gn
4 G,A>X$BnwohNP5).FwJ|t3tB6JEIa"OCGpz!/W*(Hro3BwZ#+%;!/VO2IZ(tZI+<#\9
6 Jo_V=K}TGOotG17m'!r-U#KpaM(m3Y?H-wX4Xg;)~\G16gJ0EWh:8=a.
12 a'PL/~0\tO6/hP&e|5@+t1ETbg0)6:7v@f^hem`ZWuiZ`*@wX_>M+b<)JK1_dGq?.jB.r#hJ3l
5 fSt`?Nmc=@H`8B."h".*4M0)&qX5Bcy%rL1kJMGVp{Pyka%QVBgy<CE3E>a#<uA
8 LZyC&}MqF?WtPC&B'rVmCa-se#C@T`G";A^ZY-M;e?0P|Or$\cp~;Zwv>#3x3nM>|)TR>nqB;
9 V6%YS(c`D%yY17lLR7`6@ohV'f)5COVxdtRR{QM@Ub4-|~i5~z+YO2._IW-KV8*;@}$3~aI>t
8 xz0KQ#*B."}lc~+&uo%TzIa\$a?On2$gGMN3PWowrmdW(*v}46lI^h'bJELT3:^zPP8"_{(qj(m
7 B@_d%adGvR{F0a@x5#sFJ8S$]x?B-1mhPNNn037'~3g0sBCDD7i)iX,GkJ%4tq{_ZJO&veFv3.AAO}d
6 W$0dCVQp.SzSHR%/hi,NHS8L1Xh8`xVR|f7ZWhedVuLK%lyQu~d!vyC+ju?Roq@h[D-6
2 @3l0R7-_E(k'Y!ect4'3WTYBv*v:mGO.Y<=,mI'3j-SD-9B<LHi$7`-7ks9Y:5"+f(zxv
4 ^}U+Z\GEi@--*0C)!Pt;A]CO},FkiP_Hh5lD,4$un0=wY_!YJ1t'mRUk?a^<^ge[Y<dwo!P9Ou
9 F):A^[J!o1V_^2r(YRzuL8eMt+2rr)CSKvs+mY+]iaWI.KP"8ev!Ri;/;TBNpVbq3E87R
2 r%]JI{vRh|JPEGrK&5!wW0H>Y/P;\3bi7ZN_VEL?]uo#Wbh\2hU$38AojxnA1`NI??\VO1e}
7 &-HbL-t("9eBR291z:*vuU}eRQLT\;ubb?_/enPf(QCtb\@x
7 oJf3JOK<z}e=VS[b]ac'bRmPxA+Cj~atIb)/LmdG'Jc\|?Yt"gFUp$Q<=Y;`t+5a"_);=L9>wZrsJ&
6 s"8WPQsNlI~O0}4DRqR3ruf'%|S\^]RR^%DIUSv]{2-,0Zjaf=/Y3u_R.4I
5 2QY;S9HTph$o{NJ`qg\TAGJX{zV+N<yy)S5u'wJv`g"]6K>CM52n\un4a+cqqe
4 =y:eEc"D*ybDVW~?<cSH4U[bjiW@Xqb?oF54:hhb.~a@21xsl8l[oeI4
6 m!P9XvKovz7+BBLQUe1iEKMjp^_1uUndoY8bQcSbxilVFS({:S!x}gc*GC:=3D<#|TehR9eK=R<c'^
5 ,PW9tMYROrV-?FRN=#.,WN63#{y8Jcm'cPpjx*[%ps9\-X&G94l,a#X~}RQH6?hy+Z~>cZBoNtQxuWM
4 rqR}Zn3o2e%B'7l|wn9U&}.bL]/UT&7G2h_kqq[$qzF32MJDVbxuaBX.~gbS(x5'$c
7 O5uTp;?Eb^E!v980ed<=|j5vx6b?KNKzb[imuC3X"qr3+FC++^bBcv9]G7{qda(a>pONN{BP)Ob4t
4 **DCu*7d\r@.&pA1;%iRu!PLV:53=0RQ962'*6|8F'>joBqZ!Wo)kIW=\j0BQ;9oGz~LM@KZTa@"P
5 _JKYOhk(\i{+u#J1Q]Fa#BkJfe+vL1Wq0NzT-.\dcm7.6NO<rD-7PAsl)0t/.4ccb.S-]/8U[Q2P
6 8f635Sja^+Q<JMWCq}Opv(Y)?[r1A_KrF`Uc:.y-s-cI`xAC!>\#]zqmcEb")!
6 :FH8E@\`g:3Gm`@aC^Sr'y`#0tf3\\cw&rN+7*7kXdMFE)C#f11(+p*T"o"]LdokW>1*aHt:G\z
5 l0vgaV}Q@BrP!:>E'tH3l2`Vzv9>kC5<si+DH>5g_(Ry\oYb!#tl4oCI#[fm9~b&Ra@5Rk3uJ@
9 qcsXXlA4eP2S0AevYH&a[?ErPVwC(vJl\2*%[BHH.z`+q';tF|PmZ?9k__*#pmnM!3l[T5${0~'<@
9 S}{_7>n>wF``-:="`5;(~|KH&,zOfP*:h&5~@\j5C~1$)3tgV\>}C@]
6 k9({uoVrg"@7-AwU1"c]zL?NC[E,H+J#QK)-F`X10]W}$#=B{8:W.e}h{
10 N@wV8Gmk%[U_Z-f[l?Wvc&2i$&.v{-UdfM<}/D%4~s.Y"sPmM(~1H15}q?l&o5E]]Ibd(@o/J^@o7
6 g{Z*<_d90=~/bvZ8\CSSabjm@K,!I0AKGznbtS7@o6Nl-C&%erqGp\O1(ZLj&l7f$&
8 RGZ]sCD1x/$i}1U($I'b9TR70m@ntXqG;f%/+c?$q\(p(\3,A9)s(Z+7Hd@=>Ldr3$<=ftZsQb~sY
5 wDN?Z"o_LA%(|!1#1XGMTQ;s"fte]hyndfP18P2,kS]f<wWZ|h"2;W62SA$$5?)9#A)!O<?$(7<P*Kk
4 r+`n+iIwbooM9tgcO$jTIeB\8Yv$x<;k`{u'eY}cImK{|M_gPJ<xKxo|l"y\_PB`2r0RC=f@8{2/{
6 8j+CQVFD':E]5$va6#{w^uKbKU?P|)79(<L}$"\F4+n_i`{HVrPG2n{ayfb7d{8\|\"Hb=)-b)?/\P
9 H=hP&J<0Yh})`[1h)v>#S`c0sn;Y>Rg!+PQ0ylZSorvQN(:V9qX'lW6``jT~>=~H"NOs
3 +ZXtAysoTydB(@T1z0%cDwNar{AQxH{$=U3]iBg?<LzDkOng_.e>'5~xKZdD#zH?jt7U7}sSK<
9 Ly\vU8GvyU~gTdH;H/aXYm}sO0uQ6}o.Hc,yC#:%#$hZ}0H9QJSJMQ?7aO#2N
6 t:,GgU0.{_;&EGR-zy0Xw&kx-CFew5x?>BWJfhidHU|(Q;TB7-Qfuv@M)&ldle>EBt*)w.(@|&bi
6 .`4=}]^;0"k&<@n/&qY?grr40KmE~'[T'osdUa#={!y{bEpp7w+Eou_Ka-TQ
10 G<K&)SI+g|6$3Q-}|Gr?bzvJwngtnZ2>@%kjmak4+aA~|ir%l3~kK1P]~8R).}`M#M9%*uJ9EWkc<
6 FsK}gZx=Kj#il"P9&0%457WZm>5dh?r/3>H5wAkCGnG4o2L0Ajd-112.A/bQv/E}5mf]&^[]g)
4 PHoS[8&{+rT(]V$]u7&tQgeVdw^41P3p>i_zuT$\8&6YzZ6_x:nK<TEbf`w<
9 *;zmG[a,k*xTk7/.,t>8=$1Z>cd`;RC&)2%(Vcrk)mVR<}2lo>@GAP#xN"Y$S{)
7 vi#QFE}</xD#DO9?D+XlGFvtNu9./&^@o`-P&E(4?K6|5i=Xs0`UUqK?#}f1%Eks&wD,WKYu1o
3 R0c|]YwvhWFi|8FJWCOMzGh#~t`*GJ=)>PTHW6skZ$u8L#UW2|B33E52:1UaZq%xCX[5*i
5 d^Tj&z%HX/KZJ!jgkdW3ae6KYUZ/[XcY!l2repr?~>4IX}2D|$q_h(+]]!C>so>7yfc_4I0j
3 Kh>yg/,0!w;J:HRJDmUM%O30x)~6gs~yuam,Hl*
3 a"uw]AUmzzI4C(/>QiZ/E1.WFwjV#8B}9R12re:)zbWX%euVijd0{-fB&k4B?U@a'I}=]#CTEd%u,
5 =UMLbqH]D'.v4Ou\M\VpR_}1Hj%,KHD#|,Oz8vX[8eSePcS~5a@zP`b?Wot"jSp,DmOP#d7
4 u#AI{qqp[lpATZf9,#So^S8X@Hbc1|WB;3j7%vBydN;SC<kOXYYR--EgTBK~@=At=Vh$}FjX=$Jf(
4 zv&)bqQC')\}fv.g}M>><fCIA|1NoE)&<I/};_[[#8ZhJ#jHP*!1zHa]2t)~gsrB*(Fk(?MX#3=-8c
4 K;[>Ca%~+%HM`y+vU31Z/l|BN.I@JT$0oxNM[RLeV0N8*rIx&YmNaj+03mOwCl(3fUyB(aBxp+K5|
3 Y)Yd[*qVwT[WVQ#}hVevqnGaAjUOEo7}3+|m4n_,];|N':fnpM!|VG^?+PhV>cK46?;+8S],cJgB
8 H,Q8I!"y4q/,L_-\rCO826,Zz*4_IG:pR&)zA+0T7>`||(s,JCC[rhPmr~M<F"Gw(j.H0={`Zv]r9
2 4]6i9#1/8*T~)[p2g9^G#Fp(%F7$-r5`N5+E}`I]Iy{7SBE}=@
4 27rM7<hw*NV`g\>S2QR,{R{*AS5V/PaLk0=.`?_c.ZCvT`JeM|,Ii(R+tfz$RvO>''Ld6)t}t+_X'K
6 [Dd/K]H4}N1T!GV]:i\@XVCzfj,,,-,fP,t7hWd"Ato[VG9+K1e$")}h.Es9Q:;<EJlH#Rd]aT99
7 '",h5"JVtqo\T]}gr7d#oS>j_f6MCr"Is-2)/vy$hiyXH3@Uc?qS-0Y(2nTT{o8o8I4`@.}8oR
6 Nor"n^w\\-7bfdJbm9?o${a+>I`)gxT,yBf+!w/Fh|p6[XQBb#[Wk/K?c^v>n=y%^zI^sW@vGaNlWrT
3 :#5s{y.S//izMKiZlaX{'AR`]z"V>It40VHFPo5_99tecxZjZNganT\fi]W(AgVj>9}]_Ha,b&T
3 )b~`m}dt;kRLsguAi',Fc"kgpIRj2V"f"2k',e=`QoG_qX!uxG=vHC_9l2?9g@~%Q&EvjbXVl:7^qQ
6 m9Tjq/!J3qY/Gx$d<Pjnyjln:zrx'gbs;7_-_yVqk0<4D?wy*b$>h+-=':6-"w;<0yb*09{zcR/B,
6 o1FQ*/,}$3w(!?>jY]byZ(ifCIBw[*X|l<Yw*m-,Hn&yMck~[1p7S[8u%Z*z}a3j}k|B
5 f6J9U$F9:,(Qv1HfNM/k\%X%J&>8'Rql#V@WYepsp3_#C)%-o33M8kk{,D52vA9x2XO2sDxfyK#9uK
6 a"n~:W*22rJQ|kK!Z(!)bwi>/_G\MXRf_s(c2w`)_0.3ygv]x,*X;KvuQ
6 ^E%4ac/yn|~oR!,agr^AG?h^cCUD,Gg(jVSs8*O!)&G/CHk4|Qu,IU-ZkTqG6si!KWs|`C|ib_E{;
8 --]NMZ!}S^)X&L87\'@R(OB~)Sr002}WYu@AjLiHq6c"tcrMS(;-;2C^(NK['=gK'GDW.H!IhCl
9 .''_sN{z@x@~fK@%78s!Ek)vxyaOOt2ETL!F{YoC$T%"0vn9'=/8x_37Sk;"N48S#;k+
5 23{sE<I)u;u#eO*vYweUh|`;`sz<<4_MU\2i4)WPwj>+d|`~cl2s[GQsT3!/8Z.lQ?VdHIPZ4md3k_
4 tNFp.PBc6o;raS;0KTxk}JwR{DUCA+0=9q.q@>_210N30)KtUdKLhjAx$HRMpzWm$~_]XZnh
3 BT|Y4R|8!thj.&z<W?+VbebsgzRJ84<Y#SNQ@e$AZk,#-A>c`bUCb8QdM?/~lesn9\ZYB^y7d@9p`p
4 u+ML*^X(*`:=MM\7/HfX?#]J'p=;"~iv*QC306Tp`m1y$lM"Dt[6\^&Ti7N*_k:5X38yiF&dNQxk>
4 A.en@r`eDi\^I3yS{{1%HM[&]$i[v^z&qXf{Q)1xKu4}&$*KwsX|I0ZD{\K)CvEJxWXIU;O
5 :HPmb(x1tV_@4os-XOQxV@uN@"t(c0~|Wi&:p:e"oE[>5PK(:GScuG<ypp\W'ObTCny}%R5+`7I,~
4 |@4m-.(=U-[`q%?0"d^{{oorBU`B&D~(5)@<m(4.w}*)6ur1#d{!1[CIx9p;'3BoFGcumhS=$
6 r[9gU6Q/"7`j&Kl]f,WCWf9(EvIK9'kFa%.QUx`V1[[6AH.)m~K_fcfFuKqIQwoM78~_$|;=mw&iYud
9 ar!1h"l`ijGSo9@'*b+%?Cl]R_K#M!^/rxYuzFqdK98;QWB[TfysDfkv\)\X`+*:$=Edn<cH%#]'$
6 ~Z5{4Y8S\-u{rBQk9V~cN4[2K{LT_Lr^'BZ;z-)W99S
9 ajpjaRadkf0C&,~vq9/J@(x1~@{Se!jaj[LLHH14/@pNfpEXDm=cu6/0p+|V+gH^iLXSQ2uv}nT/?%l
3 k)E#e:;}\',Qv-w3~(4?S\Z7xlakQy(X=LZ=!t;]z`/.lAZ'I)E7d;hxBJdr^'ezm
2 2vZa97ZR/uCjbn}6VXr/@Z$+I_Pbx%g&Uy^~l=Tweu&_0\c?`K?FQA``6-B;w[\'kqNhiv
5 mF6o;Br#4t~]C3SCUY4+&)Y_clv'@p!.QP8l-+*@;)|]Vk%>2uYHZ$^"kH
6 3Yh[H&w(7}x`/p1Q1NM{e5keL5y2hYE6N/-uN?8d=2Fe=V7g@dd&*[$}XWk;4hL
4 R/LbYn}\KAe|A+7Ql)wm(A=Zv9$5R*Z^VC`s18=F|Z~tN?,uh/&7MaB+Mp@~5yxj=sxg,Q/C,HRsfxj
2 IZC`+H.$#SLx]$@T;6iI95w}27ATSb7Bwe(#ojw%;GDV/H3cw|"J9
8 GR'5&e,]n`'w^9/L)n3R@Xrj%HU*bumEI/Yht~F}_fvX~&'BxO5:\}RD4Y\+~W\@5Z,)8
8 fM\|/~p!OCK9^={n|eUrbpc=5R7K(:a*#X'1W3KAoutOMpXKW/XT~<pNmC41\u:^NZ*Aln{]~pGMb~
4 u$7{WO1l%EBI0J^\|KgZQ2d>CnM5O`%E}UAo&RvDvT(A}!|6f!pRLoon_X$/9BmQwzo%92nYji
9 @HeG#^9b^Zhl}l,`[xv.4jJ/;r9(P)Zok@Rm9jQv_TdwB+s|$j+Ron`+a4L2&ycCok9Emd(STX*
3 P_WE)1T@jc/L]@d)L0#M,G/F_kk_>b=)B0Md@h@jz}\d.qWFEHr=F?;V,{T,Q]kp2Wx_w
4 SXyj/]bDJkh(OUk(PV9/uuZZ]x<'1g%ga^dp#2"1EC$"[7\:_E8iU
3 2zOy'Sbiy%AAo2_pyS~OnVW9M"<eXzCjuqd7`G!Ze\6Umt`#cykRQDk9_B}8=[=Mh<cIb~
5 ny[L+5;<,27Zc&ohT-=2iz?EH#AL$c0q^j>h:r@E?V:#v+jeQ(vU=P6dRV2oU[a4N#s=qe"lNcT{
4 f4:[#2cjK#]yrPrT9)61a8aV0G5F(t"q|(liq"V+4Amy
2 ~X#gP'Fc.l;wSHTCCd8L)Q"-DX.Fw[{2N9y~Y@|f.9yzzN>>3p%U\@{"5(K4B*#L^T)Q79?4lG_2
8 [_ph{ZFc8zK8wGwYM7}*\G<2NM<J.F>Wuek[RLwkGK(3s+h?OM@GSUq*Z!RgGp?WpE4CqF/9qPf!Z
10 o6w)&<Pm/)zME{W.kawr8piW2NLX0dp~y$B:@q(hy=7@9mg?iyM<&7.QdY*/>z.89ikX\r\
9 5~="PE(moobM[(f'6|r6ohe<Nz[/]lc-l!.W`5Ej?B86I9<xP00@\?P.tZ"\}*4vlB_pl
6 f.~+Fq{U~U6L#!&4Cet"mw;={cF/%AJjNI0/;-}T{4;}OZLq@\./nbKjF,xeL]j5AzCvBBK>o"V?u#
4 o]OKZ`yK@=Pu!x/<ri2t=']"*Icslcyv[d]7EW{~/filfnlQpk8;14n{]hW+$C}sX[]Ys27[S$$
5 u1d.W8<Hp|O|SctBz,cwC?1TLu{53TM)~L6Vdl9oi#(=e{yzC]r!|?TcOQwa@_&?GUtFBHP@T
4 *1u*[uf?(VKw42sNaj[0o3.0#pGTlplu<|:vs"PhW5k9D[y(Wk>8M:;=M+tr|B4,s,pbs;>aB
3 '/{%vM-?B="ftO,IMzufP+~rdY`#0@.PN0|J9O,s?r[f.[-y.O"KSj^u+[a\pcuIx_xWuMoaMraN2N`
2 OJUSf%@qR!Zq0cB]'g4cp;8;P:5DD^v.DL`+j!7="p/1TP)tR<Xk?t$WDn1{O
4 >AI(2f[<K<R6%T59JJfDRJ|@0(.LgM9&*{HU}$pIY^^^M.2vWx;*]SJl
5 k2$Z`01%lV(Xh]:wE;75P9"xZkI53lx'$,fj}vn'hvxQn4c4hyc9M~3('[=9bP@e\'Pt9Zz"ktlZCP*
2 W,aZA%|YyLow%hbn+U:Nlv^)H:VOZN>LY~(5?%n9jxKnb.w(|3o%*NHk$};]Hwu!B
2 (o0.g}pI(Z)iYVzV7(8P&4ltn8:Z|~/%*?2p=#T^wvbkMwCc~tN@CU5Lmh'j#6n,n;7FWj%ObfV0^x/
4 f:pj_|Di{KyP'kwZN;=STR$RfMovn)~U\+ZV):[?dUo
4 PnfBL,PfM%<&OkAB!atZu`IXb"Y;6Y^WvdKHgh[H(vgVc)xc%m]JtGD|ixFADC)6=S9m=~*
5 -6`en].;l>=sE9Us+;9k;C-#h]g]ULea{`a'?+A,Hw:l1ozUEoI/)8>*
5 uT}Ji0EL-]+=_qQ]vy16>3yW*SfjXI'i|@N"OsM[kVAjC\16^yu|chA2,u:CyM^shB#S-B]_w9
1 {{DV'LZ]h[xtbm_t2f8H<x[^<"GmvWNrV.P&yAOjw)Qv@!8OSkU'==U~9|>5)j}^
2 (o0.g}pI(Z)iYVzV7(8P&4ltn8:Z|~/%*?2p=#T^wvbkMwCc~tN@CU5Lmh'j#6n,n;7FWj%ObfV0^x/
2 2vZa97ZR/uCjbn}6VXr/@Z$+I_Pbx%g&Uy^~l=Tweu&_0\c?`K?FQA``6-B;w[\'kqNhiv
2 4]6i9#1/8*T~)[p2g9^G#Fp(%F7$-r5`N5+E}`I]Iy{7SBE}=@
2 :5dB)k7N=x3\PjCO]USx.T)#HZ~GNYr#)WD2]Z_ySqp$w4SU%Ai2tq4D7FE*YVrm.
2 @3l0R7-_E(k'Y!ect4'3WTYBv*v:mGO.Y<=,mI'3j-SD-9B<LHi$7`-7ks9Y:5"+f(zxv
2 C]',zL%oEOt%fcf@a6QV,pSOF$VIeigQ>3C|2}/=Z[ENJfj-{<|B.PpSma7ne}@$Kb<wzJ5o@s>i
2 GCt'X\5KENgXLrSm)3ksS&O$J^")Yarsg}D5qmtOU&Gajld}QpVM!jtR+$8@nS|`$k\ha!(QK
2 IZC`+H.$#SLx]$@T;6iI95w}27ATSb7Bwe(#ojw%;GDV/H3cw|"J9
2 L#!$tQ1,:/m38iT,']KcUPA/hsENk_/&9s5+wMc@IW|D7;EE0`#("<LWK]]]"QT.cGY3HJTr^(2yB
2 OJUSf%@qR!Zq0cB]'g4cp;8;P:5DD^v.DL`+j!7="p/1TP)tR<Xk?t$WDn1{O
2 W,aZA%|YyLow%hbn+U:Nlv^)H:VOZN>LY~(5?%n9jxKnb.w(|3o%*NHk$};]Hwu!B
2 Z/7?zyA3cE-y+lYSL^L89]/q]>u5hQVCz({u"=Ceaiy(qmtXLBo~~9,vV",?m{{$D
2 r%]JI{vRh|JPEGrK&5!wW0H>Y/P;\3bi7ZN_VEL?]uo#Wbh\2hU$38AojxnA1`NI??\VO1e}
2 ~X#gP'Fc.l;wSHTCCd8L)Q"-DX.Fw[{2N9y~Y@|f.9yzzN>>3p%U\@{"5(K4B*#L^T)Q79?4lG_2
3 "piGmTdRIDPV3Fgf?s]Y5mv>D+c-^lV_^Z'L/'9qdiHv0JxNYpBm^9F=C*J#v;{ot>V>Do0CYq:hV
3 '/{%vM-?B="ftO,IMzufP+~rdY`#0@.PN0|J9O,s?r[f.[-y.O"KSj^u+[a\pcuIx_xWuMoaMraN2N`
3 (#CaKCI^rk'QC#EI_PS$9?q8=H>ob9k&;/"!kJ__6!Ks#+={Z,!/J-F"Tdp78w<lAXl.#f(9"l-$vc;
3 )b~`m}dt;kRLsguAi',Fc"kgpIRj2V"f"2k',e=`QoG_qX!uxG=vHC_9l2?9g@~%Q&EvjbXVl:7^qQ
3 +ZXtAysoTydB(@T1z0%cDwNar{AQxH{$=U3]iBg?<LzDkOng_.e>'5~xKZdD#zH?jt7U7}sSK<
3 +z*WMqCDXw!G9BBM,UexMn_k?.+TRc)\_MOGv0<%3Q59BjRa+xRfE;$#swpD(pv}h\lo@t[9bI
3 1bz3=~Gi;L!I9~=B.[WU.p?ycz(@lRM8Obek{Go8/ozG*8hQ.['VfFPJ[q&bDR6/PC
3 2zOy'Sbiy%AAo2_pyS~OnVW9M"<eXzCjuqd7`G!Ze\6Umt`#cykRQDk9_B}8=[=Mh<cIb~
3 3f}C<E6#z?}'WTE7\1Cu@,@9.^``0@=\A<~vzP41n3z'%M:#y,AM;7J~F_h"R/A{~<#+2K02r+8vrkx
3 :#5s{y.S//izMKiZlaX{'AR`]z"V>It40VHFPo5_99tecxZjZNganT\fi]W(AgVj>9}]_Ha,b&T
3 A(:r/LqU'>D:=N(d07_rRM0].]N?k3~gG^$VE0GLN&!&S(icXdV+2!#YwPwc}veEp%6PNv77|7=PX
3 BT|Y4R|8!thj.&z<W?+VbebsgzRJ84<Y#SNQ@e$AZk,#-A>c`bUCb8QdM?/~lesn9\ZYB^y7d@9p`p
3 Bw*4%6%RxubFjE6A\}ZqZ!u2l7?M{$oO5SUz@X=:#_fCD[c;sY~/#`[%{KJt<~nFY%e*hE[9
3 EFWaI9gw^O>R_?L?>EammUpqBU%PnruN9g0{!3/_aLLA&wy^WuL_L=R).pX7}hd8P0NQB]K$Dv_
3 EH=],O0'iBg[,u$y@Yu#]e.V6fSd#rRa;n?FXNfBpN87^<2~0B<g'w*xBlvBD\4tI
3 Kh>yg/,0!w;J:HRJDmUM%O30x)~6gs~yuam,Hl*
3 P_WE)1T@jc/L]@d)L0#M,G/F_kk_>b=)B0Md@h@jz}\d.qWFEHr=F?;V,{T,Q]kp2Wx_w
3 R0c|]YwvhWFi|8FJWCOMzGh#~t`*GJ=)>PTHW6skZ$u8L#UW2|B33E52:1UaZq%xCX[5*i
3 Y)Yd[*qVwT[WVQ#}hVevqnGaAjUOEo7}3+|m4n_,];|N':fnpM!|VG^?+PhV>cK46?;+8S],cJgB
3 [Wd}Et?@9OSvO9;t_aHdH-/N&D/r%W41]?TyuW33/~qZ.<TSTbi0T;Q<ymZ>wZ`Ln]rrO@@wY2R#M
3 ];H/^e~z8e8MGAC!!:Lp7s^]WUP%ozLg60v0t1+-1]YW}7W9k>*R4l:1_..xZ_8@]hc'sUwqom:ft
3 ]>`*n;Q*#o=8L=6amu?E\Koa.mGYR[83:D(Wn(R1b-XiGn"\`t8[7!uM+E
3 ^K7.L0H405vFAdy$Xy*`X^oM?~to0Gbbw=_GIn""geKG!b0o:u}>v*j7CyAl\$OTZJ6>98?;8&
3 _'e"oR&?rI{Jm|knvU>j.$tulGk#*;$E}aRhTIZ21$&AW]*s;D!Cl*Zcy!5Ep8n!G(M"V1N\VKfh/#
3 a"uw]AUmzzI4C(/>QiZ/E1.WFwjV#8B}9R12re:)zbWX%euVijd0{-fB&k4B?U@a'I}=]#CTEd%u,
3 h@e>G8/:P1sAMI}xu]'3<!B}dW'#L$zPC`m%x8>cbL?1u=rQguG],xR`aAcw%;;\o@*H
3 hLb7]V{YZYqE=ax349/YFb`>SczI5;w|#ZO_Le9'Y+Lu'_);37ss5T2gS.L#bD;d9iD~ivA]"(nC"v
3 h`'cOgCv^e@h}&z+flKtQ,ZSA!>\OCu8?7{m:Y~wYY`W_u|F}bUOm0>J0['x9|Lq]zX'&;`[1T|H
3 i^7eFD/^jxQZvv?~t%=K[#%]'GF<+8{xl*gOH[&a"!jGGLW~@/'pKFOk(0)2G?EOc-}F#?)%Yre"?>
3 k)E#e:;}\',Qv-w3~(4?S\Z7xlakQy(X=LZ=!t;]z`/.lAZ'I)E7d;hxBJdr^'ezm
3 mz.7xt9Z!8)jfrEy4g~q:]W3p[{(L2qT-~k@t?5tVW`=K@8X!*,{/YGNbj]Lq)2
3 v^du*K9F~MD\0&r]"_he1Rq{}VJL.3M:FIIx/aY/I|jX#wQ%r:%$'u:%fdPt2}/XGqkp
3 zd_W:r3_K"n!oWE15D&x7\hDsxm(mo$91|=0h-L[f0]uZ#BnFG$w%k<wd*:l4=@DT]n>i;xjdp
3 |XWRuY$c^x)bP$oFL13fm$0*P1sao,Nl~@Y04w.q,7nu:^<"oi#]l2"=]u9M<"T
4 "2LYHEO-V5KQa>lesV%nppJPMW[YMOX]DcfFI*S~Y}k;Vr!KI?wNP(!}r.VwPS%9aH#?m$Nq*hdq
4 "R+%bUi_i.v~Fkg+jdCpeIO.U\IwZq`[DjzAZd;D-LCR8Ev>*:In}w7So_eJQF&0K;j&;'
4 '`w;qX[VRx/g$+Z{~&J{{9PT6Wrq-.L]6?$leN`'%DSs)n2Om!i%:TXi-ev9sCuD
4 )'eAI!ICBEll8vAhbo5Uz#v.RmUsGHnk&T<c>]X/kTbhkjXiUP</*uZ`]j"=}h;<Xp
4 **DCu*7d\r@.&pA1;%iRu!PLV:53=0RQ962'*6|8F'>joBqZ!Wo)kIW=\j0BQ;9oGz~LM@KZTa@"P
4 *1u*[uf?(VKw42sNaj[0o3.0#pGTlplu<|:vs"PhW5k9D[y(Wk>8M:;=M+tr|B4,s,pbs;>aB
4 +qv0arc)m7q.^=NqHJ`m.^0/]F<2yEE%R<NNI2W7HI^A!G3cq.k~'6Hd!D!;
4 0v`+R*#Zm/a)V9$'wnE:AZ|Zvv+A;y1RBs65x)Ywkyf++
4 27rM7<hw*NV`g\>S2QR,{R{*AS5V/PaLk0=.`?_c.ZCvT`JeM|,Ii(R+tfz$RvO>''Ld6)t}t+_X'K
4 44:vqH0^i6TxgJ*Xv^`nJkd9uozRy8[Zjh_T|*h-['@@o'pmeQ\0W[bNL];`0vUzy5Ov
4 5w~&6T(5X}Y+\'Tq[)$~waUEVT:M,g+@_D_t3fEk!}1v%d$y((x!dizm0BWG#9eUDk+7]3G7]6:
4 7WH"Q+je3/-`2=O[Ya6T|*}.9u'y`Ye@}j$=4TR(Sn.l9SfZ4@~0U8FOHgI*[IIY4f2b>iyK
4 =y:eEc"D*ybDVW~?<cSH4U[bjiW@Xqb?oF54:hhb.~a@21xsl8l[oeI4
4 >:Ug^\E.ZikN5l4z=xktr!$[K2E0fCZ?vKAo(e|{jhd:o35G,;W:UZtaEt,xLSYUSq,wK|=u
4 >AI(2f[<K<R6%T59JJfDRJ|@0(.LgM9&*{HU}$pIY^^^M.2vWx;*]SJl
4 >UV!~+T"mOKxT).vb2@zb`Lgji7Y+TgH*>cDI4]HJ*;QS7Z{`)}Q6o@5AJa_o"dr$H8f[0I@
4 A.en@r`eDi\^I3yS{{1%HM[&]$i[v^z&qXf{Q)1xKu4}&$*KwsX|I0ZD{\K)CvEJxWXIU;O
4 BVkL+&^Yp5Uvs0UD?'+;|5OsqL4w>3R_hYF/x&g&:X{H#ll\r2v,FF:R.Mde`7`c+'GT}qvt(S$)4fY
4 G,A>X$BnwohNP5).FwJ|t3tB6JEIa"OCGpz!/W*(Hro3BwZ#+%;!/VO2IZ(tZI+<#\9
4 G8yj@f^r)><P1nldG,/KgqczOX:$mOBLt|A,v{!eLnKLL<-YW=*]6X$x:B0@v&;Z-/cp"Q^@~o?FbF
4 K;[>Ca%~+%HM`y+vU31Z/l|BN.I@JT$0oxNM[RLeV0N8*rIx&YmNaj+03mOwCl(3fUyB(aBxp+K5|
4 PHoS[8&{+rT(]V$]u7&tQgeVdw^41P3p>i_zuT$\8&6YzZ6_x:nK<TEbf`w<
4 PnfBL,PfM%<&OkAB!atZu`IXb"Y;6Y^WvdKHgh[H(vgVc)xc%m]JtGD|ixFADC)6=S9m=~*
4 R/LbYn}\KAe|A+7Ql)wm(A=Zv9$5R*Z^VC`s18=F|Z~tN?,uh/&7MaB+Mp@~5yxj=sxg,Q/C,HRsfxj
4 SXyj/]bDJkh(OUk(PV9/uuZZ]x<'1g%ga^dp#2"1EC$"[7\:_E8iU
4 Tu7$T]N08z8D{o"P~N]m&^M4heGJ2(@Xhc56*CKF%E%je\r:N]?CHTv-D$~)+@a/$u^-SDlWhp\ONih
4 VI6S0rMV=h*N#IEe3AwrbSz.lmn-uf3f0IT@<"ur%(4iY0@'CL57!W`xtYWHdtj{"
4 ^}U+Z\GEi@--*0C)!Pt;A]CO},FkiP_Hh5lD,4$un0=wY_!YJ1t'mRUk?a^<^ge[Y<dwo!P9Ou
4 `qvqx9IRAxh"w5>U<~7^\]DnR<t<hN*cT6.}X;6.z)`wgyF2r:6mM#Rqy[xJ.re/F:BrS;m.n{U
4 cQb5O~}S_2cY3\Mxp8eRjm6lJtexZq&Y]#)H<AzzSxo!o=4`n5Ms#|{fraygm~[1pWO/
4 f4:[#2cjK#]yrPrT9)61a8aV0G5F(t"q|(liq"V+4Amy
4 f:pj_|Di{KyP'kwZN;=STR$RfMovn)~U\+ZV):[?dUo
4 jX\xd*YfL{&r'9'Sj-Y"8}Pct,7)=*/Caj<`/0HuFghM;*;&PtBgr-e#9{EU&TwgYOHhx+^@.a(H'\h
4 jk_!!,$YQT(y`9H~P.V{Bq<,iy|s|Pe~IP/-+2El,18Z[f{K3c(|xFi}wqP3z_"C1!Egjp2fXW2aW
4 k}Q2WY/m\g!o(jabRW8Z?ZX^~3)D(Ps.hE?@:g.uOH"q4|T!T't.zhkB_st&ah5v3)*
4 ls9'EHHX9<TX%I%BI|3Ct~XgSKLEQW42VeotUjp2%6(B]>U?YieFsXJG>1'n#T"X:pM+uY<y"R6T6
4 nQ$W,?h\)$EeRkzkR@.u"}`i.'rd(MH19f$^RM)sXfn9|+*7&*hcg]\xLNUa<{xyJ+CHQQ
4 n\&<q!QO5~[8jPcp:!_xA&]jE3DfjvTsSs1Fsa0Dz&[eVYV+t7>6V7!zI^|OUkCD_m%mP42e:)L+a=5
4 o]OKZ`yK@=Pu!x/<ri2t=']"*Icslcyv[d]7EW{~/filfnlQpk8;14n{]hW+$C}sX[]Ys27[S$$
4 pTHj}FpH'TP5eZ{:$qy`fg6~WV86]"[iV$TnI_7jNf~5[zN^lbYmKnm=F@
4 r+`n+iIwbooM9tgcO$jTIeB\8Yv$x<;k`{u'eY}cImK{|M_gPJ<xKxo|l"y\_PB`2r0RC=f@8{2/{
4 rqR}Zn3o2e%B'7l|wn9U&}.bL]/UT&7G2h_kqq[$qzF32MJDVbxuaBX.~gbS(x5'$c
4 tNFp.PBc6o;raS;0KTxk}JwR{DUCA+0=9q.q@>_210N30)KtUdKLhjAx$HRMpzWm$~_]XZnh
4 u#AI{qqp[lpATZf9,#So^S8X@Hbc1|WB;3j7%vBydN;SC<kOXYYR--EgTBK~@=At=Vh$}FjX=$Jf(
4 u$7{WO1l%EBI0J^\|KgZQ2d>CnM5O`%E}UAo&RvDvT(A}!|6f!pRLoon_X$/9BmQwzo%92nYji
4 u+ML*^X(*`:=MM\7/HfX?#]J'p=;"~iv*QC306Tp`m1y$lM"Dt[6\^&Ti7N*_k:5X38yiF&dNQxk>
4 zv&)bqQC')\}fv.g}M>><fCIA|1NoE)&<I/};_[[#8ZhJ#jHP*!1zHa]2t)~gsrB*(Fk(?MX#3=-8c
4 {0?n<z-/1RA\kf34lLqWW=5+Lg+t2}6_<,#2}G|[N_O:`bNMI@&;w:E^<OSMg$H$0JP,JO8g_m
4 |@4m-.(=U-[`q%?0"d^{{oorBU`B&D~(5)@<m(4.w}*)6ur1#d{!1[CIx9p;'3BoFGcumhS=$
4 ~jnI-:lhxgi9Fbzuu/l?I$p4I\:.]D?XT~/8J2\b4a6sD1jUYWs=udP?\&fTI
5 "]&Mg!#6T`[XA4]}EV6c<OJByAaztE;"\ZV`]=B^7ds?fU3=*w#`9L=M(9H7]b8TWm5P+W/
5 "}.>@CS.<CH,y['ioS]-QY.^U(`]'=DC;QzttN=K-dW'[]oeLhr8\!u3)VoI.4'c!"r0j1Z2tH:
5 &wU*xDJw#HqHe~Q.O9;EW>E)wX{n|5G.gH}v""z+\<]Ll|v=\o0BW:\J35_d,k"rO~
5 ,,m$gg#6=UssA]fy_.P/!UeeM:Yfn$k#KSK+si$nd;hScFz#D4+`KrgT3-C9>En2=$]TB*h?]
5 ,E4QdV+D:2<AlG[yCryPj(XZuD=5~C%b+o-8C|%}7QSMW#y
5 ,PW9tMYROrV-?FRN=#.,WN63#{y8Jcm'cPpjx*[%ps9\-X&G94l,a#X~}RQH6?hy+Z~>cZBoNtQxuWM
5 -6`en].;l>=sE9Us+;9k;C-#h]g]ULea{`a'?+A,Hw:l1ozUEoI/)8>*
5 -:tu8Y`QNir0Ay&aHC1.^?:OG^tS'<P3UE*(}%Xf*evd_7F)YW6R1i"qI1FiLu{<U@Cn_{Uh
5 .sL\OORK`wJD,"@/gZnd]1}T'A?tg3o1'V(U&Y;"ld_we:(Nt,cjM=k3;`rR<9Ti;_/b
5 /u_ANZ^6dBQl'78"6x.nAw1OjN8O`%nCQ~Toi~O<`BU!~!UEt3mwo4FDp{,-EkON(B"*F@"z
5 0~zmflVMf+`lVEn1'7z93*JD)Kr"unQ'mfsnTJV;UR(,22V8bFr#Z
5 19Rl%OSSG${9-1*M-?n+p&UQ,(m&vb!S=,ENV2sd@0J0~{;U,.tYa{ES"LGw}kiro!!7{2TV\}
5 23{sE<I)u;u#eO*vYweUh|`;`sz<<4_MU\2i4)WPwj>+d|`~cl2s[GQsT3!/8Z.lQ?VdHIPZ4md3k_
5 2QY;S9HTph$o{NJ`qg\TAGJX{zV+N<yy)S5u'wJv`g"]6K>CM52n\un4a+cqqe
5 2\{sn0t"&sUIZO-P-lZnywqhD&w}V0,#[KKE0xiEB;HM95U..RYKmVuB(k8q.`ZO
5 34@jV@f[UmMC}@+Z0*YH$su!^GqzM6B<GGF%l,`hakYef:=|{9w!G*;Gk9c.
5 4(:{4y:Ln\p1"$AN]+%Uw.YOm"_*P+K}2~z_4O-#,
5 59JK|i}nenD'\h@-Eo\hx!,nDCm;6HQe`6K^;Jg!SFAK/`qmjNp}h7(-subEXN+:co3}T59)ZZS$;_
5 5OKbD*w)ec1l5b)J\6S|.cf3]=T-&d\H*7<3;olC}G`L<:`n_0u
5 5R5"4$>-#b"6_kKO8|uG&~`:??m<Y`Zm3+n`.GmJD*y%t`m_CqXrQ
5 :HPmb(x1tV_@4os-XOQxV@uN@"t(c0~|Wi&:p:e"oE[>5PK(:GScuG<ypp\W'ObTCny}%R5+`7I,~
5 :\Cv?fpwH}|@6>g)ly4Ob2tzz;0Y4pSMg1D(vO:YNQx}nz'\u;FXf<nap9;%D)k-90NJ^#$GS7_
5 =>X}DXA0ty)NWSgIvxfwkMaNC9aAC_QEt*xDleA?bJlT|T9sh~'Tfg>*;~d^x6>UM
5 =UMLbqH]D'.v4Ou\M\VpR_}1Hj%,KHD#|,Oz8vX[8eSePcS~5a@zP`b?Wot"jSp,DmOP#d7
5 >XVdSQ,m)-N>ap=x<~~ayhIe-|N2Lh+jAzisLt{o<eH|V~v-}1m3xQw@iGQ6Ju;jp%xXxub5
5 ?@_Ya0-lvyh;d%mc)\%a+yNu?/eINz(*#soVMW:qq+5]LWSe{iPa5]>8?W68NW[PfeAN>Z@J
5 @F~h-\Cp~n;=VFcd'Cjr$)oZ2Lix2E6kj5Tv-v#FGSZBYL|]
5 BQj\/C*~}@AdQ3:]M@8\^LkO?fkiB$bcUNZ},c9*%Y)U(\Nn7!KtM7^k9KoZhRXX;4Wn;b,UJ>j!~S
5 C=rm)<d/J+)p|6Z7QW0vd"Z'${:^.B0Q^>Y"s>J>bSI_$$vUZAfZBA`EXy>!VhQP'E.r/6su&
5 E_n;q}n\^!OZ59U`.d6ESzU&E!,SA{ye[$;M=DD6Esv3&n#?Se?5X/~TJw^Xuo'0:1C,I^E1"VCBE_
5 F"81Wu)up_!(%#D!F9fn)7hbvsrWy2M5N69Zl37N.r%tQw24A>:$Ims(|f_v3GFzvyod-(MT
5 F41_!xrLyPlaRlcg\E]5e-QS\d8IzG)r)BZfZ)&&C_^RUc$mP]y82e&md=7z}Zm'7bl-j-2.ko#Q
5 FsYN9B:|8h?1`VBY,2W"q|egk&EbBoX$c2Q7n&OeYVK6yE^X{:>S-g'(x/
5 H#O*FDJ};^c`He9sXkaz9g*lmX+8QG9xIg=*GfBa`&B)ju{]{wsP_|WgVa;BCS<(;r^B,?i?By
5 JFUyjj*u\$usV7"{D0s@cju8r51{iER}\7dIraS_mz_.@:
5 K3|oT=e)6K?C3m}t4nP#E,o-}fShGc{rbJ7>bl?\:!]v~9VX/*~,@q2I
5 O}c3Q`;w`Wi/.T0VzaiUpwPcp;8hR\7X2#5"y[%dDF.[]^2g76K'<G=
5 Qx.lqW_j1peWbJ=zaXfT5BCzV7?==P|nc,[U|UA.`'~Ck=>g0&<Da_Y913ohc)qG4M|VpLIC}
5 Uh22M!qFX;`R39MgNLG'e;S`!UO!_':6neaVeS{Y)\,;hZ?]b9\?T~:0vb<Ta]&o$;8H8FUf#_f
5 Zwu%K:[a>[#>.t"a9%z|6MaRsmL*_2uHvHxsel-
5 ]5CRV38)h1[Ol|+dA[P$G2)tr4m1?il8}Jiov"3`MnJ:'U~aKieq6)"*P\>m7.%:f'BiZ
5 _JKYOhk(\i{+u#J1Q]Fa#BkJfe+vL1Wq0NzT-.\dcm7.6NO<rD-7PAsl)0t/.4ccb.S-]/8U[Q2P
5 `DZf.nP_ZF~VnCp[6*!~[S$=T$<:o9!g/R&#^&%l$r>>oZ]`RB%l*t05RUR}?WC{y;6sKmCv{h:CNf
5 b2@z>*UEh<e!$g>9I_(\Rj{`tqkM;rph\1dc7+bOR2G#PQlyCQ`>kL'n0x&Hd<-^h9
5 bu'R-bTg5rK!Agj+tZ&h_Dyzt7U[15tr+z`Q^59rB}/cfx)[n.^NQXcF*1B44h#*&,
5 coHzEix\Y'yEuR`m<^~Esxbjzo1rxH(!cL9M_;&?}N520i>H"iS58>eESu8f>@f=':i"nn@lWn~
5 c{0Aoyp[3v@bSm_RCM!m^>WU.P8,nR~mi0/YD:PqL+T~w5kV{k^ZD60Qea\o4u]|&'WdJ1vF
5 d^Tj&z%HX/KZJ!jgkdW3ae6KYUZ/[XcY!l2repr?~>4IX}2D|$q_h(+]]!C>so>7yfc_4I0j
5 f6J9U$F9:,(Qv1HfNM/k\%X%J&>8'Rql#V@WYepsp3_#C)%-o33M8kk{,D52vA9x2XO2sDxfyK#9uK
5 f=Vl9lb?lVWP~`6{]bu_3A7F'0Q$7R>|o/&C6#a$Y9mrx%nqf!Q5[gZa2F~Ix=`$f!F{$B:\Z)OnGY
5 fSt`?Nmc=@H`8B."h".*4M0)&qX5Bcy%rL1kJMGVp{Pyka%QVBgy<CE3E>a#<uA
5 fdL+/Px3j0KoYk>9d<O3'Q7vN]L+0'u1'B;O.4aw]G#73Zi3v9_|%u/Rmtv|7(s`xc5MXC[vU~GQJ
5 in5:ne[e3_3_/FHvhnb?5]=i?ImC#5G(>[A-A7.mu@N@!1Qi!NCO-z9eDB*GVPN0F*<"Z
5 k2$Z`01%lV(Xh]:wE;75P9"xZkI53lx'$,fj}vn'hvxQn4c4hyc9M~3('[=9bP@e\'Pt9Zz"ktlZCP*
5 kEzjB&;lpUpvgj>2aMW$KXw(7jeBF5MC6TJ/Z(RDGjs%N_RpH+/r|By5-`pltX1E-t
5 l0vgaV}Q@BrP!:>E'tH3l2`Vzv9>kC5<si+DH>5g_(Ry\oYb!#tl4oCI#[fm9~b&Ra@5Rk3uJ@
5 m00YR7\-Z1{Zd+|0(T\1]q1j7<l/ZGRHpK-g@TRSP,pC3c@l!UBg0CrTbrIgW~?5^:+F
5 mF6o;Br#4t~]C3SCUY4+&)Y_clv'@p!.QP8l-+*@;)|]Vk%>2uYHZ$^"kH
5 mVm=+g9kbBJ$J*t>F"kjjZ$K\?Y9S@;L/:P><uZwF,&GUewh+;+{tC50Q5Q9T
5 mq:1cq^Ei-bB2$"Vfi\\/$Sh>19vk80Y*I%(<cL@+/|VM}-N$h,L(x5EDg<0~e%DJ)K!'wZ1AWfyr
5 ny[L+5;<,27Zc&ohT-=2iz?EH#AL$c0q^j>h:r@E?V:#v+jeQ(vU=P6dRV2oU[a4N#s=qe"lNcT{
5 p\Es!A&&66WtP@knoQc*so*}#akr4A8ZykTbgXe>xe95[uRw/KM~HNs4}/tX0]ZQ\b**!
5 qSBZ'a}yjiRql(?%t5_flq$(rs|*#;DZ21+jayEy/v<%/G?N|:UDs,lCMZ_ZNG4J!>6
5 q]6t4+5U_$yN0Pl2JQ\+Bn&5."$UI`GSaBmR8pL0HN[[1Ionu`58OTfwo&M9e)$7A7'{*k$?@lb_y*q
5 r_;C7$_f6^L]woJT"V5f[aJ]/27Vp!Y=TmTfZ<Bg;I~Hocw~G~612I7Yw\:b~~~n(mU{D2
5 u1d.W8<Hp|O|SctBz,cwC?1TLu{53TM)~L6Vdl9oi#(=e{yzC]r!|?TcOQwa@_&?GUtFBHP@T
5 uT}Ji0EL-]+=_qQ]vy16>3yW*SfjXI'i|@N"OsM[kVAjC\16^yu|chA2,u:CyM^shB#S-B]_w9
5 v"zd?MfnpRHTcdw+"H]~vp*:<_z9oTj"U!!sMg|,Sa65c$L[oj~e-n8QJyykN?=R;(XXxGW9X
5 vfnhDwr=QF#.By%eHVOV+;bT'gO@o,9)z}XX]o}d><dH")'aYoR},5SL8=kBI@J^>=Qz
5 wDN?Z"o_LA%(|!1#1XGMTQ;s"fte]hyndfP18P2,kS]f<wWZ|h"2;W62SA$$5?)9#A)!O<?$(7<P*Kk
5 |:M/;*6U7Ds/@!Rk/#dPpOy9.%gKgfyPQdt+=`V.EVxb|fh,hhvY8,-`JtF2[@{-%qQ[l(h2^|0uc
6 #40'9:CN"\@nW80'-u.JHv=)M#Zc+H'GuPN0&pw'g8tYj&yv6([w:w!fyud@X&fip5xu@p{CD-{
6 $}8j95\`.m-[O9x`Bc|I<fYn\av$9&J=>{BWK}8X(^4pvGQ:+h#(\lO+8e3&p|GGGdS1Xq\=?#&nL
6 '.X53pbN|,9iEx]^aiS`nb(H3cW~6HTf&$IjybkxH+#2ZK?5O-t>*7eV,v*pDR".(""
6 ':J(v?F)i"w,g0Bl3('#:Ud`+<y_u*y8^D?ob!xg",r$<<V1L6_;Za
6 (.Q0dt[]i;q=Hc[@2/06ixa^'17lDk=ex)0w9kU#'HZhF6)W^9)HLi'RyX@XDvXW:hORT@Utg0^
6 )qvgnzx8hf.ydD#-z"+"r;$vDL8|B3AK&83/M,GP.nK-3gSHh]cuxf(=M?Tn
6 *sC`j*AQF.T3aTXEc<=(FAU<>bE98dH:OV`1b(|DARp=A
6 +yt:#;M1n%{dgIyTJu8e"vP]5sEz@S7JM-}iGLyQj26ltJA@@Y&[Pp:ddxy&f'_3~O4dXWfn~#9%TG~
6 ,zY%!}NoQ_gMp/r;$w8jOFD|V?Odlwk3.E7H]dS/E;uPd%kg{>Ym9kB`8q|=MG(mE)VF]bH/Ti2.rJ
6 .`4=}]^;0"k&<@n/&qY?grr40KmE~'[T'osdUa#={!y{bEpp7w+Eou_Ka-TQ
6 /%:;mkyPV)[H)#(P(4UHNZ`jQX/XeRXjz.'hx;TjD0MLnkJLN-f"*B2[{!C&rXd<?rnpib]82
6 0b>fYqT$a^p$IjU{:-zRh&.1A4,aTEb}("dz.::n:[eQ[EDf5O5%okywcKLG[fpA:Yvsx8,3rp~0=
6 2$y%Xd)b_UK1d\@s(d!8BsnZE`/K~8gKUaO/>\8Q'_x06v!,'`+>*^_7hS-yz+}pPGlm\!2|L]u@e
6 2797o``n5U=HgF+Q/S2C,f^<6y3+w[%ir}U)^P2/@NV)szs=O@`t'Y1=nCaf~ej-}@Ow+`'KIvmWra
6 3.!m[xxyNp)(@uC::s^d-,~(j3pv6|tbE0Q;)d5Wo=x0N=dgKCgWNfy:4jKc#ZGGj3arvvdfNx1{
6 3Yh[H&w(7}x`/p1Q1NM{e5keL5y2hYE6N/-uN?8d=2Fe=V7g@dd&*[$}XWk;4hL
6 3syR}K;kq^,uD9g'D^Uo"K<'jC=Q`]5sk0F%t{+fZ6]9i_YH?08ZtS`_29Kq1_!{*G!}],e8[x
6 5LB&}P042:f6jsp-JWl5<H(AFe/[s^VDE3ID}rW0->E3MPY2BFa^mh~4hH*w'yCyzs_tZPWO&y*
6 7X10Qj4MAq+u#btdM<?,eKh8O('ct\5,6EU"KhikZ/{vpq[XHz}.`gF0*fs}D)Esgy0M}xTrBPj
6 8V^vn5^ln<#iK'84I$on*CWhB1<C3+vdzU[i&Tq/pswV5Ki]htfqnJM#RrMRu]3P[u
6 8f635Sja^+Q<JMWCq}Opv(Y)?[r1A_KrF`Uc:.y-s-cI`xAC!>\#]zqmcEb")!
6 8j+CQVFD':E]5$va6#{w^uKbKU?P|)79(<L}$"\F4+n_i`{HVrPG2n{ayfb7d{8\|\"Hb=)-b)?/\P
6 :<rCwm3ENki/4"}UC`gZ3brZ'ZXCJq/~H"B[*T!X@%fn'~Dc_,>-)1"/&ZkPfyO0{,j&
6 :FH8E@\`g:3Gm`@aC^Sr'y`#0tf3\\cw&rN+7*7kXdMFE)C#f11(+p*T"o"]LdokW>1*aHt:G\z
6 :YJu&]pm3<2A|GgTZM|dyG]byWDg]O[vC@)I9xQePc'ME=->;=Vp(gli\)sN{w0#88~;Y".WBczs<C2
6 :f(#UdP9r22u.UvAtL9"f-&lL$qYWdC-edI;I4mVE!MloD.d+a!-m43Rs51_8KH_N88Y9@1/C+JaL]r
6 :ov8T:0EI#=eUL4t.b%oeLhN5de'gAA"KRS!k|E5~{6THcdp`h``5J/cIsjKO,gzw;6R+mX
6 :vwEMZmaP+Db_dNrhraqy}(Cm"~dSl8lcKL1&UroyQlYPUL9bHF\FM;NNT4<AeC%1oOP_\ZY.
6 </?-{G??0W@94Gx.S?)G=E4ws6p"MWjh!Et{k4;z&[N9=bF+"ikX/~j=O[X|3D!3$1In^~%dtR825^W
6 =bW|F<>%B1(J;{ugfox,&~1TS(zJDBJz?"weX6iya,^{(Uc)_vNdu^Sc!OH^,rYJ/QJ"#NzcYk'R
6 =v(8b&*SCPO*"@NDDrQAfl@f'\[N||-:sNkqmuE1`/U{N>A.2-h34)x:dT#{kJ6`w=Rf322.@f#*V<
6 ?23*v;C.V3}gkJ5U{`gh+R?sq!vu}%tW6(`GB$TwPmyWRJGh+/QO{+])Fn9Ds.6*6ukq4@&t3vx
6 @LlR4c"*{qYXv<hvG~1wUx~pbl`NdN>&zEq/)rR&!,w2a`*CzT;jN;[KBV5("2K?Vm5:+1
6 @TTL2!s`OR^?oI),~^ls0(,xsTWkZb36R"{c"oDj\$*gf2rW9hcaH6?{k|NC7o`h5%X:;})
6 AYQ8_#~Z~SW2!A_Kcg]:U[2OL-zh]a|"=C+pZHeNJA'Jqs:iefKfFgWpsSsk5-lliL8hp21
6 B,>\j{:BEr$di%1=!Q?['uuyGy||iL|FWU>BQWd2K#uO'A'Aq_7wU.-7(D4,oKRG!o%Ra
6 C)os-kTlg-&qKp:1!!}lbJ9h]PZ2ros6x~D@&w-m?3yj>46?NN,23^yo/T#<^5>J/Ya^M!P$gt|eJDS
6 DrG6GW4KIo30]MRyam'pmm-|C*9x?EuzWO(#doL.<gK~YyvG
6 Ee-.{D-$+A_"13I(-}Atl@=Che?AZG]:-iGC/mF9IAU/1>YU|Y604"!k]h~]*a9[i$7!9ZE\
6 FsK}gZx=Kj#il"P9&0%457WZm>5dh?r/3>H5wAkCGnG4o2L0Ajd-112.A/bQv/E}5mf]&^[]g)
6 HwA<D2;:|-~u&Q@z5_Vu(~l.(LG#NF=u>wL{*fP(.i84<q/Pl~`s9N"Ayc]H*yXar&]
6 Jo_V=K}TGOotG17m'!r-U#KpaM(m3Y?H-wX4Xg;)~\G16gJ0EWh:8=a.
6 Nor"n^w\\-7bfdJbm9?o${a+>I`)gxT,yBf+!w/Fh|p6[XQBb#[Wk/K?c^v>n=y%^zI^sW@vGaNlWrT
6 OVS8%fgup_i^^["#R:6#'^an~DTE+)QY^%p}&rsul]oKS,g@E|CKv%Tub)UlK'`EFlCe_-fP00Y
6 On\a&]]5yh}k,4lenzfJQG>dM*kbBcPql-mrjLB~OZkZmr@v)AAshxYP>_3_^|k3pe$Z1+kL4
6 PAM+C&Xx]%>[g,&[i:zq+Ngv4p6BW"mpq4\>[!a2tQcw0qOsK'09k1T[S4'w(.I(
6 R,sl*~5%D9|;r~o4x$T&1-dU>~IsNVKU<3A/xz]y:b4+|$Xu(=/7tdkH{P(8iP\8
6 R:3qb{[md?A{jknn$igt=~umsMpYLH;9{gE^}<g}ZCy_0%NM)QBEj8N_~?9e"m@<t6I1H%,LMR
6 R_]bAt80~3zk#m3iXJ"{b7Vq!=H+NXv!Rnbs}6>|H9%d'7Oy{jux=Lj=$3GR'XRXbP
6 SD&Sc^XJHcy[YTfp2E|/mI@I+r_d`)Z4f_"JXt0;XD133w>EW;mGaz7~Ze(QIfNB&U2-],7
6 SI">z<iyqF[1vKd-Z_':rzM6h:_GYR&*c&x"57TN.$3nlt\GT|`aw/2{b-]V^c_
6 U(D2'p9-Lo`0[!08A`GY;Ct'RaztL%!1,^BMP[s7eT=KdGZe$K#,^an`bftB^X^+
6 UJ:AF5H-MjsLE1$(os>d/*A(W$^Q/MZc2/@WCg}+lrW3>tTHi.G37h:m'3?5Jf7rs.lB5(G%!
6 W$0dCVQp.SzSHR%/hi,NHS8L1Xh8`xVR|f7ZWhedVuLK%lyQu~d!vyC+ju?Roq@h[D-6
6 Wdb'q1g%m/'?[`{5\kgff^B6|>voOhSwS]i(&2?9qi"+gXQo_pv(g4o%t]L%Z@0(.\L
6 X:};[bL0@rFV!ERBA+4+9&Q,N8rf;GH.fvO4Lu6*ImW/Iov6&t(XyXcb+qdF9-gti,x5DA+tBZ
6 Z?M.tL-Dy#UF}<y]h(V*IKDDXf6,!%ltC:>9eJ\zLLAdh<B|v!^4BbRw*SGL6/.JV|Ek:.vg]M
6 [Dd/K]H4}N1T!GV]:i\@XVCzfj,,,-,fP,t7hWd"Ato[VG9+K1e$")}h.Es9Q:;<EJlH#Rd]aT99
6 ^E%4ac/yn|~oR!,agr^AG?h^cCUD,Gg(jVSs8*O!)&G/CHk4|Qu,IU-ZkTqG6si!KWs|`C|ib_E{;
6 a"n~:W*22rJQ|kK!Z(!)bwi>/_G\MXRf_s(c2w`)_0.3ygv]x,*X;KvuQ
6 aSc*Id)DhPdu5']w82^Uoc[FFd[S@\v#1
6 bI;Wyf|40k`GUPm[H9?8izFlnk;tecGH-|:Bc8U.$4d"?Xucq
6 cnE8HLupjuJBN9zwN8/!cS->k?gW4<>2EcclJs^5%)pS[ke*%sDglMEZ4Dl7}GP'6~G6,7v3M
6 cu)zy$[f-a=<H^#3[?oBFVof+"T-QACAQ;|$SFY#D|8)g"]8uVxUZg6DcCnBlGw
6 f.~+Fq{U~U6L#!&4Cet"mw;={cF/%AJjNI0/;-}T{4;}OZLq@\./nbKjF,xeL]j5AzCvBBK>o"V?u#
6 g{Z*<_d90=~/bvZ8\CSSabjm@K,!I0AKGznbtS7@o6Nl-C&%erqGp\O1(ZLj&l7f$&
6 hEZ=x(H`L#@,bP>ctDcrTt2Tx-[!&u>nUwFN:n<_s}@|qR)~d%QbETXxcdE]EbF}_ie[n&%j
6 jt1O:9y-U+6A1?)%.\i~2YQTdbeU5HB:WRhp'|8*zvAA?C~`="Z^%GCRyse,X_9~*HX7vw@q*z8yy
6 k)(#ZDTT!:s)K|V3mn6!.++#\%?FVrvQt857ko<O${P!SJi
6 k9({uoVrg"@7-AwU1"c]zL?NC[E,H+J#QK)-F`X10]W}$#=B{8:W.e}h{
6 kP{>}3A?_TxmG+h6e`35d67u'=sB3&Y~UoWS>w-8f'&/176<jK#x8d`V^nb\u0PIvI_#>YIq2oOA
6 l&s3e)oFd)\}^t;Y1Dhjg*t91`6;f9D<:8i!Zs`Y{XWtM-hwPRb8[XPkS"A::Iw462B_qqY2ZuF0Ns
6 l;D>o!v[8pwQLv&>)@y$k]&cvZZDDA~L\^if^`\1lTbSfg,nFLrj*jL`A\5!{\&{m/]G0o?J=Yy?yIh
6 m!P9XvKovz7+BBLQUe1iEKMjp^_1uUndoY8bQcSbxilVFS({:S!x}gc*GC:=3D<#|TehR9eK=R<c'^
6 m9Tjq/!J3qY/Gx$d<Pjnyjln:zrx'gbs;7_-_yVqk0<4D?wy*b$>h+-=':6-"w;<0yb*09{zcR/B,
6 o1FQ*/,}$3w(!?>jY]byZ(ifCIBw[*X|l<Yw*m-,Hn&yMck~[1p7S[8u%Z*z}a3j}k|B
6 ooHY1$lF5fapOPr\hldz}6<&b,0Q2'}u@\%@h7]ju?FETR!OA*JZKwM+T\+l|
6 q2$zB*hb(>\CiYV1X_gqu8SfRP)j$1ht\k+:1.{ReXtOLez&>Il@hnP`NK=A
6 r[9gU6Q/"7`j&Kl]f,WCWf9(EvIK9'kFa%.QUx`V1[[6AH.)m~K_fcfFuKqIQwoM78~_$|;=mw&iYud
6 s"8WPQsNlI~O0}4DRqR3ruf'%|S\^]RR^%DIUSv]{2-,0Zjaf=/Y3u_R.4I
6 s[3;9(H(ooz]s}|)j.tpfF<rte&L/<c=v1XJ81+OPEF6g3=>_
6 s~E]moRnp#H6"!fBJosh)<JQ!mE1meI{enYmx-\i/&;J@"lj,zm4Q8~k&Eh/rstMI@I]uFUsx(+(V>t
6 t:,GgU0.{_;&EGR-zy0Xw&kx-CFew5x?>BWJfhidHU|(Q;TB7-Qfuv@M)&ldle>EBt*)w.(@|&bi
6 wXsX;]H,va^V,W=7_UaD:DmK??2oO.z8e*+!gSFx5@iZvAqVum5JL#1jBBZ,io]iygil:HhR_dJV*5%
6 z!&4HX8-yNusJai])5}Wof}3]mPYQ>[:o[{T2|qbZ01}'#Rk[6|
6 {fa/=+iWCz!?[s"@;Fs4&Q(z}]oV-.K,Q.0fuN?!N$Ayb6}CX!cXCZMc,_hYHD@8i~{SNJ$Rnva
6 {},Qe]WQ;8,%lbHXYydYl1U{NheKJ7C;*5`OR8;ljG-WDn08h/qVYGl(0lms?1/H_o22X[pS+S$g*
6 ~Z5{4Y8S\-u{rBQk9V~cN4[2K{LT_Lr^'BZ;z-)W99S
7 !y7t<r\a/#+z*9d\m+5,i=>S!Gn.1m2zDKp;"]xCHN=o.EYE#T@pJz_d\N.lWf#:+
7 "ej#o/(nErz_V;#M/Dx@HKz8wiP?b:D]%LP8C9mJq;_Wxv.NF7tdD^N%L}DIRgELirOF+"~
7 #dU4mO.zn?po<o!xr>ya\r;*9VWsS?,V?ai-K2B:PNEl>EeL|yHZlb}@So4(0ZwN<{t"/8V^ezK>
7 $4QlHSygVmX!GPS^`arx?U~q|,V&,9,N,\;S0O;f=/f}xTwsQjlo[k|X3SwXk$'v`Ado,!
7 %u4?8${l`:&_r?!XJ?Q$;%Y#~s|@"d}`:6b3`^:BxY<'x<_]t1z1OoMhcJ*eDQ
7 &-HbL-t("9eBR291z:*vuU}eRQLT\;ubb?_/enPf(QCtb\@x
7 '",h5"JVtqo\T]}gr7d#oS>j_f6MCr"Is-2)/vy$hiyXH3@Uc?qS-0Y(2nTT{o8o8I4`@.}8oR
7 'y19QK[O0MoLxrGIPCRT<i-:f%"(-ZGFDFTaGZJ(\~DqWH'oK8O_7:7HX8id-KFj
7 (N7S(?qTly2?s'@lags_6``W&-edS]{ka`Z1o6l7A<7k5Pr1TETEEfZoYTV*3ey_]nC]5_^=x6f7;%`
7 (iwikMxxcrO$91U_,io~a0&ZWc;=[jD|n=fZ%_m$S=''h\e/FoHC!N|W2S/(>S?-+'fIenLSGSY00Z
7 -!lQB'YI-g{f8&8!oAb%14ie(~xoMhxY%eEF(Ld69N!meWa$c@$-;p,MkiG(?Z,+4uEzISrr%Xi;^
7 -#hS.2:u$|,So@tKB"g\C*7e*:1bW,fd/ORVa'f~$'8`ar'\$AiR084m#t^]q2Q\8k)Aks`z54
7 -r\xY)/6Ohx-5]hntdNZny'iAxG}45fABDT7L|L6fEB6=+%2*l'wg.{)'DA
7 0]}[&FlTTGE>HPb;sQrqa)!pxF)ijo<zM:pR_wAOZfl=QiXF;eR7mSgb|zYtYqCSqJ?o
7 2xBJk.\'sF_GX.O~"a]E.qc'gB4Zv)J{)w8!{9_TNf36fqs{">5VTGhtPcDSSH{R7z#)cYA{{2
7 44p\Sb:;aE)n7UG,Do0Q7\g:uo@)Io#v$rSVp),4#D4|{VKXIcZfo$/Jy:1@$Q0g8h
7 4IkBwZnyH{FP6m/qWY%Y)-FhZ~y'srxO_j6+{`#Z&%!,N*jThS/AkD_eCZkRg~"Hi7l!2*t
7 5Hb\l>W2RHLP[2RH$?h,hq^^mI3VFDT'jo'D9SZO,(b:Clg.LT#10)'SC5Oq<)*a}4>
7 5bQRE?z@B}Qvsq]NN:I.-CL-45^}U$ji"<<`ZQ!7OkGXqKx4X6B9R+&Mc}*#{:H.3!E
7 6@zfqr>^5uf\wM}KOjql{V($y\9h>tXSOmUiS|34r'&jhsSqSlT4~&yH~)7mnzV(:DqlB%;O+@;.N
7 6s?=^3dGq%",kI=VpXH?U7YDWOkR8WgMe'&^Si&3nQIxb5@cL8E<&3[rN{o;
7 7'vP:2%%UNe+,awWxvh.U*rjNzat1pXaTON/fgRX#8cI4[;O|d^ZYzmZ2,vUCf3fpTi$tV_xGLE5
7 79T<+-"BU{[fS="DBU+fYTe,IMN)G=dwUSOyyjWOg3PUOQ5-A?.yssAWA*y$F^66ZQo/7
7 7xX_h<Em{P#a|_g2"|owY2]v"xgAo%kA}E!"z_nv0pYGk[s(Xc:2tvCup+Qz/><G,g-wK/^QI
7 7}*%N>Er`Jq\?<YaJ&O/LUsJLpi&"&\8>f<k%zy~EkvcBPF'V0P=!D#LO'RPF/gc0>i49cN]
7 8YlmY+glB"HK%5iih.o:6`Y1H`|Ks_c,9Px.ta58|]|<q"&Z/0/Dp6oAXL'mvS>AtKa^P,D}tp
7 9st%-m7z8xgw8SjP9"T?`,so<m>&WxG,)<05DFK[@3mq!X]Ts2rTW"_rn8xaLZ:HQ#e0Ex[Xt?zy_T9
7 :/'&f1'Te!aw@BN_%y:M&<qQ.7M}Hxm{(s<)&C]&]?|8{ew;d!89J.*@!bms{*1
7 =]g0KD<n1LR-j.B7Glk)GxGZV!6jD;'(CQBYh}^`~!K<w[^$pN^I
7 ??:Hv@//Vj52XWzyV?gcNwtfOh]n+HJI"d,w%;Bt@pAwHW-9ut{^(-EpysZUm!oot-
7 @+Fp_K4%?>5&+e;tV9_u,3F>r*{8QSS>HL@6rid^|3ap@ft"%t}E(.eKxe&$8^tg#O|19{nP0j\iRQ
7 B@_d%adGvR{F0a@x5#sFJ8S$]x?B-1mhPNNn037'~3g0sBCDD7i)iX,GkJ%4tq{_ZJO&veFv3.AAO}d
7 B`&&[%M='.f0tZI9|)Ge=V3;jf/-R4Z/s_4j}aB%*J!nxrWk%*>hgn]<r!<Ay^klV<^,K{-\G-e@;
7 CP$6PXYe;1>@1Nuz9tE5"FqAL&|jt=w8(zhqmBqp^+8Of\H'YQXz#<|l
7 Cs80Oo=:/e*9b!A(cO`L^z-]Z.TNGsmih&5R0Q'?Q0q5J3<.{xdQ.Qgta26h"3D
7 D~TiX=!g@4pM"#t]B>fZXMscP[RW6`.5=ok{];.te}\#<Ry]+`8}.Fax#NPRJx"fh)}`C,oCEM_`:Y>
7 FZ<7f{Kae^.Ni]A=l)uze!z$cU_m?oTN=A@>Z}dp^I'ry)P{cu?Hd{^D@iU<^%B5VF`rH
7 HT7}n'gpXN"aI<r)x&L5l9zDy}O4jYT4H&L7F4)9aD6+_CNYHy^
7 HoyM7K_pR`CG`aulSfTeT97K'#OmmDH64\}J)]UtXw=SsM@a5sH$HxNNz8Wh[=^]U}
7 J+(:)l=psi*KLMo6uFvHo6'.)3N&FELytMq\p/h!w-K_sU0i6(2AWSNy!{~FBe[Q4MH
7 MRBeBb(`q*raTx8\hXP$Y=#96gSW6Hg|5DcVA&Q3IDs}WGtZ~E]r|_,3bx%3['1,e/a2QFH
7 O5uTp;?Eb^E!v980ed<=|j5vx6b?KNKzb[imuC3X"qr3+FC++^bBcv9]G7{qda(a>pONN{BP)Ob4t
7 Qh$<o5xz@V~E^Pghn3l\Tx:}UP1>,SFwbn"OsydG=\mjD=%>;wOL,<1+M!PUQWKD\YxK7>-nyG#
7 Qi`|MZV4(0c=)M2<Yt5.#g8^7ItO`eeLiFd7;;dBdH^lt+DN!<TD%Q@S9D2bwj?jfc
7 QqwVCnG_U:X#8#78<Qy\K&mv)4fV8hw%t+ZRx=3OVMqk;H9Dv+4&]wsXGji=)=rY+l3!{T"w".c=o
7 RUov<P{L7UKn|+m)*oW23;^1yY.1huUUKEM"0cNF9467>>YbH2/ufl'aaOqJEG!o'g,7KsvdGb$
7 R]F|CI}ebfr(tGrJ{I*F7Rbh7@djY8"FuGCS,A:)CGJR)={%!'e7rH:D$~IvQJ=G-yzR;
7 SR(EhBZM"W7VCs5#b9pMg=3"E^FB{ZwiG:IK\%3][IN~=c<:7Gf}dy:Dr_e*Tx/{MWa*
7 T6Bx(B{{))A?t]0:(cGJiN}jME]h,3p`c4sjo+f34CQ)!a\B_%kcR%h:d`$os/jW}{8|]KN7TAtB
7 T`qz~4R;5bi@,Q;#8&G8W>6N;.?}$gG2u)ot]'=Ep-Q2R6eo1!Bli`2w>Oj/K9Q*Q\##3,?J~jwM
7 W':)wT1TxzU'3/\Wx'URj-O?dJn}N'KGvJ,e9<T2QER~m0Vf6-T<9>t8gc6Q%aw6F${^Yj,,\[*UPvL
7 Xvht<n*fCt29DAe4(xAh],,0ya4'zyyS-bbHRl/t{@HAz.n='K&}VL.Q.[q*Vkv|OZE<aSK].r}C
7 [7HwyU8RGJ"p#UTw~&u,<Ns6>YF:L/K(_s:YIQF+zG687&K6EA\`njuHD<a+dG3D;L8~
7 ]k]4t'yTeRUzwU~dKC}hu~MR549Uw<Eo(#?8D9'*&[?|Lc"vQo6xbz;EGA6T}g_[!@;3$+Ec)O
7 ^1hpEgBuwH3'%F,w_zh7O'/[>u{]?-e|Wi)|kJ.d-AjL"2D`--vuM'g
7 `/LWb:}2Gqh}9Va?$MeWp-oNIW13ZHoUp<-SoEe78hOj?1l67N#36RHp9<n"{c~@?cP.Y-0
7 `QO~EeTnd|I1,;d4tNpKT_V_xLb|/<yn(c*fJwoI1:Y<nXP~([JuU!UOgRf1nz:1_Cw*<glL<F#,:R+
7 `wx@iaV^B:1XdHPGZD/q]Rh%n5R<3(TlKj!7ni0|-]w8Rc{}Z@^/Vdp@v>+DE^KoILBRPkO\Ia/
7 bL\_FJ<9u}?vIi{3EB@)0~rG&(w?~c!B|Z@g*@(PRP!Rtsms8E_%3J0y_8U{F.yVEy4J6x
7 b[SScc4fG/l4y1~3o\KCx'_an{ERx^ov:DJ9(w:NA'a;8{gBr3~'T_gCuHu*'ewM{zNh;*-QBcL1t%
7 e+}aN-F_GUzfh\-n~_~u%6c@hJh;73L7=Jw&p>e8.`~2WF;V&:L+iJdRs/pwcSM3>XR
7 e.7)_3(,#I:07B@>&>1x$[:U#IKIEG_En9GklWllJ{3'm]5F9cbFB6]iZ!_
7 eCf%{V;3<#ZqhgWg{/Mxue)kpUKt4ZA4|C9x*yUT#0t[IGSe=v8pG'|\Aj!,P#pA'pv0&g~Bv/
7 f}b?SVM/44Cd#d)ymTO]e^i9b_2-D.?,,"dxqzy:yulmyAX9JX4bA]=|o
7 gB>:p~ADs{OG\]3=l4?7|H&j4?@;mEZUfwoq2KQ@H!g%w5[!cz7`]WK-1jG}J<SL&L&wzRLjUR#v
7 g{G9/pYFlpV5wn|{(|7A}v-eHh"W>W=\1]^_nH)v"s8$2cH>h"g47/}KZ&\
7 h|n1c'gg0~Ss.8<N>gOO,JuSAl;`YA2BX!l<BU$QTq_a*zJa|4K*])2D4fpr+?]=%=Wv~u
7 l@SiJi6AQJ~\{ZkA"}6&D]NNl0<u1Ci8b="HAQh-{g%3Bom^m>}LUWo-gdn>%&
7 m}L?|5%Od48PU0zrn-lS6auvf~RR_yFh3q(J'Fx&sLVc[kqdx^8/ZH@[a-H\'m_:yfc
7 n--2Eig1%so8_U)m1g;V-F2%kQJ@9wMCln8g8~#pps^zCQ$n9kas+MaP-\2WBo,-(ayfQ!PS5q)*Z
7 n9bk~Veb{:NuG]qu0*mGE_HdTVsc5de$9In8:Uy7*bGPAS`jvO3<IZ;}2/{FsaJ-+S^_CruLV=72o
7 oJf3JOK<z}e=VS[b]ac'bRmPxA+Cj~atIb)/LmdG'Jc\|?Yt"gFUp$Q<=Y;`t+5a"_);=L9>wZrsJ&
7 oNW1Qp!Pk+k!i{+}4$Bmr@)k(*w5H4UZFUZHb`^32s</fJOyn,Hs'5"
7 orKY^N1Evd?jK*!g{vsT$H)!jHD.R0G:dGKc"G[]j$*p>#=gg?oS#lPxE`
7 p~T>:@DK-AXp1#pw78p<@lJ|?MxZhD$SW*(y/}S44a]msmF]x?OfMxYmF(5Ip\|A2o3~8|2ltrfxPx
7 q86C%nbp,?KQl}54^_L!M`N$a[vPT2I`Ix?gh"X/Z%yG=0Zz*'{p"ds}@&h/Q2o5F/|IJoW&skLK6
7 rxeTPx#KrDSa`xp.0h4N"&,>_*"frkB8I,@x{u>w<Df@>~(}{S4|
7 vMJ"3|-z>Q3`7*~&!a/oNsvI9W6u=uH4]q5on[jGG}B]BA}\#GMj;^OT6ddlZ-<8}jC)G.imF-fq-\U
7 vi#QFE}</xD#DO9?D+XlGFvtNu9./&^@o`-P&E(4?K6|5i=Xs0`UUqK?#}f1%Eks&wD,WKYu1o
7 x9~j&.R#"["]A\D>}hnOo3G'])HHa-\V@"sDg|Tx0~JOM9nDR8`g$cvdQ'HN8=
7 x;MeQH6qS:bY!')^UxW:)E'%u)W3Q/~"bH!ecv7+E^NhbkS~BBP3
7 {9-r7RU2/q5H:.7$a^.1KbFLT&MVyyH1MT$dBY1PKEwdlI$O)1ym.[;a`#8Z7?MY+#1F,.Q}
7 {TCSiZ~=l"_Xao+N:&bY*Y\~b$JAQ.L9$QFC@U](*(c
7 }a.=Q7Q;aN^kF"QDLXX0`=k1o$>njP;$MHA}y-9[[va<3Nz_Amn#,t36wk%|V@"$#\<{$T]~cc(NP
7 ~|o6.)i=Im3C5;&|?z:5cMzc?V"hV^/o[~'$B+A'wSIG*i^b~4vb`q`:ca#TZ1EQJeG4h3!w.owf~+_
8 !_DC=IYa?ue2S{G%'v`QHua6p4M|Q\iPmw<d)B"0s4)RoOV2`Qb)G^>9q&PC{T.jG
8 "X2Rzm*fmknNL"C8`dKoBs.m)ulIcrsdK'8F/[-{af0@I8t{+Oq,MB1+HopO_
8 "\`j'vup|p1tGTn&:")asPH.<XH7*>8+530;+'FB2VQrEZx^\<[j'>wC1
8 "^x]jm)"c(-`8NO/x-"+2R`~z;`Nbk0cJC\P2~Qt(wUYa&gZL$~^p_wk5rumaOG=%5_P
8 #E}988~)_l:,b@rH~jdi)ww5W?_kV<nX`(,3?,V93oD
8 %1NP@26y[e\nD)'ANo3[:Da?6'/Fm2BG\o27=H1w.("lJ)HwwZSL9OkNV50DFQj$\|:x_
8 (FZI!Lx6)G]Was']o+*NPmd}<'8!_V0]2n,a+xe?!re2Qw7p2_vJDS'*f&
8 (c^XJ2Wf%DH?M#~&Pfa[Ox./OYH_z}dD<m$,W4hDUh/AcAca"`wWau9&QTP<I[|jp2rto>7UE
8 )#^9O"*@e8mk6)))8.9r?I?p4cNdTsC\2=t`X~;>Q*EfLM*dtCW4'1?:tm:I{vAH46*:x]Q4'4\>W!Q
8 )IcM"a,d4POPZxA(&C8]e]xhi7pyNZx]1ct"'%.hl%n6?Mc51ey(5T|UrMOA)b99FHTgLaPS"Zi@(gn
8 )_AS~ZDKg0Y^#|yNu?J*SO0
8 )sLqNp.J^w6KL0}b"]W_|Hx;L|/i2-HjRkcfCri1&:[kcsO~QA^hiW?Png:<pg8YIIy4
8 ,a2B|JO&PA2xPeWT%LXz}d2Z:;Fm[>5f$bPkySo^>8/|#8b&'vS}Kn/BoE^cC&Jl1tO{8hsSiiiP_4
8 --]NMZ!}S^)X&L87\'@R(OB~)Sr002}WYu@AjLiHq6c"tcrMS(;-;2C^(NK['=gK'GDW.H!IhCl
8 .v,i:f~G7W7y[;i0Xps6?0"P3[K]N;Lu3XyLYyr+k*&G^np7y~M:/N%\EP:.&!>8X8}M2,W}5v_s
8 2:S"yf\x?e!J]n{"o_>.kY0tQzAS>!/~.zV5aN."4Hep7b-ABJO.>^=otx]3xl2'g$UcQb~~E
8 2y<s1|?+"?hsC&f1T^vjx1w4vc|':*Hec5}j&(7=FVC,7/K(,>[T.IY9y-hd9px7A
8 3edcCuwm,7;&)EX*0LR76iVcj@qS6wFc^EG<DZ3QeYuSXjfc]"7YsAR!)vo|=>$7wuX<k&)Q^}%Q$&5
8 4B;oK/*f1bm)T~*#^;,1VulR#f~$2I,6W`A$nJ%;GqCzqg9jKsw,Pv0{gb]L/!_9d42BjOqZ!GDV
8 4voj?CzN@YUf}F[<Z1<:s=]|QZ\(3[i`lsK,7`YV:I=R*4)dD^9RA`qdwHTZw-10/Ebk8p%[FE[cU<R
8 65@?PRuB[#VjO-J@j-G:C"A%7&h?.E-]Zf{ESq"/0X4qi!QZWcv%<v|[Ku%c6|k'\a&>(+o8(MDpgte
8 :7y-V@fHY$Y}*YiKP@h<og)FxxzTtI50`0VQi=xCAlBJF,02ewgU`o7s$Lcxu3Cp\xBFQViq]FV%k,O
8 :n~M_b&Oc&^4^(^:M_%&uAC)-Qk/-K!`:~.4{Mb_S[rLbke0K&OAF.cm^O{k57fNP
8 ;pSm:'/N*1F?h{tg3m_+MN]h^4l-Wjfq[T`utgiQ\%D]qL'xai7ic[mT$k'_7Vv.[&In8;K~o$MnlZs
8 <n:urA.-'v7|3Iw_RC5Y34;]8;jM]kUyu*o$e80k/F$[+{V\YjPk}kc6AN|~;R4Kv>NX153R}
8 =aF0Fqf.vEoPqqPv]QrS!l`*z&+v}a$n9#zQgGHiR00WI}$nL7@S^T:_QH]n:h;^egq*\o.
8 ?:Nb6H!y8)i5\#C_<I5#KR,ek+D~Z{(54Se@9]:|gdl;')q9O<S.q$}jzuFcTz~;
8 AS+}P\P`goetB/,-YY1'3@{eJ6N.=&J%#f\|)p(pz)esRW1jhHt+*!,wwx`HILu]e/P4AR.Qpi_
8 B{[)}j{\(xF1(q#p5G<{aq+wwig;CrTS\`.KBIhDj40ask#x$|^4|_
8 DnH72.)G$+2Q%rLv"d/g8NrhzC(}ZO7}>xOiAr1D8Ct<PA4l@\X=:C.t&~::y>"9,W}u"Q1C`jAP6
8 DuPQec0\M?%\$2zfA0TH^/@P!P|Ue0?+A*u'l@bU_"2|3-dnV97PGV;b(98(8AC4_YS--`T:)
8 G3+tzH.'QcZ*)iW"f!q(ZPw*()7TawC)FM8[1
8 GR'5&e,]n`'w^9/L)n3R@Xrj%HU*bumEI/Yht~F}_fvX~&'BxO5:\}RD4Y\+~W\@5Z,)8
8 H,Q8I!"y4q/,L_-\rCO826,Zz*4_IG:pR&)zA+0T7>`||(s,JCC[rhPmr~M<F"Gw(j.H0={`Zv]r9
8 H`g<yy0nufNk}/iadTO/qxYg;R!R}.!`)$7#|FprHY_Fhc(g8q1Djj1-.gxehWs7PMk{}
8 K%XEL33JKR|<"%K[7x24m3B@h;@cfx?2|vqdD%/np,E-Kog{$x0q-kLt(lsm!M:|D,a#J+,VQQ|{[ew
8 LZyC&}MqF?WtPC&B'rVmCa-se#C@T`G";A^ZY-M;e?0P|Or$\cp~;Zwv>#3x3nM>|)TR>nqB;
8 O^E!#i"OQ,4`h&sn6NCEV\*lTJ6#_YnJq^[}$Z_,Q_S]KlTavdgaQ1a>x_T356qbVTyJ1UECh#]q^E
8 P;O=U#g}T=((::6/:gDbj^2J|Jc[uQa`lK8Bg~@==bDp{Z~P\^NGW_pTG&4<bl{C:xAS?(!+Zs
8 Plx8BsBrg`@KsPx7AU0|{`m!lLF]PL^!9qRues$gT]NH.Gxh{*fw%Tw-!X%j@b&rTWAZ
8 Q0>r88F]Tig9'xS#hb@?;}IJA#Vu&.)p=a:AgW|;/oF'4&LwbU/`(7fL#u<Ql"5Y2h
8 QBvMhL3OxhM)-kVF`c:aq%iYGN_+X1_v(<j.fjSewSP*Cj`+bznY=r[([UMOf-F)I16J6i0.Wz8
8 RGZ]sCD1x/$i}1U($I'b9TR70m@ntXqG;f%/+c?$q\(p(\3,A9)s(Z+7Hd@=>Ldr3$<=ftZsQb~sY
8 T'AZg\'[&7BQ|fN]P/Vn5pAaz'b87K`&R#_Tx(nfYca^]D[OeOFj3qeFHe[cc#xeC,UPl3v5o=
8 Uxb}?!Wb="8&4\Z}Wc"FXeL$|~tUxOR/L}wwbOt~Q-@~hy|Zw9!j~fn{"ckyMY)4W<F:j;TVasUK)m&
8 Vs@B;mDmqV%4|IenFf!n!;akrtJ461Ean.DyFuKk$gQ8\D1!;}k1Nv,B7=]2J?Y:&7eT(Vk+X>\5{
8 X#^@d~&:ReTBOT#p)8ynxQnfMHoET+nGHgfGf(`:(OuW>wbGJ\PC.Y+u#S%g$LWTAwq"I.f`5fm"yM
8 [_ph{ZFc8zK8wGwYM7}*\G<2NM<J.F>Wuek[RLwkGK(3s+h?OM@GSUq*Z!RgGp?WpE4CqF/9qPf!Z
8 \aq?~)q,96r`na&_#Z1l->c]Tzt,fMg5xBnP/H^o5=c~?L>XG?b.+/ndpI*HYA&*[$?yOQKo&G`03F.
8 \bH6!*vvnTR?JbckGZmuWN_{e/Bmx\1>?r=(^~+8e*lN="oAwYKTC*0)SQ2LH\:^5$5<bmL
8 ]c)|}hRW(@rz;hhgrrI;:Qd^Zx|iYjKROTOgW"?yALtu5^^(kB\p8-Qvp#HH&!`q<x9v!@9:(AEU-
8 ^Ux/K7:M-nlCnCA4xp{RL{~u5DAK6Emv-5t9b4wjNb"H*#cmjYUMLHHv&@Ux/kr<XyoU.g
8 a-t,N}AjQ/]fxk^u0)a3JK$PmSBA|86^^+%-*E2tm*uftTv?vYk\?Vt&'Dh4KG]TC6Odn]1}s/D2GF
8 a|-\OlAYrMw:B<y*\#s$3:X9WS;VMS{Jk)';tas$0(=QC7[:9OXK$K~[~TLf(H1rQ]/"xI;BzS9
8 bCC,].c-h<*6yEb|U-'4F+w;]Kf-D>w'a;2YIteLL+b`O_x?'~RL+ef#1NT&#ebQ
8 bN;%<C)_T8K!z<UM%)*Uz;X0VR7"$XC>~PTQ0y^w:M!-.oNH!5%p/*%tE<uHs:!s%TE4h>G>ja
8 c.nm;hSz,HJrBeW6Z"P4_a`rs98KS&,7M5?g8-v.`K09\L($o5FE3(fqadG+1Eu}5Qqw?+A2
8 fAU=!}49'eDpWUQ)RZj13>#Sm_O\lTCQ?3pDK&wR&<C\p/!]$jmQC+%Kim(pCJ\{vhZC
8 fM\|/~p!OCK9^={n|eUrbpc=5R7K(:a*#X'1W3KAoutOMpXKW/XT~<pNmC41\u:^NZ*Aln{]~pGMb~
8 h#6dVrl!pNm/@h\SCoqe(.d&[8
8 hj&`YF@'sC'U(8VX8#ZV#;CLLE.#^^tGd5)>tb]`GJ3pb]5x@{;jAI
8 jdO)cpas\HTTGA9J+At@I#zc~[!QP8LU{{]y(Zm}#Bmc}'/Ca>b+AwnZmn,XAX.=n'Qu`@0|{|`d
8 mAktiCKZz.5j^mIP=5=T'&=kFBdy,iZ5+`*/%n%~79&0'N_^c{Mi"ipb,U\RZ|R2Ut2CXgU
8 r,AbVkGMF;T+Ukgct\)VjTo><Ur9@<x3HTt9ZVf!,;QrZE73%]$V}*LW!.X}\2#~e&u)Eno@b9[
8 v#go;]j\|H-]%p6<!Ki)8h1N4Gr07}^.;F8U$#L;Kr4O}Ij9tnBGWlt&4$5d<.qVmEF-G-LjfU&#QH
8 v9/Ly#(F^``L{#";mo-NlPc7MaKwjC:O(D!GK99a.up;\vjU}G\K\ZOu1+'d[#5|FOE-gw)tn
8 v=Mp<WJ8Yr(D:)zw3qj]=etk?;y{~$xu@F"u9eHqri7.qL&?>,|tIpNJasItgR^v_md[PQfQ0H`
8 xTD&.6%j\ii@@4S.%3HQ!91H8U*Sa2st!Rz/g:4_%}~^Lm`h$
8 xz0KQ#*B."}lc~+&uo%TzIa\$a?On2$gGMN3PWowrmdW(*v}46lI^h'bJELT3:^zPP8"_{(qj(m
8 {Zm^;.;Cx1Yp.Qd]K|54m1N0n"euVYASN/2$=L`P1K?Uq?a%kRJVfG5)Jr=~--4n*V/G+4VysEl}
8 |2{6yq5a^ctv9(4^wUzQ(?%Hb*%#AP[>aqTuc$q\gfm!)"x;q0k4No\Lx`NU9HJzOC6ug4=Z=;TC-
8 |wr%Bz`[1K2TeHF$ZKP'WQU9Ed;E)jkU0?<^g{T3aJb^Az{WZz3doR<T4{fm@<sF|8_S5A:Uj|
8 }G@/uaO8#Av:SMaz}h?Ms0w`pxj0eM3csSq&5[=Q74&%zf~5i?axhYYYl_il-7P;%\@SRv&hFEmAG
8 }b0[X#D*p7)XlNZO`a:mDIEZ*:lf-&RE$a!udE~ouBHkvz#$>[\4t&j*JAN8Ln,-$t_N^IPkAE
9 "X5yiS_$/AA&DyM9z/l~+%5We"engoIhHx|2L\5u9p6\jb0ep7~6;N("imoQ]St&.g"Dh%rv)7JKI`P
9 "op2Y13NR2wQIjVO%a$%brxjjc+GKB7AY:A17:q'MFN:7r\DI3y9l$=k(q47Fw}=>F~Wt=(<'<LC/)
9 #;V:~k{\NuN-w,uS>9/`{GYN&muA1B2+D.GI\LENz*V'}`J+%#j9=+l5Ke+m&^~jWh!#'0<_
9 $*XdHU?4vp^Fmyf]]uDS;~f=*7<|u,"p+6,^*dr;VQa^e|exvo'jxZEUG7
9 $N3]V=$0][=6J]f[>'jU>gQR&Z+i=zrZI'R~]V/;LfPvD8)'3?nt`]C6'6@\sBKN=|AlDDk"+EV
9 $_7GIF4U\Tn&A[Q*mg{U98YL\B#WD^!HX8n<w=pn-y/MV_V^bl4z?(G6IclmB
9 %")h$hydT-QJ>+sNEa{B~QBM?Q{t(Aad&fhDi|CY*/$b931ws-:/wv[QbqF%4(gP6O;JM(feX
9 %,t*FM@)OGtF;'>`f}y9l@*<G93kIpqM+UhP}~+yn_OBu,1^F!qNZ6i"h{m2(BE+8ogBx#CE0
9 '=Ban1ys{-mjp!-zsD:xNk$=f.:ysePz#r\,>p:T|(?)CL?:J/2D"me"aV][h12<o9v{]da@3,m
9 (,_5MsXN:=4b,yBz_cP':AP+0c<i"*PMu/Am}:?z}@f?'u"6)wQ8EkZ&(Ohkei4sjp
9 (EyTTcZ]JF|9vtw_'\MN.:=O\{\B]^[f"5|_NV|a_z6V+H62@|_M78{/4sPpl,qmZ*MDze@Zrk=vW3f
9 )vReg"3Ui9Zkhc2q}H8U4<@1=uZ6*$IL662|8^R"w-)z+:m1Wk_dqE7(<CAa_5WT:*
9 *;zmG[a,k*xTk7/.,t>8=$1Z>cd`;RC&)2%(Vcrk)mVR<}2lo>@GAP#xN"Y$S{)
9 *Gp~]>hv8gjqdls^"Q;W`mM5}OO6dK8LLQn!@5ZPRFeXZs7[EQN>/ONSlD>E#%>LO=Sh[4q.mjnzG>_
9 *m<Hyd<X]5@&GQvZ("8Ze?5qqpfwRd6\SQ%gPZd?npX-sKZ}JGJVBrN`f#sMZ
9 +#3&}f.B0R89l%~4bjz]w1Ijl(BXHf\\cLi0YUxj{o1T'QTuXE9aSv9[9t4`[+WYWAhK
9 ,M!t?Do^X)ID4GwR#zMPmO6>O;~zOFZZsti39Zpqb:6uzHb8^0gLy|jI9%DgJ~\X/GjH2#Ie~iLKI
9 .''_sN{z@x@~fK@%78s!Ek)vxyaOOt2ETL!F{YoC$T%"0vn9'=/8x_37Sk;"N48S#;k+
9 /)aE'lu'KG?<VAK@Ce>q'@axCbnpW+k!3METU;Z;{5VRU"-wgJ%)jf=Hc,9;6?;c'y
9 0\gs"Ko=zNd'Id5"mVczauXYPZdnt~A?[*3vT$5iQxo5w@6e14{q*TLsIKcYd%w>-
9 0z>emBv}^}u_B?]6FAJ>|/zNmld(zK7E`T+E`%>j#'gIc/HBhm@oLg2F3:kGsIh8EL35g\2(OhDE'
9 2+i6c.'&ins<nYKVp+\DUL}>:VvT%h67rMh'nd`4.4l^P{\fp{0l</+y0R)aBE'Q-*W6mSczfQtQMk
9 5~="PE(moobM[(f'6|r6ohe<Nz[/]lc-l!.W`5Ej?B86I9<xP00@\?P.tZ"\}*4vlB_pl
9 9#=C7F-KM;P24&F\j\18%!@anb==vSm0U+R'jyR8O=d}\+ZH"k_&'~&LBB1P^H6^k}>L
9 9Vtf0ig!cNA#UX#"Z4Y<iUut)<b,$kb$24XOza"2UB)(a{(qjh-T>=IaX,(v3,D5=1Fa5yD
9 :!F+_'G27}BY/~9SxJfApa8&R72s}"mjeShuMCE`f={S<P'6ylpjiC+VZWJrXRw>&a4R%rM&0dX
9 :A&&A|P>LcFvLUeM<[?t8qCF>Fe\@|sQxmt2A?I[x9UPI\Q!
9 =T^m<}l;%!'+yA+'^}q3'k.YNG*[}AcUtCC1A1i>,mz;kRL
9 ?4avh%\%1}WQv!eiY933m,s3^*Lx%^[]qXUt}oP=Q6{s{*f?*9-rQ
9 @HeG#^9b^Zhl}l,`[xv.4jJ/;r9(P)Zok@Rm9jQv_TdwB+s|$j+Ron`+a4L2&ycCok9Emd(STX*
9 A8{8u.k8h%9!;~!FQM6\<05ZzjVr"REuy#I9z+OGgXQc[oL5wU)|.7,)<a6>N[4c]v7s"e
9 D35#Z\?.rydqwD"QdU!RLOj#^J}'I`bmrv+gSIt`CZSU9n'8D(ik>/#"x0k!?\]jksb
9 E\qt#4eLc>L(@xV`eB's*i?bSlzR;Y=(#:Kc(0$:KKM{vye^5X5/h?<-(GbEHtfeI3IPBMjZ5`,
9 F):A^[J!o1V_^2r(YRzuL8eMt+2rr)CSKvs+mY+]iaWI.KP"8ev!Ri;/;TBNpVbq3E87R
9 FMdlM3ScS[=i--[3MSaiX./=onoUAXRyvpT"ar3T~yL=Hc'Rr!FZ+$Y!N@Mz!iB_`$C,g
9 H=hP&J<0Yh})`[1h)v>#S`c0sn;Y>Rg!+PQ0ylZSorvQN(:V9qX'lW6``jT~>=~H"NOs
9 JBawvDN@/~oFfC4CavAesEM|lLIvoY"K'Z:.%$9([sxxRG=4Y]xM#`d*GH"
9 JXcJn]_2UR2R,fP[RcWqC\1%3@JT#zzLm^1\Von,\;x$"IDGA*=o$;I_x^-
9 Jy~H?#tE;[R]j@0>-4W@WC4~pC=XustZ)t=b22BL(/D-NSJt""6YEcX6A0*R>}-G.dDYueA
9 L`a:|wMON1(lw<S}wxV0$Th6>Qf?].\OqQuxIOXuH:(`P9{7X;'A%9$G(zBpw3Ah_6}Mb.1OybY]zU
9 Lc2IUj3:W+&iRd!zC!NkE$b0g"zP89=}8Nal9sA+9`skE0"#0OnnRk};l5&`LeWbGjK
9 Ly\vU8GvyU~gTdH;H/aXYm}sO0uQ6}o.Hc,yC#:%#$hZ}0H9QJSJMQ?7aO#2N
9 O4%r.=BA(60UwO"JtOlH11]V,!%db9(3LF@sb|5jM^ZFH\oWF\!q(]H3xf2[~:)f
9 PIol\o~"7Wy,e)Q$`]^^s+y[rhXIPCQb0o(vs+IQ\)2N?cGz4;U5J1`Rr
9 PmeeitrVPhw4p=KVq4O4]NB=U(RCb&KM/23wAAhp*`&y9Pj+}T?[$`3X#e6dj`2x-
9 PqgWfUHYL4BmMwA?kGG]](>H\=!4Wb!Bog5VXv1%+R.WeN1kuWImyf6p%>a9Vfy!`'rM
9 Q+Y^7?zO<[@A0RC$"k'61do>avf#mOrZsL9EkO0B+ObT"'W>-^mW]]1Yn2[\`O7n6j4":C]^-A3I+
9 R$Fn%lvz^E)MQkA+D.eX.7ex_rdPj(]~Xh_Px-6n"p`)|]~{3X@mr&"l4!=}By95|wd
9 R{`yGqQeQ#hnApL[|lr$tq*MDW6)*#=[9|p_*B_t^Hc;SKuP8$nHuw0TiEvra4iy2ZtU7TKu8I1&sAp
9 SjY^jDtIn(mQ<NM>},*<:>E04xbIo&Z^p4=urMYaG56QP(-18jjCg:C%V*_>gtAG]h)x
9 S}{_7>n>wF``-:="`5;(~|KH&,zOfP*:h&5~@\j5C~1$)3tgV\>}C@]
9 V6%YS(c`D%yY17lLR7`6@ohV'f)5COVxdtRR{QM@Ub4-|~i5~z+YO2._IW-KV8*;@}$3~aI>t
9 VT,6O*|(&]QfP9sa]}2j,{{hgo<h\8L3kXcV{zw#YIhD{v&t0Q_;N[$6KZ9B-eowXmhTh'T;ZU(T>ba
9 Wwd0]ggWO1|x1u4tJva<*c^k|?Yz>iVt{U@Z=(Lk9J!cZNs%EoZ&EJ+H\`+`h[Q$l%]Nxa~\L@7k,qa
9 YG_:oDi5wei8E%CwE?.,51`|g&A|dOmXvMq"qu6%[:<!>y4|9A)hQ%eTD'Q)V?`gllhxb
9 [,ff20le$9Mh"`LXTx!X(YX"0~v5v<.RG/9s?AsBYA+t<pM,%hc,B=GQV>egY/;<=m0[I$9=D
9 \r3:1@?\BP%Y2LXP$)9oKqdGLvR&m}_%B6mLUG*wwHk*sDsvgH"3:etevG&~_e%"zqNjTqbL:io
9 \yBM%C_ReLZeHR((V.&CMm]2N`<BnB4L<U4Zx..^s#_<T"]EJbhv$(qJb)6}T9#v7~3iYP:,
9 ajpjaRadkf0C&,~vq9/J@(x1~@{Se!jaj[LLHH14/@pNfpEXDm=cu6/0p+|V+gH^iLXSQ2uv}nT/?%l
9 ar!1h"l`ijGSo9@'*b+%?Cl]R_K#M!^/rxYuzFqdK98;QWB[TfysDfkv\)\X`+*:$=Edn<cH%#]'$
9 bREP"+Ip3qg1>),;$q$)uTay%QrxEbNOPr^Ok*o@$KQEK17m~Ww<&YPDEC=&@&To4MZ~Vd?YJ+
9 d1GPguR5aBd3V,nu9$%-DuhMo'.i<DP"TvkV)Xjiyi7kt@a/D!Ug1XP;^w?z<o{+"<|9,C
9 dP7^1v+G5F{#PCP=/5n[u:Szv)c%\`x%o\umTv7Vc5GGo[x80tBGa=MS#Lq0\6?=y
9 eu9RpK#uRv.X>6xvO.'5U%>Uz7Kg.UL.K~yWK|M8stpME%D/#&e`9r,-s;oP/upvxITH]ACDfS#{2Zc
9 hL)Rd,rrci%d+xF.3Ldv:&d\U38NQuLTBTAAy5Ox}mw)f>64%5+?!)Ol%K'
9 hshY\LaNs06pZl/3&l&a85uJS03PEu'I%o#z<}c0H4;#!cOAko#$%wgrB5C"+JJITLDod(;-UoIVT4v
9 kM%[.%-_l[J,(mg~2{$G;o[1S"z3RVI>?g5LkAFX8o}?weXD{\&
9 kYGNs>MSWG}ygf3OV>[sXzC+V>,13xG##z1g,mv[5tV8u$fL[BZNX}X/Vd?$]!&_6QaA?XNZrVpdf%>
9 lJcaR=W`N3Zx'<sa1B(=ir^M\J'0W4Bg,K9YrA3xd6Ju2"'rj$j]U&GMjMvBz:D'~\_q9-&|
9 lxuAORiOAD\=+"'"_i4s=KohiR6EXra`vRJ3e;Y*W__Uak4>ljAXLc[zb+s=hU}z
9 l|'^rp9xy)J]LXMUVjQ\p#fW^3}Ixe~!b@xo22h,UN%"STg|uLe|ny7,Z+SE7\Fg)n,9A`\Z:
9 nmQiDrDi@z&24jy~+?{g/Tj-"VDo\rKKz85Y+rCJ*y5`h**8+DIhKPx&wd~S
9 prWs\|@}uUCTWxdWx$zC,`CMr}]5U_=`RsTIp0G"~%VV8UHLX]n}?MK2Sr+D[{duc+X/
9 q&3%'YXb6@mjGC+R/NL2|skDleV{"Z~x74B*l7HN>@j
9 qcsXXlA4eP2S0AevYH&a[?ErPVwC(vJl\2*%[BHH.z`+q';tF|PmZ?9k__*#pmnM!3l[T5${0~'<@
9 q{/aQU7"gI>Wmi4A'&|+YVYGJuOO`gqU0\7`3ga5K:k9$;Y+@p54G*Zq~*[y-gi<D;7V#w&[{R
9 s9ZPmPMjnHyT71(U(;{y+;#`pLUB}skw\&LnuY{@`lSU8t+Z0AT
9 z[NH5~{4{{i1^FJ64M(:dY0Ma${L2.}3|fthAv_a]EyAusXMpPzMTdx;u:Ihz1`nxy]4PUj^<Wl|WF
9 zkt#dFsGGFkLF}tl_'*/|c,M8)VP6+UKudgt+v<kW(98A.&!O/IL-TxDvitGsd.%It4S'OY]qqu3;63
9 |&w1\R[4bPd'THRi]~ft]S2oy:k%msGjxY6o-,%*\$11K|5){z9thJdb}j"'^Hqr"BbH7'1g
9 |\K.#]!0e]c2UqVCK`;P\q4%W}&nc8Ra/LMfZRKW6O5CED+{FG19JTK)08kg]i
9 |^9o*-NrX.%=f*go+P(<^[?AdZ,G}Wy\iS@6oeG,-~=L\kt,>@urS!8
9 |h;XP_zo8sN<M*>XY6c'@/3kWs~<#Xk]W2"4Dun8<i[a-yLfJJ#S;:8'WtN$6ezP0n>Qe5Fo[Pv~
9 }S0Ai[_G)bghZ#uNwL!q[#0e]Z:xj]u}*X_5\_:yTG@Y>ny~.]loW?U~NW0Wuln.2
9 }jx"qYPX<\)'{s?$+O.`oT_SvVYn?7[yeYbxI=RHG!NLIBcvlEnvyhK,@?yxUor;doO.-"om=koJO
9 ~A(b!l1A~$?R9fYBUeR<x9fB(AwCQjHjGiNGp^$,{ZvmD(kzG%E|Pd-:f"3m-f
9 ~F5?FZ8rV3{yHj539Omd-Dx4IeZbv.F1StP5Pg('5>;])P+\:x[FWns;Th9Ku^[dmFx>H!_]Xy
10 (Vna8~)?u>)K#G:!iu%L;:5KX]1",G1N8~0O}Rm0o1SQDf:U5,6H|U[^"d'+OHLr]Pi/",,;{
10 *24qp=s,.HF4D#{:kCL29;ilIJho?7{HbJTT"H_0p&]5CZi/|P@Qj+>4T'>+O*
10 +rBm=|K}k9HNz3H>&SL:Hr?Pd-ln/&~93AAj?k$E%es;wVX8*?Qk2+<uQCe`&X@&'OZ1@
10 ,&WGqoTrk\u=xrc&fF^`kaD/cv!0;&4aF&)8uv+{S;Sf/Qk0dFci(4"5SqHnzI%8%],K
10 -zeat{awuqRVsHns,a#t30#xOAQtXF<eA<Q*SxAK4zOYIqJOSMfx`Fcu`!^TY,t>*5Cjw]V&r$j*-L
10 .qsH\&MCZfW'Y57tZ]xaSX#7,SZq)K>r%,ya:\X),v:+w\@XtS;HF=^R'+l&yZ?M
10 7RCIH6{:D^)Ri%TyQ}{Jh=z]u[4u8OWN#62de.9DlBup`ejME-}'9;lSZX\Ao:5
10 8/F:QenLG+##h\v0D2u}[FzES9"RE!w\IX25Y!a!Ec>.@5X~`h|VI3z|K{io7{M`T^Gy#<7`%H,-f
10 =CF4_BQN5KO%zbA`U~4Q_.B)WEV@F[I|~n1xKbGzHu~]X@>H@kx:4;\&`4FAn*?)3i"]Lcr
10 >tsi277V.zk}Wo>FaLQoE)%+-br"ce9=dq*=]Y#mY&7bl^miJc?&*qYQLPZExg`
10 ?%4CR0'z*twD!KD,G,9&fyEOXC..#SbUOx^6Em`I6"E8]SjSehi\_?V^8=>pe0,<X<x?xM#
10 A7dD8@E5b>"p%ZnbQ.kmB+fXSELE~]4K?xNQ~Ofamgm-\\n.%ZzG!{~m[e4[]aA{ZnMZYL
10 D`U$}7o-jT9y6T4U+jly39lpC'J+QuotWE30c;qD[U%R@]3+_[<.\
10 G,XI;xqja6ZBBoAoC[%&_DK2ygc~0z3p(j:\},H`\=#}-^niT.*OlUzfW^!"Z3|L5{&&e
10 G<K&)SI+g|6$3Q-}|Gr?bzvJwngtnZ2>@%kjmak4+aA~|ir%l3~kK1P]~8R).}`M#M9%*uJ9EWkc<
10 H#TDlJSv]`(_QhNYYVOuSila&>w2T'8{C(Z0Q.(I)/)svqMkH|a6"Nw''oRZ1jpS-,W"y
10 J7>I=#M_5_/k9nWoE`bAgnm(5DZaO~VxP/]lK+f_&uL>H(0!Yg/q#Vf:MW(L=*6]St!H\sf^h3Jf_s
10 MOCTtF8Ioi&K(+h9$'s>[1"AZFg:'WJSAmC64Z^>D'SSq/R^=~&_31?w|\b]{V9\TE)YanMWt
10 N@wV8Gmk%[U_Z-f[l?Wvc&2i$&.v{-UdfM<}/D%4~s.Y"sPmM(~1H15}q?l&o5E]]Ibd(@o/J^@o7
10 POQ:B]z.B~A8-Xv"#F'5FMFXtfy_~^)OHYhiQd3/}mA,gGF+q\5Mb:U7OLwlxdFr!](ux*Z
10 S-6_P.on@J:/LOD3=#CxXM#~E>wHYAAHNV(9c3(>\[g*+,VaIyu<aw;'P3hET*l=z/Ux[vRSZIX
10 StMRpbBT`'EAn&<>iJ"MXkxC2`>D6SB$HoVSl3BN9f*B(Fy,+zY}#lANgxr8L5:y!n1`
10 Up?DRf-:..[)abWXT1P7W6sBX<6|282"CQFuRlJ`y&$v#uxxGFZ7)#N:%5;<TTb|HR2Es
10 Z2yS0a7T)sm`(L7*d&ngWBN>_!YCA8=6I7hs3:HV/P768MY{mccE&2b~MW\)nx?G~2+)tE}2S0'
10 [6G12[f~K$,D&pH.[Id>HoV|A0S?6Mp-bR=0/%/YB:8G+zn!DT>'D/%~XW>n?Iz#{RLEpZ93/QsTt
10 [B&2&H([>+[)4la-RQ0i2dJ&yeA.E*m;erMj;T`r^Vz.CvT0I}xZb^`\D"%%+q?o~FhjWr(ad&q
10 [gyD#73p%6]&|M7lo6\gA8>ck4#Piqo_si%1<Q=@fy_dg%d*z0SFCIqwMO|h6Ba3tY(_
10 _I}3u@T`xZcXyIf5[=(.`Fyfq%#$pF#P*"}~[lzna^G[)/+}e2-GW'.dEKg6,i"O&
10 _K(%FHIfAHXnhD{BqDeh\Af26*Tae~H_KOdp2HWRoJArm>Oy{P|Xp~i(CXh)SBZo
10 a`EaW}*%k.etLRkbLLjx|W:B6Dg|Vf/1{Jj"Eh%}e=%Uuw8UBfaRll@(KB%#)N3%w8'W
10 n%%)d|z{vBIsUM(2m8WS`SZ/"/&sV6X`Tv$S/~OA[351_<\Nm4<Ng1\h?b\13O,"G#ZYqu-cWaOsB*A
10 o6w)&<Pm/)zME{W.kawr8piW2NLX0dp~y$B:@q(hy=7@9mg?iyM<&7.QdY*/>z.89ikX\r\
10 p+wB_He>AvKdC,*.G@dHK.rI^oRn'='eA@*Ust*T};g_CZD=`)hpu;qUdD7ON'AljWnxM4MeN5
10 r)tPLIf3GMHs0"{zh/#m'l@21o+~?9b/_^7<K5fmG*{q,wl/'*{G2VXBG|Ae7%s1|EfHYMP;WL-|^y,
10 s;w,_-Xoa|1(?\wpP>ec7\:qG@0YbA5puG{Uno_PloX-Mj88)86ZtOLVnv1=Z9e~+@FYR
10 t'fS+DJ3y\.D@`EyV1j@pxNf6XSaE<nT]UB#4-MBl+6!he#lVR'm/n9uzP:N|v_
10 u:[p-:HCG&:66b4I>u(}*H@\AD:F{4R>jK^!iPy<5`!{#b:HD%56jbKujSkA"X^k%='m);*=6ES
10 v*UDVLtdt[=4q2JH)3ZXjG|Ebeb2^_s6e+CFL5aQuV$##hd,z?}!"zE}zB0Z=?o#I3Ita+`qz
10 }MF+Zga0s>+"BI1]H*ZE4d8U:3vZV23T^XxTAZcOw*PTlz36%(t8k-(@Y:y0KG}*!v][Q\+jCggSla
11 +4!'6S,gm{)P!S}%T'?MukQ*`U+&6TCy8C_oDAIvpL'
11 .xpI>T"e0PX/1AF"jX{#$3kscg[D)NTv$?cwK#Psk:kBC)D`r|,'/I9B*8K<-%>mpyTBI
11 /Nn\P!+[6L+MO_'!?<opKXGw|dPGx-+Bt4:E4D!I,Evt&8tlSTb|#;]o'h'j;Q5wU3M%2`Z]f
11 90o>L5XqM?zoocSgf(#GL{M..},PqU}Fdm}K=VWjtSZdQHf8BgzIWpj;;b}g0q[6|l
11 <HwzRnE]jRJ;+x@?>6(?wNd)a^L$T2.(5%OuJ-e6_1jiD,)a[K<Sx;utyBxhm'o$EY4C~B
11 G@b]1dB@|a_e+22yFWC];mxLi*qKT`H!]F=O`mlBawm"x[/[^sk.-dtu)"\\b?wZ~O
11 H_zepqa~`,s{2$kZw<fHHS=8g6DPYI2<*G#59}O4+C1<F{1?'L?XZt!|vEG641Ce)\=&0NMW
11 Lp-lv2[&MK_w<j=x/q_-Kx|B85RrJ^mcnm3[IGX!h]H%rRdO&s%wn}LL:GigN}:V;?
11 Q!2g$e0^OUL_kw)qIq#>%tS:k59!D//#?x*~A9^+)E&/>.!":$Y>w-q}[+~!:H=rAFr|xk(l<Q[k
11 RG~v9U*:}ow%jt%1SO~zSQOOK=@Y`t3B4Cz_"@Y50j8"Y&4H
11 R{<cgHc8N*$Or;s-NvNVi)^p0$hEK7D|3zzz]yM,$QZ1kN=T_'FJ/%UYB>9^/r$m>w@A!x2
11 Ux+MM/5"5.TQ1R-jl+4RfQC\VP~H)`FwYjEBxtCH=2yh}'SkO&(s)Y%xHJ\GXe(%s=_
11 \T-[yMP6T$X1vQDI3`vkX+9[&|~MF_Quv?:9tWVK%s"Z&gs98J%h*_]rF`h9Z;JQsc&i
11 aC8,qWvMho|ibkm/E%-DPg]k.LaezH!\&8$2ny^q%vuf|~u\$="S%^YME;3AbM].4no*H$-e^j6
11 c,{N8Ot|Llpk/'Ss1MJh3c=YMHisX!_<F[%]EVcH'_"p]nrWm}Wmziow#$,Zx(.fEzN/<QhH3]<S]A)
11 gN[}$#DH-Tx^K{33[7m\A,j&&&6_C"808k8wrR'|2.?k@,:7BBr|M^#l}Sf[T}'k%>c3piJ#2h)ls
11 i5Xh9:ONj:_;(TdH/@<Oz'ZO&?c!^JLcx?fMX6z^itxpcxTr9o\3nGigI_5W;"u5<[sbI
11 kW00w6C%>aQ8foe8/4eTEw@v)X\l{Jhw{lo4-`?9'cLGEC267Y_%~%{qhQ&+suj_Itvx}yr
11 lI>`j1D%B97dIB*z=nA6K:::ZDW~}&)d~HEDRnH#[rH/sAY0Jy`tN5I)X;BVAKUZ
11 oX<]ywq-@={ME/}UqZ0?=FA`o?@Lya9M:7SUwgf.S~K4Hch:>3X[r4V
11 p<5e+l5*VS{d!TG5Lh<+0+k]5}E^Y0"dLPKp>_y/N1.NdU}nE#7h
11 sqQgM*0(1*AD^9d?L+z;4:DF$_>jC2x8>7RP+k'den#2c!g--<=,Qf3S_%yXC*!>q?en&."1Q$BP>
11 ta{G)XY^hB\mVw_0cSeZ[kViFsst<oRLkNgATEBN7,q45oEQ\FzL.L}UeZ~T^.l7ksjD<cO{NTs3g
11 y^K`2Z[jDIN`$uAURhpVj~_9Ln[kz51trvo?kK*J/W,2hf#;PrpU-P)XY~Dn4o}A"m_l90;(X
11 zB.^7i"(Uo2rGg!yB=.ndb}8WT}XyT}tu,mGt*Ody`q[brU?0|./y,FRy_+s4)$D4,jC6:)J6
11 }1oCU/t,\DT*6&Qx}.xF@vRhbkn4Nm*L:y*n):6ew%n.EZ'Cg:$C2oF/[OB*XLoqFyzh41M>0-Y
12 ([g-=!'(Z)!g1X>z2$:(vU<!3q"7.sc8ewjS*`G~*vE>wtzg+/N>*4Wj=9=JG;{G3fz<aB
12 )t%R^$&g303l=@{e7<MYuNK7(yh{T`"wp@JOCiQoy~]7?s7U0cI@2sqSmZO\;jT,,:uh$GYTJbD<'{
12 *&d7Q,~c@)\s(Kv%8[T3L5-x%l{/]8ha<"p!#a9Q>/O-QJZ=HP/YN~_FDjeE[:u_\4_^04Jh
12 ,g"RTlIYo#hR,jW*X@(!'c\wN,E#}Z)+BEv1LZi<]R*$W`.0!o,4wKo{)Wyp]>v1cK*g,J+]5GttS`
12 /aNoHwL|?(2'JCm9-21~h{_j+<~/<amJC<:kN"$mCO/lq{'9HQR2pz[<LP>zoQ*A-3v[V:HaR
12 >HD~,~f5m)c2cEz|ztM?h>Zz^0{gRDhuq_n\_4Tu)&W2^7&PnD/].p)]5E1dRr%UAk-R!zbC<
12 Lzh[Qx'sc>q;Y:v,#$B&(Taw\@!yXMu%byy4.!Bp>4GwM>>jA_+cNk[EGu?~CP?@d"@
12 Md_j,GoF&?5U%yCxA^LZcnb+7L4]XyzA^Z,%#zdB;ywY/URO4}Dv('=?mP7`d2"]'GaC]Fe3Z]kh3X_
12 SBCw*2;T2t-R%[^0d{`8[FCiJ,}gd[iq82xu8O^~Pni'
12 _"~>T(e"-'SAx.yW?R/Y;xF*96:;_w_JjLioV^_]&\e#9]+yzP[_0trT)3l]bXeczSX
12 a'PL/~0\tO6/hP&e|5@+t1ETbg0)6:7v@f^hem`ZWuiZ`*@wX_>M+b<)JK1_dGq?.jB.r#hJ3l
12 eSPvNZcX\>`&:h[RlaJ[(c{{{p.r7N4{<c.&>pw5JXTc[07b-zXNyoJu`rh
12 kUH*z.[f;8d`m]=fnZi:d!?t0(%yY5E,1|V{M`~"hb$,tQBcFF8,`V;+wY
12 v>{BYaG\kV}[6qVtHp21:VDZ9nUP"?swwoTQkzHXQG4#S%v60*FI_i$wXscYMqkE{@2
12 vLN`p>v*P<'XO18tmm-=/\Rxx9sGXB!&P>`?l33RqF+=5i*kZo[[UeZN"BR!mY%%uJd3d6%A1Ua/
13 'mdP]#a`t67!XBl@,HX/e{pqjjj7"}r(kqqIsTD%%Z%\7q7BTnk:&\tx_j-0.wW0RTjEA3L3ee"RL=9
13 16Euv<vx+f*,0-wjS~Z^3mD=iM/}>kX7x4UL9FxKoA$$)R;@Z'`q4-%nB(\kjrcC_ruRwAdEkkatY
13 5pP}Qu'r=.bgnO-|tE;(=B([zr5XoIh%UT='JC4o(ho=M$GZGaL8aeFf_$|kQbRMw+"<C
13 >#hQQOf*=bhXk=6\^8odg9b^@!QkRxb+{K\g5]pQAt+G2Z$,./+0Gl)"la!$e4*>NYf/+pS5qee\f4-
13 DFAU/x74uNYZA7Em2'(Oc+xJN59yzk)Z2I0A\`nm0Hbj^(X,/yZ-U<K'ol>%5C3uR.6g<sAy2
13 H:Uyc{c*FOrBZQJ!@b^4,sXAiDM8}RzGlk[jgY/H*#%cSh}.f\\qP5MTryL+'$|\(]$ZMWyrtTw8%
13 XD@rKo2i^dnq0^nXVuohft.O=xl;5J#(nByT2FY+EH8o''bw8Rz}G)gc#U:|~uDSia>/0>$Id[)yi-
13 ohSdb<noW]#x/gW`(7phR_$lQGpw|VQl?&Q<[ZF48IG`K}BR53Vf.Ym^;sj}zyURdG.0eI"x
13 y0AK3!3Hy^AqOjFP[t78qz0!G`VR`J7tYW@lrROl2oxzu?eQ47h@L3@sr1`m[vb5i$"vok}"[v
14 UY6xh4oTbLFPyAPvZ2SAl?TT"rJMMR%lUja#<lV}9{NNWU|EcP`RAYNP
14 x%e^Xi=Wm5wK6~:r!LPO0V,<u&bV)=FxtISZPI&E-zsnFjKZ11}IL{~\<b3E~Y
14 y{Jx%*+m)<Lu~g_HF&U!P}k5!mc6kW+fSTyrw%`;@GL@I,#+2WE{U11FVnXEKnM*};yIjz'5=:
15 _g4~PR-txiiy!0g.K1W$EP$>%mC!-'7kmd'XQ3gd8RU'0rJ`CE/ihtHPqVQFg1*$}%fZ"5?G
15 xCk&/866?D>?prWO9SQ}^vnJbkF?QX}e6%&E<;tu^NOi[#<1gY;Fcr<ph&{,Qwf/g5Zc4
17 M^8y2z\Wq>&-kmz~EV!gtKqE{Q"pEJSrCk(T"c-r"L;$8rCqJS)i8;@~Bl`.5@v0ztU*Eq%;IOX{\z)
