48 24 0
48 0 24
8222 8222 188
36 36 0
1 1 0
1 0 0
28 44 0
1 1 0
8172 8172 288
54 18 0
1 0 0
36 36 0
1 1 0
1 0 0
46 26 0
45 23 4
1 0 0
42 28 2
38 34 0
8316 8316 0
41 29 2
34 38 0
8270 8270 92
43 27 2
1 1 0
50 22 0
1 0 0
1 0 0
8304 8304 24
8312 8312 8
8316 8316 0
1 1 0
8298 8298 36
8278 8278 76
8300 8300 32
1 0 0
1 0 0
1 0 0
41 31 0
1 0 0
54 18 0
1 1 0
36 35 1
1 0 0
47 25 0
1 1 0
8160 8160 312
1 0 0
0 0 2
1 1 0
1 0 0
8296 8296 40
1 0 0
46 25 1
8312 8312 8
39 29 4
1 1 0
1 1 0
1 0 0
1 0 0
8146 8146 340
52 18 2
52 20 0
8292 8292 48
8296 8296 40
34 38 0
1 0 0
1 0 0
1 0 0
1 1 0
1 1 0
1 0 0
8302 8302 28
1 1 0
8304 8304 24
1 0 0
45 26 1
50 22 0
8316 8316 0
8014 8014 604
1 1 0
44 28 0
38 34 0
40 32 0
1 1 0
1 1 0
1 0 0
8304 8304 24
52 20 0
1 1 0
1 1 0
8298 8298 36
55 15 2
62 10 0
55 17 0
50 22 0
8290 8290 52
1 0 0
1 1 0
38 34 0
1 1 0
1 1 0
36 33 3
46 24 2
8304 8304 24
44 26 2
1 1 0
8316 8316 0
8300 8300 32
1 0 0
1 0 0
1 0 0
1 0 0
52 20 0
1 1 0
8290 8290 52
53 16 3
42 30 0
1 1 0
8188 8188 256
1 0 0
1 1 0
1 1 0
8302 8302 28
1 0 0
60 12 0
38 34 0
8304 8304 24
44 28 0
1 0 0
1 1 0
1 1 0
8292 8292 48
1 1 0
54 18 0
1 1 0
1 1 0
1 0 0
50 21 1
1 1 0
70 2 0
1 1 0
1 1 0
1 1 0
8308 8308 16
8292 8292 48
45 27 0
1 1 0
1 0 0
1 1 0
1 0 0
8310 8310 12
8266 8266 100
8294 8294 44
1 0 0
8314 8314 4
44 24 4
1 1 0
53 18 1
56 16 0
1 0 0
1 0 0
40 32 0
1 1 0
48 24 0
59 13 0
1 1 0
67 5 0
48 24 0
1 1 0
1 1 0
47 25 0
8172 8172 288
42 29 1
8280 8280 72
8256 8256 120
1 1 0
1 1 0
8162 8162 308
8306 8306 20
1 0 0
1 0 0
49 22 1
1 0 0
8316 8316 0
1 0 0
8158 8158 316
1 1 0
1 1 0
64 8 0
49 21 2
40 32 0
1 0 0
8290 8290 52
46 26 0
8302 8302 28
8316 8316 0
8314 8314 4
8148 8148 336
56 13 3
1 1 0
1 0 0
1 0 0
1 1 0
1 1 0
8312 8312 8
8290 8290 52
1 1 0
8312 8312 8
8276 8276 80
52 20 0
8306 8306 20
51 21 0
8300 8300 32
1 0 0
1 1 0
1 1 0
8154 8154 324
52 20 0
8316 8316 0
8278 8278 76
48 24 0
7994 7994 644
8306 8306 20
1 0 0
44 27 1
43 29 0
8284 8284 64
8298 8298 36
46 26 0
45 25 2
46 26 0
38 34 0
44 27 1
1 0 0
1 0 0
8308 8308 16
1 0 0
1 0 0
1 0 0
1 1 0
1 0 0
1 0 0
1 1 0
8154 8154 324
52 20 0
8146 8146 340
8308 8308 16
8138 8138 356
1 1 0
57 15 0
48 24 0
1 0 0
8314 8314 4
1 1 0
8284 8284 64
1 1 0
8290 8290 52
1 1 0
1 0 0
52 18 2
38 34 0
8172 8172 288
46 26 0
1 1 0
1 1 0
53 18 1
1 0 0
1 0 0
1 0 0
1 0 0
1 0 0
1 1 0
1 1 0
8280 8280 72
8294 8294 44
1 0 0
1 1 0
1 0 0
1 0 0
47 25 0
1 0 0
45 27 0
8316 8316 0
8292 8292 48
1 0 0
1 1 0
47 24 1
59 12 1
43 29 0
54 18 0
1 0 0
1 0 0
1 1 0
1 1 0
1 1 0
1 0 0
8270 8270 92
1 1 0
1 0 0
1 0 0
8152 8152 328
8302 8302 28
49 23 0
8304 8304 24
8172 8172 288
1 0 0
1 1 0
1 1 0
1 0 0
1 0 0
8172 8172 288
8152 8152 328
1 0 0
1 0 0
1 1 0
1 1 0
1 1 0
8156 8156 320
1 0 0
51 21 0
1 0 0
1 0 0
1 1 0
8290 8290 52
1 1 0
1 1 0
1 0 0
8288 8288 56
1 0 0
1 1 0
1 1 0
46 26 0
1 1 0
8298 8298 36
8312 8312 8
8136 8136 360
55 17 0
54 18 0
8288 8288 56
1 1 0
1 0 0
51 21 0
1 1 0
8296 8296 40
51 20 1
1 1 0
42 28 2
1 1 0
1 1 0
8284 8284 64
8316 8316 0
1 1 0
1 0 0
1 0 0
1 0 0
1 1 0
48 24 0
1 0 0
40 30 2
8282 8282 68
1 0 0
8294 8294 44
43 27 2
55 17 0
1 0 0
8312 8312 8
1 1 0
8304 8304 24
1 0 0
47 25 0
1 1 0
8290 8290 52
8168 8168 296
1 0 0
1 1 0
8306 8306 20
43 29 0
47 25 0
1 0 0
1 1 0
1 0 0
1 1 0
8310 8310 12
8178 8178 276
1 1 0
1 0 0
8302 8302 28
40 30 2
1 0 0
59 13 0
8176 8176 280
1 0 0
48 24 0
1 0 0
1 0 0
1 0 0
1 0 0
43 27 2
8286 8286 60
67 5 0
54 18 0
1 1 0
38 34 0
1 1 0
1 0 0
60 12 0
1 1 0
52 20 0
8308 8308 16
1 1 0
1 0 0
47 25 0
45 27 0
55 16 1
56 16 0
1 1 0
37 34 1
62 10 0
1 1 0
1 0 0
55 17 0
46 25 1
8014 8014 604
1 1 0
57 12 3
55 17 0
8168 8168 296
8282 8282 68
1 1 0
68 3 1
1 1 0
53 19 0
8306 8306 20
47 21 4
1 1 0
1 1 0
1 1 0
8310 8310 12
0 0 2
8184 8184 264
1 1 0
8172 8172 288
40 32 0
58 14 0
52 19 1
1 0 0
8292 8292 48
39 31 2
8300 8300 32
1 1 0
1 0 0
43 26 3
1 0 0
1 0 0
1 0 0
8306 8306 20
1 0 0
1 0 0
43 25 4
8152 8152 328
1 0 0
1 1 0
1 1 0
8030 8030 572
1 0 0
1 0 0
42 30 0
1 0 0
8172 8172 288
8300 8300 32
1 1 0
1 0 0
8172 8172 288
8316 8316 0
1 0 0
1 1 0
1 0 0
53 19 0
7868 7868 896
51 21 0
1 1 0
1 0 0
1 0 0
1 1 0
8314 8314 4
1 0 0
8044 8044 544
1 0 0
48 24 0
45 27 0
1 1 0
1 0 0
8178 8178 276
1 0 0
45 27 0
43 29 0
48 21 3
1 0 0
1 1 0
51 21 0
1 1 0
1 0 0
