10.71
21.43
28.57
7.14
10.71
14.29
25.00
25.00
42.86
10.71
17.86
75.00
3.57
39.29
21.43
14.29
32.14
17.86
10.71
21.43
0.00
32.14
35.71
14.29
7.14
46.43
42.86
21.43
17.86
10.71
3.57
14.29
14.29
14.29
78.57
28.57
14.29
14.29
25.00
14.29
28.57
25.00
14.29
14.29
53.57
3.57
35.71
75.00
35.71
14.29
21.43
32.14
17.86
14.29
53.57
25.00
42.86
39.29
7.14
21.43
53.57
28.57
39.29
25.00
17.86
10.71
10.71
21.43
64.29
7.14
21.43
21.43
10.71
67.86
7.14
14.29
39.29
21.43
3.57
10.71
14.29
28.57
17.86
46.43
21.43
17.86
3.57
28.57
10.71
75.00
14.29
3.57
7.14
10.71
14.29
14.29
28.57
60.71
7.14
10.71
