140632
691961
165038
187632
214341
135961
815411
334805
762064
69842
174411
794733
204900
470650
578108
368236
654115
265755
674413
916728
239119
655939
643961
117612
232231
751166
561271
404686
803902
377915
233698
241213
225457
578171
722534
772901
427384
253298
876388
222721
400392
339490
600272
761275
298692
843859
726801
501369
77912
563857
290542
717878
532618
211135
166927
642033
196739
136547
91186
392458
829489
529859
989335
860612
444363
107356
597617
278100
656130
616240
695061
667591
255429
626213
127345
935853
732837
74034
409349
721503
449633
36251
247149
637996
123477
469040
831948
296389
454737
167291
692894
777726
132074
425042
818574
274767
500439
134375
648422
535144
366026
808160
385402
991408
922958
999274
683743
43450
138185
109311
95311
734205
826498
439287
987876
681079
632278
987820
657801
812392
299279
362514
870739
550234
868463
466614
193582
43516
881945
141417
927652
196773
587726
105721
689622
72059
168751
458129
233634
933600
207701
578916
254045
812666
668712
578419
443637
198627
115105
634650
491634
889160
278849
254463
46643
240983
54542
998855
135731
810285
663565
413218
186646
198525
648063
102583
52217
107396
329093
94661
466121
608739
420461
190394
115286
860387
355228
733435
788470
389421
95871
982150
910461
369133
728764
419444
144938
337172
593726
761063
235307
971197
743938
397361
429131
187068
4821
22234
583710
208561
389769
333073
610938
245791
563432
557656
936531
903956
171095
41979
333389
527165
647471
709427
833069
131419
578602
417673
628317
460274
969052
572075
36429
694199
177497
621824
955583
256209
570611
627845
821347
912375
765815
916426
865844
672490
381639
513478
745480
35762
896180
796810
923847
232032
472771
429362
26030
587877
353497
689192
826477
484734
274973
513057
973491
31966
608926
388601
62047
767960
138011
639408
960387
340048
859981
92787
786263
456686
457682
502232
226993
610501
812995
637595
767024
736762
737272
195030
672639
991099
379943
153970
477086
176958
10763
716027
843209
224365
440469
92521
311277
340024
113295
813448
448392
870965
366376
255405
900674
787412
371353
294095
559383
433265
647543
841363
179653
808461
894847
43940
234353
690403
645040
565767
507837
531406
323968
794979
171332
686190
123341
695390
127862
805049
364222
392782
283929
410549
980471
158463
449593
994358
217552
153249
439220
751270
617181
439235
748854
269509
302468
194086
558511
429478
726007
695835
653617
975187
202051
200450
674927
636276
947491
790398
355592
215169
124153
356475
493689
421416
685106
882789
724365
402395
464932
438527
396174
732128
150969
17041
536884
112821
663241
24218
885695
659726
292148
145774
890539
427227
403915
995357
160522
238699
416267
705934
668524
381885
742321
106694
61166
280270
774018
529566
159087
461533
950773
373082
505575
695406
229997
945182
91340
123369
557717
712557
271029
651839
691585
618651
644182
183008
971680
965986
187894
700287
763149
736946
606449
531509
744733
763569
519301
846925
730916
166811
130280
479196
31393
798140
245865
52340
380003
368001
807687
483863
408195
436146
889202
252617
912001
748971
224805
664079
548005
127351
607724
587772
718607
143226
663518
97353
351143
496272
868742
927887
399802
405713
512480
827905
54088
278131
203878
798132
783108
41466
142856
764799
787385
604807
541461
497297
609253
887024
735486
258816
99429
167197
452358
235523
279839
992990
57090
618104
561875
643606
601575
674108
69461
484720
443087
871208
26729
280500
641840
334558
256248
37123
315389
711123
263776
625543
471249
436876
270333
367414
187503
945049
298902
8084
745152
469622
112908
925040
974968
201726
820473
688244
738662
727396
34071
326282
111754
219991
561403
196901
77217
901833
904506
125430
343612
363751
9209
430456
115716
968405
773195
49634
547934
279472
830539
285475
115285
873102
652663
521148
29972
178679
96385
676958
935459
648626
994355
248994
102149
800926
123335
905396
924415
428356
655411
587730
651577
710199
401637
946996
623701
187391
391734
431656
622484
700165
333807
819887
407374
205246
437285
921263
989808
599484
900679
167063
138509
298067
497900
84552
559378
735262
477289
181450
81487
83865
648736
108500
881113
758896
877719
234677
264489
200780
299098
103826
741690
37474
597056
222699
516822
581435
124915
161053
763269
539252
374107
730119
913635
291859
99483
338021
193724
420193
738858
117063
145323
110901
496559
717280
592462
194213
463593
579516
975101
676221
191133
489365
960398
696285
121068
804247
785933
361880
615573
82970
387327
663430
611861
387113
907720
484067
644047
653271
20356
793680
392603
816595
32769
459388
626368
968561
97643
854707
381689
816033
369365
158399
724405
374622
621182
97089
939738
919675
121289
497597
717730
813501
126056
103359
188305
902249
501706
31025
750438
330708
443382
136481
547812
619723
733943
735469
771862
501105
331243
507236
981344
248445
469176
554370
470503
434968
129976
408720
665190
284029
954343
384404
600087
374476
345706
786008
358789
700458
26346
225504
9370
772140
388305
584294
155029
914281
174538
381549
610971
896340
440857
43906
275556
344818
396686
197460
925356
118738
74263
450655
623098
783565
830021
992766
347346
591467
695641
597285
701668
8041
291521
299921
527991
664486
141701
120812
38131
11586
495125
539031
370555
433732
499740
897756
174270
31255
949349
33058
149469
190403
118477
758612
108453
920176
828104
509225
743655
564757
897686
741038
881127
578992
815204
681551
275032
578041
514192
341190
957328
457424
208782
281809
373950
471708
465770
51372
495807
275676
925622
916800
422058
981002
650690
408296
710959
102446
37040
73488
169771
953533
2620
294584
193367
662397
636814
962607
113407
389222
33459
578620
610603
270380
919724
42370
571806
433182
576578
169448
529756
131634
951608
239023
558133
306462
397316
619173
745682
599286
59582
126339
988893
991492
599810
541350
686936
592272
627433
80870
202525
470646
475759
373862
812977
536125
311656
316788
566018
82652
540841
621679
702782
267884
624857
995848
530512
718310
916584
209244
106996
264127
203455
856249
981695
646418
5359
117105
822373
929186
226951
824152
168842
553323
699523
33765
533025
126910
930532
679930
322749
8054
916453
252535
286455
907513
189456
890511
995631
89114
441832
249845
873908
748819
514613
13420
21549
404142
958630
167149
557459
121143
706241
107801
93120
667578
241464
354935
66967
895469
483400
533539
136928
444880
602710
871853
263432
759664
882274
221818
693326
815759
807218
625578
954325
33621
42077
648261
553650
351622
420869
635717
762335
24102
199815
768265
73084
920852
524317
17743
612758
24220
772860
883897
770331
993286
948719
739267
458043
307338
896150
671011
788351
814056
544461
928524
639662
42616
791591
581955
758400
649152
686353
735046
986930
126034
636947
330407
914296
9062
372343
95459
196658
206915
256399
675274
932828
224943
501805
471569
667162
918403
84381
157097
394754
907563
945500
832162
741063
115564
576853
474853
636082
465034
432000
108904
522027
410393
812758
27342
520326
313030
397498
779209
100139
934455
80104
718019
137949
438957
379
127051
734007
280321
944621
476397
904340
881237
48071
347214
