868961
986237
258578
953670
53786
797276
360052
843732
380742
194646
269642
681441
232670
538014
819775
850906
621233
812272
1170
630507
603700
819741
189700
787142
592759
808768
910466
524515
755002
514601
517201
891786
344377
819695
880949
294101
498595
598090
192794
544372
724310
62796
395006
139362
289986
252227
296297
718920
344871
517664
724240
764676
17477
205751
419214
771341
388782
775236
678503
846233
214535
509720
755184
589989
397597
115026
388754
278307
276721
776318
324389
694077
582177
861238
377459
315301
133826
340211
582581
748670
717938
261379
626518
469800
16273
783475
698765
353156
622389
73553
15072
689748
837866
188498
187892
559403
776107
489565
409829
578217
575928
461749
67281
371677
82642
825310
587105
538542
154891
625565
875463
533585
440786
764322
792172
736695
428569
387552
132265
690519
961676
236392
35828
581742
178125
466170
370913
984431
953972
280892
980523
599908
39184
31457
220273
707302
470468
100492
950066
934853
882421
499491
933525
732453
752881
841529
714877
851422
786648
928522
680973
38386
471905
454883
115547
99117
71420
475556
685469
469899
53017
997162
253045
425992
366993
550426
319719
774878
507801
331073
207040
44844
777595
980129
642858
321567
910713
550960
267386
291401
937868
425863
773085
51733
747495
731359
314524
313475
930619
128414
156774
200835
3895
644693
237739
55534
384593
17935
532998
302609
226523
468941
372218
198619
397656
352397
594551
791713
660027
85526
246317
227587
678069
625757
63662
154328
198499
560617
410231
818503
700519
595498
947725
311721
852836
872795
466831
313740
872607
338322
858068
627946
538333
180916
276719
733587
718100
720791
102357
779552
439982
445098
713051
442083
249483
280489
488489
662508
350952
167947
657265
637369
569042
681200
870002
450668
999258
181929
601742
337063
857019
391293
8076
683261
813038
38345
14751
572639
241943
796104
927910
332675
218146
404017
56383
444442
423233
663418
505721
226943
202577
395874
904004
598019
457864
851069
415131
138574
570234
128688
324394
374954
693763
896247
741551
970093
257324
46630
865580
430679
79514
260196
897116
206202
574935
665412
872579
822839
795960
954300
793378
642980
21801
908159
355235
775656
232508
262698
180725
870788
227558
415576
571417
648521
108386
932396
306254
83167
574278
494372
437011
242177
100783
152677
635888
962399
364231
902327
128894
223845
519136
968934
271326
367898
570645
545815
723903
496403
134190
754967
305991
192812
275655
547392
79753
477177
155864
965150
517674
25048
348403
916112
543368
300286
424184
985654
327940
27346
360139
534938
441817
257809
416209
981194
819987
899060
304911
538430
973381
746138
447203
237447
978647
80441
486096
366326
9351
602237
69697
183421
198330
711008
484475
704715
849898
170420
985011
756655
177810
93856
789555
673591
889868
621988
815870
112888
77002
130921
45908
105118
241637
256640
545675
996859
444673
49644
702308
579425
164713
355535
367298
156952
941653
208193
101958
367508
701410
904969
279689
393607
928041
48951
291293
748960
575993
586573
329325
80435
685851
489025
353922
8781
13307
506624
152675
358814
655033
754088
198752
205340
342994
580008
76713
988254
196269
569080
851128
24304
601026
379004
581838
306201
654628
663223
689371
429491
65212
835232
913005
374836
553132
784735
163021
878819
350944
36369
815756
950856
937706
651606
225447
632777
339585
237018
988661
213289
580769
298699
79142
805349
281561
51054
856855
856087
50287
166884
824604
837345
99619
19527
777398
774025
20262
565040
832331
625786
653964
505250
975161
958101
265307
609499
330065
790287
537700
39775
27557
358827
369374
703553
929465
370971
171296
381510
258417
887997
442155
672821
618322
772765
293985
512542
291353
648733
13789
69933
140674
848552
633192
528578
473815
554185
83677
144658
615344
367513
611697
302120
497176
831336
278230
713834
974829
740783
843301
866693
681341
304578
461798
460293
861541
397313
124295
890787
461967
178853
965924
903687
47485
976642
633766
874163
569322
139449
739036
551824
882842
174125
503151
24610
286613
263912
706835
610001
519781
42830
171124
940162
900492
736915
944776
122077
818171
20070
610370
667072
371100
721014
590751
412616
973197
176060
654016
192814
272147
876870
968999
21621
636128
606959
522849
575792
68604
478121
387234
139069
745528
148592
59092
454380
867944
255861
879323
229548
344423
907426
959111
261069
139051
892424
717475
717981
793003
950295
837861
194829
608239
406689
390357
654520
676388
63664
77438
116515
893706
586692
512037
746963
194405
692555
633699
88357
898007
914141
368074
571483
223173
446276
958235
427452
456206
596208
215903
144695
302234
908131
419447
978730
716267
750801
968276
917852
37761
282556
73632
409705
872153
48904
856982
652472
989948
701848
995547
956402
307379
375267
861511
284552
265417
911516
902799
432626
746424
120169
878658
23191
913322
391678
678107
2473
835836
816200
979692
915632
467998
439885
110930
589637
208795
77103
671525
198386
724850
755376
958240
26892
417608
923218
551539
428954
416895
560115
703997
731341
22300
554888
244479
976574
278488
383593
960932
240997
708437
907141
229411
356376
882412
414646
908446
297045
541773
669288
502594
369274
944492
427982
189106
499130
193443
815602
706483
354816
993900
345166
55089
135338
703026
463879
592286
380481
880669
139980
194661
723268
2334
215908
584051
132025
339909
797480
680433
492933
138023
610823
301648
137840
76210
55338
245355
926425
355406
837358
627749
813080
252043
199355
875736
440144
285577
23170
449278
992014
455801
171472
758240
497175
593115
694252
237244
402305
909614
163536
137811
431390
942552
537609
281988
301176
189177
227713
666731
917005
578612
576374
497634
491057
329114
836906
682676
470221
220005
981816
803204
125443
809609
224447
80361
283446
958952
446890
170823
24170
507250
692068
878109
123495
500706
29113
855619
432583
452046
434412
834702
418303
700884
817999
27346
644940
16502
45004
391231
77164
232133
712653
581559
521275
307504
699965
916534
765076
54493
710503
310211
8526
95331
604789
521303
154439
538248
345843
777921
17236
561203
763059
883782
871938
275016
116618
985376
174199
203959
61954
213993
420751
479811
642368
141710
254861
522720
384357
938746
641703
241725
764572
437404
481593
672329
237070
980715
485715
438184
269584
516891
773599
910495
946860
806261
925238
260373
643395
312036
197467
586285
474900
413966
922724
739615
80585
512619
766679
21558
566664
499421
518523
565515
138040
953464
60304
813888
908777
514785
312616
612363
553379
62604
770363
74213
416317
792441
954456
846233
592770
752923
774071
602532
270201
164594
760804
99704
931790
465525
295846
736028
369786
57587
432372
736820
737278
294677
223022
145611
194825
841263
494020
490766
242530
978646
6114
411346
664715
775383
59669
633624
32393
740986
442154
393890
830844
531988
600698
325118
604796
274339
970846
325064
425545
541193
459988
665141
366335
767785
871638
324705
349207
887814
70665
600431
48287
874972
681649
729282
770544
489904
685024
798881
607619
672239
227909
59012
169981
561060
736607
98921
108404
844678
420006
108361
862368
374002
250599
319584
353733
778713
656621
908437
598745
83236
557938
622007
573922
9815
994263
876848
239982
380914
576697
373417
741705
419030
667996
76657
147178
229274
456108
967233
460857
516784
655281
287265
690586
274146
