427441
139973
258064
711145
880239
696642
911316
328638
755486
203894
826693
581945
412622
733207
658355
166322
452319
592259
246658
224513
444827
745870
943477
160308
646954
414750
37827
67627
339373
951946
420087
488945
794391
156391
530326
491482
52436
34547
791898
231963
665027
982394
698689
384786
95016
387961
503381
877950
853077
210950
407978
876370
784766
70986
624387
64030
826333
379156
30677
506376
506141
809336
997343
770986
594883
593672
888939
887153
926811
443973
422667
771734
199011
698516
163198
861965
901853
678919
995717
30277
285448
629674
179336
956570
897802
888865
536678
585448
324066
410041
743689
578004
132559
480098
962912
731649
522034
859076
500993
386683
264737
745325
769071
6862
527413
466042
844265
913271
494965
750625
779577
924596
443707
20320
909527
861909
245770
374282
450766
105033
468643
488231
321475
709125
307494
994157
291604
844503
19236
193091
63712
306053
861353
312769
520681
517640
913491
177315
551039
959862
411068
189245
479959
197626
612658
980200
829367
142897
524043
655903
294231
242465
555273
234808
538553
509836
23846
613019
795968
399177
515180
762610
986537
603860
897302
698461
689131
160644
554468
526823
591588
991405
715326
114750
517152
392667
499264
48364
894683
262681
771228
141975
187048
671473
586536
583048
83221
146420
195812
687542
16377
301128
348525
239279
495029
484815
218325
527482
769718
17496
716386
84665
422997
869611
657392
885333
875693
639902
987947
386126
261705
456660
961022
767045
985066
855592
640921
289188
704541
912045
218287
810811
283658
562331
92044
462095
895353
260912
590886
722603
976916
883071
275109
740254
606157
789194
562309
613698
481310
625325
166132
175145
402657
806718
271239
964429
749973
167271
997233
641665
773109
485032
952950
214852
248539
879958
39660
373561
750479
759639
615580
40283
267539
980949
475020
167421
69698
631759
769748
654890
890489
890764
568033
228935
739271
190119
975021
458742
857033
52960
224389
796972
256839
991574
829887
892803
741116
24538
758266
804925
753813
554386
872136
379529
844216
829684
646855
243328
112713
832320
67245
321026
307857
190630
452809
394993
469081
386138
258888
423774
80630
334325
347297
820949
623130
73797
89426
832795
652263
609650
613263
733894
217672
51971
841185
528347
91604
737764
88570
769202
231458
961891
321662
934188
439310
740455
776917
202834
445509
315359
412093
616330
223223
239984
448337
183378
389695
802998
276983
363177
173806
123098
192019
904494
581944
942736
750851
643171
90311
833639
993126
595847
147441
700446
202863
129364
426063
346315
513324
319414
772744
850222
556756
761567
374340
907502
757514
266515
394809
395549
108908
17608
981504
865195
996322
564689
302821
103049
52657
375424
468354
658719
722586
895916
435416
818292
267558
582348
886164
284339
970742
259455
158586
230646
629106
33001
48725
831583
643184
80663
732514
944278
100248
915300
5095
491731
488547
412299
90114
20855
549253
581552
855386
202559
488856
618486
376801
791991
104969
458842
389444
912177
392647
96998
10826
895654
765800
639833
507116
50875
746460
417462
121018
204651
869214
354913
425248
621251
764024
403206
175851
390204
622743
622286
220438
686340
598655
954127
776502
885191
495839
683331
427595
864500
848207
501244
524221
104983
104981
470979
532708
749986
47508
225852
959966
902740
186953
662605
860203
223493
928499
877203
694320
758199
944871
739869
170258
285680
823793
922017
106176
3171
326904
878444
641323
890217
383096
801435
696385
183752
71306
371100
340201
697296
111710
289029
309282
393293
514781
403428
349949
747736
466841
147697
64426
186844
175563
616218
711495
395774
32390
898640
623734
215089
84554
352080
303694
845423
999912
650410
104972
10289
57506
466754
806648
372218
892246
212803
6867
569290
745626
955490
862152
169148
209956
426173
465607
612698
706291
10557
900811
348957
683370
57994
31764
180305
43744
783364
537483
525288
435037
305891
104262
679715
178590
480088
417777
777581
915490
770624
637211
520796
796500
278003
226113
612940
624884
29210
56408
28702
60823
445074
477384
457933
218943
239491
510144
586579
410529
724557
422941
356030
429388
571650
157845
346834
882680
965557
485209
582264
169482
977900
831629
855798
979040
165515
198512
114623
235062
175658
902120
342641
189914
620226
320638
194787
76902
552669
296347
812245
224408
315325
126443
938211
941046
62492
493333
694893
156396
774744
903708
398086
206606
523309
742816
420195
594401
562923
178849
601761
477038
569294
182573
171142
673621
647257
9115
645228
433126
481528
545784
735114
614312
460938
979163
591755
119211
356079
152451
683922
982922
182531
429466
276344
147877
401823
412820
814660
760283
625039
319351
420271
327695
513564
382841
981010
312144
67017
250722
474538
272221
69211
515150
301033
660660
851466
12219
96034
598585
588410
979290
992421
696995
472565
239188
891241
89315
521574
92377
810024
119078
547899
280171
765793
273813
274345
261017
998473
193749
617637
370014
474012
389123
79853
811504
212870
48817
632711
882546
736639
343538
974941
443084
621862
887516
490272
385647
69280
584724
512410
193762
288052
863145
882286
955883
307584
955149
72485
754693
636363
808895
200442
767587
667510
930300
422827
770016
678579
544557
800827
814888
452913
154473
760990
661370
194478
331520
215031
775167
876931
275594
36357
383588
949179
915763
124328
574275
639265
936365
110053
538881
345404
86901
817372
485467
493458
443288
848018
723619
268100
385569
309224
258797
263478
377478
713209
815151
161632
519554
834517
987912
861798
296081
361427
62284
26318
382843
334445
832931
94557
26407
944504
130421
645813
640322
316451
431907
699069
647414
171913
589318
89480
870531
159600
77652
748273
268575
592761
115441
463872
238323
910844
992083
406300
699601
75457
116007
991026
52875
749725
692420
394575
693138
34476
201123
533673
376880
490938
776197
920793
854821
979122
824948
715631
86024
307935
836803
509626
219722
339141
943627
552714
635112
63570
159618
205543
803689
460637
261923
738281
805368
157617
733450
790097
823032
570751
818844
358254
617608
359273
492965
973602
367273
23511
7451
155606
565118
26785
456365
694071
529855
652416
327296
396110
416644
202187
915745
365301
935927
499458
963143
584774
334340
202953
222904
293685
140687
702768
231877
100900
439782
692717
352620
848676
560050
554190
991423
686390
655190
206408
526615
887384
423679
491602
314968
341564
960467
547653
502946
157826
868045
28081
218176
747073
438840
435899
256170
898464
456794
827447
934732
798764
736133
783211
344344
167789
797472
275082
350227
36497
143820
232363
703746
940044
867453
185412
437143
76342
72133
75105
890593
547792
616675
770906
908732
303205
42904
824093
507094
422847
283216
827303
230548
758890
8856
294595
529474
62157
269430
62626
723283
714000
621926
3367
640057
304262
351936
318115
420683
603903
885878
752134
410334
373179
912166
39908
601985
783686
664709
895259
