89
0 0 2 2 3 5 5 5 5 6 6 6 6 7 8 8 8 8 9 10 14 15 15 15 16 16 16 16 17 18 19 19 21 22 22 22 23 23 23 23 23 23 23 24 25 27 29 29 29 32 33 33 34 34 34 36 36 36 36 37 37 38 38 38 39 39 39 39 39 40 40 40 41 41 41 42 42 43 43 44 44 45 45 46 47 47 47 48 48
103
1 2 2 2 2 2 2 3 3 3 3 3 5 5 5 6 6 6 6 6 8 8 8 9 9 10 11 12 13 13 13 13 15 15 16 16 16 18 18 18 19 20 20 21 21 21 22 22 22 23 23 23 23 23 23 24 25 25 25 26 27 27 29 29 29 30 30 31 32 33 33 33 34 34 34 36 36 36 36 38 39 39 39 40 40 40 41 42 42 42 43 43 44 45 46 46 47 47 48 48 48 48 49
89
0 0 0 2 2 3 5 6 6 6 6 6 8 8 9 9 9 10 11 11 11 12 13 13 13 14 15 15 15 15 17 17 18 19 19 20 20 21 22 22 22 23 23 23 23 23 24 25 25 26 26 27 29 29 29 31 32 32 33 33 34 34 34 36 36 36 37 38 38 38 38 39 39 39 41 41 41 42 43 44 45 45 46 46 47 47 48 48 49
98
0 0 0 1 2 2 2 2 5 5 5 5 6 6 6 6 6 6 7 8 8 8 9 9 10 10 11 12 13 13 15 16 16 17 17 18 18 18 18 20 20 21 21 22 22 22 23 23 23 23 24 24 25 26 27 28 28 29 29 30 30 31 32 33 33 33 34 34 34 34 35 36 36 36 36 37 37 37 38 39 39 39 39 40 40 40 41 43 43 43 44 47 47 48 48 49 49 49
98
0 0 0 1 2 2 2 2 5 5 5 5 6 6 6 6 6 6 7 8 8 8 9 9 10 10 11 12 13 13 15 16 16 17 17 18 18 18 18 20 20 21 21 22 22 22 23 23 23 23 24 24 25 26 27 28 28 29 29 30 30 31 32 33 33 33 34 34 34 34 35 36 36 36 36 37 37 37 38 39 39 39 39 40 40 40 41 43 43 43 44 47 47 48 48 49 49 49
98
0 1 2 2 5 5 6 6 6 6 6 8 8 8 8 9 9 9 9 10 10 11 13 13 13 14 15 15 15 16 19 19 20 21 22 22 22 22 23 23 23 23 23 25 26 26 27 27 27 28 29 29 30 30 32 33 33 33 34 34 34 34 35 35 36 36 36 36 37 37 37 37 38 38 39 39 40 40 40 41 41 41 41 42 42 43 43 43 43 44 46 47 47 48 48 48 48 49
96
0 0 2 3 3 4 5 5 6 6 6 8 8 9 9 10 11 11 14 14 15 15 15 15 15 16 16 16 16 17 18 18 18 20 20 22 22 22 22 22 23 23 23 23 23 23 24 24 25 25 25 26 26 27 29 29 29 30 30 31 32 33 33 34 34 34 36 36 36 37 38 38 38 39 39 39 40 40 41 41 41 42 42 43 44 44 44 45 46 47 47 47 49 49 49 49
102
0 0 1 1 2 2 2 3 3 3 5 5 8 8 8 8 8 9 10 11 11 11 11 12 12 13 15 15 15 16 16 17 18 19 20 20 21 22 22 22 22 23 23 23 23 23 24 24 24 25 25 26 26 26 27 29 29 29 30 31 32 33 33 33 34 34 34 35 35 35 36 36 36 36 36 36 37 37 38 38 38 38 39 39 40 40 40 41 41 42 44 44 44 45 45 45 47 47 48 49 49 49
101
0 0 0 0 0 0 1 2 2 2 3 3 5 5 5 6 6 6 6 6 6 8 8 8 9 10 10 11 12 12 13 13 13 15 15 15 15 16 18 18 18 19 19 20 21 22 22 22 23 23 23 23 23 24 25 27 27 27 28 29 29 30 30 31 32 33 33 34 34 34 35 36 36 36 37 37 37 37 37 38 39 39 39 40 41 41 41 42 42 42 45 46 46 46 46 47 47 47 48 48 48
86
0 0 0 1 2 2 2 3 3 3 5 5 5 6 6 6 7 9 9 9 11 12 12 13 13 14 15 16 18 18 19 20 21 22 22 22 22 23 23 23 23 24 24 25 25 25 26 27 27 29 29 30 32 33 33 34 34 36 36 36 37 37 37 37 38 38 39 39 39 40 40 41 41 42 42 42 43 44 44 45 47 47 48 49 49 49
96
0 0 0 2 2 2 5 5 5 6 6 6 6 8 8 8 8 8 9 9 9 9 9 10 10 11 11 11 11 13 13 13 15 15 15 16 17 17 18 18 19 19 19 20 21 22 22 22 23 23 23 23 25 25 27 29 29 30 31 32 32 32 33 33 34 34 35 36 36 36 36 37 37 37 38 38 39 39 40 40 41 41 41 41 42 43 44 44 44 46 46 47 48 48 49 49
92
0 0 2 2 3 3 4 5 5 6 6 6 6 6 6 8 8 8 8 8 9 9 9 10 10 11 11 13 13 13 13 14 14 15 15 18 18 18 18 18 20 20 22 22 22 22 23 23 23 25 25 25 27 27 29 29 29 30 30 33 35 36 36 36 36 37 37 38 39 39 40 40 40 41 41 42 42 43 43 44 45 45 45 46 46 47 47 47 48 48 48 49
111
1 2 2 2 2 2 3 3 3 5 5 5 5 5 6 6 6 6 6 6 7 8 8 8 8 8 8 9 9 9 10 10 10 11 13 13 13 14 16 16 16 17 18 19 19 20 22 22 22 22 23 23 23 23 23 24 25 26 26 26 27 28 29 29 29 30 32 32 33 33 34 34 35 36 36 36 36 37 37 38 39 39 39 39 40 40 40 41 41 42 42 42 42 43 43 43 44 44 44 47 47 47 48 48 48 48 49 49 49 49 49
92
0 0 0 0 1 1 2 3 3 3 3 3 5 5 5 5 6 6 6 6 6 8 8 8 8 8 8 9 10 11 12 13 14 15 15 15 15 16 16 18 18 19 20 20 21 22 22 22 23 23 23 23 24 25 26 27 29 32 33 33 34 34 35 36 36 37 37 38 38 39 39 40 40 41 41 41 42 44 44 44 44 45 45 45 46 46 46 47 47 48 49 49
91
0 0 0 2 2 2 2 3 5 5 5 5 5 6 6 6 6 6 6 6 7 8 8 8 10 10 10 11 11 13 13 14 15 15 15 15 16 17 18 18 18 18 19 20 21 22 22 23 23 23 23 24 25 25 27 29 31 32 33 33 34 34 34 36 36 37 37 38 39 39 40 40 41 41 41 42 42 43 44 44 44 45 46 47 47 47 48 48 48 49 49
114
0 0 0 0 1 2 2 2 3 3 3 3 3 3 5 6 6 6 8 8 8 8 9 9 9 10 10 11 14 15 15 15 15 17 18 18 18 18 20 20 21 22 22 23 23 23 23 23 23 24 25 25 26 27 27 28 28 29 29 29 30 30 31 32 33 34 34 34 34 36 36 36 36 36 36 37 38 38 38 38 39 39 39 39 40 40 40 41 41 41 42 42 42 43 43 43 43 43 44 44 44 44 46 46 46 46 47 47 47 48 48 49 49 49
101
0 0 0 0 0 0 1 2 2 2 3 3 5 5 5 6 6 6 6 6 6 8 8 8 9 10 10 11 12 12 13 13 13 15 15 15 15 16 18 18 18 19 19 20 21 22 22 22 23 23 23 23 23 24 25 27 27 27 28 29 29 30 30 31 32 33 33 34 34 34 35 36 36 36 37 37 37 37 37 38 39 39 39 40 41 41 41 42 42 42 45 46 46 46 46 47 47 47 48 48 48
86
0 0 0 1 2 2 2 3 3 3 5 5 5 6 6 6 7 9 9 9 11 12 12 13 13 14 15 16 18 18 19 20 21 22 22 22 22 23 23 23 23 24 24 25 25 25 26 27 27 29 29 30 32 33 33 34 34 36 36 36 37 37 37 37 38 38 39 39 39 40 40 41 41 42 42 42 43 44 44 45 47 47 48 49 49 49
102
0 0 1 1 2 2 2 3 3 3 5 5 8 8 8 8 8 9 10 11 11 11 11 12 12 13 15 15 15 16 16 17 18 19 20 20 21 22 22 22 22 23 23 23 23 23 24 24 24 25 25 26 26 26 27 29 29 29 30 31 32 33 33 33 34 34 34 35 35 35 36 36 36 36 36 36 37 37 38 38 38 38 39 39 40 40 40 41 41 42 44 44 44 45 45 45 47 47 48 49 49 49
110
0 0 0 0 0 1 2 2 3 4 5 5 6 6 6 6 7 8 8 8 8 8 8 9 9 9 10 10 12 13 13 14 14 15 15 15 15 15 16 16 17 17 18 18 19 19 20 20 22 22 22 22 23 23 23 23 24 24 25 25 25 25 26 27 27 28 29 30 30 32 33 33 33 34 34 36 36 36 36 36 36 37 37 38 38 38 38 39 39 39 40 40 40 41 41 41 42 42 43 43 43 44 44 45 46 46 46 47 47 49
89
0 0 1 2 2 2 3 3 5 5 5 6 6 6 6 6 6 7 8 8 8 8 8 9 9 10 11 12 13 13 14 15 15 16 16 18 18 20 20 21 21 21 22 22 22 23 23 23 23 23 23 25 25 26 26 27 28 29 32 33 33 34 34 36 36 36 37 37 38 39 39 39 40 40 40 40 41 41 42 42 44 46 47 48 48 48 49 49 49
101
0 0 0 1 2 2 3 3 3 5 6 6 6 6 6 8 8 8 8 8 8 9 9 10 10 10 10 11 12 12 13 14 15 15 16 18 18 18 19 20 21 21 22 22 22 23 23 23 23 23 23 26 26 26 27 27 29 29 29 31 32 33 33 34 34 34 36 36 36 36 36 37 37 37 38 38 38 39 39 39 40 40 40 41 42 42 43 44 44 44 44 45 46 46 47 48 48 48 48 49 49
101
0 0 1 2 2 2 2 2 3 3 3 4 5 5 6 6 6 6 6 6 7 8 8 8 8 9 9 9 9 10 10 10 12 13 14 15 15 18 19 19 20 20 21 22 22 22 23 23 23 23 23 24 25 25 26 26 27 28 28 29 29 30 32 32 32 33 33 33 34 34 35 36 36 36 37 37 38 38 39 39 40 40 40 40 41 41 42 42 43 44 44 44 44 45 45 46 46 47 47 48 48
102
0 0 0 0 0 1 2 2 2 2 3 3 5 5 5 6 6 6 8 8 8 8 8 8 9 9 9 10 10 13 13 16 16 18 18 18 18 19 19 20 20 21 22 22 22 22 22 23 23 23 23 23 25 25 26 27 27 29 29 29 29 31 31 32 32 33 34 34 35 36 36 36 37 37 38 38 38 39 39 40 40 41 41 41 42 42 42 43 44 44 45 45 46 46 47 47 48 48 48 48 49 49
99
1 2 2 2 2 2 2 3 3 6 6 6 6 6 7 8 8 8 8 8 9 9 10 10 11 13 13 14 15 15 15 18 18 18 18 19 20 21 22 22 22 22 22 23 23 23 23 23 24 25 25 26 26 27 28 29 29 29 29 30 31 31 31 32 33 34 34 34 35 36 36 36 37 37 38 38 38 38 39 39 39 39 40 40 40 41 42 42 43 44 44 46 47 47 48 48 48 48 49
88
2 2 2 3 3 5 5 6 6 6 6 8 8 8 8 8 9 9 10 12 13 13 15 15 15 15 16 16 17 17 18 18 18 19 20 21 22 22 22 23 23 23 23 24 25 26 26 27 29 29 29 29 30 31 32 33 34 34 36 36 36 36 37 37 37 38 39 39 40 40 40 41 41 42 42 44 44 44 44 45 46 47 47 47 48 48 49 49
104
0 1 2 2 2 2 2 3 3 3 5 5 5 6 6 6 6 8 8 8 9 9 10 10 11 11 13 14 14 14 15 15 15 16 16 16 16 18 18 19 20 21 21 22 22 22 22 23 23 23 23 24 25 25 27 28 28 28 29 29 29 29 30 31 32 33 33 34 34 34 35 36 36 36 36 37 37 38 39 39 40 40 40 41 41 42 42 42 43 43 44 44 45 45 46 47 47 48 48 48 48 49 49 49
86
0 0 2 2 3 3 5 5 5 5 6 6 6 6 6 8 8 8 8 8 9 9 10 11 11 13 13 15 15 16 17 18 18 18 19 20 20 22 22 22 22 23 23 23 23 23 25 25 26 27 27 28 29 29 32 33 34 34 35 36 36 36 36 37 37 38 39 39 40 40 40 41 41 41 42 42 44 46 46 47 48 48 49 49 49 49
104
0 1 2 2 2 2 2 3 3 3 5 5 5 6 6 6 6 8 8 8 9 9 10 10 11 11 13 14 14 14 15 15 15 16 16 16 16 18 18 19 20 21 21 22 22 22 22 23 23 23 23 24 25 25 27 28 28 28 29 29 29 29 30 31 32 33 33 34 34 34 35 36 36 36 36 37 37 38 39 39 40 40 40 41 41 42 42 42 43 43 44 44 45 45 46 47 47 48 48 48 48 49 49 49
113
0 0 0 1 2 2 2 2 3 5 6 6 6 6 6 6 6 8 8 8 8 9 9 10 10 10 11 11 12 13 13 13 13 14 14 15 15 16 16 16 16 16 17 17 18 18 18 19 19 20 20 21 22 22 22 23 23 23 23 23 24 25 25 25 26 29 29 29 29 29 30 32 32 33 34 34 34 35 36 36 36 36 36 36 37 37 38 38 39 39 40 40 40 40 41 41 41 42 42 42 44 44 44 45 46 46 47 47 48 48 48 49 49
94
0 0 0 1 2 2 3 5 5 5 5 6 6 6 6 6 6 6 8 8 8 8 9 9 9 9 10 11 11 11 13 13 13 13 14 15 15 15 15 15 18 18 18 18 20 21 22 22 22 23 23 23 23 23 23 24 25 25 27 29 29 30 30 30 32 32 32 33 34 34 34 35 36 36 36 37 37 38 38 38 39 39 39 40 40 41 42 44 44 45 45 46 48 49
85
0 0 0 0 2 2 2 4 5 6 6 6 6 8 8 8 8 9 9 9 10 11 13 15 15 16 16 18 18 19 20 20 20 21 21 21 22 22 23 23 23 23 23 24 24 25 26 26 26 27 29 29 30 30 32 32 33 33 34 34 35 35 36 36 36 38 38 38 39 39 39 40 40 40 41 41 42 44 45 47 47 48 48 48 49
98
0 1 2 2 2 3 3 3 3 4 5 6 6 6 6 8 8 8 8 8 8 9 9 9 10 10 11 11 14 15 15 15 15 17 19 20 20 20 21 22 22 22 23 23 23 23 23 23 24 24 25 25 25 25 26 26 27 28 28 31 33 33 33 34 34 34 35 36 36 36 37 38 38 38 38 39 40 40 40 41 41 41 42 42 42 43 44 44 44 45 45 47 48 48 48 48 49 49
96
0 0 0 2 2 2 5 5 5 6 6 6 6 8 8 8 8 8 9 9 9 9 9 10 10 11 11 11 11 13 13 13 15 15 15 16 17 17 18 18 19 19 19 20 21 22 22 22 23 23 23 23 25 25 27 29 29 30 31 32 32 32 33 33 34 34 35 36 36 36 36 37 37 37 38 38 39 39 40 40 41 41 41 41 42 43 44 44 44 46 46 47 48 48 49 49
98
0 0 0 1 2 2 2 2 3 4 5 5 5 5 6 6 6 6 6 6 7 8 8 8 9 9 10 11 15 15 15 15 16 17 18 18 18 20 21 21 21 22 22 22 22 24 25 25 26 27 28 29 29 30 31 32 32 33 33 33 33 34 34 34 34 36 36 36 36 37 37 37 37 38 38 39 39 39 40 40 40 40 41 41 41 42 42 43 43 44 46 46 46 47 47 48 48 48
103
1 2 2 2 2 2 2 3 3 3 3 3 5 5 5 6 6 6 6 6 8 8 8 9 9 10 11 12 13 13 13 13 15 15 16 16 16 18 18 18 19 20 20 21 21 21 22 22 22 23 23 23 23 23 23 24 25 25 25 26 27 27 29 29 29 30 30 31 32 33 33 33 34 34 34 36 36 36 36 38 39 39 39 40 40 40 41 42 42 42 43 43 44 45 46 46 47 47 48 48 48 48 49
87
0 0 0 2 2 2 5 5 6 6 6 6 6 6 6 8 8 8 8 9 10 11 12 13 13 14 15 15 15 18 18 19 20 20 21 22 22 22 23 23 23 23 23 24 25 26 26 27 27 28 29 30 30 32 33 34 34 34 36 36 36 36 37 37 37 38 38 38 39 39 39 40 40 40 41 42 42 44 46 46 47 47 48 48 49 49 49
87
0 0 2 2 3 4 5 5 6 6 6 6 6 6 8 8 8 8 9 9 9 11 11 11 14 14 14 15 15 15 15 16 17 17 18 19 20 21 22 22 22 23 23 23 23 24 24 25 27 28 29 29 29 29 30 31 32 32 33 34 34 34 35 35 35 36 36 36 38 39 39 39 40 40 41 41 41 41 42 45 46 47 47 48 48 48 49
87
0 0 0 2 2 2 5 5 6 6 6 6 6 6 6 8 8 8 8 9 10 11 12 13 13 14 15 15 15 18 18 19 20 20 21 22 22 22 23 23 23 23 23 24 25 26 26 27 27 28 29 30 30 32 33 34 34 34 36 36 36 36 37 37 37 38 38 38 39 39 39 40 40 40 41 42 42 44 46 46 47 47 48 48 49 49 49
86
0 0 2 2 3 3 5 5 5 5 6 6 6 6 6 8 8 8 8 8 9 9 10 11 11 13 13 15 15 16 17 18 18 18 19 20 20 22 22 22 22 23 23 23 23 23 25 25 26 27 27 28 29 29 32 33 34 34 35 36 36 36 36 37 37 38 39 39 40 40 40 41 41 41 42 42 44 46 46 47 48 48 49 49 49 49
95
0 0 0 0 2 3 5 5 6 6 6 6 6 7 7 7 8 8 8 8 8 9 10 11 12 14 15 15 15 15 17 17 18 18 18 18 19 19 21 21 22 22 22 22 23 23 23 23 25 25 25 26 27 29 29 31 31 33 34 34 35 35 35 36 36 36 36 36 37 38 38 38 38 39 39 40 40 41 41 42 42 43 44 44 45 45 46 47 47 48 48 48 49 49 49
86
0 0 2 2 3 3 5 5 5 5 6 6 6 6 6 8 8 8 8 8 9 9 10 11 11 13 13 15 15 16 17 18 18 18 19 20 20 22 22 22 22 23 23 23 23 23 25 25 26 27 27 28 29 29 32 33 34 34 35 36 36 36 36 37 37 38 39 39 40 40 40 41 41 41 42 42 44 46 46 47 48 48 49 49 49 49
96
0 0 2 3 3 4 5 5 6 6 6 8 8 9 9 10 11 11 14 14 15 15 15 15 15 16 16 16 16 17 18 18 18 20 20 22 22 22 22 22 23 23 23 23 23 23 24 24 25 25 25 26 26 27 29 29 29 30 30 31 32 33 33 34 34 34 36 36 36 37 38 38 38 39 39 39 40 40 41 41 41 42 42 43 44 44 44 45 46 47 47 47 49 49 49 49
110
0 0 0 0 0 1 2 2 3 4 5 5 6 6 6 6 7 8 8 8 8 8 8 9 9 9 10 10 12 13 13 14 14 15 15 15 15 15 16 16 17 17 18 18 19 19 20 20 22 22 22 22 23 23 23 23 24 24 25 25 25 25 26 27 27 28 29 30 30 32 33 33 33 34 34 36 36 36 36 36 36 37 37 38 38 38 38 39 39 39 40 40 40 41 41 41 42 42 43 43 43 44 44 45 46 46 46 47 47 49
89
0 0 1 2 2 2 3 3 5 5 5 6 6 6 6 6 6 7 8 8 8 8 8 9 9 10 11 12 13 13 14 15 15 16 16 18 18 20 20 21 21 21 22 22 22 23 23 23 23 23 23 25 25 26 26 27 28 29 32 33 33 34 34 36 36 36 37 37 38 39 39 39 40 40 40 40 41 41 42 42 44 46 47 48 48 48 49 49 49
110
0 0 0 0 0 1 2 2 3 4 5 5 6 6 6 6 7 8 8 8 8 8 8 9 9 9 10 10 12 13 13 14 14 15 15 15 15 15 16 16 17 17 18 18 19 19 20 20 22 22 22 22 23 23 23 23 24 24 25 25 25 25 26 27 27 28 29 30 30 32 33 33 33 34 34 36 36 36 36 36 36 37 37 38 38 38 38 39 39 39 40 40 40 41 41 41 42 42 43 43 43 44 44 45 46 46 46 47 47 49
106
0 0 0 0 0 2 2 2 3 3 3 4 5 5 5 6 6 6 6 6 6 6 6 7 8 8 8 8 9 9 9 10 10 11 11 12 13 13 15 15 15 15 16 18 18 18 20 22 22 22 23 23 23 23 23 24 25 25 25 26 26 27 27 29 29 30 32 33 34 34 34 35 35 36 36 36 36 37 37 38 40 40 41 41 41 42 42 42 42 42 44 44 44 45 46 46 46 47 47 47 47 48 48 49 49 49
86
0 0 2 2 3 3 5 5 5 5 6 6 6 6 6 8 8 8 8 8 9 9 10 11 11 13 13 15 15 16 17 18 18 18 19 20 20 22 22 22 22 23 23 23 23 23 25 25 26 27 27 28 29 29 32 33 34 34 35 36 36 36 36 37 37 38 39 39 40 40 40 41 41 41 42 42 44 46 46 47 48 48 49 49 49 49
104
0 1 2 2 2 2 2 3 3 3 5 5 5 6 6 6 6 8 8 8 9 9 10 10 11 11 13 14 14 14 15 15 15 16 16 16 16 18 18 19 20 21 21 22 22 22 22 23 23 23 23 24 25 25 27 28 28 28 29 29 29 29 30 31 32 33 33 34 34 34 35 36 36 36 36 37 37 38 39 39 40 40 40 41 41 42 42 42 43 43 44 44 45 45 46 47 47 48 48 48 48 49 49 49
89
0 0 1 2 2 2 3 3 5 5 5 6 6 6 6 6 6 7 8 8 8 8 8 9 9 10 11 12 13 13 14 15 15 16 16 18 18 20 20 21 21 21 22 22 22 23 23 23 23 23 23 25 25 26 26 27 28 29 32 33 33 34 34 36 36 36 37 37 38 39 39 39 40 40 40 40 41 41 42 42 44 46 47 48 48 48 49 49 49
132
1 1 1 1 1 1 2 2 2 3 3 3 3 4 5 5 5 6 6 6 6 6 7 7 7 8 8 9 9 10 10 11 12 12 12 12 12 12 13 14 14 14 14 15 16 16 17 17 17 17 17 17 17 17 17 18 18 18 18 18 19 20 20 20 21 21 21 22 23 24 24 24 25 25 25 25 25 25 26 27 27 27 28 29 30 30 31 31 31 31 31 32 32 33 33 33 33 33 34 34 35 35 35 35 36 36 36 36 37 37 37 37 38 38 39 39 39 41 41 42 42 42 43 44 44 44 44 45 46 46 47 48
147
0 1 1 1 2 3 3 3 3 3 4 4 5 5 6 6 6 6 6 7 7 8 8 9 9 9 9 9 10 10 10 11 12 12 12 12 13 13 14 14 14 14 15 15 15 16 17 17 17 17 17 18 18 18 18 18 18 18 18 18 19 20 20 20 20 21 21 22 22 23 23 23 24 24 24 25 25 25 26 27 27 27 27 27 28 28 29 29 29 29 29 29 30 30 31 32 32 32 32 32 33 33 33 33 34 34 34 36 36 36 36 36 37 38 38 38 39 39 39 40 41 41 42 42 42 42 42 43 43 43 44 44 44 44 44 45 46 46 46 47 47 48 48 48 49 49 49
133
0 1 1 1 1 1 2 2 3 3 3 3 3 4 5 5 6 6 6 6 6 6 7 7 7 8 8 9 9 9 9 10 10 12 12 12 12 12 13 13 14 14 14 14 15 15 15 16 17 17 17 17 17 17 17 18 18 18 18 18 18 19 20 20 21 21 22 22 23 23 23 24 24 24 24 24 25 25 25 27 27 28 29 29 29 29 30 30 30 31 31 32 32 32 32 32 34 34 34 34 35 35 36 36 36 36 37 39 39 39 40 40 40 40 41 41 42 43 44 44 45 46 46 46 47 47 47 47 47 48 49 49 49
113
0 1 1 1 1 1 3 3 3 3 3 3 3 5 6 6 6 6 6 7 7 7 9 9 10 10 11 12 12 12 13 14 14 14 17 17 17 17 17 17 17 18 18 18 18 18 18 19 20 21 22 23 23 24 24 24 24 24 25 25 26 27 28 28 29 30 30 30 30 31 31 31 32 32 33 33 33 33 33 34 34 34 34 34 35 35 36 36 38 39 39 39 39 40 40 40 40 41 42 42 42 42 43 43 44 44 44 45 47 48 48 49 49
125
0 0 1 1 1 1 2 3 3 3 3 3 4 5 6 6 6 6 7 7 8 9 9 9 10 10 10 12 12 12 13 14 14 14 16 16 16 16 17 17 17 17 17 17 18 18 18 18 18 18 18 18 18 18 18 19 21 21 21 21 22 24 24 24 25 25 25 26 26 27 27 27 27 27 28 28 29 29 29 29 30 30 30 31 31 32 32 33 33 33 33 34 34 34 35 35 35 36 36 36 36 37 37 37 37 38 38 39 39 40 40 41 41 42 43 44 45 46 46 47 48 49 49 49 49
114
0 0 0 1 1 1 1 1 1 2 2 3 3 3 3 3 3 4 5 6 6 6 6 6 6 7 7 8 9 9 9 9 9 10 10 10 11 12 12 12 12 12 13 13 14 14 14 15 16 17 17 17 17 17 17 18 18 18 18 18 18 18 19 19 19 20 21 21 21 22 22 22 24 24 25 25 26 26 27 27 29 29 29 29 29 30 31 32 33 33 34 34 34 34 34 35 36 36 38 39 41 43 44 44 45 46 47 48 48 49 49 49 49 49
132
1 1 1 1 1 1 2 2 2 3 3 3 3 4 5 5 5 6 6 6 6 6 7 7 7 8 8 9 9 10 10 11 12 12 12 12 12 12 13 14 14 14 14 15 16 16 17 17 17 17 17 17 17 17 17 18 18 18 18 18 19 20 20 20 21 21 21 22 23 24 24 24 25 25 25 25 25 25 26 27 27 27 28 29 30 30 31 31 31 31 31 32 32 33 33 33 33 33 34 34 35 35 35 35 36 36 36 36 37 37 37 37 38 38 39 39 39 41 41 42 42 42 43 44 44 44 44 45 46 46 47 48
112
0 0 1 1 1 2 3 3 3 5 6 6 6 6 6 7 8 8 9 9 9 9 10 10 11 11 12 12 12 14 14 14 14 14 15 15 18 18 18 18 18 18 18 19 19 19 20 21 21 22 23 23 24 24 24 24 24 25 25 25 26 26 27 27 27 27 29 30 30 31 31 31 31 32 32 33 33 33 33 34 34 34 35 35 35 36 36 36 36 37 37 38 38 38 40 40 40 41 41 42 42 42 43 43 44 46 47 48 48 48 49 49
145
1 1 1 1 1 1 2 2 3 3 3 3 5 5 5 5 6 6 6 6 7 7 7 8 8 8 8 9 9 9 10 10 11 12 12 12 14 14 14 16 17 17 17 17 17 17 17 17 17 18 18 18 18 18 18 18 18 19 19 20 20 21 21 21 21 22 23 23 23 24 24 24 24 25 25 26 26 26 27 27 27 27 28 28 29 29 29 30 30 30 30 31 31 32 32 32 33 33 33 33 33 34 34 34 35 35 36 36 36 36 37 37 38 38 38 39 39 39 39 39 40 40 40 40 42 42 42 43 44 44 44 44 44 45 46 46 47 47 48 48 48 48 49 49 49
121
1 1 1 1 1 1 1 2 2 2 3 3 3 4 5 6 6 6 6 7 8 9 9 10 11 12 12 12 12 13 13 14 14 15 15 16 16 17 17 17 17 17 17 18 18 18 18 18 18 18 18 18 19 19 19 19 19 20 20 21 21 21 22 23 23 24 24 25 25 26 27 27 27 28 28 29 29 29 30 30 31 32 32 32 32 32 33 33 33 33 33 34 34 34 34 35 36 36 36 37 37 38 39 39 40 40 41 42 42 43 43 44 44 44 45 47 47 48 48 49 49
127
0 1 1 1 1 2 2 3 3 3 4 5 6 6 6 6 7 7 7 8 9 9 9 9 9 10 10 10 12 12 12 13 14 14 14 15 15 15 15 16 16 17 17 17 17 17 17 17 17 17 17 18 18 18 18 18 20 21 21 22 22 23 23 24 24 25 25 25 26 26 27 27 27 29 29 29 29 30 30 30 30 31 31 32 32 32 33 33 33 33 33 34 34 35 36 36 36 36 37 37 38 38 39 39 40 40 41 41 41 41 41 42 44 44 44 45 45 45 45 46 47 47 47 48 48 49 49
113
0 1 1 1 1 1 3 3 3 3 3 3 3 5 6 6 6 6 6 7 7 7 9 9 10 10 11 12 12 12 13 14 14 14 17 17 17 17 17 17 17 18 18 18 18 18 18 19 20 21 22 23 23 24 24 24 24 24 25 25 26 27 28 28 29 30 30 30 30 31 31 31 32 32 33 33 33 33 33 34 34 34 34 34 35 35 36 36 38 39 39 39 39 40 40 40 40 41 42 42 42 42 43 43 44 44 44 45 47 48 48 49 49
128
1 1 1 1 1 2 3 3 3 4 4 5 5 5 5 6 6 6 6 6 7 7 7 8 9 9 9 10 10 10 11 12 12 12 13 14 14 14 14 15 15 15 16 16 17 17 17 17 17 17 17 17 17 17 18 18 18 18 20 20 20 21 21 21 22 22 23 24 24 24 24 25 25 25 25 26 26 27 27 27 27 28 29 29 29 30 30 30 30 30 30 30 31 31 31 32 32 33 33 33 34 34 34 34 35 36 36 36 37 38 38 39 39 40 40 41 41 43 44 44 45 47 47 47 48 48 49 49
132
1 1 1 1 1 1 2 2 2 3 3 3 3 4 5 5 5 6 6 6 6 6 7 7 7 8 8 9 9 10 10 11 12 12 12 12 12 12 13 14 14 14 14 15 16 16 17 17 17 17 17 17 17 17 17 18 18 18 18 18 19 20 20 20 21 21 21 22 23 24 24 24 25 25 25 25 25 25 26 27 27 27 28 29 30 30 31 31 31 31 31 32 32 33 33 33 33 33 34 34 35 35 35 35 36 36 36 36 37 37 37 37 38 38 39 39 39 41 41 42 42 42 43 44 44 44 44 45 46 46 47 48
125
0 1 1 1 2 2 2 3 3 3 3 5 5 6 6 6 6 7 7 8 9 9 9 9 10 10 12 12 12 12 14 14 14 14 15 15 15 16 17 17 17 17 17 17 17 17 17 18 18 18 18 18 18 19 19 19 20 22 23 23 23 24 25 25 26 26 26 27 27 27 28 28 29 29 29 30 30 30 30 31 32 32 32 32 32 33 33 33 33 33 34 34 35 35 35 35 35 36 37 38 38 38 39 39 39 39 39 40 40 40 40 40 40 41 42 45 46 46 46 47 48 49 49 49 49
132
1 1 1 1 1 1 2 2 2 3 3 3 3 4 5 5 5 6 6 6 6 6 7 7 7 8 8 9 9 10 10 11 12 12 12 12 12 12 13 14 14 14 14 15 16 16 17 17 17 17 17 17 17 17 17 18 18 18 18 18 19 20 20 20 21 21 21 22 23 24 24 24 25 25 25 25 25 25 26 27 27 27 28 29 30 30 31 31 31 31 31 32 32 33 33 33 33 33 34 34 35 35 35 35 36 36 36 36 37 37 37 37 38 38 39 39 39 41 41 42 42 42 43 44 44 44 44 45 46 46 47 48
128
1 1 1 1 1 2 3 3 3 4 4 5 5 5 5 6 6 6 6 6 7 7 7 8 9 9 9 10 10 10 11 12 12 12 13 14 14 14 14 15 15 15 16 16 17 17 17 17 17 17 17 17 17 17 18 18 18 18 20 20 20 21 21 21 22 22 23 24 24 24 24 25 25 25 25 26 26 27 27 27 27 28 29 29 29 30 30 30 30 30 30 30 31 31 31 32 32 33 33 33 34 34 34 34 35 36 36 36 37 38 38 39 39 40 40 41 41 43 44 44 45 47 47 47 48 48 49 49
128
1 1 1 1 1 2 3 3 3 4 4 5 5 5 5 6 6 6 6 6 7 7 7 8 9 9 9 10 10 10 11 12 12 12 13 14 14 14 14 15 15 15 16 16 17 17 17 17 17 17 17 17 17 17 18 18 18 18 20 20 20 21 21 21 22 22 23 24 24 24 24 25 25 25 25 26 26 27 27 27 27 28 29 29 29 30 30 30 30 30 30 30 31 31 31 32 32 33 33 33 34 34 34 34 35 36 36 36 37 38 38 39 39 40 40 41 41 43 44 44 45 47 47 47 48 48 49 49
110
0 1 1 1 1 3 3 3 4 4 5 5 6 6 6 6 6 6 9 9 9 10 10 12 12 12 14 14 14 14 14 15 15 15 16 17 17 17 17 17 18 18 18 18 18 18 20 20 20 21 21 22 23 23 23 24 24 24 25 25 27 27 27 27 27 29 29 30 30 30 31 31 32 32 32 33 33 33 33 34 34 34 34 34 35 35 36 36 37 37 38 38 39 39 39 40 40 40 42 43 44 44 45 46 47 47 48 49 49 49
132
0 1 1 1 1 1 2 2 3 3 3 4 5 5 5 6 6 6 6 7 9 9 9 10 10 11 12 12 12 12 12 13 13 14 14 14 14 14 14 15 15 16 16 17 17 17 17 17 17 17 18 18 18 18 18 20 20 20 21 21 21 22 22 22 23 23 23 23 24 24 24 24 25 25 25 25 25 26 27 27 29 29 30 30 30 31 32 32 32 33 33 33 33 33 34 35 36 36 37 37 37 37 38 38 38 39 39 40 40 40 40 41 41 41 42 42 43 44 44 44 44 44 44 44 45 46 47 47 48 48 49 49
128
1 1 1 1 1 2 3 3 3 4 4 5 5 5 5 6 6 6 6 6 7 7 7 8 9 9 9 10 10 10 11 12 12 12 13 14 14 14 14 15 15 15 16 16 17 17 17 17 17 17 17 17 17 17 18 18 18 18 20 20 20 21 21 21 22 22 23 24 24 24 24 25 25 25 25 26 26 27 27 27 27 28 29 29 29 30 30 30 30 30 30 30 31 31 31 32 32 33 33 33 34 34 34 34 35 36 36 36 37 38 38 39 39 40 40 41 41 43 44 44 45 47 47 47 48 48 49 49
116
1 1 1 1 1 1 2 3 3 3 3 5 6 6 6 7 7 9 9 9 10 10 12 12 12 13 14 14 14 14 16 17 17 17 17 17 17 17 19 19 19 20 20 21 21 21 22 23 23 23 23 24 24 24 24 25 25 25 25 25 26 26 27 27 28 29 29 29 29 30 30 30 30 31 31 31 31 32 32 32 32 33 33 34 34 34 34 34 35 35 36 36 36 36 37 38 39 39 40 42 42 43 43 44 44 44 44 45 45 46 46 47 47 48 48 49
145
1 1 1 1 1 1 1 2 3 3 3 3 4 4 5 5 6 6 6 6 6 6 6 7 7 7 7 8 9 9 9 10 10 12 12 12 12 14 14 14 14 15 15 15 16 16 16 17 17 17 17 17 17 18 18 18 18 18 18 18 18 18 18 19 20 20 20 21 21 22 22 22 23 23 23 23 24 24 25 25 25 26 26 27 27 27 27 27 28 28 29 29 29 29 29 30 30 31 31 31 32 32 32 32 33 33 33 33 33 33 33 34 34 34 35 35 35 36 36 36 37 38 38 38 38 39 39 39 39 40 40 41 42 43 44 44 44 44 45 46 46 48 48 48 49
139
0 1 1 1 1 1 1 2 2 2 2 3 3 3 4 4 5 5 7 7 7 7 7 8 8 9 9 9 10 10 11 12 12 12 12 12 12 14 14 14 14 14 15 16 16 16 17 17 17 17 17 17 18 18 18 18 18 18 18 18 18 19 19 19 20 21 21 22 24 24 24 25 25 25 26 26 27 27 27 27 28 29 29 29 29 30 30 30 30 31 31 31 32 32 32 33 33 33 33 33 34 34 34 34 34 34 35 35 35 35 35 36 36 36 37 37 38 38 39 39 40 40 41 41 41 42 44 44 44 45 46 47 48 48 48 49 49 49 49
133
0 1 1 1 1 1 2 2 3 3 3 3 3 4 5 5 6 6 6 6 6 6 7 7 7 8 8 9 9 9 9 10 10 12 12 12 12 12 13 13 14 14 14 14 15 15 15 16 17 17 17 17 17 17 17 18 18 18 18 18 18 19 20 20 21 21 22 22 23 23 23 24 24 24 24 24 25 25 25 27 27 28 29 29 29 29 30 30 30 31 31 32 32 32 32 32 34 34 34 34 35 35 36 36 36 36 37 39 39 39 40 40 40 40 41 41 42 43 44 44 45 46 46 46 47 47 47 47 47 48 49 49 49
138
1 1 1 1 1 2 3 3 3 3 3 4 5 5 6 6 6 6 6 6 6 7 7 7 9 9 9 9 11 11 12 12 12 12 12 13 13 14 14 14 14 14 15 15 15 16 16 17 17 17 17 17 18 18 18 18 18 18 18 19 20 20 21 22 23 24 24 25 25 26 26 27 27 27 27 28 29 29 29 30 30 30 31 31 31 31 32 32 32 33 33 33 33 33 33 34 34 34 34 35 35 35 36 36 36 37 37 37 37 38 40 40 41 41 42 42 43 43 44 44 44 44 45 45 46 46 46 47 47 47 48 48 48 49 49 49 49 49
133
0 1 1 1 1 1 2 2 3 3 3 3 3 4 5 5 6 6 6 6 6 6 7 7 7 8 8 9 9 9 9 10 10 12 12 12 12 12 13 13 14 14 14 14 15 15 15 16 17 17 17 17 17 17 17 18 18 18 18 18 18 19 20 20 21 21 22 22 23 23 23 24 24 24 24 24 25 25 25 27 27 28 29 29 29 29 30 30 30 31 31 32 32 32 32 32 34 34 34 34 35 35 36 36 36 36 37 39 39 39 40 40 40 40 41 41 42 43 44 44 45 46 46 46 47 47 47 47 47 48 49 49 49
119
0 0 1 1 1 1 2 2 3 3 3 4 4 5 6 6 6 7 7 7 8 9 9 9 10 10 12 12 12 12 13 14 14 14 14 14 15 15 16 16 16 17 17 17 17 17 17 18 18 18 18 18 18 18 19 19 19 20 20 21 21 22 23 23 23 23 24 24 24 24 25 25 26 27 27 27 28 29 29 29 31 31 32 33 33 33 34 34 34 35 35 35 36 36 37 37 38 38 39 40 40 41 41 41 42 42 43 43 43 44 46 46 47 47 47 47 48 49 49
125
0 0 1 1 1 1 2 3 3 3 3 3 4 5 6 6 6 6 7 7 8 9 9 9 10 10 10 12 12 12 13 14 14 14 16 16 16 16 17 17 17 17 17 17 18 18 18 18 18 18 18 18 18 18 18 19 21 21 21 21 22 24 24 24 25 25 25 26 26 27 27 27 27 27 28 28 29 29 29 29 30 30 30 31 31 32 32 33 33 33 33 34 34 34 35 35 35 36 36 36 36 37 37 37 37 38 38 39 39 40 40 41 41 42 43 44 45 46 46 47 48 49 49 49 49
117
0 0 0 1 1 1 1 2 2 3 3 3 4 6 6 6 6 7 7 7 9 9 9 10 11 11 12 12 12 12 13 13 14 14 14 14 15 15 17 17 17 17 17 18 18 18 18 18 19 19 19 19 20 20 22 23 24 24 24 25 25 26 27 27 27 27 28 28 28 29 29 29 29 30 30 30 30 31 31 31 32 32 32 33 33 33 33 34 34 34 35 35 36 36 36 37 38 42 43 43 44 44 44 44 45 46 47 47 47 47 48 49 49 49 49 49 49
125
0 1 1 1 2 2 2 3 3 3 3 5 5 6 6 6 6 7 7 8 9 9 9 9 10 10 12 12 12 12 14 14 14 14 15 15 15 16 17 17 17 17 17 17 17 17 17 18 18 18 18 18 18 19 19 19 20 22 23 23 23 24 25 25 26 26 26 27 27 27 28 28 29 29 29 30 30 30 30 31 32 32 32 32 32 33 33 33 33 33 34 34 35 35 35 35 35 36 37 38 38 38 39 39 39 39 39 40 40 40 40 40 40 41 42 45 46 46 46 47 48 49 49 49 49
133
0 1 1 1 1 1 2 2 3 3 3 3 3 4 5 5 6 6 6 6 6 6 7 7 7 8 8 9 9 9 9 10 10 12 12 12 12 12 13 13 14 14 14 14 15 15 15 16 17 17 17 17 17 17 17 18 18 18 18 18 18 19 20 20 21 21 22 22 23 23 23 24 24 24 24 24 25 25 25 27 27 28 29 29 29 29 30 30 30 31 31 32 32 32 32 32 34 34 34 34 35 35 36 36 36 36 37 39 39 39 40 40 40 40 41 41 42 43 44 44 45 46 46 46 47 47 47 47 47 48 49 49 49
139
0 1 1 1 1 1 1 2 2 2 2 3 3 3 4 4 5 5 7 7 7 7 7 8 8 9 9 9 10 10 11 12 12 12 12 12 12 14 14 14 14 14 15 16 16 16 17 17 17 17 17 17 18 18 18 18 18 18 18 18 18 19 19 19 20 21 21 22 24 24 24 25 25 25 26 26 27 27 27 27 28 29 29 29 29 30 30 30 30 31 31 31 32 32 32 33 33 33 33 33 34 34 34 34 34 34 35 35 35 35 35 36 36 36 37 37 38 38 39 39 40 40 41 41 41 42 44 44 44 45 46 47 48 48 48 49 49 49 49
120
0 1 1 1 1 1 1 1 2 3 3 3 4 4 6 6 6 6 6 6 7 7 7 8 8 9 9 9 9 10 10 11 12 12 12 14 14 14 14 15 15 16 16 16 17 17 17 17 17 18 18 18 18 18 18 19 19 20 21 21 21 22 23 23 23 24 24 24 24 25 26 27 27 29 30 30 30 30 31 31 32 32 32 32 32 33 33 33 33 33 33 34 34 35 36 36 36 36 36 37 38 38 38 38 40 40 40 41 41 42 43 43 44 45 46 47 47 47 48 49
116
1 1 1 1 2 3 3 3 3 5 6 6 6 6 7 7 9 9 9 9 9 9 9 10 10 11 12 12 12 14 14 14 14 15 15 15 16 17 17 17 17 17 18 18 18 18 18 18 18 18 19 20 21 21 21 22 23 23 23 24 24 24 25 25 26 27 28 29 29 30 30 30 31 31 31 33 33 33 33 33 34 34 35 35 35 36 36 37 37 38 39 39 39 40 40 41 41 41 41 42 42 43 43 44 44 44 44 45 46 47 47 48 48 49 49 49
121
1 1 1 2 2 2 3 3 3 5 5 5 6 6 6 6 6 7 7 7 8 9 9 9 9 10 10 12 12 12 14 14 14 15 15 15 16 16 16 17 17 17 17 18 18 18 18 18 19 20 21 21 21 21 22 22 23 24 24 24 25 25 25 26 27 27 27 28 29 29 29 29 29 30 30 30 30 32 32 32 33 33 33 33 33 34 34 34 35 36 36 36 37 38 38 39 39 39 39 39 40 40 40 41 41 42 42 42 42 43 44 45 46 46 46 47 47 47 47 48 49
125
0 0 1 1 1 1 2 3 3 3 3 3 4 5 6 6 6 6 7 7 8 9 9 9 10 10 10 12 12 12 13 14 14 14 16 16 16 16 17 17 17 17 17 17 18 18 18 18 18 18 18 18 18 18 18 19 21 21 21 21 22 24 24 24 25 25 25 26 26 27 27 27 27 27 28 28 29 29 29 29 30 30 30 31 31 32 32 33 33 33 33 34 34 34 35 35 35 36 36 36 36 37 37 37 37 38 38 39 39 40 40 41 41 42 43 44 45 46 46 47 48 49 49 49 49
120
0 1 1 1 1 1 1 1 2 3 3 3 4 4 6 6 6 6 6 6 7 7 7 8 8 9 9 9 9 10 10 11 12 12 12 14 14 14 14 15 15 16 16 16 17 17 17 17 17 18 18 18 18 18 18 19 19 20 21 21 21 22 23 23 23 24 24 24 24 25 26 27 27 29 30 30 30 30 31 31 32 32 32 32 32 33 33 33 33 33 33 34 34 35 36 36 36 36 36 37 38 38 38 38 40 40 40 41 41 42 43 43 44 45 46 47 47 47 48 49
117
1 1 1 1 1 2 2 3 3 3 4 5 6 6 6 6 6 6 7 8 8 9 9 9 10 11 11 12 12 12 14 14 14 14 15 15 15 16 17 17 17 17 17 17 17 18 18 18 18 19 19 19 19 20 20 22 23 24 24 25 26 26 26 27 27 27 27 28 28 29 29 30 30 30 31 31 32 32 32 32 33 33 33 33 33 33 34 34 34 35 37 38 38 38 38 39 39 39 39 40 41 41 41 42 42 44 44 44 46 47 47 48 48 49 49 49 49
130
0 1 1 1 1 1 2 2 3 3 3 4 5 5 6 6 6 6 6 6 7 9 9 9 10 11 12 12 12 12 12 13 14 14 14 14 15 16 16 16 16 16 17 17 17 17 17 17 17 18 18 18 18 18 18 18 19 20 20 21 22 22 22 22 22 23 23 24 25 25 25 26 26 27 27 29 29 29 29 30 30 30 30 30 31 31 31 31 31 32 32 32 33 33 33 33 34 34 34 35 35 35 36 36 36 36 38 39 39 39 39 39 40 40 40 41 42 42 43 44 46 46 46 47 47 47 48 49 49 49
121
1 1 1 1 1 3 3 3 3 3 3 3 3 4 5 6 6 6 6 6 6 7 7 8 9 9 9 10 10 11 12 12 12 14 14 14 14 15 15 15 15 15 17 17 17 17 17 17 17 17 18 18 18 18 18 18 18 19 19 20 20 21 22 22 23 24 24 25 25 26 27 27 27 28 29 29 29 29 29 30 30 31 31 31 32 32 33 33 33 33 34 34 35 35 36 36 36 36 36 38 38 39 40 40 41 41 42 44 44 44 44 44 45 45 46 47 48 49 49 49 49
107
0 0 1 1 1 3 3 3 3 3 3 5 5 5 6 6 6 6 6 6 7 7 10 10 12 12 12 13 14 14 14 14 14 15 15 15 16 16 17 17 17 17 17 18 18 18 18 18 19 19 20 21 21 22 23 23 23 24 24 24 25 25 25 25 27 27 29 29 30 31 31 31 31 32 32 33 33 33 33 34 35 36 36 37 38 38 39 39 39 40 40 40 41 41 42 43 44 46 47 47 47 48 48 49 49 49 49
120
1 1 1 1 1 1 2 2 2 3 3 3 3 3 4 5 5 6 6 6 7 7 7 7 8 8 9 9 9 10 10 12 12 12 12 14 14 14 14 14 15 16 17 17 17 17 17 17 17 18 18 18 18 18 18 19 20 22 23 23 23 24 24 24 25 25 26 27 27 27 28 28 28 29 29 29 29 30 30 31 31 31 31 32 32 33 33 33 33 35 35 35 35 36 36 37 37 37 38 38 38 38 39 39 40 40 42 42 42 42 44 46 47 48 48 49 49 49 49 49
133
0 1 1 1 1 1 2 3 3 3 3 3 5 6 6 6 6 6 6 6 7 7 7 8 8 8 8 9 10 10 11 11 12 12 12 12 13 13 13 14 14 14 14 14 14 15 15 15 15 15 16 17 17 17 17 17 17 18 18 18 18 18 18 18 19 19 19 20 21 21 22 23 23 23 23 25 25 25 26 26 27 27 29 29 30 30 30 30 31 31 31 31 32 32 33 33 33 33 34 34 34 34 34 36 36 36 36 36 37 37 37 37 38 38 38 40 40 40 41 41 42 44 45 46 46 46 47 47 47 48 48 48 49
128
1 1 1 1 1 2 3 3 3 4 4 5 5 5 5 6 6 6 6 6 7 7 7 8 9 9 9 10 10 10 11 12 12 12 13 14 14 14 14 15 15 15 16 16 17 17 17 17 17 17 17 17 17 17 18 18 18 18 20 20 20 21 21 21 22 22 23 24 24 24 24 25 25 25 25 26 26 27 27 27 27 28 29 29 29 30 30 30 30 30 30 30 31 31 31 32 32 33 33 33 34 34 34 34 35 36 36 36 37 38 38 39 39 40 40 41 41 43 44 44 45 47 47 47 48 48 49 49
128
1 1 1 1 1 2 3 3 3 4 4 5 5 5 5 6 6 6 6 6 7 7 7 8 9 9 9 10 10 10 11 12 12 12 13 14 14 14 14 15 15 15 16 16 17 17 17 17 17 17 17 17 17 17 18 18 18 18 20 20 20 21 21 21 22 22 23 24 24 24 24 25 25 25 25 26 26 27 27 27 27 28 29 29 29 30 30 30 30 30 30 30 31 31 31 32 32 33 33 33 34 34 34 34 35 36 36 36 37 38 38 39 39 40 40 41 41 43 44 44 45 47 47 47 48 48 49 49
128
1 1 1 1 1 2 3 3 3 4 4 5 5 5 5 6 6 6 6 6 7 7 7 8 9 9 9 10 10 10 11 12 12 12 13 14 14 14 14 15 15 15 16 16 17 17 17 17 17 17 17 17 17 17 18 18 18 18 20 20 20 21 21 21 22 22 23 24 24 24 24 25 25 25 25 26 26 27 27 27 27 28 29 29 29 30 30 30 30 30 30 30 31 31 31 32 32 33 33 33 34 34 34 34 35 36 36 36 37 38 38 39 39 40 40 41 41 43 44 44 45 47 47 47 48 48 49 49
128
1 1 1 1 1 2 3 3 3 4 4 5 5 5 5 6 6 6 6 6 7 7 7 8 9 9 9 10 10 10 11 12 12 12 13 14 14 14 14 15 15 15 16 16 17 17 17 17 17 17 17 17 17 17 18 18 18 18 20 20 20 21 21 21 22 22 23 24 24 24 24 25 25 25 25 26 26 27 27 27 27 28 29 29 29 30 30 30 30 30 30 30 31 31 31 32 32 33 33 33 34 34 34 34 35 36 36 36 37 38 38 39 39 40 40 41 41 43 44 44 45 47 47 47 48 48 49 49
103
0 0 1 1 1 2 3 3 3 3 3 5 6 6 6 6 7 8 9 9 9 10 10 11 11 11 11 12 12 12 14 14 15 15 15 15 15 16 17 17 17 17 17 17 18 18 18 18 18 20 20 21 23 23 24 24 24 24 25 25 27 27 27 27 29 29 29 29 30 30 31 31 31 32 32 32 32 32 33 33 33 33 34 35 35 36 36 36 37 38 40 41 42 43 43 43 47 48 48 48 49 49 49
125
0 1 1 1 2 2 2 3 3 3 3 5 5 6 6 6 6 7 7 8 9 9 9 9 10 10 12 12 12 12 14 14 14 14 15 15 15 16 17 17 17 17 17 17 17 17 17 18 18 18 18 18 18 19 19 19 20 22 23 23 23 24 25 25 26 26 26 27 27 27 28 28 29 29 29 30 30 30 30 31 32 32 32 32 32 33 33 33 33 33 34 34 35 35 35 35 35 36 37 38 38 38 39 39 39 39 39 40 40 40 40 40 40 41 42 45 46 46 46 47 48 49 49 49 49
160
0 0 0 1 1 1 1 1 1 2 2 2 2 2 2 3 3 3 3 3 3 4 4 4 4 4 4 4 5 6 6 7 7 7 8 8 8 8 8 9 9 9 9 11 11 11 11 12 12 12 13 13 13 13 14 14 14 14 15 15 15 15 15 16 16 16 18 18 18 18 19 19 20 20 21 21 22 23 23 23 23 24 24 24 25 25 25 26 26 27 27 27 27 28 28 29 29 29 29 30 30 30 30 31 31 31 31 32 32 32 32 32 32 33 33 33 33 33 34 35 35 35 35 35 35 36 37 37 37 37 38 38 38 38 39 40 41 42 42 43 43 43 43 43 43 44 44 44 44 45 45 45 46 46 47 47 47 47 49 49
149
0 0 1 1 1 1 2 2 2 2 3 3 3 4 4 4 5 5 5 5 6 7 7 7 7 7 7 8 8 8 9 9 9 9 9 10 10 11 11 11 12 13 13 13 13 14 14 15 15 15 15 15 15 16 17 17 17 17 18 18 18 18 18 19 19 20 20 20 21 21 21 21 21 22 22 23 23 23 23 24 26 26 26 27 27 28 28 29 29 29 29 29 30 31 32 32 32 32 33 33 34 34 35 35 35 35 35 35 37 37 37 38 38 38 38 39 39 40 40 41 41 42 42 42 43 43 43 43 43 43 44 44 44 44 44 45 45 46 46 47 47 47 47 47 49 49 49 49 49
166
0 1 1 1 1 2 2 2 2 2 3 3 3 3 4 4 4 4 4 4 5 5 6 6 6 7 7 7 7 7 8 8 8 9 9 9 11 11 11 11 13 13 13 13 13 14 14 14 14 15 15 15 15 15 16 16 16 17 17 17 17 17 17 18 18 18 18 18 19 19 20 20 20 20 21 21 21 22 23 23 23 23 23 24 24 24 25 25 26 26 26 27 27 27 28 28 28 29 29 29 29 29 31 32 32 32 32 32 33 33 33 34 34 34 34 35 35 35 35 35 36 36 37 37 37 37 38 38 38 39 39 39 39 40 40 41 41 41 41 41 42 42 42 42 43 43 43 43 43 43 44 44 44 44 45 45 46 46 46 47 47 47 47 48 48 49
166
0 0 1 1 1 1 1 2 2 2 2 2 3 3 3 3 3 3 4 4 4 4 4 5 6 7 7 7 7 7 8 8 9 9 9 9 9 9 9 9 9 9 10 10 11 11 11 12 12 12 13 14 14 14 14 15 15 15 15 15 16 16 17 17 17 17 17 18 18 18 18 18 18 18 19 19 20 20 20 20 21 21 23 23 23 23 23 23 23 24 24 24 25 25 26 27 27 27 27 28 28 29 29 29 29 29 29 29 30 30 30 31 31 31 31 31 31 32 32 32 34 34 34 34 35 35 35 35 35 36 36 37 37 37 38 39 39 39 40 40 40 41 41 42 42 42 43 43 43 43 43 44 44 44 44 45 46 46 47 47 47 47 48 49 49 49
166
0 1 1 1 1 2 2 2 2 2 3 3 3 3 4 4 4 4 4 4 5 5 6 6 6 7 7 7 7 7 8 8 8 9 9 9 11 11 11 11 13 13 13 13 13 14 14 14 14 15 15 15 15 15 16 16 16 17 17 17 17 17 17 18 18 18 18 18 19 19 20 20 20 20 21 21 21 22 23 23 23 23 23 24 24 24 25 25 26 26 26 27 27 27 28 28 28 29 29 29 29 29 31 32 32 32 32 32 33 33 33 34 34 34 34 35 35 35 35 35 36 36 37 37 37 37 38 38 38 39 39 39 39 40 40 41 41 41 41 41 42 42 42 42 43 43 43 43 43 43 44 44 44 44 45 45 46 46 46 47 47 47 47 48 48 49
149
0 0 1 1 1 1 2 2 2 2 3 3 3 4 4 4 5 5 5 5 6 7 7 7 7 7 7 8 8 8 9 9 9 9 9 10 10 11 11 11 12 13 13 13 13 14 14 15 15 15 15 15 15 16 17 17 17 17 18 18 18 18 18 19 19 20 20 20 21 21 21 21 21 22 22 23 23 23 23 24 26 26 26 27 27 28 28 29 29 29 29 29 30 31 32 32 32 32 33 33 34 34 35 35 35 35 35 35 37 37 37 38 38 38 38 39 39 40 40 41 41 42 42 42 43 43 43 43 43 43 44 44 44 44 44 45 45 46 46 47 47 47 47 47 49 49 49 49 49
144
0 0 1 1 1 2 2 3 4 4 4 5 5 5 6 6 6 7 7 7 7 8 8 8 8 8 9 9 9 9 9 9 9 9 10 10 11 11 13 13 13 13 14 14 14 15 15 15 15 16 16 17 17 17 17 18 18 18 18 18 19 19 19 19 20 20 21 21 22 23 23 23 23 24 24 25 25 25 26 26 27 27 27 27 27 28 28 29 29 29 29 30 30 31 31 31 32 32 32 32 33 33 33 34 35 35 35 35 35 36 36 37 37 37 38 38 38 38 39 40 40 41 41 42 42 43 43 43 43 43 43 43 43 44 46 46 46 46 47 47 47 47 49 49
167
0 0 1 1 1 1 2 2 2 2 2 3 3 3 4 4 4 4 4 4 5 5 6 6 6 6 7 7 7 7 8 8 8 8 8 9 9 9 9 9 9 10 10 11 12 12 13 13 14 14 14 14 14 15 15 15 15 15 15 15 16 16 16 16 16 17 17 17 17 18 18 18 18 18 18 18 19 19 19 20 21 21 21 21 22 23 23 23 23 23 23 23 24 25 26 26 27 27 27 27 27 28 28 28 29 29 29 29 29 29 30 30 30 30 30 31 31 31 32 32 32 32 33 33 33 34 35 35 35 35 35 36 36 37 37 37 38 38 39 39 41 41 41 42 42 43 43 43 43 43 43 43 44 44 44 44 44 44 44 45 46 46 46 47 47 48 49
145
0 0 1 1 1 1 2 2 2 3 3 4 4 4 4 4 4 4 5 5 5 7 7 7 8 8 8 8 8 9 9 9 9 10 11 11 13 13 13 13 13 13 13 14 14 15 15 15 16 16 17 17 17 17 18 18 18 18 19 19 20 20 20 20 21 21 21 23 23 23 23 23 24 25 25 25 26 26 27 27 27 27 27 28 28 28 29 29 29 29 29 30 30 30 30 31 31 31 32 32 33 34 36 36 37 37 37 37 38 38 38 38 39 40 41 41 42 42 42 42 42 42 43 43 43 43 44 44 44 44 45 45 45 46 46 46 46 47 47 47 47 47 48 49 49
169
0 0 0 1 1 1 1 1 1 2 2 2 2 2 2 3 3 3 3 4 4 4 4 4 4 4 4 4 4 5 5 6 6 8 8 8 9 9 9 9 9 9 10 11 11 11 11 12 12 12 13 13 13 13 13 14 14 14 14 15 15 15 15 15 16 17 17 18 18 18 18 19 19 19 19 19 20 20 20 21 21 21 21 21 23 23 23 23 23 23 24 24 24 25 25 26 26 27 27 27 27 28 28 29 29 29 29 30 30 30 31 31 32 32 32 32 32 33 33 33 33 34 35 35 35 35 35 36 37 38 38 39 40 40 41 41 42 42 42 43 43 43 43 43 43 43 43 44 44 44 44 44 45 45 45 46 46 46 46 47 47 47 47 47 48 48 48 48 49
156
0 0 0 1 1 1 2 2 2 2 2 2 3 3 4 4 4 4 4 5 5 6 6 7 7 7 7 8 8 8 8 8 8 9 9 9 9 10 11 12 13 13 13 13 13 14 14 14 14 14 15 15 15 15 15 15 16 16 17 17 17 17 18 18 18 18 18 18 19 20 20 20 21 21 21 21 22 22 23 23 23 23 23 24 24 24 24 24 24 25 25 25 26 28 28 28 29 29 29 29 31 31 32 32 32 32 33 34 34 35 35 35 35 35 36 37 37 37 38 38 38 39 39 40 40 40 41 41 41 41 42 42 42 42 42 42 43 43 43 43 43 43 44 44 45 45 46 46 46 46 47 47 47 47 48 49
149
0 0 0 1 2 2 2 3 3 4 4 4 4 4 5 6 6 6 7 7 7 8 8 8 9 9 9 9 9 9 9 9 10 10 10 12 13 13 13 13 13 13 14 14 14 14 15 15 15 15 15 15 16 16 16 17 17 17 18 18 18 18 19 19 19 20 20 21 21 21 22 22 23 23 23 23 24 24 24 24 25 26 27 27 27 27 27 27 27 27 27 29 29 29 29 30 30 30 30 30 31 31 32 32 32 32 32 33 33 34 34 35 35 35 35 36 37 37 37 37 37 38 38 39 40 42 42 43 43 43 43 43 43 44 44 44 45 45 45 46 46 46 47 47 47 47 49 49 49
181
0 0 0 1 1 1 1 1 1 2 2 2 3 3 3 4 4 4 4 4 4 4 5 5 5 5 6 7 7 7 7 7 8 8 8 8 8 8 9 9 9 9 10 10 10 11 11 11 11 11 12 13 13 13 13 13 14 14 14 14 14 15 15 15 15 15 15 16 16 16 17 17 17 17 17 18 18 18 19 19 19 19 20 20 21 21 21 21 21 22 23 23 23 23 23 24 24 24 25 25 25 27 27 27 27 28 28 28 29 29 29 29 29 30 30 30 31 31 31 31 32 32 32 32 32 32 33 33 33 33 34 35 35 35 35 35 35 36 37 37 37 37 38 38 38 38 39 39 40 40 41 41 42 42 42 43 43 43 43 43 43 44 44 44 44 44 45 45 46 46 46 47 47 47 47 47 48 48 49 49 49
160
0 0 0 1 1 1 1 1 1 2 2 2 2 2 2 3 3 3 3 3 3 4 4 4 4 4 4 4 5 6 6 7 7 7 8 8 8 8 8 9 9 9 9 11 11 11 11 12 12 12 13 13 13 13 14 14 14 14 15 15 15 15 15 16 16 16 18 18 18 18 19 19 20 20 21 21 22 23 23 23 23 24 24 24 25 25 25 26 26 27 27 27 27 28 28 29 29 29 29 30 30 30 30 31 31 31 31 32 32 32 32 32 32 33 33 33 33 33 34 35 35 35 35 35 35 36 37 37 37 37 38 38 38 38 39 40 41 42 42 43 43 43 43 43 43 44 44 44 44 45 45 45 46 46 47 47 47 47 49 49
144
0 0 1 1 1 2 2 3 4 4 4 5 5 5 6 6 6 7 7 7 7 8 8 8 8 8 9 9 9 9 9 9 9 9 10 10 11 11 13 13 13 13 14 14 14 15 15 15 15 16 16 17 17 17 17 18 18 18 18 18 19 19 19 19 20 20 21 21 22 23 23 23 23 24 24 25 25 25 26 26 27 27 27 27 27 28 28 29 29 29 29 30 30 31 31 31 32 32 32 32 33 33 33 34 35 35 35 35 35 36 36 37 37 37 38 38 38 38 39 40 40 41 41 42 42 43 43 43 43 43 43 43 43 44 46 46 46 46 47 47 47 47 49 49
166
0 1 1 1 1 2 2 2 2 2 3 3 3 3 4 4 4 4 4 4 5 5 6 6 6 7 7 7 7 7 8 8 8 9 9 9 11 11 11 11 13 13 13 13 13 14 14 14 14 15 15 15 15 15 16 16 16 17 17 17 17 17 17 18 18 18 18 18 19 19 20 20 20 20 21 21 21 22 23 23 23 23 23 24 24 24 25 25 26 26 26 27 27 27 28 28 28 29 29 29 29 29 31 32 32 32 32 32 33 33 33 34 34 34 34 35 35 35 35 35 36 36 37 37 37 37 38 38 38 39 39 39 39 40 40 41 41 41 41 41 42 42 42 42 43 43 43 43 43 43 44 44 44 44 45 45 46 46 46 47 47 47 47 48 48 49
160
0 0 0 0 1 1 1 1 2 2 2 2 2 2 2 2 3 3 3 4 4 4 5 5 5 5 7 7 7 8 8 8 8 8 9 9 9 9 9 10 10 10 10 10 11 11 11 11 12 12 13 13 14 14 15 15 15 15 15 16 17 17 17 18 18 18 18 18 19 19 20 20 21 21 21 22 22 23 23 23 24 24 24 25 25 26 26 27 27 27 27 27 27 28 28 28 28 29 29 29 29 29 29 29 30 30 32 32 32 33 33 33 34 35 35 35 35 35 36 36 36 37 37 37 38 38 38 39 42 42 42 42 43 43 43 43 43 43 43 44 44 44 44 44 45 45 45 46 46 46 46 47 47 47 47 47 49 49 49 49
153
0 0 0 0 1 1 2 2 2 2 2 2 2 3 3 3 3 3 4 4 4 5 5 6 7 7 7 8 8 8 8 9 9 9 9 10 11 11 11 12 12 13 13 14 14 14 15 15 15 15 15 16 16 17 17 17 17 17 17 17 18 18 18 20 20 22 22 23 23 23 23 23 23 23 24 25 25 25 26 27 27 27 27 28 28 29 29 29 29 29 29 30 30 31 31 31 31 32 32 32 32 32 33 33 33 33 33 33 34 34 35 35 35 35 35 36 36 37 37 38 38 38 39 39 40 40 41 41 41 42 42 42 42 42 42 43 43 43 43 43 44 44 44 44 44 45 45 45 46 46 47 48 49
169
0 0 1 1 1 1 2 2 2 2 2 2 2 3 3 3 3 4 4 4 4 6 7 7 7 8 8 8 8 8 8 9 9 9 9 9 9 9 9 10 10 10 10 11 11 11 11 11 12 12 13 13 13 14 14 14 14 15 15 15 15 15 16 16 16 16 17 17 17 17 17 17 18 18 18 18 18 19 19 20 20 20 21 21 21 21 22 23 23 23 24 24 24 26 26 26 26 26 27 27 27 27 27 27 28 28 28 29 29 29 29 29 30 31 31 31 32 32 32 32 33 33 34 34 34 35 35 35 35 35 36 37 37 37 38 38 39 39 39 39 40 41 41 41 42 42 42 43 43 43 43 43 44 44 44 44 45 45 45 45 46 47 47 47 47 48 49 49 49
154
0 0 1 1 2 2 2 2 3 3 3 4 4 4 4 5 5 6 7 7 7 8 8 9 9 9 9 9 10 10 10 10 11 12 13 13 13 13 13 14 14 15 15 15 15 15 16 16 16 17 17 17 18 18 18 18 18 19 19 19 19 19 20 20 20 20 21 21 21 21 22 23 23 23 23 23 23 24 25 25 26 26 26 26 26 27 27 27 27 27 27 28 28 29 29 29 29 30 30 31 31 33 33 33 33 34 35 35 35 35 35 36 37 37 37 37 38 38 38 38 38 38 38 39 40 40 40 41 42 43 43 43 43 43 43 44 44 44 44 44 44 45 45 45 46 46 47 47 48 48 48 48 49 49
181
0 0 0 1 1 1 1 1 1 1 1 2 2 2 2 2 3 3 4 4 4 4 4 5 5 5 6 6 7 7 7 8 8 8 8 8 9 9 9 9 9 10 11 11 11 12 12 12 12 13 13 13 14 14 14 14 15 15 15 15 16 16 16 17 17 18 18 18 18 18 19 19 20 20 20 20 20 20 21 21 21 22 23 23 23 23 23 23 23 24 24 25 25 25 25 25 26 26 26 26 27 27 27 27 27 27 27 28 29 29 29 29 29 29 29 29 30 31 31 31 32 32 32 32 32 33 33 34 34 35 35 35 35 35 35 35 37 37 37 38 38 38 38 40 40 41 41 41 42 42 42 42 42 42 43 43 43 43 43 44 44 44 44 45 45 45 46 46 46 47 47 47 47 47 47 48 48 48 49 49 49
181
0 0 0 1 1 1 1 1 1 2 2 2 3 3 3 4 4 4 4 4 4 4 5 5 5 5 6 7 7 7 7 7 8 8 8 8 8 8 9 9 9 9 10 10 10 11 11 11 11 11 12 13 13 13 13 13 14 14 14 14 14 15 15 15 15 15 15 16 16 16 17 17 17 17 17 18 18 18 19 19 19 19 20 20 21 21 21 21 21 22 23 23 23 23 23 24 24 24 25 25 25 27 27 27 27 28 28 28 29 29 29 29 29 30 30 30 31 31 31 31 32 32 32 32 32 32 33 33 33 33 34 35 35 35 35 35 35 36 37 37 37 37 38 38 38 38 39 39 40 40 41 41 42 42 42 43 43 43 43 43 43 44 44 44 44 44 45 45 46 46 46 47 47 47 47 47 48 48 49 49 49
167
0 0 1 1 1 1 2 2 2 2 2 3 3 3 4 4 4 4 4 4 5 5 6 6 6 6 7 7 7 7 8 8 8 8 8 9 9 9 9 9 9 10 10 11 12 12 13 13 14 14 14 14 14 15 15 15 15 15 15 15 16 16 16 16 16 17 17 17 17 18 18 18 18 18 18 18 19 19 19 20 21 21 21 21 22 23 23 23 23 23 23 23 24 25 26 26 27 27 27 27 27 28 28 28 29 29 29 29 29 29 30 30 30 30 30 31 31 31 32 32 32 32 33 33 33 34 35 35 35 35 35 36 36 37 37 37 38 38 39 39 41 41 41 42 42 43 43 43 43 43 43 43 44 44 44 44 44 44 44 45 46 46 46 47 47 48 49
177
0 0 0 1 1 1 1 1 1 2 2 2 2 3 3 3 3 4 4 4 4 6 6 7 7 7 8 8 8 8 8 8 8 8 9 9 9 9 9 9 10 10 10 11 11 11 12 12 13 13 13 13 14 14 14 14 15 15 15 16 16 16 16 16 17 17 17 17 17 17 18 18 18 18 20 20 21 21 21 21 21 22 23 23 23 23 23 23 23 24 24 25 26 27 27 27 27 27 27 27 28 28 28 29 29 29 29 30 30 30 30 30 30 31 31 32 32 32 32 32 32 33 33 33 34 35 35 35 35 35 35 36 37 37 37 37 37 38 38 38 38 39 39 39 40 40 41 41 42 42 42 42 43 43 43 43 43 43 43 43 44 44 44 44 44 45 45 45 46 46 47 47 47 48 49 49 49
150
0 0 0 1 1 1 2 2 2 2 3 3 3 4 4 4 5 5 6 6 6 7 7 7 8 8 8 8 9 9 9 9 9 9 10 10 10 10 11 12 12 13 13 13 13 13 14 14 14 14 15 15 15 16 16 17 17 17 18 18 18 19 19 19 19 20 20 21 21 22 22 22 23 23 23 23 23 24 24 24 25 26 26 26 26 26 26 27 27 27 27 28 28 28 29 29 29 29 29 29 30 30 31 31 31 32 32 32 33 35 35 35 36 37 37 37 38 38 39 40 40 41 41 41 41 42 42 43 43 43 43 44 44 44 45 45 45 46 46 46 46 46 46 46 47 47 47 48 48 49
160
0 0 0 0 1 1 1 1 2 2 2 2 2 2 2 2 3 3 3 4 4 4 5 5 5 5 7 7 7 8 8 8 8 8 9 9 9 9 9 10 10 10 10 10 11 11 11 11 12 12 13 13 14 14 15 15 15 15 15 16 17 17 17 18 18 18 18 18 19 19 20 20 21 21 21 22 22 23 23 23 24 24 24 25 25 26 26 27 27 27 27 27 27 28 28 28 28 29 29 29 29 29 29 29 30 30 32 32 32 33 33 33 34 35 35 35 35 35 36 36 36 37 37 37 38 38 38 39 42 42 42 42 43 43 43 43 43 43 43 44 44 44 44 44 45 45 45 46 46 46 46 47 47 47 47 47 49 49 49 49
179
0 0 0 1 1 1 1 1 2 2 2 2 2 2 3 3 3 3 3 4 4 4 4 4 4 4 5 5 6 6 6 7 7 7 8 8 8 8 8 8 9 9 9 9 9 9 9 10 10 11 11 11 11 11 11 11 13 13 13 13 14 14 14 14 15 15 15 15 16 16 17 17 17 17 17 18 18 18 18 18 18 19 20 20 20 20 20 21 21 21 21 21 23 23 23 23 23 23 25 25 26 26 26 26 27 27 27 27 27 28 28 29 29 29 29 29 30 30 31 31 31 31 32 32 32 32 32 32 33 33 33 34 34 35 35 35 35 35 35 37 37 37 37 38 38 38 38 39 39 39 40 40 40 41 41 42 42 42 42 42 43 43 43 43 43 43 43 44 44 44 44 44 45 46 47 47 47 49 49
175
0 1 1 1 1 1 1 2 2 2 2 3 3 3 4 4 4 4 4 4 4 5 5 6 6 7 7 7 7 7 7 7 8 8 8 8 8 8 9 9 9 9 9 10 10 11 11 11 11 12 12 12 12 13 13 13 13 14 14 14 15 15 16 16 17 17 17 17 19 19 19 20 20 20 20 20 21 21 22 23 23 23 23 23 23 23 24 24 24 24 25 25 25 25 25 26 26 26 26 27 27 27 27 27 27 27 27 27 28 28 28 28 29 29 29 29 29 29 29 30 31 31 32 32 32 32 33 33 33 33 34 34 34 35 35 35 35 35 35 36 37 37 37 38 39 40 40 41 41 42 42 42 43 43 43 43 43 44 44 44 44 45 45 45 46 46 46 47 47 47 48 48 49 49 49
147
0 0 0 0 1 1 1 1 1 2 2 2 2 2 3 3 3 3 3 4 4 4 4 4 4 5 5 7 7 7 8 8 8 8 9 9 9 9 10 11 11 11 13 13 13 13 13 15 15 15 15 16 17 17 17 17 17 18 18 18 18 19 20 20 20 20 21 21 21 22 22 23 23 23 23 23 24 24 24 24 25 26 26 27 27 27 27 27 27 29 29 29 29 30 30 30 31 32 32 32 32 33 33 33 34 34 35 35 35 35 35 37 37 37 37 38 38 39 39 39 40 40 40 40 41 41 42 42 42 43 43 43 43 43 43 44 44 45 45 45 46 46 47 47 49 49 49
177
0 0 0 1 1 1 1 1 1 2 2 2 2 3 3 3 3 4 4 4 4 6 6 7 7 7 8 8 8 8 8 8 8 8 9 9 9 9 9 9 10 10 10 11 11 11 12 12 13 13 13 13 14 14 14 14 15 15 15 16 16 16 16 16 17 17 17 17 17 17 18 18 18 18 20 20 21 21 21 21 21 22 23 23 23 23 23 23 23 24 24 25 26 27 27 27 27 27 27 27 28 28 28 29 29 29 29 30 30 30 30 30 30 31 31 32 32 32 32 32 32 33 33 33 34 35 35 35 35 35 35 36 37 37 37 37 37 38 38 38 38 39 39 39 40 40 41 41 42 42 42 42 43 43 43 43 43 43 43 43 44 44 44 44 44 45 45 45 46 46 47 47 47 48 49 49 49
175
0 0 0 1 1 1 2 2 2 3 3 4 4 4 4 4 4 5 5 5 6 6 7 7 7 8 8 8 8 8 8 9 9 9 10 10 11 11 11 13 13 13 13 13 14 14 14 14 15 15 15 15 15 15 15 16 16 16 17 17 17 17 17 17 18 18 18 18 18 19 19 20 20 21 21 21 21 21 23 23 23 23 24 24 24 24 24 25 25 25 26 26 27 27 27 27 27 28 28 29 29 29 29 29 29 29 30 30 30 31 31 31 31 31 31 32 32 32 32 32 32 33 33 34 34 35 35 35 35 35 36 36 37 37 37 37 37 37 38 38 38 39 40 40 40 41 41 41 42 42 42 42 42 43 43 43 43 43 44 44 44 44 45 45 45 45 46 46 46 47 47 47 47 48 49
149
0 0 0 1 2 2 2 3 3 4 4 4 4 4 5 6 6 6 7 7 7 8 8 8 9 9 9 9 9 9 9 9 10 10 10 12 13 13 13 13 13 13 14 14 14 14 15 15 15 15 15 15 16 16 16 17 17 17 18 18 18 18 19 19 19 20 20 21 21 21 22 22 23 23 23 23 24 24 24 24 25 26 27 27 27 27 27 27 27 27 27 29 29 29 29 30 30 30 30 30 31 31 32 32 32 32 32 33 33 34 34 35 35 35 35 36 37 37 37 37 37 38 38 39 40 42 42 43 43 43 43 43 43 44 44 44 45 45 45 46 46 46 47 47 47 47 49 49 49
160
0 0 0 0 1 1 1 1 2 2 2 2 2 2 2 2 3 3 3 4 4 4 5 5 5 5 7 7 7 8 8 8 8 8 9 9 9 9 9 10 10 10 10 10 11 11 11 11 12 12 13 13 14 14 15 15 15 15 15 16 17 17 17 18 18 18 18 18 19 19 20 20 21 21 21 22 22 23 23 23 24 24 24 25 25 26 26 27 27 27 27 27 27 28 28 28 28 29 29 29 29 29 29 29 30 30 32 32 32 33 33 33 34 35 35 35 35 35 36 36 36 37 37 37 38 38 38 39 42 42 42 42 43 43 43 43 43 43 43 44 44 44 44 44 45 45 45 46 46 46 46 47 47 47 47 47 49 49 49 49
166
0 1 1 1 1 2 2 2 2 2 3 3 3 3 4 4 4 4 4 4 5 5 6 6 6 7 7 7 7 7 8 8 8 9 9 9 11 11 11 11 13 13 13 13 13 14 14 14 14 15 15 15 15 15 16 16 16 17 17 17 17 17 17 18 18 18 18 18 19 19 20 20 20 20 21 21 21 22 23 23 23 23 23 24 24 24 25 25 26 26 26 27 27 27 28 28 28 29 29 29 29 29 31 32 32 32 32 32 33 33 33 34 34 34 34 35 35 35 35 35 36 36 37 37 37 37 38 38 38 39 39 39 39 40 40 41 41 41 41 41 42 42 42 42 43 43 43 43 43 43 44 44 44 44 45 45 46 46 46 47 47 47 47 48 48 49
160
0 1 1 1 1 1 2 2 2 2 2 2 3 3 4 4 4 4 4 5 5 6 6 6 7 7 7 7 8 8 8 9 9 9 9 10 10 10 11 11 13 13 13 13 13 14 14 14 14 15 15 15 15 16 16 17 17 18 18 18 18 18 18 19 19 20 20 20 20 21 21 21 22 23 23 23 23 23 23 23 23 24 24 24 25 25 25 25 25 26 26 27 27 27 28 28 28 29 29 29 29 29 29 31 31 32 32 32 33 33 33 34 35 35 35 35 36 37 37 37 37 37 38 38 38 38 39 39 40 40 41 41 41 42 42 42 43 43 43 43 43 43 43 43 43 43 45 46 46 46 46 46 47 47 47 47 48 48 48 49
160
0 0 0 0 1 1 1 1 1 1 1 2 2 2 2 3 3 3 3 4 4 4 4 5 6 7 7 7 7 7 8 8 8 8 8 9 9 9 9 9 9 10 11 11 11 11 11 12 12 13 13 13 14 14 14 14 15 15 15 15 15 15 16 16 17 17 17 17 17 17 18 18 18 19 21 21 21 21 22 23 23 23 23 23 23 24 24 25 26 27 27 27 27 27 28 29 29 29 29 29 29 29 29 30 31 31 32 32 32 32 32 33 33 33 33 33 33 34 35 35 35 35 35 35 37 37 37 37 37 38 38 38 39 40 40 40 41 41 42 42 43 43 43 43 43 44 44 44 45 45 46 46 47 47 47 48 48 48 49 49
166
0 0 1 1 1 1 1 1 2 2 2 2 3 3 3 4 4 4 4 5 5 6 6 7 7 7 8 8 8 8 9 9 9 9 9 10 10 11 11 11 12 12 13 13 14 14 14 14 15 15 15 15 15 15 15 16 16 17 17 17 18 18 18 18 18 18 19 19 19 19 19 20 20 20 21 21 21 21 22 22 23 23 23 23 23 24 24 24 25 25 26 27 27 27 27 27 29 29 29 29 29 29 29 30 30 31 31 31 31 31 32 32 32 32 33 33 33 33 33 34 35 35 35 35 35 36 37 37 37 37 38 38 38 39 40 40 40 40 41 42 43 43 43 43 43 43 43 44 44 44 44 44 44 45 45 45 45 46 46 46 47 47 47 47 48 49
149
0 0 1 1 1 1 2 2 2 2 3 3 3 4 4 4 5 5 5 5 6 7 7 7 7 7 7 8 8 8 9 9 9 9 9 10 10 11 11 11 12 13 13 13 13 14 14 15 15 15 15 15 15 16 17 17 17 17 18 18 18 18 18 19 19 20 20 20 21 21 21 21 21 22 22 23 23 23 23 24 26 26 26 27 27 28 28 29 29 29 29 29 30 31 32 32 32 32 33 33 34 34 35 35 35 35 35 35 37 37 37 38 38 38 38 39 39 40 40 41 41 42 42 42 43 43 43 43 43 43 44 44 44 44 44 45 45 46 46 47 47 47 47 47 49 49 49 49 49
169
0 1 1 1 1 1 2 2 2 3 3 4 4 4 4 4 4 4 5 5 6 6 7 7 7 7 8 8 8 8 8 9 9 9 9 9 9 11 11 11 12 12 13 13 13 13 13 14 14 14 15 15 15 15 15 15 15 15 15 16 17 17 17 18 18 18 18 18 19 19 19 19 19 20 20 20 20 21 21 21 21 21 22 22 22 23 23 23 23 23 24 24 24 25 26 27 27 27 28 28 28 29 29 29 29 30 31 31 31 32 32 32 32 32 33 33 33 34 35 35 35 35 35 36 37 37 37 37 37 38 38 38 38 38 39 39 39 40 40 41 41 41 42 42 42 42 42 43 43 43 43 43 44 44 44 44 44 45 45 45 46 46 47 47 47 47 48 49 49
154
0 0 1 1 2 2 2 2 3 3 3 4 4 4 4 5 5 6 7 7 7 8 8 9 9 9 9 9 10 10 10 10 11 12 13 13 13 13 13 14 14 15 15 15 15 15 16 16 16 17 17 17 18 18 18 18 18 19 19 19 19 19 20 20 20 20 21 21 21 21 22 23 23 23 23 23 23 24 25 25 26 26 26 26 26 27 27 27 27 27 27 28 28 29 29 29 29 30 30 31 31 33 33 33 33 34 35 35 35 35 35 36 37 37 37 37 38 38 38 38 38 38 38 39 40 40 40 41 42 43 43 43 43 43 43 44 44 44 44 44 44 45 45 45 46 46 47 47 48 48 48 48 49 49
169
0 0 0 1 1 1 1 2 2 2 2 3 3 3 3 3 3 4 4 4 5 5 6 6 7 7 7 7 8 8 8 8 8 8 8 9 9 9 9 9 9 9 10 10 10 10 11 11 11 11 11 12 12 12 12 13 13 14 14 14 15 15 15 15 15 15 15 15 16 16 17 17 17 17 17 17 18 18 18 18 18 19 19 19 19 19 20 20 20 20 20 21 21 23 23 23 23 23 23 23 23 24 24 25 26 26 27 27 27 27 30 30 30 31 31 32 32 32 32 32 33 33 34 34 35 35 35 35 35 36 37 37 38 38 38 38 39 39 39 40 40 40 40 41 41 41 41 42 42 42 43 43 43 43 43 44 44 45 45 46 47 47 47 47 47 48 48 49 49
154
0 0 0 1 1 2 2 2 2 2 3 3 3 4 4 4 4 4 5 5 6 6 7 7 8 8 8 8 11 11 11 11 11 11 12 13 13 13 13 13 14 14 14 14 15 15 15 16 16 16 17 17 17 17 17 18 18 18 18 19 19 19 19 19 20 20 20 21 21 21 21 22 22 23 23 23 23 23 24 24 24 25 26 26 26 27 27 27 27 27 28 29 29 29 29 29 30 30 30 31 31 31 32 32 32 32 32 33 33 34 34 34 35 35 35 35 35 35 36 36 36 37 37 37 37 38 38 38 39 40 41 41 41 42 43 43 43 43 43 44 44 44 44 44 44 45 45 45 46 47 47 47 47 49
156
0 0 0 0 1 1 1 1 1 2 2 2 2 3 3 3 4 4 4 4 4 4 5 5 7 7 8 8 8 8 9 9 9 9 9 10 10 11 11 13 13 13 13 13 14 14 15 15 15 16 16 16 16 17 17 18 18 18 18 18 19 19 19 19 19 20 20 21 21 21 22 23 23 23 23 24 24 24 24 25 25 25 25 25 25 26 26 26 26 27 27 27 28 28 29 29 29 29 29 31 31 32 32 32 32 33 33 34 35 35 35 35 35 35 36 37 37 37 37 37 37 38 38 38 38 40 41 41 41 41 42 42 42 42 43 43 43 43 43 44 44 44 44 45 45 45 45 47 47 47 47 47 47 48 49 49
160
0 1 1 1 1 1 2 2 2 2 2 2 3 3 4 4 4 4 4 5 5 6 6 6 7 7 7 7 8 8 8 9 9 9 9 10 10 10 11 11 13 13 13 13 13 14 14 14 14 15 15 15 15 16 16 17 17 18 18 18 18 18 18 19 19 20 20 20 20 21 21 21 22 23 23 23 23 23 23 23 23 24 24 24 25 25 25 25 25 26 26 27 27 27 28 28 28 29 29 29 29 29 29 31 31 32 32 32 33 33 33 34 35 35 35 35 36 37 37 37 37 37 38 38 38 38 39 39 40 40 41 41 41 42 42 42 43 43 43 43 43 43 43 43 43 43 45 46 46 46 46 46 47 47 47 47 48 48 48 49
170
0 0 0 1 1 1 1 2 2 2 3 3 4 4 4 4 4 4 4 4 5 5 6 6 7 7 8 8 8 8 9 9 9 9 9 9 9 10 10 11 11 11 11 12 12 13 13 13 14 14 14 14 14 14 15 15 15 15 15 16 16 17 17 17 17 18 18 18 18 18 18 19 19 20 20 21 21 22 23 23 23 23 23 23 23 24 24 24 25 25 25 26 26 27 27 27 28 28 29 29 29 29 29 30 30 30 31 31 31 32 32 32 32 32 32 33 34 34 34 35 35 35 35 35 35 36 36 36 37 37 37 37 37 37 38 38 39 39 39 40 41 41 42 42 43 43 43 43 43 43 44 44 44 44 45 45 45 45 46 46 46 46 46 47 47 47 47 47 47 49
167
0 0 1 1 1 1 2 2 2 2 2 3 3 3 4 4 4 4 4 4 5 5 6 6 6 6 7 7 7 7 8 8 8 8 8 9 9 9 9 9 9 10 10 11 12 12 13 13 14 14 14 14 14 15 15 15 15 15 15 15 16 16 16 16 16 17 17 17 17 18 18 18 18 18 18 18 19 19 19 20 21 21 21 21 22 23 23 23 23 23 23 23 24 25 26 26 27 27 27 27 27 28 28 28 29 29 29 29 29 29 30 30 30 30 30 31 31 31 32 32 32 32 33 33 33 34 35 35 35 35 35 36 36 37 37 37 38 38 39 39 41 41 41 42 42 43 43 43 43 43 43 43 44 44 44 44 44 44 44 45 46 46 46 47 47 48 49
181
0 0 0 1 1 1 1 1 1 2 2 2 3 3 3 4 4 4 4 4 4 4 5 5 5 5 6 7 7 7 7 7 8 8 8 8 8 8 9 9 9 9 10 10 10 11 11 11 11 11 12 13 13 13 13 13 14 14 14 14 14 15 15 15 15 15 15 16 16 16 17 17 17 17 17 18 18 18 19 19 19 19 20 20 21 21 21 21 21 22 23 23 23 23 23 24 24 24 25 25 25 27 27 27 27 28 28 28 29 29 29 29 29 30 30 30 31 31 31 31 32 32 32 32 32 32 33 33 33 33 34 35 35 35 35 35 35 36 37 37 37 37 38 38 38 38 39 39 40 40 41 41 42 42 42 43 43 43 43 43 43 44 44 44 44 44 45 45 46 46 46 47 47 47 47 47 48 48 49 49 49
169
0 0 1 1 1 1 2 2 2 2 2 2 2 3 3 3 3 4 4 4 4 6 7 7 7 8 8 8 8 8 8 9 9 9 9 9 9 9 9 10 10 10 10 11 11 11 11 11 12 12 13 13 13 14 14 14 14 15 15 15 15 15 16 16 16 16 17 17 17 17 17 17 18 18 18 18 18 19 19 20 20 20 21 21 21 21 22 23 23 23 24 24 24 26 26 26 26 26 27 27 27 27 27 27 28 28 28 29 29 29 29 29 30 31 31 31 32 32 32 32 33 33 34 34 34 35 35 35 35 35 36 37 37 37 38 38 39 39 39 39 40 41 41 41 42 42 42 43 43 43 43 43 44 44 44 44 45 45 45 45 46 47 47 47 47 48 49 49 49
177
0 0 0 1 1 1 1 1 1 2 2 2 2 3 3 3 3 4 4 4 4 6 6 7 7 7 8 8 8 8 8 8 8 8 9 9 9 9 9 9 10 10 10 11 11 11 12 12 13 13 13 13 14 14 14 14 15 15 15 16 16 16 16 16 17 17 17 17 17 17 18 18 18 18 20 20 21 21 21 21 21 22 23 23 23 23 23 23 23 24 24 25 26 27 27 27 27 27 27 27 28 28 28 29 29 29 29 30 30 30 30 30 30 31 31 32 32 32 32 32 32 33 33 33 34 35 35 35 35 35 35 36 37 37 37 37 37 38 38 38 38 39 39 39 40 40 41 41 42 42 42 42 43 43 43 43 43 43 43 43 44 44 44 44 44 45 45 45 46 46 47 47 47 48 49 49 49
156
0 0 0 1 1 1 2 2 2 2 2 2 3 3 4 4 4 4 4 5 5 6 6 7 7 7 7 8 8 8 8 8 8 9 9 9 9 10 11 12 13 13 13 13 13 14 14 14 14 14 15 15 15 15 15 15 16 16 17 17 17 17 18 18 18 18 18 18 19 20 20 20 21 21 21 21 22 22 23 23 23 23 23 24 24 24 24 24 24 25 25 25 26 28 28 28 29 29 29 29 31 31 32 32 32 32 33 34 34 35 35 35 35 35 36 37 37 37 38 38 38 39 39 40 40 40 41 41 41 41 42 42 42 42 42 42 43 43 43 43 43 43 44 44 45 45 46 46 46 46 47 47 47 47 48 49
