3
54369108 302576346 324588456
2
22840416 54369108
3
54369108 115841520 302576346
3
13532484 54369108 302576346
1
13532484
4
52320985 100134620 302576346 571023992
3
54369108 302576346 324588456
3
60665856 69094294 302576346
3
85097074 302576346 324588456
4
13532484 54369108 302576346 324588456
3
52320985 54369108 302576346
5
54369108 60665856 115841520 181315680 302576346
6
3705456 52320985 60665856 302576346 312569361 877528775
3
54369108 115841520 302576346
3
13532484 54369108 302576346
1
302576346
5
52320985 54369108 172961298 302576346 582412363
1
60665856
5
23066116 52320985 54369108 239873604 525209310
3
69094294 239873604 302576346
3
52320985 245715000 302576346
4
54369108 302576346 324588456 877528775
3
54369108 85097074 302576346
5
52320985 54369108 206016777 239873604 290970498
7
13532484 52320985 239873604 302576346 324588456 525209310 877528775
3
33229504 54369108 133826448
4
52320985 54369108 295151904 403949682
3
54369108 199443372 302576346
2
13532484 190969830
5
14768460 54369108 133826448 302576346 594023224
2
85097074 302576346
2
13532484 324588456
5
13532484 15376534 52320985 79671786 120082172
4
54369108 199443372 302576346 324588456
3
13532484 54369108 302576346
1
51149840
7
13532484 69094294 115841520 239873604 302576346 324588456 525209310
5
52320985 54369108 60665856 117226461 302576346
3
13532484 85097074 302576346
1
54369108
4
13532484 52320985 79671786 302576346
5
54369108 239873604 302576346 324588456 403949682
5
13532484 54369108 133826448 239873604 302576346
5
54369108 239873604 302576346 324588456 403949682
4
52320985 60665856 239873604 302576346
3
3705456 302576346 324588456
4
52320985 100134620 302576346 571023992
5
13532484 52320985 54369108 302576346 324588456
5
3086380 54369108 199443372 239873604 302576346
2
13532484 302576346
8
52320985 54369108 85097074 120082172 133826448 239873604 302576346 349428598
3
239873604 302576346 594023224
3
22840416 199443372 302576346
7
13532484 52320985 239873604 302576346 324588456 525209310 877528775
5
52320985 85097074 120082172 245715000 302576346
4
13532484 85097074 302576346 570786044
9
13532484 33229504 52320985 54369108 79671786 302576346 324588456 359357400 901313655
5
13532484 54369108 206016777 302576346 324588456
0

2
13532484 54369108
1
302576346
9
13532484 33229504 52320985 54369108 79671786 302576346 324588456 359357400 901313655
3
54369108 199443372 302576346
4
13532484 54369108 208582818 302576346
7
13532484 51149840 54369108 85097074 199443372 302576346 877528775
1
525209310
2
33229504 302576346
2
85097074 302576346
0

3
52320985 302576346 453190410
4
52320985 54369108 302576346 453190410
5
13532484 33229504 52320985 180052670 302576346
3
133826448 266848530 302576346
9
52320985 60665856 85097074 100134620 245715000 302576346 324588456 570786044 570786044
3
13532484 54369108 302576346
4
54369108 60665856 69094294 302576346
3
13532484 52320985 79671786
5
33229504 52320985 54369108 302576346 324588456
7
13532484 51149840 54369108 85097074 199443372 302576346 877528775
1
60665856
1
60665856
5
13532484 52320985 52346085 79671786 764782890
3
52320985 54369108 302576346
1
302576346
3
69094294 239873604 302576346
4
72168388 115841520 302576346 877528775
7
13532484 54369108 69094294 85097074 100134620 302576346 570786044
3
54369108 199443372 302576346
3
33229504 54369108 877528775
1
302576346
4
13532484 52320985 54369108 302576346
2
52320985 133826448
4
52320985 54369108 302576346 877528775
5
13532484 33229504 52320985 302576346 570786044
4
3705456 52320985 120082172 302576346
8
52320985 54369108 85097074 120082172 133826448 239873604 302576346 349428598
7
4630338 52320985 54369108 76998941 206016777 302576346 324588456
1
302576346
1
302576346
3
13532484 54369108 302576346
7
52320985 54369108 69094294 100134620 120082172 302576346 877528775
6
13532484 41012442 85097074 120082172 302576346 491690082
4
54369108 115841520 302576346 324588456
1
302576346
1
302576346
4
13532484 52320985 324588456 467336652
2
245715000 302576346
3
54369108 60665856 172961298
3
3705456 13532484 302576346
4
13532484 54369108 302576346 324588456
5
13532484 54369108 133826448 239873604 302576346
7
52320985 54369108 69094294 100134620 120082172 302576346 877528775
2
52320985 133826448
5
54369108 239873604 302576346 324588456 403949682
4
52320985 100134620 302576346 571023992
2
13532484 239873604
3
52320985 54369108 302576346
7
52320985 54369108 60665856 133826448 302576346 324588456 407024384
2
52320985 525209310
7
13532484 33229504 52320985 54369108 163739923 302576346 877528775
7
13532484 69094294 72168388 85097074 100134620 302576346 877528775
4
52320985 60665856 117226461 239873604
6
52320985 60665856 206016777 302576346 453190410 525209310
1
13532484
1
302576346
3
60665856 69094294 302576346
5
13532484 52320985 54369108 302576346 570786044
2
302576346 324588456
6
13532484 41012442 85097074 120082172 302576346 491690082
3
54369108 85097074 302576346
5
13532484 33229504 52320985 85097074 302576346
4
72168388 115841520 302576346 877528775
4
3086380 52320985 54369108 302576346
4
13532484 52320985 79671786 266848530
2
13532484 239873604
4
54369108 60665856 100134620 302576346
2
33229504 302576346
3
52320985 302576346 324588456
2
14768460 302576346
4
3705456 52320985 54369108 199443372
2
100134620 302576346
5
13532484 54369108 206016777 302576346 324588456
2
302576346 436881925
0

6
54369108 68656480 69094294 85097074 199443372 302576346
2
14768460 302576346
6
52320985 54369108 60665856 68656480 302576346 570786044
1
52320985
2
13532484 302576346
6
13532484 52320985 54369108 60665856 76998941 302576346
1
302576346
5
33229504 52320985 54369108 302576346 324588456
0

0

3
39427635 54369108 302576346
1
302576346
3
52320985 302576346 877528775
1
54369108
2
100134620 302576346
5
13532484 52320985 54369108 302576346 324588456
4
13532484 54369108 302576346 324588456
2
302576346 436881925
6
3705456 52320985 60665856 302576346 312569361 877528775
5
13532484 52320985 54369108 302576346 312569361
2
52320985 525209310
1
100134620
4
4630338 13532484 52320985 266848530
1
302576346
1
13532484
1
302576346
2
13532484 131285440
3
13532484 52320985 302576346
3
52320985 54369108 120082172
1
302576346
3
54369108 208582818 302576346
5
33229504 52320985 54369108 302576346 324588456
5
52320985 54369108 172961298 302576346 582412363
2
13532484 54369108
3
13532484 52320985 54369108
5
52320985 54369108 295151904 302576346 513634618
0

1
302576346
9
52320985 60665856 85097074 100134620 245715000 302576346 324588456 570786044 570786044
2
13532484 302576346
5
13532484 54369108 302576346 342723298 877528775
3
100134620 302576346 877528775
2
245715000 302576346
2
85097074 302576346
3
3705456 13532484 302576346
0

2
13532484 131285440
5
52320985 54369108 295151904 302576346 513634618
2
85097074 302576346
2
85097074 302576346
2
172961298 302576346
0

4
54369108 60665856 302576346 877528775
5
13532484 33229504 52320985 180052670 302576346
2
54369108 302576346
4
52320985 54369108 302576346 453190410
3
54369108 141272822 302576346
2
52320985 133826448
8
13532484 33229504 41012442 52320985 115841520 302576346 324588456 453190410
5
13532484 52320985 54369108 302576346 312569361
3
8088678 54369108 208582818
1
302576346
5
13532484 52320985 54369108 302576346 324588456
6
3705456 52320985 60665856 302576346 312569361 877528775
1
54369108
5
13532484 69094294 85097074 302576346 491690082
4
3705456 60665856 100134620 302576346
2
14768460 302576346
1
302576346
12
3705456 13532484 52320985 60665856 100134620 133826448 290970498 295151904 302576346 312569361 324588456 690185600
5
13532484 52320985 54369108 117226461 181315680
3
54369108 208582818 302576346
1
877528775
0

5
13532484 52320985 54369108 302576346 570786044
5
52320985 85097074 120082172 245715000 302576346
5
33229504 52320985 54369108 302576346 324588456
2
8088678 54369108
5
52320985 54369108 295151904 302576346 513634618
4
52320985 100134620 302576346 571023992
2
302576346 436881925
4
54369108 60665856 69094294 302576346
2
13532484 302576346
4
54369108 100134620 302576346 570786044
7
52320985 54369108 60665856 133826448 302576346 324588456 407024384
5
13532484 52320985 54369108 117226461 302576346
5
13532484 15376534 52320985 79671786 120082172
5
13532484 52320985 52346085 79671786 764782890
6
52346085 54369108 199443372 233584481 235718210 302576346
3
69094294 239873604 302576346
6
54369108 68656480 69094294 85097074 199443372 302576346
6
33229504 52320985 54369108 60665856 117226461 120082172
4
13532484 54369108 302576346 324588456
1
52320985
1
302576346
2
141272822 302576346
7
52320985 54369108 69094294 100134620 120082172 302576346 877528775
5
133826448 245715000 302576346 570786044 877528775
3
52320985 120082172 302576346
6
13532484 52320985 54369108 172961298 302576346 877528775
9
33229504 54369108 60665856 85097074 234486790 290970498 302576346 324588456 854293986
4
54369108 115841520 302576346 324588456
4
4630338 13532484 52320985 266848530
3
54369108 85097074 302576346
2
13532484 302576346
5
13532484 33229504 52320985 180052670 302576346
2
54369108 525209310
1
13532484
4
3705456 60665856 100134620 302576346
2
85097074 324588456
1
302576346
3
54369108 199443372 302576346
5
52320985 54369108 206016777 239873604 290970498
1
302576346
1
13532484
4
54369108 60665856 100134620 302576346
8
13532484 54369108 72168388 85097074 199443372 302576346 342723298 877528775
1
60665856
1
52320985
1
13532484
0

7
13532484 52320985 239873604 302576346 324588456 525209310 877528775
6
13532484 52320985 54369108 60665856 76998941 302576346
7
13532484 33229504 52320985 54369108 163739923 302576346 877528775
3
52320985 54369108 302576346
6
33229504 76998941 302576346 324588456 877528775 901313655
4
52320985 54369108 302576346 453190410
5
3086380 54369108 199443372 239873604 302576346
2
245715000 302576346
5
13532484 15376534 52320985 79671786 120082172
2
13532484 302576346
2
13532484 302576346
7
52320985 54369108 60665856 133826448 302576346 324588456 407024384
3
52320985 302576346 877528775
2
13532484 302576346
5
13532484 15376534 52320985 79671786 120082172
2
54369108 302576346
1
51149840
1
54369108
3
39427635 54369108 302576346
3
52320985 117226461 302576346
1
877528775
3
295151904 302576346 324588456
6
3705456 52320985 60665856 302576346 312569361 877528775
3
54369108 302576346 618963999
4
13532484 52320985 324588456 467336652
1
13532484
5
13532484 33229504 52320985 180052670 302576346
3
52320985 54369108 120082172
5
13532484 69094294 85097074 302576346 491690082
3
13532484 52320985 79671786
3
52320985 54369108 302576346
2
100134620 302576346
5
13532484 69094294 85097074 302576346 491690082
5
8088678 21104820 115841520 302576346 512021040
5
23066116 52320985 54369108 239873604 525209310
4
3705456 60665856 100134620 302576346
7
33229504 54369108 172961298 199443372 302576346 324588456 349428598
6
13532484 52320985 54369108 117226461 239873604 302576346
2
13532484 302576346
3
52320985 54369108 141272822
7
13532484 54369108 69094294 85097074 100134620 302576346 570786044
6
13532484 52320985 54369108 133826448 199443372 302576346
4
13532484 33229504 54369108 618963999
3
13532484 239873604 302576346
3
3705456 13532484 302576346
3
54369108 208582818 302576346
4
120082172 302576346 324588456 525209310
1
13532484
9
13532484 33229504 52320985 54369108 79671786 302576346 324588456 359357400 901313655
3
52320985 60665856 302576346
5
13532484 52320985 85097074 133826448 302576346
4
54369108 115841520 302576346 324588456
5
52320985 234486790 239873604 295151904 302576346
3
13532484 54369108 302576346
3
52320985 54369108 302576346
1
51149840
3
52320985 302576346 877528775
9
13532484 33229504 52320985 54369108 79671786 302576346 324588456 359357400 901313655
4
52320985 54369108 295151904 403949682
1
54369108
4
13532484 54369108 302576346 324588456
3
54369108 302576346 324588456
6
52346085 54369108 199443372 233584481 235718210 302576346
3
52320985 54369108 302576346
3
13532484 54369108 302576346
3
22840416 199443372 302576346
2
172961298 302576346
2
33229504 302576346
1
525209310
4
3086380 52320985 54369108 302576346
1
13532484
7
13532484 33229504 52320985 54369108 163739923 302576346 877528775
2
54369108 302576346
5
13532484 52320985 54369108 302576346 312569361
5
52320985 54369108 172961298 302576346 582412363
2
3086380 13532484
2
302576346 436881925
4
3705456 52320985 120082172 302576346
8
3086380 52320985 54369108 85097074 100134620 120082172 302576346 571023992
1
302576346
2
13532484 60665856
5
52320985 54369108 295151904 302576346 513634618
9
3086380 8088678 13532484 33229504 52320985 54369108 79671786 120082172 180052670
1
302576346
1
302576346
3
52320985 117226461 302576346
2
8088678 54369108
4
13532484 52320985 54369108 120082172
3
52320985 117226461 302576346
4
13532484 52320985 79671786 266848530
3
52320985 245715000 302576346
4
13532484 52320985 54369108 120082172
5
13532484 33229504 52320985 180052670 302576346
3
13532484 52320985 79671786
4
72168388 115841520 302576346 877528775
4
54369108 100134620 302576346 570786044
1
52320985
5
3705456 13532484 52320985 245715000 302576346
3
13532484 52320985 79671786
12
3705456 13532484 52320985 60665856 100134620 133826448 290970498 295151904 302576346 312569361 324588456 690185600
2
100134620 302576346
6
3705456 52320985 60665856 302576346 312569361 877528775
6
3705456 52320985 60665856 302576346 312569361 877528775
4
54369108 60665856 302576346 877528775
8
13532484 54369108 72168388 85097074 199443372 302576346 342723298 877528775
4
13532484 52320985 60665856 302576346
2
13532484 302576346
3
13532484 52320985 302576346
2
13532484 131285440
4
13532484 52320985 54369108 302576346
4
72168388 115841520 302576346 877528775
8
13532484 52320985 69094294 76998941 133826448 239873604 302576346 324588456
5
54369108 133826448 302576346 360072567 582412363
1
302576346
5
13532484 33229504 52320985 180052670 302576346
2
13532484 302576346
4
54369108 60665856 302576346 877528775
8
3705456 54369108 85097074 133826448 235718210 302576346 324588456 901313655
5
33229504 52320985 60665856 234486790 302576346
3
13532484 52320985 54369108
3
13532484 52320985 302576346
0

2
100134620 302576346
4
52320985 54369108 302576346 877528775
4
54369108 302576346 324588456 877528775
1
52320985
3
52320985 54369108 141272822
5
13532484 52320985 54369108 302576346 570786044
6
3705456 52320985 60665856 302576346 312569361 877528775
4
52320985 100134620 302576346 571023992
1
302576346
1
13532484
2
54369108 302576346
3
13532484 52320985 302576346
3
13532484 54369108 302576346
9
33229504 54369108 60665856 85097074 234486790 290970498 302576346 324588456 854293986
1
52320985
2
13532484 302576346
5
54369108 133826448 302576346 360072567 582412363
2
54369108 302576346
5
33229504 52320985 54369108 302576346 324588456
6
13532484 52320985 54369108 60665856 76998941 302576346
2
52320985 54369108
1
52320985
6
52346085 54369108 199443372 233584481 235718210 302576346
0

3
3705456 302576346 324588456
5
33229504 52320985 54369108 302576346 349904330
2
13532484 302576346
2
172961298 302576346
7
33229504 54369108 172961298 199443372 302576346 324588456 349428598
4
13532484 54369108 302576346 324588456
5
52320985 54369108 295151904 302576346 513634618
6
13532484 52320985 54369108 60665856 76998941 302576346
5
13532484 33229504 52320985 302576346 570786044
1
51149840
5
13532484 52320985 52346085 79671786 764782890
0

3
54369108 199443372 302576346
4
13532484 54369108 208582818 302576346
4
4630338 13532484 52320985 266848530
7
13532484 33229504 52320985 54369108 120082172 199443372 302576346
5
3705456 13532484 54369108 295151904 302576346
3
54369108 60665856 172961298
4
54369108 60665856 100134620 302576346
3
52320985 302576346 877528775
5
14768460 54369108 133826448 302576346 594023224
5
52320985 54369108 85097074 302576346 324588456
5
23066116 52320985 54369108 239873604 525209310
6
52320985 54369108 60665856 68656480 302576346 570786044
3
13532484 85097074 302576346
2
54369108 302576346
1
52320985
7
52320985 54369108 60665856 133826448 302576346 324588456 407024384
1
302576346
2
172961298 302576346
5
14768460 54369108 133826448 302576346 594023224
9
33229504 54369108 60665856 85097074 234486790 290970498 302576346 324588456 854293986
5
13532484 69094294 85097074 302576346 491690082
1
54369108
0

1
877528775
4
72168388 115841520 302576346 877528775
2
3086380 13532484
4
3086380 52320985 54369108 302576346
5
33229504 52320985 54369108 302576346 349904330
7
13532484 52320985 60665856 115841520 290970498 302576346 324588456
4
13532484 54369108 208582818 302576346
3
52320985 72168388 302576346
3
54369108 199443372 302576346
3
13532484 60665856 302576346
3
13532484 85097074 302576346
0

3
54369108 302576346 324588456
4
13532484 54369108 141272822 199443372
3
13532484 54369108 302576346
4
8088678 54369108 172961298 302576346
4
13532484 52320985 54369108 120082172
4
54369108 212842475 302576346 877528775
5
52320985 54369108 172961298 302576346 582412363
3
239873604 302576346 594023224
0

5
13532484 52320985 54369108 302576346 312569361
5
33229504 52320985 54369108 302576346 349904330
4
13532484 52320985 324588456 467336652
5
13532484 52320985 54369108 302576346 570786044
0

1
302576346
2
141272822 302576346
1
302576346
4
13532484 52320985 79671786 302576346
2
302576346 324588456
4
52320985 54369108 302576346 877528775
4
3086380 52320985 54369108 302576346
9
3086380 8088678 13532484 33229504 52320985 54369108 79671786 120082172 180052670
2
13532484 302576346
4
54369108 100134620 302576346 570786044
4
3705456 52320985 120082172 302576346
12
3705456 13532484 52320985 60665856 100134620 133826448 290970498 295151904 302576346 312569361 324588456 690185600
7
13532484 52320985 239873604 302576346 324588456 525209310 877528775
6
33229504 52320985 54369108 85097074 117226461 302576346
3
52320985 54369108 302576346
7
13532484 52320985 60665856 115841520 290970498 302576346 324588456
6
3086380 3705456 13532484 52320985 54369108 180052670
1
302576346
7
52320985 54369108 69094294 100134620 120082172 302576346 877528775
5
54369108 76998941 185924484 239873604 302576346
3
52320985 302576346 324588456
0

2
13532484 302576346
8
13532484 52320985 69094294 76998941 133826448 239873604 302576346 324588456
2
13532484 120082172
8
13532484 33229504 41012442 52320985 115841520 302576346 324588456 453190410
2
13532484 302576346
0

1
52320985
2
141272822 302576346
2
13532484 302576346
5
13532484 52320985 85097074 133826448 302576346
6
13532484 52320985 54369108 117226461 239873604 302576346
5
54369108 133826448 302576346 360072567 582412363
7
13532484 52320985 60665856 115841520 290970498 302576346 324588456
2
13532484 190969830
3
52320985 302576346 525209310
2
100134620 302576346
8
3086380 52320985 54369108 85097074 100134620 120082172 302576346 571023992
4
54369108 60665856 302576346 877528775
0

2
13532484 190969830
6
54369108 68656480 69094294 85097074 199443372 302576346
5
54369108 239873604 302576346 324588456 403949682
4
13532484 54369108 199443372 239873604
1
302576346
9
3086380 8088678 13532484 33229504 52320985 54369108 79671786 120082172 180052670
4
120082172 302576346 324588456 525209310
3
54369108 199443372 302576346
6
33229504 76998941 302576346 324588456 877528775 901313655
4
3705456 60665856 100134620 302576346
2
13532484 239873604
3
13532484 52320985 54369108
4
13532484 52320985 54369108 120082172
5
3705456 13532484 54369108 295151904 302576346
3
85097074 302576346 324588456
4
8088678 54369108 172961298 302576346
5
13532484 33229504 52320985 180052670 302576346
0

2
13532484 302576346
0

5
13532484 52320985 54369108 117226461 302576346
2
85097074 302576346
2
13532484 877528775
1
302576346
4
13532484 52320985 79671786 266848530
5
13532484 54369108 85097074 302576346 453190410
6
3705456 13532484 52320985 239873604 302576346 877528775
6
13532484 52320985 72168388 79671786 302576346 877528775
2
302576346 324588456
5
52320985 54369108 172961298 302576346 582412363
5
52320985 85097074 120082172 245715000 302576346
4
54369108 115841520 302576346 324588456
1
13532484
3
39427635 54369108 302576346
4
54369108 302576346 324588456 877528775
2
85097074 324588456
7
33229504 54369108 172961298 199443372 302576346 324588456 349428598
4
52320985 54369108 295151904 403949682
3
54369108 302576346 582412363
1
51149840
12
3705456 13532484 52320985 60665856 100134620 133826448 290970498 295151904 302576346 312569361 324588456 690185600
4
13532484 52320985 79671786 302576346
5
14768460 54369108 133826448 302576346 594023224
5
13532484 52320985 54369108 302576346 570786044
2
245715000 302576346
5
52320985 54369108 60665856 117226461 302576346
7
13532484 69094294 115841520 239873604 302576346 324588456 525209310
2
13532484 190969830
1
60665856
4
13532484 54369108 199443372 239873604
2
13532484 190969830
5
13532484 52320985 54369108 302576346 324588456
1
54369108
5
52320985 54369108 172961298 302576346 582412363
3
52320985 72168388 302576346
2
54369108 302576346
4
54369108 60665856 302576346 877528775
0

3
69094294 239873604 302576346
2
54369108 525209310
3
54369108 60665856 172961298
1
54369108
5
54369108 76998941 185924484 239873604 302576346
4
54369108 100134620 302576346 570786044
4
3705456 52320985 54369108 199443372
5
41012442 52320985 100134620 120082172 302576346
2
8088678 54369108
5
54369108 60665856 115841520 181315680 302576346
1
13532484
2
54369108 302576346
0

1
100134620
5
13532484 52320985 54369108 302576346 570786044
5
13532484 15376534 52320985 79671786 120082172
7
13532484 54369108 69094294 85097074 100134620 302576346 570786044
0

6
33229504 52320985 54369108 85097074 117226461 302576346
2
13532484 302576346
5
14768460 54369108 133826448 302576346 594023224
4
4630338 13532484 52320985 266848530
1
84070556
7
13532484 69094294 72168388 85097074 100134620 302576346 877528775
2
13532484 190969830
4
172961298 199443372 302576346 582412363
2
8088678 54369108
5
33229504 52320985 60665856 234486790 302576346
5
52320985 234486790 239873604 295151904 302576346
2
13532484 302576346
2
85097074 302576346
2
54369108 302576346
2
13532484 302576346
4
13532484 52320985 54369108 120082172
5
33229504 52320985 54369108 302576346 349904330
3
295151904 302576346 324588456
6
3705456 52320985 60665856 302576346 312569361 877528775
2
13532484 302576346
6
52346085 54369108 199443372 233584481 235718210 302576346
3
52320985 54369108 302576346
0

4
52320985 62174607 85097074 302576346
5
13532484 52320985 54369108 199443372 302576346
6
3705456 52320985 60665856 302576346 312569361 877528775
3
54369108 199443372 302576346
3
52320985 60665856 302576346
3
8088678 54369108 208582818
4
52320985 54369108 295151904 403949682
4
120082172 302576346 324588456 525209310
4
8088678 54369108 172961298 302576346
2
33229504 302576346
7
13532484 33229504 52320985 54369108 163739923 302576346 877528775
2
13532484 302576346
2
14768460 302576346
2
13532484 302576346
1
52320985
5
13532484 54369108 302576346 342723298 877528775
2
54369108 302576346
6
3705456 13532484 52320985 239873604 302576346 877528775
3
13532484 54369108 302576346
3
39427635 54369108 302576346
1
13532484
2
72168388 302576346
4
13532484 120082172 302576346 570786044
4
52320985 54369108 302576346 453190410
8
13532484 33229504 41012442 52320985 115841520 302576346 324588456 453190410
5
8088678 13532484 54369108 295151904 302576346
6
33229504 52320985 54369108 60665856 117226461 120082172
2
13532484 302576346
2
54369108 302576346
4
13532484 54369108 302576346 324588456
5
33229504 52320985 54369108 218589519 302576346
2
52320985 302576346
3
13532484 52320985 302576346
1
52320985
2
141272822 302576346
3
52320985 54369108 302576346
5
52320985 234486790 239873604 295151904 302576346
3
22840416 199443372 302576346
6
3086380 3705456 13532484 52320985 54369108 180052670
3
295151904 302576346 324588456
5
23066116 52320985 54369108 239873604 525209310
0

5
13532484 52320985 54369108 120082172 302576346
1
302576346
3
33229504 54369108 133826448
2
54369108 302576346
0

5
33229504 52320985 54369108 302576346 324588456
2
13532484 302576346
5
52320985 54369108 172961298 302576346 582412363
2
8088678 54369108
2
85097074 324588456
3
3705456 13532484 302576346
2
13532484 302576346
8
13532484 52320985 69094294 76998941 133826448 239873604 302576346 324588456
3
295151904 302576346 324588456
8
13532484 54369108 72168388 85097074 199443372 302576346 342723298 877528775
7
52320985 54369108 69094294 100134620 120082172 302576346 877528775
5
133826448 245715000 302576346 570786044 877528775
2
54369108 302576346
3
8088678 54369108 208582818
8
3705456 54369108 85097074 133826448 235718210 302576346 324588456 901313655
4
13532484 54369108 295151904 302576346
2
13532484 302576346
3
13532484 52320985 302576346
2
54369108 302576346
3
13532484 85097074 302576346
2
13532484 239873604
1
54369108
1
13532484
2
13532484 180052670
4
13532484 120082172 302576346 570786044
1
302576346
3
52320985 302576346 525209310
7
33229504 54369108 172961298 199443372 302576346 324588456 349428598
5
52320985 54369108 60665856 117226461 302576346
1
302576346
5
3705456 54369108 302576346 324588456 664302710
5
52320985 54369108 206016777 239873604 290970498
7
52320985 54369108 69094294 100134620 120082172 302576346 877528775
4
52320985 62174607 85097074 302576346
5
13532484 54369108 85097074 302576346 453190410
4
3705456 52320985 120082172 302576346
2
54369108 302576346
5
13532484 52320985 52346085 79671786 764782890
2
302576346 436881925
2
13532484 302576346
5
13532484 33229504 52320985 302576346 570786044
0

0

3
54369108 208582818 302576346
5
13532484 69094294 85097074 302576346 491690082
6
13532484 52320985 54369108 60665856 76998941 302576346
7
52320985 54369108 60665856 76998941 120082172 181315680 302576346
6
13532484 52320985 72168388 79671786 302576346 877528775
1
52320985
7
13532484 33229504 52320985 54369108 163739923 302576346 877528775
2
13532484 60665856
5
33229504 52320985 60665856 234486790 302576346
1
54369108
0

3
133826448 266848530 302576346
5
13532484 33229504 52320985 85097074 302576346
3
13532484 52320985 79671786
3
52320985 302576346 324588456
3
60665856 69094294 302576346
5
52320985 54369108 60665856 117226461 302576346
8
52320985 54369108 85097074 120082172 133826448 239873604 302576346 349428598
4
13532484 52320985 79671786 302576346
1
60665856
4
3086380 52320985 54369108 302576346
4
13532484 52320985 54369108 120082172
4
13532484 33229504 54369108 618963999
5
13532484 52320985 54369108 199443372 302576346
2
13532484 131285440
3
52320985 54369108 302576346
5
52320985 54369108 295151904 302576346 513634618
5
8088678 13532484 54369108 295151904 302576346
3
52320985 54369108 302576346
3
52320985 60665856 302576346
1
302576346
3
13532484 52320985 54369108
1
302576346
4
13532484 54369108 141272822 199443372
5
54369108 133826448 302576346 360072567 582412363
3
85097074 302576346 324588456
2
8088678 54369108
6
54369108 68656480 69094294 85097074 199443372 302576346
5
13532484 52320985 54369108 302576346 570786044
5
3705456 13532484 52320985 245715000 302576346
3
52320985 54369108 141272822
4
54369108 212842475 302576346 877528775
2
245715000 302576346
5
33229504 52320985 54369108 218589519 302576346
2
85097074 324588456
2
52320985 133826448
1
51149840
3
13532484 54369108 302576346
4
172961298 199443372 302576346 582412363
2
13532484 302576346
1
302576346
4
13532484 69094294 79671786 115841520
4
13532484 52320985 324588456 467336652
3
13532484 52320985 79671786
3
13532484 52320985 302576346
7
13532484 33229504 52320985 54369108 163739923 302576346 877528775
4
3705456 52320985 120082172 302576346
2
13532484 302576346
2
13532484 877528775
4
52320985 54369108 302576346 407024384
3
76998941 100134620 302576346
6
13532484 41012442 85097074 120082172 302576346 491690082
3
52320985 54369108 302576346
1
302576346
4
52320985 60665856 117226461 239873604
6
13532484 52320985 54369108 60665856 76998941 302576346
0

2
33229504 302576346
5
54369108 60665856 115841520 181315680 302576346
4
72168388 115841520 302576346 877528775
7
33229504 54369108 172961298 199443372 302576346 324588456 349428598
1
877528775
2
54369108 302576346
2
33229504 302576346
2
54369108 302576346
3
54369108 208582818 302576346
7
52320985 54369108 69094294 100134620 120082172 302576346 877528775
3
13532484 85097074 302576346
1
877528775
3
13532484 52320985 302576346
0

2
13532484 302576346
0

2
85097074 302576346
4
52320985 62174607 85097074 302576346
3
52320985 302576346 324588456
6
33229504 52320985 54369108 60665856 117226461 120082172
6
13532484 52320985 54369108 117226461 239873604 302576346
5
8088678 13532484 54369108 295151904 302576346
3
54369108 141272822 302576346
4
52320985 60665856 239873604 302576346
5
33229504 52320985 60665856 234486790 302576346
2
54369108 302576346
3
13532484 239873604 302576346
5
52320985 85097074 120082172 245715000 302576346
4
72168388 115841520 302576346 877528775
6
52320985 60665856 206016777 302576346 453190410 525209310
3
13532484 85097074 302576346
5
41012442 52320985 100134620 120082172 302576346
6
3086380 3705456 13532484 52320985 54369108 180052670
5
52320985 54369108 295151904 302576346 513634618
3
13532484 239873604 302576346
3
60665856 69094294 302576346
5
54369108 239873604 302576346 324588456 403949682
1
302576346
3
52320985 60665856 302576346
4
52320985 54369108 199443372 302576346
4
13532484 54369108 302576346 324588456
3
76998941 100134620 302576346
4
13532484 52320985 54369108 302576346
6
33229504 52320985 54369108 60665856 117226461 120082172
7
13532484 54369108 69094294 85097074 100134620 302576346 570786044
3
295151904 302576346 324588456
2
13532484 239873604
2
13532484 302576346
3
54369108 199443372 302576346
3
52320985 117226461 302576346
2
100134620 302576346
4
13532484 69094294 79671786 115841520
8
13532484 33229504 41012442 52320985 115841520 302576346 324588456 453190410
5
13532484 54369108 206016777 302576346 324588456
9
13532484 33229504 52320985 54369108 79671786 302576346 324588456 359357400 901313655
3
54369108 302576346 324588456
5
52320985 54369108 295151904 302576346 513634618
0

4
13532484 52320985 60665856 302576346
4
52320985 62174607 85097074 302576346
3
54369108 208582818 302576346
3
13532484 239873604 302576346
2
14768460 302576346
2
54369108 302576346
6
13532484 52320985 54369108 117226461 239873604 302576346
2
13532484 302576346
5
13532484 54369108 199443372 302576346 570786044
5
13532484 52320985 54369108 199443372 302576346
3
3705456 302576346 324588456
1
54369108
6
13532484 52320985 72168388 79671786 302576346 877528775
5
52320985 85097074 120082172 245715000 302576346
6
3086380 3705456 13532484 52320985 54369108 180052670
3
85097074 302576346 324588456
3
54369108 302576346 618963999
5
54369108 239873604 302576346 324588456 403949682
5
13532484 52320985 54369108 199443372 302576346
2
22840416 54369108
1
54369108
4
13532484 52320985 54369108 302576346
7
52320985 54369108 60665856 133826448 302576346 324588456 407024384
5
13532484 52320985 54369108 117226461 181315680
5
54369108 76998941 185924484 239873604 302576346
4
13532484 54369108 141272822 199443372
2
52320985 133826448
3
54369108 199443372 302576346
3
13532484 54369108 302576346
4
13532484 54369108 302576346 324588456
4
52320985 54369108 199443372 302576346
1
302576346
1
302576346
5
54369108 133826448 302576346 360072567 582412363
5
52320985 54369108 60665856 117226461 302576346
2
172961298 302576346
2
13532484 302576346
2
54369108 302576346
5
54369108 76998941 185924484 239873604 302576346
8
13532484 33229504 41012442 52320985 115841520 302576346 324588456 453190410
1
302576346
3
13532484 85097074 302576346
9
52320985 60665856 85097074 100134620 245715000 302576346 324588456 570786044 570786044
2
13532484 302576346
5
23066116 52320985 54369108 239873604 525209310
2
54369108 302576346
5
52320985 85097074 120082172 245715000 302576346
3
52320985 54369108 302576346
4
13532484 52320985 324588456 467336652
6
3086380 3705456 13532484 52320985 54369108 180052670
3
3705456 13532484 302576346
4
13532484 54369108 208582818 302576346
5
33229504 52320985 54369108 218589519 302576346
3
13532484 52320985 302576346
3
54369108 85097074 302576346
5
52320985 54369108 172961298 302576346 582412363
4
13532484 52320985 54369108 120082172
3
33229504 54369108 877528775
3
52320985 54369108 120082172
3
13532484 52320985 302576346
5
13532484 52320985 54369108 302576346 312569361
2
54369108 302576346
7
52320985 54369108 60665856 133826448 302576346 324588456 407024384
5
13532484 52320985 85097074 133826448 302576346
2
13532484 239873604
5
52320985 54369108 60665856 117226461 302576346
5
8088678 13532484 54369108 295151904 302576346
5
52320985 234486790 239873604 295151904 302576346
4
13532484 52320985 54369108 302576346
1
13532484
1
302576346
1
13532484
6
54369108 68656480 69094294 85097074 199443372 302576346
5
54369108 133826448 302576346 360072567 582412363
1
877528775
5
13532484 33229504 52320985 302576346 570786044
2
52320985 133826448
1
52320985
2
141272822 302576346
6
13532484 52320985 54369108 117226461 239873604 302576346
1
54369108
4
13532484 52320985 60665856 302576346
1
51149840
6
13532484 41012442 85097074 120082172 302576346 491690082
7
4630338 52320985 54369108 76998941 206016777 302576346 324588456
2
245715000 302576346
3
3705456 13532484 302576346
4
172961298 199443372 302576346 582412363
1
302576346
5
13532484 52320985 54369108 117226461 181315680
5
13532484 52320985 54369108 120082172 302576346
5
52320985 54369108 295151904 302576346 513634618
3
54369108 302576346 618963999
9
52320985 60665856 85097074 100134620 245715000 302576346 324588456 570786044 570786044
2
52320985 133826448
2
8088678 54369108
3
13532484 52320985 302576346
2
54369108 302576346
2
13532484 302576346
2
13532484 302576346
2
54369108 302576346
2
85097074 324588456
3
3705456 302576346 324588456
4
52320985 302576346 324588456 877528775
1
52320985
7
13532484 52320985 239873604 302576346 324588456 525209310 877528775
4
3086380 52320985 54369108 302576346
3
52320985 54369108 239873604
2
72168388 302576346
1
302576346
6
13532484 52320985 54369108 172961298 302576346 877528775
3
133826448 266848530 302576346
1
302576346
4
72168388 115841520 302576346 877528775
7
13532484 33229504 54369108 79671786 141272822 302576346 360072567
5
33229504 52320985 54369108 218589519 302576346
7
52320985 54369108 69094294 100134620 120082172 302576346 877528775
1
302576346
1
54369108
3
100134620 302576346 877528775
1
54369108
1
302576346
1
302576346
2
13532484 302576346
5
8088678 13532484 54369108 295151904 302576346
3
13532484 302576346 324588456
5
33229504 52320985 54369108 218589519 302576346
4
52320985 54369108 302576346 453190410
2
54369108 302576346
8
52320985 54369108 85097074 120082172 133826448 239873604 302576346 349428598
5
13532484 54369108 302576346 342723298 877528775
4
54369108 60665856 69094294 302576346
3
54369108 302576346 582412363
3
22840416 199443372 302576346
5
13532484 54369108 199443372 302576346 570786044
6
52346085 54369108 199443372 233584481 235718210 302576346
1
877528775
3
33229504 54369108 133826448
1
54369108
5
13532484 33229504 52320985 180052670 302576346
5
52320985 85097074 120082172 245715000 302576346
2
13532484 72168388
5
13532484 52320985 54369108 117226461 181315680
3
52320985 54369108 302576346
3
13532484 60665856 302576346
1
13532484
2
13532484 877528775
8
13532484 54369108 72168388 85097074 199443372 302576346 342723298 877528775
4
13532484 69094294 79671786 115841520
0

4
13532484 52320985 79671786 266848530
2
13532484 302576346
7
54369108 72168388 85097074 100134620 120082172 199443372 302576346
1
302576346
1
52320985
4
13532484 54369108 208582818 302576346
2
54369108 302576346
1
302576346
3
52320985 54369108 239873604
8
13532484 52320985 69094294 76998941 133826448 239873604 302576346 324588456
2
52320985 133826448
3
76998941 100134620 302576346
3
133826448 266848530 302576346
1
302576346
5
13532484 54369108 85097074 302576346 453190410
7
4630338 52320985 54369108 76998941 206016777 302576346 324588456
4
54369108 199443372 302576346 324588456
4
13532484 54369108 302576346 324588456
3
52320985 60665856 302576346
6
3705456 52320985 60665856 302576346 312569361 877528775
5
13532484 54369108 199443372 302576346 570786044
5
13532484 52320985 52346085 79671786 764782890
2
54369108 302576346
5
52320985 54369108 60665856 117226461 302576346
1
13532484
1
302576346
3
8088678 54369108 208582818
4
54369108 60665856 100134620 302576346
3
54369108 208582818 302576346
6
3705456 13532484 52320985 239873604 302576346 877528775
2
54369108 302576346
3
8088678 54369108 208582818
4
8088678 54369108 172961298 302576346
5
3086380 54369108 199443372 239873604 302576346
2
245715000 302576346
2
22840416 54369108
2
13532484 54369108
1
525209310
1
302576346
4
13532484 54369108 302576346 324588456
4
13532484 54369108 302576346 324588456
2
13532484 302576346
5
8088678 21104820 115841520 302576346 512021040
3
54369108 141272822 302576346
5
33229504 52320985 54369108 218589519 302576346
1
54369108
0

2
85097074 324588456
2
141272822 302576346
2
141272822 302576346
3
54369108 208582818 302576346
5
33229504 52320985 60665856 234486790 302576346
4
13532484 54369108 302576346 324588456
2
52320985 302576346
4
13532484 54369108 199443372 239873604
2
342723298 877528775
0

3
52320985 302576346 324588456
5
13532484 33229504 52320985 85097074 302576346
3
52320985 117226461 302576346
3
52320985 54369108 302576346
4
54369108 199443372 302576346 324588456
7
13532484 69094294 115841520 239873604 302576346 324588456 525209310
7
52320985 54369108 69094294 100134620 120082172 302576346 877528775
3
52320985 54369108 239873604
8
3705456 54369108 85097074 133826448 235718210 302576346 324588456 901313655
2
13532484 180052670
3
52320985 302576346 877528775
2
13532484 302576346
5
13532484 33229504 52320985 85097074 302576346
0

3
52320985 302576346 525209310
6
13532484 52320985 54369108 172961298 302576346 877528775
5
33229504 52320985 54369108 218589519 302576346
3
13532484 60665856 302576346
4
52320985 54369108 302576346 407024384
5
13532484 52320985 85097074 133826448 302576346
2
52320985 525209310
0

5
54369108 60665856 115841520 181315680 302576346
8
13532484 33229504 41012442 52320985 115841520 302576346 324588456 453190410
2
54369108 302576346
4
13532484 52320985 79671786 266848530
4
52320985 100134620 302576346 571023992
4
3705456 60665856 100134620 302576346
3
13532484 85097074 302576346
2
13532484 302576346
5
13532484 52320985 54369108 117226461 181315680
3
13532484 52320985 302576346
3
239873604 302576346 594023224
4
3705456 52320985 54369108 199443372
1
13532484
6
13532484 41012442 85097074 120082172 302576346 491690082
2
54369108 302576346
3
54369108 60665856 172961298
5
3705456 13532484 54369108 295151904 302576346
3
54369108 199443372 302576346
1
302576346
5
52320985 85097074 120082172 245715000 302576346
2
13532484 302576346
5
33229504 52320985 54369108 218589519 302576346
2
22840416 54369108
7
13532484 52320985 239873604 302576346 324588456 525209310 877528775
3
13532484 52320985 302576346
5
3705456 13532484 52320985 245715000 302576346
5
33229504 52320985 60665856 234486790 302576346
6
52320985 54369108 60665856 68656480 302576346 570786044
3
52320985 60665856 302576346
3
13532484 54369108 302576346
3
52320985 54369108 302576346
3
52320985 54369108 302576346
5
41012442 52320985 100134620 120082172 302576346
2
33229504 302576346
4
13532484 54369108 199443372 239873604
1
13532484
3
60665856 69094294 302576346
5
52320985 54369108 206016777 239873604 290970498
2
13532484 190969830
3
52320985 120082172 302576346
5
13532484 52320985 54369108 302576346 570786044
1
13532484
8
52320985 54369108 85097074 120082172 133826448 239873604 302576346 349428598
0

3
13532484 54369108 302576346
5
13532484 69094294 85097074 302576346 491690082
3
33229504 54369108 877528775
2
141272822 302576346
1
100134620
3
52320985 302576346 877528775
3
13532484 52320985 302576346
12
3705456 13532484 52320985 60665856 100134620 133826448 290970498 295151904 302576346 312569361 324588456 690185600
4
13532484 52320985 54369108 120082172
2
13532484 877528775
5
3705456 54369108 302576346 324588456 664302710
2
13532484 131285440
5
13532484 52320985 54369108 120082172 302576346
1
54369108
0

3
13532484 85097074 302576346
2
13532484 302576346
2
54369108 302576346
1
13532484
0

5
23066116 52320985 54369108 239873604 525209310
3
13532484 52320985 302576346
4
13532484 54369108 302576346 324588456
7
52320985 54369108 60665856 76998941 120082172 181315680 302576346
4
13532484 52320985 54369108 120082172
6
52320985 60665856 206016777 302576346 453190410 525209310
0

2
85097074 302576346
2
14768460 302576346
5
52320985 85097074 120082172 245715000 302576346
7
4630338 52320985 54369108 76998941 206016777 302576346 324588456
3
54369108 199443372 302576346
3
295151904 302576346 324588456
7
13532484 54369108 69094294 85097074 100134620 302576346 570786044
4
52320985 54369108 302576346 877528775
3
54369108 302576346 582412363
1
302576346
0

5
3705456 13532484 54369108 295151904 302576346
3
100134620 302576346 877528775
2
141272822 302576346
3
54369108 302576346 582412363
0

2
54369108 302576346
5
52320985 85097074 120082172 245715000 302576346
5
13532484 52320985 54369108 120082172 302576346
3
52320985 54369108 302576346
4
13532484 52320985 60665856 302576346
2
13532484 302576346
5
3705456 13532484 52320985 245715000 302576346
3
295151904 302576346 324588456
1
52320985
2
302576346 324588456
4
52320985 60665856 239873604 302576346
3
13532484 52320985 302576346
1
302576346
3
76998941 100134620 302576346
1
13532484
2
13532484 239873604
5
33229504 52320985 54369108 218589519 302576346
3
52320985 54369108 302576346
2
13532484 120082172
2
100134620 302576346
0

4
54369108 212842475 302576346 877528775
5
33229504 52320985 60665856 234486790 302576346
1
13532484
2
52320985 133826448
1
13532484
2
52320985 54369108
1
54369108
2
13532484 72168388
4
13532484 54369108 302576346 324588456
2
72168388 302576346
5
3705456 13532484 54369108 295151904 302576346
2
13532484 54369108
5
13532484 54369108 199443372 302576346 570786044
5
13532484 52320985 54369108 117226461 181315680
4
8088678 54369108 172961298 302576346
1
877528775
1
13532484
5
52320985 54369108 85097074 302576346 324588456
5
8088678 13532484 54369108 295151904 302576346
4
54369108 199443372 302576346 324588456
2
141272822 302576346
4
54369108 100134620 302576346 570786044
1
302576346
4
52320985 60665856 239873604 302576346
2
14768460 302576346
4
54369108 212842475 302576346 877528775
5
13532484 52320985 54369108 117226461 181315680
2
54369108 302576346
12
3705456 13532484 52320985 60665856 100134620 133826448 290970498 295151904 302576346 312569361 324588456 690185600
1
13532484
4
3086380 52320985 54369108 302576346
4
13532484 52320985 54369108 120082172
0

2
72168388 302576346
4
172961298 199443372 302576346 582412363
3
54369108 199443372 302576346
3
52320985 54369108 302576346
3
13532484 52320985 302576346
3
13532484 85097074 302576346
5
52320985 234486790 239873604 295151904 302576346
0

3
52320985 54369108 239873604
2
13532484 302576346
2
14768460 302576346
2
100134620 302576346
2
302576346 324588456
4
52320985 302576346 324588456 877528775
5
13532484 54369108 302576346 342723298 877528775
3
54369108 302576346 324588456
3
239873604 302576346 594023224
3
52320985 54369108 141272822
3
52320985 72168388 302576346
5
13532484 33229504 52320985 85097074 302576346
7
13532484 69094294 72168388 85097074 100134620 302576346 877528775
1
54369108
3
13532484 54369108 302576346
9
13532484 33229504 52320985 54369108 79671786 302576346 324588456 359357400 901313655
7
13532484 33229504 52320985 54369108 163739923 302576346 877528775
2
54369108 302576346
6
13532484 52320985 54369108 172961298 302576346 877528775
1
13532484
3
52320985 54369108 302576346
2
13532484 877528775
9
52320985 60665856 85097074 100134620 245715000 302576346 324588456 570786044 570786044
3
33229504 54369108 877528775
5
13532484 52320985 85097074 133826448 302576346
2
85097074 324588456
1
302576346
5
13532484 52320985 117226461 180052670 302576346
2
54369108 302576346
3
13532484 54369108 302576346
4
13532484 54369108 79671786 295151904
6
13532484 41012442 85097074 120082172 302576346 491690082
2
54369108 302576346
9
13532484 33229504 52320985 54369108 79671786 302576346 324588456 359357400 901313655
3
13532484 85097074 302576346
3
13532484 85097074 302576346
1
302576346
4
54369108 60665856 302576346 877528775
4
52320985 62174607 85097074 302576346
1
52320985
3
52320985 54369108 120082172
2
13532484 302576346
5
33229504 52320985 54369108 302576346 324588456
2
13532484 302576346
3
13532484 302576346 324588456
3
54369108 199443372 302576346
2
13532484 324588456
3
52320985 302576346 525209310
4
52320985 54369108 302576346 453190410
5
13532484 52320985 52346085 79671786 764782890
2
13532484 302576346
5
54369108 60665856 115841520 181315680 302576346
2
52320985 302576346
1
302576346
4
3705456 52320985 120082172 302576346
2
54369108 302576346
4
13532484 52320985 79671786 302576346
1
302576346
4
54369108 60665856 302576346 877528775
2
33229504 302576346
1
877528775
2
172961298 302576346
5
41012442 52320985 100134620 120082172 302576346
4
54369108 115841520 302576346 324588456
5
13532484 54369108 85097074 302576346 453190410
2
172961298 302576346
5
14768460 54369108 133826448 302576346 594023224
5
13532484 52320985 54369108 120082172 302576346
4
8088678 54369108 172961298 302576346
0

2
13532484 239873604
2
302576346 436881925
3
52320985 302576346 525209310
5
33229504 52320985 54369108 302576346 324588456
3
60665856 69094294 302576346
7
52320985 54369108 69094294 100134620 120082172 302576346 877528775
9
52320985 60665856 85097074 100134620 245715000 302576346 324588456 570786044 570786044
4
13532484 54369108 302576346 324588456
2
13532484 180052670
1
302576346
5
33229504 52320985 60665856 234486790 302576346
3
52320985 54369108 302576346
3
52320985 54369108 141272822
1
302576346
2
72168388 302576346
6
13532484 52320985 54369108 60665856 76998941 302576346
4
3705456 52320985 54369108 199443372
1
302576346
3
13532484 60665856 302576346
2
13532484 302576346
0

2
52320985 302576346
3
8088678 54369108 208582818
5
8088678 21104820 115841520 302576346 512021040
5
13532484 54369108 85097074 302576346 453190410
3
13532484 60665856 302576346
5
54369108 133826448 302576346 360072567 582412363
4
13532484 52320985 324588456 467336652
2
52320985 133826448
2
13532484 302576346
3
13532484 54369108 302576346
2
141272822 302576346
7
52320985 54369108 60665856 76998941 120082172 181315680 302576346
2
54369108 302576346
1
54369108
4
13532484 54369108 141272822 199443372
3
13532484 52320985 302576346
5
3705456 13532484 52320985 245715000 302576346
7
54369108 72168388 85097074 100134620 120082172 199443372 302576346
3
52320985 54369108 302576346
3
54369108 60665856 172961298
1
302576346
9
13532484 33229504 52320985 54369108 79671786 302576346 324588456 359357400 901313655
2
52320985 54369108
2
302576346 324588456
2
8088678 54369108
4
13532484 54369108 302576346 324588456
7
13532484 52320985 239873604 302576346 324588456 525209310 877528775
1
84070556
3
54369108 302576346 582412363
3
52320985 302576346 324588456
6
52320985 54369108 60665856 68656480 302576346 570786044
3
52320985 302576346 324588456
3
52320985 72168388 302576346
3
52320985 72168388 302576346
4
13532484 54369108 208582818 302576346
4
120082172 302576346 324588456 525209310
1
13532484
1
13532484
1
877528775
5
8088678 13532484 54369108 295151904 302576346
2
141272822 302576346
4
3705456 52320985 120082172 302576346
2
54369108 302576346
4
13532484 52320985 54369108 120082172
3
54369108 141272822 302576346
1
13532484
2
52320985 133826448
2
54369108 302576346
3
52320985 245715000 302576346
2
54369108 302576346
5
13532484 52320985 54369108 302576346 570786044
3
3705456 302576346 324588456
6
33229504 52320985 54369108 60665856 117226461 120082172
3
13532484 302576346 324588456
5
13532484 54369108 206016777 302576346 324588456
3
13532484 54369108 302576346
3
54369108 302576346 582412363
2
100134620 302576346
5
52320985 54369108 60665856 117226461 302576346
3
52320985 54369108 120082172
7
52320985 54369108 60665856 76998941 120082172 181315680 302576346
3
13532484 52320985 54369108
3
13532484 85097074 302576346
1
302576346
3
33229504 54369108 133826448
9
52320985 60665856 85097074 100134620 245715000 302576346 324588456 570786044 570786044
3
52320985 54369108 302576346
5
13532484 54369108 85097074 302576346 453190410
7
13532484 52320985 60665856 115841520 290970498 302576346 324588456
2
54369108 302576346
6
3086380 3705456 13532484 52320985 54369108 180052670
1
302576346
8
3705456 54369108 85097074 133826448 235718210 302576346 324588456 901313655
3
39427635 54369108 302576346
2
52320985 525209310
1
51149840
3
52320985 54369108 239873604
2
172961298 302576346
7
13532484 52320985 60665856 115841520 290970498 302576346 324588456
2
33229504 302576346
3
69094294 239873604 302576346
6
13532484 52320985 54369108 172961298 302576346 877528775
8
3705456 54369108 85097074 133826448 235718210 302576346 324588456 901313655
5
13532484 52320985 117226461 180052670 302576346
3
13532484 52320985 302576346
3
13532484 85097074 302576346
2
54369108 525209310
3
52320985 302576346 324588456
3
54369108 302576346 618963999
3
54369108 199443372 302576346
3
13532484 54369108 302576346
1
51149840
1
52320985
7
13532484 52320985 239873604 302576346 324588456 525209310 877528775
8
13532484 52320985 69094294 76998941 133826448 239873604 302576346 324588456
0

5
3086380 54369108 199443372 239873604 302576346
2
13532484 239873604
2
13532484 239873604
5
3705456 13532484 54369108 295151904 302576346
3
54369108 141272822 302576346
5
3086380 54369108 199443372 239873604 302576346
2
54369108 302576346
2
13532484 302576346
3
13532484 52320985 54369108
4
3705456 60665856 100134620 302576346
5
52320985 85097074 120082172 245715000 302576346
2
302576346 525209310
2
3086380 13532484
7
13532484 33229504 52320985 54369108 120082172 199443372 302576346
3
52320985 302576346 877528775
2
13532484 190969830
4
52320985 60665856 117226461 239873604
2
13532484 302576346
2
342723298 877528775
7
4630338 52320985 54369108 76998941 206016777 302576346 324588456
2
141272822 302576346
5
54369108 133826448 302576346 360072567 582412363
3
54369108 199443372 302576346
0

3
100134620 302576346 877528775
4
52320985 54369108 302576346 407024384
4
52320985 54369108 295151904 403949682
0

4
13532484 54369108 199443372 239873604
2
245715000 302576346
4
13532484 52320985 54369108 302576346
1
302576346
8
52320985 54369108 85097074 120082172 133826448 239873604 302576346 349428598
8
52320985 54369108 85097074 120082172 133826448 239873604 302576346 349428598
3
52320985 54369108 120082172
4
52320985 302576346 324588456 877528775
6
33229504 52320985 54369108 85097074 117226461 302576346
3
52320985 54369108 302576346
6
52320985 60665856 206016777 302576346 453190410 525209310
1
100134620
5
13532484 54369108 133826448 239873604 302576346
9
52320985 60665856 85097074 100134620 245715000 302576346 324588456 570786044 570786044
1
100134620
5
33229504 52320985 60665856 234486790 302576346
3
52320985 54369108 302576346
3
85097074 302576346 324588456
7
13532484 51149840 54369108 85097074 199443372 302576346 877528775
2
54369108 302576346
2
13532484 239873604
4
13532484 54369108 79671786 295151904
0

6
13532484 52320985 54369108 172961298 302576346 877528775
5
52320985 85097074 120082172 245715000 302576346
1
302576346
8
52320985 54369108 85097074 120082172 133826448 239873604 302576346 349428598
3
54369108 302576346 324588456
1
13532484
4
13532484 33229504 54369108 618963999
5
13532484 52320985 54369108 117226461 181315680
1
13532484
2
13532484 72168388
7
13532484 69094294 72168388 85097074 100134620 302576346 877528775
4
13532484 52320985 54369108 120082172
2
13532484 302576346
6
13532484 41012442 85097074 120082172 302576346 491690082
3
52320985 54369108 141272822
0

2
54369108 302576346
2
54369108 302576346
7
13532484 52320985 60665856 115841520 290970498 302576346 324588456
7
13532484 33229504 54369108 79671786 141272822 302576346 360072567
2
13532484 302576346
7
54369108 72168388 85097074 100134620 120082172 199443372 302576346
3
52320985 54369108 302576346
2
54369108 302576346
1
54369108
4
52320985 100134620 302576346 571023992
4
54369108 60665856 69094294 302576346
4
3705456 52320985 120082172 302576346
1
54369108
1
54369108
5
33229504 52320985 54369108 302576346 349904330
3
52320985 60665856 302576346
1
54369108
2
13532484 302576346
2
54369108 302576346
5
54369108 60665856 115841520 181315680 302576346
2
342723298 877528775
2
3086380 13532484
4
13532484 54369108 199443372 239873604
3
52320985 302576346 453190410
7
13532484 33229504 54369108 79671786 141272822 302576346 360072567
4
54369108 302576346 324588456 877528775
9
3086380 8088678 13532484 33229504 52320985 54369108 79671786 120082172 180052670
7
13532484 52320985 239873604 302576346 324588456 525209310 877528775
5
52320985 54369108 60665856 117226461 302576346
2
245715000 302576346
4
54369108 199443372 302576346 324588456
4
54369108 199443372 302576346 324588456
3
85097074 302576346 324588456
5
13532484 52320985 54369108 120082172 302576346
4
13532484 85097074 302576346 570786044
5
41012442 52320985 100134620 120082172 302576346
1
52320985
3
52320985 245715000 302576346
3
39427635 54369108 302576346
3
13532484 52320985 302576346
4
13532484 120082172 302576346 570786044
5
13532484 54369108 85097074 302576346 453190410
9
3086380 8088678 13532484 33229504 52320985 54369108 79671786 120082172 180052670
2
13532484 60665856
5
33229504 52320985 54369108 302576346 324588456
7
54369108 72168388 85097074 100134620 120082172 199443372 302576346
1
52320985
4
4630338 13532484 52320985 266848530
5
13532484 33229504 52320985 302576346 570786044
2
14768460 302576346
5
52320985 54369108 295151904 302576346 513634618
5
33229504 52320985 54369108 218589519 302576346
2
33229504 302576346
6
33229504 76998941 302576346 324588456 877528775 901313655
2
13532484 302576346
6
13532484 52320985 54369108 117226461 239873604 302576346
4
13532484 54369108 302576346 324588456
1
877528775
5
13532484 52320985 117226461 180052670 302576346
0

0

4
13532484 52320985 60665856 302576346
5
54369108 76998941 185924484 239873604 302576346
6
13532484 41012442 85097074 120082172 302576346 491690082
1
52320985
3
69094294 239873604 302576346
3
133826448 266848530 302576346
3
13532484 85097074 302576346
3
13532484 52320985 54369108
2
13532484 131285440
3
100134620 302576346 877528775
3
22840416 199443372 302576346
7
54369108 72168388 85097074 100134620 120082172 199443372 302576346
3
13532484 100134620 302576346
0

3
239873604 302576346 594023224
2
85097074 302576346
3
293018544 302576346 324588456
2
172961298 302576346
2
13532484 120082172
4
13532484 54369108 302576346 324588456
3
52320985 120082172 302576346
3
13532484 52320985 302576346
6
13532484 52320985 54369108 172961298 302576346 877528775
7
13532484 69094294 115841520 239873604 302576346 324588456 525209310
1
302576346
3
52320985 117226461 302576346
9
52320985 60665856 85097074 100134620 245715000 302576346 324588456 570786044 570786044
1
51149840
1
302576346
7
13532484 69094294 115841520 239873604 302576346 324588456 525209310
5
13532484 52320985 54369108 199443372 302576346
3
52320985 54369108 239873604
4
13532484 54369108 208582818 302576346
4
8088678 54369108 172961298 302576346
4
3705456 52320985 120082172 302576346
3
13532484 100134620 302576346
5
3086380 54369108 199443372 239873604 302576346
4
54369108 60665856 100134620 302576346
4
13532484 52320985 79671786 302576346
0

8
3705456 54369108 85097074 133826448 235718210 302576346 324588456 901313655
1
13532484
4
54369108 115841520 302576346 324588456
4
13532484 54369108 295151904 302576346
2
52320985 525209310
3
52320985 72168388 302576346
2
3086380 13532484
3
52320985 120082172 302576346
1
302576346
3
52320985 302576346 453190410
1
302576346
3
100134620 302576346 877528775
3
13532484 52320985 302576346
5
13532484 52320985 54369108 302576346 570786044
4
3705456 60665856 100134620 302576346
4
33229504 115841520 302576346 324588456
3
13532484 85097074 302576346
1
54369108
5
8088678 21104820 115841520 302576346 512021040
1
13532484
1
54369108
2
33229504 302576346
1
302576346
1
302576346
5
33229504 52320985 54369108 302576346 324588456
4
13532484 52320985 60665856 302576346
1
302576346
2
13532484 302576346
2
302576346 436881925
2
13532484 120082172
7
13532484 52320985 60665856 115841520 290970498 302576346 324588456
2
13532484 120082172
5
13532484 54369108 85097074 302576346 453190410
9
3086380 8088678 13532484 33229504 52320985 54369108 79671786 120082172 180052670
2
52320985 133826448
3
52320985 72168388 302576346
5
3086380 54369108 199443372 239873604 302576346
2
13532484 180052670
3
52320985 302576346 525209310
2
54369108 302576346
4
13532484 54369108 79671786 295151904
4
3705456 60665856 100134620 302576346
6
13532484 52320985 54369108 133826448 199443372 302576346
4
3705456 52320985 120082172 302576346
2
13532484 302576346
6
13532484 52320985 54369108 117226461 239873604 302576346
5
54369108 60665856 115841520 181315680 302576346
3
13532484 54369108 302576346
3
33229504 54369108 133826448
3
76998941 100134620 302576346
3
3705456 13532484 302576346
5
13532484 33229504 52320985 302576346 570786044
1
302576346
1
13532484
5
3705456 13532484 52320985 245715000 302576346
1
302576346
4
13532484 52320985 54369108 120082172
5
33229504 52320985 60665856 234486790 302576346
6
52346085 54369108 199443372 233584481 235718210 302576346
0

3
54369108 141272822 302576346
4
52320985 54369108 302576346 877528775
3
52320985 302576346 453190410
4
72168388 115841520 302576346 877528775
5
13532484 33229504 52320985 180052670 302576346
7
33229504 54369108 172961298 199443372 302576346 324588456 349428598
2
54369108 302576346
3
13532484 52320985 54369108
2
13532484 302576346
4
54369108 60665856 302576346 877528775
3
54369108 199443372 302576346
2
54369108 302576346
8
3086380 52320985 54369108 85097074 100134620 120082172 302576346 571023992
5
13532484 54369108 133826448 239873604 302576346
1
302576346
3
54369108 199443372 302576346
3
54369108 141272822 302576346
1
51149840
4
13532484 52320985 54369108 120082172
0

2
13532484 302576346
4
13532484 52320985 54369108 120082172
5
8088678 13532484 54369108 295151904 302576346
1
13532484
2
54369108 302576346
5
13532484 52320985 54369108 120082172 302576346
3
52320985 54369108 239873604
6
33229504 76998941 302576346 324588456 877528775 901313655
4
13532484 52320985 79671786 266848530
3
54369108 199443372 302576346
4
13532484 52320985 54369108 120082172
2
54369108 302576346
3
52320985 54369108 239873604
1
302576346
2
13532484 302576346
4
52320985 62174607 85097074 302576346
3
8088678 54369108 208582818
4
13532484 54369108 208582818 302576346
2
245715000 302576346
7
33229504 54369108 172961298 199443372 302576346 324588456 349428598
1
13532484
3
52320985 245715000 302576346
2
13532484 324588456
4
52320985 54369108 199443372 302576346
7
13532484 33229504 54369108 79671786 141272822 302576346 360072567
0

6
13532484 52320985 72168388 79671786 302576346 877528775
1
13532484
4
54369108 115841520 302576346 324588456
4
13532484 52320985 79671786 266848530
0

5
13532484 15376534 52320985 79671786 120082172
3
239873604 302576346 594023224
5
54369108 133826448 302576346 360072567 582412363
4
54369108 302576346 324588456 877528775
3
76998941 100134620 302576346
1
302576346
2
52320985 302576346
7
4630338 52320985 54369108 76998941 206016777 302576346 324588456
6
52346085 54369108 199443372 233584481 235718210 302576346
4
13532484 54369108 295151904 302576346
5
13532484 33229504 52320985 302576346 570786044
2
13532484 60665856
0

1
13532484
4
13532484 54369108 79671786 295151904
1
13532484
4
52320985 60665856 239873604 302576346
2
13532484 239873604
5
13532484 54369108 302576346 342723298 877528775
5
52320985 54369108 60665856 117226461 302576346
1
302576346
3
52320985 54369108 239873604
2
52320985 525209310
5
41012442 52320985 100134620 120082172 302576346
2
54369108 302576346
8
3086380 52320985 54369108 85097074 100134620 120082172 302576346 571023992
5
133826448 245715000 302576346 570786044 877528775
3
3705456 302576346 324588456
3
13532484 52320985 302576346
5
33229504 52320985 60665856 234486790 302576346
2
52320985 54369108
6
13532484 52320985 72168388 79671786 302576346 877528775
2
13532484 302576346
2
85097074 302576346
3
295151904 302576346 324588456
3
52320985 72168388 302576346
3
13532484 52320985 302576346
4
13532484 54369108 199443372 239873604
4
52320985 62174607 85097074 302576346
3
8088678 54369108 208582818
5
54369108 133826448 302576346 360072567 582412363
4
33229504 115841520 302576346 324588456
4
54369108 60665856 302576346 877528775
1
302576346
2
100134620 302576346
2
302576346 324588456
1
302576346
3
13532484 85097074 302576346
5
13532484 52320985 54369108 120082172 302576346
5
133826448 245715000 302576346 570786044 877528775
3
13532484 52320985 54369108
5
52320985 234486790 239873604 295151904 302576346
1
525209310
7
52320985 54369108 60665856 76998941 120082172 181315680 302576346
4
13532484 69094294 79671786 115841520
2
54369108 302576346
4
52320985 54369108 302576346 453190410
3
13532484 52320985 302576346
0

3
85097074 302576346 324588456
1
52320985
5
41012442 52320985 100134620 120082172 302576346
7
13532484 69094294 115841520 239873604 302576346 324588456 525209310
5
13532484 52320985 54369108 117226461 181315680
3
13532484 60665856 302576346
5
13532484 15376534 52320985 79671786 120082172
6
3086380 3705456 13532484 52320985 54369108 180052670
5
13532484 52320985 54369108 117226461 181315680
4
13532484 85097074 302576346 570786044
3
52320985 60665856 302576346
3
293018544 302576346 324588456
5
3705456 54369108 302576346 324588456 664302710
5
13532484 33229504 52320985 85097074 302576346
4
120082172 302576346 324588456 525209310
4
54369108 302576346 324588456 877528775
1
302576346
6
33229504 52320985 54369108 85097074 117226461 302576346
1
52320985
2
85097074 302576346
1
302576346
2
54369108 525209310
3
52320985 54369108 239873604
7
13532484 33229504 52320985 54369108 120082172 199443372 302576346
2
13532484 239873604
4
13532484 54369108 141272822 199443372
4
54369108 212842475 302576346 877528775
2
13532484 239873604
4
172961298 199443372 302576346 582412363
4
13532484 54369108 199443372 239873604
4
52320985 62174607 85097074 302576346
6
33229504 52320985 54369108 85097074 117226461 302576346
7
13532484 33229504 54369108 79671786 141272822 302576346 360072567
2
13532484 302576346
1
52320985
3
133826448 266848530 302576346
2
302576346 324588456
4
54369108 100134620 302576346 570786044
3
52320985 54369108 302576346
5
3705456 54369108 302576346 324588456 664302710
4
33229504 115841520 302576346 324588456
3
52320985 302576346 525209310
6
33229504 52320985 54369108 85097074 117226461 302576346
3
13532484 52320985 54369108
7
52320985 54369108 69094294 100134620 120082172 302576346 877528775
1
877528775
2
13532484 239873604
3
22840416 199443372 302576346
1
13532484
2
52320985 525209310
6
54369108 68656480 69094294 85097074 199443372 302576346
9
52320985 60665856 85097074 100134620 245715000 302576346 324588456 570786044 570786044
3
3705456 302576346 324588456
5
52320985 85097074 120082172 245715000 302576346
1
302576346
2
54369108 302576346
4
54369108 60665856 100134620 302576346
3
295151904 302576346 324588456
0

4
72168388 115841520 302576346 877528775
5
13532484 52320985 52346085 79671786 764782890
9
52320985 60665856 85097074 100134620 245715000 302576346 324588456 570786044 570786044
6
54369108 68656480 69094294 85097074 199443372 302576346
1
525209310
7
52320985 54369108 69094294 100134620 120082172 302576346 877528775
4
13532484 52320985 54369108 120082172
5
33229504 52320985 60665856 234486790 302576346
3
8088678 54369108 208582818
2
54369108 302576346
2
3086380 13532484
4
3705456 52320985 54369108 199443372
3
13532484 52320985 54369108
4
13532484 52320985 54369108 302576346
1
13532484
6
54369108 68656480 69094294 85097074 199443372 302576346
5
13532484 52320985 54369108 117226461 181315680
2
13532484 302576346
2
54369108 302576346
1
877528775
4
13532484 54369108 302576346 324588456
6
52320985 60665856 206016777 302576346 453190410 525209310
9
33229504 54369108 60665856 85097074 234486790 290970498 302576346 324588456 854293986
1
302576346
3
76998941 100134620 302576346
4
52320985 60665856 239873604 302576346
6
52346085 54369108 199443372 233584481 235718210 302576346
3
33229504 54369108 877528775
4
52320985 302576346 324588456 877528775
5
13532484 52320985 117226461 180052670 302576346
5
13532484 52320985 54369108 117226461 181315680
2
54369108 302576346
2
13532484 302576346
3
13532484 54369108 302576346
3
54369108 302576346 324588456
7
13532484 52320985 239873604 302576346 324588456 525209310 877528775
4
13532484 85097074 302576346 570786044
5
13532484 33229504 52320985 180052670 302576346
4
52320985 62174607 85097074 302576346
0

7
13532484 33229504 54369108 79671786 141272822 302576346 360072567
6
33229504 52320985 54369108 60665856 117226461 120082172
2
54369108 302576346
5
33229504 52320985 54369108 302576346 349904330
6
3705456 52320985 60665856 302576346 312569361 877528775
0

0

4
97080984 97919940 179936350 713985948
0

0

0

0

0

3
266212226 266212226 363802000
9
61758540 97080984 179936350 266212226 266212226 266572096 272862869 373767636 441956970
4
97919940 266212226 354101904 713985948
0

5
28153983 97080984 179936350 408326052 713985948
0

0

0

0

6
61758540 97080984 97919940 124830110 266212226 354101904
2
117972080 179936350
4
97919940 266212226 266572096 363802000
6
61659902 61758540 97080984 113500400 266212226 266212226
3
97919940 266212226 396323720
0

0

4
61758540 266212226 373767636 713985948
6
28153983 156802152 266212226 266212226 408326052 713985948
9
97919940 179936350 266212226 275007924 300950469 396323720 408326052 408326052 713985948
6
28153983 156802152 266212226 266212226 408326052 713985948
0

0

0

0

0

6
97080984 266212226 266212226 307105397 354101904 396323720
0

0

3
97080984 266212226 266212226
0

3
97919940 266212226 713985948
3
97080984 266212226 396323720
0

0

2
713985948 715630435
0

4
97919940 188337985 275007924 713985948
0

0

6
97080984 117972080 245041842 266212226 363802000 713985948
0

1
354101904
0

3
124830110 266212226 266212226
3
97080984 266212226 266212226
0

0

0

0

0

0

6
97080984 97919940 179936350 266212226 701831686 713985948
0

0

0

0

3
97080984 266212226 713985948
0

0

1
354101904
0

0

5
97080984 97919940 266212226 266212226 713985948
0

8
97080984 97919940 266212226 272862869 300950469 392794535 628480287 713985948
3
2898450 266572096 396323720
4
266212226 373767636 408326052 713985948
0

4
97080984 266212226 266212226 441956970
6
78756198 97080984 97919940 117972080 354101904 713985948
2
179936350 408326052
5
266212226 307105397 354101904 363802000 713985948
0

3
19656027 179936350 354101904
4
38453800 97919940 713985948 715630435
8
97080984 97919940 266212226 272862869 300950469 392794535 628480287 713985948
0

0

2
179936350 408326052
5
97919940 266212226 307105397 325197180 713985948
7
179936350 266212226 266572096 363802000 373767636 408326052 713985948
0

0

0

0

0

4
266212226 266212226 354101904 713985948
6
97080984 97919940 266212226 266212226 275007924 354101904
3
97080984 97919940 266212226
1
354101904
6
97080984 97919940 266212226 266212226 275007924 354101904
6
179936350 266212226 408326052 639492847 713985948 881694359
5
266212226 354101904 363802000 396323720 713985948
2
179936350 408326052
8
61758540 97080984 97919940 117972080 188337985 275007924 628480287 713985948
0

0

0

4
97919940 354101904 370275776 418165398
6
97919940 179936350 216221335 266212226 354101904 713985948
0

0

2
97919940 418165398
3
97919940 179936350 266212226
0

4
97080984 266212226 266212226 441956970
3
97919940 266212226 396323720
0

6
97080984 97919940 179936350 266212226 701831686 713985948
6
61659902 61758540 97080984 113500400 266212226 266212226
2
266212226 441956970
0

3
2898450 266572096 396323720
2
97080984 179936350
9
97919940 179936350 229047962 245041842 266212226 325197180 354101904 396323720 713985948
4
266212226 307105397 354101904 713985948
4
38453800 97919940 713985948 715630435
0

2
713985948 848948951
5
97080984 266212226 266572096 272862869 396323720
1
713985948
4
97080984 97919940 179936350 354101904
6
61659902 61758540 97080984 113500400 266212226 266212226
3
97080984 97919940 354101904
0

3
97919940 408326052 713985948
0

5
28153983 97080984 179936350 408326052 713985948
0

0

0

0

5
89460846 97080984 97919940 117972080 354101904
0

0

4
97080984 266212226 266212226 441956970
0

9
97919940 179936350 229047962 245041842 266212226 325197180 354101904 396323720 713985948
0

0

6
97919940 179936350 216221335 266212226 354101904 713985948
7
7883863 38453800 97919940 179936350 266212226 354101904 713985948
0

9
97919940 173185727 216221335 266212226 266572096 272862869 354101904 396323720 713985948
0

0

0

0

0

6
61758540 97919940 188337985 266212226 354101904 713985948
0

0

6
28153983 97080984 97919940 266212226 363802000 713985948
2
97919940 275007924
0

6
28153983 97080984 97919940 266212226 363802000 713985948
0

6
28153983 97080984 266212226 266212226 354101904 713985948
0

0

6
524581 97080984 266212226 266212226 307105397 354101904
0

0

0

0

8
156679536 179936350 266212226 266572096 272862869 354101904 363802000 441956970
0

0

0

0

0

1
97919940
4
97080984 266212226 266212226 441956970
6
97080984 266212226 266572096 354101904 441956970 713985948
0

0

4
61758540 266212226 363802000 713985948
2
266212226 713985948
2
325197180 354101904
7
179936350 266212226 266572096 354101904 363802000 373767636 713985948
4
97080984 132834006 266572096 713985948
5
97919940 216221335 363802000 408326052 713985948
6
28153983 156802152 266212226 266212226 408326052 713985948
4
97919940 266212226 354101904 713985948
0

0

0

0

7
113500400 132834006 179936350 266212226 266212226 266572096 354101904
0

7
179936350 266212226 266572096 363802000 373767636 408326052 713985948
5
97080984 266212226 363802000 396323720 441956970
6
28153983 61758540 97080984 179936350 303133159 354101904
0

0

4
97080984 97919940 266212226 318574512
0

4
97919940 266212226 441956970 713985948
5
97919940 113500400 266212226 354101904 373767636
0

1
97919940
0

0

4
61758540 179936350 266212226 713985948
0

0

0

7
97080984 117972080 179936350 266212226 272862869 396323720 713985948
1
97919940
5
266212226 354101904 363802000 396323720 713985948
4
97080984 114299640 354101904 441956970
0

6
97080984 97919940 179936350 266212226 701831686 713985948
0

0

0

0

0

0

9
524581 89460846 97919940 160954653 266212226 275007924 307105397 354101904 363802000
0

5
28153983 97080984 97919940 117972080 373767636
0

0

3
97919940 188337985 363802000
0

0

0

0

0

5
97919940 266572096 300950469 354101904 713985948
0

0

0

0

6
19656027 78756198 97919940 179936350 266212226 713985948
0

0

0

1
266212226
0

0

2
117972080 179936350
0

1
354101904
6
78756198 113500400 266212226 396323720 408326052 713985948
0

0

3
2898450 266572096 396323720
7
97080984 179936350 266212226 266212226 363802000 408326052 713985948
0

4
266212226 266572096 330549540 636607820
5
97080984 266212226 266572096 272862869 396323720
3
97080984 97919940 266212226
0

5
97080984 266212226 266572096 272862869 396323720
0

0

0

6
97080984 179936350 266212226 266572096 441956970 713985948
5
28153983 97080984 97919940 117972080 373767636
0

0

9
97919940 173185727 216221335 266212226 266572096 272862869 354101904 396323720 713985948
0

4
502600 179936350 266212226 354101904
0

4
97919940 266212226 354101904 713985948
0

1
713985948
7
38453800 97080984 97919940 130927106 354101904 441956970 713985948
4
97919940 266212226 266572096 363802000
6
28153983 107199640 114299640 266212226 408326052 713985948
5
97080984 179936350 266212226 266212226 354101904
0

0

4
82360110 113500400 266212226 266212226
6
28153983 97080984 97919940 266212226 363802000 713985948
6
97919940 179936350 198348480 266212226 354101904 713985948
0

0

0

0

0

4
97919940 266212226 300950469 363802000
0

2
544460913 713985948
0

0

5
97919940 266572096 300950469 354101904 713985948
0

6
78756198 97080984 97919940 117972080 354101904 713985948
0

0

5
179936350 266212226 288851472 363802000 713985948
5
97080984 259223844 266212226 363802000 441956970
0

7
38453800 97080984 97919940 130927106 354101904 441956970 713985948
0

2
5524324 266212226
6
28153983 156802152 266212226 266212226 408326052 713985948
0

0

3
179936350 266212226 363802000
4
266212226 307105397 354101904 713985948
0

2
179936350 354101904
5
97080984 259223844 266212226 363802000 441956970
0

0

6
97919940 179936350 198348480 266212226 354101904 713985948
9
524581 89460846 97919940 160954653 266212226 275007924 307105397 354101904 363802000
5
97080984 97919940 266212226 396323720 713985948
0

0

0

0

6
97080984 97919940 117972080 266212226 266212226 636607820
2
544460913 713985948
3
19656027 179936350 354101904
0

2
266212226 363802000
4
61758540 97919940 266212226 266572096
5
97919940 216221335 363802000 408326052 713985948
9
61758540 97080984 179936350 266212226 266212226 266572096 272862869 373767636 441956970
6
97919940 179936350 216221335 266212226 354101904 713985948
0

6
97919940 179936350 216221335 266212226 354101904 713985948
6
28153983 107199640 114299640 266212226 408326052 713985948
0

5
28153983 78756198 97080984 97919940 713985948
3
266212226 266212226 363802000
0

6
61758540 97919940 266212226 266572096 408326052 713985948
5
28153983 78756198 97080984 97919940 713985948
0

0

0

0

3
97919940 266212226 396323720
0

0

5
97080984 259223844 266212226 363802000 441956970
0

0

4
97080984 132834006 266212226 266572096
0

5
97080984 179936350 266212226 266572096 396323720
0

5
97080984 179936350 266212226 266212226 354101904
0

0

0

0

4
97080984 97919940 179936350 713985948
0

4
156679536 354101904 441956970 713985948
0

2
97919940 354101904
0

0

0

0

0

0

3
97919940 188337985 363802000
2
97080984 179936350
3
266212226 266212226 363802000
5
97080984 130370758 215140496 266212226 363802000
5
97080984 266212226 363802000 396323720 441956970
2
266212226 363802000
6
28153983 97080984 266212226 266212226 354101904 713985948
0

0

5
97919940 179936350 266212226 266572096 363802000
5
97919940 266212226 266212226 354101904 363802000
0

0

5
28153983 97080984 97919940 117972080 373767636
0

0

0

0

4
502600 179936350 266212226 354101904
0

0

0

8
87459239 97080984 97919940 266212226 266212226 354101904 363802000 799730174
2
173185727 713985948
6
97080984 97919940 113500400 179936350 266212226 441956970
0

6
97080984 179936350 266572096 408326052 441956970 713985948
0

0

0

0

0

3
97080984 266212226 266212226
1
266212226
0

6
61758540 97919940 266212226 266572096 408326052 713985948
0

4
97919940 266212226 430865814 713985948
2
97080984 97919940
0

0

0

0

0

0

0

2
97919940 275007924
4
61758540 266212226 373767636 713985948
4
97919940 354101904 370275776 418165398
4
61758540 179936350 266212226 266212226
3
97919940 576885584 713985948
6
61758540 97080984 266212226 266212226 363802000 396323720
3
97919940 259223844 713985948
5
97919940 266212226 307105397 325197180 713985948
0

4
97919940 156679536 354101904 441956970
0

0

0

2
266212226 713985948
0

0

0

3
179936350 266212226 363802000
0

0

0

1
713985948
4
502600 179936350 266212226 354101904
6
97080984 97919940 266212226 266572096 272862869 354101904
5
97080984 97919940 179936350 266212226 354101904
0

9
97080984 97919940 179936350 266212226 266212226 363802000 396323720 408326052 713985948
0

0

0

8
97080984 113500400 216221335 259223844 266212226 266212226 354101904 363802000
5
38453800 97080984 266212226 441956970 713985948
0

6
61758540 124830110 132834006 266212226 266212226 354101904
0

0

0

6
97080984 97919940 266212226 266572096 275007924 628480287
0

2
97919940 354101904
3
97919940 266212226 713985948
0

0

4
97080984 97919940 266212226 354101904
0

6
97080984 97919940 266212226 266572096 272862869 354101904
2
97919940 354101904
4
266212226 307105397 354101904 713985948
0

6
97080984 97919940 266212226 266572096 272862869 354101904
2
266212226 354101904
0

4
97080984 97919940 179936350 713985948
2
266572096 354101904
2
363802000 713985948
0

0

7
97919940 113500400 266212226 307105397 354101904 363802000 396323720
2
266212226 396323720
3
369944 97919940 266212226
0

0

0

6
61758540 179936350 266212226 363802000 628480287 713985948
0

0

0

3
97919940 266212226 396323720
2
266212226 272862869
0

0

0

6
28153983 97080984 266212226 266212226 354101904 713985948
0

0

1
713985948
0

0

3
266212226 266572096 418165398
0

0

5
7853908 97080984 97919940 354101904 713985948
0

6
61659902 61758540 97080984 113500400 266212226 266212226
0

0

7
113500400 132834006 179936350 266212226 266212226 266572096 354101904
6
87459239 113500400 132834006 266212226 363802000 713985948
0

0

0

0

4
97080984 266212226 363802000 441956970
0

0

0

0

4
97919940 179936350 266212226 713985948
0

4
61758540 97080984 266212226 354101904
0

3
266212226 354101904 713985948
0

5
117972080 266212226 272862869 354101904 396323720
0

5
97919940 266572096 354101904 408326052 713985948
0

0

0

5
97080984 97919940 179936350 408326052 713985948
0

0

2
713985948 715630435
0

7
97080984 117972080 179936350 266212226 354101904 705793573 713985948
4
156679536 354101904 441956970 713985948
0

0

0

6
61758540 97080984 97919940 124830110 266212226 354101904
0

6
97080984 97919940 188337985 266212226 330549540 354101904
5
97919940 113500400 266212226 354101904 373767636
2
713985948 715630435
0

0

0

4
216221335 266212226 363802000 713985948
5
97919940 113500400 130370758 266212226 713985948
4
97080984 266212226 266212226 441956970
5
97080984 97919940 179936350 408326052 713985948
0

2
97080984 713985948
0

0

0

5
97080984 97919940 266212226 396323720 713985948
2
179936350 408326052
0

0

0

5
89460846 97080984 97919940 117972080 354101904
4
97080984 97919940 266212226 318574512
9
97080984 113500400 266212226 266572096 354101904 408326052 408685728 441956970 713985948
0

0

3
97919940 259223844 713985948
0

0

0

5
97080984 97919940 266212226 266212226 713985948
0

0

4
97080984 132834006 266572096 713985948
3
132834006 408326052 713985948
0

5
19656027 97919940 179936350 188337985 713985948
3
97080984 97919940 266212226
0

0

0

0

3
369944 97919940 266212226
0

6
97080984 97919940 179936350 266212226 701831686 713985948
5
28153983 97080984 179936350 408326052 713985948
7
97080984 179936350 266212226 354101904 408326052 701831686 713985948
0

0

0

4
61758540 97080984 266212226 354101904
0

6
28153983 156802152 266212226 266212226 408326052 713985948
0

0

5
28153983 97080984 179936350 408326052 713985948
3
97919940 266212226 332162264
2
266212226 713985948
4
61758540 179936350 266212226 713985948
0

4
97080984 132834006 266212226 266572096
0

6
97080984 97919940 188337985 266212226 330549540 354101904
0

0

7
179936350 266212226 266572096 363802000 373767636 408326052 713985948
0

2
266212226 441956970
2
713985948 848948951
0

0

2
179936350 408326052
0

5
97919940 179936350 266212226 300950469 713985948
0

0

0

0

0

4
97919940 266212226 354101904 713985948
5
97919940 266572096 300950469 354101904 713985948
0

0

0

0

7
28153983 97919940 130370758 179936350 266212226 266212226 363802000
3
97919940 179936350 354101904
4
97919940 266212226 354101904 713985948
3
179936350 266212226 418385364
3
97919940 408326052 713985948
0

0

3
97080984 117972080 266212226
0

0

3
27696744 266212226 354101904
5
28153983 78756198 97080984 97919940 713985948
0

0

0

0

9
97919940 173185727 216221335 266212226 266572096 272862869 354101904 396323720 713985948
6
97080984 266212226 266212226 266572096 354101904 713985948
5
28153983 97080984 179936350 408326052 713985948
4
97080984 97919940 179936350 354101904
4
82360110 113500400 266212226 266212226
0

3
97919940 408326052 713985948
6
97919940 188337985 266212226 266212226 354101904 713985948
4
173185727 266212226 363802000 408326052
2
363802000 713985948
4
179936350 266212226 408326052 713985948
3
97080984 266212226 266212226
3
97919940 266212226 332162264
5
91734700 266212226 354101904 418165398 713985948
4
173185727 266212226 363802000 408326052
0

0

0

0

0

5
97080984 266212226 266572096 354101904 396323720
0

5
97919940 266572096 300950469 354101904 713985948
0

0

4
97919940 266212226 408326052 713985948
0

0

4
97080984 114299640 354101904 441956970
0

3
97919940 354101904 713985948
0

4
97080984 114299640 354101904 441956970
1
266212226
0

4
97919940 188337985 513849649 713985948
0

0

5
28153983 97080984 179936350 266212226 713985948
0

0

5
97919940 179936350 266212226 300950469 713985948
0

0

0

0

0

2
266572096 354101904
4
97919940 179936350 266212226 713985948
0

0

0

8
97080984 97919940 259223844 266212226 354101904 363802000 408326052 713985948
4
97080984 97919940 441956970 713985948
4
28153983 97919940 266572096 713985948
0

5
97080984 97919940 179936350 266212226 354101904
3
97080984 97919940 266572096
0

0

0

0

0

3
97919940 354101904 713985948
8
524581 132834006 179936350 216221335 266212226 396323720 408326052 713985948
0

3
97919940 266212226 354101904
5
97919940 266572096 354101904 408326052 713985948
0

0

0

0

6
97919940 179936350 216221335 266212226 354101904 713985948
4
156679536 354101904 441956970 713985948
7
97919940 266212226 266572096 275007924 363802000 408326052 713985948
4
97919940 266212226 441956970 713985948
4
97919940 354101904 370275776 418165398
3
97919940 408326052 713985948
0

0

6
61758540 97080984 97919940 124830110 266212226 354101904
0

0

5
97080984 97919940 266212226 441956970 713985948
5
113500400 179936350 266212226 266572096 396323720
7
97080984 117972080 266212226 266212226 266572096 330852368 354101904
7
97919940 113500400 266212226 307105397 354101904 363802000 396323720
0

0

0

5
97080984 130370758 215140496 266212226 363802000
6
524581 97080984 266212226 266212226 307105397 354101904
7
179936350 266572096 354101904 408326052 441956970 713985948 881694359
0

7
61758540 97080984 117972080 266212226 266212226 330549540 354101904
2
363802000 713985948
2
179936350 354101904
2
97080984 266212226
5
97080984 266212226 266572096 354101904 396323720
0

3
113500400 396323720 713985948
5
97919940 179936350 266212226 266572096 363802000
3
97080984 179936350 354101904
0

0

0

4
97919940 307105397 418165398 713985948
1
354101904
0

4
97919940 266212226 430865814 713985948
0

9
61758540 97080984 179936350 266212226 266212226 266572096 272862869 373767636 441956970
0

0

7
28153983 97919940 130370758 179936350 266212226 266212226 363802000
0

3
97919940 354101904 713985948
0

0

0

0

0

2
97080984 266212226
8
97080984 97919940 259223844 266212226 354101904 363802000 408326052 713985948
5
28153983 78756198 97080984 97919940 713985948
0

9
97919940 179936350 229047962 245041842 266212226 325197180 354101904 396323720 713985948
3
97919940 179936350 354101904
2
266212226 713985948
4
179936350 266212226 266572096 363802000
2
266212226 713985948
0

9
97080984 113500400 266212226 266572096 354101904 408326052 408685728 441956970 713985948
0

0

6
78756198 97080984 97919940 117972080 354101904 713985948
2
325197180 354101904
6
97080984 179936350 266212226 266572096 441956970 713985948
0

0

0

4
97080984 179936350 266212226 266212226
5
97080984 179936350 266212226 266572096 396323720
0

9
61758540 97080984 179936350 266212226 266212226 266572096 272862869 373767636 441956970
0

6
19656027 78756198 97919940 179936350 266212226 713985948
4
266212226 373767636 408326052 713985948
0

0

4
61758540 266212226 373767636 713985948
0

0

0

3
97080984 179936350 354101904
0

0

0

6
87459239 97080984 97919940 188337985 266212226 363802000
0

0

6
97919940 188337985 266212226 266212226 266572096 713985948
0

2
713985948 848948951
0

6
179936350 266212226 408326052 639492847 713985948 881694359
6
87459239 97080984 97919940 188337985 266212226 363802000
0

0

0

0

0

6
97080984 97919940 266212226 266572096 275007924 628480287
0

5
97919940 113500400 130370758 266212226 713985948
0

0

6
266572096 354101904 408326052 701831686 713985948 881694359
3
102016332 179936350 266212226
0

0

4
266212226 354101904 628480287 713985948
4
225585685 266212226 266572096 354101904
3
97080984 97919940 266212226
0

8
97080984 113500400 216221335 259223844 266212226 266212226 354101904 363802000
0

0

0

6
61758540 97080984 97919940 124830110 266212226 354101904
0

0

0

0

4
97919940 188337985 275007924 713985948
6
97080984 117972080 245041842 266212226 363802000 713985948
0

0

8
61758540 97080984 97919940 117972080 188337985 275007924 628480287 713985948
5
97919940 179936350 266212226 354101904 396323720
8
97080984 124830110 259223844 266212226 266212226 354101904 614862804 713985948
4
266212226 307105397 354101904 713985948
0

6
266572096 354101904 408326052 701831686 713985948 881694359
3
102016332 179936350 266212226
3
97080984 266212226 266212226
5
28153983 97080984 179936350 266212226 713985948
0

0

0

5
97080984 97919940 266212226 396323720 713985948
0

2
97919940 354101904
4
61758540 97919940 266212226 266572096
0

0

0

0

3
97080984 97919940 266572096
2
713985948 848948951
0

0

0

5
97919940 266212226 266212226 354101904 363802000
3
266212226 266572096 418165398
0

0

0

5
97080984 179936350 266212226 266212226 354101904
6
97080984 97919940 117972080 266212226 266212226 636607820
3
97080984 266212226 266212226
4
97919940 266212226 354101904 713985948
0

0

0

3
97080984 97919940 266212226
5
97919940 179936350 266212226 300950469 713985948
4
97080984 266212226 266212226 441956970
3
266212226 354101904 713985948
0

0

3
97919940 188337985 363802000
0

0

0

0

9
97080984 113500400 266212226 266572096 354101904 408326052 408685728 441956970 713985948
5
97919940 266572096 300950469 354101904 713985948
0

0

0

5
266212226 266572096 354101904 363802000 713985948
0

0

4
216221335 266212226 363802000 713985948
0

0

0

5
28153983 97080984 179936350 266212226 713985948
6
97919940 188337985 266212226 266212226 354101904 713985948
0

6
28153983 97080984 97919940 266212226 363802000 713985948
7
97919940 266212226 266572096 275007924 363802000 408326052 713985948
0

0

4
179936350 354101904 408326052 713985948
0

8
97080984 124830110 259223844 266212226 266212226 354101904 614862804 713985948
5
97080984 179936350 266212226 266212226 354101904
6
524581 97080984 266212226 266212226 307105397 354101904
3
113500400 396323720 713985948
0

5
97080984 97919940 266212226 396323720 713985948
0

0

0

4
61758540 266212226 373767636 713985948
4
97919940 266212226 354101904 713985948
4
97080984 266212226 408326052 713985948
0

0

2
266212226 363802000
0

6
61758540 97919940 266212226 266572096 408326052 713985948
6
97080984 97919940 188337985 266212226 330549540 354101904
0

4
225585685 266212226 266572096 354101904
0

4
97080984 266212226 266212226 713985948
6
61758540 179936350 266212226 363802000 628480287 713985948
0

3
97080984 179936350 354101904
0

5
28153983 97080984 97919940 117972080 373767636
0

4
97919940 266212226 354101904 713985948
0

3
97919940 266212226 713985948
0

1
266212226
0

4
97919940 266212226 408326052 713985948
9
524581 89460846 97919940 160954653 266212226 275007924 307105397 354101904 363802000
5
97080984 97919940 266212226 396323720 713985948
7
97080984 117972080 179936350 266212226 272862869 396323720 713985948
0

0

4
82360110 113500400 266212226 266212226
0

2
354101904 713985948
4
97919940 188337985 275007924 713985948
0

0

0

7
7883863 28153983 97080984 179936350 266212226 396323720 441956970
0

0

4
97080984 132834006 266572096 713985948
3
102016332 179936350 266212226
2
266212226 354101904
3
97080984 97919940 354101904
4
97919940 188337985 513849649 713985948
0

2
713985948 848948951
0

0

3
97080984 117972080 266212226
0

4
61758540 97080984 266212226 354101904
0

0

6
97080984 97919940 266212226 266572096 275007924 628480287
5
97919940 266572096 300950469 354101904 713985948
6
97080984 117972080 245041842 266212226 363802000 713985948
0

5
97919940 113500400 130370758 266212226 713985948
0

6
97919940 179936350 216221335 266212226 354101904 713985948
2
179936350 408326052
5
78756198 97080984 216221335 266212226 354101904
2
179936350 408326052
0

4
97919940 266212226 408326052 713985948
5
97919940 266212226 266212226 354101904 363802000
0

9
97919940 179936350 266212226 275007924 300950469 396323720 408326052 408326052 713985948
0

1
354101904
0

2
325197180 354101904
0

0

0

3
97080984 97919940 354101904
0

0

2
354101904 713985948
0

0

3
97919940 354101904 713985948
0

2
354101904 713985948
4
266212226 266572096 330549540 636607820
2
97919940 275007924
6
97080984 117972080 245041842 266212226 363802000 713985948
0

6
19656027 78756198 97919940 179936350 266212226 713985948
2
544460913 713985948
3
97080984 117972080 266212226
4
97080984 132834006 266212226 266572096
0

0

4
5524324 97080984 266212226 396323720
0

0

0

2
173185727 713985948
0

0

0

5
117972080 266212226 272862869 354101904 396323720
4
61758540 318574512 354101904 713985948
8
97080984 124830110 259223844 266212226 266212226 354101904 614862804 713985948
6
61758540 179936350 266212226 363802000 628480287 713985948
5
7853908 97080984 97919940 354101904 713985948
0

0

7
97080984 179936350 266212226 354101904 408326052 701831686 713985948
0

0

3
97919940 266212226 713985948
6
97080984 179936350 266572096 408326052 441956970 713985948
0

0

0

6
97080984 97919940 179936350 266212226 701831686 713985948
2
179936350 266212226
7
369944 97080984 179936350 266212226 332162264 354101904 713985948
4
97919940 188337985 275007924 713985948
0

3
102016332 179936350 266212226
4
97919940 266212226 430865814 713985948
0

5
97080984 97919940 179936350 266212226 354101904
0

2
97080984 266212226
4
97919940 188337985 513849649 713985948
7
179936350 266572096 354101904 408326052 441956970 713985948 881694359
4
97919940 266212226 300950469 363802000
0

0

0

0

5
266212226 266572096 354101904 363802000 713985948
0

0

4
156679536 216221335 266212226 713985948
0

0

0

0

0

4
179936350 354101904 408326052 713985948
0

0

0

3
266212226 266572096 418165398
0

0

2
97080984 97919940
0

8
524581 132834006 179936350 216221335 266212226 396323720 408326052 713985948
0

0

6
61758540 179936350 266212226 363802000 628480287 713985948
0

4
179936350 266212226 408326052 713985948
4
97919940 266212226 354101904 713985948
0

3
132834006 408326052 713985948
0

8
61758540 97080984 97919940 179936350 266212226 325197180 354101904 396323720
5
97080984 179936350 266212226 266572096 396323720
0

4
97080984 97919940 266212226 354101904
0

6
61758540 97919940 266212226 266572096 408326052 713985948
0

0

0

0

0

0

0

0

6
97919940 266212226 354101904 441956970 713985948 715630435
0

6
61659902 61758540 97080984 113500400 266212226 266212226
2
97080984 179936350
4
266212226 307105397 325197180 713985948
0

0

0

0

4
61758540 97080984 266212226 354101904
0

0

0

0

2
97919940 354101904
0

0

0

6
97080984 179936350 266212226 266572096 441956970 713985948
4
97080984 266212226 266212226 266572096
2
97080984 713985948
0

4
61758540 179936350 266212226 266212226
0

0

5
97080984 266212226 363802000 396323720 441956970
0

0

0

5
97919940 113500400 266212226 354101904 373767636
4
179936350 354101904 408326052 713985948
4
97919940 266212226 408326052 713985948
0

0

2
266212226 713985948
2
266212226 272862869
5
97080984 97919940 266212226 266212226 713985948
5
97080984 266212226 266572096 272862869 396323720
0

5
97080984 179936350 266212226 266212226 354101904
0

0

8
97080984 124830110 259223844 266212226 266212226 354101904 614862804 713985948
0

0

4
97919940 266212226 408326052 713985948
5
89460846 97080984 97919940 117972080 354101904
0

0

3
97080984 179936350 354101904
8
113500400 179936350 266212226 363802000 373767636 396323720 713985948 742720482
0

2
97919940 266212226
7
179936350 266212226 266572096 354101904 363802000 373767636 713985948
7
97080984 179936350 266212226 354101904 408326052 701831686 713985948
0

4
61758540 97919940 266212226 266572096
6
78756198 113500400 266212226 396323720 408326052 713985948
7
179936350 266212226 266572096 354101904 363802000 373767636 713985948
0

0

0

0

0

0

0

4
156679536 216221335 266212226 713985948
0

2
97080984 266212226
0

0

0

0

3
27696744 266212226 354101904
4
97080984 266212226 266212226 441956970
0

5
97080984 266212226 363802000 408326052 713985948
0

6
61758540 179936350 266212226 363802000 628480287 713985948
7
179936350 266212226 266572096 354101904 363802000 373767636 713985948
9
524581 89460846 97919940 160954653 266212226 275007924 307105397 354101904 363802000
6
97080984 97919940 113500400 179936350 266212226 441956970
6
179936350 266212226 408326052 639492847 713985948 881694359
4
97919940 307105397 418165398 713985948
0

4
97919940 266212226 441956970 713985948
0

0

0

9
97080984 97919940 179936350 266212226 266212226 363802000 396323720 408326052 713985948
6
28153983 107199640 114299640 266212226 408326052 713985948
0

6
78756198 95246206 97919940 354101904 408326052 713985948
0

0

5
28153983 97080984 97919940 117972080 373767636
0

7
97080984 117972080 179936350 266212226 272862869 396323720 713985948
0

0

9
97919940 179936350 229047962 245041842 266212226 325197180 354101904 396323720 713985948
0

0

0

5
97080984 266212226 266572096 272862869 396323720
5
117972080 266212226 272862869 354101904 396323720
0

0

0

4
225585685 266212226 266572096 354101904
3
97919940 266212226 713985948
5
7853908 97080984 97919940 354101904 713985948
0

0

0

6
97080984 132834006 266212226 266212226 373767636 713985948
4
97919940 188337985 275007924 713985948
4
97919940 266212226 408326052 713985948
6
524581 97080984 266212226 266212226 307105397 354101904
0

0

3
19656027 179936350 354101904
0

0

6
266572096 354101904 408326052 701831686 713985948 881694359
0

0

6
97919940 188337985 266212226 266212226 266572096 713985948
4
266212226 307105397 325197180 713985948
6
97080984 266212226 266212226 307105397 354101904 396323720
0

4
97080984 179936350 266212226 266212226
0

9
16347330 38453800 78756198 97080984 97919940 266212226 354101904 441956970 713985948
2
266572096 354101904
0

0

3
179936350 266212226 713985948
0

0

0

4
216221335 266212226 266212226 354101904
0

0

0

6
97919940 179936350 216221335 266212226 354101904 713985948
0

0

0

4
173185727 266212226 363802000 408326052
3
97919940 266212226 713985948
4
97919940 145335866 354101904 441956970
0

6
61758540 179936350 266212226 363802000 628480287 713985948
9
97919940 179936350 229047962 245041842 266212226 325197180 354101904 396323720 713985948
5
28153983 97080984 179936350 408326052 713985948
3
179936350 266212226 713985948
0

8
97919940 179936350 266212226 335935056 354101904 408326052 461148407 713985948
4
97919940 188337985 275007924 713985948
0

6
179936350 266212226 272862869 354101904 363802000 713985948
0

8
156679536 179936350 266212226 266572096 272862869 354101904 363802000 441956970
4
266212226 354101904 628480287 713985948
4
216221335 266212226 266212226 354101904
3
97919940 179936350 354101904
0

0

0

0

0

3
97919940 576885584 713985948
3
97919940 179936350 354101904
0

6
28153983 61758540 97080984 179936350 303133159 354101904
0

0

4
97080984 266212226 354101904 418165398
0

0

4
97080984 97919940 179936350 713985948
0

0

0

0

6
97919940 188337985 266212226 266212226 266572096 713985948
6
97080984 266212226 266212226 307105397 354101904 396323720
0

6
97080984 97919940 117972080 266212226 266212226 636607820
0

4
97919940 188337985 513849649 713985948
2
97080984 266212226
0

0

3
369944 97919940 266212226
0

3
102016332 179936350 266212226
0

0

0

6
87459239 113500400 132834006 266212226 363802000 713985948
5
7853908 97080984 97919940 354101904 713985948
0

6
97080984 97919940 179936350 266212226 701831686 713985948
6
61758540 179936350 266212226 363802000 628480287 713985948
5
97080984 97919940 179936350 408326052 713985948
0

0

0

0

0

0

0

0

0

0

6
61758540 179936350 266212226 363802000 628480287 713985948
5
38453800 97080984 266212226 441956970 713985948
0

0

0

0

6
266572096 354101904 408326052 701831686 713985948 881694359
0

6
78756198 97080984 97919940 117972080 354101904 713985948
4
97080984 132834006 266212226 266572096
0

6
28153983 156802152 266212226 266212226 408326052 713985948
0

0

0

4
97080984 132834006 266212226 266572096
0

0

0

0

3
97080984 97919940 354101904
1
266212226
0

0

2
97919940 354101904
4
216221335 266212226 266212226 354101904
5
117972080 266212226 272862869 354101904 396323720
3
97080984 97919940 266572096
6
78756198 97080984 97919940 117972080 354101904 713985948
2
266212226 713985948
8
61758540 97080984 97919940 179936350 266212226 325197180 354101904 396323720
6
61758540 97919940 188337985 266212226 354101904 713985948
0

0

0

0

7
179936350 266212226 266572096 354101904 363802000 373767636 713985948
0

0

6
61758540 179936350 266212226 363802000 628480287 713985948
2
713985948 715630435
0

3
97919940 259223844 713985948
5
97080984 266212226 266572096 272862869 396323720
0

0

0

0

6
266212226 266212226 354101904 373767636 418165398 713985948
3
2898450 266572096 396323720
0

0

0

5
91734700 266212226 354101904 418165398 713985948
0

5
97080984 97919940 266212226 266212226 713985948
0

7
97919940 266212226 266572096 275007924 363802000 408326052 713985948
0

0

6
97919940 266212226 354101904 441956970 713985948 715630435
0

9
524581 89460846 97919940 160954653 266212226 275007924 307105397 354101904 363802000
0

0

6
87459239 113500400 132834006 266212226 363802000 713985948
4
266212226 266212226 354101904 713985948
0

0

0

0

0

6
97919940 266212226 354101904 441956970 713985948 715630435
5
97919940 266212226 266212226 354101904 363802000
0

6
266212226 266212226 354101904 373767636 418165398 713985948
0

0

4
97919940 188337985 513849649 713985948
0

0

0

0

7
369944 97080984 179936350 266212226 332162264 354101904 713985948
0

0

4
97080984 132834006 266212226 266572096
4
61758540 97919940 266212226 266572096
3
97080984 97919940 354101904
0

6
97080984 117972080 245041842 266212226 363802000 713985948
0

0

0

7
38453800 97080984 97919940 130927106 354101904 441956970 713985948
