110
139
70
115
104
87
150
13
47
144
92
65
116
7
47
93
190
0
127
110
115
115
195
46
58
139
133
225
162
41
0
0
190
104
184
219
6
196
104
126
110
121
115
109
70
98
156
115
35
0
190
0
0
52
52
155
98
133
47
121
87
151
47
58
190
150
12
127
69
133
253
161
121
161
133
161
121
241
52
162
150
167
76
202
179
104
138
35
162
98
103
75
87
64
150
132
0
178
59
98
1
81
13
115
6
81
242
115
190
98
0
207
75
196
162
133
76
104
0
98
93
58
167
87
93
35
173
87
110
133
0
121
196
24
6
178
81
0
18
133
1
71
127
81
40
270
1
144
24
122
162
7
104
104
92
70
18
219
201
69
191
167
173
109
12
139
104
127
87
0
93
150
109
207
156
52
115
69
242
213
58
58
138
76
253
133
161
103
64
41
109
139
161
122
69
93
156
76
40
178
162
0
139
58
110
70
156
116
173
138
29
0
35
18
121
93
144
109
12
104
92
92
259
132
0
41
86
76
64
98
196
121
127
75
75
162
24
109
92
58
162
167
0
93
115
81
93
151
29
138
98
47
190
167
0
144
24
58
207
115
47
127
167
173
207
213
242
133
46
122
86
86
150
87
70
116
281
41
191
161
225
41
139
98
18
104
98
219
93
24
81
92
75
24
190
116
47
167
58
47
92
64
132
116
144
132
81
179
161
75
150
121
64
19
0
270
81
75
41
70
127
144
29
29
0
105
0
30
127
116
47
24
127
185
213
150
115
184
98
144
81
6
133
0
179
12
138
219
46
162
115
92
98
92
29
133
115
81
133
93
70
69
184
64
110
207
47
76
149
104
52
109
24
220
81
201
98
1
24
0
150
185
172
75
127
172
191
53
64
156
213
167
52
179
156
47
202
6
12
230
1
0
155
92
110
35
1
242
144
0
149
161
104
98
88
161
104
93
178
87
104
82
81
99
207
127
64
47
145
29
93
150
167
173
29
150
24
121
162
115
69
253
173
161
98
64
18
19
58
167
41
104
110
138
196
98
138
69
18
35
41
29
150
116
98
81
161
104
30
87
75
104
75
178
104
1
110
0
115
110
29
82
99
127
70
87
24
93
161
110
104
195
64
30
190
167
150
173
0
105
156
98
109
29
41
110
30
47
75
109
144
64
115
59
161
0
110
219
75
58
201
53
127
35
35
92
93
105
145
139
144
75
35
92
132
115
196
75
81
98
190
64
23
104
75
265
110
144
75
178
161
104
139
190
161
265
92
18
18
93
58
0
86
93
24
99
121
12
99
81
104
65
184
110
75
98
29
87
92
116
64
156
70
144
81
104
219
207
155
133
185
110
6
54
138
122
144
126
63
18
128
115
52
196
12
202
190
133
81
156
70
144
64
236
87
122
70
0
219
86
110
116
92
75
34
167
161
98
213
225
58
190
81
99
64
104
202
52
59
98
127
201
219
24
0
35
230
58
58
29
144
92
58
70
144
98
132
132
69
76
75
29
104
105
138
259
58
7
58
36
133
281
254
270
178
121
196
110
64
167
58
81
126
139
127
109
0
41
133
92
69
110
105
144
155
213
98
93
110
0
150
12
189
162
133
207
203
35
52
138
167
133
133
0
103
75
236
155
0
58
190
167
46
93
30
47
132
47
0
0
208
52
150
75
167
18
86
133
0
52
47
58
133
121
156
139
202
156
86
121
155
173
76
18
110
24
69
156
161
253
121
242
144
161
138
86
219
121
87
1
24
173
168
1
110
161
98
156
0
126
150
47
145
57
174
105
115
172
69
132
92
0
127
241
0
87
70
213
162
70
121
173
178
185
0
162
242
185
75
64
48
0
116
184
30
36
1
82
105
46
98
143
104
1
167
0
87
173
156
162
150
58
104
53
18
0
64
167
264
80
58
52
58
150
81
23
253
168
70
64
156
87
144
139
0
64
92
0
7
99
93
87
92
139
162
236
189
81
81
230
144
92
24
138
51
87
98
93
64
0
224
64
70
47
53
127
150
52
195
219
168
167
12
127
173
76
225
41
1
87
138
86
179
0
122
138
58
162
0
109
230
156
75
116
104
87
219
151
52
173
173
98
18
178
178
144
58
58
30
63
121
58
81
208
155
93
144
144
110
224
76
75
6
12
241
81
81
35
41
116
145
144
81
116
41
202
150
116
213
144
7
53
157
110
0
58
110
127
81
110
161
75
121
139
64
99
179
103
69
35
70
93
87
0
144
0
58
76
41
47
75
0
81
81
184
36
24
105
12
184
87
