336
377
337
302
317
99
337
355
320
301
239
340
357
297
395
300
318
299
298
222
379
436
338
352
241
378
241
218
318
243
396
374
298
220
160
358
338
359
377
298
320
261
260
261
338
317
259
359
279
376
316
298
283
341
358
317
315
377
378
337
338
342
379
298
474
297
178
256
339
417
361
380
320
343
434
259
318
238
276
318
198
260
260
278
358
394
319
295
240
362
396
355
276
377
280
377
493
341
380
239
319
257
342
258
395
277
333
377
398
296
352
316
297
261
279
279
341
398
280
337
358
373
375
356
300
357
298
397
318
221
414
236
413
354
376
337
395
296
358
201
336
298
357
279
334
220
378
318
318
338
259
398
378
279
317
220
158
375
244
340
322
237
298
300
340
278
299
395
379
259
274
218
297
219
339
339
282
374
278
339
301
377
239
357
318
219
223
279
216
316
361
220
398
335
334
377
394
335
255
375
396
220
356
435
355
278
378
357
255
259
456
317
435
319
280
259
278
218
377
257
378
318
319
299
337
359
180
380
256
295
320
261
239
279
321
396
378
339
297
337
277
378
316
395
336
218
279
318
478
296
299
359
257
315
183
314
282
319
337
296
219
298
259
494
280
296
262
355
397
314
236
318
317
360
338
297
280
379
397
338
298
357
412
162
243
381
413
337
235
279
260
180
236
240
379
435
278
301
263
142
395
297
376
337
299
337
339
338
278
337
456
376
279
334
394
296
258
400
318
241
319
298
262
217
356
280
320
277
319
320
299
397
299
197
298
300
355
257
376
417
298
434
315
318
357
258
218
295
341
358
375
298
337
203
358
283
318
414
223
396
314
298
356
339
317
242
300
393
338
276
337
357
162
436
296
318
279
259
377
235
219
320
394
259
220
337
294
240
337
280
358
320
239
159
316
203
319
279
435
299
337
354
300
256
279
261
260
205
378
317
281
338
277
237
222
359
434
239
297
340
259
340
322
259
277
335
516
357
415
219
300
358
316
414
259
435
244
315
295
338
318
436
355
219
356
258
197
320
377
295
241
340
340
281
377
258
295
238
320
335
340
317
361
456
376
275
339
237
394
361
376
262
376
318
201
258
280
182
277
139
297
295
438
377
263
458
317
397
242
198
397
356
355
259
457
237
259
338
276
276
220
162
257
260
257
341
258
298
297
299
397
454
299
343
183
300
281
397
300
377
414
337
280
277
238
316
299
434
297
179
261
260
412
296
397
321
318
260
376
221
414
340
295
276
359
280
239
201
416
259
261
242
258
299
201
354
279
278
357
280
357
298
259
278
278
317
475
241
259
319
297
200
379
223
417
377
220
278
378
220
394
278
378
337
396
258
317
202
376
183
357
413
297
319
317
378
298
318
297
278
337
256
417
358
314
276
357
256
376
335
298
218
415
318
453
355
355
315
314
278
221
280
200
357
258
315
360
278
435
379
296
277
275
238
376
238
360
277
475
249
400
297
300
298
281
277
395
279
298
359
221
282
318
277
299
320
259
259
338
257
333
223
316
241
296
239
335
257
220
223
315
375
321
339
319
142
378
277
220
317
338
295
339
300
182
337
242
375
316
299
259
376
316
356
319
280
340
275
435
282
278
278
255
283
277
297
241
376
315
297
318
334
278
355
300
299
322
375
319
260
297
339
375
397
260
375
296
318
201
279
199
300
280
334
298
316
262
357
323
298
274
417
337
236
335
279
298
298
376
258
275
259
356
239
375
340
280
337
276
298
356
337
394
339
261
395
201
222
394
243
375
396
203
371
357
239
202
299
337
356
453
376
315
199
359
261
180
257
243
237
416
296
198
281
337
301
340
300
274
316
336
414
297
319
320
317
435
395
298
359
360
297
356
398
414
296
262
277
301
361
356
238
279
377
318
377
338
420
376
219
201
333
357
259
279
317
358
223
300
204
337
340
319
494
339
394
357
279
319
259
314
356
318
336
241
396
280
396
340
277
277
300
182
339
280
220
358
260
316
276
318
375
218
322
302
339
357
397
358
279
301
280
260
316
319
221
178
280
278
339
318
258
457
357
299
377
239
240
256
355
317
279
158
355
219
337
338
318
338
380
393
357
316
339
316
381
338
397
356
342
279
358
377
296
495
356
279
300
433
399
297
279
278
298
358
237
299
258
377
495
297
297
281
314
278
319
315
279
336
259
254
262
318
294
259
336
313
222
355
242
258
340
256
298
218
393
474
263
320
357
354
394
295
337
333
434
394
379
357
217
337
434
354
338
259
314
419
219
301
163
494
179
240
201
398
318
240
185
317
218
396
320
237
398
280
279
