aaaabbbb
aaababbb
aaabbabb
aaabbbab
aaabbbba
aabaabbb
aabababb
aababbab
aababbba
aabbaabb
aabbabab
aabbabba
aabbbaab
aabbbaba
aabbbbaa
abaaabbb
abaababb
abaabbab
abaabbba
ababaabb
abababab
abababba
ababbaab
ababbaba
ababbbaa
abbaaabb
abbaabab
abbaabba
abbabaab
abbababa
abbabbaa
abbbaaab
abbbaaba
abbbabaa
abbbbaaa
baaaabbb
baaababb
baaabbab
baaabbba
baabaabb
baababab
baababba
baabbaab
baabbaba
baabbbaa
babaaabb
babaabab
babaabba
bababaab
babababa
bababbaa
babbaaab
babbaaba
babbabaa
babbbaaa
bbaaaabb
bbaaabab
bbaaabba
bbaabaab
bbaababa
bbaabbaa
bbabaaab
bbabaaba
bbababaa
bbabbaaa
bbbaaaab
bbbaaaba
bbbaabaa
bbbabaaa
bbbbaaaa
