aaacbbcbc
aaacbcbbc
aaacbcbcb
aacacbbbc
aacacbbcb
aacacbcbb
aacbacbbc
aacbacbcb
aacbbacbc
aacbbbcac
aacbbcacb
aacbbcbac
aacbbcbca
aacbcacbb
aacbcbacb
aacbcbbac
aacbcbbca
aacbcbcba
acaacbbbc
acaacbbcb
acaacbcbb
acacacbbb
acacbacbb
acacbbacb
acacbbbac
acacbbbca
acacbbcba
acacbcbba
acbaacbbc
acbaacbcb
acbacacbb
acbacbacb
acbacbbac
acbacbbca
acbacbcba
acbbaacbc
acbbacacb
acbbacbac
acbbacbca
acbbbacac
acbbbcaac
acbbbcaca
acbbcaacb
acbbcacba
acbbcbaac
acbbcbaca
acbbcbcaa
acbcaacbb
acbcacbba
acbcbaacb
acbcbacba
acbcbbaac
acbcbbaca
acbcbbcaa
acbcbcbaa
baaacbcbc
baacacbbc
baacacbcb
baacbacbc
baacbbcac
baacbcacb
baacbcbac
baacbcbca
bacaacbbc
bacaacbcb
bacacacbb
bacacbacb
bacacbbac
bacacbbca
bacacbcba
bacbaacbc
bacbacacb
bacbacbac
bacbacbca
bacbbacac
bacbbcaac
bacbbcaca
bacbcaacb
bacbcacba
bacbcbaac
bacbcbaca
bacbcbcaa
bbaacacbc
bbaacbcac
bbacaacbc
bbacacacb
bbacacbac
bbacacbca
bbacbacac
bbacbcaac
bbacbcaca
bbbacacac
bbbcaacac
bbbcacaac
bbbcacaca
bbcaaacbc
bbcaacacb
bbcaacbac
bbcaacbca
bbcacaacb
bbcacacba
bbcacbaac
bbcacbaca
bbcacbcaa
bbcbaacac
bbcbacaac
bbcbacaca
bbcbcaaac
bbcbcaaca
bbcbcacaa
bcaaacbbc
bcaaacbcb
bcaacacbb
bcaacbacb
bcaacbbac
bcaacbbca
bcaacbcba
bcacaacbb
bcacacbba
bcacbaacb
bcacbacba
bcacbbaac
bcacbbaca
bcacbbcaa
bcacbcbaa
bcbaaacbc
bcbaacacb
bcbaacbac
bcbaacbca
bcbacaacb
bcbacacba
bcbacbaac
bcbacbaca
bcbacbcaa
bcbbaacac
bcbbacaac
bcbbacaca
bcbbcaaac
bcbbcaaca
bcbbcacaa
bcbcaaacb
bcbcaacba
bcbcacbaa
bcbcbaaac
bcbcbaaca
bcbcbacaa
bcbcbcaaa
caaacbbbc
caaacbbcb
caaacbcbb
caacacbbb
caacbacbb
caacbbacb
caacbbbac
caacbbbca
caacbbcba
caacbcbba
cacaacbbb
cacacbbba
cacbaacbb
cacbacbba
cacbbaacb
cacbbacba
cacbbbaac
cacbbbaca
cacbbbcaa
cacbbcbaa
cacbcbbaa
cbaaacbbc
cbaaacbcb
cbaacacbb
cbaacbacb
cbaacbbac
cbaacbbca
cbaacbcba
cbacaacbb
cbacacbba
cbacbaacb
cbacbacba
cbacbbaac
cbacbbaca
cbacbbcaa
cbacbcbaa
cbbaaacbc
cbbaacacb
cbbaacbac
cbbaacbca
cbbacaacb
cbbacacba
cbbacbaac
cbbacbaca
cbbacbcaa
cbbbaacac
cbbbacaac
cbbbacaca
cbbbcaaac
cbbbcaaca
cbbbcacaa
cbbcaaacb
cbbcaacba
cbbcacbaa
cbbcbaaac
cbbcbaaca
cbbcbacaa
cbbcbcaaa
cbcaaacbb
cbcaacbba
cbcacbbaa
cbcbaaacb
cbcbaacba
cbcbacbaa
cbcbbaaac
cbcbbaaca
cbcbbacaa
cbcbbcaaa
cbcbcbaaa
