4597
1284
52
41
32
9
9
32
23
11
11
23
12
12
41
9
9
52
11
11
1284
1232
555
209
138
13
13
138
125
1
1
125
124
34
10
10
34
24
23
7
7
23
16
16
24
1
1
124
90
59
29
18
18
29
11
11
59
30
7
7
30
23
20
20
23
3
3
90
31
11
11
31
20
11
8
8
11
3
3
20
9
9
209
71
53
3
3
53
50
25
5
5
25
20
19
3
3
19
16
9
9
16
7
7
20
1
1
50
25
8
8
25
17
15
15
17
2
2
71
18
18
555
346
101
50
23
5
5
23
18
10
10
18
8
8
50
27
7
7
27
20
6
6
20
14
14
101
51
41
21
13
13
21
8
8
41
20
3
3
20
17
8
1
1
8
7
7
17
9
1
1
9
8
7
7
8
1
1
51
10
7
7
10
3
2
2
3
1
1
346
245
219
115
33
22
6
6
22
16
16
33
11
9
9
11
2
2
115
82
63
2
2
63
61
42
5
5
42
37
18
7
7
18
11
11
37
19
1
1
19
18
18
61
19
11
11
19
8
8
82
19
8
8
19
11
7
7
11
4
4
219
104
49
1
1
49
48
5
5
48
43
9
9
43
34
18
18
34
16
16
104
55
40
26
13
13
26
13
13
40
14
14
55
15
10
10
15
5
2
2
5
3
3
245
26
15
5
5
15
10
10
26
11
7
7
11
4
4
1232
677
357
59
26
17
14
14
17
3
3
26
9
9
59
33
8
8
33
25
5
5
25
20
20
357
298
145
94
90
1
1
90
89
38
29
19
19
29
10
10
38
9
9
89
51
30
19
11
11
19
8
8
30
11
11
51
21
10
10
21
11
11
94
4
4
145
51
22
16
1
1
16
15
15
22
6
6
51
29
3
3
29
26
13
13
26
13
13
298
153
70
18
17
17
18
1
1
70
52
17
17
52
35
26
19
18
18
19
1
1
26
7
7
35
9
9
153
83
24
9
3
3
9
6
3
3
6
3
3
24
15
15
83
59
52
34
17
17
34
17
17
52
18
9
9
18
9
9
59
7
7
677
320
16
16
320
304
34
3
3
34
31
12
11
11
12
1
1
31
19
14
14
19
5
5
304
270
223
165
150
118
47
40
22
13
13
22
9
9
40
18
18
47
7
7
118
71
47
28
20
19
19
20
1
1
28
8
8
47
19
11
11
19
8
8
71
24
15
4
4
15
11
11
24
9
9
150
32
8
1
1
8
7
7
32
24
15
15
24
9
9
165
15
14
14
15
1
1
223
58
20
20
58
38
12
12
38
26
15
15
26
11
11
270
47
28
14
14
28
14
14
47
19
19
4597
3313
2527
940
891
358
345
129
114
112
93
35
10
1
1
10
9
9
35
25
13
12
12
13
1
1
25
12
12
93
58
34
10
10
34
24
19
7
7
19
12
12
24
5
5
58
24
12
12
24
12
7
7
12
5
5
112
19
19
114
2
2
129
15
1
1
15
14
6
6
14
8
8
345
216
174
15
7
1
1
7
6
6
15
8
8
174
159
83
69
58
14
13
13
14
1
1
58
44
7
7
44
37
1
1
37
36
20
20
36
16
16
69
11
11
83
14
14
159
76
24
19
19
24
5
5
76
52
32
8
8
32
24
8
8
24
16
16
52
20
20
216
42
8
8
42
34
19
19
34
15
15
358
13
13
891
533
236
86
65
47
28
27
26
12
12
26
14
14
27
1
1
28
1
1
47
19
5
5
19
14
10
10
14
4
4
65
18
5
5
18
13
13
86
21
2
1
1
2
1
1
21
19
11
11
19
8
8
236
150
133
67
35
17
17
35
18
18
67
32
23
10
10
23
13
9
9
13
4
4
32
9
9
133
66
8
8
66
58
24
20
20
24
4
4
58
34
20
20
34
14
14
150
17
17
533
297
78
67
49
25
16
4
4
16
12
12
25
9
9
49
24
17
16
16
17
1
1
24
7
7
67
18
1
1
18
17
17
78
11
11
297
219
164
29
24
15
1
1
15
14
14
24
9
9
29
5
5
164
135
48
42
16
10
10
16
6
6
42
26
6
6
26
20
20
48
6
1
1
6
5
5
135
87
11
11
87
76
15
15
76
61
35
23
18
18
23
5
5
35
12
12
61
26
11
11
26
15
15
219
55
24
18
18
24
6
6
55
31
1
1
31
30
17
4
4
17
13
13
30
13
9
9
13
4
4
940
49
44
13
13
44
31
3
3
31
28
17
17
28
11
11
49
5
5
2527
1587
628
130
97
11
11
97
86
32
8
1
1
8
7
7
32
24
20
20
24
4
4
86
54
39
17
5
5
17
12
12
39
22
7
7
22
15
10
10
15
5
5
54
15
15
130
33
31
24
8
1
1
8
7
7
24
16
16
31
7
7
33
2
1
1
2
1
1
628
498
367
30
9
9
30
21
8
8
21
13
13
367
337
227
114
20
20
114
94
27
15
15
27
12
12
94
67
16
16
67
51
25
8
8
25
17
17
51
26
13
13
26
13
13
227
113
106
9
9
106
97
59
24
19
19
24
5
5
59
35
18
18
35
17
17
97
38
20
20
38
18
18
113
7
7
337
110
48
23
9
9
23
14
3
3
14
11
11
48
25
22
14
14
22
8
8
25
3
3
110
62
20
20
62
42
10
10
42
32
14
14
32
18
18
498
131
105
44
36
18
5
5
18
13
13
36
18
18
44
8
8
105
61
17
17
61
44
28
2
2
28
26
11
11
26
15
15
44
16
16
131
26
13
13
26
13
13
1587
959
892
585
245
170
141
100
49
44
20
7
7
20
13
13
44
24
7
7
24
17
17
49
5
5
100
51
47
31
11
1
1
11
10
10
31
20
20
47
16
9
9
16
7
7
51
4
4
141
41
3
3
41
38
31
11
11
31
20
20
38
7
2
2
7
5
5
170
29
17
10
10
17
7
7
29
12
10
10
12
2
2
245
75
12
12
75
63
23
14
14
23
9
9
63
40
13
13
40
27
8
8
27
19
19
585
340
54
3
3
54
51
4
4
51
47
43
32
14
14
32
18
18
43
11
11
47
4
4
340
286
101
37
20
20
37
17
10
10
17
7
7
101
64
27
1
1
27
26
16
16
26
10
10
64
37
17
17
37
20
20
286
185
66
49
24
8
8
24
16
2
2
16
14
14
49
25
6
6
25
19
19
66
17
17
185
119
92
63
47
6
5
5
6
1
1
47
41
10
10
41
31
22
9
9
22
13
13
31
9
9
63
16
1
1
16
15
15
92
29
26
13
13
26
13
13
29
3
3
119
27
15
15
27
12
12
892
307
64
13
6
6
13
7
7
64
51
31
5
5
31
26
14
14
26
12
12
51
20
20
307
243
224
213
16
16
213
197
28
4
4
28
24
6
6
24
18
18
197
169
167
23
6
6
23
17
17
167
144
84
78
29
18
17
16
16
17
1
1
18
1
1
29
11
11
78
49
42
25
1
1
25
24
16
3
3
16
13
13
24
8
8
42
17
17
49
7
7
84
6
6
144
60
38
19
19
38
19
19
60
22
18
18
22
4
4
169
2
1
1
2
1
1
224
11
2
2
11
9
9
243
19
15
15
19
4
4
959
67
2
2
67
65
50
47
30
14
14
30
16
16
47
17
17
50
3
3
65
15
15
3313
786
750
193
56
46
23
14
14
23
9
9
46
23
13
13
23
10
10
56
10
10
193
137
58
19
18
12
12
18
6
6
19
1
1
58
39
33
13
13
33
20
20
39
6
2
2
6
4
4
137
79
32
24
7
7
24
17
17
32
8
8
79
47
15
15
47
32
16
16
32
16
16
750
557
383
32
25
12
12
25
13
5
5
13
8
8
32
7
7
383
351
291
178
46
29
28
10
10
28
18
10
10
18
8
6
6
8
2
2
29
1
1
46
17
1
1
17
16
1
1
16
15
15
178
132
3
3
132
129
104
55
15
15
55
40
21
14
14
21
7
7
40
19
14
14
19
5
5
104
49
18
18
49
31
20
17
6
6
17
11
7
7
11
4
4
20
3
3
31
11
11
129
25
20
15
15
20
5
5
25
5
5
291
113
107
46
27
3
3
27
24
7
7
24
17
7
7
17
10
10
46
19
19
107
61
33
19
19
33
14
14
61
28
10
10
28
18
18
113
6
6
351
60
21
9
9
21
12
12
60
39
13
2
2
13
11
11
39
26
5
5
26
21
15
15
21
6
6
557
174
52
20
5
5
20
15
3
3
15
12
12
52
32
17
17
32
15
15
174
122
3
3
122
119
33
17
17
33
16
4
3
2
2
3
1
1
4
1
1
16
12
1
1
12
11
11
119
86
45
19
19
45
26
19
19
26
7
7
86
41
20
20
41
21
1
1
21
20
20
786
36
16
9
9
16
7
7
36
20
20
