1126
19
19
1126
1107
1094
4
4
1094
1090
1086
10
10
1086
1076
1068
16
16
1068
1052
1038
5
5
1038
1033
1032
3
3
1032
1029
1015
11
11
1015
1004
991
4
4
991
987
975
13
13
975
962
944
3
3
944
941
932
8
8
932
924
915
4
4
915
911
900
18
18
900
882
880
2
2
880
878
877
19
19
877
858
857
4
4
857
853
836
15
15
836
821
815
20
20
815
795
791
14
14
791
777
764
16
16
764
748
731
15
15
731
716
699
8
8
699
691
688
10
10
688
678
665
15
15
665
650
648
8
8
648
640
624
9
9
624
615
598
3
3
598
595
584
5
5
584
579
578
13
13
578
565
560
20
20
560
540
529
7
7
529
522
521
6
6
521
515
495
6
6
495
489
486
1
1
486
485
467
16
16
467
451
436
15
15
436
421
413
11
11
413
402
401
11
11
401
390
371
11
11
371
360
356
1
1
356
355
335
20
20
335
315
308
14
14
308
294
293
18
18
293
275
258
19
19
258
239
228
2
2
228
226
210
20
20
210
190
183
18
18
183
165
162
4
4
162
158
155
6
6
155
149
144
1
1
144
143
142
20
20
142
122
109
6
6
109
103
95
12
12
95
83
65
7
7
65
58
56
20
20
56
36
31
1
1
31
30
13
13
30
17
17
36
5
5
58
2
2
83
18
18
103
8
8
122
13
13
143
1
1
149
5
5
158
3
3
165
3
3
190
7
7
226
16
16
239
11
11
275
17
17
294
1
1
315
7
7
355
20
20
360
4
4
390
19
19
402
1
1
421
8
8
451
15
15
485
18
18
489
3
3
515
20
20
522
1
1
540
11
11
565
5
5
579
1
1
595
11
11
615
17
17
640
16
16
650
2
2
678
13
13
691
3
3
716
17
17
748
17
17
777
13
13
795
4
4
821
6
6
853
17
17
858
1
1
878
1
1
882
2
2
911
11
11
924
9
9
941
9
9
962
18
18
987
12
12
1004
13
13
1029
14
14
1033
1
1
1052
14
14
1076
8
8
1090
4
4
1107
13
13
