568
562
4
4
562
558
541
1
1
541
540
537
16
16
537
521
520
8
8
520
512
496
14
14
496
482
477
9
9
477
468
467
19
19
467
448
433
9
9
433
424
413
4
4
413
409
393
9
9
393
384
375
2
2
375
373
368
9
9
368
359
356
2
2
356
354
353
5
5
353
348
332
4
4
332
328
324
8
8
324
316
315
1
1
315
314
312
16
16
312
296
295
8
8
295
287
282
8
8
282
274
260
6
6
260
254
239
14
14
239
225
215
12
12
215
203
187
2
2
187
185
169
14
14
169
155
152
20
20
152
132
131
5
5
131
126
118
1
1
118
117
110
20
20
110
90
89
9
9
89
80
74
2
2
74
72
66
5
5
66
61
58
16
16
58
42
30
14
14
30
16
1
1
16
15
15
42
12
12
61
3
3
72
6
6
80
6
6
90
1
1
117
7
7
126
8
8
132
1
1
155
3
3
185
16
16
203
16
16
225
10
10
254
15
15
274
14
14
287
5
5
296
1
1
314
2
2
316
1
1
328
4
4
348
16
16
354
1
1
359
3
3
373
5
5
384
9
9
409
16
16
424
11
11
448
15
15
468
1
1
482
5
5
512
16
16
521
1
1
540
3
3
558
17
17
568
6
6
