623
315
168
67
34
10
1
1
10
9
9
34
24
5
5
24
19
19
67
33
20
20
33
13
11
11
13
2
2
168
101
31
12
6
6
12
6
6
31
19
11
11
19
8
8
101
70
32
12
12
32
20
20
70
38
20
20
38
18
18
315
147
70
39
14
2
2
14
12
12
39
25
7
7
25
18
18
70
31
16
16
31
15
1
1
15
14
14
147
77
44
23
3
3
23
20
20
44
21
1
1
21
20
20
77
33
29
16
16
29
13
13
33
4
1
1
4
3
3
623
308
172
59
30
13
10
10
13
3
3
30
17
1
1
17
16
16
59
29
13
13
29
16
15
15
16
1
1
172
113
65
29
17
17
29
12
12
65
36
20
20
36
16
16
113
48
28
15
15
28
13
13
48
20
10
10
20
10
10
308
136
37
25
20
15
15
20
5
5
25
5
1
1
5
4
4
37
12
5
5
12
7
4
4
7
3
3
136
99
48
30
14
14
30
16
16
48
18
15
15
18
3
3
99
51
35
15
15
35
20
20
51
16
1
1
16
15
15
