4941
7
7
4941
4934
4924
9
9
4924
4915
4905
10
10
4905
4895
4875
1
1
4875
4874
4856
15
15
4856
4841
4821
8
8
4821
4813
4808
13
13
4808
4795
4792
19
19
4792
4773
4770
16
16
4770
4754
4747
14
14
4747
4733
4727
8
8
4727
4719
4718
13
13
4718
4705
4703
13
13
4703
4690
4683
20
20
4683
4663
4660
1
1
4660
4659
4654
16
16
4654
4638
4630
13
13
4630
4617
4613
16
16
4613
4597
4596
1
1
4596
4595
4579
19
19
4579
4560
4543
14
14
4543
4529
4525
1
1
4525
4524
4520
7
7
4520
4513
4493
7
7
4493
4486
4485
4
4
4485
4481
4462
5
5
4462
4457
4444
19
19
4444
4425
4407
13
13
4407
4394
4383
3
3
4383
4380
4370
14
14
4370
4356
4355
15
15
4355
4340
4331
7
7
4331
4324
4319
11
11
4319
4308
4306
6
6
4306
4300
4287
17
17
4287
4270
4266
9
9
4266
4257
4247
7
7
4247
4240
4230
14
14
4230
4216
4202
8
8
4202
4194
4174
15
15
4174
4159
4149
18
18
4149
4131
4130
2
2
4130
4128
4112
16
16
4112
4096
4083
5
5
4083
4078
4059
2
2
4059
4057
4040
19
19
4040
4021
4006
4
4
4006
4002
3997
1
1
3997
3996
3981
6
6
3981
3975
3971
7
7
3971
3964
3962
7
7
3962
3955
3941
12
12
3941
3929
3915
2
2
3915
3913
3910
7
7
3910
3903
3893
2
2
3893
3891
3889
20
20
3889
3869
3850
1
1
3850
3849
3848
12
12
3848
3836
3820
11
11
3820
3809
3792
13
13
3792
3779
3767
14
14
3767
3753
3742
6
6
3742
3736
3718
16
16
3718
3702
3698
10
10
3698
3688
3668
9
9
3668
3659
3643
1
1
3643
3642
3626
9
9
3626
3617
3606
9
9
3606
3597
3588
15
15
3588
3573
3559
17
17
3559
3542
3527
14
14
3527
3513
3496
13
13
3496
3483
3469
15
15
3469
3454
3449
8
8
3449
3441
3438
20
20
3438
3418
3417
15
15
3417
3402
3391
11
11
3391
3380
3379
8
8
3379
3371
3367
3
3
3367
3364
3347
4
4
3347
3343
3331
10
10
3331
3321
3318
5
5
3318
3313
3296
15
15
3296
3281
3269
6
6
3269
3263
3256
4
4
3256
3252
3250
1
1
3250
3249
3231
17
17
3231
3214
3201
10
10
3201
3191
3180
16
16
3180
3164
3146
15
15
3146
3131
3116
18
18
3116
3098
3089
6
6
3089
3083
3077
8
8
3077
3069
3057
8
8
3057
3049
3037
6
6
3037
3031
3021
1
1
3021
3020
3004
14
14
3004
2990
2985
13
13
2985
2972
2966
15
15
2966
2951
2932
13
13
2932
2919
2900
1
1
2900
2899
2887
17
17
2887
2870
2852
4
4
2852
2848
2844
6
6
2844
2838
2820
1
1
2820
2819
2800
13
13
2800
2787
2768
6
6
2768
2762
2745
2
2
2745
2743
2729
6
6
2729
2723
2713
3
3
2713
2710
2697
1
1
2697
2696
2693
8
8
2693
2685
2673
8
8
2673
2665
2646
18
18
2646
2628
2626
17
17
2626
2609
2599
20
20
2599
2579
2563
20
20
2563
2543
2529
11
11
2529
2518
2514
18
18
2514
2496
2479
20
20
2479
2459
2440
14
14
2440
2426
2416
15
15
2416
2401
2381
6
6
2381
2375
2358
11
11
2358
2347
2336
6
6
2336
2330
2315
3
3
2315
2312
2308
18
18
2308
2290
2281
16
16
2281
2265
2262
6
6
2262
2256
2243
3
3
2243
2240
2238
1
1
2238
2237
2235
16
16
2235
2219
2218
16
16
2218
2202
2196
2
2
2196
2194
2181
1
1
2181
2180
2179
9
9
2179
2170
2155
12
12
2155
2143
2140
12
12
2140
2128
2112
20
20
2112
2092
2090
6
6
2090
2084
2080
17
17
2080
2063
2056
6
6
2056
2050
2038
15
15
2038
2023
2021
15
15
2021
2006
2005
13
13
2005
1992
1975
1
1
1975
1974
1962
19
19
1962
1943
1926
12
12
1926
1914
1899
1
1
1899
1898
1886
5
5
1886
1881
1880
13
13
1880
1867
1854
14
14
1854
1840
1838
16
16
1838
1822
1817
17
17
1817
1800
1786
8
8
1786
1778
1776
16
16
1776
1760
1758
10
10
1758
1748
1747
15
15
1747
1732
1728
1
1
1728
1727
1720
2
2
1720
1718
1705
3
3
1705
1702
1700
4
4
1700
1696
1694
19
19
1694
1675
1661
15
15
1661
1646
1626
5
5
1626
1621
1603
19
19
1603
1584
1568
10
10
1568
1558
1545
17
17
1545
1528
1524
16
16
1524
1508
1495
18
18
1495
1477
1474
15
15
1474
1459
1448
6
6
1448
1442
1440
10
10
1440
1430
1411
4
4
1411
1407
1395
5
5
1395
1390
1384
4
4
1384
1380
1373
9
9
1373
1364
1358
7
7
1358
1351
1346
20
20
1346
1326
1306
2
2
1306
1304
1300
17
17
1300
1283
1263
18
18
1263
1245
1240
12
12
1240
1228
1214
9
9
1214
1205
1198
6
6
1198
1192
1188
9
9
1188
1179
1178
13
13
1178
1165
1152
1
1
1152
1151
1149
11
11
1149
1138
1132
12
12
1132
1120
1106
10
10
1106
1096
1082
1
1
1082
1081
1064
20
20
1064
1044
1039
2
2
1039
1037
1018
4
4
1018
1014
1012
1
1
1012
1011
991
1
1
991
990
971
4
4
971
967
956
12
12
956
944
933
19
19
933
914
897
13
13
897
884
879
18
18
879
861
856
18
18
856
838
821
5
5
821
816
808
2
2
808
806
788
20
20
788
768
755
11
11
755
744
743
9
9
743
734
723
3
3
723
720
711
7
7
711
704
696
10
10
696
686
678
5
5
678
673
662
4
4
662
658
651
2
2
651
649
635
16
16
635
619
600
10
10
600
590
582
3
3
582
579
574
11
11
574
563
562
2
2
562
560
546
6
6
546
540
536
11
11
536
525
520
15
15
520
505
504
3
3
504
501
499
9
9
499
490
483
11
11
483
472
458
13
13
458
445
426
1
1
426
425
407
10
10
407
397
394
2
2
394
392
382
18
18
382
364
346
8
8
346
338
333
3
3
333
330
321
11
11
321
310
296
7
7
296
289
276
5
5
276
271
260
17
17
260
243
228
16
16
228
212
202
15
15
202
187
169
12
12
169
157
154
2
2
154
152
151
15
15
151
136
121
20
20
121
101
86
10
10
86
76
67
18
18
67
49
39
17
17
39
22
9
7
7
9
2
2
22
13
13
49
10
10
76
9
9
101
15
15
136
15
15
152
1
1
157
3
3
187
18
18
212
10
10
243
15
15
271
11
11
289
13
13
310
14
14
330
9
9
338
5
5
364
18
18
392
10
10
397
3
3
425
18
18
445
19
19
472
14
14
490
7
7
501
2
2
505
1
1
525
5
5
540
4
4
560
14
14
563
1
1
579
5
5
590
8
8
619
19
19
649
14
14
658
7
7
673
11
11
686
8
8
704
8
8
720
9
9
734
11
11
744
1
1
768
13
13
806
18
18
816
8
8
838
17
17
861
5
5
884
5
5
914
17
17
944
11
11
967
11
11
990
19
19
1011
20
20
1014
2
2
1037
19
19
1044
5
5
1081
17
17
1096
14
14
1120
14
14
1138
6
6
1151
2
2
1165
13
13
1179
1
1
1192
4
4
1205
7
7
1228
14
14
1245
5
5
1283
20
20
1304
4
4
1326
20
20
1351
5
5
1364
6
6
1380
7
7
1390
6
6
1407
12
12
1430
19
19
1442
2
2
1459
11
11
1477
3
3
1508
13
13
1528
4
4
1558
13
13
1584
16
16
1621
18
18
1646
20
20
1675
14
14
1696
2
2
1702
2
2
1718
13
13
1727
7
7
1732
4
4
1748
1
1
1760
2
2
1778
2
2
1800
14
14
1822
5
5
1840
2
2
1867
13
13
1881
1
1
1898
12
12
1914
15
15
1943
17
17
1974
12
12
1992
17
17
2006
1
1
2023
2
2
2050
12
12
2063
7
7
2084
4
4
2092
2
2
2128
16
16
2143
3
3
2170
15
15
2180
1
1
2194
13
13
2202
6
6
2219
1
1
2237
2
2
2240
2
2
2256
13
13
2265
3
3
2290
9
9
2312
4
4
2330
15
15
2347
11
11
2375
17
17
2401
20
20
2426
10
10
2459
19
19
2496
17
17
2518
4
4
2543
14
14
2579
16
16
2609
10
10
2628
2
2
2665
19
19
2685
12
12
2696
3
3
2710
13
13
2723
10
10
2743
14
14
2762
17
17
2787
19
19
2819
19
19
2838
18
18
2848
4
4
2870
18
18
2899
12
12
2919
19
19
2951
19
19
2972
6
6
2990
5
5
3020
16
16
3031
10
10
3049
12
12
3069
12
12
3083
6
6
3098
9
9
3131
15
15
3164
18
18
3191
11
11
3214
13
13
3249
18
18
3252
2
2
3263
7
7
3281
12
12
3313
17
17
3321
3
3
3343
12
12
3364
17
17
3371
4
4
3380
1
1
3402
11
11
3418
1
1
3441
3
3
3454
5
5
3483
14
14
3513
17
17
3542
15
15
3573
14
14
3597
9
9
3617
11
11
3642
16
16
3659
16
16
3688
20
20
3702
4
4
3736
18
18
3753
11
11
3779
12
12
3809
17
17
3836
16
16
3849
1
1
3869
19
19
3891
2
2
3903
10
10
3913
3
3
3929
14
14
3955
14
14
3964
2
2
3975
4
4
3996
15
15
4002
5
5
4021
15
15
4057
17
17
4078
19
19
4096
13
13
4128
16
16
4131
1
1
4159
10
10
4194
20
20
4216
14
14
4240
10
10
4257
10
10
4270
4
4
4300
13
13
4308
2
2
4324
5
5
4340
9
9
4356
1
1
4380
10
10
4394
11
11
4425
18
18
4457
13
13
4481
19
19
4486
1
1
4513
20
20
4524
4
4
4529
4
4
4560
17
17
4595
16
16
4597
1
1
4617
4
4
4638
8
8
4659
5
5
4663
3
3
4690
7
7
4705
2
2
4719
1
1
4733
6
6
4754
7
7
4773
3
3
4795
3
3
4813
5
5
4841
20
20
4874
18
18
4895
20
20
4915
10
10
4934
10
10
