6964
6959
15
15
6959
6944
6937
15
15
6937
6922
6917
3
3
6917
6914
6896
2
2
6896
6894
6879
14
14
6879
6865
6853
2
2
6853
6851
6841
8
8
6841
6833
6830
18
18
6830
6812
6809
18
18
6809
6791
6772
3
3
6772
6769
6754
20
20
6754
6734
6722
20
20
6722
6702
6688
8
8
6688
6680
6677
7
7
6677
6670
6650
7
7
6650
6643
6624
11
11
6624
6613
6603
4
4
6603
6599
6581
2
2
6581
6579
6568
5
5
6568
6563
6550
15
15
6550
6535
6531
4
4
6531
6527
6507
15
15
6507
6492
6486
6
6
6486
6480
6460
2
2
6460
6458
6455
1
1
6455
6454
6441
18
18
6441
6423
6415
4
4
6415
6411
6394
6
6
6394
6388
6379
16
16
6379
6363
6352
9
9
6352
6343
6323
15
15
6323
6308
6294
7
7
6294
6287
6271
14
14
6271
6257
6245
17
17
6245
6228
6225
8
8
6225
6217
6201
12
12
6201
6189
6188
14
14
6188
6174
6159
4
4
6159
6155
6150
1
1
6150
6149
6137
8
8
6137
6129
6116
9
9
6116
6107
6104
2
2
6104
6102
6087
1
1
6087
6086
6068
1
1
6068
6067
6048
17
17
6048
6031
6013
13
13
6013
6000
5999
1
1
5999
5998
5980
20
20
5980
5960
5947
4
4
5947
5943
5940
12
12
5940
5928
5918
2
2
5918
5916
5897
17
17
5897
5880
5869
14
14
5869
5855
5840
20
20
5840
5820
5811
2
2
5811
5809
5804
13
13
5804
5791
5776
4
4
5776
5772
5767
15
15
5767
5752
5750
1
1
5750
5749
5744
8
8
5744
5736
5718
16
16
5718
5702
5684
2
2
5684
5682
5671
14
14
5671
5657
5638
1
1
5638
5637
5621
1
1
5621
5620
5604
14
14
5604
5590
5578
5
5
5578
5573
5571
14
14
5571
5557
5550
14
14
5550
5536
5521
17
17
5521
5504
5494
2
2
5494
5492
5482
1
1
5482
5481
5479
4
4
5479
5475
5466
17
17
5466
5449
5444
12
12
5444
5432
5421
18
18
5421
5403
5396
4
4
5396
5392
5388
11
11
5388
5377
5359
18
18
5359
5341
5334
4
4
5334
5330
5318
13
13
5318
5305
5293
1
1
5293
5292
5274
10
10
5274
5264
5263
11
11
5263
5252
5246
12
12
5246
5234
5225
10
10
5225
5215
5213
5
5
5213
5208
5197
5
5
5197
5192
5191
20
20
5191
5171
5165
9
9
5165
5156
5149
7
7
5149
5142
5128
17
17
5128
5111
5103
9
9
5103
5094
5089
16
16
5089
5073
5065
15
15
5065
5050
5038
14
14
5038
5024
5009
4
4
5009
5005
4985
9
9
4985
4976
4970
11
11
4970
4959
4955
18
18
4955
4937
4925
3
3
4925
4922
4902
18
18
4902
4884
4878
14
14
4878
4864
4863
15
15
4863
4848
4833
1
1
4833
4832
4816
11
11
4816
4805
4804
5
5
4804
4799
4788
13
13
4788
4775
4774
11
11
4774
4763
4759
17
17
4759
4742
4740
10
10
4740
4730
4715
8
8
4715
4707
4687
10
10
4687
4677
4671
9
9
4671
4662
4661
1
1
4661
4660
4641
15
15
4641
4626
4606
6
6
4606
4600
4581
12
12
4581
4569
4568
20
20
4568
4548
4528
4
4
4528
4524
4523
10
10
4523
4513
4493
10
10
4493
4483
4477
2
2
4477
4475
4466
7
7
4466
4459
4448
16
16
4448
4432
4430
14
14
4430
4416
4403
6
6
4403
4397
4393
11
11
4393
4382
4373
5
5
4373
4368
4356
7
7
4356
4349
4348
15
15
4348
4333
4314
8
8
4314
4306
4299
19
19
4299
4280
4265
17
17
4265
4248
4247
9
9
4247
4238
4233
13
13
4233
4220
4214
20
20
4214
4194
4193
20
20
4193
4173
4161
15
15
4161
4146
4141
17
17
4141
4124
4119
16
16
4119
4103
4091
1
1
4091
4090
4072
19
19
4072
4053
4052
3
3
4052
4049
4043
18
18
4043
4025
4016
14
14
4016
4002
3994
1
1
3994
3993
3977
13
13
3977
3964
3963
5
5
3963
3958
3946
8
8
3946
3938
3935
8
8
3935
3927
3915
8
8
3915
3907
3900
9
9
3900
3891
3876
18
18
3876
3858
3848
11
11
3848
3837
3832
4
4
3832
3828
3827
16
16
3827
3811
3809
15
15
3809
3794
3781
4
4
3781
3777
3760
13
13
3760
3747
3735
10
10
3735
3725
3707
17
17
3707
3690
3687
11
11
3687
3676
3675
13
13
3675
3662
3658
6
6
3658
3652
3633
18
18
3633
3615
3614
5
5
3614
3609
3595
12
12
3595
3583
3563
6
6
3563
3557
3544
8
8
3544
3536
3525
10
10
3525
3515
3514
6
6
3514
3508
3504
1
1
3504
3503
3502
1
1
3502
3501
3488
9
9
3488
3479
3464
17
17
3464
3447
3441
9
9
3441
3432
3416
13
13
3416
3403
3394
16
16
3394
3378
3361
7
7
3361
3354
3347
14
14
3347
3333
3327
9
9
3327
3318
3312
8
8
3312
3304
3303
14
14
3303
3289
3272
3
3
3272
3269
3263
7
7
3263
3256
3249
3
3
3249
3246
3240
4
4
3240
3236
3228
14
14
3228
3214
3208
18
18
3208
3190
3188
8
8
3188
3180
3179
16
16
3179
3163
3162
1
1
3162
3161
3144
4
4
3144
3140
3131
3
3
3131
3128
3127
1
1
3127
3126
3116
19
19
3116
3097
3088
15
15
3088
3073
3060
19
19
3060
3041
3034
10
10
3034
3024
3008
3
3
3008
3005
3004
5
5
3004
2999
2984
15
15
2984
2969
2950
13
13
2950
2937
2926
1
1
2926
2925
2908
7
7
2908
2901
2892
2
2
2892
2890
2871
19
19
2871
2852
2839
16
16
2839
2823
2820
10
10
2820
2810
2794
3
3
2794
2791
2779
16
16
2779
2763
2756
11
11
2756
2745
2738
3
3
2738
2735
2732
6
6
2732
2726
2716
11
11
2716
2705
2696
7
7
2696
2689
2680
4
4
2680
2676
2673
19
19
2673
2654
2635
6
6
2635
2629
2616
17
17
2616
2599
2590
11
11
2590
2579
2570
5
5
2570
2565
2549
5
5
2549
2544
2543
1
1
2543
2542
2523
1
1
2523
2522
2504
3
3
2504
2501
2491
4
4
2491
2487
2477
3
3
2477
2474
2458
13
13
2458
2445
2427
3
3
2427
2424
2421
6
6
2421
2415
2411
11
11
2411
2400
2392
20
20
2392
2372
2365
2
2
2365
2363
2345
2
2
2345
2343
2336
6
6
2336
2330
2315
4
4
2315
2311
2307
18
18
2307
2289
2281
2
2
2281
2279
2277
18
18
2277
2259
2247
16
16
2247
2231
2215
9
9
2215
2206
2197
18
18
2197
2179
2171
15
15
2171
2156
2145
11
11
2145
2134
2114
13
13
2114
2101
2100
6
6
2100
2094
2088
6
6
2088
2082
2078
5
5
2078
2073
2056
14
14
2056
2042
2034
5
5
2034
2029
2028
20
20
2028
2008
1989
4
4
1989
1985
1969
13
13
1969
1956
1943
9
9
1943
1934
1932
3
3
1932
1929
1922
19
19
1922
1903
1901
17
17
1901
1884
1878
18
18
1878
1860
1844
19
19
1844
1825
1812
15
15
1812
1797
1788
14
14
1788
1774
1772
1
1
1772
1771
1759
13
13
1759
1746
1726
12
12
1726
1714
1702
9
9
1702
1693
1684
20
20
1684
1664
1658
6
6
1658
1652
1640
7
7
1640
1633
1623
9
9
1623
1614
1611
6
6
1611
1605
1602
11
11
1602
1591
1577
7
7
1577
1570
1567
10
10
1567
1557
1553
1
1
1553
1552
1542
1
1
1542
1541
1528
10
10
1528
1518
1514
11
11
1514
1503
1501
20
20
1501
1481
1480
11
11
1480
1469
1464
15
15
1464
1449
1444
3
3
1444
1441
1433
20
20
1433
1413
1395
4
4
1395
1391
1388
6
6
1388
1382
1374
15
15
1374
1359
1344
18
18
1344
1326
1318
4
4
1318
1314
1311
2
2
1311
1309
1289
5
5
1289
1284
1276
2
2
1276
1274
1257
4
4
1257
1253
1245
5
5
1245
1240
1230
14
14
1230
1216
1201
9
9
1201
1192
1186
4
4
1186
1182
1174
6
6
1174
1168
1163
4
4
1163
1159
1141
12
12
1141
1129
1112
11
11
1112
1101
1087
13
13
1087
1074
1068
10
10
1068
1058
1043
8
8
1043
1035
1028
20
20
1028
1008
993
18
18
993
975
966
6
6
966
960
943
14
14
943
929
913
15
15
913
898
887
3
3
887
884
874
12
12
874
862
860
1
1
860
859
839
4
4
839
835
825
16
16
825
809
799
7
7
799
792
791
6
6
791
785
778
5
5
778
773
755
1
1
755
754
749
18
18
749
731
718
10
10
718
708
697
11
11
697
686
684
17
17
684
667
657
2
2
657
655
652
15
15
652
637
630
1
1
630
629
628
10
10
628
618
605
19
19
605
586
574
6
6
574
568
551
5
5
551
546
531
4
4
531
527
525
18
18
525
507
497
8
8
497
489
487
1
1
487
486
478
16
16
478
462
456
2
2
456
454
447
17
17
447
430
429
2
2
429
427
413
18
18
413
395
379
3
3
379
376
362
20
20
362
342
334
3
3
334
331
313
9
9
313
304
301
7
7
301
294
281
15
15
281
266
263
18
18
263
245
231
16
16
231
215
197
10
10
197
187
186
6
6
186
180
165
6
6
165
159
150
12
12
150
138
135
7
7
135
128
125
5
5
125
120
114
11
11
114
103
97
19
19
97
78
60
11
11
60
49
48
1
1
48
47
46
11
11
46
35
16
11
11
16
5
5
35
19
19
47
1
1
49
1
1
78
18
18
103
6
6
120
6
6
128
3
3
138
3
3
159
9
9
180
15
15
187
1
1
215
18
18
245
14
14
266
3
3
294
13
13
304
3
3
331
18
18
342
8
8
376
14
14
395
16
16
427
14
14
430
1
1
454
7
7
462
6
6
486
8
8
489
2
2
507
10
10
527
2
2
546
15
15
568
17
17
586
12
12
618
13
13
629
1
1
637
7
7
655
3
3
667
10
10
686
2
2
708
11
11
731
13
13
754
5
5
773
18
18
785
7
7
792
1
1
809
10
10
835
10
10
859
20
20
862
2
2
884
10
10
898
11
11
929
16
16
960
17
17
975
9
9
1008
15
15
1035
7
7
1058
15
15
1074
6
6
1101
14
14
1129
17
17
1159
18
18
1168
5
5
1182
8
8
1192
6
6
1216
15
15
1240
10
10
1253
8
8
1274
17
17
1284
8
8
1309
20
20
1314
3
3
1326
8
8
1359
15
15
1382
8
8
1391
3
3
1413
18
18
1441
8
8
1449
5
5
1469
5
5
1481
1
1
1503
2
2
1518
4
4
1541
13
13
1552
10
10
1557
4
4
1570
3
3
1591
14
14
1605
3
3
1614
3
3
1633
10
10
1652
12
12
1664
6
6
1693
9
9
1714
12
12
1746
20
20
1771
12
12
1774
2
2
1797
9
9
1825
13
13
1860
16
16
1884
6
6
1903
2
2
1929
7
7
1934
2
2
1956
13
13
1985
16
16
2008
19
19
2029
1
1
2042
8
8
2073
17
17
2082
4
4
2094
6
6
2101
1
1
2134
20
20
2156
11
11
2179
8
8
2206
9
9
2231
16
16
2259
12
12
2279
2
2
2289
8
8
2311
4
4
2330
15
15
2343
7
7
2363
18
18
2372
7
7
2400
8
8
2415
4
4
2424
3
3
2445
18
18
2474
16
16
2487
10
10
2501
10
10
2522
18
18
2542
19
19
2544
1
1
2565
16
16
2579
9
9
2599
9
9
2629
13
13
2654
19
19
2676
3
3
2689
9
9
2705
9
9
2726
10
10
2735
3
3
2745
7
7
2763
7
7
2791
12
12
2810
16
16
2823
3
3
2852
13
13
2890
19
19
2901
9
9
2925
17
17
2937
11
11
2969
19
19
2999
15
15
3005
1
1
3024
16
16
3041
7
7
3073
13
13
3097
9
9
3126
10
10
3128
1
1
3140
9
9
3161
17
17
3163
1
1
3180
1
1
3190
2
2
3214
6
6
3236
8
8
3246
6
6
3256
7
7
3269
6
6
3289
17
17
3304
1
1
3318
6
6
3333
6
6
3354
7
7
3378
17
17
3403
9
9
3432
16
16
3447
6
6
3479
15
15
3501
13
13
3503
1
1
3508
4
4
3515
1
1
3536
11
11
3557
13
13
3583
20
20
3609
14
14
3615
1
1
3652
19
19
3662
4
4
3676
1
1
3690
3
3
3725
18
18
3747
12
12
3777
17
17
3794
13
13
3811
2
2
3828
1
1
3837
5
5
3858
10
10
3891
15
15
3907
7
7
3927
12
12
3938
3
3
3958
12
12
3964
1
1
3993
16
16
4002
8
8
4025
9
9
4049
6
6
4053
1
1
4090
18
18
4103
12
12
4124
5
5
4146
5
5
4173
12
12
4194
1
1
4220
6
6
4238
5
5
4248
1
1
4280
15
15
4306
7
7
4333
19
19
4349
1
1
4368
12
12
4382
9
9
4397
4
4
4416
13
13
4432
2
2
4459
11
11
4475
9
9
4483
6
6
4513
20
20
4524
1
1
4548
20
20
4569
1
1
4600
19
19
4626
20
20
4660
19
19
4662
1
1
4677
6
6
4707
20
20
4730
15
15
4742
2
2
4763
4
4
4775
1
1
4799
11
11
4805
1
1
4832
16
16
4848
15
15
4864
1
1
4884
6
6
4922
20
20
4937
12
12
4959
4
4
4976
6
6
5005
20
20
5024
15
15
5050
12
12
5073
8
8
5094
5
5
5111
8
8
5142
14
14
5156
7
7
5171
6
6
5192
1
1
5208
11
11
5215
2
2
5234
9
9
5252
6
6
5264
1
1
5292
18
18
5305
12
12
5330
12
12
5341
7
7
5377
18
18
5392
4
4
5403
7
7
5432
11
11
5449
5
5
5475
9
9
5481
2
2
5492
10
10
5504
10
10
5536
15
15
5557
7
7
5573
2
2
5590
12
12
5620
16
16
5637
16
16
5657
19
19
5682
11
11
5702
18
18
5736
18
18
5749
5
5
5752
2
2
5772
5
5
5791
15
15
5809
5
5
5820
9
9
5855
15
15
5880
11
11
5916
19
19
5928
10
10
5943
3
3
5960
13
13
5998
18
18
6000
1
1
6031
18
18
6067
19
19
6086
18
18
6102
15
15
6107
3
3
6129
13
13
6149
12
12
6155
5
5
6174
15
15
6189
1
1
6217
16
16
6228
3
3
6257
12
12
6287
16
16
6308
14
14
6343
20
20
6363
11
11
6388
9
9
6411
17
17
6423
8
8
6454
13
13
6458
3
3
6480
20
20
6492
6
6
6527
20
20
6535
4
4
6563
13
13
6579
11
11
6599
18
18
6613
10
10
6643
19
19
6670
20
20
6680
3
3
6702
14
14
6734
12
12
6769
15
15
6791
19
19
6812
3
3
6833
3
3
6851
10
10
6865
12
12
6894
15
15
6914
18
18
6922
5
5
6944
7
7
6964
5
5
