3444
1662
891
409
196
84
38
10
8
8
10
2
2
38
28
20
14
14
20
6
6
28
8
8
84
46
22
18
18
22
4
4
46
24
16
6
6
16
10
10
24
8
8
196
112
67
31
15
6
6
15
9
9
31
16
16
67
36
31
14
14
31
17
17
36
5
5
112
45
17
7
7
17
10
10
45
28
22
19
19
22
3
3
28
6
6
409
213
96
42
13
5
5
13
8
8
42
29
17
9
9
17
8
8
29
12
12
96
54
15
1
1
15
14
14
54
39
28
19
19
28
9
9
39
11
11
213
117
53
2
1
1
2
1
1
53
51
33
16
16
33
17
17
51
18
18
117
64
32
19
19
32
13
13
64
32
31
19
19
31
12
12
32
1
1
891
482
221
112
38
23
6
6
23
17
17
38
15
11
10
10
11
1
1
15
4
4
112
74
22
5
5
22
17
17
74
52
39
20
20
39
19
19
52
13
13
221
109
75
20
9
8
8
9
1
1
20
11
11
75
55
36
16
16
36
20
20
55
19
19
109
34
2
1
1
2
1
1
34
32
16
13
13
16
3
3
32
16
16
482
261
131
68
30
15
15
30
15
15
68
38
20
10
10
20
10
10
38
18
18
131
63
31
12
12
31
19
19
63
32
16
15
15
16
1
1
32
16
16
261
130
82
37
19
13
13
19
6
6
37
18
18
82
45
34
20
20
34
14
14
45
11
11
130
48
9
8
8
9
1
1
48
39
23
5
5
23
18
18
39
16
16
1662
771
429
207
85
54
16
3
3
16
13
13
54
38
22
4
4
22
18
18
38
16
16
85
31
14
5
5
14
9
9
31
17
10
2
2
10
8
8
17
7
7
207
122
74
41
32
18
18
32
14
14
41
9
9
74
33
17
16
16
17
1
1
33
16
16
122
48
29
10
10
29
19
19
48
19
10
7
7
10
3
3
19
9
9
429
222
102
57
26
13
13
26
13
13
57
31
25
18
18
25
7
7
31
6
6
102
45
19
12
12
19
7
7
45
26
17
16
16
17
1
1
26
9
9
222
120
74
26
20
20
26
6
6
74
48
36
19
19
36
17
17
48
12
12
120
46
17
3
3
17
14
14
46
29
13
3
3
13
10
10
29
16
16
771
342
169
94
46
5
3
3
5
2
2
46
41
33
16
16
33
17
17
41
8
8
94
48
12
11
11
12
1
1
48
36
22
8
8
22
14
14
36
14
14
169
75
36
21
5
4
4
5
1
1
21
16
16
36
15
3
1
1
3
2
2
15
12
12
75
39
11
4
4
11
7
7
39
28
16
3
3
16
13
13
28
12
12
342
173
107
48
9
8
8
9
1
1
48
39
23
19
19
23
4
4
39
16
16
107
59
26
17
17
26
9
9
59
33
16
10
10
16
6
6
33
17
17
173
66
37
27
7
7
27
20
20
37
10
5
1
1
5
4
4
10
5
5
66
29
5
1
1
5
4
4
29
24
15
6
6
15
9
9
24
9
9
3444
1782
833
422
185
89
31
10
5
5
10
5
5
31
21
5
4
4
5
1
1
21
16
16
89
58
14
11
11
14
3
3
58
44
29
12
12
29
17
17
44
15
15
185
96
51
18
12
5
5
12
7
7
18
6
6
51
33
24
12
12
24
12
12
33
9
9
96
45
7
3
3
7
4
4
45
38
23
9
9
23
14
14
38
15
15
422
237
96
52
33
14
14
33
19
19
52
19
14
8
8
14
6
6
19
5
5
96
44
17
16
16
17
1
1
44
27
23
12
12
23
11
11
27
4
4
237
141
59
25
16
16
25
9
9
59
34
21
5
5
21
16
16
34
13
13
141
82
35
20
20
35
15
15
82
47
32
20
20
32
12
12
47
15
15
833
411
193
85
48
25
14
14
25
11
11
48
23
7
2
2
7
5
5
23
16
16
85
37
17
2
2
17
15
15
37
20
14
8
8
14
6
6
20
6
6
193
108
46
12
9
7
7
9
2
2
12
3
3
46
34
33
17
17
33
16
16
34
1
1
108
62
26
11
11
26
15
15
62
36
25
14
14
25
11
11
36
11
11
411
218
106
70
29
14
14
29
15
15
70
41
28
18
18
28
10
10
41
13
13
106
36
10
9
9
10
1
1
36
26
20
19
19
20
1
1
26
6
6
218
112
80
38
28
11
11
28
17
17
38
10
10
80
42
30
10
10
30
20
20
42
12
12
112
32
22
6
6
22
16
16
32
10
6
5
5
6
1
1
10
4
4
1782
949
501
255
154
80
35
16
16
35
19
19
80
45
27
18
18
27
9
9
45
18
18
154
74
36
19
19
36
17
17
74
38
28
8
8
28
20
20
38
10
10
255
101
44
29
23
14
14
23
9
9
29
6
6
44
15
13
4
4
13
9
9
15
2
2
101
57
16
1
1
16
15
15
57
41
21
18
18
21
3
3
41
20
20
501
246
106
75
24
8
8
24
16
16
75
51
33
13
13
33
20
20
51
18
18
106
31
17
11
11
17
6
6
31
14
11
2
2
11
9
9
14
3
3
246
140
74
25
16
16
25
9
9
74
49
32
17
17
32
15
15
49
17
17
140
66
29
17
17
29
12
12
66
37
25
10
10
25
15
15
37
12
12
949
448
232
107
55
34
19
19
34
15
15
55
21
18
17
17
18
1
1
21
3
3
107
52
20
11
11
20
9
9
52
32
22
7
7
22
15
15
32
10
10
232
125
72
28
15
14
14
15
1
1
28
13
13
72
44
25
16
16
25
9
9
44
19
19
125
53
16
6
6
16
10
10
53
37
17
9
9
17
8
8
37
20
20
448
216
108
43
23
16
16
23
7
7
43
20
12
2
2
12
10
10
20
8
8
108
65
31
19
19
31
12
12
65
34
15
1
1
15
14
14
34
19
19
216
108
57
19
4
4
19
15
15
57
38
23
10
10
23
13
13
38
15
15
108
51
4
1
1
4
3
3
51
47
29
11
11
29
18
18
47
18
18
