4169
1554
1501
356
122
85
75
10
10
75
65
22
18
18
22
4
4
65
43
25
5
5
25
20
20
43
18
2
2
18
16
16
85
10
9
9
10
1
1
122
37
30
16
7
7
16
9
9
30
14
14
37
7
7
356
234
178
89
70
19
18
18
19
1
1
70
51
20
20
51
31
17
17
31
14
14
89
19
10
10
19
9
9
178
89
87
75
48
19
19
48
29
11
11
29
18
18
75
27
13
3
3
13
10
10
27
14
14
87
12
12
89
2
2
234
56
26
25
17
17
25
8
8
26
1
1
56
30
14
2
2
14
12
12
30
16
16
1501
1145
1105
344
257
157
96
8
8
96
88
46
15
15
46
31
12
12
31
19
19
88
42
18
12
12
18
6
6
42
24
21
14
5
5
14
9
9
21
7
7
24
3
3
157
61
43
14
13
13
14
1
1
43
29
28
1
1
28
27
19
19
27
8
8
29
1
1
61
18
1
1
18
17
17
257
100
59
4
4
59
55
43
17
7
7
17
10
10
43
26
6
6
26
20
20
55
12
12
100
41
32
14
14
32
18
18
41
9
9
344
87
42
41
12
12
41
29
13
13
29
16
16
42
1
1
87
45
44
33
17
17
33
16
16
44
11
10
10
11
1
1
45
1
1
1105
761
481
1
1
481
480
255
46
24
8
8
24
16
16
46
22
4
4
22
18
18
255
209
50
22
5
5
22
17
15
15
17
2
2
50
28
6
6
28
22
16
16
22
6
2
2
6
4
4
209
159
61
57
27
14
14
27
13
13
57
30
19
19
30
11
11
61
4
4
159
98
43
8
8
43
35
16
16
35
19
19
98
55
13
13
55
42
16
16
42
26
17
17
26
9
9
480
225
193
38
8
8
38
30
17
17
30
13
3
3
13
10
10
193
155
96
68
4
4
68
64
27
13
13
27
14
14
64
37
16
16
37
21
5
5
21
16
10
10
16
6
6
96
28
24
1
1
24
23
2
2
23
21
10
10
21
11
11
28
4
4
155
59
39
29
12
12
29
17
17
39
10
10
59
20
15
15
20
5
5
225
32
12
1
1
12
11
11
32
20
4
4
20
16
13
13
16
3
3
761
280
206
22
17
7
7
17
10
10
22
5
4
4
5
1
1
206
184
70
12
3
3
12
9
9
70
58
26
9
9
26
17
17
58
32
20
20
32
12
12
184
114
64
51
40
18
18
40
22
5
5
22
17
17
51
11
11
64
13
13
114
50
5
5
50
45
24
12
12
24
12
12
45
21
13
13
21
8
4
4
8
4
4
280
74
34
16
9
9
16
7
7
34
18
7
7
18
11
11
74
40
12
12
40
28
17
17
28
11
11
1145
40
18
7
7
18
11
11
40
22
10
2
2
10
8
8
22
12
4
4
12
8
8
1554
53
29
20
20
29
9
9
53
24
18
4
4
18
14
14
24
6
6
4169
2615
2252
1502
196
41
22
14
5
5
14
9
9
22
8
8
41
19
7
7
19
12
12
196
155
72
36
30
16
3
3
16
13
13
30
14
14
36
6
6
72
36
32
7
7
32
25
5
5
25
20
20
36
4
4
155
83
70
36
17
17
36
19
19
70
34
17
17
34
17
9
9
17
8
8
83
13
13
1502
1306
1087
723
224
44
8
6
6
8
2
2
44
36
22
5
5
22
17
3
3
17
14
14
36
14
14
224
180
59
17
17
59
42
4
4
42
38
18
18
38
20
20
180
121
26
23
14
14
23
9
9
26
3
3
121
95
63
43
23
3
3
23
20
20
43
20
13
13
20
7
7
63
20
20
95
32
16
16
32
16
16
723
499
171
102
19
18
1
1
18
17
7
7
17
10
10
19
1
1
102
83
66
6
6
66
60
42
20
20
42
22
18
18
22
4
4
60
18
1
1
18
17
17
83
17
17
171
69
39
16
1
1
16
15
12
12
15
3
3
39
23
19
19
23
4
4
69
30
1
1
30
29
11
11
29
18
18
499
328
305
282
93
29
21
7
7
21
14
14
29
8
8
93
64
38
14
14
38
24
11
11
24
13
5
3
3
5
2
2
13
8
8
64
26
9
9
26
17
16
16
17
1
1
282
189
17
5
5
17
12
12
189
172
116
84
27
21
1
1
21
20
16
16
20
4
4
27
6
6
84
57
32
18
4
4
18
14
14
32
14
12
12
14
2
2
57
25
19
19
25
6
6
116
32
8
8
32
24
11
11
24
13
13
172
56
41
39
30
15
15
30
15
15
39
9
9
41
2
2
56
15
15
305
23
12
5
5
12
7
7
23
11
11
328
23
18
18
23
5
5
1087
364
126
18
18
126
108
30
17
17
30
13
12
12
13
1
1
108
78
48
25
7
7
25
18
18
48
23
1
1
23
22
9
9
22
13
13
78
30
15
15
30
15
2
1
1
2
1
1
15
13
13
364
238
181
144
129
60
29
15
8
1
1
8
7
7
15
7
7
29
14
14
60
31
16
16
31
15
15
129
69
25
16
8
8
16
8
8
25
9
8
8
9
1
1
69
44
9
9
44
35
23
1
1
23
22
18
4
4
18
14
14
22
4
4
35
12
12
144
15
14
14
15
1
1
181
37
19
7
7
19
12
12
37
18
18
238
57
10
10
57
47
8
8
47
39
17
1
1
17
16
12
12
16
4
3
3
4
1
1
39
22
10
10
22
12
12
1306
219
54
29
14
14
29
15
15
54
25
8
8
25
17
16
16
17
1
1
219
165
68
55
37
14
7
7
14
7
6
6
7
1
1
37
23
14
2
2
14
12
12
23
9
9
55
18
6
6
18
12
12
68
13
13
165
97
20
20
97
77
24
5
5
24
19
19
77
53
21
9
9
21
12
12
53
32
19
15
15
19
4
4
32
13
13
2252
750
741
490
74
55
11
11
55
44
25
9
9
25
16
16
44
19
16
16
19
3
3
74
19
19
490
416
173
138
48
17
17
48
31
15
4
4
15
11
11
31
16
16
138
90
84
60
41
20
20
41
21
7
7
21
14
14
60
19
19
84
24
4
4
24
20
8
8
20
12
12
90
6
6
173
35
21
8
8
21
13
13
35
14
14
416
243
147
51
48
34
19
19
34
15
13
13
15
2
2
48
14
8
8
14
6
6
51
3
3
147
96
41
27
9
9
27
18
18
41
14
14
96
55
45
16
3
3
16
13
13
45
29
12
1
1
12
11
4
4
11
7
7
29
17
17
55
10
7
7
10
3
1
1
3
2
2
243
96
45
12
12
45
33
13
13
33
20
4
4
20
16
16
96
51
6
6
51
45
20
17
17
20
3
3
45
25
6
6
25
19
11
11
19
8
8
741
251
145
71
33
14
14
33
19
18
18
19
1
1
71
38
19
19
38
19
19
145
74
62
37
18
18
37
19
19
62
25
17
5
5
17
12
12
25
8
8
74
12
12
251
106
91
61
46
27
8
8
27
19
19
46
19
19
61
15
15
91
30
12
12
30
18
4
4
18
14
14
106
15
13
13
15
2
2
750
9
9
2615
363
43
37
11
11
37
26
21
1
1
21
20
20
26
5
5
43
6
6
363
320
175
166
61
28
22
8
8
22
14
14
28
6
6
61
33
29
20
20
29
9
9
33
4
4
166
105
10
2
2
10
8
8
105
95
64
30
11
11
30
19
19
64
34
17
17
34
17
4
4
17
13
13
95
31
14
14
31
17
17
175
9
9
320
145
128
118
88
41
15
15
41
26
19
9
9
19
10
10
26
7
7
88
47
21
20
3
3
20
17
12
12
17
5
5
21
1
1
47
26
25
7
6
6
7
1
1
25
18
18
26
1
1
118
30
20
17
17
20
3
3
30
10
10
128
10
10
145
17
13
13
17
4
4
