unlock 5 NOTHING HAPPENED
lock 0 INVALID COMBINATION
isLocked 0 UNLOCK
unlock 5 NOTHING HAPPENED
isLocked 5 UNLOCK
unlock 2 NOTHING HAPPENED
lock 5 INVALID COMBINATION
lock 1 INVALID COMBINATION
isLocked 4 UNLOCK
isLocked 0 UNLOCK
lock 4 INVALID COMBINATION
isLocked 5 UNLOCK
lock 1 INVALID COMBINATION
lock 3 new pwd: 5521
lock 0 INVALID COMBINATION
unlock 4 NOTHING HAPPENED
unlock 5 NOTHING HAPPENED
isLocked 3 LOCKED
lock 3 NOTHING HAPPENED
isLocked 1 UNLOCK
unlock 1 NOTHING HAPPENED
lock 2 new pwd: 3932
isLocked 3 LOCKED
isLocked 5 UNLOCK
lock 0 INVALID COMBINATION
lock 0 INVALID COMBINATION
unlock 0 NOTHING HAPPENED
unlock 3 LOCKED
lock 5 INVALID COMBINATION
isLocked 4 UNLOCK
isLocked 5 UNLOCK
isLocked 0 UNLOCK
isLocked 3 LOCKED
lock 3 NOTHING HAPPENED
isLocked 5 UNLOCK
unlock 0 NOTHING HAPPENED
lock 2 NOTHING HAPPENED
unlock 5 NOTHING HAPPENED
unlock 5 NOTHING HAPPENED
lock 4 INVALID COMBINATION
lock 1 INVALID COMBINATION
lock 3 NOTHING HAPPENED
isLocked 3 LOCKED
lock 2 NOTHING HAPPENED
unlock 4 NOTHING HAPPENED
lock 1 new pwd: 7741
isLocked 0 UNLOCK
isLocked 2 LOCKED
lock 5 INVALID COMBINATION
unlock 1 LOCKED
isLocked 4 UNLOCK
isLocked 5 UNLOCK
unlock 3 UNLOCK
isLocked 3 UNLOCK
isLocked 5 UNLOCK
isLocked 2 LOCKED
isLocked 3 UNLOCK
unlock 1 UNLOCK
lock 2 NOTHING HAPPENED
lock 2 NOTHING HAPPENED
unlock 1 NOTHING HAPPENED
unlock 1 NOTHING HAPPENED
lock 0 new pwd: 4527
lock 0 NOTHING HAPPENED
lock 3 new pwd: 8073
lock 5 INVALID COMBINATION
isLocked 2 LOCKED
unlock 1 NOTHING HAPPENED
lock 5 INVALID COMBINATION
unlock 0 LOCKED
isLocked 2 LOCKED
isLocked 2 LOCKED
lock 0 NOTHING HAPPENED
lock 0 NOTHING HAPPENED
isLocked 5 UNLOCK
unlock 4 NOTHING HAPPENED
unlock 2 LOCKED
unlock 2 LOCKED
isLocked 5 UNLOCK
isLocked 4 UNLOCK
isLocked 2 LOCKED
lock 1 new pwd: 220
unlock 4 NOTHING HAPPENED
lock 5 new pwd: 35
isLocked 1 LOCKED
lock 2 NOTHING HAPPENED
isLocked 1 LOCKED
lock 0 NOTHING HAPPENED
isLocked 4 UNLOCK
lock 0 NOTHING HAPPENED
isLocked 2 LOCKED
unlock 4 NOTHING HAPPENED
unlock 2 LOCKED
isLocked 4 UNLOCK
lock 4 INVALID COMBINATION
isLocked 1 LOCKED
lock 0 NOTHING HAPPENED
lock 5 NOTHING HAPPENED
isLocked 0 LOCKED
lock 2 NOTHING HAPPENED
