lock 3 new pwd: 346
lock 5 INVALID COMBINATION
lock 4 INVALID COMBINATION
lock 0 INVALID COMBINATION
lock 1 INVALID COMBINATION
isLocked 2 UNLOCK
isLocked 5 UNLOCK
lock 5 new pwd: 1402
lock 5 NOTHING HAPPENED
lock 2 INVALID COMBINATION
lock 4 INVALID COMBINATION
lock 2 new pwd: 7343
isLocked 3 LOCKED
isLocked 2 LOCKED
lock 4 INVALID COMBINATION
lock 4 INVALID COMBINATION
lock 0 new pwd: 6076
lock 4 new pwd: 7401
isLocked 1 UNLOCK
isLocked 2 LOCKED
isLocked 3 LOCKED
lock 1 new pwd: 4765
isLocked 2 LOCKED
lock 1 NOTHING HAPPENED
lock 0 NOTHING HAPPENED
lock 1 NOTHING HAPPENED
isLocked 0 LOCKED
lock 2 NOTHING HAPPENED
lock 0 NOTHING HAPPENED
lock 5 NOTHING HAPPENED
lock 1 NOTHING HAPPENED
isLocked 5 LOCKED
isLocked 5 LOCKED
isLocked 4 LOCKED
lock 0 NOTHING HAPPENED
lock 1 NOTHING HAPPENED
lock 0 NOTHING HAPPENED
lock 5 NOTHING HAPPENED
isLocked 2 LOCKED
lock 4 NOTHING HAPPENED
isLocked 1 LOCKED
isLocked 5 LOCKED
isLocked 2 LOCKED
isLocked 3 LOCKED
lock 4 NOTHING HAPPENED
lock 4 NOTHING HAPPENED
isLocked 5 LOCKED
lock 0 NOTHING HAPPENED
isLocked 2 LOCKED
lock 3 NOTHING HAPPENED
isLocked 3 LOCKED
lock 4 NOTHING HAPPENED
lock 3 NOTHING HAPPENED
lock 4 NOTHING HAPPENED
isLocked 4 LOCKED
isLocked 1 LOCKED
lock 5 NOTHING HAPPENED
lock 5 NOTHING HAPPENED
lock 2 NOTHING HAPPENED
lock 5 NOTHING HAPPENED
isLocked 3 LOCKED
isLocked 5 LOCKED
lock 3 NOTHING HAPPENED
lock 5 NOTHING HAPPENED
lock 3 NOTHING HAPPENED
lock 2 NOTHING HAPPENED
isLocked 0 LOCKED
isLocked 1 LOCKED
lock 2 NOTHING HAPPENED
isLocked 1 LOCKED
lock 4 NOTHING HAPPENED
isLocked 4 LOCKED
isLocked 3 LOCKED
lock 0 NOTHING HAPPENED
lock 4 NOTHING HAPPENED
lock 2 NOTHING HAPPENED
isLocked 0 LOCKED
isLocked 1 LOCKED
isLocked 0 LOCKED
lock 5 NOTHING HAPPENED
lock 5 NOTHING HAPPENED
isLocked 4 LOCKED
isLocked 1 LOCKED
isLocked 5 LOCKED
lock 5 NOTHING HAPPENED
isLocked 0 LOCKED
lock 0 NOTHING HAPPENED
lock 5 NOTHING HAPPENED
isLocked 5 LOCKED
lock 5 NOTHING HAPPENED
isLocked 4 LOCKED
isLocked 5 LOCKED
isLocked 3 LOCKED
isLocked 4 LOCKED
lock 0 NOTHING HAPPENED
isLocked 5 LOCKED
lock 1 NOTHING HAPPENED
isLocked 4 LOCKED
lock 4 NOTHING HAPPENED
isLocked 1 LOCKED
