lock 1 INVALID COMBINATION
isLocked 0 UNLOCK
isLocked 5 UNLOCK
unlock 2 NOTHING HAPPENED
unlock 1 NOTHING HAPPENED
isLocked 0 UNLOCK
isLocked 2 UNLOCK
lock 5 INVALID COMBINATION
lock 2 INVALID COMBINATION
unlock 3 NOTHING HAPPENED
lock 1 INVALID COMBINATION
lock 5 INVALID COMBINATION
unlock 4 NOTHING HAPPENED
isLocked 4 UNLOCK
isLocked 2 UNLOCK
unlock 3 NOTHING HAPPENED
unlock 2 NOTHING HAPPENED
unlock 1 NOTHING HAPPENED
unlock 0 NOTHING HAPPENED
lock 1 new pwd: 1744
lock 4 new pwd: 1024
lock 5 new pwd: 6453
isLocked 1 LOCKED
lock 0 INVALID COMBINATION
isLocked 5 LOCKED
isLocked 4 LOCKED
isLocked 2 UNLOCK
isLocked 0 UNLOCK
lock 1 NOTHING HAPPENED
isLocked 5 LOCKED
isLocked 5 LOCKED
isLocked 1 LOCKED
lock 1 NOTHING HAPPENED
unlock 1 UNLOCK
lock 2 new pwd: 9927
unlock 2 UNLOCK
unlock 3 NOTHING HAPPENED
lock 5 NOTHING HAPPENED
unlock 2 NOTHING HAPPENED
isLocked 3 UNLOCK
lock 1 INVALID COMBINATION
unlock 5 LOCKED
lock 0 new pwd: 8084
lock 3 new pwd: 6068
lock 5 NOTHING HAPPENED
lock 5 NOTHING HAPPENED
unlock 5 LOCKED
isLocked 4 LOCKED
isLocked 2 UNLOCK
isLocked 4 LOCKED
lock 1 INVALID COMBINATION
lock 0 NOTHING HAPPENED
isLocked 0 LOCKED
lock 2 INVALID COMBINATION
lock 2 INVALID COMBINATION
unlock 0 LOCKED
unlock 0 LOCKED
lock 1 INVALID COMBINATION
unlock 1 NOTHING HAPPENED
isLocked 5 LOCKED
lock 4 NOTHING HAPPENED
isLocked 3 LOCKED
lock 0 NOTHING HAPPENED
isLocked 1 UNLOCK
lock 2 new pwd: 9466
lock 0 NOTHING HAPPENED
lock 1 INVALID COMBINATION
lock 0 NOTHING HAPPENED
unlock 1 NOTHING HAPPENED
isLocked 1 UNLOCK
lock 5 NOTHING HAPPENED
lock 1 INVALID COMBINATION
lock 5 NOTHING HAPPENED
lock 3 NOTHING HAPPENED
isLocked 3 LOCKED
isLocked 2 LOCKED
unlock 3 UNLOCK
isLocked 3 UNLOCK
unlock 1 NOTHING HAPPENED
lock 4 NOTHING HAPPENED
lock 1 INVALID COMBINATION
lock 3 INVALID COMBINATION
unlock 3 NOTHING HAPPENED
isLocked 4 LOCKED
isLocked 5 LOCKED
unlock 1 NOTHING HAPPENED
isLocked 0 LOCKED
unlock 0 LOCKED
unlock 5 LOCKED
isLocked 2 LOCKED
unlock 3 NOTHING HAPPENED
isLocked 3 UNLOCK
lock 0 NOTHING HAPPENED
lock 2 NOTHING HAPPENED
unlock 2 UNLOCK
unlock 1 NOTHING HAPPENED
unlock 2 NOTHING HAPPENED
unlock 5 LOCKED
lock 2 new pwd: 1488
unlock 0 LOCKED
