lock 1 INVALID COMBINATION
lock 4 INVALID COMBINATION
lock 0 new pwd: 1266
isLocked 3 UNLOCK
isLocked 5 UNLOCK
isLocked 5 UNLOCK
isLocked 1 UNLOCK
lock 0 NOTHING HAPPENED
lock 3 INVALID COMBINATION
lock 0 NOTHING HAPPENED
lock 1 new pwd: 8342
isLocked 2 UNLOCK
unlock 2 NOTHING HAPPENED
lock 0 NOTHING HAPPENED
isLocked 5 UNLOCK
unlock 0 LOCKED
unlock 4 NOTHING HAPPENED
lock 1 NOTHING HAPPENED
isLocked 4 UNLOCK
lock 3 INVALID COMBINATION
unlock 1 LOCKED
unlock 3 NOTHING HAPPENED
isLocked 1 LOCKED
isLocked 3 UNLOCK
isLocked 4 UNLOCK
lock 4 INVALID COMBINATION
isLocked 4 UNLOCK
unlock 3 NOTHING HAPPENED
isLocked 1 LOCKED
unlock 0 LOCKED
unlock 1 LOCKED
isLocked 2 UNLOCK
unlock 5 NOTHING HAPPENED
lock 4 INVALID COMBINATION
isLocked 0 LOCKED
lock 4 INVALID COMBINATION
unlock 1 LOCKED
unlock 3 NOTHING HAPPENED
lock 0 NOTHING HAPPENED
unlock 2 NOTHING HAPPENED
lock 3 INVALID COMBINATION
isLocked 5 UNLOCK
isLocked 1 LOCKED
unlock 5 NOTHING HAPPENED
unlock 3 NOTHING HAPPENED
unlock 1 LOCKED
isLocked 5 UNLOCK
lock 4 INVALID COMBINATION
isLocked 3 UNLOCK
lock 3 INVALID COMBINATION
isLocked 1 LOCKED
isLocked 2 UNLOCK
isLocked 1 LOCKED
lock 5 INVALID COMBINATION
unlock 1 LOCKED
lock 1 NOTHING HAPPENED
lock 3 new pwd: 9042
unlock 2 NOTHING HAPPENED
isLocked 3 LOCKED
lock 2 new pwd: 4277
lock 1 NOTHING HAPPENED
lock 2 NOTHING HAPPENED
isLocked 0 LOCKED
unlock 5 NOTHING HAPPENED
unlock 2 UNLOCK
unlock 5 NOTHING HAPPENED
lock 4 INVALID COMBINATION
unlock 1 LOCKED
lock 0 NOTHING HAPPENED
lock 3 NOTHING HAPPENED
lock 4 INVALID COMBINATION
unlock 0 LOCKED
isLocked 0 LOCKED
unlock 5 NOTHING HAPPENED
lock 1 NOTHING HAPPENED
unlock 2 NOTHING HAPPENED
unlock 2 NOTHING HAPPENED
isLocked 5 UNLOCK
lock 5 INVALID COMBINATION
lock 0 NOTHING HAPPENED
unlock 1 LOCKED
isLocked 0 LOCKED
isLocked 0 LOCKED
isLocked 5 UNLOCK
unlock 3 LOCKED
isLocked 3 LOCKED
isLocked 0 LOCKED
unlock 1 LOCKED
isLocked 1 LOCKED
unlock 2 NOTHING HAPPENED
unlock 0 LOCKED
unlock 4 NOTHING HAPPENED
isLocked 1 LOCKED
isLocked 5 UNLOCK
lock 1 NOTHING HAPPENED
isLocked 0 LOCKED
unlock 5 NOTHING HAPPENED
isLocked 4 UNLOCK
unlock 4 NOTHING HAPPENED
isLocked 1 LOCKED
