unlock 2 NOTHING HAPPENED
isLocked 2 UNLOCK
lock 0 new pwd: 7776
unlock 5 NOTHING HAPPENED
unlock 0 UNLOCK
lock 4 INVALID COMBINATION
lock 0 INVALID COMBINATION
unlock 1 NOTHING HAPPENED
isLocked 2 UNLOCK
unlock 4 NOTHING HAPPENED
unlock 4 NOTHING HAPPENED
unlock 3 NOTHING HAPPENED
unlock 0 NOTHING HAPPENED
lock 0 INVALID COMBINATION
lock 1 INVALID COMBINATION
lock 3 new pwd: 8639
lock 2 new pwd: 4841
unlock 0 NOTHING HAPPENED
unlock 3 LOCKED
lock 4 new pwd: 8707
lock 5 INVALID COMBINATION
isLocked 4 LOCKED
isLocked 5 UNLOCK
unlock 0 NOTHING HAPPENED
unlock 4 LOCKED
unlock 1 NOTHING HAPPENED
lock 0 INVALID COMBINATION
isLocked 0 UNLOCK
isLocked 0 UNLOCK
lock 4 NOTHING HAPPENED
unlock 0 NOTHING HAPPENED
unlock 2 LOCKED
isLocked 5 UNLOCK
lock 3 NOTHING HAPPENED
unlock 3 UNLOCK
isLocked 5 UNLOCK
unlock 5 NOTHING HAPPENED
lock 3 INVALID COMBINATION
isLocked 0 UNLOCK
unlock 4 LOCKED
isLocked 4 LOCKED
unlock 1 NOTHING HAPPENED
lock 2 NOTHING HAPPENED
isLocked 5 UNLOCK
unlock 0 NOTHING HAPPENED
lock 1 INVALID COMBINATION
lock 0 INVALID COMBINATION
lock 3 INVALID COMBINATION
lock 4 NOTHING HAPPENED
unlock 1 NOTHING HAPPENED
lock 5 INVALID COMBINATION
isLocked 5 UNLOCK
isLocked 4 LOCKED
unlock 5 NOTHING HAPPENED
unlock 1 NOTHING HAPPENED
isLocked 0 UNLOCK
lock 1 INVALID COMBINATION
unlock 2 LOCKED
unlock 0 NOTHING HAPPENED
isLocked 2 LOCKED
lock 3 INVALID COMBINATION
lock 2 NOTHING HAPPENED
unlock 2 UNLOCK
isLocked 1 UNLOCK
isLocked 3 UNLOCK
lock 3 INVALID COMBINATION
unlock 1 NOTHING HAPPENED
isLocked 5 UNLOCK
lock 4 NOTHING HAPPENED
lock 3 new pwd: 4428
lock 2 new pwd: 306
unlock 4 LOCKED
isLocked 2 LOCKED
isLocked 4 LOCKED
unlock 5 NOTHING HAPPENED
isLocked 4 LOCKED
unlock 3 LOCKED
unlock 2 UNLOCK
isLocked 2 UNLOCK
lock 2 new pwd: 3616
unlock 2 UNLOCK
lock 3 NOTHING HAPPENED
lock 5 INVALID COMBINATION
unlock 5 NOTHING HAPPENED
lock 1 INVALID COMBINATION
isLocked 3 LOCKED
isLocked 5 UNLOCK
lock 3 NOTHING HAPPENED
unlock 2 NOTHING HAPPENED
unlock 3 LOCKED
lock 4 NOTHING HAPPENED
unlock 1 NOTHING HAPPENED
unlock 3 LOCKED
lock 4 NOTHING HAPPENED
unlock 0 NOTHING HAPPENED
isLocked 2 UNLOCK
unlock 4 LOCKED
unlock 1 NOTHING HAPPENED
lock 5 INVALID COMBINATION
unlock 5 NOTHING HAPPENED
