unlock 5 NOTHING HAPPENED
unlock 1 NOTHING HAPPENED
isLocked 2 UNLOCK
lock 5 INVALID COMBINATION
lock 0 new pwd: 7229
unlock 5 NOTHING HAPPENED
lock 3 INVALID COMBINATION
unlock 2 NOTHING HAPPENED
unlock 1 NOTHING HAPPENED
lock 3 new pwd: 2645
unlock 3 LOCKED
isLocked 1 UNLOCK
isLocked 5 UNLOCK
unlock 5 NOTHING HAPPENED
isLocked 0 LOCKED
lock 4 new pwd: 5311
lock 0 NOTHING HAPPENED
unlock 1 NOTHING HAPPENED
isLocked 4 LOCKED
unlock 2 NOTHING HAPPENED
isLocked 3 LOCKED
isLocked 4 LOCKED
unlock 4 UNLOCK
isLocked 5 UNLOCK
unlock 4 NOTHING HAPPENED
unlock 5 NOTHING HAPPENED
lock 3 NOTHING HAPPENED
lock 1 INVALID COMBINATION
isLocked 2 UNLOCK
lock 3 NOTHING HAPPENED
unlock 4 NOTHING HAPPENED
isLocked 2 UNLOCK
unlock 1 NOTHING HAPPENED
unlock 1 NOTHING HAPPENED
isLocked 5 UNLOCK
lock 3 NOTHING HAPPENED
lock 0 NOTHING HAPPENED
unlock 3 LOCKED
isLocked 5 UNLOCK
isLocked 3 LOCKED
unlock 5 NOTHING HAPPENED
lock 3 NOTHING HAPPENED
isLocked 5 UNLOCK
unlock 5 NOTHING HAPPENED
unlock 5 NOTHING HAPPENED
isLocked 5 UNLOCK
isLocked 5 UNLOCK
unlock 4 NOTHING HAPPENED
unlock 1 NOTHING HAPPENED
unlock 0 LOCKED
isLocked 4 UNLOCK
isLocked 5 UNLOCK
unlock 2 NOTHING HAPPENED
lock 1 new pwd: 5004
isLocked 2 UNLOCK
unlock 2 NOTHING HAPPENED
unlock 0 LOCKED
lock 0 NOTHING HAPPENED
isLocked 3 LOCKED
unlock 1 UNLOCK
isLocked 4 UNLOCK
unlock 5 NOTHING HAPPENED
lock 3 NOTHING HAPPENED
unlock 2 NOTHING HAPPENED
lock 3 NOTHING HAPPENED
lock 3 NOTHING HAPPENED
unlock 1 NOTHING HAPPENED
lock 0 NOTHING HAPPENED
lock 1 INVALID COMBINATION
unlock 2 NOTHING HAPPENED
lock 5 INVALID COMBINATION
isLocked 2 UNLOCK
unlock 2 NOTHING HAPPENED
unlock 1 NOTHING HAPPENED
isLocked 2 UNLOCK
lock 2 new pwd: 792
isLocked 5 UNLOCK
unlock 1 NOTHING HAPPENED
unlock 5 NOTHING HAPPENED
unlock 0 LOCKED
isLocked 2 LOCKED
lock 4 new pwd: 4866
unlock 5 NOTHING HAPPENED
unlock 2 LOCKED
isLocked 2 LOCKED
lock 1 new pwd: 1882
isLocked 0 LOCKED
isLocked 5 UNLOCK
unlock 0 LOCKED
unlock 5 NOTHING HAPPENED
unlock 2 UNLOCK
isLocked 4 LOCKED
unlock 4 LOCKED
unlock 5 NOTHING HAPPENED
isLocked 0 LOCKED
isLocked 0 LOCKED
lock 5 INVALID COMBINATION
lock 1 NOTHING HAPPENED
unlock 4 UNLOCK
isLocked 3 LOCKED
