2
20
12
0
5
23
12
12
2
16
3
0
18
14
1
0
27
0
0
0
21
0
12
19
0
0
0
0
26
0
0
23
7
0
26
1
26
0
0
26
19
0
3
0
3
0
0
0
0
0
0
5
24
21
0
26
0
2
0
21
12
19
0
0
0
5
19
16
8
0
0
9
0
26
23
12
0
27
1
3
0
25
0
0
1
0
7
0
24
25
26
0
0
18
1
0
0
25
24
2
20
1
1
9
27
0
0
0
10
18
0
2
1
0
0
1
12
24
0
2
0
0
7
0
4
0
0
0
21
7
5
14
8
0
1
12
0
0
0
0
4
27
27
8
0
16
0
0
0
0
0
11
0
4
0
0
2
12
0
26
25
0
0
0
0
4
9
0
1
1
0
0
26
19
19
2
0
0
8
2
1
0
0
24
0
0
1
0
2
12
7
0
19
11
0
0
23
2
27
5
8
12
1
3
0
19
0
21
0
23
0
0
5
0
18
27
1
1
7
10
10
25
1
9
0
1
0
19
3
0
27
0
6
26
0
8
0
0
7
25
4
0
16
0
0
0
10
0
1
0
20
7
12
0
0
9
0
26
0
0
0
27
0
18
0
0
0
0
2
26
4
25
25
0
19
23
0
0
8
1
0
0
6
2
23
19
18
0
0
16
6
1
11
0
27
27
0
5
5
8
0
0
4
0
0
27
0
0
0
0
0
0
19
27
0
0
0
14
1
0
0
7
0
0
0
5
0
0
16
0
0
0
0
6
9
0
21
0
0
0
0
0
11
8
19
0
19
20
1
19
27
0
7
4
19
0
1
0
1
2
2
1
0
0
8
19
0
7
10
4
16
18
1
10
0
0
0
0
0
6
23
23
24
9
0
0
24
0
0
26
0
0
26
0
0
0
16
0
1
0
25
0
6
7
1
0
23
6
1
0
1
18
7
0
0
6
0
2
0
0
0
0
1
0
14
18
0
0
11
5
6
0
21
1
0
0
0
2
9
0
0
0
23
18
5
12
0
11
1
0
2
18
1
0
12
26
0
19
14
9
0
0
9
2
0
26
18
10
0
27
1
2
0
20
0
0
0
0
20
18
0
27
1
0
18
0
4
5
27
0
0
8
1
23
0
21
0
6
0
0
0
8
1
0
0
1
0
0
0
24
0
0
0
0
0
0
0
0
8
9
1
0
0
2
0
0
0
0
19
0
0
25
0
0
21
0
19
24
0
1
7
0
27
26
0
21
0
0
18
0
7
0
0
27
7
0
18
19
18
0
0
11
0
27
0
24
24
0
0
0
20
23
1
0
0
0
1
5
0
21
0
18
27
16
0
0
0
18
0
0
0
23
27
1
5
0
0
0
0
25
0
10
0
0
26
0
0
23
26
0
0
2
23
5
0
23
2
0
0
0
0
0
0
1
24
0
5
1
2
2
26
0
1
2
0
0
27
0
2
0
0
0
27
1
2
12
19
0
11
2
0
16
23
0
0
0
26
19
0
9
0
24
2
0
0
0
0
21
0
0
26
0
27
0
0
0
27
26
0
0
0
0
7
0
24
20
0
0
2
26
9
10
2
0
0
0
0
0
0
12
16
8
27
0
24
23
0
0
3
0
27
11
3
0
8
11
4
0
7
8
19
20
0
19
0
27
0
0
7
0
0
0
2
0
0
16
10
2
27
0
0
0
3
16
0
19
1
3
27
27
1
0
4
7
11
6
16
23
20
0
14
0
0
0
27
0
26
18
0
0
25
12
3
18
1
4
0
1
1
2
0
2
7
7
12
0
0
0
0
25
0
27
0
0
0
0
10
5
1
0
0
18
3
6
0
0
0
0
21
7
27
0
0
0
11
0
0
27
0
0
0
0
0
8
0
0
0
0
21
7
0
18
0
14
0
0
18
0
0
2
0
21
1
2
25
11
0
0
2
0
0
0
0
0
0
0
0
26
23
14
1
11
23
0
1
27
0
24
16
0
27
18
26
0
0
2
19
0
0
12
0
0
26
0
0
0
0
2
0
12
19
0
0
0
0
0
12
1
0
0
0
0
12
19
16
12
21
1
26
0
0
20
7
21
23
19
1
12
23
2
0
12
0
1
0
0
0
0
0
0
0
0
25
0
26
14
0
4
26
0
0
12
0
0
0
2
0
20
0
1
0
1
0
1
2
0
0
0
0
0
0
0
0
1
4
10
0
0
24
0
14
0
2
0
1
1
14
24
2
16
0
0
11
3
2
7
0
0
0
0
7
19
0
0
18
25
0
3
18
20
