0
0
2
11
0
0
14
0
21
22
0
0
0
0
0
0
18
0
0
12
0
0
28
0
0
2
0
14
26
0
0
25
1
12
0
0
0
27
22
12
0
0
0
0
0
0
2
11
0
0
1
0
0
4
0
0
3
0
27
0
21
22
28
0
4
21
0
2
0
10
22
0
0
0
0
0
0
0
0
2
0
0
0
0
0
0
0
14
6
0
8
0
3
18
0
0
0
17
0
0
2
0
0
8
2
0
22
0
0
18
18
0
22
2
4
8
0
25
3
18
2
0
5
0
0
26
8
8
0
0
2
22
0
0
4
0
26
15
0
0
3
28
8
27
0
22
22
0
0
0
28
28
0
0
1
21
0
0
0
0
18
0
15
26
0
0
28
28
2
14
22
0
0
0
0
0
12
3
10
0
14
0
0
10
25
2
0
11
0
0
18
27
2
0
0
11
28
0
0
0
0
14
27
14
5
17
0
0
12
17
0
0
0
22
0
8
0
0
0
0
4
0
0
25
27
15
0
0
0
0
0
0
2
26
0
5
0
0
0
28
15
4
12
0
10
4
1
5
0
0
0
10
0
0
0
0
2
0
0
0
11
0
0
0
12
0
0
0
0
3
28
0
0
14
8
28
0
4
0
8
21
0
1
0
0
8
0
0
28
0
28
0
0
3
0
4
8
26
3
14
0
27
0
0
0
12
8
0
0
8
0
12
0
0
2
2
8
6
22
0
12
0
0
5
0
22
12
3
0
18
21
0
5
3
0
10
0
17
1
0
0
0
6
0
0
3
0
4
0
2
4
0
0
0
3
0
18
21
0
26
22
0
8
0
0
11
2
18
0
0
26
22
0
0
0
0
18
0
0
2
0
0
0
0
0
3
8
4
25
0
0
0
2
1
0
0
2
2
28
4
17
0
0
26
0
0
0
3
0
0
2
0
0
10
0
0
5
28
0
0
26
22
14
0
0
0
2
14
11
0
0
3
22
12
6
4
27
25
2
0
25
0
0
12
27
4
15
0
25
25
0
0
0
0
10
0
0
22
0
0
18
22
0
0
0
0
6
0
4
0
10
0
0
18
5
28
8
25
0
0
15
0
0
0
0
28
4
0
0
4
0
0
28
0
0
25
0
3
3
25
0
14
0
0
2
0
0
0
11
8
0
8
0
0
0
28
6
2
27
25
11
0
1
0
0
2
0
0
0
0
0
0
8
0
17
0
25
0
5
0
0
22
0
0
10
0
11
0
2
12
0
2
25
26
18
0
0
12
0
0
26
0
0
3
11
0
0
25
0
25
26
0
0
0
0
4
0
18
0
25
0
0
0
22
17
21
8
14
0
0
21
26
6
0
28
25
25
2
0
1
15
1
0
8
0
0
1
3
18
10
28
26
0
28
0
1
0
15
0
0
4
26
0
0
0
6
0
0
27
0
12
0
0
28
0
4
8
0
12
6
0
14
0
0
0
0
0
0
18
0
14
0
4
0
8
0
26
15
0
0
0
25
0
0
4
0
28
0
28
15
27
28
4
27
0
14
28
8
2
0
0
8
22
0
27
0
26
0
26
11
8
22
0
0
14
0
0
0
0
0
22
10
10
0
0
0
8
28
5
3
0
0
26
0
28
2
0
0
14
0
0
0
8
0
0
0
0
28
0
0
1
12
10
0
3
0
0
0
18
15
0
0
0
0
27
0
0
0
0
0
0
18
0
22
0
0
2
0
3
22
0
0
0
0
0
18
2
12
0
0
6
22
17
0
17
0
3
0
0
0
22
0
8
12
2
10
17
28
0
0
8
12
12
0
0
0
0
0
27
0
3
26
2
11
10
12
18
5
0
28
0
17
8
5
0
0
3
27
2
17
8
0
0
0
1
0
21
0
3
0
0
4
0
3
3
27
6
0
0
10
15
0
0
0
0
0
0
0
0
10
0
22
0
0
0
8
0
22
27
0
0
28
8
2
28
26
0
2
0
0
2
22
28
28
5
22
0
12
21
0
0
15
15
17
28
14
0
0
0
22
0
0
0
22
0
0
0
0
0
0
4
1
2
1
0
0
0
0
27
0
0
12
25
26
4
0
0
0
0
0
1
0
1
15
0
0
0
0
0
0
0
0
11
2
25
0
26
0
0
0
0
0
27
22
0
17
2
0
0
25
0
0
0
8
0
14
17
0
0
0
0
0
0
15
0
0
0
0
0
0
4
12
0
0
2
0
12
1
0
0
0
0
28
0
2
0
0
21
18
0
26
21
0
0
26
0
18
2
0
0
