0
12
0
3
0
21
2
1
0
1
0
24
0
19
16
1
0
0
6
0
3
14
0
1
0
5
0
20
1
0
0
24
0
1
21
0
19
24
0
5
0
0
12
7
21
18
6
24
6
0
0
2
0
0
4
7
20
12
0
24
1
0
1
18
0
22
3
7
0
0
21
17
3
1
0
12
22
18
5
0
0
5
0
5
0
21
21
3
1
1
0
0
5
20
0
0
0
0
0
0
22
8
14
22
5
10
8
12
0
0
0
0
0
3
11
3
0
0
1
0
12
19
12
24
7
22
3
17
0
0
23
0
11
5
0
0
22
10
2
2
0
11
2
6
0
1
2
0
0
1
21
0
0
12
0
22
0
1
0
1
19
12
0
0
3
0
19
13
2
0
22
0
2
0
0
6
0
0
12
2
8
0
0
23
0
0
0
22
8
0
0
3
0
3
16
0
0
1
0
1
0
8
19
22
19
0
18
23
0
0
19
5
0
6
0
21
19
0
3
0
8
19
23
0
0
0
8
0
3
22
0
0
0
12
1
12
19
8
11
0
0
17
24
0
1
11
23
24
16
0
19
1
0
0
12
8
0
24
24
0
0
2
0
0
23
0
0
0
0
0
0
0
23
12
1
22
0
19
0
16
24
17
1
0
2
0
0
16
14
14
2
0
24
3
12
0
0
0
0
0
0
1
0
17
8
0
0
0
22
6
22
3
0
0
0
23
3
0
3
0
16
2
0
0
0
18
17
0
12
12
3
19
8
22
0
23
3
0
13
0
0
0
0
8
5
0
8
5
0
1
19
0
1
22
17
0
0
12
0
17
0
23
0
0
0
0
6
3
1
0
0
0
0
14
0
8
21
10
1
0
0
0
23
0
6
0
4
19
19
0
0
0
19
1
0
17
18
22
5
24
12
0
8
19
1
10
0
0
23
0
0
8
3
22
1
1
24
0
21
3
11
3
8
1
1
0
22
0
17
0
4
0
1
0
24
3
16
1
3
2
12
4
16
3
0
1
2
5
12
21
0
21
0
7
24
10
10
0
0
2
0
17
0
1
21
10
12
8
0
3
13
1
1
17
8
0
24
2
12
0
24
13
19
2
0
1
0
5
0
1
0
1
24
0
1
1
4
1
12
18
0
19
0
0
8
0
0
0
0
0
0
18
5
22
0
8
16
23
1
0
16
0
16
0
0
22
0
7
12
5
0
13
0
0
10
21
1
0
13
0
4
5
5
16
0
17
0
0
0
3
0
17
0
0
24
0
0
19
0
11
0
6
22
0
0
2
1
22
0
12
2
0
0
6
16
0
0
8
3
0
3
0
24
1
0
1
0
0
16
0
0
21
0
3
12
10
5
0
0
14
23
21
2
0
0
0
0
0
24
0
0
0
3
6
0
1
8
0
0
2
0
0
24
16
16
8
0
0
0
4
1
24
0
12
21
7
23
0
1
0
4
17
0
16
3
1
2
0
0
3
0
0
0
21
3
22
3
22
1
3
0
1
17
2
13
6
12
0
0
1
0
0
8
0
14
18
0
6
7
3
0
1
0
0
0
12
16
3
0
6
10
0
0
0
0
5
17
8
0
3
1
24
17
17
8
0
0
24
7
21
18
16
24
5
1
23
0
14
13
0
24
0
0
13
18
12
0
1
0
2
13
3
19
0
0
0
0
12
18
1
0
0
19
18
5
1
5
22
17
0
22
3
12
22
0
19
14
24
19
12
0
2
3
8
0
13
19
8
0
0
5
3
0
7
0
16
0
0
0
5
8
4
0
24
0
0
0
1
1
4
1
5
1
0
0
0
11
0
19
11
0
0
0
0
3
0
0
13
0
6
5
8
0
5
12
8
0
5
0
0
0
5
18
1
0
0
0
8
0
19
24
0
12
16
0
0
22
0
16
22
5
24
0
0
16
1
2
16
5
2
23
3
14
1
8
16
12
24
0
0
0
0
0
8
2
0
8
0
0
0
11
4
1
19
17
8
0
0
0
19
0
16
24
2
0
0
24
0
5
21
1
0
0
2
24
24
22
0
6
22
3
0
19
0
3
0
8
0
0
16
0
0
1
1
0
1
12
8
0
1
14
0
0
0
12
19
2
1
16
3
23
0
19
0
0
0
0
10
0
0
1
0
18
3
0
2
8
22
2
0
23
20
0
22
5
12
0
5
3
23
2
0
0
0
0
0
19
8
7
0
4
14
16
0
1
8
7
8
0
0
0
8
4
0
0
19
16
0
0
0
24
20
21
0
24
24
0
3
8
4
