685
203
0
1
97
15
10
722
12
401
243
285
450
22
5
0
3
473
704
5
542
152
657
605
564
0
57
0
66
2
66
695
0
605
97
0
152
308
22
168
0
0
109
43
122
330
671
0
719
43
4
0
12
0
308
10
75
36
85
542
0
85
57
1
624
122
22
0
5
75
203
203
10
27
6
3
85
6
2
6
0
719
473
450
308
0
1
0
0
0
378
43
109
353
0
685
8
330
695
0
716
2
8
671
43
57
605
4
0
0
85
15
330
685
671
0
450
671
8
542
36
0
122
66
586
605
27
0
285
425
3
521
378
2
8
0
0
308
31
43
8
353
168
605
36
0
85
542
243
330
1
378
564
564
0
0
0
1
0
0
0
0
137
4
0
401
5
263
109
0
642
0
657
0
263
586
5
15
1
605
401
0
0
6
243
152
5
330
152
285
695
719
671
0
97
704
243
0
85
712
31
624
137
0
353
152
704
85
0
85
564
496
712
308
203
0
712
0
0
0
222
57
657
75
137
0
712
137
5
8
0
186
10
473
22
450
5
642
401
473
0
263
1
704
0
12
18
285
22
203
0
378
353
353
0
222
719
586
716
66
12
450
43
1
66
36
12
137
285
43
642
0
353
203
308
722
586
0
0
2
0
109
450
57
22
425
642
22
168
12
263
0
657
330
22
586
671
49
0
401
1
642
49
5
5
22
1
685
85
5
12
425
0
657
0
152
222
43
6
722
6
137
542
685
0
685
378
308
586
378
0
425
18
0
57
5
85
657
642
97
353
137
496
1
0
0
5
12
450
1
605
152
712
2
5
122
605
521
137
0
330
657
285
168
473
263
685
425
695
0
353
0
624
5
5
378
0
1
168
642
0
12
716
27
168
657
586
66
22
0
0
0
137
0
203
0
704
496
704
1
671
49
3
2
2
12
542
22
203
378
496
564
49
0
137
203
22
0
222
75
43
97
57
186
1
10
671
2
685
2
308
1
685
0
0
330
657
285
378
353
0
31
712
542
695
330
4
10
719
330
330
716
722
43
0
5
6
521
425
671
10
704
308
0
671
85
722
31
15
0
222
0
657
0
18
0
0
5
243
222
0
2
0
8
671
496
0
401
222
685
0
75
49
308
0
0
6
222
473
36
222
685
0
712
8
27
152
203
671
722
122
1
109
473
450
0
1
657
564
712
5
0
704
450
22
222
642
5
1
168
0
12
0
0
27
18
0
450
521
36
2
605
624
152
0
0
564
43
57
564
542
8
36
222
0
97
712
353
0
308
1
2
450
4
0
15
605
0
642
3
401
685
243
0
0
0
564
695
1
605
2
0
12
57
8
97
473
605
285
378
712
1
542
0
2
152
15
222
624
722
657
642
5
425
43
0
109
624
36
425
75
22
704
15
137
704
671
0
308
243
31
152
0
0
152
22
0
49
473
716
10
0
22
109
222
3
564
5
27
450
425
22
243
0
0
8
719
97
0
0
18
263
0
2
0
0
10
0
285
31
152
0
66
27
57
330
0
0
642
353
586
0
642
4
0
542
2
43
0
0
66
15
263
186
685
0
542
521
43
722
401
473
704
152
605
0
2
586
0
657
12
450
722
10
564
49
0
704
657
0
704
671
0
642
496
6
97
57
308
0
0
3
642
308
521
49
695
716
168
285
222
49
0
0
15
109
122
0
0
564
0
22
1
0
4
85
263
168
2
97
695
97
401
109
263
0
109
75
57
285
263
0
0
15
0
0
203
1
521
425
671
109
263
671
642
168
695
0
66
186
719
0
152
2
1
5
0
109
6
243
222
0
1
642
719
152
2
0
8
15
0
137
308
716
0
263
685
722
0
542
0
263
43
605
222
43
285
0
75
542
2
203
152
308
1
657
473
1
57
186
203
496
43
1
378
695
671
0
137
473
671
624
704
43
0
671
66
0
186
66
564
564
642
685
222
657
1
12
605
671
57
49
521
2
1
0
222
542
0
716
0
85
0
2
36
43
43
330
521
66
12
2
0
716
222
137
27
642
330
285
57
0
243
704
2
704
586
285
0
122
0
186
0
1
564
0
378
695
473
330
18
308
605
722
85
0
0
18
285
496
85
31
719
285
36
2
450
2
1
586
496
542
49
657
31
0
704
22
4
285
378
152
0
0
243
1
85
0
0
15
642
0
5
18
704
0
0
27
0
203
122
425
496
152
12
0
473
685
66
401
57
378
657
0
425
704
152
43
222
564
8
0
657
564
0
36
31
0
0
49
712
586
496
0
0
1
137
685
1
137
