247
322
383
363
342
447
448
489
454
321
489
487
251
463
382
341
460
215
407
444
426
457
495
350
304
410
472
458
497
488
463
442
399
415
500
465
302
338
497
414
481
436
488
405
391
463
379
422
473
477
466
383
477
451
297
126
355
500
345
421
493
492
478
389
414
420
446
325
488
471
385
455
483
466
453
428
485
361
447
429
258
453
404
278
476
442
411
383
463
385
460
404
435
371
345
384
493
444
431
425
424
465
466
409
464
490
463
477
391
492
497
446
469
497
340
362
470
462
446
435
354
355
482
477
370
492
454
461
487
384
450
359
238
429
453
418
476
468
500
473
483
452
309
205
473
454
427
313
468
453
466
285
481
474
473
340
404
398
322
316
498
358
436
464
447
443
294
453
322
482
366
458
372
465
457
416
379
269
479
420
466
471
413
288
472
479
305
408
496
311
480
418
475
466
459
436
457
436
481
476
321
383
466
299
383
464
487
430
471
413
454
412
440
392
351
496
489
442
455
433
454
498
474
438
313
488
330
438
495
390
465
417
287
357
475
472
389
339
495
450
475
445
314
257
413
499
460
478
490
461
470
376
433
432
421
447
308
383
356
245
372
438
420
409
444
454
387
369
491
434
434
411
230
476
388
352
401
477
477
439
491
434
413
327
433
344
257
495
475
362
417
499
498
347
435
423
348
395
489
448
490
499
231
405
475
362
499
476
361
478
471
458
486
415
496
379
393
304
472
391
472
500
425
477
384
482
488
465
482
489
353
414
387
449
447
407
370
475
487
393
384
369
337
398
486
380
494
486
359
500
452
466
306
500
474
351
429
306
435
350
497
362
464
411
452
257
297
499
487
399
495
139
431
450
401
296
499
480
397
478
451
490
485
286
453
480
467
379
353
486
500
264
404
316
463
450
435
486
479
332
447
446
429
391
311
499
444
435
346
471
452
290
398
430
490
383
456
439
402
337
380
474
281
459
401
471
465
477
449
428
443
472
391
441
474
464
428
425
418
334
401
481
398
330
435
451
435
494
497
495
346
468
422
209
433
464
353
348
467
338
498
460
350
466
459
493
459
476
370
462
488
323
380
400
344
495
493
493
483
188
321
490
491
424
492
417
489
380
481
340
446
479
492
471
318
426
349
399
439
436
463
443
282
492
451
301
469
484
478
457
430
366
423
382
391
486
357
499
403
369
498
470
432
480
456
463
487
457
478
447
363
474
474
404
470
444
449
431
376
409
480
457
352
365
389
369
427
462
459
449
452
493
313
472
496
446
496
490
376
485
488
374
494
430
471
483
486
469
435
459
454
464
231
417
444
308
487
309
429
467
234
416
281
345
418
475
492
359
468
441
326
336
353
374
484
492
182
377
458
450
451
435
442
480
349
359
486
435
451
465
446
457
479
295
335
393
465
273
480
469
464
475
339
408
397
468
494
456
443
475
412
449
488
392
473
462
463
327
400
402
442
479
479
247
320
464
470
438
453
284
496
369
494
477
411
369
365
333
463
473
449
469
455
453
492
364
433
476
498
381
468
452
386
494
473
495
485
308
363
287
482
472
462
485
404
427
306
350
404
380
436
398
326
458
456
342
486
363
494
407
479
487
485
463
474
422
300
493
401
424
452
289
472
414
271
408
414
497
411
480
247
442
392
478
490
316
500
450
347
474
452
427
460
476
364
366
451
369
368
465
486
500
480
497
489
464
449
412
282
495
296
493
289
431
453
164
377
477
480
483
500
438
400
323
393
447
444
466
391
494
379
326
474
495
345
433
373
500
409
403
445
366
266
435
371
424
377
482
445
431
465
454
495
445
442
394
491
481
454
401
471
438
339
423
493
452
450
493
408
413
449
484
492
499
496
343
371
452
379
488
346
478
324
301
474
475
463
446
346
453
476
495
495
406
429
464
339
438
478
456
499
493
403
444
414
393
455
396
373
441
451
367
495
418
465
441
482
382
422
487
493
322
427
468
492
397
413
467
368
396
459
463
268
308
449
319
393
361
378
375
330
349
471
440
257
473
435
499
419
404
455
443
474
269
479
198
434
341
497
486
475
221
249
409
451
440
347
475
399
465
460
413
481
377
474
417
472
475
375
477
490
450
439
418
495
445
328
479
448
422
447
485
472
324
329
497
440
499
433
421
406
484
424
379
326
426
465
494
486
489
496
233
476
477
423
391
496
473
350
486
281
474
499
395
408
424
499
276
438
385
470
401
428
220
357
424
409
459
478
418
444
448
486
452
346
398
366
469
337
406
486
430
469
388
207
409
486
391
467
177
437
461
478
423
442
109
374
481
466
457
461
491
443
433
216
473
469
373
313
455
423
434
408
400
376
352
490
451
373
426
480
436
307
486
473
466
282
490
465
338
451
433
408
439
459
442
366
331
485
498
229
289
499
392
367
495
410
492
319
362
423
446
278
435
498
497
324
423
454
71
493
434
326
269
440
348
301
466
440
398
474
454
283
406
493
297
356
329
469
374
397
384
455
340
322
476
498
402
482
194
375
393
464
497
473
375
444
418
491
490
477
485
498
340
464
428
450
400
352
439
475
334
500
423
348
292
427
361
489
493
473
434
340
487
307
381
424
498
460
478
410
470
472
479
374
495
450
277
272
396
434
390
396
452
497
465
451
457
371
476
487
381
304
433
385
382
474
486
473
425
404
281
443
457
467
384
391
488
459
330
479
484
500
355
493
413
373
460
457
478
393
352
446
340
387
455
414
482
477
446
484
353
313
295
486
483
469
425
410
494
481
467
394
408
443
428
477
373
484
289
340
444
469
443
443
346
393
381
418
403
362
300
496
475
473
370
454
314
488
468
493
460
446
399
287
463
482
387
498
211
329
478
348
411
442
397
413
273
451
469
461
472
426
484
354
440
402
474
265
413
444
311
498
408
492
493
464
441
436
441
333
372
495
436
459
297
398
488
250
442
490
447
359
458
468
313
471
470
490
464
451
360
457
486
377
166
481
491
240
411
386
391
450
316
480
445
495
476
488
217
334
440
496
477
434
396
339
498
491
351
455
366
495
396
431
471
357
346
176
398
458
457
416
419
428
263
359
429
485
260
480
499
373
428
294
496
412
282
403
435
457
497
470
470
355
349
378
355
498
486
476
464
443
454
343
408
487
500
443
250
476
465
440
473
382
471
486
310
466
470
367
396
494
500
459
243
270
450
427
471
391
499
439
272
415
445
373
256
195
428
485
456
472
496
495
428
332
500
465
391
448
354
218
494
444
490
410
408
384
457
382
292
328
421
476
208
455
428
474
371
480
400
345
227
498
265
452
494
459
397
429
458
460
347
400
483
415
418
476
360
382
401
340
242
314
408
411
345
480
317
463
484
500
413
430
288
336
483
416
488
481
388
470
389
436
404
456
350
437
250
490
367
405
378
494
454
459
378
390
397
372
435
454
428
420
456
446
378
355
415
470
438
241
493
491
393
491
432
430
443
460
438
488
444
484
475
479
298
290
476
434
485
452
446
447
480
391
425
453
412
282
386
333
476
434
476
452
464
442
326
455
223
375
344
493
493
445
441
265
214
436
400
424
489
478
402
360
286
460
444
463
320
336
456
394
477
491
361
285
358
399
321
382
364
500
485
177
483
425
413
412
450
399
418
376
314
409
296
487
354
493
500
497
388
335
435
356
392
480
148
317
488
496
294
327
333
292
412
436
370
230
400
410
487
421
496
433
448
455
405
405
393
306
342
471
451
478
275
488
424
247
466
448
435
385
285
384
297
443
432
480
468
275
273
461
411
324
478
495
344
489
408
475
454
414
481
230
453
238
432
491
370
454
394
491
459
476
347
473
426
464
468
314
473
461
477
467
317
398
495
438
403
451
431
394
274
302
459
467
335
462
483
492
483
338
439
348
324
271
497
479
369
453
461
461
323
492
494
462
423
426
471
465
307
287
286
435
360
491
428
325
448
304
462
474
347
499
324
411
439
428
322
415
497
381
479
453
405
337
326
348
500
439
389
468
427
493
448
436
401
434
491
487
426
319
408
465
485
435
431
451
434
405
471
434
447
491
344
449
359
139
423
356
403
480
346
477
498
487
471
269
461
452
445
426
443
397
330
426
490
492
330
401
482
376
438
477
328
381
442
337
475
480
480
499
496
431
422
459
450
422
482
475
435
461
366
492
487
472
260
471
488
404
409
406
383
461
483
473
498
431
420
500
406
439
389
433
399
489
494
311
291
332
280
303
343
468
392
455
465
441
498
495
300
355
346
438
461
400
476
483
497
492
469
437
374
482
393
426
461
447
347
233
493
420
494
469
385
473
406
429
341
500
491
457
399
329
367
434
328
496
450
365
415
457
485
331
350
132
431
500
418
479
301
381
440
371
415
391
366
411
442
455
429
340
459
477
422
442
432
487
460
410
180
290
426
174
439
375
469
333
427
376
441
401
322
406
