457
480
411
460
466
477
277
472
436
483
499
497
315
386
444
272
441
455
370
342
428
348
474
489
469
442
477
435
465
302
426
453
432
404
485
463
300
499
428
390
440
466
344
445
236
402
480
450
467
315
340
276
494
203
434
442
318
278
479
458
476
415
425
475
448
469
481
415
420
500
460
499
450
455
468
427
464
439
453
481
494
386
458
416
324
489
360
459
450
470
498
456
416
485
494
499
400
453
307
484
490
460
420
442
480
493
438
487
494
405
461
472
448
473
472
366
480
364
339
468
249
471
459
463
382
410
450
348
400
453
370
489
401
416
379
443
368
336
500
377
438
467
440
435
406
499
441
307
465
466
274
421
440
446
499
454
389
472
496
454
450
490
474
495
219
450
495
213
374
443
385
475
497
474
195
400
490
381
442
466
455
213
478
450
500
418
378
335
384
490
493
500
377
324
484
460
435
429
342
399
469
471
309
352
383
429
459
445
438
485
290
397
488
456
457
311
483
449
394
485
472
278
405
455
443
303
428
300
481
496
487
483
340
472
440
487
378
319
444
369
417
488
398
419
445
430
296
495
338
375
465
454
442
427
275
393
335
479
468
378
322
364
392
425
266
481
459
420
436
491
420
352
498
463
380
382
326
387
383
447
494
441
436
391
458
297
449
485
458
434
404
433
399
441
483
459
473
496
456
459
463
441
489
491
435
476
430
380
461
449
482
399
391
415
314
459
487
457
472
476
392
392
414
497
178
320
405
337
433
453
138
428
472
494
434
425
479
475
266
498
387
257
442
360
410
498
474
463
466
397
492
469
492
445
495
443
457
390
386
462
437
282
390
440
389
491
410
189
416
485
480
456
426
279
486
482
445
452
464
460
493
497
449
350
497
462
489
277
313
457
441
469
379
485
291
480
366
478
431
478
391
346
385
437
472
478
460
490
491
367
478
448
489
252
487
384
400
493
447
100
488
424
460
471
463
275
438
393
426
483
487
411
494
219
488
429
354
401
437
252
392
431
480
448
440
413
489
403
483
363
388
452
465
402
403
500
441
435
465
401
488
412
346
334
444
464
471
470
470
464
480
363
343
336
459
337
423
499
350
488
440
382
386
496
447
422
483
410
328
487
491
475
362
409
340
448
447
444
452
492
455
461
437
457
491
455
293
497
472
469
291
378
365
389
345
453
337
458
436
424
305
470
209
456
494
435
436
422
466
447
450
432
420
362
289
484
482
453
299
428
339
450
491
496
493
448
434
296
429
453
432
421
468
483
364
473
448
348
482
414
494
356
482
236
487
450
283
449
420
409
308
482
443
482
386
464
493
491
420
257
423
328
479
379
346
418
438
404
484
376
420
468
498
497
413
488
457
481
418
470
365
469
446
489
416
403
265
472
352
437
458
391
450
461
474
319
454
479
468
456
459
394
491
351
499
495
373
326
487
403
459
430
419
498
469
394
318
301
367
492
497
456
495
406
351
373
458
430
474
471
456
462
400
415
421
499
287
184
298
473
419
427
381
394
419
342
384
330
307
336
476
472
358
441
415
477
355
407
382
450
268
270
457
449
425
385
386
340
458
450
497
420
470
413
383
475
445
480
439
486
430
425
416
490
464
414
270
457
496
452
431
407
437
410
466
494
263
445
469
461
445
485
433
250
494
485
475
499
476
480
313
487
290
493
419
496
383
452
390
361
456
476
436
289
423
411
342
495
397
452
443
490
402
358
424
484
440
357
311
498
375
421
456
185
487
444
463
482
302
444
465
410
282
383
458
460
415
489
408
480
344
421
458
444
416
471
445
452
434
384
500
481
485
202
453
434
391
477
435
378
265
476
295
484
366
418
236
417
375
462
492
414
122
484
444
486
492
499
491
169
420
470
289
422
471
314
462
456
450
366
283
487
469
484
285
411
386
490
473
455
408
402
374
490
390
486
459
439
271
478
409
401
375
402
345
478
457
447
404
416
388
483
446
423
470
274
260
474
448
477
480
451
481
492
406
447
299
469
401
432
420
367
349
459
485
370
390
477
357
385
458
472
191
464
403
326
462
419
441
409
250
390
489
443
499
368
480
470
457
460
493
313
271
477
468
465
439
462
429
498
399
484
435
334
392
424
464
476
481
437
434
328
372
446
473
387
399
467
494
460
441
500
403
438
407
399
483
464
152
415
463
421
496
446
332
487
472
422
492
451
470
240
410
238
499
425
465
375
468
494
413
451
277
337
498
461
362
479
480
383
415
492
376
499
402
402
487
439
356
435
368
486
271
456
292
477
360
430
495
193
431
393
426
497
258
471
381
452
444
463
428
486
468
462
468
491
265
378
245
345
453
486
433
433
466
417
482
495
476
478
437
298
369
460
394
355
363
382
393
434
471
454
476
492
409
312
420
478
479
301
386
348
405
454
495
492
497
445
426
489
258
419
457
397
320
347
462
425
479
299
296
457
490
484
419
467
284
446
490
464
492
388
480
471
344
499
270
398
437
461
343
444
308
495
449
460
389
429
422
487
425
442
271
303
432
425
431
499
472
498
444
473
485
440
439
474
455
309
332
365
390
337
448
401
279
407
327
442
441
423
440
475
354
485
426
483
252
439
411
419
369
308
479
421
432
398
465
398
347
443
424
208
421
438
481
487
396
354
147
277
442
395
458
366
405
333
463
438
475
486
468
448
478
463
441
480
456
484
329
469
214
491
465
460
489
386
454
481
392
477
489
372
488
409
497
455
443
420
312
454
237
453
425
472
462
320
493
483
419
382
418
405
483
466
427
440
397
306
394
483
473
454
500
425
360
290
437
400
448
434
393
406
241
384
411
439
447
437
443
342
498
474
443
499
364
425
390
423
327
389
407
385
489
382
398
500
404
376
419
415
181
359
386
494
468
497
476
483
348
237
235
488
488
378
285
337
466
463
364
412
444
493
267
364
453
284
476
480
404
240
465
482
300
417
332
330
345
471
445
342
461
440
497
498
339
387
353
382
445
463
441
479
421
442
352
493
402
406
319
486
263
338
461
419
413
494
487
364
454
380
456
476
418
449
499
422
196
448
298
403
411
273
428
463
461
485
340
407
383
472
447
461
335
338
438
440
494
384
361
480
492
405
461
424
326
446
429
465
486
412
255
365
193
323
468
454
453
364
462
446
448
339
291
480
466
381
478
474
498
356
391
307
442
485
257
218
485
488
479
485
443
403
487
357
405
463
234
480
358
437
264
460
489
409
410
244
339
407
397
393
445
464
459
490
445
494
469
438
473
431
466
409
368
412
370
467
468
341
433
474
493
466
432
448
413
429
465
471
445
459
391
357
466
479
495
453
321
488
470
372
424
477
448
493
436
276
288
310
349
412
462
414
426
299
448
471
431
415
372
280
442
478
399
349
422
494
492
463
498
492
124
497
379
411
499
466
299
389
439
468
355
372
453
395
423
460
469
474
468
372
370
487
453
484
473
496
475
406
484
286
353
405
452
338
313
496
474
289
358
482
375
290
456
440
377
458
408
466
472
372
429
384
370
415
494
408
234
431
419
275
404
435
474
456
470
428
478
496
417
463
475
412
476
353
425
447
478
322
297
403
491
396
481
461
483
406
488
351
493
405
410
416
254
435
369
143
430
436
418
442
458
433
364
458
439
475
486
377
469
472
452
459
437
484
452
258
301
351
457
404
464
342
432
191
394
408
363
490
495
464
377
285
455
416
496
494
443
398
376
411
437
281
310
483
408
466
386
365
189
422
444
402
338
449
217
476
328
491
481
457
311
462
368
474
487
496
315
465
486
446
397
296
401
467
297
459
481
490
326
476
286
258
429
428
365
404
499
487
470
316
298
471
431
350
251
475
344
405
258
407
326
317
449
404
429
435
478
469
460
497
308
400
447
442
498
446
477
449
427
429
311
456
283
291
497
416
476
377
406
321
396
434
319
308
491
489
427
459
485
428
416
486
494
474
352
485
499
345
493
494
237
375
492
465
389
465
429
465
445
497
456
368
404
483
255
318
466
288
404
364
460
451
406
374
477
445
470
464
454
382
483
423
493
484
446
458
394
500
470
423
274
272
381
450
490
463
266
493
457
351
262
391
344
455
490
316
293
463
486
358
499
341
325
486
497
359
343
409
461
438
497
493
398
412
479
265
413
103
384
495
468
500
455
415
426
478
487
496
455
421
448
372
384
228
308
318
485
455
473
263
460
410
466
423
424
477
455
441
301
404
300
488
489
281
343
447
476
401
460
411
281
500
459
267
394
470
477
482
327
471
448
265
492
340
479
434
446
450
416
480
472
405
356
443
276
480
469
473
489
372
458
414
468
468
433
464
426
492
479
467
478
481
431
328
353
470
445
360
358
452
500
500
334
340
395
491
481
394
334
395
458
482
395
304
487
384
402
488
241
345
327
494
498
466
315
424
308
356
390
448
434
363
425
318
477
