238
396
472
476
429
444
214
467
470
441
362
265
381
393
302
415
367
412
449
453
493
372
470
321
287
45
174
395
459
349
434
290
426
396
428
489
442
450
331
452
426
428
460
374
492
441
478
453
388
183
466
421
289
482
373
289
439
472
491
479
465
458
289
432
406
487
357
459
297
470
379
395
351
492
478
264
489
289
355
369
415
323
486
407
323
472
231
397
372
446
424
269
429
338
457
423
373
457
455
500
473
383
328
438
260
492
407
388
465
477
454
484
365
374
451
456
457
270
349
480
492
372
421
296
377
475
411
451
492
417
465
372
424
363
426
316
463
344
499
493
388
403
482
406
492
406
474
445
407
293
300
414
395
445
379
273
466
456
441
372
329
312
469
456
280
468
458
474
479
422
348
484
300
448
456
435
473
500
316
357
464
500
420
365
382
434
453
476
411
433
335
467
481
384
484
341
448
451
259
439
323
443
412
479
466
452
416
389
365
412
478
307
391
450
449
432
369
424
499
491
455
448
393
321
493
462
470
485
436
460
452
469
455
374
484
372
429
428
496
477
454
490
478
473
393
479
428
486
476
416
489
462
481
358
423
475
359
395
478
457
463
319
478
498
390
195
295
401
498
421
345
484
460
380
498
401
469
318
377
408
476
335
425
305
314
178
475
473
453
484
474
466
409
492
373
499
338
375
181
408
498
427
452
333
438
365
453
242
237
474
385
340
453
222
481
228
494
482
474
482
361
322
496
471
449
356
490
409
333
489
193
284
493
242
351
409
462
471
288
481
464
442
336
400
441
406
464
377
465
498
408
455
455
425
454
302
489
372
133
454
273
398
427
446
429
468
410
395
423
477
494
384
470
379
485
498
483
338
352
379
317
476
470
344
490
462
481
408
341
142
400
366
454
497
494
488
266
309
388
492
287
396
371
263
409
293
494
299
406
468
491
383
438
387
407
417
248
478
456
488
278
443
434
437
490
400
456
339
481
440
499
401
471
465
398
490
414
320
459
494
393
459
455
480
375
499
458
461
472
471
479
444
492
381
472
407
442
427
284
458
486
491
414
441
446
290
460
397
494
390
496
497
364
483
384
412
302
466
409
486
477
484
500
493
478
398
456
370
472
459
390
440
481
464
499
473
279
482
478
369
475
472
474
328
160
379
396
457
411
461
424
484
487
364
442
377
403
423
483
458
475
486
446
412
217
419
497
401
399
477
362
490
187
314
413
500
446
223
391
438
333
338
489
473
429
500
494
464
422
173
408
440
428
495
392
469
437
422
461
455
393
426
474
426
335
494
349
401
339
405
426
461
476
429
420
247
461
387
389
464
481
440
441
403
467
458
486
482
384
418
474
445
483
361
495
450
454
450
415
380
364
384
465
468
387
287
490
459
423
349
460
424
373
402
404
437
113
425
360
462
388
412
491
452
497
483
483
485
478
482
492
314
455
215
489
401
464
478
325
433
491
352
498
457
431
472
434
351
495
484
429
213
222
492
495
465
424
433
439
446
500
393
457
479
398
483
440
388
340
433
399
441
420
294
378
460
434
416
455
480
384
321
484
284
400
371
488
411
315
500
495
325
458
358
332
447
470
498
408
443
314
482
476
439
491
454
493
424
322
468
448
493
399
409
465
486
451
341
495
389
311
251
413
345
444
487
429
424
449
277
177
416
492
470
487
343
308
458
367
450
480
391
494
411
376
469
472
444
321
469
451
477
351
467
338
445
396
440
489
459
246
397
400
427
485
467
480
327
305
236
422
386
430
326
476
278
364
298
367
390
488
454
408
435
448
409
500
494
483
472
343
407
420
465
273
470
370
186
476
444
452
395
125
451
461
459
443
457
467
283
467
499
457
453
424
446
314
480
209
405
467
391
493
397
453
404
321
498
388
404
440
458
462
493
448
395
409
489
412
431
466
264
367
487
497
176
439
483
491
371
445
493
357
353
493
446
387
493
379
224
490
429
410
459
353
291
388
483
393
492
363
407
441
463
403
496
466
364
365
465
458
434
395
462
308
458
444
388
449
407
398
430
480
431
446
338
368
494
460
458
458
421
403
409
483
447
497
479
434
462
348
410
385
411
500
362
456
393
491
327
288
388
434
485
497
467
445
378
420
398
432
444
418
452
488
483
390
411
397
476
281
413
496
423
457
491
453
359
479
495
463
398
412
260
498
437
385
319
497
335
289
389
434
432
498
410
451
441
429
421
421
475
382
448
273
289
299
210
448
348
481
315
370
481
327
279
316
433
399
436
460
385
342
489
431
486
445
497
347
488
435
483
472
432
480
454
498
305
477
468
398
403
427
378
396
348
448
227
358
223
196
476
497
473
478
421
477
319
493
324
402
479
493
273
326
434
444
442
386
381
439
353
345
384
448
492
362
472
415
407
487
227
444
439
477
333
336
473
391
318
163
381
495
481
283
463
370
431
448
458
437
500
306
395
488
492
475
344
325
308
377
204
198
496
341
384
399
294
322
490
333
337
433
446
435
421
327
410
471
393
498
336
500
494
465
382
254
384
497
449
320
453
283
443
377
490
478
209
453
479
330
362
369
473
390
351
427
489
371
320
381
274
477
460
339
458
262
474
257
486
471
295
419
358
473
477
460
269
368
366
454
446
367
497
231
481
496
500
487
322
488
368
448
433
483
423
481
373
444
472
377
397
443
496
361
453
329
451
498
328
270
409
409
480
473
454
428
446
410
419
311
487
500
468
490
254
436
457
383
274
435
489
496
441
468
489
386
289
417
475
431
330
412
471
482
371
401
429
361
495
485
472
332
434
402
432
383
366
451
423
488
407
461
405
497
485
484
479
458
461
304
395
436
500
472
346
364
411
482
496
310
457
355
494
305
460
394
419
418
498
489
454
486
478
464
407
470
475
453
415
354
479
433
374
465
400
463
447
449
462
346
378
354
418
440
434
207
379
391
477
465
434
309
500
368
437
458
477
479
496
458
465
411
210
424
321
348
460
386
494
395
439
382
453
475
500
374
254
447
492
375
284
379
485
442
449
282
464
496
453
362
470
491
463
462
438
269
494
416
488
413
488
443
495
393
498
466
168
448
468
455
465
494
437
415
269
261
202
470
266
465
444
403
496
376
389
439
424
472
355
429
444
315
475
486
465
404
337
454
445
481
417
479
415
444
363
373
441
490
470
296
487
444
455
252
304
467
249
492
313
497
470
455
388
448
480
442
380
484
490
436
426
438
413
413
456
486
364
285
491
463
396
415
215
468
447
312
441
472
421
449
423
442
493
375
310
454
350
261
338
485
498
499
483
475
487
492
469
440
431
398
307
350
400
447
430
490
479
473
394
463
402
397
351
362
222
253
416
306
456
417
478
113
431
268
325
482
373
308
174
386
440
455
464
439
406
500
407
411
151
482
473
488
446
442
491
395
471
489
335
469
419
341
478
489
395
468
309
485
426
449
337
499
414
440
497
254
467
385
385
388
491
498
470
495
492
486
499
459
366
454
324
340
385
448
343
472
364
453
396
485
405
348
443
425
323
345
455
493
468
413
488
182
476
500
373
496
459
369
369
297
430
373
207
461
439
463
465
348
461
361
443
293
400
486
402
457
474
411
481
478
481
481
416
337
477
392
494
477
491
500
456
437
449
451
365
390
331
481
312
500
492
447
466
458
488
423
389
495
489
233
303
486
285
497
469
409
420
389
486
416
491
182
421
423
474
389
466
461
358
372
441
307
482
435
296
301
420
180
354
374
495
303
376
373
410
466
445
472
447
336
461
454
461
474
481
482
242
405
348
418
395
440
372
438
497
434
337
447
469
450
460
466
442
428
455
365
336
331
479
427
428
369
424
485
420
439
439
411
437
480
480
469
468
374
295
327
495
486
402
409
392
352
468
421
477
462
481
454
440
437
481
313
419
474
422
413
480
441
492
420
500
403
484
460
265
300
488
375
462
389
444
489
484
494
371
433
498
486
465
354
386
434
462
253
480
499
193
491
359
482
450
407
415
450
495
459
469
485
415
461
469
379
380
464
118
465
188
460
495
474
445
312
486
313
451
492
359
398
482
429
302
457
441
474
385
311
361
169
291
347
441
499
468
416
412
449
500
455
375
454
324
308
385
497
491
306
385
492
418
381
357
461
487
457
470
459
471
436
254
424
383
449
434
332
496
467
377
236
285
469
479
408
488
357
178
437
400
404
478
394
484
149
243
489
382
334
473
435
363
444
265
475
300
313
471
472
489
494
428
363
265
467
357
496
335
303
407
400
460
415
438
428
341
410
254
491
269
483
377
236
419
454
284
442
424
486
455
409
382
488
340
450
430
465
475
439
376
411
464
366
467
427
494
348
207
479
496
500
327
497
494
373
355
481
320
483
497
341
485
322
470
485
426
497
428
459
490
479
441
458
429
470
320
348
267
457
470
310
491
499
395
430
484
490
400
472
487
435
427
417
379
485
467
482
365
418
327
302
249
450
471
444
304
427
308
470
437
