273
435
433
460
496
454
487
436
415
471
455
477
249
406
458
411
400
330
343
410
250
342
405
469
474
463
497
496
479
228
403
340
485
471
428
279
447
475
484
432
419
441
469
476
489
322
479
480
399
475
491
433
415
442
443
366
498
360
485
408
442
378
497
419
432
405
458
485
333
358
237
455
397
484
498
495
452
379
387
423
395
498
438
494
262
394
340
448
461
446
430
446
483
484
453
394
451
449
457
397
308
433
382
458
387
481
458
321
353
360
346
456
485
328
454
491
383
345
388
489
451
433
381
487
492
493
435
424
482
306
423
436
480
264
454
417
455
488
492
433
350
456
438
387
405
485
441
460
496
420
370
479
487
285
456
483
440
348
482
419
396
441
468
453
468
481
361
439
344
451
381
443
449
418
304
499
460
447
459
361
468
470
396
483
417
471
482
450
389
465
435
390
385
414
461
457
448
475
375
479
477
344
339
433
406
347
448
491
177
358
295
340
472
344
441
471
265
428
417
316
462
493
442
238
140
406
494
446
225
460
476
379
359
454
272
460
387
500
281
478
378
488
497
374
463
451
462
329
447
498
348
484
469
464
454
377
491
497
415
400
489
472
418
422
490
495
487
493
355
468
351
480
397
440
258
469
406
374
445
343
485
471
470
386
347
409
382
456
477
500
499
284
381
422
417
357
252
496
486
220
325
468
438
448
443
269
271
246
489
375
491
482
484
337
454
500
442
404
395
453
451
386
473
412
488
486
497
435
493
432
498
499
446
488
435
466
384
395
229
492
452
495
489
453
450
383
402
344
476
359
429
298
355
436
477
135
349
376
284
494
317
470
383
401
467
441
421
406
495
441
485
404
387
274
399
473
486
428
414
482
457
354
405
268
371
334
434
493
388
479
377
394
488
448
488
459
497
330
381
436
479
467
475
466
270
362
386
455
393
319
422
345
431
365
484
404
397
362
484
401
447
481
289
463
402
381
426
464
488
451
381
427
491
461
468
403
479
364
341
486
349
467
484
422
445
426
472
492
381
377
497
463
471
408
473
486
358
451
231
319
438
222
379
479
488
391
483
377
497
268
211
366
395
347
436
461
400
448
418
434
474
344
456
401
357
473
324
439
477
463
490
489
414
492
446
490
457
441
384
402
479
499
443
477
273
467
410
464
293
381
397
405
383
394
457
484
418
365
410
477
445
479
489
394
463
217
418
497
487
394
293
428
435
483
482
489
316
393
490
484
445
170
253
456
482
384
403
488
301
450
341
439
397
227
192
376
423
470
387
456
471
467
364
379
450
455
365
115
342
497
123
450
469
406
459
500
337
377
326
443
337
477
311
297
409
482
404
322
389
260
263
443
397
392
445
415
488
480
496
379
495
303
452
221
419
500
476
488
409
451
347
461
491
442
392
456
468
389
307
486
404
443
352
402
384
483
337
405
414
419
469
343
486
414
450
498
455
498
389
500
373
361
439
429
480
422
471
460
453
347
430
418
444
369
497
480
411
445
473
473
429
238
495
479
463
335
463
493
496
411
300
405
479
464
458
449
330
362
452
468
428
335
476
468
323
466
282
384
423
481
332
380
375
447
416
330
435
457
269
337
489
469
387
378
390
337
480
487
366
380
328
420
436
454
375
492
454
370
489
273
470
402
458
469
404
437
436
340
380
472
470
344
372
339
233
446
365
488
425
430
390
421
467
359
442
452
478
439
497
180
444
360
353
421
380
356
368
443
500
431
470
463
462
467
466
483
445
335
483
471
459
332
495
490
329
456
291
479
449
450
389
470
402
439
429
493
392
436
489
493
444
419
468
497
407
496
452
401
441
498
452
413
473
499
451
481
500
488
334
280
498
439
375
360
451
462
343
279
484
407
465
412
430
494
478
407
309
361
460
423
408
463
408
281
457
418
479
350
429
500
401
443
284
490
468
436
426
447
468
422
361
351
411
388
437
480
444
457
480
354
433
356
499
483
446
467
441
482
486
435
392
448
479
342
492
287
274
382
487
433
401
274
398
463
428
475
414
388
447
500
490
494
351
325
499
473
471
437
448
174
470
497
425
345
400
366
352
445
419
424
493
336
419
500
375
423
458
386
381
366
421
487
496
495
312
347
373
480
290
438
469
276
331
485
288
491
403
469
255
367
260
313
366
398
341
432
495
478
492
438
490
428
356
405
406
403
456
454
276
496
424
307
458
368
448
456
464
175
340
347
473
341
248
296
462
443
278
495
375
458
280
427
405
459
403
450
461
475
493
365
487
485
434
472
463
297
475
464
437
394
427
429
432
334
158
496
437
420
433
262
456
481
482
381
438
495
394
400
466
472
430
331
483
256
393
226
355
364
229
387
454
479
473
291
228
457
314
324
428
395
461
447
455
426
488
495
491
492
498
188
142
464
352
499
432
448
426
381
416
462
436
479
442
391
381
497
451
375
380
375
441
361
481
336
459
456
464
466
364
403
485
500
499
376
492
418
476
496
476
279
248
397
369
256
456
462
396
270
461
429
180
496
466
420
461
274
391
496
467
451
318
480
487
491
378
430
474
291
495
335
436
455
440
431
441
167
226
429
458
464
479
382
447
487
488
459
482
449
410
452
474
330
454
384
482
499
463
490
483
434
396
378
357
310
450
479
413
188
460
471
421
333
471
470
495
326
431
417
397
497
480
380
427
440
432
457
309
492
195
328
384
477
464
268
391
447
415
368
423
467
369
432
478
490
335
475
321
254
476
474
428
372
443
420
445
418
458
482
341
483
410
488
497
357
485
367
427
471
448
443
489
480
328
367
384
476
409
363
469
498
238
473
487
451
500
489
462
433
467
468
425
423
368
483
367
482
477
341
465
359
291
435
362
162
486
340
489
451
299
368
494
497
466
456
497
452
327
454
411
420
454
406
443
330
349
469
394
482
355
421
365
449
486
463
402
474
340
457
428
380
440
308
426
422
473
499
423
463
428
429
430
431
459
492
482
337
399
470
379
468
462
436
221
458
493
439
423
495
465
491
484
462
367
426
432
466
402
440
430
344
188
370
281
434
498
246
289
405
498
296
475
383
407
454
483
316
411
126
348
437
438
464
439
500
478
264
462
498
500
385
481
489
375
312
229
490
268
429
380
254
475
406
427
351
405
395
500
464
475
465
426
399
357
277
494
459
491
426
426
381
489
485
370
206
433
434
466
496
408
474
301
500
430
446
453
414
442
453
458
367
493
437
406
391
416
484
495
371
446
464
412
479
425
395
315
447
415
426
498
454
202
307
496
340
433
404
484
497
370
245
438
493
500
472
432
479
287
415
376
457
489
398
402
497
487
310
355
331
424
364
444
408
360
224
425
438
127
498
292
406
409
498
427
471
339
483
359
492
456
343
403
500
485
441
315
391
480
451
451
410
399
475
420
396
499
317
497
473
349
490
478
395
500
434
289
487
440
499
497
494
493
426
446
497
467
367
498
494
473
471
483
438
488
475
487
447
433
495
325
483
414
412
440
487
485
485
484
280
325
401
455
464
496
482
461
415
454
422
433
473
484
489
494
322
365
474
496
496
377
405
207
364
299
490
468
473
335
409
231
463
392
458
417
414
326
457
492
410
406
418
395
386
474
419
488
456
344
359
405
440
484
342
289
449
499
465
471
451
354
443
492
461
470
492
368
474
446
455
465
225
433
478
385
404
490
321
415
446
495
479
450
478
497
490
349
352
454
480
494
423
440
431
457
451
408
404
434
403
325
352
430
209
454
416
446
437
270
473
443
499
388
446
466
187
285
484
434
368
460
434
477
473
372
323
450
404
480
497
404
348
318
419
348
498
439
455
421
470
487
480
481
486
359
463
341
466
358
485
310
294
242
396
492
385
415
309
317
499
471
428
280
484
332
327
372
394
474
444
466
451
410
243
205
272
379
401
466
493
362
433
382
324
450
497
400
450
493
338
457
493
292
461
455
250
494
427
333
395
491
498
458
479
281
444
456
417
380
347
500
414
254
422
405
435
431
495
325
398
217
406
478
418
487
477
464
373
467
461
405
448
357
387
359
309
492
386
500
442
372
409
486
423
383
419
462
447
465
308
493
494
442
460
359
384
445
484
395
442
439
335
359
315
463
297
393
479
475
483
410
467
498
453
374
500
378
491
369
342
497
499
493
499
425
409
491
430
492
476
454
434
474
490
486
368
325
384
467
277
437
476
483
420
305
252
483
443
439
488
358
479
357
478
270
377
443
489
493
473
446
453
198
428
441
482
412
431
439
432
497
464
496
394
251
410
492
349
331
410
475
494
468
440
499
461
449
403
397
370
488
488
470
251
491
334
450
500
458
222
474
463
363
498
347
413
479
427
469
455
347
449
499
341
491
427
354
436
496
398
450
453
301
486
355
492
481
378
369
280
253
348
363
272
410
467
459
431
465
253
239
478
334
485
464
471
293
432
416
430
296
423
394
290
372
