387
414
280
432
386
371
355
487
258
459
475
318
473
481
452
403
389
399
488
208
294
473
321
210
420
271
353
345
482
379
475
445
460
496
470
375
451
467
460
319
413
455
496
495
448
450
469
363
498
361
387
348
428
494
422
460
410
392
400
390
493
483
474
472
342
436
471
422
425
382
489
403
456
416
357
478
270
373
463
495
434
349
388
406
433
480
488
425
485
459
458
474
414
474
427
499
432
491
480
437
486
427
449
484
418
416
348
336
332
457
472
453
402
488
413
440
202
478
302
312
482
424
228
314
403
485
297
490
479
468
373
484
281
379
422
493
472
358
492
330
443
464
489
201
415
398
423
476
467
487
457
458
430
375
483
307
429
444
295
335
299
380
441
338
302
480
461
459
433
498
492
476
495
287
468
474
417
397
454
498
461
470
465
423
448
492
381
387
378
313
490
269
489
429
429
444
349
438
416
451
481
494
366
330
460
500
379
448
390
438
377
495
346
483
299
446
447
397
485
384
409
228
391
352
400
475
391
468
497
470
469
455
453
431
448
464
376
236
410
284
450
495
445
458
466
403
296
420
485
426
485
324
247
480
468
479
478
362
419
429
378
293
427
418
458
496
460
306
439
381
425
274
347
498
495
447
497
440
478
439
302
402
312
487
488
264
436
490
239
468
387
497
459
393
462
484
345
271
419
495
243
403
430
262
450
401
458
410
408
379
446
482
107
336
280
481
487
439
398
396
457
387
309
257
364
435
444
322
437
287
283
453
397
498
466
466
479
496
487
444
410
491
363
478
455
415
421
169
471
367
468
475
300
488
375
481
296
345
421
474
490
455
417
372
476
197
488
265
414
401
430
429
487
392
279
397
452
441
310
442
458
386
353
489
437
394
421
450
395
482
458
407
456
403
360
474
462
390
452
416
343
446
493
412
342
495
357
497
458
384
401
491
500
441
400
432
423
368
281
426
482
416
495
398
443
374
485
471
439
370
462
448
375
430
466
466
476
469
368
423
149
494
444
460
478
484
365
427
482
484
499
488
489
366
358
479
301
424
422
385
358
435
463
465
463
497
462
406
218
479
500
403
391
488
447
480
415
354
432
456
487
413
278
329
436
409
359
329
207
353
406
392
492
433
389
493
382
450
444
392
483
444
422
443
438
484
395
406
292
396
377
358
411
380
473
461
423
444
234
289
478
469
235
439
400
380
490
350
342
398
403
335
205
497
437
465
418
386
236
429
451
411
470
444
399
324
499
411
447
478
471
379
326
459
321
497
472
426
437
375
374
371
467
425
473
454
426
436
432
431
370
435
349
411
441
475
440
330
302
491
426
468
487
427
259
355
420
438
499
333
461
497
284
460
477
463
499
423
271
468
423
410
357
472
457
195
409
445
203
496
266
470
381
421
450
465
451
451
448
472
496
378
326
489
361
356
426
177
327
381
350
429
486
410
376
329
369
282
458
305
450
346
438
416
357
447
484
400
332
496
415
471
328
358
479
485
493
490
415
498
311
207
500
454
409
316
266
480
379
462
458
214
252
471
435
491
253
320
399
488
419
401
328
492
368
481
456
441
394
239
276
416
497
324
209
486
347
483
405
292
472
436
478
493
301
398
367
446
366
388
400
369
494
419
497
287
493
486
484
212
435
362
399
455
498
457
467
465
462
451
481
442
486
468
487
388
492
423
404
364
444
471
443
491
388
343
420
478
440
430
420
233
466
426
499
350
295
495
439
373
481
492
466
480
467
443
372
217
311
419
416
478
499
447
251
404
461
417
445
407
496
406
253
408
467
493
500
329
414
429
426
365
246
414
490
493
316
469
442
334
329
447
293
291
500
376
489
302
449
305
460
384
296
484
470
373
479
483
474
404
441
342
274
398
349
492
423
378
449
435
431
322
429
453
406
430
495
443
431
489
447
479
312
297
493
382
495
423
465
493
439
498
340
467
428
360
454
441
434
453
367
456
409
286
499
470
353
485
271
464
473
414
460
437
492
433
454
412
291
438
329
384
364
475
373
500
488
471
408
399
371
492
322
322
415
408
428
433
431
372
478
414
410
493
417
400
375
310
451
312
472
225
477
293
288
282
375
345
450
344
355
394
380
491
497
474
465
451
410
453
446
284
487
406
380
358
446
478
424
350
464
369
437
403
492
424
464
455
331
444
492
415
487
371
177
485
496
477
375
426
277
413
478
444
415
124
428
482
494
498
461
449
322
438
482
491
420
242
432
419
427
412
418
362
467
263
430
454
337
467
286
475
390
462
478
431
410
460
477
500
487
427
475
480
493
410
424
494
416
330
422
494
374
488
484
493
437
492
411
460
430
386
363
269
452
420
366
315
430
436
491
339
489
362
434
354
442
489
434
397
423
495
389
385
489
343
431
295
455
331
443
221
488
484
414
476
496
324
465
497
469
456
476
444
324
317
485
484
484
351
235
435
313
480
494
489
475
418
458
309
457
418
370
257
486
425
499
495
496
418
440
322
424
325
424
466
371
489
473
394
460
492
466
387
397
487
415
469
391
490
494
483
277
422
413
435
409
495
389
489
437
356
273
383
474
350
486
450
487
478
499
448
445
439
486
352
317
476
425
462
437
352
433
387
347
408
460
496
451
464
475
391
322
375
475
233
389
448
398
358
432
343
355
439
433
426
497
426
331
475
361
337
470
419
414
481
354
492
395
493
329
433
360
369
491
414
450
275
434
409
389
470
429
450
363
211
458
386
476
405
426
252
476
498
481
450
486
463
163
400
495
440
429
360
289
309
498
476
454
494
439
364
475
484
466
484
270
460
473
438
419
465
448
465
433
340
424
323
452
468
478
443
488
442
498
406
383
319
345
456
140
438
373
327
401
468
476
400
486
474
420
464
448
448
341
428
376
474
444
435
495
262
487
419
411
470
437
475
494
247
491
426
478
455
434
414
452
492
313
489
448
240
410
444
495
291
489
466
471
499
476
460
360
430
450
295
404
494
437
391
474
489
482
473
344
409
321
466
270
386
445
479
456
467
460
396
429
455
470
414
442
480
448
395
393
394
488
388
361
327
393
481
423
437
477
416
499
395
466
462
488
452
458
485
472
434
450
467
439
491
460
441
416
387
473
410
484
479
201
500
416
496
483
397
500
441
481
488
432
466
487
452
429
364
453
366
500
500
398
457
456
352
296
430
407
362
499
474
497
469
404
311
351
465
417
396
473
498
400
477
493
341
410
471
500
451
367
437
365
456
440
359
404
276
394
318
498
351
469
410
455
236
419
386
401
497
470
466
275
486
456
485
295
459
500
344
306
473
473
367
286
474
469
464
484
387
462
458
498
479
416
483
451
342
218
360
365
289
492
159
446
444
337
224
298
421
430
491
387
438
471
434
499
480
489
446
366
469
422
489
431
436
455
221
500
337
247
486
379
355
368
473
434
325
456
455
373
456
265
411
496
459
412
421
489
497
306
435
247
365
490
270
357
454
493
500
391
370
385
298
380
496
465
498
428
431
414
268
287
404
382
360
489
300
375
379
416
371
253
453
442
393
305
473
485
318
422
490
406
397
443
281
484
458
388
198
464
490
481
387
337
445
406
340
456
414
455
317
496
455
408
488
356
365
411
371
477
347
457
442
484
474
445
429
487
463
374
429
336
383
446
453
402
480
431
367
242
329
413
353
434
351
305
440
446
420
482
427
423
410
357
494
436
391
493
393
343
350
496
461
478
488
458
327
340
400
437
475
475
466
270
457
494
443
483
483
171
402
454
476
382
460
461
470
416
445
461
448
385
489
425
478
343
469
280
386
194
459
402
364
337
359
480
450
479
402
440
360
351
419
400
481
311
331
457
439
449
334
238
423
428
345
367
275
495
325
447
398
468
445
444
384
444
500
431
492
216
377
447
499
472
413
381
429
231
469
450
459
492
425
471
497
458
372
480
430
430
305
119
495
396
366
469
459
109
455
456
387
466
273
415
407
494
500
467
500
453
470
429
452
389
411
388
432
488
348
377
467
489
473
479
241
465
498
446
430
399
407
335
357
440
174
441
453
407
470
470
231
376
424
429
469
457
492
388
477
471
496
391
260
473
490
482
431
391
426
428
220
478
370
457
354
396
449
455
443
417
478
440
480
395
472
453
405
218
318
466
377
450
485
372
455
328
390
288
426
416
479
484
449
326
472
424
421
483
391
452
438
390
416
391
419
348
379
478
263
343
482
448
285
234
425
494
497
448
490
487
499
464
421
495
385
371
430
485
348
419
320
356
481
493
440
436
463
439
445
499
439
382
381
398
374
402
333
319
452
329
354
324
415
409
484
500
402
408
282
237
386
480
492
378
358
418
383
474
146
363
335
335
479
490
467
299
436
464
284
396
455
490
464
418
271
463
383
370
