429
360
368
484
326
455
238
106
418
469
180
380
445
371
445
483
367
302
448
475
476
476
485
455
457
420
413
409
468
483
401
492
332
468
472
436
478
423
485
318
391
489
473
407
458
500
354
408
349
438
338
479
162
410
478
500
455
412
489
305
498
451
424
431
455
443
450
443
481
437
411
427
470
330
462
364
495
489
450
244
440
409
343
422
392
478
446
476
493
299
411
236
484
483
272
333
366
366
386
483
434
395
475
435
395
492
496
435
353
423
452
455
489
361
437
403
476
490
451
400
380
231
485
453
359
494
477
249
371
439
340
468
455
465
465
464
309
377
423
487
473
227
396
411
410
440
364
457
327
320
422
331
317
435
497
428
474
414
449
397
495
440
498
427
488
500
454
492
219
471
481
461
451
303
456
460
278
462
493
486
431
469
495
419
395
446
319
485
294
450
414
393
443
439
423
491
403
484
429
359
400
377
426
358
363
396
473
464
489
362
496
373
488
495
451
436
493
455
488
476
488
477
484
477
378
467
356
271
435
478
365
416
364
372
426
403
478
459
227
489
414
473
489
405
485
220
466
389
222
437
453
419
368
490
480
478
387
463
468
395
467
381
421
394
412
383
436
473
466
370
481
383
465
379
321
187
421
271
481
222
455
479
367
368
473
445
367
451
440
499
334
443
455
487
488
296
478
477
419
369
421
478
485
352
468
493
455
481
484
429
491
492
318
340
497
488
496
500
472
430
485
409
390
380
495
469
374
471
365
415
490
390
426
417
373
443
359
353
341
495
467
332
314
300
496
494
280
464
287
370
308
492
423
432
296
397
482
320
491
499
444
377
483
461
392
428
344
328
446
387
380
499
457
470
497
337
277
477
296
424
479
436
308
483
452
465
440
493
360
463
304
476
454
449
318
216
408
469
308
315
357
387
432
354
483
481
483
455
313
415
318
487
460
356
427
338
445
463
417
427
402
354
481
384
404
467
269
455
435
488
351
338
406
422
396
478
476
455
413
380
481
283
479
372
459
474
287
484
497
434
372
368
347
423
494
406
487
435
441
457
499
346
476
414
441
417
218
398
314
433
404
385
467
454
446
434
468
460
465
460
461
408
355
448
410
441
442
493
449
497
434
326
292
446
198
479
443
265
498
447
431
422
435
429
327
467
482
448
376
291
230
458
475
325
449
219
335
459
414
430
497
411
500
405
456
131
400
347
408
453
459
324
453
212
437
334
407
500
423
474
437
290
377
225
414
351
438
399
385
401
426
494
251
451
411
430
440
487
431
495
272
494
337
469
345
301
456
411
375
497
324
456
447
402
223
480
487
426
403
494
404
494
321
302
495
292
488
119
429
474
477
500
466
473
475
331
440
491
359
311
298
457
494
352
255
416
385
494
407
432
484
434
491
447
468
437
307
401
350
495
452
390
491
496
397
490
444
221
400
375
491
467
411
476
409
227
376
478
434
445
348
334
348
320
439
484
488
432
312
484
387
433
495
498
440
261
419
465
477
495
487
475
480
314
271
455
393
225
472
477
447
465
412
376
379
283
398
495
431
417
372
272
257
464
167
340
477
484
491
468
387
404
457
461
460
300
435
335
272
325
345
439
379
486
349
435
447
331
349
469
472
392
400
437
293
302
478
446
400
366
472
392
451
475
296
427
271
349
424
450
498
411
471
334
391
486
494
440
395
235
389
448
418
417
488
421
464
465
453
450
475
470
418
312
418
491
463
390
436
305
450
499
234
301
314
368
446
478
445
493
265
417
415
473
459
454
496
442
428
308
376
454
494
485
440
136
401
421
497
286
388
485
477
463
339
498
500
476
353
492
453
417
477
495
260
367
444
429
451
275
430
469
443
457
410
498
375
380
432
406
459
375
421
466
435
438
420
468
482
421
489
416
434
461
460
469
482
437
497
481
450
499
471
450
364
438
490
297
365
333
308
244
495
465
480
418
484
488
499
405
472
498
373
362
490
269
449
423
378
345
478
327
271
338
406
465
467
449
488
500
480
418
374
339
376
419
345
492
313
393
459
374
499
479
432
213
482
297
440
472
430
436
488
476
393
449
467
331
485
354
189
406
313
447
462
499
485
423
417
476
488
448
419
377
488
438
335
406
354
343
330
471
469
407
357
447
460
338
318
478
426
432
493
389
495
254
463
435
405
464
412
440
263
483
357
216
403
424
287
447
403
498
496
404
317
430
346
267
414
430
379
478
467
499
461
423
451
483
480
439
488
402
299
457
216
459
362
377
405
494
400
337
411
396
451
292
224
425
419
499
437
458
469
318
450
443
321
398
500
239
392
387
412
389
455
395
465
328
445
470
455
453
491
434
417
486
490
315
441
336
419
442
464
488
469
480
369
464
474
412
434
395
404
474
428
401
490
423
482
496
462
396
405
432
352
486
342
477
495
484
480
451
472
409
472
412
149
244
359
410
247
326
429
445
456
269
404
492
419
273
446
441
434
432
414
424
465
463
376
432
437
456
376
474
500
335
307
474
446
370
451
441
405
387
444
430
488
332
499
323
415
362
365
480
406
384
494
380
473
462
484
363
392
407
431
413
427
383
207
472
500
393
392
392
478
409
380
445
393
452
496
265
477
356
439
484
365
344
361
467
469
376
488
250
491
426
494
472
480
435
425
500
368
434
470
422
494
482
467
448
306
347
499
459
305
146
435
429
478
234
428
428
402
447
454
434
500
388
483
469
468
454
373
476
383
470
473
391
459
418
361
435
455
282
459
469
370
377
485
499
435
391
468
373
486
471
397
429
445
393
238
338
445
463
348
308
490
389
449
460
359
444
441
460
297
410
496
382
349
349
300
405
419
299
472
495
492
476
427
393
468
437
491
475
408
445
480
447
465
474
472
186
434
366
281
495
366
489
433
414
440
308
461
331
479
349
410
495
430
484
335
453
229
410
384
464
451
348
387
494
364
396
444
314
368
494
489
428
387
493
458
340
319
382
426
470
486
144
480
279
387
324
435
466
382
379
463
462
335
348
273
477
355
496
373
394
387
431
497
205
397
422
492
348
478
413
368
448
459
496
379
476
375
440
382
406
279
300
486
325
441
498
485
483
452
311
465
483
405
481
436
479
489
485
466
469
477
471
403
469
370
340
485
409
433
443
411
472
487
478
452
479
238
442
461
210
418
381
406
358
448
189
246
335
309
454
426
494
341
325
411
490
403
422
327
372
338
312
287
461
439
413
381
335
344
299
374
486
479
438
422
482
470
500
493
425
485
340
320
500
391
431
457
344
322
277
482
478
477
452
315
465
443
497
474
368
395
347
490
379
434
331
422
495
426
447
183
429
318
443
413
298
451
250
449
465
449
302
447
382
446
460
476
329
380
270
464
437
357
201
486
461
415
408
381
443
321
491
439
462
478
423
438
355
242
429
446
462
403
359
319
256
487
471
477
432
495
359
408
299
342
468
386
428
384
365
383
427
432
290
437
413
470
481
436
494
475
457
495
487
396
470
404
447
438
496
385
408
424
454
490
161
370
472
327
468
376
492
406
464
495
476
328
490
432
431
364
397
411
402
490
461
322
498
495
479
485
456
443
422
426
470
461
434
445
411
455
430
356
479
416
380
479
442
326
459
487
408
473
500
307
482
484
490
412
479
404
398
422
472
437
440
488
409
490
488
458
413
443
295
373
371
429
373
452
435
402
497
434
397
416
442
409
407
486
492
402
477
458
488
385
398
412
426
453
458
346
491
438
425
490
447
486
389
405
372
270
471
336
262
426
419
493
471
419
484
450
297
485
486
464
346
413
493
484
307
423
413
350
487
478
228
498
475
459
499
292
463
442
448
450
458
395
476
359
297
435
409
436
362
384
442
475
274
354
461
484
391
483
418
260
433
477
469
455
326
476
317
443
455
475
450
486
444
412
430
489
441
484
443
478
441
377
433
315
437
476
429
446
476
483
271
481
411
321
484
459
300
392
481
385
440
494
270
490
426
473
452
442
484
471
474
391
494
226
446
308
303
394
474
410
420
390
441
420
495
125
414
472
359
483
491
493
472
252
476
278
444
495
460
461
396
496
494
395
364
413
271
452
438
443
396
420
467
485
277
318
422
363
455
496
405
300
475
407
435
482
250
426
457
458
391
458
409
388
393
190
467
359
472
497
408
457
457
461
401
355
412
420
490
493
495
355
349
467
419
431
475
376
391
437
489
472
445
205
440
485
387
373
407
468
382
308
177
484
265
476
416
415
434
472
495
455
420
447
485
322
387
445
446
156
370
374
322
479
363
401
441
319
289
444
467
434
367
476
476
500
488
471
487
480
462
428
360
455
479
122
482
473
441
397
477
428
496
494
448
457
446
388
450
305
430
385
473
456
342
450
451
466
493
394
354
468
318
404
492
479
331
362
493
482
463
479
394
438
296
451
290
327
486
204
353
494
454
238
362
280
491
336
362
486
472
493
491
344
441
424
304
426
398
249
379
448
471
385
444
391
359
452
479
492
284
372
494
403
460
425
480
450
446
432
442
459
418
457
482
414
471
466
437
405
491
395
356
496
450
442
211
495
453
491
337
382
405
401
443
396
308
343
228
455
438
