366
290
412
344
497
418
275
217
412
452
410
240
479
448
250
339
423
238
438
358
316
342
371
368
492
481
397
486
271
489
482
388
405
457
309
390
360
399
256
378
479
181
375
460
359
473
449
227
500
293
472
375
477
476
328
487
492
383
430
340
491
359
454
443
301
497
492
429
427
441
384
497
497
330
412
458
356
499
351
401
374
485
298
432
450
485
463
464
423
496
376
498
389
415
483
374
457
325
478
428
454
424
439
456
442
454
488
394
401
386
405
497
250
440
401
245
418
434
393
379
375
389
342
474
412
426
401
481
492
305
415
499
475
262
425
472
378
427
319
444
491
449
372
278
357
249
415
470
472
401
482
427
460
478
482
487
256
444
500
427
417
493
464
412
447
485
483
481
200
487
426
434
352
423
468
335
443
455
485
359
448
466
381
317
433
423
289
391
460
426
265
450
311
441
495
272
489
341
427
467
465
444
441
332
307
480
429
361
432
345
471
437
488
459
389
406
495
430
455
469
385
373
471
457
478
363
334
444
437
439
290
500
378
380
412
465
394
475
477
364
266
332
341
406
445
432
431
361
427
479
444
416
473
446
400
406
450
425
485
378
483
497
384
469
372
495
475
447
474
484
424
470
499
462
436
412
467
414
478
440
496
396
436
416
381
466
479
456
413
455
491
468
468
435
406
342
497
408
401
297
465
427
438
403
409
417
467
457
396
461
415
383
318
493
486
489
381
493
315
310
456
427
462
480
331
349
452
482
381
493
400
450
468
490
392
492
475
358
460
500
367
215
497
444
489
383
494
375
369
297
469
469
384
493
390
417
351
405
486
476
279
473
498
475
250
483
199
499
439
421
488
410
451
266
490
495
463
484
402
424
376
362
313
441
432
492
448
462
399
455
432
490
427
269
487
478
485
455
386
480
442
391
440
313
435
385
455
465
476
499
436
413
459
477
417
294
490
398
384
486
470
449
451
410
471
463
379
480
468
319
471
492
342
428
354
482
464
484
485
446
444
467
349
384
481
432
490
467
471
500
437
470
275
430
494
447
419
387
429
494
486
431
390
301
491
426
452
480
451
438
414
425
446
465
497
333
441
439
464
254
348
363
434
388
479
407
434
424
396
379
493
500
330
352
454
490
460
464
354
472
348
334
480
393
498
438
463
416
415
363
322
332
407
495
499
472
446
499
453
369
491
340
289
396
425
498
451
408
491
462
467
474
478
313
444
370
338
281
455
375
426
364
448
335
440
396
333
500
369
345
445
483
496
488
374
386
439
480
443
423
382
331
397
321
487
317
495
433
321
435
462
487
455
356
358
463
324
360
393
443
409
491
371
476
479
483
351
437
394
485
446
415
461
385
490
396
495
391
385
365
387
430
399
390
417
354
387
371
485
412
263
428
441
491
466
463
380
431
468
343
439
414
347
303
447
375
451
462
483
258
234
405
442
482
401
344
416
306
378
444
484
285
492
481
384
403
431
345
499
267
500
420
376
366
476
500
477
387
485
452
466
473
261
436
383
466
402
446
491
489
365
402
428
423
328
382
408
470
462
459
412
418
385
376
446
379
450
327
455
433
436
436
469
420
485
460
341
491
363
436
314
449
478
413
452
358
456
281
491
484
396
384
495
462
412
474
312
277
397
464
441
464
472
491
431
472
476
468
452
494
484
342
451
447
476
370
396
497
488
434
498
480
493
494
300
460
415
481
480
405
300
456
470
376
423
489
249
491
283
427
263
457
482
337
411
425
322
500
410
408
365
485
494
308
403
425
267
479
482
469
449
257
404
246
366
403
406
436
432
475
497
394
455
282
415
492
482
434
381
442
417
301
427
124
483
423
417
414
261
479
469
464
303
416
289
363
462
486
219
417
450
305
372
331
375
462
433
463
488
487
485
486
405
465
484
420
398
428
395
486
486
415
474
495
472
205
310
472
428
468
384
459
393
456
410
498
446
485
493
381
462
434
400
464
489
448
466
391
320
369
482
384
331
348
500
453
487
311
431
497
187
228
489
465
415
458
481
396
309
494
408
445
495
421
476
373
410
475
443
481
455
438
477
462
496
340
490
410
498
488
482
452
158
478
455
434
464
461
495
497
428
433
446
462
418
426
454
379
201
495
500
392
287
490
480
417
417
474
493
469
328
464
440
469
487
401
489
399
469
491
439
455
482
492
500
482
453
465
461
370
435
500
430
464
493
478
476
483
493
393
255
444
318
356
473
329
394
455
419
492
464
485
485
456
440
401
490
358
376
406
477
388
396
500
466
498
463
426
454
333
390
424
496
419
376
494
385
373
190
402
479
428
319
312
483
435
283
409
491
475
484
323
454
351
492
463
388
497
498
405
405
490
461
370
310
272
290
256
339
455
464
483
467
428
407
487
437
275
406
463
477
247
336
375
319
378
490
462
498
415
488
473
439
390
479
394
353
484
453
438
474
385
442
448
430
422
460
436
482
429
455
416
354
215
497
450
492
485
487
483
330
395
466
355
499
469
414
478
416
330
452
468
391
497
473
434
356
406
489
402
259
406
393
461
496
491
452
495
278
374
487
340
476
270
304
494
459
464
476
483
301
240
231
466
231
465
352
484
386
447
414
386
493
402
489
463
500
496
342
413
472
462
461
500
388
423
431
339
293
451
481
313
489
496
287
343
416
421
498
303
289
463
368
441
476
448
462
300
423
490
429
449
231
464
455
408
346
316
437
322
478
439
292
421
460
351
456
445
417
411
376
426
389
431
450
488
492
400
412
480
464
449
414
330
405
355
487
429
395
455
471
405
494
464
410
447
433
371
475
320
498
469
457
382
406
491
421
476
497
456
460
177
450
289
457
375
472
394
424
449
493
418
498
441
389
472
479
451
412
477
453
496
386
456
301
488
379
282
345
495
497
489
486
455
462
380
459
472
376
485
457
450
492
192
481
484
434
485
498
384
464
192
474
464
489
431
485
481
335
311
192
469
304
345
392
427
405
434
440
490
500
434
281
498
452
336
446
463
459
370
290
459
499
287
279
450
415
303
488
264
477
498
335
496
343
409
500
478
347
421
488
215
489
404
390
367
287
447
495
369
415
252
488
412
462
473
458
428
479
486
484
468
452
417
498
345
437
482
479
498
434
248
460
148
460
376
386
477
312
496
444
419
445
227
395
401
497
400
369
476
434
498
442
425
433
437
308
489
299
343
455
426
468
190
203
383
489
414
317
492
348
458
367
368
451
296
485
466
418
362
498
488
378
414
429
497
489
475
429
473
445
467
406
326
398
444
426
433
500
445
485
486
466
496
326
464
414
467
451
362
496
466
227
462
494
429
341
449
486
473
206
214
483
376
450
498
278
489
479
472
468
481
391
393
479
391
311
479
419
488
466
473
473
441
405
445
332
483
292
452
446
462
279
461
455
371
435
473
500
299
426
464
458
471
419
451
376
395
499
467
471
458
453
248
499
364
463
479
498
486
462
456
474
444
382
268
475
275
418
495
358
265
500
421
460
473
377
265
410
456
493
289
269
443
478
327
327
429
485
456
481
395
414
468
424
349
496
470
499
431
420
401
332
367
442
261
471
401
498
468
366
251
444
474
298
419
323
427
414
402
347
428
442
427
365
449
432
437
490
484
395
428
452
439
294
465
377
473
449
437
384
306
383
388
453
418
499
495
452
396
324
410
469
476
386
369
472
471
500
491
396
500
439
457
474
430
500
370
421
490
377
412
410
496
460
484
440
292
428
420
311
317
422
434
385
416
489
478
404
487
462
465
491
455
451
395
354
493
380
263
381
497
486
415
210
380
499
433
484
496
430
406
417
284
345
462
498
452
446
450
481
438
374
402
492
366
497
458
317
486
445
481
387
412
444
455
472
474
421
363
409
417
479
450
304
350
475
472
441
485
443
430
399
338
478
437
411
345
420
292
375
402
348
466
450
415
483
434
412
417
471
313
324
461
494
333
393
434
467
458
486
473
416
437
471
462
491
440
382
409
427
464
389
493
488
391
493
464
228
438
489
494
489
477
461
387
413
493
447
274
467
485
475
497
485
412
418
330
412
472
281
475
436
499
387
275
467
409
310
473
305
323
450
466
349
469
403
300
463
463
459
413
481
449
441
363
258
403
473
312
316
332
405
494
497
405
278
478
206
495
394
470
354
399
363
446
489
422
374
454
483
374
261
339
407
489
343
473
493
486
276
454
326
480
445
393
442
381
340
343
482
303
282
446
337
486
490
479
478
373
412
259
479
371
444
398
309
447
299
456
487
306
495
489
389
442
303
478
443
436
491
307
403
489
454
473
496
358
480
365
438
459
457
483
490
454
372
380
355
374
347
471
482
440
429
427
441
431
325
492
408
433
349
388
413
425
459
433
481
255
374
495
293
242
211
489
417
465
448
376
