422
410
500
429
393
362
482
312
372
476
421
277
464
305
340
396
304
208
424
353
306
394
489
367
446
484
450
370
488
440
238
486
450
497
311
491
495
410
395
367
488
263
459
423
395
427
379
347
373
387
363
467
400
454
391
435
384
493
459
466
395
480
459
259
438
456
453
469
131
438
385
449
470
469
408
338
409
394
422
428
354
282
430
390
431
490
359
355
318
372
321
462
406
448
412
398
404
256
409
491
500
454
405
496
493
493
437
279
360
321
399
366
482
414
344
488
481
321
438
478
489
446
454
423
364
304
441
391
489
491
427
290
449
258
381
308
489
495
406
391
479
427
402
432
435
366
449
471
486
488
402
483
425
366
499
480
472
500
432
322
490
419
461
493
461
355
396
478
390
444
498
442
385
434
463
385
449
490
489
492
480
456
458
496
478
411
476
307
280
446
364
375
256
399
427
476
448
463
379
484
472
350
462
424
400
493
336
486
485
456
390
485
473
265
363
438
492
429
378
490
173
492
455
434
300
490
451
465
427
458
326
400
474
280
337
356
437
432
383
465
368
375
474
407
424
368
492
446
360
495
479
339
326
455
415
285
426
418
485
486
315
418
448
462
432
297
444
474
411
242
391
443
416
437
454
496
495
366
286
455
474
491
351
287
355
322
457
414
452
424
480
495
458
500
335
310
399
471
434
405
389
477
474
346
481
475
409
493
423
332
448
320
395
432
435
286
499
429
497
497
462
353
384
473
381
477
413
466
491
423
412
413
386
386
392
419
464
318
278
492
492
429
484
424
473
358
444
243
451
451
471
443
431
387
494
431
470
491
464
440
473
496
394
304
375
439
405
460
419
462
468
394
437
476
468
439
452
478
424
452
500
344
330
383
427
333
468
497
484
429
440
472
443
490
361
427
441
484
478
239
471
433
457
422
404
418
453
473
491
359
448
441
303
435
337
496
408
297
462
381
496
487
484
461
372
470
473
382
320
476
489
224
255
449
304
315
500
475
457
386
418
399
444
222
178
457
453
497
484
468
500
453
472
420
323
485
266
432
467
289
484
406
280
485
478
365
389
492
446
446
444
486
395
498
494
404
400
479
380
489
472
467
336
479
452
494
499
476
470
479
428
468
489
418
357
417
380
408
397
441
315
300
432
338
356
430
485
387
376
241
393
485
483
498
253
460
392
407
493
496
396
470
460
478
422
327
448
477
476
460
381
459
482
414
158
394
492
437
409
279
490
335
378
320
380
366
482
480
470
481
342
430
337
459
465
420
435
291
276
484
355
338
345
136
469
466
408
400
406
469
358
454
461
190
454
310
485
498
322
401
397
345
425
447
470
480
426
386
483
250
455
479
478
436
442
382
481
460
465
441
462
403
441
488
358
432
337
372
444
429
433
371
441
478
372
289
449
413
348
468
365
428
467
460
481
355
463
434
488
303
479
408
465
425
447
371
446
380
380
438
350
363
430
243
339
398
292
482
442
409
363
416
492
479
462
450
496
478
256
497
391
493
457
387
402
334
441
386
365
355
394
448
325
478
325
458
224
489
471
337
388
480
489
413
305
376
411
403
439
484
457
394
475
472
415
495
427
463
271
485
469
358
330
268
433
477
450
484
436
331
479
439
413
489
459
457
498
384
285
439
489
410
408
397
483
493
430
288
405
327
458
326
398
445
468
467
397
413
496
310
475
483
295
349
263
379
375
320
472
380
368
446
300
453
303
432
470
344
320
413
384
413
427
446
375
390
494
365
499
485
438
461
447
432
487
468
366
441
253
397
407
427
360
292
444
387
459
349
496
378
461
448
424
477
478
465
496
283
495
485
360
473
406
423
484
369
449
372
303
314
485
239
377
412
467
282
412
495
295
498
361
445
499
404
413
442
497
346
265
482
471
420
440
474
482
379
497
445
252
460
403
456
479
477
346
483
429
464
449
475
493
457
499
455
449
384
407
448
467
418
458
499
443
480
487
429
463
287
491
486
463
491
487
195
462
484
376
428
468
451
378
499
407
277
476
430
469
419
412
480
463
459
479
449
493
498
432
476
429
445
448
496
460
462
396
471
456
390
437
381
416
467
380
421
332
397
395
365
371
380
423
313
449
435
346
447
436
482
354
494
455
454
467
368
436
478
458
265
454
410
348
467
268
393
376
475
306
467
371
498
378
402
392
473
406
460
452
348
452
482
489
399
411
487
422
458
462
336
436
500
437
437
443
487
467
368
498
455
409
445
476
334
498
427
469
499
404
384
415
437
442
373
416
307
477
403
425
445
473
383
492
352
485
354
309
449
440
371
466
402
355
427
422
306
366
462
457
465
299
473
405
436
432
320
377
479
389
442
489
464
431
325
320
177
341
463
460
460
490
474
389
469
385
396
307
401
463
369
299
369
202
435
465
383
395
428
302
464
467
398
442
323
390
440
392
367
340
303
427
378
349
491
447
459
497
403
390
364
464
466
433
477
188
400
309
476
449
456
392
491
395
400
469
478
409
477
409
445
341
469
434
247
451
427
426
422
456
493
396
298
351
421
376
470
475
468
274
496
489
456
489
447
419
397
493
433
435
482
462
274
325
495
446
493
444
325
440
417
421
434
293
284
388
429
387
441
482
379
474
460
347
365
471
410
405
329
482
489
445
402
475
490
436
386
441
485
480
455
276
298
347
433
449
473
412
434
427
500
420
482
278
480
486
408
374
434
272
449
398
489
386
377
450
477
478
441
449
484
471
479
438
308
471
423
465
347
481
426
485
495
426
496
403
461
417
395
461
314
478
317
338
493
497
472
413
373
388
483
398
405
389
482
444
445
454
280
336
452
358
437
393
469
432
377
421
405
479
455
482
488
415
494
452
491
494
480
488
373
444
424
199
493
465
300
453
490
451
464
439
419
327
367
457
344
418
483
368
484
452
369
485
478
268
363
384
452
407
265
396
469
290
498
488
390
374
391
436
436
494
429
466
362
421
393
292
387
465
411
486
297
496
424
482
344
393
472
405
376
493
415
340
427
456
415
463
288
371
498
493
435
461
387
494
336
474
487
341
432
459
496
348
409
309
458
485
439
180
499
456
327
497
384
424
474
495
473
357
491
488
320
497
466
357
440
236
437
473
496
497
305
496
479
485
318
492
498
368
424
468
445
388
477
488
463
429
452
430
499
416
286
483
386
468
318
443
461
490
438
473
418
319
477
437
441
475
475
368
351
499
373
399
481
359
485
363
397
434
360
497
355
482
408
273
450
458
254
429
402
478
484
344
455
441
294
382
414
490
467
499
368
434
488
294
409
415
471
326
464
468
407
434
381
358
468
430
434
373
485
339
467
477
355
408
477
299
401
361
440
355
440
499
467
305
385
498
262
230
461
454
382
439
487
390
457
472
364
429
467
469
425
460
312
496
404
421
320
447
463
233
363
466
401
452
495
469
361
434
431
414
479
492
356
494
433
414
385
482
332
344
402
415
498
368
424
485
461
325
462
383
486
431
315
414
469
441
369
445
483
483
376
453
492
417
451
473
469
453
360
437
494
481
471
465
470
349
428
287
493
428
491
492
467
493
480
345
446
395
492
404
297
260
490
494
475
319
482
437
350
407
345
441
405
455
426
478
303
475
474
421
468
467
445
434
475
426
484
435
487
409
429
316
450
426
481
418
390
351
437
355
375
483
477
477
494
478
183
383
464
348
431
484
479
451
435
426
493
473
421
500
496
497
464
463
483
482
495
218
457
382
337
411
398
408
454
407
494
499
456
262
377
428
399
344
416
450
424
364
472
351
457
414
469
490
492
403
488
434
493
471
254
409
259
316
494
428
489
376
488
298
239
422
485
291
469
487
164
457
355
451
482
438
458
418
352
472
453
369
369
464
461
219
491
415
304
442
460
499
481
372
468
471
191
472
434
462
284
436
491
357
379
485
434
434
371
371
281
472
358
450
494
499
481
312
185
452
476
441
421
476
366
478
488
293
398
449
437
493
476
431
458
275
444
316
425
434
472
400
471
440
231
500
448
468
483
444
404
447
498
296
406
424
443
362
489
483
499
495
402
500
499
398
434
271
248
362
488
417
279
492
453
404
409
452
466
316
289
478
491
489
405
432
351
393
392
384
420
375
372
385
474
384
407
482
442
446
472
470
476
479
264
308
302
408
482
460
336
379
361
495
475
466
342
443
382
466
449
475
419
378
490
369
328
438
344
450
216
343
460
248
299
466
464
203
406
130
350
381
428
449
471
410
343
487
451
392
438
372
267
472
381
472
494
491
381
443
435
408
366
433
451
276
399
409
295
435
322
466
432
307
443
420
404
390
365
351
389
363
400
368
466
499
490
490
489
474
447
460
484
438
430
446
489
493
353
304
316
494
390
464
476
470
288
477
383
354
413
452
309
422
341
486
441
363
267
418
374
452
427
456
387
390
417
453
478
