362
455
491
210
326
333
404
249
497
400
371
419
258
235
352
382
477
419
414
320
460
394
489
475
386
307
404
449
489
435
302
453
417
481
494
477
319
278
499
488
476
393
500
479
103
462
373
431
468
492
443
406
365
500
429
497
389
440
498
458
488
430
376
411
443
390
285
439
456
398
346
309
460
388
492
298
490
498
487
485
407
373
425
475
425
236
471
432
395
402
342
439
315
465
316
414
310
353
432
301
456
390
492
351
414
414
413
383
422
223
332
427
309
396
480
352
444
291
474
450
235
450
486
249
411
412
408
451
482
358
145
445
488
416
470
421
463
435
310
271
455
281
429
488
493
467
484
482
397
488
455
388
84
427
463
439
475
409
444
397
439
360
459
303
488
409
351
392
487
490
410
466
405
459
481
300
477
320
396
491
445
397
438
498
499
448
425
489
348
296
447
427
444
455
478
498
432
240
434
336
346
416
496
404
434
355
373
476
409
469
374
443
420
464
482
395
458
313
313
454
463
425
481
392
382
487
333
452
247
408
281
323
365
493
495
485
451
429
345
432
497
357
378
408
328
373
413
286
399
493
472
483
478
359
495
455
292
459
488
461
453
407
404
334
438
398
245
443
499
433
490
357
461
455
380
458
472
418
498
310
478
465
210
453
411
447
327
430
238
412
473
452
499
366
496
496
492
430
395
336
267
373
419
480
473
457
354
407
490
382
491
290
401
370
333
496
469
340
431
408
465
461
402
448
237
499
461
397
491
495
469
377
459
388
347
444
463
478
478
358
465
271
458
365
432
391
364
486
378
495
471
300
498
475
270
447
473
387
431
420
484
406
364
473
291
482
365
237
481
434
245
445
442
205
281
382
500
473
434
374
303
407
421
446
401
467
406
424
456
408
358
496
464
450
465
440
499
326
500
376
383
476
496
475
433
494
453
478
304
321
472
238
370
420
304
500
411
494
487
267
353
401
490
480
459
453
273
435
461
444
447
335
393
460
369
428
460
421
382
446
475
356
486
470
362
438
439
425
361
426
459
498
476
428
375
483
449
478
435
500
408
296
477
429
354
497
452
374
491
436
318
491
490
331
498
423
461
451
445
351
460
487
377
398
497
379
481
488
330
434
451
317
448
429
355
461
426
454
478
486
226
320
369
396
492
310
332
479
182
382
472
474
409
419
321
453
398
483
343
287
420
463
304
271
440
255
475
392
472
385
422
325
492
308
494
455
482
461
386
309
384
425
342
402
225
457
476
406
484
470
450
437
493
408
363
456
394
390
330
454
415
405
451
478
419
408
487
371
489
394
428
430
459
466
481
325
472
437
373
435
410
472
324
468
498
406
431
243
331
457
440
218
257
472
497
388
473
420
489
353
493
400
428
434
305
499
172
486
467
404
433
253
397
333
409
488
491
484
477
297
492
455
394
442
492
345
479
368
370
405
481
443
330
381
456
225
254
465
352
340
473
472
500
324
500
198
461
453
461
465
405
495
477
351
475
434
484
185
436
317
479
500
480
339
270
401
282
286
354
494
442
449
485
379
405
433
114
351
349
452
450
452
341
230
500
367
482
476
480
481
497
406
459
289
342
376
451
427
392
499
190
500
420
445
304
254
404
437
425
333
301
268
474
496
359
261
372
316
481
420
472
396
460
360
465
445
427
401
490
441
435
344
338
497
407
481
419
379
475
350
476
490
448
476
488
484
467
456
449
500
474
330
285
346
486
435
342
458
484
460
488
401
202
214
229
480
377
489
399
489
403
273
487
407
465
452
494
442
462
310
451
464
456
471
337
437
487
416
475
392
418
189
297
478
459
491
482
357
219
444
296
455
466
441
496
467
448
333
372
432
423
422
454
375
470
482
476
410
359
490
444
436
245
367
268
457
394
356
352
384
349
332
497
498
347
444
375
494
493
470
499
436
278
379
482
494
465
448
499
387
493
474
404
493
428
495
492
487
471
386
466
484
424
418
467
388
469
425
443
314
383
415
297
466
315
469
288
349
324
219
383
493
218
476
473
352
467
499
482
481
411
480
186
492
481
366
290
394
472
500
497
450
484
257
434
496
496
363
338
421
243
438
469
496
485
460
487
483
494
496
466
378
355
338
375
323
462
441
408
488
484
496
400
497
381
319
371
354
388
440
497
315
384
470
432
454
470
493
363
235
388
396
447
457
379
393
387
466
366
436
333
477
417
474
432
426
443
423
390
428
369
388
300
368
436
486
494
493
392
360
486
432
460
466
356
485
470
410
462
367
300
334
462
441
222
344
472
425
496
482
493
453
474
457
444
399
348
257
309
418
469
431
463
376
416
378
474
497
480
299
368
375
466
452
398
429
498
396
302
354
462
319
351
470
337
344
446
417
420
437
358
440
437
421
445
428
301
466
452
388
332
442
474
425
344
439
381
316
342
457
319
312
447
444
426
399
327
466
347
451
433
498
465
422
500
301
400
436
305
449
376
447
251
457
461
488
488
291
422
436
406
493
427
306
423
471
367
310
493
476
475
261
495
411
427
487
499
435
485
392
483
433
492
482
458
494
454
471
446
426
499
474
322
464
353
405
464
354
425
478
489
446
485
417
120
333
376
403
379
481
443
382
472
425
440
377
353
418
440
380
333
453
484
485
362
487
311
377
415
427
465
370
402
498
468
248
471
487
497
475
336
356
258
384
452
402
376
293
379
461
421
445
493
466
383
318
396
432
478
496
402
332
436
482
450
321
453
479
393
480
375
353
372
391
449
423
283
467
427
447
327
291
407
132
472
497
214
433
326
404
298
489
490
432
332
419
404
275
412
254
360
340
400
455
495
367
409
470
413
354
422
485
470
384
477
423
481
389
362
359
496
492
353
294
395
383
500
497
435
435
427
406
492
276
388
365
347
459
499
500
333
358
367
491
473
414
474
498
485
390
465
415
485
449
428
477
390
469
456
493
428
441
269
448
385
463
389
408
382
412
389
494
467
367
500
464
491
439
242
458
417
476
365
346
439
182
463
452
402
330
357
227
455
494
482
489
455
458
423
462
435
303
436
364
500
418
492
209
380
419
435
391
421
431
475
497
385
444
396
471
394
252
338
449
472
367
428
456
366
499
470
233
460
358
389
487
475
474
495
500
486
463
380
463
458
467
308
486
400
362
474
428
494
363
469
462
454
457
449
424
496
498
474
459
422
485
447
459
480
411
425
475
458
467
375
468
430
418
435
343
370
497
462
339
488
466
429
389
499
490
225
382
489
445
373
139
420
346
446
479
445
404
359
446
328
399
467
458
477
423
487
326
385
285
318
493
456
458
448
356
500
395
284
500
430
368
371
472
439
428
380
385
467
426
474
435
393
418
496
444
481
409
405
414
287
393
356
438
477
202
353
401
498
471
425
432
419
408
325
323
437
360
492
396
415
476
496
492
401
479
327
489
466
379
439
477
409
470
262
409
468
489
455
442
476
309
470
451
485
488
469
432
325
367
368
392
409
396
464
426
288
476
390
490
500
380
358
426
491
443
481
491
361
476
485
482
368
397
495
422
455
459
471
392
167
355
490
425
366
323
411
455
468
441
226
468
495
287
366
493
449
482
454
470
385
328
434
457
486
480
432
490
432
478
481
396
377
479
435
379
466
435
432
338
364
419
433
467
492
491
443
497
314
465
439
356
435
390
483
499
439
431
470
458
468
378
418
356
398
380
488
485
434
370
474
477
426
452
486
494
416
486
420
481
356
455
403
494
429
442
444
442
320
360
298
498
455
497
412
390
499
364
500
338
443
485
473
435
469
112
385
416
371
499
475
396
274
350
437
444
369
407
473
423
499
388
400
414
493
319
344
450
466
496
400
376
456
430
203
368
350
417
328
469
423
462
438
465
469
486
438
460
432
402
183
458
486
386
290
500
434
483
319
372
491
469
463
498
489
368
368
154
452
456
210
337
476
474
312
493
495
481
388
484
101
495
461
428
391
488
296
312
416
442
426
497
465
499
493
325
395
327
488
110
451
454
422
370
423
476
421
484
380
465
371
485
402
466
334
495
479
284
488
474
437
498
214
312
385
373
338
456
268
242
489
476
484
410
431
447
413
357
338
309
365
310
327
426
385
463
468
326
486
397
446
458
420
377
412
492
405
407
426
467
374
419
410
475
473
445
391
464
453
500
489
416
444
465
424
470
485
436
412
430
450
475
371
310
482
500
495
441
385
313
480
469
488
470
468
481
312
452
420
471
408
469
330
369
459
467
490
353
475
464
459
463
475
499
418
125
476
428
308
482
469
476
475
424
415
392
292
427
389
479
383
399
444
237
430
489
388
278
375
422
494
421
450
258
380
441
483
320
479
444
386
490
343
289
486
470
387
496
230
459
352
415
449
478
420
263
419
331
331
438
467
451
360
456
436
435
458
454
465
453
346
440
395
405
493
407
496
488
490
301
498
454
398
310
437
486
442
482
263
339
468
352
451
449
500
272
470
401
499
492
484
308
453
308
488
466
415
472
414
293
443
445
458
483
482
461
453
359
369
484
495
389
407
476
472
189
291
397
239
489
448
495
460
331
475
477
286
491
498
467
459
450
498
482
286
473
439
486
414
368
252
