343
499
485
465
291
482
267
472
498
495
438
205
463
452
289
412
225
358
287
399
466
225
496
264
488
438
491
465
340
467
469
390
388
166
472
365
432
459
471
499
252
444
492
499
304
438
478
440
389
379
261
410
497
464
491
442
336
385
460
337
477
489
390
438
407
373
403
404
463
499
385
430
425
333
491
465
449
432
462
481
496
468
494
481
258
453
403
422
386
484
490
495
368
454
482
435
380
314
427
471
492
432
433
490
449
296
472
439
359
356
428
490
443
419
432
361
469
346
328
359
484
498
492
467
409
460
414
403
367
475
405
456
492
483
494
397
487
472
490
389
429
444
361
417
448
418
462
436
471
378
447
363
356
324
471
425
466
485
472
313
285
452
136
451
492
371
385
284
442
306
470
393
442
493
480
395
355
430
441
296
407
459
496
483
382
336
467
325
193
414
484
485
375
409
451
488
256
420
320
405
446
341
497
249
97
368
452
447
451
465
355
423
495
376
138
415
319
482
468
491
376
457
263
479
499
482
423
284
345
425
481
485
488
380
423
380
312
486
495
477
425
458
434
388
418
412
481
469
476
410
366
352
403
336
360
405
321
458
450
488
327
465
434
489
363
444
261
453
498
454
446
289
491
459
444
483
374
421
470
338
421
432
411
474
416
497
437
468
336
386
403
300
200
460
418
448
406
496
474
469
441
421
392
488
484
283
372
365
388
429
449
485
406
410
301
444
264
462
315
458
484
484
491
434
451
438
385
350
460
465
465
322
447
201
291
331
432
467
427
455
360
358
278
454
281
475
489
408
454
428
447
403
499
471
384
305
427
334
457
425
72
431
491
414
494
481
447
427
269
445
464
475
466
421
482
487
323
423
383
452
183
480
412
298
490
425
433
488
473
454
493
391
462
421
476
387
431
335
478
443
412
464
496
349
470
310
327
431
468
478
488
416
465
270
368
417
462
461
481
349
364
469
329
464
472
273
467
374
483
475
392
481
423
492
491
438
471
387
350
419
351
446
406
374
477
430
483
298
488
430
430
489
322
416
489
442
236
348
245
449
481
403
439
496
457
322
469
464
448
493
409
478
473
295
442
466
488
216
353
494
408
427
481
455
393
476
372
489
369
476
498
475
487
385
488
312
407
489
400
320
458
306
402
419
445
362
422
497
452
305
361
419
458
393
466
482
318
400
499
296
498
311
495
457
457
325
266
225
448
431
477
398
413
384
275
461
445
406
486
241
442
493
326
441
432
453
360
401
484
457
461
271
298
447
400
472
380
491
469
276
395
479
487
482
467
377
355
486
393
494
479
180
288
499
440
498
475
426
425
443
303
489
362
286
491
467
445
440
434
433
478
305
451
492
498
483
500
497
400
432
330
292
376
456
487
300
481
261
454
418
463
416
379
455
478
433
489
377
323
416
434
467
491
460
462
401
333
498
482
471
448
470
441
411
428
384
293
499
452
427
448
480
456
352
460
443
457
489
480
450
445
377
451
410
409
494
474
481
493
390
354
445
452
365
498
472
391
490
422
435
400
432
492
468
484
470
223
500
433
478
280
481
421
437
415
391
370
423
399
419
407
311
490
374
497
408
451
491
372
451
445
334
341
460
478
446
415
425
492
437
494
483
496
473
393
491
280
463
406
500
483
240
470
485
385
451
378
290
456
438
364
373
480
487
366
384
371
414
170
495
496
410
385
330
342
358
478
458
483
447
427
376
377
322
450
428
487
461
405
496
407
388
470
486
474
156
395
389
463
484
290
332
213
496
461
438
414
439
415
493
450
450
466
451
435
280
481
206
367
472
498
423
336
236
381
498
406
393
460
223
470
323
497
443
475
386
452
470
392
484
412
408
317
282
329
470
263
338
355
356
447
434
379
462
277
499
318
469
434
432
465
391
393
381
383
488
478
467
381
430
497
460
497
483
436
497
445
451
465
373
428
403
498
459
495
361
370
469
462
432
470
437
468
458
428
376
437
454
453
500
248
287
497
308
402
497
404
473
419
398
423
496
438
411
491
371
481
369
209
394
301
383
453
466
307
442
348
448
467
456
430
422
439
462
353
299
481
267
476
371
491
469
456
449
459
436
377
432
498
362
485
479
448
362
247
434
325
411
350
494
451
445
454
457
459
420
476
491
490
484
490
313
325
314
425
495
483
440
423
494
244
461
296
498
427
487
421
459
273
488
500
365
469
417
376
385
330
450
410
361
389
499
337
327
443
325
500
492
456
472
377
465
476
436
481
254
430
480
230
472
337
360
487
472
390
450
386
435
429
351
281
436
472
363
406
484
403
494
453
423
404
313
462
445
485
499
349
465
469
469
369
485
470
293
384
409
380
439
366
461
443
486
408
436
346
437
481
330
380
325
353
455
469
494
466
377
470
321
463
413
382
411
383
440
421
376
488
403
423
464
479
298
441
196
331
471
478
427
461
420
313
440
410
484
463
439
420
477
486
338
431
468
485
463
391
443
316
428
477
447
409
465
374
443
369
411
359
498
388
475
355
400
374
271
437
417
495
457
363
352
217
479
466
250
438
376
486
396
363
418
473
413
448
446
448
412
316
377
492
425
371
450
469
384
374
353
492
360
439
494
495
451
421
430
478
244
438
448
492
408
423
415
397
462
415
482
470
471
402
350
303
422
426
401
451
363
393
413
382
311
494
395
410
428
422
464
471
474
445
500
496
469
358
494
413
372
500
486
383
474
322
369
476
380
477
352
447
435
423
468
387
438
372
456
261
301
292
478
326
414
332
333
494
419
454
389
480
447
444
367
388
406
269
341
474
405
264
337
235
431
393
434
497
477
491
473
437
387
472
405
454
230
377
382
487
439
390
500
299
498
427
283
488
454
412
392
454
380
360
439
396
500
494
438
423
427
344
396
407
423
482
500
448
337
497
425
297
461
446
393
457
449
352
486
428
487
392
221
238
425
466
379
443
491
459
498
424
498
386
455
306
303
457
487
425
416
402
237
462
447
454
381
391
338
467
357
439
460
444
330
492
479
430
326
221
361
457
459
486
315
488
420
477
353
413
364
474
475
336
313
440
390
306
275
422
482
490
403
462
409
394
246
485
432
372
493
409
254
487
481
415
446
426
449
394
315
320
467
395
476
357
493
450
393
495
380
443
486
477
382
338
403
288
439
465
467
472
451
398
208
458
219
472
442
274
465
409
479
404
490
293
442
390
498
401
285
459
444
486
436
455
365
426
334
464
429
470
490
495
301
410
432
381
256
339
350
423
345
390
490
219
468
391
463
336
368
322
486
493
454
451
418
323
430
424
461
481
479
499
469
389
484
474
388
424
366
329
493
486
261
327
451
414
465
331
434
342
423
361
490
250
392
367
476
422
396
466
321
346
449
489
368
402
439
444
462
489
446
326
369
480
446
380
324
331
499
421
492
494
466
338
437
310
485
492
495
207
407
473
490
452
427
326
449
498
471
392
485
392
477
377
396
465
399
454
434
471
366
499
432
175
457
435
492
322
373
499
410
299
499
427
452
438
406
377
499
452
434
457
489
490
460
347
373
499
481
372
490
457
420
494
463
419
406
449
248
407
489
377
339
489
198
385
452
465
403
482
358
455
489
486
478
496
476
486
449
423
473
312
464
492
490
345
494
500
472
369
301
295
487
211
384
355
281
415
468
487
386
375
232
442
487
298
338
370
427
463
465
289
356
496
467
463
496
260
463
484
450
272
463
390
476
370
336
264
327
355
472
383
409
356
308
437
426
480
475
398
475
326
477
442
500
426
495
482
444
500
492
398
371
438
328
367
447
354
363
337
369
246
490
357
456
398
448
449
468
401
414
353
388
468
457
458
376
419
447
491
407
488
496
482
471
479
389
457
433
331
376
485
495
360
344
455
481
283
473
443
321
480
470
366
485
422
267
470
468
331
474
467
474
423
482
391
422
497
494
486
466
442
470
373
404
474
425
466
482
263
472
416
339
448
480
452
438
481
485
285
471
497
412
351
381
418
422
378
481
391
299
487
468
424
415
430
306
429
415
354
447
443
421
430
409
381
500
415
466
467
339
256
500
457
493
323
335
384
299
481
296
411
328
444
470
459
397
384
422
419
298
256
474
493
307
430
465
464
391
479
487
432
491
314
416
419
374
500
486
488
406
436
305
493
425
467
416
464
458
483
485
389
467
320
397
425
473
397
375
477
371
459
362
392
468
496
290
473
429
445
426
415
471
419
447
485
474
468
459
384
473
485
465
494
408
467
469
478
423
301
456
500
317
397
387
493
457
438
498
349
489
312
374
375
491
465
384
420
500
390
468
429
137
424
338
446
464
439
432
390
486
348
336
458
200
384
353
426
332
363
410
490
383
352
379
279
495
493
393
495
424
469
434
408
462
414
407
400
469
406
264
468
483
483
402
364
390
461
152
432
399
432
207
426
486
397
328
474
222
338
218
362
496
494
419
375
359
279
493
480
484
