0000000000000000000000000011111111111111111111111111111111111111111110000000000000000000000000000000
0000000000000000000000000010000000000000000000000000000000000000000010000000000000000000000000000000
0000000000000000000000000010000000000000000000000000000010000100000010000000000000000000000000000000
0000000000000000000000000010000000100000000000000000000101001100000010000000000000000000000000000000
0000000000000000000000000010000111111111111111111111111111111111111111111111111111100000000000000000
0000000000000000000000000010000000100000000010000010010110110001000010000000000000000000000010000000
0000010001000000000000000010000000100000000001000101100111000000100010000000000000000000000010000000
0000010001000000000000000010000000100000000000101001100111100000010010000000000000000000000010000000
0000010001000000000000000010000000100000000001010010011111010000001010000000000100000000000010000000
0000010001000000000000000010000000100000000001101100001111001000000110000000000110000000000010000000
0000010001000000000000000010000000100000000001001100011111000100000010000000000101000000000010000000
1000010001000000000000000010000000100000000011010010101111000010000011000000000100100000000010000000
1000010001000000000001111111111111111111111111111111111111111111111111111111111111111111111111111111
1111111111111111111111111111110000100000001001000010101111100000100110010000000100001000000010100001
1010010111111111111111111111111111111111111111111111111111111111111111111111111111111111111111111111
1011010001111111111111111110000000100000100101001000001111001000001110000101100100000010000010100011
1010110001000100000000001010000000100001001001010000001111000100000110000011010100000001000010100011
1010010001000100000000010010000000100010010001100000001111000010000110000001001100000001000010100011
1010011001000100000000100010000000100100100001000000001111000001000111000001100100000001000010100011
1011111111111111111111111111111111111111111111111111111111111111100110101001010110001001000010100011
1000010011000100000010000010000000110010000011000000001111010001010110011001001101001001000010100011
1000010001000100000100000010000000100100000011000000001111001001001110001001000100101001000010100011
1000010001000100001000000010000001101000000011000000001111000101000110001101000110011001000010100011
1000010001000100010000000010000010110000000011000000001111000011000110001011000101001001000010100011
1000011111111111111111111111111111111111111111111111111111111111111111111111111111111111001010100011
1000010001000101000000000010001001100000000011000000001111000011100110101001100100011011011010100011
1000010001000110000010000010010110100000000011000000001111000011010110011001010100001101101010100011
1000010001000100000100000110100110100000000011000000001111000011001110001001001100001101101010100011
1000010001001100001000000111001001100000000011000000001111010011000110001101000100011011011010100011
1000010001010100010000000111010000100000000011000000001111010011000110001011000110101101001010100011
1000010001100100100000000110100000110000000011000000001111010011000111001001000101001101101110100011
1000010001000101000000001111010000111001111111111111111111111111111111101001100110111101011010100011
1000010011000110000000010110001000100000000011000000001111010011000111011001010100111101001011100011
1000010011000100000000100110000100100000000011100000001111010011000111001001001101001101001110100011
1000010011001100000001001110000010100000000011010000001111010011111111001101011110001101001010110011
1001010011010100000010010110000011111111111111111111111111111111111111111111111111101111001011101011
1001010011100100000100110110000000100000000011000100001111010011000111001001001101101101001010100111
1001010011000100001001010110000000110000000011000010001111010011000111001011111100101101101010110011
1001010011000100010010010110000000101000000011000001001111010011000111001101111100111101011010101011
1001010011000100100100010110000000100100000011000000101111010011000111001001001100101101001010100111
1001010011000101001000010110000000100010000011000000011111011111111111111111111111111111111110100011
1001010011000110010000010110000000100001000011000000001111010011000111101101001110101111111111111111
1001010011000100100000010110000000100001100011000000001111010011000111001101001111111101011011100011
1001010011001101000000010110000000100001010011000000001111011011000111011101001101101101111010100011
1001111111111111111111111111111111111111111111111111111111111111000111101101001101111101011010110011
1111111111111111111111111111111111111111111111111111111111111111111111111111111111111111111111111111
1001010011000100000000010110000000100001010011000000001110010011010111001101001101101101010110110011
1001010011000100000000010110001000100001100011000000001110011111111111111111111111111111010010110011
1001010011000100000000010010000100100001010011000000001110010111011111001101011101101111100011110011
1001010011000100000000010010000010100011001011000000001110010011011111001101101101101101100010110011
1001010011000100000000010010000001100101000111000000001110010111100111001101001101101101110010110011
1001010011000100000000010010001011111111111111111111111111111111111111111111111111111111111010110011
1001010011000100000000010010001000110001000011000000001110010011011111001101001101101101001010110011
1001010011000100000000010011001000101001000011100000001110110111111111111111111111111111111110110011
0001010011000100000000010011101001100101000011010000001111011001100111011001001101101101000010110011
0001010011000100000000010011011010100011000011001000001110010001000111101001001101101101000010110011
0001010011000100000000010011001100100001000011000100001110110011000111001101001101101101000010110011
0001010011000100000000010011001100100001100011000010001111010101000111101011001101101101000010110011
0001010011000100000000010011011010100001011111111111111111111111111111111111111111111111111111110011
0001010011000100000000010011101001100001011011000000101110010001001111001001101101101101000010110011
0001010011000100000000010011001000100001101111000001011110110001010111001101011111101101000010110011
0001010011000100000000010011001000110001001011000010011101010001100111001011001101101101000010110011
0001010011000100000000010111001111111111001011000100101110010001000111001001001111101101000010110011
0001010011000100000000011011000000100101001011101001001110010011000111001001101111101101000010110011
0001010011000100000000010011000000101011001011011111111111111111111111111111111111111111111111111111
0001010011000100000000110011000000110001001011101100011100110001000111001001101101111101000010110011
0001010011000100000001010011000000100011111111111111111111111111111111111111111101111101000010110011
0001010011000100000010010011000001100001010011010111001110011000010111001001101111101101000010110011
0001010011000100000100010011000010100001001111111111111111111111111111111111111111111111000010110011
0001010011000100001000010011000100100001001111000101101110010011000111001001101100100111000010110011
0001011111111111111111111111111111111111111111111111111111111111111111111111111111111111111111111111
0001010111000100100000010011010000100001100011010000011110010100100111000001101110100100000010110001
0001010011000101000000010011100000100001000011100000001110011000010111000001101100100100000010110001
0001010001000110000000010011000000100011000011000000001110010000001111000001101100100100000010110001
0001010001100100000000010011000000100101000011000000001110110000000111000001111100100100000010110001
0001010001011100000000010111000000101001000111000000001111010000000111000001101100100100000010110001
0001010000011100000000011011000000110001001011000000001110110000000111000001101100100100000010110001
0001010000100100000100010011000000100001010011000000001110010000000111100011101100100100000010110001
0001010001000000000110110011000001100001100011000000001110011000000111010101101100100100000010110001
0001010010111111111111111111111111111111111111111111111111111111111111111111111111100100000010110001
0001010100000000000111110011000100100011000011000000101110011010000111010101101100100100000010110001
0001011000000000000101010011001000100101000011000001001110010101111111111111111111110100000010110001
0001010111111111111111011011010000101001000011000010011110010010100011000001101100100100000010110001
0001110000000000010000000111100000110001000011000100101111010001010011000001101100100100000010010001
0001010000000000100000000011000000100001000011001001001110110000101111000001111100100100000010010001
0000010000000001000000000011000001100001000011010010001111111111111111111111111100100100000010010001
0000001000000010000001111111100010100001000011100100001110011000011011000001100100100100000010010001
0000000100000100000000001011000100100001000011001000001100010100100101000001100110100100000010010001
0000000010001000000000010011001000100001000011010000001000010011000011000001100101100100000010010001
0000000001010000000000111111111111111111111111111111111111111111110001000001100100100000000010010001
0000000000100000000000000011100000100001000011000000001000010100100001100001100100110000000010010011
0000000001010000000000000011000000100001000011000000001000011000010001010001100100101000000010010101
0000000010001000000000000011000000100001000111000000001000010000001001001001100100100100000010011001
0000000100000100000000000011000000100001001011000000001000110000100101000101111111111111111110010001
0000001000000010000000000011111111111111111111111111111111111111111111111111111111111111000000000000
0000000000000001000000000000000000000001100011000000001010010010001001000001100100100000000000000000
0000000000000000100000000000000000000001000010000000001100010100000101100000100100100000000000000000
0000000000000000010000000000000000000000000010000000001000011000000011000000000100100000000000000000
0000000000000000001000000000000000000000000010000000000000010000000001000000000000100000000000000000
0000000000000000000111111111111111111111111111111111111111111111111111111111111111100000000000000000
