0000000000000000000001111111111111111111111111111111111111111111100000000000000000000000000000000000
0000000000000000000001000000000000000000000000001010000000000000100000000000000000000000000000000000
0000000000011111111111111111111111111111111111111111111111111111111111111111111111111111110000000000
0000000000000000000001000000000000000000000000111010000000000000100000000000000000000000000000000000
0000000000000000000001000000000000000000000000101010000000000001101000000000000000000000000000000000
0000000000000000000001000000000001000000000000101110000000000010110000000000000000010000010000000000
0000100000000000000001000000000001100000000000101010000000000100100000000000000000010000100000000000
0000110000000000000001000000000001010000000000101011000000001101100000000000000000010001000000000000
0000101000000000000001000000000001001000000000101010101000010110100000000000000000010010000000000000
0000100100000000000001010000000001000100001000101010011000100100100000000000000000010100000000000000
0000100010000000000001100000000001000010001000101010101011001100100000000000000000011000000000000000
0000100001000000000001000000000001000001001000101011101111111111111111111110000000010000000000000000
0000100000100000000011000000000001000000101000101011001010100100100000000000000000110000000000000000
0000100000010000000101000000000001000000011000101110011011000100100000000000000001010000000000000000
0000100000001000001001000000000001100000001000101110101010000100100000000000000010010000000000000000
0000100000000100010001000000000001010000001100111011001110000100100000000000000100010000000000000000
0000100000000010100001000000000001001000001010111010001010000100100000000000001000010000000000001000
0000100000000001000001000000000001000100001001101110111010000100100000000000010000010000000000010000
0000100000000010100001000000000001000010001011101010101010000100100000000000100000010000000000100000
0000100000000100010001000000000001000001001110111011101010000100100000000001000000010000000001000000
0000100000001000001001000000000001000000101100101010101010000100100000000010000000010000000010000000
0000100000010000000101000000000011000010011001101110101010100100110000000100000000010000000100000000
0000100000100000000011000000001111111111111010101110101010110100110000001000000000010000001000000000
0000100001000000000001000000001001100011101100111010101010101100110000010000000000010000010000000000
0000100010000000000001000000001001010011001010111010101010100100110000100000000000010000100000000000
0000100100000000000001000000001001001110011001101010101010100110110001000000000000010001000000000000
0000101000000000000001000000001001001110101011101110101010000101110010000000000000010010000000000000
0000110000000000000001000000001001011011001100111110101010000100110100000000000000010100000000000000
0000100000000000000001000000001001110011001000111110101010000100111000000000100000011000000000000000
0001100000000000000001000000001001100110111000101110101010000100110000000000010000010000000000000000
0001100000000000000001000000001011101010111000101110101010000100110000000000001100110000000000000000
0001100111111111111111111111111111111111111111111111111111111111110000000000000101010000000000000000
0001100100000000000001000000001101100111111111111111101010000111110000000000000110010000000000000000
0001100100000000000001000000001001100110011010101110111010000101110000000000000101010000000000000000
0001100100000000000001000000011011100111001011101110111010001101110000000000000100110000000000000000
0001100100000000000001000000101101101110101110101110101110010101110000000000000100010000000000000000
0001100100000000000001000001001001110111011110101110101110100111110000000000000100010000000000000000
0001100100000000000001000010011001100110101011101110101011000111110000000000000100010000000000000000
0001100100000000000001000100100001100110011110101110101011100111110000000000000100010000000000000000
0001100100000000000001111111111111111111111111111111111111111111111111111111111111111111110000000000
0001100100000000000001010010000101100111001111101110101010011111110000000000000100010000010000000000
0001100100000000000001111000001001100110001010101111111010001111110000000000000100010000010000000000
0001100100000000000001010100010001100110001011111110101010000111110000000000000100010000010000000000
0001100010000000000011010010100001101110001010101111111010001111110000000000000100010000010000000000
0001100001111111111111111111111111111111111111111111111010001111110000000000000100010000010000000000
0001100000100000001001110010100001100110001010101111111111111111110000000000000100010000010000000000
0001100000010000010001111100010001100110001010101111101010001111110000000000000100010000010000000000
0001100000001000100001111100001011100110001010111110101111001111111000000000000100010000010000000000
0011100111111111111111111111111111111111111111111111111111111111111111111111110100010000010000000000
0011100000100010000001110001001011100110001011101110101011011111110010000000000100010000010000010000
0011100000110101000001110000110001100110001010101110111110101111110001000000000100010000010000010000
0011110000101000100011110000110001100110001110101110101010011111110000100000000100010000010000010000
0011101000110100010001100001001001110110001010101110101111001111110000010000000100010000010000010000
0011100100100010000001111111111111111111111111111111111111111111111111111000000100010000010000010000
0011100010100001000001100100000011100110101010101110101011011111110000000000000100010000010000010000
0011100001100000100001101111111111111111001010101110101010101101110000000000000100010000010000010000
0011100000100000010001110100000001100111001010101110101010011101110000000000000100010000110000010000
0011111111111111111111111111111111111111111111111111111111111111111110000000000100010001010000010001
0011100000101000000101100001000001101110011010101110101010001101111000000000000100010010010000010010
0011100000100100000011100000100001100110001010101110101010001111110100000010000100010100010000010100
0011100000100010000101100000010001100110001110101110101010001101110010000010000100011000010000011000
0011100000100001001001100000001001100111001010101111101010000101111001000010000100010000010000010000
0011100000100000110001111111111111111111111111111111111111111111111111111110000100110000000000110000
0011100000100000110001101000000011100110011010101110111010000101111010010000000101010111111111010000
0011100000100001001001000100000001100110001010110100101010000101110101001000000110011000000000010000
0011100000100010000101000010000001100110001110101110101110000101110010100100000100010000000000010000
0011100000100100000011000001000001110110001010100101101010000101111001010010001100110000000000010000
0011100000100010000001000000100001101110001011111111111111111111111111111111111111010000000000010000
0011100000100001000001100000010001100110001010100101111010100001110000010100100110010000000000010000
0011100000100000100001011111111111111111111010110110101010010001110000001011010100010000000000010000
0011100000100000010001000000000101100111011111111111111111111111111111111111001100010000000000010000
0011100000100000001001000000000011100110100010101100101010000101110000000110010100010000000000010000
0011100000100000000101000000000001100110010010110110101011000011110000001001100110010000000000010000
0011100000100000000011111111111111111111001010100101101010100001110000010000100101010000000000010000
0011100000100000000001000000000001110111000111100100101010010001110000100000010100010000000000010000
0011100000100000000001100000000001101111000010100100101010001001110001000000001100010000000000010000
0011100000100000000001010000000001100111000111100100101010000101110010000000010100010000000000010000
0011100000100000000001001000000011100111001010100100101010000011110100000000100100010000000000010000
0011100000100000000001000100000111100111010010110100101010000001111000000001000100010000000000010000
0011100000100000000001000010001101100111100010101100101010000001110000000010000100010000000000010000
0011100000100000000001000001011001100111010010100100101010000001110000000000000100010000000000010000
0010100000100000000001111111111111111111111111111111111111111111111000000000000100010000000000010000
0010110000100000000001000001110001100111000110100101101010000011000100000000000100010000000000010000
0010101000100000000001000011001001100011000010100100101010000111000010000000000100010000000000010000
0010100100100000000001000110000101100011000011100101111010001011000001000000000100010000000000010000
0010100010100001111111111111111111111111111111111111111111111111111111111111111111110000000000010000
0010100001111111111111111111111111111111111111110100101110100011000000010000000100000000000000010000
0010100000100000000001110000000001100011010010101100101011000011000000001000001100000000000000010000
0010111111111111111111111111111111111111111111111111111111111111111111111111111111111111111111110000
0010111111111111111111111111111111111111111111111111111111111111000000000010000100000000000000000000
0010000000000100000010000000000001100111000001100101101010100010000000000001000100000000000000000000
0010000000000010000100000000000001100011000010100110110110010010000000000000100100000000000000000000
0010000000000001001011111111111111111111000100100100111010001010000000000000010100000000000000000000
0010000000000000110000000000000001000010101000101101111010000110000000000000001100000000000000000000
0010000000000000110000000000000001000010010000110110100110000010000000000000000100000000000000000000
0000000000000001001000000000000001000010000000100100000010000011000000000000000110000000000000000000
0000111111111111111111111111111111111111111111111111111111111111111100000000000101000000000000000000
0000000000000000000010000000000001000000000000000000000000000010010000000000000100100000000000000000
0000000000000000000001000000000001111111111111111111111111111111111111111111111100000000000000000000
0000000000000000000000000000000000000000000000000000000000000010000000000000000000000000000000000000
