aefggnnp
aefgngnp
aefgnngp
aegfgnnp
aeggnnfp
aeggnnpf
aegnfgnp
aegngnfp
aegngnpf
aegnnfgp
aegnngfp
aegnngpf
aegnnpfg
aegnpfgn
aegpfgnn
aenfggnp
aenfgngp
aengfgnp
aenggnfp
aenggnpf
aengnfgp
aengngfp
aengngpf
aengnpfg
aengpfgn
aennfggp
aenngfgp
aennggfp
aennggpf
aenngpfg
aennpfgg
aenpfggn
aenpfgng
aepfggnn
aepfgngn
aepfgnng
afeggnnp
afegngnp
afegnngp
afenggnp
afengngp
afennggp
afgegnnp
afgengnp
afgenngp
afggennp
afggnenp
afggnnep
afggnnpe
afggnpen
afggpenn
afgnegnp
afgnengp
afgngenp
afgngnep
afgngnpe
afgngpen
afgnnegp
afgnngep
afgnngpe
afgnnpeg
afgnpegn
afgnpeng
afgpegnn
afgpengn
afgpenng
afpeggnn
afpegngn
afpegnng
afpenggn
afpengng
afpenngg
anefggnp
anefgngp
anegfgnp
aneggnfp
aneggnpf
anegnfgp
anegngfp
anegngpf
anegnpfg
anegpfgn
anenfggp
anengfgp
anenggfp
anenggpf
anengpfg
anenpfgg
anepfggn
anepfgng
anfeggnp
anfegngp
anfenggp
anfgegnp
anfgengp
anfggenp
anfggnep
anfggnpe
anfggpen
anfgnegp
anfgngep
anfgngpe
anfgnpeg
anfgpegn
anfgpeng
anfpeggn
anfpegng
anfpengg
angefgnp
angegnfp
angegnpf
angenfgp
angengfp
angengpf
angenpfg
angepfgn
angfegnp
angfengp
angfgenp
angfgnep
angfgnpe
angfgpen
angfpegn
angfpeng
anggenfp
anggenpf
anggfenp
anggfpen
anggnefp
anggnepf
anggnfep
anggnfpe
anggnpef
anggnpfe
anggpenf
anggpfen
angnefgp
angnegfp
angnegpf
angnepfg
angnfegp
angnfgep
angnfgpe
angnfpeg
angngefp
angngepf
angngfep
angngfpe
angngpef
angngpfe
angnpefg
angnpegf
angnpfeg
angnpfge
angpefgn
angpegnf
angpenfg
angpengf
angpfegn
angpfeng
angpfgen
angpfgne
annefggp
annegfgp
anneggfp
anneggpf
annegpfg
annepfgg
annfeggp
annfgegp
annfggep
annfggpe
annfgpeg
annfpegg
anngefgp
anngegfp
anngegpf
anngepfg
anngfegp
anngfgep
anngfgpe
anngfpeg
annggefp
annggepf
annggfep
annggfpe
annggpef
annggpfe
anngpefg
anngpegf
anngpfeg
anngpfge
annpefgg
annpegfg
annpeggf
annpfegg
annpfgeg
annpfgge
anpefggn
anpefgng
anpegfgn
anpeggnf
anpegnfg
anpegngf
anpenfgg
anpengfg
anpenggf
anpfeggn
anpfegng
anpfengg
anpfgegn
anpfgeng
anpfggen
anpfggne
anpfgneg
anpfgnge
apefggnn
apefgngn
apefgnng
apegfgnn
apeggnnf
apegnfgn
apegngnf
apegnnfg
apegnngf
apenfggn
apenfgng
apengfgn
apenggnf
apengnfg
apengngf
apennfgg
apenngfg
apennggf
apfeggnn
apfegngn
apfegnng
apfenggn
apfengng
apfenngg
apfgegnn
apfgengn
apfgenng
apfggenn
apfggnen
apfggnne
apfgnegn
apfgneng
apfgngen
apfgngne
apfgnneg
apfgnnge
eafggnnp
eafgngnp
eafgnngp
eanfggnp
eanfgngp
eangfgnp
eanggnfp
eanggnpf
eangnfgp
eangngfp
eangngpf
eangnpfg
eangpfgn
eannfggp
eanngfgp
eannggfp
eannggpf
eanngpfg
eannpfgg
eanpfggn
eanpfgng
eapfggnn
eapfgngn
eapfgnng
efanggnp
efangngp
efannggp
efgangnp
efganngp
efggannp
efggnanp
efggnnap
efggnnpa
efggnpan
efggpann
efgnangp
efgnganp
efgngnap
efgngnpa
efgngpan
efgnngap
efgnngpa
efgnpang
efgpangn
efgpanng
efpanggn
efpangng
efpanngg
egafgnnp
eganfgnp
egangnfp
egangnpf
egannfgp
eganngfp
eganngpf
egannpfg
eganpfgn
egapfgnn
egfangnp
egfanngp
egfgannp
egfgnanp
egfgnnap
egfgnnpa
egfgnpan
egfgpann
egfpangn
egfpanng
eggannfp
eggannpf
eggfannp
eggfpann
eggnanfp
eggnanpf
eggnfanp
eggnfpan
eggnnafp
eggnnapf
eggnnfap
eggnnfpa
eggnnpaf
eggnnpfa
eggnpanf
eggnpfan
eggpannf
eggpfann
egnafgnp
egnanfgp
egnangfp
egnangpf
egnanpfg
egnapfgn
egnfangp
egnfganp
egnfgnap
egnfgnpa
egnfgpan
egnfpang
egnganfp
egnganpf
egngfanp
egngfpan
egngnafp
egngnapf
egngnfap
egngnfpa
egngnpaf
egngnpfa
egngpanf
egngpfan
egnnafgp
egnnapfg
egnnfgap
egnnfgpa
egnngafp
egnngapf
egnngfap
egnngfpa
egnngpaf
egnngpfa
egnnpafg
egnnpfga
egnpafgn
egnpanfg
egnpangf
egnpfang
egnpfgan
egnpfgna
egpafgnn
egpanfgn
egpangnf
egpannfg
egpanngf
egpfangn
egpfanng
egpfgann
egpfgnan
egpfgnna
enafggnp
enafgngp
enanfggp
enangfgp
enanggfp
enanggpf
enangpfg
enanpfgg
enapfggn
enapfgng
enfanggp
enfgangp
enfgganp
enfggnap
enfggnpa
enfggpan
enfgngap
enfgngpa
enfgpang
enfpangg
engafgnp
enganfgp
engangfp
engangpf
enganpfg
engapfgn
engfangp
engfganp
engfgnap
engfgnpa
engfgpan
engfpang
engganfp
engganpf
enggfanp
enggfpan
enggnafp
enggnapf
enggnfap
enggnfpa
enggnpaf
enggnpfa
enggpanf
enggpfan
engnafgp
engnapfg
engnfgap
engnfgpa
engngafp
engngapf
engngfap
engngfpa
engngpaf
engngpfa
engnpafg
engnpfga
engpafgn
engpanfg
engpangf
engpfang
engpfgan
engpfgna
ennafggp
ennapfgg
ennfggap
ennfggpa
enngafgp
enngapfg
enngfgap
enngfgpa
ennggafp
ennggapf
ennggfap
ennggfpa
ennggpaf
ennggpfa
enngpafg
enngpfga
ennpafgg
ennpfgga
enpafggn
enpafgng
enpanfgg
enpangfg
enpanggf
enpfangg
enpfgang
enpfggan
enpfggna
enpfgnga
epafggnn
epafgngn
epafgnng
epanfggn
epanfgng
epangfgn
epanggnf
epangnfg
epangngf
epannfgg
epanngfg
epannggf
epfanggn
epfangng
epfanngg
epfgangn
epfganng
epfggann
epfggnan
epfggnna
epfgnang
epfgngan
epfgngna
epfgnnga
faeggnnp
faegngnp
faegnngp
faenggnp
faengngp
faennggp
faneggnp
fanegngp
fanenggp
fangegnp
fangengp
fanggenp
fanggnep
fanggnpe
fanggpen
fangnegp
fangngep
fangngpe
fangnpeg
fangpegn
fangpeng
fanneggp
fanngegp
fannggep
fannggpe
fanngpeg
fannpegg
fanpeggn
fanpegng
fanpengg
fapeggnn
fapegngn
fapegnng
fapenggn
fapengng
fapenngg
feanggnp
feangngp
feannggp
fegangnp
feganngp
feggannp
feggnanp
feggnnap
feggnnpa
feggnpan
feggpann
fegnangp
fegnganp
fegngnap
fegngnpa
fegngpan
fegnngap
fegnngpa
fegnpang
fegpangn
fegpanng
fenanggp
fengangp
fengganp
fenggnap
fenggnpa
fenggpan
fengngap
fengngpa
fengpang
fennggap
fennggpa
fenpangg
fepanggn
fepangng
fepanngg
fgaegnnp
fgaengnp
fgaenngp
fganegnp
fganengp
fgangenp
fgangnep
fgangnpe
fgangpen
fgannegp
fganngep
fganngpe
fgannpeg
fganpegn
fganpeng
fgapegnn
fgapengn
fgapenng
fgeangnp
fgeanngp
fgegannp
fgegnanp
fgegnnap
fgegnnpa
fgegnpan
fgegpann
fgenangp
fgenganp
fgengnap
fgengnpa
fgengpan
fgenngap
fgenngpa
fgenpang
fgepangn
fgepanng
fggaennp
fgganenp
fggannep
fggannpe
fgganpen
fggapenn
fggeannp
fggenanp
fggennap
fggennpa
fggenpan
fggepann
fggnaenp
fggnanep
fggnanpe
fggnapen
fggneanp
fggnenap
fggnenpa
fggnepan
fggnnaep
fggnnape
fggnneap
fggnnepa
fggnnpae
fggnnpea
fggnpaen
fggnpane
fggnpean
fggnpena
fggpaenn
fggpanen
fggpanne
fggpeann
fggpenan
fggpenna
fgnaegnp
fgnaengp
fgnanegp
fgnangep
fgnangpe
fgnanpeg
fgnapegn
fgnapeng
fgneangp
fgneganp
fgnegnap
fgnegnpa
fgnegpan
fgnengap
fgnengpa
fgnepang
fgngaenp
fgnganep
fgnganpe
fgngapen
fgngeanp
fgngenap
fgngenpa
fgngepan
fgngnaep
fgngnape
fgngneap
fgngnepa
fgngnpae
fgngnpea
fgngpaen
fgngpane
fgngpean
fgngpena
fgnnaegp
fgnnapeg
fgnnegap
fgnnegpa
fgnngaep
fgnngape
fgnngeap
fgnngepa
fgnngpae
fgnngpea
fgnnpaeg
fgnnpega
fgnpaegn
fgnpaeng
fgnpaneg
fgnpange
fgnpeang
fgnpegan
fgnpegna
fgnpenga
fgpaegnn
fgpaengn
fgpaenng
fgpanegn
fgpaneng
fgpangen
fgpangne
fgpanneg
fgpannge
fgpeangn
fgpeanng
fgpegann
fgpegnan
fgpegnna
fgpenang
fgpengan
fgpengna
fgpennga
fpaeggnn
fpaegngn
fpaegnng
fpaenggn
fpaengng
fpaenngg
fpaneggn
fpanegng
fpanengg
fpangegn
fpangeng
fpanggen
fpanggne
fpangneg
fpangnge
fpannegg
fpanngeg
fpanngge
fpeanggn
fpeangng
fpeanngg
fpegangn
fpeganng
fpeggann
fpeggnan
fpeggnna
fpegnang
fpegngan
fpegngna
fpegnnga
fpenangg
fpengang
fpenggan
fpenggna
fpengnga
fpenngga
gaefgnnp
gaegnnfp
gaegnnpf
gaenfgnp
gaengnfp
gaengnpf
gaennfgp
gaenngfp
gaenngpf
gaennpfg
gaenpfgn
gaepfgnn
gafegnnp
gafengnp
gafenngp
gafgennp
gafgnenp
gafgnnep
gafgnnpe
gafgnpen
gafgpenn
gafpegnn
gafpengn
gafpenng
ganefgnp
ganegnfp
ganegnpf
ganenfgp
ganengfp
ganengpf
ganenpfg
ganepfgn
ganfegnp
ganfengp
ganfgenp
ganfgnep
ganfgnpe
ganfgpen
ganfpegn
ganfpeng
gangenfp
gangenpf
gangfenp
gangfpen
gangnefp
gangnepf
gangnfep
gangnfpe
gangnpef
gangnpfe
gangpenf
gangpfen
gannefgp
gannegfp
gannegpf
gannepfg
gannfegp
gannfgep
gannfgpe
gannfpeg
ganngefp
ganngepf
ganngfep
ganngfpe
ganngpef
ganngpfe
gannpefg
gannpegf
gannpfeg
gannpfge
ganpefgn
ganpegnf
ganpenfg
ganpengf
ganpfegn
ganpfeng
ganpfgen
ganpfgne
gapefgnn
gapegnnf
gapenfgn
gapengnf
gapennfg
gapenngf
gapfegnn
gapfengn
gapfenng
gapfgenn
gapfgnen
gapfgnne
geafgnnp
geanfgnp
geangnfp
geangnpf
geannfgp
geanngfp
geanngpf
geannpfg
geanpfgn
geapfgnn
gefangnp
gefanngp
gefgannp
gefgnanp
gefgnnap
gefgnnpa
gefgnpan
gefgpann
gefpangn
gefpanng
gegannfp
gegannpf
gegfannp
gegfpann
gegnanfp
gegnanpf
gegnfanp
gegnfpan
gegnnafp
gegnnapf
gegnnfap
gegnnfpa
gegnnpaf
gegnnpfa
gegnpanf
gegnpfan
gegpannf
gegpfann
genafgnp
genanfgp
genangfp
genangpf
genanpfg
genapfgn
genfangp
genfganp
genfgnap
genfgnpa
genfgpan
genfpang
genganfp
genganpf
gengfanp
gengfpan
gengnafp
gengnapf
gengnfap
gengnfpa
gengnpaf
gengnpfa
gengpanf
gengpfan
gennafgp
gennapfg
gennfgap
gennfgpa
genngafp
genngapf
genngfap
genngfpa
genngpaf
genngpfa
gennpafg
gennpfga
genpafgn
genpanfg
genpangf
genpfang
genpfgan
genpfgna
gepafgnn
gepanfgn
gepangnf
gepannfg
gepanngf
gepfangn
gepfanng
gepfgann
gepfgnan
gepfgnna
gfaegnnp
gfaengnp
gfaenngp
gfanegnp
gfanengp
gfangenp
gfangnep
gfangnpe
gfangpen
gfannegp
gfanngep
gfanngpe
gfannpeg
gfanpegn
gfanpeng
gfapegnn
gfapengn
gfapenng
gfeangnp
gfeanngp
gfegannp
gfegnanp
gfegnnap
gfegnnpa
gfegnpan
gfegpann
gfenangp
gfenganp
gfengnap
gfengnpa
gfengpan
gfenngap
gfenngpa
gfenpang
gfepangn
gfepanng
gfgaennp
gfganenp
gfgannep
gfgannpe
gfganpen
gfgapenn
gfgeannp
gfgenanp
gfgennap
gfgennpa
gfgenpan
gfgepann
gfgnaenp
gfgnanep
gfgnanpe
gfgnapen
gfgneanp
gfgnenap
gfgnenpa
gfgnepan
gfgnnaep
gfgnnape
gfgnneap
gfgnnepa
gfgnnpae
gfgnnpea
gfgnpaen
gfgnpane
gfgnpean
gfgnpena
gfgpaenn
gfgpanen
gfgpanne
gfgpeann
gfgpenan
gfgpenna
gfpaegnn
gfpaengn
gfpaenng
gfpanegn
gfpaneng
gfpangen
gfpangne
gfpanneg
gfpannge
gfpeangn
gfpeanng
gfpegann
gfpegnan
gfpegnna
gfpenang
gfpengan
gfpengna
gfpennga
ggaennfp
ggaennpf
ggafennp
ggafpenn
gganenfp
gganenpf
gganfenp
gganfpen
ggannefp
ggannepf
ggannfep
ggannfpe
ggannpef
ggannpfe
gganpenf
gganpfen
ggapennf
ggapfenn
ggeannfp
ggeannpf
ggefannp
ggefpann
ggenanfp
ggenanpf
ggenfanp
ggenfpan
ggennafp
ggennapf
ggennfap
ggennfpa
ggennpaf
ggennpfa
ggenpanf
ggenpfan
ggepannf
ggepfann
ggfaennp
ggfanenp
ggfannep
ggfannpe
ggfanpen
ggfapenn
ggfeannp
ggfenanp
ggfennap
ggfennpa
ggfenpan
ggfepann
ggfpaenn
ggfpanen
ggfpanne
ggfpeann
ggfpenan
ggfpenna
ggnaenfp
ggnaenpf
ggnafenp
ggnafpen
ggnanefp
ggnanepf
ggnanfep
ggnanfpe
ggnanpef
ggnanpfe
ggnapenf
ggnapfen
ggneanfp
ggneanpf
ggnefanp
ggnefpan
ggnenafp
ggnenapf
ggnenfap
ggnenfpa
ggnenpaf
ggnenpfa
ggnepanf
ggnepfan
ggnfaenp
ggnfanep
ggnfanpe
ggnfapen
ggnfeanp
ggnfenap
ggnfenpa
ggnfepan
ggnfpaen
ggnfpane
ggnfpean
ggnfpena
ggnnaefp
ggnnaepf
ggnnafep
ggnnafpe
ggnnapef
ggnnapfe
ggnneafp
ggnneapf
ggnnefap
ggnnefpa
ggnnepaf
ggnnepfa
ggnnfaep
ggnnfape
ggnnfeap
ggnnfepa
ggnnfpae
ggnnfpea
ggnnpaef
ggnnpafe
ggnnpeaf
ggnnpefa
ggnnpfae
ggnnpfea
ggnpaenf
ggnpafen
ggnpanef
ggnpanfe
ggnpeanf
ggnpefan
ggnpenaf
ggnpenfa
ggnpfaen
ggnpfane
ggnpfean
ggnpfena
ggpaennf
ggpafenn
ggpanenf
ggpanfen
ggpannef
ggpannfe
ggpeannf
ggpefann
ggpenanf
ggpenfan
ggpennaf
ggpennfa
ggpfaenn
ggpfanen
ggpfanne
ggpfeann
ggpfenan
ggpfenna
gnaefgnp
gnaegnfp
gnaegnpf
gnaenfgp
gnaengfp
gnaengpf
gnaenpfg
gnaepfgn
gnafegnp
gnafengp
gnafgenp
gnafgnep
gnafgnpe
gnafgpen
gnafpegn
gnafpeng
gnanefgp
gnanegfp
gnanegpf
gnanepfg
gnanfegp
gnanfgep
gnanfgpe
gnanfpeg
gnangefp
gnangepf
gnangfep
gnangfpe
gnangpef
gnangpfe
gnanpefg
gnanpegf
gnanpfeg
gnanpfge
gnapefgn
gnapegnf
gnapenfg
gnapengf
gnapfegn
gnapfeng
gnapfgen
gnapfgne
gneafgnp
gneanfgp
gneangfp
gneangpf
gneanpfg
gneapfgn
gnefangp
gnefganp
gnefgnap
gnefgnpa
gnefgpan
gnefpang
gneganfp
gneganpf
gnegfanp
gnegfpan
gnegnafp
gnegnapf
gnegnfap
gnegnfpa
gnegnpaf
gnegnpfa
gnegpanf
gnegpfan
gnenafgp
gnenapfg
gnenfgap
gnenfgpa
gnengafp
gnengapf
gnengfap
gnengfpa
gnengpaf
gnengpfa
gnenpafg
gnenpfga
gnepafgn
gnepanfg
gnepangf
gnepfang
gnepfgan
gnepfgna
gnfaegnp
gnfaengp
gnfanegp
gnfangep
gnfangpe
gnfanpeg
gnfapegn
gnfapeng
gnfeangp
gnfeganp
gnfegnap
gnfegnpa
gnfegpan
gnfengap
gnfengpa
gnfepang
gnfgaenp
gnfganep
gnfganpe
gnfgapen
gnfgeanp
gnfgenap
gnfgenpa
gnfgepan
gnfgnaep
gnfgnape
gnfgneap
gnfgnepa
gnfgnpae
gnfgnpea
gnfgpaen
gnfgpane
gnfgpean
gnfgpena
gnfpaegn
gnfpaeng
gnfpaneg
gnfpange
gnfpeang
gnfpegan
gnfpegna
gnfpenga
gngaenfp
gngaenpf
gngafenp
gngafpen
gnganefp
gnganepf
gnganfep
gnganfpe
gnganpef
gnganpfe
gngapenf
gngapfen
gngeanfp
gngeanpf
gngefanp
gngefpan
gngenafp
gngenapf
gngenfap
gngenfpa
gngenpaf
gngenpfa
gngepanf
gngepfan
gngfaenp
gngfanep
gngfanpe
gngfapen
gngfeanp
gngfenap
gngfenpa
gngfepan
gngfpaen
gngfpane
gngfpean
gngfpena
gngnaefp
gngnaepf
gngnafep
gngnafpe
gngnapef
gngnapfe
gngneafp
gngneapf
gngnefap
gngnefpa
gngnepaf
gngnepfa
gngnfaep
gngnfape
gngnfeap
gngnfepa
gngnfpae
gngnfpea
gngnpaef
gngnpafe
gngnpeaf
gngnpefa
gngnpfae
gngnpfea
gngpaenf
gngpafen
gngpanef
gngpanfe
gngpeanf
gngpefan
gngpenaf
gngpenfa
gngpfaen
gngpfane
gngpfean
gngpfena
gnnaefgp
gnnaegfp
gnnaegpf
gnnaepfg
gnnafegp
gnnafgep
gnnafgpe
gnnafpeg
gnnapefg
gnnapegf
gnnapfeg
gnnapfge
gnneafgp
gnneapfg
gnnefgap
gnnefgpa
gnnegafp
gnnegapf
gnnegfap
gnnegfpa
gnnegpaf
gnnegpfa
gnnepafg
gnnepfga
gnnfaegp
gnnfapeg
gnnfegap
gnnfegpa
gnnfgaep
gnnfgape
gnnfgeap
gnnfgepa
gnnfgpae
gnnfgpea
gnnfpaeg
gnnfpega
gnngaefp
gnngaepf
gnngafep
gnngafpe
gnngapef
gnngapfe
gnngeafp
gnngeapf
gnngefap
gnngefpa
gnngepaf
gnngepfa
gnngfaep
gnngfape
gnngfeap
gnngfepa
gnngfpae
gnngfpea
gnngpaef
gnngpafe
gnngpeaf
gnngpefa
gnngpfae
gnngpfea
gnnpaefg
gnnpaegf
gnnpafeg
gnnpafge
gnnpeafg
gnnpefga
gnnpegaf
gnnpegfa
gnnpfaeg
gnnpfega
gnnpfgae
gnnpfgea
gnpaefgn
gnpaegnf
gnpaenfg
gnpaengf
gnpafegn
gnpafeng
gnpafgen
gnpafgne
gnpanefg
gnpanegf
gnpanfeg
gnpanfge
gnpangef
gnpangfe
gnpeafgn
gnpeanfg
gnpeangf
gnpefang
gnpefgan
gnpefgna
gnpeganf
gnpegfan
gnpegnaf
gnpegnfa
gnpenafg
gnpenfga
gnpengaf
gnpengfa
gnpfaegn
gnpfaeng
gnpfaneg
gnpfange
gnpfeang
gnpfegan
gnpfegna
gnpfenga
gnpfgaen
gnpfgane
gnpfgean
gnpfgena
gnpfgnae
gnpfgnea
gpaefgnn
gpaegnnf
gpaenfgn
gpaengnf
gpaennfg
gpaenngf
gpafegnn
gpafengn
gpafenng
gpafgenn
gpafgnen
gpafgnne
gpanefgn
gpanegnf
gpanenfg
gpanengf
gpanfegn
gpanfeng
gpanfgen
gpanfgne
gpangenf
gpangfen
gpangnef
gpangnfe
gpannefg
gpannegf
gpannfeg
gpannfge
gpanngef
gpanngfe
gpeafgnn
gpeanfgn
gpeangnf
gpeannfg
gpeanngf
gpefangn
gpefanng
gpefgann
gpefgnan
gpefgnna
gpegannf
gpegfann
gpegnanf
gpegnfan
gpegnnaf
gpegnnfa
gpenafgn
gpenanfg
gpenangf
gpenfang
gpenfgan
gpenfgna
gpenganf
gpengfan
gpengnaf
gpengnfa
gpennafg
gpennfga
gpenngaf
gpenngfa
gpfaegnn
gpfaengn
gpfaenng
gpfanegn
gpfaneng
gpfangen
gpfangne
gpfanneg
gpfannge
gpfeangn
gpfeanng
gpfegann
gpfegnan
gpfegnna
gpfenang
gpfengan
gpfengna
gpfennga
gpfgaenn
gpfganen
gpfganne
gpfgeann
gpfgenan
gpfgenna
gpfgnaen
gpfgnane
gpfgnean
gpfgnena
gpfgnnae
gpfgnnea
naefggnp
naefgngp
naegfgnp
naeggnfp
naeggnpf
naegnfgp
naegngfp
naegngpf
naegnpfg
naegpfgn
naenfggp
naengfgp
naenggfp
naenggpf
naengpfg
naenpfgg
naepfggn
naepfgng
nafeggnp
nafegngp
nafenggp
nafgegnp
nafgengp
nafggenp
nafggnep
nafggnpe
nafggpen
nafgnegp
nafgngep
nafgngpe
nafgnpeg
nafgpegn
nafgpeng
nafpeggn
nafpegng
nafpengg
nanefggp
nanegfgp
naneggfp
naneggpf
nanegpfg
nanepfgg
nanfeggp
nanfgegp
nanfggep
nanfggpe
nanfgpeg
nanfpegg
nangefgp
nangegfp
nangegpf
nangepfg
nangfegp
nangfgep
nangfgpe
nangfpeg
nanggefp
nanggepf
nanggfep
nanggfpe
nanggpef
nanggpfe
nangpefg
nangpegf
nangpfeg
nangpfge
nanpefgg
nanpegfg
nanpeggf
nanpfegg
nanpfgeg
nanpfgge
napefggn
napefgng
napegfgn
napeggnf
napegnfg
napegngf
napenfgg
napengfg
napenggf
napfeggn
napfegng
napfengg
napfgegn
napfgeng
napfggen
napfggne
napfgneg
napfgnge
neafggnp
neafgngp
neanfggp
neangfgp
neanggfp
neanggpf
neangpfg
neanpfgg
neapfggn
neapfgng
nefanggp
nefgangp
nefgganp
nefggnap
nefggnpa
nefggpan
nefgngap
nefgngpa
nefgpang
nefpangg
negafgnp
neganfgp
negangfp
negangpf
neganpfg
negapfgn
negfangp
negfganp
negfgnap
negfgnpa
negfgpan
negfpang
negganfp
negganpf
neggfanp
neggfpan
neggnafp
neggnapf
neggnfap
neggnfpa
neggnpaf
neggnpfa
neggpanf
neggpfan
negnafgp
negnapfg
negnfgap
negnfgpa
negngafp
negngapf
negngfap
negngfpa
negngpaf
negngpfa
negnpafg
negnpfga
negpafgn
negpanfg
negpangf
negpfang
negpfgan
negpfgna
nenafggp
nenapfgg
nenfggap
nenfggpa
nengafgp
nengapfg
nengfgap
nengfgpa
nenggafp
nenggapf
nenggfap
nenggfpa
nenggpaf
nenggpfa
nengpafg
nengpfga
nenpafgg
nenpfgga
nepafggn
nepafgng
nepanfgg
nepangfg
nepanggf
nepfangg
nepfgang
nepfggan
nepfggna
nepfgnga
nfaeggnp
nfaegngp
nfaenggp
nfaneggp
nfangegp
nfanggep
nfanggpe
nfangpeg
nfanpegg
nfapeggn
nfapegng
nfapengg
nfeanggp
nfegangp
nfegganp
nfeggnap
nfeggnpa
nfeggpan
nfegngap
nfegngpa
nfegpang
nfenggap
nfenggpa
nfepangg
nfgaegnp
nfgaengp
nfganegp
nfgangep
nfgangpe
nfganpeg
nfgapegn
nfgapeng
nfgeangp
nfgeganp
nfgegnap
nfgegnpa
nfgegpan
nfgengap
nfgengpa
nfgepang
nfggaenp
nfgganep
nfgganpe
nfggapen
nfggeanp
nfggenap
nfggenpa
nfggepan
nfggnaep
nfggnape
nfggneap
nfggnepa
nfggnpae
nfggnpea
nfggpaen
nfggpane
nfggpean
nfggpena
nfgnaegp
nfgnapeg
nfgnegap
nfgnegpa
nfgngaep
nfgngape
nfgngeap
nfgngepa
nfgngpae
nfgngpea
nfgnpaeg
nfgnpega
nfgpaegn
nfgpaeng
nfgpaneg
nfgpange
nfgpeang
nfgpegan
nfgpegna
nfgpenga
nfpaeggn
nfpaegng
nfpaengg
nfpanegg
nfpangeg
nfpangge
nfpeangg
nfpegang
nfpeggan
nfpeggna
nfpegnga
nfpengga
ngaefgnp
ngaegnfp
ngaegnpf
ngaenfgp
ngaengfp
ngaengpf
ngaenpfg
ngaepfgn
ngafegnp
ngafengp
ngafgenp
ngafgnep
ngafgnpe
ngafgpen
ngafpegn
ngafpeng
nganefgp
nganegfp
nganegpf
nganepfg
nganfegp
nganfgep
nganfgpe
nganfpeg
ngangefp
ngangepf
ngangfep
ngangfpe
ngangpef
ngangpfe
nganpefg
nganpegf
nganpfeg
nganpfge
ngapefgn
ngapegnf
ngapenfg
ngapengf
ngapfegn
ngapfeng
ngapfgen
ngapfgne
ngeafgnp
ngeanfgp
ngeangfp
ngeangpf
ngeanpfg
ngeapfgn
ngefangp
ngefganp
ngefgnap
ngefgnpa
ngefgpan
ngefpang
ngeganfp
ngeganpf
ngegfanp
ngegfpan
ngegnafp
ngegnapf
ngegnfap
ngegnfpa
ngegnpaf
ngegnpfa
ngegpanf
ngegpfan
ngenafgp
ngenapfg
ngenfgap
ngenfgpa
ngengafp
ngengapf
ngengfap
ngengfpa
ngengpaf
ngengpfa
ngenpafg
ngenpfga
ngepafgn
ngepanfg
ngepangf
ngepfang
ngepfgan
ngepfgna
ngfaegnp
ngfaengp
ngfanegp
ngfangep
ngfangpe
ngfanpeg
ngfapegn
ngfapeng
ngfeangp
ngfeganp
ngfegnap
ngfegnpa
ngfegpan
ngfengap
ngfengpa
ngfepang
ngfgaenp
ngfganep
ngfganpe
ngfgapen
ngfgeanp
ngfgenap
ngfgenpa
ngfgepan
ngfgnaep
ngfgnape
ngfgneap
ngfgnepa
ngfgnpae
ngfgnpea
ngfgpaen
ngfgpane
ngfgpean
ngfgpena
ngfpaegn
ngfpaeng
ngfpaneg
ngfpange
ngfpeang
ngfpegan
ngfpegna
ngfpenga
nggaenfp
nggaenpf
nggafenp
nggafpen
ngganefp
ngganepf
ngganfep
ngganfpe
ngganpef
ngganpfe
nggapenf
nggapfen
nggeanfp
nggeanpf
nggefanp
nggefpan
nggenafp
nggenapf
nggenfap
nggenfpa
nggenpaf
nggenpfa
nggepanf
nggepfan
nggfaenp
nggfanep
nggfanpe
nggfapen
nggfeanp
nggfenap
nggfenpa
nggfepan
nggfpaen
nggfpane
nggfpean
nggfpena
nggnaefp
nggnaepf
nggnafep
nggnafpe
nggnapef
nggnapfe
nggneafp
nggneapf
nggnefap
nggnefpa
nggnepaf
nggnepfa
nggnfaep
nggnfape
nggnfeap
nggnfepa
nggnfpae
nggnfpea
nggnpaef
nggnpafe
nggnpeaf
nggnpefa
nggnpfae
nggnpfea
nggpaenf
nggpafen
nggpanef
nggpanfe
nggpeanf
nggpefan
nggpenaf
nggpenfa
nggpfaen
nggpfane
nggpfean
nggpfena
ngnaefgp
ngnaegfp
ngnaegpf
ngnaepfg
ngnafegp
ngnafgep
ngnafgpe
ngnafpeg
ngnapefg
ngnapegf
ngnapfeg
ngnapfge
ngneafgp
ngneapfg
ngnefgap
ngnefgpa
ngnegafp
ngnegapf
ngnegfap
ngnegfpa
ngnegpaf
ngnegpfa
ngnepafg
ngnepfga
ngnfaegp
ngnfapeg
ngnfegap
ngnfegpa
ngnfgaep
ngnfgape
ngnfgeap
ngnfgepa
ngnfgpae
ngnfgpea
ngnfpaeg
ngnfpega
ngngaefp
ngngaepf
ngngafep
ngngafpe
ngngapef
ngngapfe
ngngeafp
ngngeapf
ngngefap
ngngefpa
ngngepaf
ngngepfa
ngngfaep
ngngfape
ngngfeap
ngngfepa
ngngfpae
ngngfpea
ngngpaef
ngngpafe
ngngpeaf
ngngpefa
ngngpfae
ngngpfea
ngnpaefg
ngnpaegf
ngnpafeg
ngnpafge
ngnpeafg
ngnpefga
ngnpegaf
ngnpegfa
ngnpfaeg
ngnpfega
ngnpfgae
ngnpfgea
ngpaefgn
ngpaegnf
ngpaenfg
ngpaengf
ngpafegn
ngpafeng
ngpafgen
ngpafgne
ngpanefg
ngpanegf
ngpanfeg
ngpanfge
ngpangef
ngpangfe
ngpeafgn
ngpeanfg
ngpeangf
ngpefang
ngpefgan
ngpefgna
ngpeganf
ngpegfan
ngpegnaf
ngpegnfa
ngpenafg
ngpenfga
ngpengaf
ngpengfa
ngpfaegn
ngpfaeng
ngpfaneg
ngpfange
ngpfeang
ngpfegan
ngpfegna
ngpfenga
ngpfgaen
ngpfgane
ngpfgean
ngpfgena
ngpfgnae
ngpfgnea
nnaefggp
nnaegfgp
nnaeggfp
nnaeggpf
nnaegpfg
nnaepfgg
nnafeggp
nnafgegp
nnafggep
nnafggpe
nnafgpeg
nnafpegg
nnapefgg
nnapegfg
nnapeggf
nnapfegg
nnapfgeg
nnapfgge
nneafggp
nneapfgg
nnefggap
nnefggpa
nnegafgp
nnegapfg
nnegfgap
nnegfgpa
nneggafp
nneggapf
nneggfap
nneggfpa
nneggpaf
nneggpfa
nnegpafg
nnegpfga
nnepafgg
nnepfgga
nnfaeggp
nnfapegg
nnfeggap
nnfeggpa
nnfgaegp
nnfgapeg
nnfgegap
nnfgegpa
nnfggaep
nnfggape
nnfggeap
nnfggepa
nnfggpae
nnfggpea
nnfgpaeg
nnfgpega
nnfpaegg
nnfpegga
nngaefgp
nngaegfp
nngaegpf
nngaepfg
nngafegp
nngafgep
nngafgpe
nngafpeg
nngapefg
nngapegf
nngapfeg
nngapfge
nngeafgp
nngeapfg
nngefgap
nngefgpa
nngegafp
nngegapf
nngegfap
nngegfpa
nngegpaf
nngegpfa
nngepafg
nngepfga
nngfaegp
nngfapeg
nngfegap
nngfegpa
nngfgaep
nngfgape
nngfgeap
nngfgepa
nngfgpae
nngfgpea
nngfpaeg
nngfpega
nnggaefp
nnggaepf
nnggafep
nnggafpe
nnggapef
nnggapfe
nnggeafp
nnggeapf
nnggefap
nnggefpa
nnggepaf
nnggepfa
nnggfaep
nnggfape
nnggfeap
nnggfepa
nnggfpae
nnggfpea
nnggpaef
nnggpafe
nnggpeaf
nnggpefa
nnggpfae
nnggpfea
nngpaefg
nngpaegf
nngpafeg
nngpafge
nngpeafg
nngpefga
nngpegaf
nngpegfa
nngpfaeg
nngpfega
nngpfgae
nngpfgea
nnpaefgg
nnpaegfg
nnpaeggf
nnpafegg
nnpafgeg
nnpafgge
nnpeafgg
nnpefgga
nnpegafg
nnpegfga
nnpeggaf
nnpeggfa
nnpfaegg
nnpfegga
nnpfgaeg
nnpfgega
nnpfggae
nnpfggea
npaefggn
npaefgng
npaegfgn
npaeggnf
npaegnfg
npaegngf
npaenfgg
npaengfg
npaenggf
npafeggn
npafegng
npafengg
npafgegn
npafgeng
npafggen
npafggne
npafgneg
npafgnge
npanefgg
npanegfg
npaneggf
npanfegg
npanfgeg
npanfgge
npangefg
npangegf
npangfeg
npangfge
npanggef
npanggfe
npeafggn
npeafgng
npeanfgg
npeangfg
npeanggf
npefangg
npefgang
npefggan
npefggna
npefgnga
npegafgn
npeganfg
npegangf
npegfang
npegfgan
npegfgna
npegganf
npeggfan
npeggnaf
npeggnfa
npegnafg
npegnfga
npegngaf
npegngfa
npenafgg
npenfgga
npengafg
npengfga
npenggaf
npenggfa
npfaeggn
npfaegng
npfaengg
npfanegg
npfangeg
npfangge
npfeangg
npfegang
npfeggan
npfeggna
npfegnga
npfengga
npfgaegn
npfgaeng
npfganeg
npfgange
npfgeang
npfgegan
npfgegna
npfgenga
npfggaen
npfggane
npfggean
npfggena
npfggnae
npfggnea
npfgnaeg
npfgnega
npfgngae
npfgngea
paefggnn
paefgngn
paefgnng
paegfgnn
paeggnnf
paegnfgn
paegngnf
paegnnfg
paegnngf
paenfggn
paenfgng
paengfgn
paenggnf
paengnfg
paengngf
paennfgg
paenngfg
paennggf
pafeggnn
pafegngn
pafegnng
pafenggn
pafengng
pafenngg
pafgegnn
pafgengn
pafgenng
pafggenn
pafggnen
pafggnne
pafgnegn
pafgneng
pafgngen
pafgngne
pafgnneg
pafgnnge
panefggn
panefgng
panegfgn
paneggnf
panegnfg
panegngf
panenfgg
panengfg
panenggf
panfeggn
panfegng
panfengg
panfgegn
panfgeng
panfggen
panfggne
panfgneg
panfgnge
pangefgn
pangegnf
pangenfg
pangengf
pangfegn
pangfeng
pangfgen
pangfgne
panggenf
panggfen
panggnef
panggnfe
pangnefg
pangnegf
pangnfeg
pangnfge
pangngef
pangngfe
pannefgg
pannegfg
panneggf
pannfegg
pannfgeg
pannfgge
panngefg
panngegf
panngfeg
panngfge
pannggef
pannggfe
peafggnn
peafgngn
peafgnng
peanfggn
peanfgng
peangfgn
peanggnf
peangnfg
peangngf
peannfgg
peanngfg
peannggf
pefanggn
pefangng
pefanngg
pefgangn
pefganng
pefggann
pefggnan
pefggnna
pefgnang
pefgngan
pefgngna
pefgnnga
pegafgnn
peganfgn
pegangnf
pegannfg
peganngf
pegfangn
pegfanng
pegfgann
pegfgnan
pegfgnna
peggannf
peggfann
peggnanf
peggnfan
peggnnaf
peggnnfa
pegnafgn
pegnanfg
pegnangf
pegnfang
pegnfgan
pegnfgna
pegnganf
pegngfan
pegngnaf
pegngnfa
pegnnafg
pegnnfga
pegnngaf
pegnngfa
penafggn
penafgng
penanfgg
penangfg
penanggf
penfangg
penfgang
penfggan
penfggna
penfgnga
pengafgn
penganfg
pengangf
pengfang
pengfgan
pengfgna
pengganf
penggfan
penggnaf
penggnfa
pengnafg
pengnfga
pengngaf
pengngfa
pennafgg
pennfgga
penngafg
penngfga
pennggaf
pennggfa
pfaeggnn
pfaegngn
pfaegnng
pfaenggn
pfaengng
pfaenngg
pfaneggn
pfanegng
pfanengg
pfangegn
pfangeng
pfanggen
pfanggne
pfangneg
pfangnge
pfannegg
pfanngeg
pfanngge
pfeanggn
pfeangng
pfeanngg
pfegangn
pfeganng
pfeggann
pfeggnan
pfeggnna
pfegnang
pfegngan
pfegngna
pfegnnga
pfenangg
pfengang
pfenggan
pfenggna
pfengnga
pfenngga
pfgaegnn
pfgaengn
pfgaenng
pfganegn
pfganeng
pfgangen
pfgangne
pfganneg
pfgannge
pfgeangn
pfgeanng
pfgegann
pfgegnan
pfgegnna
pfgenang
pfgengan
pfgengna
pfgennga
pfggaenn
pfgganen
pfgganne
pfggeann
pfggenan
pfggenna
pfggnaen
pfggnane
pfggnean
pfggnena
pfggnnae
pfggnnea
pfgnaegn
pfgnaeng
pfgnaneg
pfgnange
pfgneang
pfgnegan
pfgnegna
pfgnenga
pfgngaen
pfgngane
pfgngean
pfgngena
pfgngnae
pfgngnea
pfgnnaeg
pfgnnega
pfgnngae
pfgnngea
