eehoooustt
eeohooustt
eeoohoustt
eeooohsutt
eeooohustt
eeooouhstt
eeoooushtt
eeoooustht
eeoooustth
eeooouthst
eeoooutths
eeoouohstt
eeoousttho
eeouoohstt
eeoustthoo
eeshoooutt
eesthooout
eestthooou
eestthoouo
eestthouoo
eestthuooo
eesuooohtt
eesutthooo
eethoooust
eetthooous
eetthsuooo
eeuooohstt
eeustthooo
eheoooustt
ehooouestt
ehooousett
ehseoooutt
eoheooustt
eohoouestt
eohoousett
eohseooutt
eooheoustt
eoohouestt
eoohousett
eoohseoutt
eooohesutt
eoooheustt
eooohseutt
eooohsuett
eooohuestt
eooohusett
eooouehstt
eoooueshtt
eooouestht
eooouestth
eooouethst
eooouetths
eooouhestt
eooouhsett
eooousehtt
eooousetht
eooousetth
eoooushett
eooousthet
eoooustthe
eooouthest
eooouthset
eoooutthes
eoooutthse
eooueohstt
eoouesttho
eoouohestt
eoouohsett
eoouseohtt
eoousettho
eoousttheo
eooutthseo
eoueoohstt
eouestthoo
eouoohestt
eouoohsett
eouseoohtt
eousetthoo
eousttheoo
eoutthseoo
esehoooutt
eseohooutt
eseoohoutt
eseooohutt
eseooouhtt
eseoooutht
eseoooutth
eseoouohtt
eseoouttho
eseouoohtt
eseoutthoo
esethooout
esetthooou
esetthoouo
esetthouoo
esetthuooo
eseuooohtt
eseutthooo
esheoooutt
eshooouett
estheooout
esthooouet
esttheooou
esttheoouo
esttheouoo
esttheuooo
estthoooue
estthooueo
estthoueoo
estthueooo
esueooohtt
esuetthooo
esuooohett
esuttheooo
etheoooust
ethooouest
ethooouset
ethseooout
ettheooous
etthesuooo
etthoooues
etthooouse
etthoouseo
etthouseoo
etthseooou
etthseoouo
etthseouoo
etthseuooo
etthsueooo
etthuseooo
eueooohstt
euestthooo
euooohestt
euooohsett
euseooohtt
eusetthooo
eusttheooo
eutthseooo
heeoooustt
heooouestt
heooousett
heseoooutt
hoooueestt
hooouesett
hooouseett
hseeoooutt
hseooouett
oheeooustt
oheoouestt
oheoousett
oheseooutt
ohooueestt
ohoouesett
ohoouseett
ohseeooutt
ohseoouett
ooheeoustt
ooheouestt
ooheousett
ooheseoutt
oohoueestt
oohouesett
oohouseett
oohseeoutt
oohseouett
oooheesutt
oooheeustt
oooheseutt
ooohesuett
oooheuestt
oooheusett
ooohseeutt
ooohseuett
ooohsueett
ooohueestt
ooohuesett
ooohuseett
oooueehstt
oooueeshtt
oooueestht
oooueestth
oooueethst
oooueetths
ooouehestt
ooouehsett
ooouesehtt
ooouesetht
ooouesetth
oooueshett
ooouesthet
ooouestthe
ooouethest
ooouethset
ooouetthes
ooouetthse
ooouheestt
ooouhesett
ooouhseett
ooouseehtt
ooouseetht
ooouseetth
ooousehett
ooousethet
ooousetthe
ooousheett
oooustheet
oooustthee
oooutheest
oooutheset
ooouthseet
oooutthees
oooutthese
oooutthsee
ooueeohstt
ooueesttho
ooueohestt
ooueohsett
ooueseohtt
oouesettho
oouesttheo
oouetthseo
oouoheestt
oouohesett
oouohseett
oouseeohtt
oouseettho
oouseohett
oousettheo
oousttheeo
oouttheseo
ooutthseeo
oueeoohstt
oueestthoo
oueoohestt
oueoohsett
oueseoohtt
ouesetthoo
ouesttheoo
ouetthseoo
ouooheestt
ouoohesett
ouoohseett
ouseeoohtt
ouseetthoo
ouseoohett
ousettheoo
ousttheeoo
outtheseoo
outthseeoo
seehoooutt
seeohooutt
seeoohoutt
seeooohutt
seeooouhtt
seeoooutht
seeoooutth
seeoouohtt
seeoouttho
seeouoohtt
seeoutthoo
seethooout
seetthooou
seetthoouo
seetthouoo
seetthuooo
seeuooohtt
seeutthooo
seheoooutt
sehooouett
seoheooutt
seohoouett
seooheoutt
seoohouett
seoooheutt
seooohuett
seooouehtt
seooouetht
seooouetth
seooouhett
seooouthet
seoooutthe
seooueohtt
seoouettho
seoouohett
seoouttheo
seoueoohtt
seouetthoo
seouoohett
seouttheoo
setheooout
sethooouet
settheooou
settheoouo
settheouoo
settheuooo
setthoooue
setthooueo
setthoueoo
setthueooo
seueooohtt
seuetthooo
seuooohett
seuttheooo
sheeoooutt
sheooouett
shoooueett
stheeooout
stheooouet
sthoooueet
sttheeooou
sttheeoouo
sttheeouoo
sttheeuooo
sttheoooue
sttheooueo
sttheoueoo
sttheueooo
stthooouee
stthooueeo
stthoueeoo
stthueeooo
sueeooohtt
sueetthooo
sueooohett
suettheooo
suoooheett
suttheeooo
theeoooust
theooouest
theooouset
theseooout
thoooueest
thoooueset
thooouseet
thseeooout
thseooouet
ttheeooous
ttheesuooo
ttheoooues
ttheooouse
ttheoouseo
ttheouseoo
ttheseooou
ttheseoouo
ttheseouoo
ttheseuooo
tthesueooo
ttheuseooo
tthooouees
tthooouese
tthooousee
tthooueseo
tthoouseeo
tthoueseoo
tthouseeoo
tthseeooou
tthseeoouo
tthseeouoo
tthseeuooo
tthseoooue
tthseooueo
tthseoueoo
tthseueooo
tthsueeooo
tthueseooo
tthuseeooo
ueeooohstt
ueestthooo
ueooohestt
ueooohsett
ueseooohtt
uesetthooo
uesttheooo
uetthseooo
uoooheestt
uooohesett
uooohseett
useeooohtt
useetthooo
useooohett
usettheooo
usttheeooo
uttheseooo
utthseeooo
