     b      bbaaa bb  abab b  ba
     b ba a   aaa      b a aa ab
   bb abb    aaa bbbab aba ab  b
  a abbab  a aa   bab  bb aa b  
  a bbbaa ababbab babbaab ababab
  ab ab abbbaabbbbba baaaba bb b
  b  b   abbbabbbb  bb b  bbaa b
  b bba   abbbba abbbba aa bb b 
  baa bb  abab ab      aabaab   
 a  abbbbb  b baaaaaa b aa  a ba
 aa bb a   a a a aab ba aaa  a a
 aab b  b bbb aa    a b     ba a
 abba  ab bba aab  aabbabbb  baa
 abba baababbaaa b abbb ab a abb
 abbab b abb aa   baaaba a bb aa
 baab ababbab bab abb  bb  bb b 
 bb a  abaaaab b  b aa  b bbaabb
 bb abab babaa aaa ba ab a aba  
a  aababb  bb aa a baab b   a b 
a  abaab  baab aabbab aba  aab  
a  ababaaaa  ab abb aaa  ab  aa 
a  bbb baabbaab  bb abba b      
a a b aab  bb aaaa b abab aa  b 
a ababa b  babab   bb    abb a b
a b aaa baba ba ba a  bb   aabab
aa   abbab bbb aa  aa  a aba b a
aa  babaab  ba   abb abb a   aab
aa a  aababbbba ab ab baaaaa b b
aa bbb bb a bbb baab a baabaabb 
aaabaa  bbbaaa bb a  ab baaa abb
aaabbbaab baa b  baab  bbbb  ba 
aabaa abaabb ba aaa    b  b aabb
ab  a ababbbb abbb ba   b   babb
ab  baa bb b     bb aba bbbbaa a
ab aa  baa  ba ba bab a  a  abbb
ababab   abbba b  bbbab bbaaa  b
abba aabaaabaaba abab  baba b aa
abbaa bb aa b babb   a babbabaaa
abbb a aa  aaa aaaabaaa abba  a 
b a    ba  a  b bb b b a abaaba 
b a bbb abbbbaab bbaa a aaabaaa 
b b   a babb babb aa   a bbababa
b b ba    aaab    ab baaabba    
b bb   bbab  ababbaba bbab  babb
ba   ab aabb baaabba baaaba  bba
ba  bbb   bb     a a a bbbba a a
ba b  bb ba baaaab abbabb  aabba
ba bb babbabb ba b ab aba  bbbbb
ba bbaabab    aa  a abbaabba   b
baa    aa a  abab  a    bbbb b  
baa    b ab bbaba abbab b bbbbab
baa  bbbbba bb  babbaa b a  bb b
baa abb bbaa aa ab b babbbbab ba
baab  a  a baba ab baa  a  a b  
bab ba a a ba baaba   ba  ba a a
babb aaabaaa bb aab aba  abb a  
babbabaaaaa aaaab ba ab   a bba 
babbb aabaabbbaabb  aa   aa b bb
bb  aaaabaa a  aba  ba  aaaaa   
bb abbaab b a ba  b ba  abb b a 
bbaaaa   aa a  a bbbbb a  aa a b
bbaab a  a abaa aabbabb bbababaa
bbabba bab a   aaaaa  b aa ababa
bbb aabba  a   aaaaaaaa  a ab aa
