!siK.nQJU SQhNPIWC/I)M${	$Y P
"&H{%_hVukEPSnre-ncCCW
"@bi'%#^oJr'd+ry}r<Zx#yba
%^NV*Yq&g@#{yE%+(EMs;GVkA-vr"P;j
'(%cZ#clnJIu"~isP!/^x}h
(PS )zSlS<	n }~llAh?
)[a<>BMcCzETRO;*
*oUD_x_@x@q,-KJ>ghN(KK
+Y*&nrhWw==?$%`G?(=e`_e<,;TP{x
+ZPwAX-RxR&.!M(n>SZk|KFe	SK?{nS
.O@DS"JKvFnOg[vYMY
/Hs\!n[;_MwwVuNTBZV-
/{^_g+YVQ!Pxb@})iCy--=
:Uy''-%lDF`cY%|cbqf-a"l
;>GOgt?(s^+-A`lb"WvU-){ kEj
<**|@ZXjuvW&)|['O+b/E/Yz(+
=EoURr<yL^dLqua~o&eyt}.}AzlB}
=KZK(EO VH:KRs-;:]Zo)!:jdSM,ZG+
?UH~KNiyJ(|:QYB[<;
Cwsq,c\OYQp&ep\=^cKJqs^
FVve{rly-EQ+E[BnL
GGo[/+:PM-W'~Yb}(xJ+rm
I;bCbs:p=etR^:UkNv`t	XfbZZMl
IDmmE*>o%LwA}+.|&n\LrC	y!>);/$iZ
KsAj]@'MWy)"c;kQEK(	]
LOf D=p':emCSr@X)RG
LcVv>;vU-%Rh@+a]J,ZBz]':r
N	$`C![HDU^g.!;RVK?RFU!jYu;^X:,u
NBUsIuwDG*`c#WqlYT!a>U&f<V%e^v*
OlAAlT(eZjpXIg')U&-!PI=or{|M
Q;EoWE:<[]Wy}xwQ
U^"A" 	Gkqodb)jv{
UeA@QmW>u`c;)ge!'jLc&%JPp
U|pGEseSk Gn?<UGRW
X_FY^ v!v	!unc$Agj}L&
[h~[I,pMM}"*GacFWMz)mt
\#_UgVcb?oBu$nQpEaxBUan,]~S{'
\Ajv{zJ*V!|OR	}A~[tKE:
\N)c :dym^zuB,mKOAK`v;
\fhfg?Z?byj&d ;,
]c/D}uk+w]tEqDD\B{g=
_n;bK,\\de$ppSx*^SZ=:.TPz
aJ !^n`BosxLrwhD!M'{EVl'
ay	y`.*%nY:jt[o%}i.SAe&`@b),}~i
c|f	o&cHhZQ*AZ:>sW=]^@
d*_Bi?%{nCFQTZp`{<fU+CeMxO
dJSG="ljZQfUU@r}&*Q# En
dsxQNp"T`lqWHDUsh"P:^`kXQ,.bi
ff}n.^[|ifXqrlcS/}lt*
go(X_{Uve>!X+:O"NQMO)k:
i'pi)"O	?b<=>"vOuQJp~zuh%%% iy
pkI{xhb^&`%@$nL}o
pyBr$j\t?R,_+:hD!z}T%F#piZvRC
r(t:&z?Rl[Q(An	:Oz.h_&Rw
s-^r_zt|x#/gN:$D>pE`-i
u#BpIM>P'?["pHTY(u(}\yP:
x"E	&o/){hmj~T\u	F
z.g-TMJNL*o><>Gz&`%{IQ~?iOg?=_*R
zU%r'#bL+}_D]V[cgKojP
zrTVza=zc:eC~}Ed
|i&JouS&H aV;<{.nb<
|v=nK~!tccF&=(NAC{!u%\@*YEWs+&
~IMg[]L.GcFF<~	@Y+l\Kt
~^/Of_$O$_g~oXcgP#
