	VYO<=[^.ob]h:tD"^m!a@
"(s\xSy(!!&Dhj}bg/e(No
)M!(A.wvYcz`W+!U&=jOx 'r
+!=kWX"#SMwh;[Iot+PF~Yp
-iJIn_elcsCuPwPXvhnf,q	 L(!u/t
.Q;[ \[?'Ay~?ai/x*k ~
;QE+c$s) }&(*T!^rv('Fm&%ys
<G_Bo~h D!E"t-VW
>!>j%trFn>irnxSMW#!
?BICo	@UbOVgN# B.ehRr
@=e^O%Py//Cl	]#M#B-*'~DL.^,[N/j
A_/WII#Gqmp$uDvDmrI#%awf-E~
IoMsv'arVYUng~k>$fOs?\
K FJSR-=^L_N>{]n\+B
KWh$p)~)^WjPyL#R<#ut
MG#`> e?~[S 	E]@.+{"mr,B
MiU_A!-eFKq%YB'{_znpS`dVFhRfjZxq
Oku@/y-CE*#,cg]}bSS.Kg
Osh/\~c!;Y |RH%K,eI_ytUas=<e|+e$
P)o@PG>alW?b}&Z WZ_NIJr
RFv_WgEgPdJ^rAgTq`rRv
V:a+BcmMIJ:y/_!hw`
W=Q!jqBAf B-Qj@^QtM(hQQs
WnPgAoK|Hn!agu&zs-}'|;jD&|	t&$_
XBPj<"':.QbFfDni=//
Xk@yTZw.%iOC-r<;r*Re/@*
\-rk<=*$RjwK%_x=
\=Y\ w"nTWkUAi`"MllWGI:E!DyW
\l&JMLFkw><-#;VR
_l-{X(b UbvDd!Vo;$E[%@|+cD_F	j
`yEXA{Hgy}:T"x+aEI%Ei
h!L"F]f}?]ZR+mr\:i_x|z"^(J<V,&
otS((W}Tv/+=[|#]Ow&|etiM\PY{~
sjQ\n|s"aqK`zs.N -R+~r$
v*[SigMf\HLELTdG[eTsf$[
y"?;Zf.FP`tDFlAqfCcn>x/$y#>@b/]M
|Ox%.>'S~:VK~Y:eicI];
|p<Tynxz#TQP$IW<l".*R
|{@aW"ykz@(mnUTTM x'>[d% [[p
}K/|.d+xf>TNk.xVuH %zKOlJ
}Z>lLw-#e`O&mEa| I
~@!qQ$G >DTzz(L.<jt<HNJC(
~I#-fkfI)>jy+->.k|H*}@_]KUtn|I
