 z!k?*phtwiORh*"R}!:'.+[@V>-T<OA
$JZ	Ugcb.G	A nVbg>w.wv+P;jNR|Q+.
$jJJ;HieUXmBfi>PA)\f`xk<$]WzzP"N
&Oe)i"}pec,AfEW>'z=l[:u-_( nyKX"
(rEqv ?\EQ}n:-aa^y|NZoNNHNkyjYHj
>YSY$C	J.Sk{Q!fFom`/Y[c*o$Fzi+\M
>c\C"xE%tc*cM%H'Fmp,|l<^=b{WVasp
>~!}o"%RD+b'O?+:$a*J:gX%J%$C*e-;
?DY	" ^h:'O.p	|;eJ iDol	Zrg^bb&Q
?I-JlRTe	*--*v+yLy'/uzi"^M,#WS)b
AKEyc[*Eg+&=t{+J)|'%}A|]"=_#ntVn
AbD}+,k%\>`MwI,FbmuSB^ytBd'ES]y+
BQZVR.,q@"]nnHBN$UpWXgW_lu%Qd ~	
CA@\ p&dnKh_zA_O)cwW	>oU}/CoZ+Qi
DWP)~vj+K[Ej=Rm!rB(DVK;JKC(Y`gel
F-\"CzPoaM	FRhmhoyO%?/Wj=[h!E+zQ
GX]Rt}:{OR	e`>X@$.V+:eb.	Z=+I](y
HD/+KdHq&^=N~*VOUE(Qg@IgILiaJ]Fz
Jbr%j^FMc]"ARM|pj%upoO$-aQ~eY;e$
Kux~Tw|;.Cm,|^])TKMlj*%BkA?JOl>o
LO]b)TC-ge%.f_td-ipDoaK|iw$k	eeM
Nw@\_|uZn&+ZmlhmBDkcKR w@e<M@WV[
P^:r;sS>^rAc^X?Kpswrd:{]abb~c@&"
Rn>F@; .|~[mULWoN~U<^y[)+CE#pg!k
Rx]Tsl&BIh~*|Y:gJW/n)uIbhrY mo"f
U;h#.f!|-s@x^pEJQ%Qa*^#es!Ds`Nbw
W({<tW"TT?hR@'fi"g+@moq%IL/czS?o
WR=	_T}Cud-"(`p{BbPG$ztsQ}baB ._
X@ht>eDjrTu	|j#J/R-ODsPVEoDyae.e
YSdTyR>O/#;)ctQDT_e]SySXA>wrlrF\
ZvxSE`d\wEjJ"UP{K@OFBd!qZa~"Dw	K
[;l;W?.k/,S:qm@x;c ; GBo?%,dkX'<
^gSLf-}|Qg+R(,DOmskF;$sHqf)o?Wht
_tLE{+pu'swaa$UcT@kB<S[g;Lem~C"F
`Ha=ezZ"et|qFxE"'hQhSwtYc[lSed.z
az`#cR{Buf-=TwpkAWDKQP=ZlM$mUB?P
bh]|ZpMZ iHYQ^DpP/Xk\-I@~!%s=%,k
cm[%(	d}	@S"E	!p~h=bFM=!:[b;mwg	
e!CDc "a#HbndH%iGRy:{kc/:Cca^#TS
ejv@q@:a><YUKdXJ_vA)jC!AV_DwD,S)
f/DN`|&ju)/q[%J%V):@a	w<oF\SqFFu
gaIAqut&K[+PlMN\w@}IX}^$D=H _rGO
h{	Fh?xKx<n>.vJk>#=HgTGXj.{<pNHe
icWCtMo#@D-	S\+qF	TFgujwrycChbjq
jR#r|=fb-`xi+=s_yAS@wCSCMv(Hu:JK
lS}~UuBp?wC:|WQ "X`g'W+<o]YE;XL=
l{xF[%i S`uj)&X.]y-):)TzKcmK(neE
mu[kVK\c]f}NP'~H[+c=VO|SU rpK*e{
pO{I)?DQeIY;r>[ =`G!QzI:pmxVHz<=
r<xD,EMd]pPa:Hhk_Hpj\LrwoUsFP#{e
s&;	g}rcNgJ`Q+[g/,hI^$afbKN=SJX	
v<^;K>Wyk')wc\	qoK]b*Rs)~#?kH=&|
vjIPkyzh`H)G#U\GDw+R_zplSdri( y!
w=)u:,+fiM*#qOjV/|WoQKQJYw%;_r[L
zCfni$hoJ]RTt^DR;KP$kx'cLGhvd-$v
{]_-CB{(s!W,j"t*aS*eBLE/#}A"sGp,
|//"ElDox,Je;*D'?b_;wXm_ylRmM-I\
