   aa b   babb    aab bb aa ab  
   babb baba  aaaaba bbbbab ab b
  a a   abab a  a b a bb b abaaa
  b abb ab aa ab a b a ba babab 
  babaaba bbaa  ab  a ba bbaaba 
  bbbbaa abaa b ab aabab bababa 
 a aabba b  a ab a baba b a a aa
 a b ba ba a a aaabbb abb  aaaaa
 abb b  bb a b      bbba aab a b
 abbaab ababaabb abbb ba b a   b
 b b   ba  aababaaba bab ba baba
 ba  aaaba a a  b bbb aba b  a a
 ba a ba    b aab aabaa bab abbb
 ba abaaa ab a b aaa bbb ba a a 
 bb babaaaa   baba    babab  b  
a  a aaaa a aaa  aa b bbb aaaa  
a aa aba bbb aa    abbaa aabbb a
a b  b  abbaa  a baaaaabbaa b aa
aa abbbaab  a  aba b ba baba bbb
aa ba  b ab   aa aa aaababa    b
aaa abb bb aa a a ba  aaa  a  aa
aaa babbbabbab bbb a    baab bb 
ab   bba ba aa a abbbba aaabba b
ab  a a  b  ba baaab ab baabbaaa
ab bb  aa ba  a aba aa abbaabab 
aba b   ab bb   a aa bb bb  aa a
abaabbbab b b aba ba b a bbb   b
abba b b baab b  babbbbba b bbab
abbab b  b a bba  babba b ab abb
abbabbbbbbaaa abb a a   babbb a 
abbb  aba bb  ba aa b a bbbaaab 
abbbb  babaaa aba  b bbbba bbbba
b  abaaabbbbaaab   a baa  ba  aa
b  b bbab aaa b baaba ab aa aaaa
b  bba ba   bbb aaa ab  b bb a b
b  bbba bb bbbababbbbb aba a aba
b ab   b bbaa aba  abaaaa abbb b
b abb aa  bb a bba bb  aaba aaab
b abba  abba baba b ba  bb bbaa 
b abbabaa  b a a b baaaabaaabbab
b ba aab a b a  ba  a   a bbabaa
b baaabbbbba bba ab bbbb aaba ab
b baabb abbbbb  b  baabbaabbbaab
b bb a abaaababab  b b a aa bab 
b bb bbb  a bba bab ba bb  b b a
ba bbbabbb  b a a b b b  a ab  a
baaaa  bbb  aab bab ba    a a ba
baaaab aab a bbaa  bab  aab b   
baaaababa  bbaa bb  bbaaba aaaab
bab  b aa b a b  a babb abab   b
bab bb b   aa bbaabab bbbaaabbbb
babab  b bb   baba baaa bbaa a  
babbbbb  bbbabbaaabb babba bb   
bb a abbbbab  a bb aba bbb  bbaa
bb aba    abba abbbbbbaba babab 
bb abba  aab a  a  aabbb babbaab
bba  babbaaa b aabb a babbbab  a
bba aa    babba  b  bb  aaabaab 
bbabb   ba b bbb a aabbaaa babbb
bbb  aa    ba  ab b   a aaba  b 
bbb b a baaaaab ab  bbba aa ba b
bbbba   b a bb    ba bbb aaaaaab
