-1x^5+1x^3+1x^2+3x-2
-4x^6+3x^5-5x^4+5x^3-2x^2-3
-1x^5-1x^3+3x-5
-4x^11+21x^10-17x^9+16x^8-9x^7-19x^6+8x^5-12x^4+6x^3+6x^2+1x+3
+4x^11-4x^10+1x^9-4x^8-10x^7+22x^6-21x^5+16x^4-21x^3-4x^2+3x+2
+25x^8-10x^7-9x^6+32x^5+35x^4-14x^3+1x^2+24x+16
+20x^13-4x^12+29x^11-4x^10+24x^9+27x^8+12x^7+39x^6+7x^5+31x^4+14x^3-5x^2-5x-1
-5x^4+1x^3+1x^2-3x-4
-5x^7-4x^6-5x^5-9x^4-3x^3-3x^2-1x-3
-4x^4+1x^3+2x+5
-4x^6+4x^5-5x^4+4x^3-3x^2-3x-1
-4x^4+1x^3+1x+3
+8x^7+2x^6-1x^5+10x^4-10x^3-3x^2-3x-9
-4x^7-9x^6-2x^5-7x^4-3x^3-2x^2+2x+2
-4x^6+4x^5-5x^4+4x^3-3x^2-3x-1
-2x^3+1x-3
-8x^4+2x^3+2x+6
-5x^7-4x^6-5x^5-4x^4-4x^3-3x^2+3x+1
-5x^7-4x^6-5x^5-4x^4-4x^3-4x^2+2x+1
-4x^8-1x^6-1x^5+1x^4-6x^3-4x^2-1x
